FFn[0]	FFn[1]	FFn[2]	FFn[3]	
0.91062	-0.676044	0.754014	-1.43421	
0.526801	0.572686	1.10714	-0.443109	
-0.096066	0.178123	0.0455173	0.397361	
0.0529073	1.02454	0.268566	-0.123223	
-0.838546	0.264778	0.163374	-0.312528	
-0.822341	-1.71902	0.092839	-0.00297868	
-0.628029	0.78738	-0.102572	-0.658472	
0.0321866	0.563254	0.681042	0.316507	
-2.07883	-1.73384	0.031089	-0.346902	
0.780687	-1.15064	0.360708	-0.122035	
-3.38793	0.0542152	-0.362299	-0.229436	
0.0454372	-2.03307	0.237045	0.871671	
1.42699	1.00958	0.0523579	0.388851	
0.949789	0.0337703	0.0513708	-0.197495	
-0.950051	-0.508861	-0.597266	-0.188044	
-0.219082	1.42974	-1.1988	0.473059	
0.293777	0.747969	0.766488	0.243161	
-0.265941	-0.828718	-0.155433	-0.069227	
0.538508	1.00287	-0.926806	1.00245	
0.128847	-0.71233	-1.02745	-0.197817	
-1.43688	-0.828718	0.752508	-0.659235	
-1.81815	-0.313674	0.753957	0.692975	
-0.67743	1.03964	-0.200098	0.262248	
0.96171	-0.919281	0.698684	-0.887566	
0.680907	-0.0890309	0.268275	-0.204037	
-0.736727	-0.232351	-0.0016282	0.288268	
-0.216355	-0.740176	-0.113334	-0.61155	
0.0466361	0.887239	-0.601175	-1.0935	
-0.206426	-0.399947	-0.291806	0.624332	
-0.415833	-0.290439	-0.324509	1.10763	
-1.14822	-0.122801	-0.0565563	1.08381	
0.99756	1.73845	0.0608577	0.208776	
0.132009	0.104953	0.861954	-0.0109485	
0.208535	-0.535914	0.40653	-1.98289	
-0.675001	0.0120353	0.134511	0.630289	
0.613397	-1.967	-0.129944	-0.279261	
-1.05265	-1.80796	0.705896	0.117347	
1.03593	-0.131351	0.28965	-0.0443604	
0.211974	-2.08124	0.745916	-0.901907	
-1.67643	0.643331	0.999652	-0.135646	
0.114449	-0.961786	-0.331509	-0.930755	
0.688247	-1.53349	0.720417	0.453258	
-0.554426	-0.751088	-0.0340337	-0.959624	
-1.03573	-0.767092	0.497643	-0.489553	
-0.796455	-2.12993	-0.121303	0.858615	
-0.447964	0.638721	0.51352	-0.0570827	
-0.288663	1.31429	-0.330719	-0.502806	
-0.964648	-1.15421	0.305389	-1.32048	
0.385	0.0153501	0.920195	0.0144343	
0.542666	-0.162876	0.570556	0.699046	
1.2512	0.429849	-0.0942328	-0.525092	
0.692577	0.926126	-0.451035	0.253554	
-0.561456	0.215846	-0.0148088	0.328226	
0.510443	1.26575	0.329996	-0.643346	
-0.398811	-1.98965	0.540463	0.132199	
-1.13647	0.0985772	-0.339716	0.154348	
-0.143778	-1.23108	-1.26337	-1.25688	
-1.11135	1.31844	0.686798	-1.19435	
-1.22599	1.54953	0.33081	0.256305	
0.412403	0.233389	-0.550173	-0.168614	
-0.251613	1.2533	-0.157328	0.818321	
-0.226859	-0.0315928	-0.147774	0.878089	
0.606713	0.232961	0.0661287	0.24776	
0.0220727	-0.0890857	0.178196	-0.0290137	
0.270034	0.322361	0.40338	-0.33399	
0.557641	-0.52279	0.330163	0.161259	
-0.370315	0.679981	-0.145716	-0.438283	
0.0183472	1.05606	-1.12704	-0.133048	
-1.08747	1.56453	0.974865	0.0784887	
0.9814	-0.431663	-0.249227	-0.991779	
0.808519	-2.17902	-0.177802	0.657192	
0.496844	1.02474	-0.731932	-0.294669	
0.336515	-1.00285	0.374965	-1.08456	
-1.26311	0.8027	0.397686	-0.198143	
-0.410274	0.337648	-0.168087	0.274812	
-2.04582	-0.776463	0.0368649	-0.656266	
-1.05071	-0.379052	0.577361	0.173159	
0.265184	0.712897	0.0214716	-0.435205	
0.578094	0.249342	-0.0111568	-0.160396	
0.874088	1.43891	-0.02084	-0.0519544	
0.690872	1.23516	0.596611	1.08445	
0.390972	1.07499	0.377686	-0.425817	
1.11814	0.592607	0.653051	-0.412033	
-0.350758	0.526671	0.753328	0.577864	
1.17752	-0.715563	0.693177	-1.49271	
0.751332	-0.0929404	-0.25741	-0.750842	
-0.0078833	-2.58998	-0.434514	0.622936	
-0.779493	0.924748	0.302043	-0.567659	
-0.245777	-1.41117	-0.0153277	0.216873	
-1.03047	0.841188	-0.413973	-0.180861	
0.589013	-2.64296	-1.10109	-0.150119	
-0.113141	0.250713	-0.503909	-0.215202	
-1.49218	1.16884	0.026586	0.214449	
-0.962703	-0.795516	-0.37297	-0.534069	
-1.11738	0.487334	0.313109	0.0880662	
-0.81168	-1.45268	-0.0764239	-0.288247	
0.326538	-1.48945	0.218437	-0.691694	
-1.39814	-1.72686	0.188221	0.046666	
0.00205569	-0.623216	0.269117	-0.539242	
-0.359007	0.518815	-0.323719	0.104176	
0.665829	-1.83541	-1.17165	0.485203	
0.660628	-1.52186	0.0339822	-1.77358	
-1.5196	1.31571	-1.39113	0.253554	
-0.476663	-0.115413	0.709482	0.0380672	
-0.18331	-0.268621	-0.395209	0.540255	
0.304952	-1.45268	0.127288	0.839558	
-0.939547	1.3819	0.410307	-1.49197	
-0.973354	1.16243	-0.211033	-1.10785	
0.146191	0.321419	0.145306	-0.103508	
-1.82699	-0.156497	-0.148745	-0.286727	
0.102953	0.747407	0.0156232	-0.414852	
-1.19105	-0.431663	-0.683144	0.145079	
-0.602749	-0.768732	-0.791292	0.650164	
1.07002	-2.18416	0.653353	-0.470324	
1.11321	-1.61123	0.237524	0.707826	
1.08092	-1.10419	0.345857	0.197072	
-0.489458	1.54492	0.292162	-0.959917	
-0.574843	-1.81012	0.164008	0.0601577	
0.307099	-0.177359	0.217588	-0.569084	
-0.938178	0.0716323	-0.857982	0.197072	
-0.164872	-0.534264	-0.557264	0.233186	
-1.05356	-0.130369	0.360771	-0.386735	
-0.580768	-1.50623	-0.139544	-0.937865	
-0.28457	-0.138351	0.114716	0.710955	
0.453732	1.59019	-0.00944015	-0.140824	
0.268257	0.178066	1.06681	-0.64242	
-0.372469	-0.346091	-0.343545	0.501109	
0.404326	-0.887195	0.456069	-1.14481	
-0.501515	-0.37607	-0.267988	-0.684973	
-0.284842	1.18668	0.237237	-1.0022	
0.228609	-1.62272	-0.0988456	0.31028	
0.285949	-0.495457	-0.557207	-0.156275	
-1.13813	-0.322501	0.0101869	0.491396	
0.524794	0.107448	-0.370556	-0.0100917	
-0.426218	0.497926	-1.57485	-1.3237	
0.811997	1.09374	-0.790395	-0.720669	
-0.171447	0.0433947	0.332089	0.572704	
-1.33012	-1.18051	-0.0476874	-0.220159	
-0.462432	-1.08632	-0.690837	-0.426219	
0.33629	0.976185	-0.00735457	-0.459639	
0.529558	-1.34668	-0.0695115	0.149062	
0.78864	0.911029	0.679381	0.178345	
0.325179	-1.81364	-0.266362	-0.0454962	
0.831643	0.519845	0.19785	-0.131583	
-0.206984	1.30196	-0.579077	0.557688	
-0.204534	0.375918	-1.32781	-0.773642	
-1.50439	0.70567	0.183429	-0.59345	
-0.197853	-0.389278	0.59301	-0.0584814	
-0.216921	1.06606	-0.691597	-0.127645	
0.678647	1.29711	-0.347536	0.654317	
-1.32316	0.999481	-0.471056	-0.676775	
0.633902	-1.55313	0.210695	0.74381	
-0.48135	0.147346	-0.485725	-0.382436	
-0.00562598	-2.09431	0.9407	-0.57844	
0.549425	-0.613802	-0.793729	-0.702969	
0.549036	-1.55737	-0.406074	0.384186	
-0.0435558	0.226836	-0.114231	-1.30438	
0.22333	0.501869	0.757841	0.298421	
-0.817742	0.326484	0.37543	0.0899053	
-1.02459	-1.59382	1.04227	0.989434	
-0.544909	0.25885	-0.601537	-0.346778	
-0.681963	0.403697	-0.370405	-0.17971	
0.0940527	-0.878621	0.0164521	-1.08946	
-0.910291	-1.12224	-1.22616	-1.40393	
-0.504858	0.815344	-0.750227	0.259635	
-0.938098	-0.963989	0.784224	-0.07722	
-0.680648	-0.0154901	0.0113565	-0.15516	
0.257101	0.288848	-0.10271	-0.176169	
0.753126	0.106267	1.30408	-0.472676	
-0.153755	-0.118816	-0.284178	-0.0797674	
0.759632	-2.15915	0.135635	-0.261339	
0.420426	-1.04861	0.232262	0.397689	
0.290887	-2.2679	0.54353	-0.961335	
0.704354	-0.766758	0.387365	1.22975	
-0.112481	-0.572864	0.77642	0.211324	
1.37748	-1.18722	-1.24105	-0.261118	
0.0111036	-0.815859	-0.941296	0.480412	
0.410408	-0.477238	1.58281	-1.0728	
-1.30741	0.367784	-0.23434	-0.453957	
0.529533	-1.45025	-1.07249	-0.377916	
1.25024	1.53735	0.316734	0.632474	
-0.477641	0.193367	-0.0090848	0.851177	
0.348127	-0.486712	0.100903	-0.145309	
0.110068	0.871888	0.0924	-0.0157465	
-0.110067	-1.07783	-0.956084	0.853438	
-0.737201	-1.02673	-0.457457	1.22081	
0.173309	-1.086	-0.804871	-0.522467	
0.476093	-0.0427411	0.180102	0.799823	
-0.0747021	-0.632272	-0.335255	0.386735	
-0.643162	-1.17292	-0.536613	0.0566572	
0.046617	0.72626	0.11623	0.175836	
0.113331	0.774971	-0.00522694	0.00655531	
-0.375084	1.46823	-0.130665	0.0860236	
-0.795904	0.586971	-0.0386167	-0.111004	
-0.134294	1.63749	-0.052054	0.762601	
-1.04973	0.709861	0.113288	0.0534384	
0.436152	1.06203	0.443104	-0.437728	
-0.427229	-0.0891889	0.321304	0.71636	
0.168993	-1.15064	0.174717	0.305524	
-0.281446	0.493449	0.290653	0.193147	
0.445576	1.3795	0.125664	0.852749	
-0.580206	0.728753	0.376258	-0.890902	
0.376732	-1.02673	0.986289	-0.74271	
-0.712812	-0.098241	0.219716	-0.346778	
0.484492	1.11456	1.22755	-0.0535143	
0.191054	0.990466	-0.580311	0.573589	
-0.69925	0.793925	0.759258	0.41598	
0.651355	1.15377	-0.0964532	0.0628922	
0.202375	-0.365874	0.102676	0.948455	
-0.277261	-1.6087	0.765203	0.141335	
-1.72334	-0.481995	-1.07767	1.155	
0.173182	1.70152	-0.887842	0.590494	
-0.845434	-2.07294	-0.547801	-0.085909	
0.483301	-1.71463	0.176033	1.27495	
0.941511	-0.402479	0.144825	0.703962	
-2.1892	0.211177	0.201141	-0.38476	
-1.25585	-0.319405	-0.179953	-0.13129	
-0.510475	-0.20302	-0.103721	-0.312813	
-0.136405	-0.623354	0.355925	-0.162699	
1.1587	0.76821	-0.361638	-0.487108	
-0.420067	0.205243	0.873647	-0.186373	
0.161208	0.376241	-0.141588	0.266608	
-1.00761	-0.304437	0.86495	-1.09919	
0.713327	0.0460504	-0.0703008	0.244725	
-0.423813	-0.134796	0.243617	0.456652	
-1.06926	1.33072	-0.635493	0.314104	
1.07328	1.36415	-0.0175846	-0.127284	
-0.722956	-1.11483	0.527881	-0.105247	
-0.509344	0.430832	0.262085	0.356994	
0.32505	-0.207526	-0.248724	0.0626342	
-0.622237	-1.23987	0.861492	-0.929699	
0.688259	0.145044	-0.452873	0.847265	
1.17051	0.377666	0.0741372	-0.690811	
-0.094704	0.262703	0.446862	-0.194321	
-0.58219	-0.957849	0.255713	-0.485937	
0.0638106	1.32752	-0.0863542	0.441302	
1.04515	1.53994	-0.044149	-0.864106	
-0.625902	0.131546	-0.0642921	-0.534931	
0.467831	-0.32412	-0.116049	0.138795	
0.18189	-0.375634	-0.458585	0.801428	
0.780955	-2.1663	-0.474074	-0.153028	
1.09799	-2.32295	-0.574201	0.0888694	
-1.11903	-2.2316	0.107433	0.14165	
0.492227	-2.01017	0.803892	-0.899927	
-0.247584	-1.72033	-0.219399	1.14508	
0.608201	-0.355255	-0.916008	0.114175	
0.186538	0.592139	0.531958	-0.358558	
0.467834	-2.0436	-0.916291	0.223469	
-0.456247	-1.76536	0.164298	-0.32531	
0.497537	1.09281	0.775493	1.03962	
-0.863225	1.4996	0.223944	0.0831361	
-0.79195	0.990807	0.957777	-0.568582	
0.266302	0.763818	-0.811662	-0.437278	
0.942449	-0.609797	0.0541976	-0.327981	
0.494193	0.358747	-1.04789	-0.116787	
0.0958977	0.447496	0.140783	0.396601	
-1.97535	-0.0712405	-0.36094	0.520834	
0.100064	0.459467	0.506373	0.133597	
-0.914655	-0.233322	0.463298	-0.354154	
-0.118597	0.366861	0.429249	0.267466	
0.441454	0.956282	-0.587089	-0.301468	
0.901811	0.569279	-1.09904	0.00634306	
0.822918	0.102777	-0.702299	-0.083517	
0.243089	-2.25642	0.349392	0.370066	
-0.669585	1.27131	0.648057	-0.323944	
-0.714371	-0.855335	0.659532	-0.0809426	
-1.52022	0.277817	0.0415736	-0.248546	
1.29081	-0.399573	0.342711	-0.546529	
-0.0625477	0.552098	-0.0720813	-0.639119	
0.243114	0.984132	-1.00637	0.103603	
0.351588	0.619541	-0.388088	-0.403971	
0.0284709	0.140033	0.204742	-0.0971034	
0.0173036	-1.42702	-1.04326	-0.35942	
1.21119	0.534247	-0.14974	-0.018922	
0.344742	0.25885	0.120072	0.247122	
0.872368	0.237422	-0.21736	0.608934	
-0.546384	-1.98747	0.16411	0.853438	
-0.928512	1.03115	-1.13966	0.883676	
0.40832	-0.0379248	-0.654341	-0.185671	
-0.374371	-2.0029	0.532864	-0.658484	
-0.432011	-0.0494629	-1.14252	-0.49399	
0.944079	-0.859469	0.357966	0.663922	
-0.943604	0.313674	0.283033	0.18506	
-0.224776	0.271929	-0.200273	0.27634	
0.499219	1.31822	0.120475	-0.455388	
-0.746995	0.781105	-0.234109	-1.11739	
1.20997	-1.84381	-0.486681	0.236827	
-1.06017	-1.31785	0.732259	-1.39422	
-0.582372	0.588524	0.363886	1.1611	
-0.159209	0.845903	-0.522706	-1.06256	
0.604455	-0.412177	0.527246	0.866304	
-0.418732	1.67624	-0.46805	-0.348312	
1.23897	0.367889	-0.784783	-0.268523	
-0.0737918	0.364681	-1.61085	-0.309728	
0.448391	-0.319283	0.0022612	-0.443248	
-0.662892	0.223736	0.208628	-0.327625	
0.586875	1.27681	0.132193	-0.446151	
-0.82437	0.164295	0.132126	0.415754	
0.163172	0.832901	-0.287299	-0.0951459	
-0.300066	0.535133	-0.233423	0.721268	
0.343066	1.05618	0.431714	-0.144689	
0.783964	0.70567	-0.26704	0.53674	
-0.586283	1.17543	0.216999	0.782267	
0.505672	-2.40603	-0.805998	0.271656	
-1.62458	-0.319283	0.291169	0.32121	
-1.69041	-2.40603	-0.364364	-0.0560304	
0.456434	-0.404962	0.219778	-0.124342	
1.08871	0.069248	-0.0312162	0.960353	
-0.394248	-1.29372	0.481859	-0.26346	
-0.057571	-1.27238	0.0123183	0.138987	
0.452006	0.682649	0.162154	-0.539242	
-1.30959	0.0119387	0.583973	0.500377	
-0.211185	-0.905971	0.0882057	0.607902	
0.886482	1.05662	-0.307179	-0.80589	
-1.35521	-1.91991	0.628422	0.615066	
-1.87761	-2.18142	-1.34404	0.777897	
0.136888	0.49758	-0.208264	0.880843	
-0.0426881	-1.66518	0.651021	0.328648	
-0.863318	0.944894	-0.787536	0.217388	
0.88215	-0.459641	-0.99969	-0.11227	
0.912824	-1.71494	-0.700652	-1.16597	
0.622947	-0.276851	0.512991	0.13817	
-0.519358	-1.20689	0.138018	0.429214	
0.4544	1.17623	0.568969	-0.285703	
-0.53204	-1.16893	-0.144306	-0.340829	
0.0522441	0.231178	0.701547	0.0706578	
-0.470197	-0.0154901	-0.0499402	0.206017	
1.0599	0.398869	-0.361226	0	
-0.131086	-0.469715	-0.308754	-0.317726	
-0.54792	1.64322	-0.486136	-0.427636	
0.189733	-1.33833	-0.0116417	-0.197314	
0.687858	-1.37567	0.967625	0.0128802	
-0.361554	-0.0853308	1.21676	-0.819337	
0.546673	1.29759	0.297253	0.122883	
0.37925	0.798436	-0.694818	0.262581	
0.370827	0.0509346	-0.332819	-0.00378439	
-2.17711	0.907559	-0.0178231	-1.19445	
0.518719	-0.263093	-0.809189	-0.459511	
-0.591509	-0.366144	-0.89676	-0.22288	
0.117406	0.956282	-0.170664	-1.33225	
-0.322905	-0.432392	-0.24602	0.462121	
-0.37391	0.903521	-2.56201	-0.0827699	
-1.39003	-1.79882	0.000246683	-0.50714	
-0.432177	-0.0284941	0.107276	-0.461986	
-0.275153	-1.59587	0.0871625	-0.0327725	
0.100606	0.366958	0.628849	0.418023	
1.18584	-0.178224	-0.228839	0.525882	
-0.209568	-0.0594072	-0.182825	0.918113	
1.53273	-2.32523	0.579854	-0.458763	
0.259625	-0.945569	-0.0921954	-0.283726	
-0.415678	-0.926126	-1.01151	-0.379659	
-0.257773	-0.915949	1.07866	0.876045	
0.634246	0.195301	0.185133	-0.160315	
-0.146652	-1.86789	0.291003	0.07144	
0.25683	-0.435763	-0.605334	0.340438	
0.38398	-2.24361	-0.260686	-0.301992	
0.834145	0.566415	-0.455278	0.252618	
0.336543	-1.41306	-1.00991	0.221699	
0.144058	0.138496	-0.149138	-0.808463	
0.82791	-0.267152	-0.84158	-0.0194014	
-0.406285	0.672695	-0.021898	0.674827	
-0.441668	0.394309	-0.279756	0.126309	
0.491945	-0.765448	0.520254	-0.0770617	
0.120179	-1.39886	0.83086	-0.229359	
-0.883402	-0.93122	0.248931	-0.806661	
-0.427126	0.0153501	-0.682278	-0.255837	
-0.745326	-0.280294	0.726211	-0.38476	
0.872804	1.69493	-0.706847	-1.27298	
-0.19335	0.649612	-0.209779	-0.508362	
0.168963	-0.767092	-0.38801	-0.139853	
0.241827	-0.630365	-0.125129	-0.373878	
0.834399	1.06189	0.275924	0.0109191	
0.23806	0.56926	0.360514	-0.244724	
-0.327487	-0.300426	-0.329206	0	
-0.0484531	-0.558556	-0.352198	0.917836	
1.37899	-0.814808	-0.0105399	-1.05189	
0.578409	-1.52186	-0.501035	0.676778	
-0.202585	-0.340253	-0.0433662	1.08709	
-0.151132	-0.708654	-0.93448	-0.450087	
-0.480689	0.623475	0.316697	0.555087	
-1.21635	0.418555	-0.16297	0.184582	
0.034104	0.993016	-0.81348	-0.153392	
-0.28301	0.397166	-0.0555063	0.418023	
-1.35535	1.48896	-0.50168	0.781554	
0.326131	0.976789	0.760987	-0.66353	
-0.236247	0.95596	0.370075	-0.156905	
0.508172	-0.890309	0.325164	0.433895	
-1.96491	-0.267099	-0.267927	0.0643689	
-0.0882324	-0.445339	0.0508943	0.0497368	
0.720035	-0.968129	0.23114	-0.284961	
-0.541757	-0.290182	0.709977	-0.14784	
-0.398097	0.344654	0.295882	-0.347911	
0.400546	1.00083	-0.812079	0.0854349	
-2.11543	0.346102	0.364327	-0.31493	
0.611649	0.671696	0.223129	1.25971	
0.333304	0.214867	-0.216467	0.436549	
-0.119209	0.337648	-0.856016	-0.389267	
-0.275916	-1.57238	-0.432461	0.61181	
1.07845	-2.03715	0.480893	-0.875393	
-2.03299	-0.280169	0.724393	0.911477	
0.840603	-0.795516	0.0428605	-0.051521	
0.134748	-1.77338	0.353153	-0.245619	
-0.0431612	-0.425667	0.839593	-0.752479	
-0.641265	0.166088	0.3375	0.514951	
-1.55881	-0.592823	-0.834401	0.503138	
0.383349	-0.740932	0.00789495	-1.26226	
-0.558106	0.0058493	0.335053	-0.438859	
1.35887	0.878621	0.40008	0.660036	
0.146665	0.509081	-0.402175	-0.27162	
-1.86581	-0.160279	0.9878	0.810945	
0.641449	1.14596	-0.703396	0.200982	
-2.2824	0.651802	0.02527	-0.509393	
0.375051	0.124516	0.621749	-0.222007	
-1.04608	1.3643	0.855576	-0.0835753	
-0.577439	-1.47396	-0.669149	0.134515	
-1.41137	-0.647597	0.150683	0.318472	
-0.951629	1.03765	0.163845	0.3861	
1.10862	1.37971	0.188475	-0.00346065	
0.289443	-1.1454	0.000236654	-0.0913463	
0.464528	1.47717	-0.991006	-0.208641	
-0.527187	0.403773	-0.508337	-0.340152	
-0.0135842	1.40145	0.69661	-0.398371	
-1.95239	-1.15421	0.0285236	-0.947225	
0.0730902	1.35158	0.630629	-0.282043	
-0.78055	0.178638	-0.00152105	0.0761418	
0.483138	-0.0153501	-0.944038	-0.515637	
-0.200983	-0.347521	-0.31518	-1.07944	
-0.568517	-0.340601	0.131787	-0.45198	
-0.440913	0.610936	-0.216658	0.916889	
0.205458	0.535133	0.396761	0.714529	
1.23745	-0.792692	-1.23042	0.278074	
1.47268	-1.89557	0.749976	-0.282195	
1.25411	1.50802	0.915193	-0.125804	
-0.523392	-1.15788	-0.0756581	-0.0134904	
1.32995	0.52279	-1.28628	-1.41536	
-1.69952	1.3154	-0.873028	0.747756	
1.23596	1.00169	0.350999	0.612112	
-0.241047	1.12962	0.994953	0.52948	
0.91112	0.941392	-0.357795	-0.228374	
0.186044	-1.68591	0.388251	-0.155734	
-0.0018564	1.28357	-0.256505	-0.162729	
1.20843	0.633344	-0.539308	0.427391	
-0.669674	0.299849	-0.290379	0.819847	
0.633222	0.474783	-0.14251	0.442774	
-0.278954	-2.08124	0.389002	0.986926	
1.0524	-1.94152	-0.267045	0.0209953	
0.67295	-0.296649	-0.241735	-0.191196	
0.804844	0.0633726	0.100185	0.401006	
-0.157522	0.925251	0.37034	0.041385	
0.0814267	-2.43968	-0.645341	-0.277546	
0.70693	0.138151	-0.331145	0.681752	
-0.48841	-1.38196	0.0536653	0.498937	
-0.640086	0.0516357	0.702981	-0.843071	
0.191118	-0.110414	0.592334	-0.225592	
0.356249	-0.828353	-0.49151	0.633973	
-0.252738	-2.47569	-0.221557	-0.939032	
0.492655	-0.777197	0.00282998	0.913771	
-1.61389	-0.598324	-0.285599	0.178663	
-1.17541	0.445166	-0.417827	0.0184325	
-0.114009	0.0845055	0.219093	-0.111538	
0.458979	0.298476	0.270967	0.478528	
-0.337275	-2.09431	0.555444	-1.21483	
-0.246999	-1.47701	-0.129493	-0.788289	
0.470918	0.478114	-0.332276	0.116429	
0.783456	1.23287	0.0397898	0.667079	
-0.176157	1.17598	0.582481	0.191892	
-0.691732	1.8094	0.00540867	-0.307006	
0.872123	-0.41796	-0.557213	-0.273046	
0.157624	1.43244	-0.0755722	0.161439	
0.541943	0.694734	0.048883	1.12738	
-0.548791	-1.12116	-0.393584	-0.921113	
1.00705	0.527996	-0.272171	0.743803	
0.832683	-0.0951709	0.0406297	0.562613	
-0.493302	0.430832	0.285739	-0.113479	
-0.439542	1.92286	0.129426	-0.124583	
0.355806	0.853618	0.969688	-0.28028	
0.713672	1.78101	0.60666	-0.132454	
0.505141	-1.58419	0.313335	0.974413	
0.602145	0.830028	0.115514	-0.270953	
-0.12879	-0.819632	0.0498728	0.019968	
0.0954805	0.559356	-1.27182	0.618633	
0.536697	-0.0746191	-0.823041	0.0109306	
-1.011	0.216415	0.222377	0.399884	
0.529767	1.20308	0.103527	1.18523	
-0.0880783	-0.728519	-0.161769	0.869263	
-1.29279	0.578895	-0.241968	0.056595	
-0.572883	1.27327	-1.00702	-0.845298	
0.0925059	-1.06086	0.116673	-0.448099	
-1.4922	-0.386734	-0.0697501	-0.516599	
-0.444273	0.0951709	0.0557026	0.644724	
-0.128061	1.68511	0.32738	0.25968	
1.03269	0.866919	0.646244	0.235802	
-0.198088	-1.0737	-0.583856	-0.628675	
-0.186297	-1.68591	0.495382	-0.864208	
-1.40219	0.755133	1.19766	-0.330492	
-0.368171	0.592516	0.821884	0.266608	
-1.08008	-1.88193	-0.369665	0.253472	
0.127951	0.801298	-0.620781	1.15172	
-0.0761118	-1.77179	0.0341743	0.288609	
0.276005	0.339976	-0.56943	0.665089	
0.356746	1.1866	-0.0605076	0.24861	
0.382824	0.628028	0.841551	-0.441441	
0.692362	-0.314481	-0.0586987	-0.888694	
0.161611	0.409602	-0.418715	-0.217418	
-0.252259	-1.9128	-0.181147	0.0183709	
-0.35115	0.430811	-0.0505989	0.887636	
-0.565484	0.2422	-0.744593	-0.875857	
0.93875	0.448224	0.0109572	0.656507	
-0.0683704	0.849641	-0.744917	-0.754355	
-0.450731	1.38778	-0.0939334	-0.454226	
-0.781216	-1.02673	-1.22128	-0.340874	
0.348598	-0.812088	0.0774636	-0.629495	
-0.681856	1.5552	-0.469022	-0.201387	
-0.0215403	0.216751	-0.428005	1.45498	
-0.202045	-1.567	0.296967	-0.705357	
-0.728746	-1.10137	0.890598	0.329073	
0.195349	0.0716323	-0.545537	0.484402	
0.151366	1.03153	-0.582705	-1.15986	
-0.526386	0.232961	-0.607764	-0.700771	
0.231308	-1.9338	0.088453	0.674883	
1.2525	0.734231	0.303055	-0.080506	
0.275624	0.276992	0.425077	0.731832	
-1.18802	-0.795516	0.421075	-1.61833	
1.48262	0.226836	0.519367	-0.0456663	
0.741143	-1.13435	-0.236006	0.548755	
0.926887	-1.62963	-0.075928	0.49049	
-1.33376	0.376557	-0.386722	0.0419851	
-0.532481	1.04953	-0.901009	0.248437	
-2.25992	0.117354	-0.572584	0.0928669	
-0.294217	0.433059	-0.556266	-0.438588	
-0.817987	0.606201	0.388898	-0.0410745	
1.02466	0.283313	0.184105	-0.715439	
-0.134997	0.742278	0.687231	-0.849807	
0.358271	-0.402298	-1.32473	-1.0196	
1.16288	-0.200986	0.21631	-1.00121	
0.111669	0.869069	0.491315	-0.367996	
0.847615	-1.80045	-0.590658	-1.08784	
0.0228045	-1.59873	0.0710237	0.916038	
-0.46364	0.860732	0.954574	0.729824	
0.831567	-0.331563	0.136164	0.0164166	
-1.15	0.071051	0.1392	-0.438278	
0.387458	0.530393	-0.172635	0.165791	
-1.85939	-0.321419	0.0632652	-0.300452	
-0.928875	-1.06352	-0.140806	-0.47363	
1.17958	-1.42702	-0.352098	-0.119088	
-1.60167	-2.60087	-0.086468	-0.274627	
-1.0322	-2.43174	-0.511168	-1.26227	
0.234778	-0.767092	-0.45511	-0.0335679	
-1.33079	-1.15496	0.384651	0.264994	
-0.399049	-0.640759	-0.249269	-0.365567	
-0.370151	-1.55711	-0.43376	0.172764	
-0.312159	1.19124	-0.0718581	0.884053	
-0.853284	-0.00307003	-0.0489933	-1.35828	
0.262441	-0.776463	1.12407	0.121994	
-1.96412	0.332442	-0.217784	-0.261826	
-1.02003	1.66021	0.200957	-0.0419851	
-1.32389	-1.39621	-0.0994418	-0.700983	
-0.138484	0.0915949	0.661787	-0.450571	
0.463577	0.975922	-0.235	-0.520853	
-2.58112	-0.0339475	0.3912	0.524577	
-0.17595	-2.1269	-0.247998	-0.488629	
0.00896833	-0.591252	-0.411957	-0.67025	
0.314175	0.126024	0.672915	0.1192	
-0.422838	-0.943524	-0.21055	-0.148586	
0.999987	0.480837	-0.698245	0.0731017	
-1.15808	-0.157264	-0.205193	-0.503501	
-0.140856	1.37271	-0.602889	0.741011	
-0.300379	0.865557	0.314707	-0.375287	
0.184671	0.823226	0.817757	-0.296225	
0.421538	-0.389278	-0.270888	0.174889	
-0.573984	0.264936	0.14298	-0.428561	
1.28328	-1.53667	-0.235904	-0.323639	
-1.03219	0.679329	0.256216	0.464855	
-0.6407	0.276992	-0.31938	-0.82929	
0.477925	1.09702	0.382973	-0.518963	
-0.105575	-0.282694	0.738302	0.534931	
0.483746	-0.186711	-0.260949	0.541671	
-1.53885	-0.651503	-0.131991	0.810575	
-1.03232	0.793925	-0.224699	-1.06196	
-0.499417	0.866128	-0.410491	-0.725727	
-2.02719	0.873151	-0.0419005	0.529987	
1.76818	0.993224	-0.063823	-0.0644878	
-0.820235	-1.69697	0.0144311	0.376089	
-0.910507	-1.73384	-0.153278	-0.0899769	
-0.62939	-1.00754	-1.20291	0.0599102	
-0.167248	0.472865	1.33922	0.00856241	
-0.916238	-1.67525	0.704459	-0.26564	
-0.69696	0.0154901	0.576353	0.377607	
-1.58866	-2.14669	-0.258546	0.290916	
0.206215	1.69698	0.408588	-0.59345	
-0.953317	-1.13283	-0.0945155	-0.468646	
-0.0666983	1.41587	0.920605	-1.46225	
0.146802	-0.652316	0.557159	0.327917	
-1.543	0.755758	0.292764	0.464522	
0.483863	-1.52186	0.547522	0.3796	
-1.34991	0.379101	0.690794	-0.431558	
0.235312	0.0814177	0.123864	-0.803552	
-0.417999	0.204726	-0.684851	-0.452381	
-0.160819	-1.81364	0.336008	-0.00385441	
0.327513	0.179081	0.207716	0.620674	
-0.301554	0.596852	1.0903	-0.664964	
0.680605	1.28777	-0.0588648	0.0895892	
-0.0607455	1.08783	0.0978272	-0.399457	
-0.0364522	0.295823	-0.147116	0.197158	
0.0476376	-0.0956282	0.186848	0.203329	
-0.0920753	0.600895	0.483403	1.12925	
0.357322	-0.0154901	-0.384632	0.00285414	
0.416489	1.05609	-0.631071	0.154439	
0.655422	-0.267957	-0.291148	0.669235	
0.635998	-0.847619	-0.288712	-0.125643	
-0.834021	-0.551219	-0.293997	-0.833703	
-0.502452	-0.288015	0.40064	-0.760136	
-0.0611019	-0.951569	-0.183276	0.297554	
-1.11057	-0.598324	0.0291768	-0.70383	
0.9097	-0.795516	0.138437	0.305393	
-0.384738	0.325923	-1.38651	-0.409744	
0.516645	1.45012	0.711157	-0.00339114	
0.546298	-0.968129	0.0138343	-0.943478	
-1.31864	0.572022	-0.281105	0.661907	
-1.60476	0.608076	-0.260552	0.0613163	
0.133704	-1.32115	-0.378513	0.355211	
0.329356	-0.352192	0.249132	-0.254816	
0.466653	-1.34774	0.309558	0.119022	
0.318741	0.377565	-0.18702	0.134459	
1.73508	0.629496	-0.354896	-0.149859	
1.15627	-1.07116	-1.00097	-0.0255856	
-0.860856	0.895809	-0.219461	-0.226837	
-0.898049	0.638721	-0.202525	-0.125399	
1.01968	-0.0140825	0.641142	0.233067	
1.18121	0.515045	0.0450099	0.367996	
0.86278	0.8218	-0.345672	-1.58577	
0.654071	-0.428494	-0.85488	0.804814	
-0.121991	0.214009	-0.340645	-0.427636	
-0.243613	0.963989	-0.874712	-0.165434	
0.539412	1.74036	0.22343	0.0840877	
-0.410049	0.598656	-0.213779	-0.0913324	
0.921577	0.579028	0.0646392	0.216291	
0.628218	-0.510896	0.544281	-0.102179	
-0.043267	-0.613339	-0.106279	-0.79422	
-1.87211	-0.864692	-0.213213	-0.613797	
-0.401911	1.41776	-0.912269	0.319831	
-1.4062	0.329164	-0.556732	0.891428	
-1.92643	-0.0956282	-0.519985	0.167543	
-0.048895	0.113976	-0.31479	-1.73415	
0.140817	-0.254862	0.0972178	-0.322803	
0.705018	0.862678	0.156195	0.835747	
0.612913	1.42826	0.568263	-0.355478	
-0.998163	1.04688	-0.32845	-0.486185	
0.710659	1.56528	-0.328546	0.866679	
-0.264669	-0.390396	-1.10683	-0.568198	
-1.44014	1.26955	-0.627562	-1.01422	
-0.678561	-0.389286	-0.0335703	-0.569084	
-0.843997	0.619628	-0.29018	0.723276	
-0.851845	0.712897	0.28619	-0.298483	
0.223471	-0.383379	-0.0658613	-0.169961	
-0.234089	1.60004	0.686349	0.375838	
-1.01153	1.01403	0.752267	-0.595909	
0.366086	1.10003	0.438003	0.661564	
0.138823	0.961432	-0.109293	-0.500377	
0.00242574	-0.162876	0.55815	-0.977595	
-0.280839	0.603135	0.284535	-0.602591	
-0.71483	-1.14021	0.837837	-0.102019	
-0.337064	-0.827678	-0.364761	0.203324	
0.798905	0.82181	0.52114	1.12649	
-0.339827	0.957868	0.062091	0.373069	
-0.538515	-1.81974	0.0868701	0.0522346	
0.684454	-0.162876	1.01307	-1.05204	
0.232252	-0.281649	-0.385773	-0.15092	
0.211636	-0.120843	-0.483338	0.729919	
0.166612	-0.907343	-0.152535	-0.141662	
-0.188631	-0.132115	0.232996	-0.448887	
-0.355191	1.3891	-0.642004	-0.944887	
0.499056	-0.322501	-0.522443	0.14589	
0.90031	-1.19221	0.566619	-0.363681	
-0.32615	0.436518	-0.0234009	-0.23106	
0.61082	-0.324759	0.369554	0.695591	
-1.4741	-1.42702	0.276714	-1.17162	
-1.58569	-2.03569	-0.316849	-0.981419	
-0.790813	0.216636	-0.754052	-0.562971	
-0.736439	1.12892	-0.424488	-0.274683	
0.415922	0.0759123	0.409937	0.0779037	
-0.446143	-0.554996	-0.844353	-0.208138	
0.00549835	0.269822	-0.0565995	0.678412	
0.391433	1.23593	0.24149	0.418204	
-1.14642	-0.920092	-0.0103735	-0.544441	
0.511303	-1.52016	-0.183028	0.780308	
-0.0250614	0.658975	0.0358296	0.143807	
-0.469165	-0.929404	0.0615487	0.144376	
-0.79467	1.49369	0.0966162	-0.13109	
-0.517029	-0.896583	-0.140462	1.4906	
0.469647	-2.16322	-0.816637	-0.407432	
0.433582	0.322345	-0.607982	-0.536813	
0.138591	-0.159642	0.130906	-0.411818	
0.519763	0.930924	-0.487759	-0.187034	
0.358125	0.273211	-1.9527	0.163799	
1.27885	0.650252	1.0312	-0.350718	
1.66913	0.358162	0.184242	1.06958	
0.500642	1.13639	-0.0312724	-0.105384	
1.19725	0.565387	-0.941614	-0.00782033	
-0.32505	-0.836537	-0.0421115	-0.208021	
-0.163981	1.30268	0.0491096	-0.422058	
0.0702068	0.342184	0.554897	-0.740976	
-0.0288222	-2.54982	-0.886828	0.385774	
1.67637	1.74109	0.352321	-0.0109306	
0.364324	-0.394309	0.0876626	0.0528588	
-2.29827	-0.795516	0.382646	-0.0148005	
0.583857	1.43316	-0.226696	-0.0575425	
-0.911089	-2.14669	0.0809539	0.186946	
0.178752	1.04691	-0.304859	-0.545684	
-0.0148213	1.28537	-0.378488	0.532793	
0.333433	0.871316	0.277299	-0.659648	
-0.227251	-0.0842474	0.895327	0.409102	
-0.000790649	-0.981078	-0.416438	0.731011	
0.626267	0.296804	0.21659	-1.35902	
0.48239	-1.07921	0.196813	-1.05215	
0.0748557	-0.919281	1.11874	0.431909	
-0.618322	-0.592823	-0.000881524	-0.743791	
0.247462	-0.52279	0.473172	-0.996833	
0.223505	-0.982683	0.56408	0.567397	
-0.355902	0.943005	-0.226067	-0.627115	
0.76487	-2.0718	-0.0280097	-0.241771	
0.216103	-0.98485	0.272307	-0.859838	
0.71251	0.96466	0.336162	0.430975	
-2.58943	-1.2495	0.077339	-0.198143	
-2.09336	0.786947	0.8607	0.864858	
-0.620224	0.72673	0.269622	-0.349632	
0.888301	0.600013	-0.150394	0.638139	
0.39788	-1.55766	-0.148729	0.438981	
-1.39166	-0.666219	-0.119927	0.861907	
-0.335266	-2.36585	0.0680457	0.0862301	
1.21538	-1.8664	0.154423	0.691394	
0.290416	0.495403	-0.122904	-0.681933	
0.764395	-1.32497	-0.288787	-0.0643689	
-2.20139	0.185881	0.345205	-0.771644	
0.731183	-0.651503	0.505586	-0.389726	
-1.14127	-1.4932	-0.137593	-0.143124	
-0.298829	0.185211	-0.911852	-1.15894	
-0.115138	-0.478329	-0.471961	0.746137	
-1.7274	-0.270163	0.205956	0.262384	
0.362055	0.663762	-0.00901437	0.580273	
0.139266	0.356123	-0.00397973	0.268635	
-1.15241	-2.44486	-0.281312	0.374619	
0.401373	0.23662	-0.921709	-1.70182	
0.0640559	0.200986	0.34544	-1.07374	
-0.0236691	-0.612622	0.102191	-1.16707	
0.321825	-0.110893	0.165274	0.291122	
1.02302	0.186177	0.515603	0.0458872	
0.307807	-0.0629276	-0.0364936	0.397499	
0.605003	0.0774503	-0.789226	0.15746	
0.665828	-1.16657	0.0504803	0.131939	
-0.434343	0.329164	-0.0483251	-0.484299	
-0.282226	-0.833635	-0.479133	-0.0669226	
-0.275426	0.435131	-0.308046	0.0113038	
0.427467	0.678477	-0.642188	-0.232579	
-0.105752	0.671696	0.205866	0.474416	
-0.634743	0.914871	-0.380491	-0.901617	
-1.00109	0.0356176	-0.406506	-0.293919	
-0.609989	-0.714551	0.406879	-0.757626	
-0.301728	-0.0427411	-0.726725	-0.0734748	
-1.434	-0.561515	0.658247	0.825866	
0.214433	0.203544	-0.0763303	-0.607254	
0.434431	-0.934136	-0.0404106	0.827727	
-0.160778	0.41883	0.175786	0.557984	
-0.260785	-2.24492	-1.12802	0.235119	
0.369776	-1.47396	-0.0672881	0.143776	
0.375209	-0.735426	0.029715	-0.482424	
0.355069	-1.39734	0.267168	-0.347861	
0.314585	-1.02802	-0.205116	-0.561799	
1.10435	1.48912	0.035261	-0.603088	
0.879372	-0.961786	0.288008	0.0629826	
-0.453802	-0.943524	-0.166216	0.767529	
0.247436	1.68942	-0.647449	-0.666456	
-1.45314	-1.19665	-0.0346686	0.0307797	
-0.355516	0.337648	0.385804	-0.00578162	
1.19138	0.380684	0.487117	-0.358305	
-0.440121	-2.08211	0.0694335	0.0761106	
0.623057	-0.955097	0.323511	0.123871	
0.938961	-1.23533	-0.291731	-0.21943	
-0.240592	-0.968129	-0.545905	-0.282043	
-0.797584	-0.0433947	0.378041	-0.478292	
-1.86006	0.277817	-1.31715	0.96841	
-1.3411	-0.110329	0.408839	0.555022	
-1.10268	-0.0068518	-0.759689	-0.61937	
-0.47523	-1.27406	-0.00603681	-0.773526	
0.164297	0.0891889	-0.612207	0.229318	
-0.352883	0.257783	-0.61025	-1.3237	
-1.60407	-1.21369	0.282702	0.00619689	
0.537855	0.670463	0.126392	0.0338297	
0.203837	0.859698	-0.0250688	0.416283	
0.442444	-0.572864	-0.548892	-0.381474	
-0.668375	1.11911	0.63079	0.143807	
0.160269	0.780562	0.583735	0.311985	
-0.740122	-2.09656	-0.0868657	-0.56178	
0.119019	1.24493	-0.0714216	-0.252379	
1.78797	-1.22759	-1.16086	-0.462149	
0.172713	0.838118	-0.254649	0.730661	
0.515875	-0.162646	-0.0486547	0.647131	
0.0149472	-0.178062	-0.0376656	0.956585	
-0.176124	0.0157622	0.234976	-0.423843	
-0.96153	1.76527	-1.96558	-0.420502	
0.434524	-0.539644	0.191545	-0.44782	
0.384018	1.01925	0.0533365	0.331765	
-0.789635	-0.155202	-0.0169583	0.0804954	
-0.0130477	0.600895	0.482583	-0.260066	
-0.335234	-1.34668	0.358116	-0.195519	
-0.344132	1.86336	0.548049	-0.388851	
0.327082	-0.850133	0.422602	0.514075	
-1.22306	0.257207	-0.100644	0.510932	
-0.964243	0.12142	0.526222	0.325488	
-1.79892	-1.27406	-0.388668	-0.599361	
0.847936	-1.33922	-0.410166	-0.733003	
-1.13002	-0.463029	-0.356097	0.378211	
-1.45656	-0.680612	-0.520965	-0.298124	
1.04935	1.101	-0.515405	0.508322	
-0.324491	0.283719	-1.16813	0.0133596	
-1.28863	0.334284	-0.0683843	0.223445	
0.0820792	-1.78707	-0.953706	-0.30682	
-0.801693	0.590112	0.866949	0.759827	
-1.88159	0.840051	0.260931	-1.02073	
-0.231016	-1.79156	-0.161285	-0.184048	
-0.432869	-1.08277	0.967984	0.88596	
0.0811903	0.464094	0.364128	0.35578	
0.838885	-0.506968	-0.18027	0.36033	
-0.184332	0.680296	0.092093	-0.15516	
0.223865	-1.1454	0.272265	-0.192517	
-0.369932	0.178638	-0.165849	-1.68593	
-1.85944	0.106853	-0.202866	-0.15842	
0.0022613	0.308105	0.000536017	0.309059	
1.33705	0.0164876	0.193274	-0.748225	
0.883349	-1.75811	0.654783	-0.646374	
-1.11785	-1.77112	0.258274	-0.355478	
-0.854407	0.781105	-0.248406	-1.75258	
-0.157017	0.627832	-0.177127	0.0761106	
-0.490122	0.205243	0.122339	0.262248	
-0.447705	0.546465	-0.320359	0.648434	
-0.24411	-0.165782	0.294344	-1.32417	
0.148806	-0.431862	0.417549	-0.682653	
-1.25845	-1.35192	0.216355	-1.47211	
0.648305	-0.984477	-0.262582	0.544952	
-0.264243	-1.14094	-0.335303	0.161748	
0.461826	-0.251742	0.115691	-0.59268	
0.561274	0.628081	0.477994	-0.157971	
0.485731	-0.245761	0.338339	-0.29266	
-1.00297	-0.118816	0.782272	-0.253379	
1.08623	0.308331	0.258193	-1.31997	
0.167094	0.0497293	0.451734	-0.797245	
-0.23003	-1.9338	0.0550925	0.376239	
-0.152779	0.271439	-0.500872	0.589272	
-0.302899	-1.15413	-1.02798	0.0182754	
0.351658	0.239402	0.174149	0.435197	
-0.158041	0.824686	0.346255	-0.724166	
-0.150987	-1.26623	-0.0298984	0.551523	
-0.566292	-1.72033	-0.413656	0.38913	
0.118915	-1.87297	-0.447783	1.11003	
-1.78425	0.145091	0.126994	0.354181	
1.33717	-0.730659	0.226708	0.259458	
1.54407	0.784028	0.882281	-0.965029	
-0.00893538	-0.169952	-0.723895	0.170956	
0.196565	-1.578	0.570208	0.32479	
1.16063	-1.33922	0.648967	-0.273264	
-0.967862	1.83316	0.419301	0.0645614	
0.954913	1.10367	0.960149	-0.114751	
-0.345518	0.598656	-0.188016	-0.523652	
-0.993635	-0.708019	0.0316483	1.1148	
0.328004	0.705735	0.61043	0.652191	
0.489873	-0.798078	-0.380709	0.864803	
-0.255551	0.0830104	-0.697462	-0.449217	
-0.265584	-0.961786	-1.15744	-0.160206	
1.38134	0.657166	0.581391	0.943383	
-1.10564	-0.715317	0.432364	-0.585393	
0.37658	-0.708654	0.172009	-0.91763	
-0.561394	0.564835	-0.00507283	-1.3232	
0.696404	0.424209	0.573666	0.168336	
-0.331436	-0.110335	0.296845	0.0761132	
-1.01954	-0.413085	-0.303457	1.14508	
-0.388318	-0.819632	-0.648392	0.0619399	
0.489192	0.738358	-1.15338	-0.549623	
-0.696925	0.298468	-0.368421	-0.202448	
0.486807	-2.4683	0.353814	-0.557606	
-0.267235	1.5956	-0.310075	-0.356613	
0.5287	0.991227	0.639487	-0.223648	
0.16434	0.629016	-0.264953	0.184605	
-0.00284634	1.01564	0.143894	0.907472	
-2.3119	0.224232	0.0853335	0.342525	
-0.480856	-0.274255	0.255807	0.0549732	
0.104359	1.11483	0.689598	-1.26525	
-0.527184	-0.0287207	0.018744	-0.0337928	
1.03775	0.276258	0.193597	0.961901	
-0.901514	0.362728	0.105417	0.354471	
0.643952	0.113976	0.324272	0.291482	
0.0528414	-1.14021	0.315831	0.321845	
0.353455	-2.45147	0.159277	0.635045	
-0.129355	-0.379052	-0.287854	-0.717774	
0.58408	-0.66961	0.562965	-0.197314	
-1.13897	-0.073876	0.142667	-0.750752	
-1.66502	0.0415052	0.22246	0.287521	
0.00999479	-1.47396	0.700169	-0.258776	
-1.10675	-0.282418	0.24844	0	
0.72868	-0.725059	0.147305	0.0480082	
0.881393	-0.940375	-0.537211	-0.0374698	
0.364761	1.24205	-0.138182	-0.175491	
0.291627	0.891108	-0.165556	0.389041	
-0.628365	-0.689182	-1.27998	0.637535	
-0.253419	0.763291	0.0363354	1.03291	
-0.194846	1.51933	-0.686629	-0.463797	
-1.56458	0.818983	-0.433225	0.65217	
-0.146606	-0.523021	0.0681144	0.0667979	
-0.133791	1.00924	0.140098	-0.347767	
1.07976	-1.34634	-0.486952	-1.29881	
0.887203	0.342942	-0.568677	0.109884	
-2.05299	1.18448	0.522693	-0.234155	
-0.591881	-2.49293	0.814368	0.711926	
0.409972	0.81308	0.175717	0.290466	
-0.614379	0.283208	0.419959	-0.929699	
-0.306748	1.36136	0.408905	0.834261	
0.240199	1.74912	0.279002	0.464528	
0.429567	0.506968	-0.491776	-1.03075	
0.728946	0.415676	-0.19991	0.324676	
-0.188655	-0.329256	0.140795	0.160849	
-1.41376	-2.31704	-0.963782	0.124155	
-0.142324	-0.763971	0.46914	-0.691694	
0.247981	-0.131351	-0.0798386	0.217388	
0.768931	0.566626	0.17253	0.479066	
-0.333791	1.02883	-0.241624	-0.0152221	
1.28535	-0.46414	-0.272017	0.382986	
-0.921818	-0.442901	0.113409	-0.633013	
-0.655335	0.0119387	0.322447	0.291398	
0.6439	-0.138351	-0.479858	-0.415635	
0.328109	-0.00774503	0.287784	-0.780929	
-0.14933	0.554823	0.575966	0.745986	
-1.20755	-0.215416	0.55719	0.0362989	
0.314259	1.92096	-0.276976	-0.135034	
-2.01911	-0.619978	0.168596	-0.135157	
-1.18425	0.6376	0.755732	-0.353479	
-0.336838	-0.619978	-0.87078	-0.178086	
1.31619	-0.867249	0.337857	0.378941	
0.630166	-0.531779	-0.489085	-0.866279	
0.0964407	0.623431	-0.683221	-0.0327381	
-0.230851	-0.150431	-0.717496	0.295886	
-0.604908	-1.17337	-0.214975	0.149974	
0.571505	1.08207	-0.133693	0.328782	
0.198262	-1.4299	-0.0929989	0.237738	
-0.764372	-0.150431	0.264354	-0.323944	
-0.658184	-0.961786	-0.0229749	-0.473129	
1.60675	-1.62963	-0.742502	0.655722	
-1.88986	0.782483	0.361487	0.889878	
-0.475971	1.10055	0.570899	0.0582964	
1.61937	0.0832901	0.324733	0.143364	
-0.352069	-2.36585	0.540136	0.0844679	
-0.417453	0.356165	-0.300555	-0.42699	
0.840115	-0.0774503	0.051976	-0.831981	
-0.1534	1.37459	0.610039	-0.284961	
-0.515205	0.376552	-0.16272	0.0746052	
-0.623967	-0.55515	-0.126045	-0.199937	
-1.59143	-1.79882	-0.707646	-0.00565191	
-1.00609	0.56032	-0.316957	1.43322	
-0.572583	-1.76829	0.020465	-0.140766	
0.584764	0.734934	-0.619227	0.884053	
-0.53092	1.53269	-0.919453	-0.71214	
-1.46515	0.912279	-0.413663	-0.174749	
-2.01832	-0.795516	-0.647482	-0.427749	
-0.801198	0.516973	0.374033	-0.698851	
-0.0116975	-0.305527	-0.662291	-0.432682	
0.154013	0.98548	0.276563	-0.855468	
-0.296524	0.672695	-0.101448	-0.177982	
0.634628	0.953144	0.615095	0.68066	
-0.480024	0.44964	0.152687	-1.53626	
-0.403575	-1.76679	-0.947392	0.0230757	
0.932079	-1.34634	-0.362345	0.0524883	
-0.1289	-0.870262	0.477929	0.165892	
-0.179039	0.557382	0.118404	0.0510093	
-0.762757	0.499365	-0.395813	-0.312762	
0.433991	-1.54115	0.136936	-1.05578	
-1.49091	-2.49293	-0.0975725	0.0935171	
1.35491	0.875188	-0.00858365	-1.0554	
0.339929	-0.527604	0.464715	-1.02759	
0.676358	-0.0362728	-0.228805	0.176846	
0.511233	-2.2227	-0.79648	-0.712601	
0.704817	0.809466	0.679681	0.261129	
1.24134	-1.16188	-0.390973	-0.0416283	
0.527471	0.964219	-0.582008	0.79345	
0.432148	0.761811	0.229503	0.411718	
-0.586248	-1.07783	0.0330019	-0.449217	
1.46744	-0.474843	-0.081956	-0.934131	
0.638893	0.486932	-0.436845	-0.54514	
1.04329	1.26073	-0.0572331	0.130086	
-0.952545	-0.819632	-0.486314	-0.265471	
0.655179	0.677773	-0.24422	0.882133	
0.114178	-1.75595	0.546937	-1.35959	
-0.215844	0.202958	0.775388	0.505891	
0.371776	0.886878	0.500068	0.170135	
-0.469622	-0.577005	0.209994	-0.293904	
0.277495	1.08582	0.606344	0.239653	
-0.0113201	1.53421	0.244081	0.942165	
-0.311754	1.16732	0.770955	-0.264991	
-0.641691	0.527588	0.995821	-0.212713	
-0.269192	-0.54586	-0.556436	-0.637968	
-0.292536	0.875188	-0.109624	-0.118871	
0.842043	0.961067	0.376474	-0.0786234	
0.245197	-0.404962	0.371321	0.267192	
