Pwh[0]	Pwh[1]	Pwh[2]	Pwh[3]	
0.136001	0.350195	0.0507866	0.431373	
0.0782233	0.633803	0.0894168	0.124528	
0.171192	1.125	0.0280973	0.113597	
0.0994059	0.978261	0.150507	0.170984	
0.127491	0.302013	0.066092	0.303448	
0.121102	2.5	0.064842	0.198795	
0.166284	0.894886	0.0274299	0.197605	
0.251518	0.322581	0.0353257	0.105769	
0.266381	1.73077	0.0639037	0.125	
0.0891028	0.483871	0.0639333	0.13253	
0.374516	0.266272	0.0318744	0.10628	
0.154201	0.882353	0.102361	0.101852	
0.0509726	1.21622	0.0492374	0.10061	
0.0742448	0.216346	0.100669	0.193833	
0.212247	0.200893	0.111666	0.15677	
0.0992245	1.48477	0.219396	0.246269	
0.0824176	0.241935	0.0458015	0.15103	
0.157267	0.330882	0.102014	0.127907	
0.101022	1.00248	0.157467	0.236277	
0.0960053	0.703125	0.223572	0.114187	
0.162799	0.330882	0.0631098	0.261386	
0.117377	0.277778	0.0643557	0.237197	
0.105634	0.552147	0.0611228	0.11	
0.0695555	0.529412	0.0415945	0.141026	
0.110941	0.239362	0.0728296	0.253359	
0.109351	0.340909	0.11112	0.284483	
0.177045	0.661765	0.0273105	0.189112	
0.0836538	0.507519	0.0393779	0.148984	
0.0920245	0.511364	0.0323678	0.152778	
0.191503	0.272727	0.0230731	0.162162	
0.243697	0.403587	0.0540858	0.0894309	
0.166306	1.36957	0.0304132	0.14442	
0.117631	0.870968	0.069046	0.314286	
0.0988636	0.405405	0.0773687	0.616822	
0.30742	0.157343	0.0838396	0.49531	
0.0860534	0.833333	0.0630353	0.409429	
0.162374	1.74569	0.12172	0.22	
0.138008	0.412844	0.0514541	0.160976	
0.126087	2.56329	0.0872589	0.160976	
0.146268	0.517241	0.055355	0.121101	
0.190206	1.32353	0.0612449	0.255814	
0.308248	1.34831	0.0889319	0.0891892	
0.2207	0.789474	0.112412	0.19186	
0.118496	0.505618	0.0513727	0.170103	
0.0933476	1.69811	0.0449438	0.356115	
0.20461	0.478723	0.107728	0.142241	
0.129735	0.8	0.13376	0.127168	
0.123299	0.420561	0.054017	0.402439	
0.0760622	0.439024	0.0730932	0.36	
0.120532	0.424528	0.0525114	0.364641	
0.0906533	0.762712	0.0925243	0.105263	
0.402405	1.19772	0.029909	0.251908	
0.129349	0.266272	0.0752967	0.414226	
0.262153	1.53992	0.0767875	0.140127	
0.269851	0.511364	0.0236119	0.218182	
0.16286	0.681818	0.0541973	0.292035	
0.16165	0.823171	0.212308	0.233216	
0.29029	0.5625	0.0411725	0.144105	
0.108263	0.803571	0.0578738	0.14966	
0.0789617	0.302013	0.120577	0.247655	
0.175121	1.05058	0.0900098	0.0974889	
0.220812	0.913706	0.0428838	0.198795	
0.110687	0.459184	0.0602029	0.112628	
0.113134	1.19772	0.114837	0.247655	
0.0627706	0.660147	0.133488	0.25	
0.0767873	1	0.0509272	0.1375	
0.135261	1.22093	0.0746854	0.208531	
0.102257	0.638298	0.0371067	0.200303	
0.167243	1.20459	0.0966302	0.146341	
0.066636	0.333333	0.23506	0.136364	
0.103448	1	0.076047	0.447964	
0.527181	0.56872	0.0995911	0.14966	
0.100928	0.576923	0.103736	0.143167	
0.197997	1.07143	0.108414	0.140725	
0.153982	0.789474	0.089277	0.125954	
1.22612	1.00746	0.0391323	0.180822	
0.360846	0.775862	0.0878771	0.174142	
0.079612	0.272727	0.0892987	0.133874	
0.110266	0.924658	0.0876005	0.0812808	
0.155329	0.463918	0.084507	0.283871	
0.10185	1.65789	0.0878072	0.432787	
0.190316	0.737705	0.103916	0.214984	
0.231465	0.349741	0.0756423	0.147321	
0.167308	1.02941	0.106348	0.170323	
0.0918303	0.257143	0.0446783	0.203704	
0.138845	0.3	0.0381321	0.208861	
0.115569	3.88889	0.0642383	0.104928	
0.155357	0.647482	0.141975	0.131737	
0.0713583	0.244565	0.0718314	0.153846	
0.182696	0.206422	0.231124	0.377143	
0.124588	3.75	0.0927264	0.100763	
0.143186	0.882353	0.0374136	0.126195	
0.152685	0.545455	0.075918	0.115993	
0.0990888	0.703125	0.0718656	0.142857	
0.168019	0.873786	0.0248604	0.203704	
0.116279	0.789474	0.140301	0.122677	
0.18061	0.416667	0.0969101	0.197605	
0.334615	0.542169	0.0511395	0.287373	
0.0939119	0.741758	0.11165	0.130952	
0.101612	0.576923	0.0254801	0.286957	
0.100046	0.511364	0.09763	0.123827	
0.104354	0.865385	0.0551834	0.240876	
0.192819	1.3125	0.0368836	0.125954	
0.125977	0.243243	0.0569248	0.176471	
0.247863	0.454545	0.0700923	0.156028	
0.0995196	0.789474	0.136667	0.0998487	
0.171598	0.454545	0.0362252	0.247191	
0.189873	0.674518	0.0286248	0.613953	
0.0853276	0.276074	0.0608667	0.168367	
0.223996	0.841121	0.149857	0.112628	
0.157096	0.346154	0.182218	0.212903	
0.278044	0.5	0.118489	0.0888291	
0.225505	0.346154	0.471634	0.0902873	
0.0927505	2.13504	0.0853872	0.152425	
0.162374	0.545455	0.0742335	0.269388	
0.158933	0.148026	0.0496582	0.15493	
0.261026	1.55172	0.077539	0.128405	
0.13146	2.12042	0.0370023	0.26087	
0.111739	1.32353	0.130914	0.0993976	
0.650548	0.517241	0.0363732	0.15493	
0.238356	0.267857	0.175071	0.113793	
0.180873	0.306122	0.24431	0.322738	
0.348279	0.236842	0.22282	0.112245	
0.329047	0.633803	0.0551724	0.262948	
0.0738039	1.27479	0.137018	0.133874	
0.165399	0.238095	0.0798919	0.238698	
0.0754946	1.5	0.106646	0.145055	
0.122673	0.416667	0.076068	0.115183	
0.188557	0.5	0.072182	0.283871	
0.138359	1.22283	0.0293243	0.133603	
0.0729743	1.38037	0.027845	0.189655	
0.0753899	1.125	0.0861513	0.152955	
0.204417	0.725806	0.0914816	0.0817844	
0.155607	0.5	0.147318	0.275	
0.114836	0.228426	0.169035	0.233216	
0.078933	0.573248	0.0431992	0.159806	
0.234438	0.921502	0.0259301	0.111864	
0.227035	0.931034	0.131266	0.158273	
0.140982	0.391304	0.119753	0.121324	
0.373471	0.966443	0.0283368	0.0986547	
0.416348	5	0.0704621	0.107317	
0.248146	0.875486	0.0438374	0.187767	
0.0827626	0.346154	0.104269	0.0941512	
0.177298	1.27358	0.098548	0.201835	
0.248075	1.13924	0.0328689	0.256311	
0.13315	0.410959	0.130806	0.141026	
0.278668	0.478723	0.0306462	0.125954	
0.0919662	0.217391	0.190476	0.380403	
0.148566	0.679758	0.275842	0.0856031	
0.0776093	0.798387	0.0344785	0.0876494	
0.110182	0.705882	0.0546481	0.157895	
0.091195	0.348837	0.0786399	0.171429	
0.15704	0.972222	0.0520706	0.087766	
0.103868	0.810811	0.0515342	0.137787	
0.0633834	0.189873	0.0529954	0.107492	
0.116841	1.33005	0.093401	0.256809	
0.23777	0.45	0.0919081	0.306265	
0.0972067	0.176471	0.064728	0.107143	
0.14612	0.171103	0.0753892	0.145055	
0.201436	0.652174	0.0453574	0.190751	
0.156026	0.296053	0.0886794	0.156028	
0.147558	0.725806	0.133721	0.245658	
0.097185	0.789474	0.0859813	0.182825	
0.137051	0.661765	0.105437	0.141026	
0.182085	1.15942	0.107337	0.147982	
0.136621	0.538922	0.0909316	0.165	
0.0992018	0.28125	0.0304401	0.136646	
0.121035	0.29703	0.104625	0.19214	
0.0833174	0.20362	0.0528466	0.100763	
0.0879143	0.304054	0.0981857	0.165829	
0.13148	2.49186	0.0543254	0.1875	
0.175474	0.272727	0.0754511	0.0990991	
0.140549	1.27358	0.0528483	0.132797	
0.0874724	0.3125	0.221529	0.123827	
0.139468	0.333333	0.033201	0.115587	
0.0586016	0.486486	0.110843	0.24	
0.0855457	0.160714	0.0415475	0.207547	
0.166475	0.276923	0.128338	0.223729	
0.226327	0.387931	0.0547782	0.0992481	
0.165368	1.56716	0.119983	0.143167	
0.185343	0.631825	0.0854357	0.0889488	
0.0878788	0.320285	0.0874802	0.0972018	
0.13562	0.307167	0.0943697	0.220367	
0.136321	0.403587	0.0265334	0.276151	
0.11035	0.387931	0.179021	0.0970588	
0.122328	0.592105	0.0279664	0.168798	
0.133436	0.436893	0.0574222	0.406154	
0.16141	0.288462	0.057536	0.0764774	
0.13792	0.351562	0.110899	0.150685	
0.147308	0.209302	0.0759633	0.0870712	
0.141786	1.02792	0.0291477	0.119782	
0.105608	1.79551	0.0775717	0.217105	
0.112694	0.260116	0.0307589	0.146341	
0.0999311	0.271903	0.0357652	0.323002	
0.0874196	1.53584	0.0490405	0.185393	
0.198812	0.689655	0.0331691	0.391304	
0.125252	0.254237	0.0470869	0.268293	
0.114024	0.401786	0.0893059	0.136929	
0.449535	0.483871	0.18469	0.095791	
0.139781	0.147541	0.0864526	0.078478	
0.117156	1.17493	0.0561889	0.113793	
0.115876	0.193966	0.0844876	0.123827	
0.107967	0.592105	0.0446494	0.148984	
0.150571	0.198238	0.0716511	0.156028	
0.311382	1.26	0.0695389	0.226545	
0.0988187	0.616438	0.0756717	0.19242	
0.0963029	0.420561	0.0994863	0.0988024	
0.0893958	0.581395	0.134897	0.260355	
0.0806601	0.181452	0.0846107	0.204019	
0.164586	0.314685	0.0650713	0.0890688	
0.385297	0.439024	0.0442591	0.200913	
0.212506	1.04651	0.125898	0.22449	
0.365035	2.76316	0.13682	0.349206	
0.140914	0.306122	0.0943509	0.259332	
0.106474	0.308219	0.0699088	0.0848329	
1.6526	1.10656	0.11351	0.182825	
0.171733	0.773196	0.0913302	0.150685	
0.110856	0.258621	0.223844	0.171875	
0.0756259	0.18595	0.0319481	0.136082	
0.0801548	1.02079	0.0661395	0.127413	
0.0979509	0.608108	0.200841	0.103937	
0.382923	0.503731	0.112355	0.253359	
0.0962177	0.46875	0.0972002	0.108911	
0.13238	0.214286	0.0483913	0.305085	
0.242813	0.304054	0.0588423	0.249057	
0.463753	2.54464	0.158302	0.120438	
0.119769	0.387931	0.100601	0.266129	
0.187097	0.708661	0.0488972	0.294205	
0.160457	0.368852	0.0920998	0.233628	
0.158009	0.681818	0.116685	0.189112	
0.157495	0.661765	0.142768	0.157895	
0.114158	0.501393	0.0790378	0.144262	
0.0955624	0.271084	0.056691	0.223729	
0.092161	0.424528	0.0567376	0.251429	
0.114806	0.267857	0.0656882	0.28821	
0.0822617	0.825688	0.062387	0.15331	
0.0773058	1.14964	0.0282382	0.290749	
0.548204	0.328467	0.0658868	0.111111	
0.966309	0.286624	0.0490754	0.140426	
0.416069	0.292208	0.0515021	0.146667	
0.120733	2.84211	0.142802	0.121771	
0.0959841	0.89404	0.0939415	0.144737	
0.185422	2.93478	0.0671125	0.0893099	
0.402281	1.46104	0.0413421	0.181319	
0.247934	0.365854	0.0709633	0.0959302	
0.0803324	0.220049	0.0640148	0.100152	
0.162738	0.315789	0.0856522	0.173684	
0.0923175	0.737705	0.145034	0.114583	
0.127678	1.8	0.034205	0.514286	
0.0985947	0.584416	0.0643357	0.197015	
0.113964	1.02273	0.0383546	0.227586	
0.0941355	1.15385	0.15605	0.123364	
0.0761821	0.263158	0.268908	0.165829	
0.103596	0.42654	0.05888	0.277895	
0.0677043	0.164835	0.152465	0.264	
0.0883787	0.491803	0.0315176	0.238842	
0.253201	0.58952	0.12172	0.140725	
0.114293	0.241935	0.0666398	0.152778	
0.281736	0.219512	0.085019	0.213247	
0.0931278	0.260116	0.0686567	0.0983607	
0.0944625	0.597345	0.10572	0.172324	
0.0987066	1.22867	0.122503	0.217105	
0.187419	1.17647	0.0335399	0.105431	
0.0623298	0.833333	0.0508334	0.138655	
0.0973154	1.1194	0.0885372	0.459397	
0.164213	0.218447	0.0864188	0.289474	
0.398109	0.447761	0.0507866	0.223729	
0.0703428	0.186722	0.0950304	0.131737	
0.0895615	0.608108	0.105923	0.188571	
0.09699	1.36364	0.0972173	0.302752	
0.0961326	0.292208	0.0659341	0.133874	
0.0845317	0.326087	0.0575	0.295302	
0.226681	0.494505	0.0893011	0.0929577	
0.185501	0.344828	0.218379	0.122905	
0.129042	0.296053	0.204509	0.149321	
0.12161	0.227273	0.0531741	0.202765	
0.152045	1.28571	0.0778269	0.0970588	
0.130162	0.277778	0.0622112	0.0816832	
0.107833	0.429936	0.061676	0.190476	
0.16471	0.511364	0.119313	0.283871	
0.118207	0.230769	0.0914361	0.174142	
0.0717703	1.15385	0.156463	0.0859375	
0.225505	0.555556	0.0227911	0.310588	
0.0848119	0.789474	0.0671778	0.219269	
0.0800663	1.20401	0.0533746	0.272165	
0.590498	1.35135	0.113409	0.167089	
0.0597199	1.95652	0.0586797	0.0700637	
0.140142	0.971223	0.0692076	0.808163	
0.170488	1.06452	0.174206	0.388235	
0.144711	0.371901	0.149391	0.26506	
0.0757708	0.37037	0.0653641	0.207547	
0.137008	1.81319	0.0632737	0.174603	
0.0631533	0.266272	0.0749321	0.110184	
0.0832058	0.81571	0.0324782	0.197605	
0.163288	0.471204	0.0844726	0.333333	
0.157495	0.572519	0.0660445	0.0974889	
0.103227	1.32353	0.0353348	0.303448	
0.226799	0.323741	0.0685147	0.0960699	
0.101422	0.597345	0.0833963	0.0969163	
0.156813	0.326087	0.0376689	0.329177	
0.0800515	0.588235	0.0732419	0.121996	
0.0618601	0.478723	0.0822081	0.0701382	
0.0907763	0.743802	0.0315176	0.183079	
0.202608	2.77778	0.180245	0.22	
0.116653	0.706806	0.113057	0.104596	
0.334101	0.555556	0.0465352	0.103286	
0.116248	0.211268	0.0348617	0.12	
0.238324	0.84507	0.0561318	0.177898	
0.0873845	1.04651	0.083649	0.358047	
0.108021	1.15809	0.0667069	0.177419	
0.135874	0.362903	0.0909091	0.130952	
0.111481	1.09756	0.0442769	0.231986	
0.21658	0.424528	0.0961756	0.154567	
0.147859	0.272727	0.0735216	0.220736	
0.238356	0.56962	0.120832	0.254826	
0.213235	2.62887	0.0480334	0.0917942	
0.0714168	0.671642	0.190257	0.143322	
0.106565	2.06422	0.0445018	0.0929577	
0.155302	0.665025	0.179775	0.262425	
0.0693006	0.542169	0.0653796	0.264	
0.0865672	1.73077	0.102781	0.230769	
0.121136	0.271084	0.0805839	0.121547	
0.363915	0.638298	0.0731772	0.0960699	
0.164617	1.30607	0.0692539	0.102009	
0.123826	0.838509	0.0584436	0.184615	
0.219254	0.436893	0.115602	0.0942857	
0.114024	0.5625	0.0955017	0.262948	
0.0688291	0.260116	0.118214	0.181818	
0.16141	0.217391	0.0563208	0.0960699	
0.095082	1.69565	0.0719593	0.133065	
0.146811	0.216346	0.0437956	0.167726	
0.128927	1.22034	0.040342	0.12	
0.135345	0.131579	0.111326	0.168798	
0.0901741	0.669643	0.0485616	0.297744	
0.145875	0.613636	0.113689	0.145055	
0.0859514	0.399408	0.190529	0.121547	
0.253054	1.06299	0.0586922	0.240876	
0.130945	0.687023	0.224792	0.201527	
0.158182	0.365854	0.135272	0.105769	
0.0952277	0.39823	0.0630353	0.252874	
0.0787188	0.169811	0.08261	0.12406	
0.280103	0.412844	0.155231	0.145055	
0.149075	2.08092	0.158076	0.338462	
0.0780969	0.56962	0.0556732	0.232394	
0.288941	0.9	0.0732776	0.101538	
0.0964737	0.782609	0.0256244	0.109635	
0.055414	0.957447	0.145085	0.103125	
0.302293	0.145631	0.124859	0.245353	
0.130926	1.09091	0.155126	0.105939	
0.163043	0.264706	0.171963	0.244444	
0.105506	0.605381	0.055013	0.203077	
0.162132	0.6	0.0767306	0.191304	
0.0763024	0.688776	0.134359	0.122449	
0.290387	2.26257	0.0705161	0.073743	
0.0837021	0.529412	0.116521	0.120438	
0.45066	1.55172	0.0802559	0.0670732	
0.103252	0.629371	0.0510638	0.112245	
0.147258	0.283019	0.0786885	0.153846	
0.0620985	0.491803	0.0638593	0.325123	
0.105098	0.38961	0.362324	0.316547	
0.0739042	0.491803	0.102501	0.15103	
0.54409	0.365854	0.0679301	0.369403	
0.105762	0.54878	0.0803493	0.14442	
0.0948746	0.478723	0.0509648	0.295082	
0.302819	0.535714	0.0672351	0.153132	
0.176578	0.439024	0.16409	0.545455	
0.141073	0.15	0.0537488	0.182825	
0.108398	0.350195	0.123228	0.34676	
0.149897	0.613636	0.0326627	0.111675	
0.129042	0.505618	0.0733945	0.303448	
0.0799485	0.168539	0.122812	0.202144	
0.0957517	1.24654	0.0535818	0.0901639	
0.093468	1.15385	0.0556732	0.129921	
0.36351	0.346154	0.0875172	0.272727	
0.0890299	0.41958	0.118379	0.134969	
0.0421104	0.174419	0.0678133	0.124294	
0.0981277	0.865385	0.231544	0.519685	
0.107249	0.483871	0.0306735	0.194404	
0.0967957	0.378151	0.285968	0.40081	
0.114594	1.11386	0.14053	0.226286	
0.142203	0.65407	0.034188	0.373938	
0.135009	0.333333	0.0396153	0.11	
0.183777	0.789474	0.108013	0.328904	
0.0895615	0.795053	0.162664	0.078478	
0.073629	1.77215	0.0784834	0.142549	
0.135093	0.354331	0.0312677	0.122677	
0.0743082	0.75419	0.0217563	0.0865007	
0.199816	1.11111	0.193467	0.115587	
0.15704	0.310345	0.140208	0.105263	
0.0978408	0.381356	0.101201	0.205288	
0.349398	0.226131	0.0557238	0.469417	
0.112374	0.542169	0.132794	0.092827	
0.193764	1.10656	0.142305	0.169666	
0.370003	1.31579	0.0460614	0.136082	
0.179678	0.306122	0.179104	0.174142	
0.0596626	0.882353	0.127926	0.37931	
0.0793072	0.789474	0.0695477	0.208202	
0.141832	0.254237	0.092421	0.121101	
0.226091	0.90604	0.0463866	0.216393	
0.293919	0.703125	0.0478212	0.160584	
0.0912332	0.703125	0.0422924	0.226415	
0.134384	2.27528	0.0841891	0.242054	
0.0816595	0.243902	0.0422051	0.198795	
0.104946	1.32911	0.0718625	0.114783	
0.654874	0.544355	0.0843779	0.120658	
0.0672022	0.163636	0.0280459	0.153846	
0.225974	0.995086	0.0790076	0.210863	
0.0790622	0.371901	0.0694107	0.145695	
0.115507	1.125	0.0701398	0.167939	
0.864811	0.5	0.166032	0.239564	
0.134717	0.803571	0.137553	0.132797	
0.764499	0.211268	0.0512868	0.180082	
0.153169	1	0.0336955	0.10628	
0.185343	1.8	0.0589702	0.144737	
0.317055	1.04651	0.168859	0.109272	
0.178352	0.146104	0.0643107	0.188571	
0.161891	1.06132	0.0826265	0.157143	
0.0833493	1.15174	0.0621528	0.18232	
0.092161	0.865385	0.0434714	0.194118	
0.24388	1.36047	0.0744537	0.141935	
0.202608	0.692308	0.04397	0.108197	
0.260791	0.355731	0.0963771	0.266487	
0.92711	0.420561	0.113796	0.226415	
0.139737	1.27789	0.0827214	0.385965	
0.116622	1.83673	0.141162	0.158463	
0.110154	0.225	0.042455	0.197015	
0.197817	0.403587	0.0360973	0.391691	
0.129157	0.282132	0.0915651	0.247655	
0.157495	0.20362	0.0740641	0.123134	
0.0906817	0.326087	0.119896	0.286957	
0.0685147	0.483871	0.183951	0.108731	
0.0890663	0.576923	0.124966	0.121101	
0.0772921	0.412844	0.0801859	0.108911	
0.0896353	0.335821	0.133807	0.0917942	
0.150155	0.714286	0.116374	0.324324	
0.204513	0.150502	0.0429706	0.175766	
0.094699	1.55172	0.0483532	0.107317	
0.119309	0.304054	0.0895595	0.167089	
0.0751685	0.676692	0.0647583	0.186441	
0.223823	0.296053	0.0795618	0.110184	
0.172619	0.497238	0.048332	0.55	
0.10274	0.439024	0.0808041	0.15493	
0.236542	0.432692	0.138816	0.306265	
0.188557	1.89189	0.023205	0.220367	
0.0632911	0.56962	0.0517872	0.132797	
0.0722591	0.304054	0.127778	0.134146	
0.0826996	0.714286	0.0688537	0.114187	
0.136792	0.245009	0.0313672	0.148984	
0.153547	0.381356	0.100629	0.150685	
0.0815829	0.5	0.164953	0.148984	
0.133538	0.8	0.0774302	0.0977778	
0.118432	0.346154	0.0417423	0.428571	
1.23113	0.354331	0.124396	0.135524	
0.0997249	0.240642	0.0520755	0.142857	
0.185977	0.63981	0.113378	0.211538	
0.104167	2.71084	0.130651	0.115789	
0.0482797	0.133929	0.0473413	0.533693	
0.105685	0.340909	0.056459	0.104928	
0.230769	0.47619	0.125981	0.107492	
0.101612	0.298013	0.0428007	0.262948	
0.476451	0.147541	0.0615042	0.122677	
0.186856	0.405405	0.0889605	0.206897	
0.101993	0.465517	0.141466	0.186969	
0.270747	0.909926	0.092246	0.110738	
0.0501441	1.39618	0.0326511	0.0893099	
0.0969035	0.529412	0.134618	0.234458	
0.138095	0.857143	0.191439	0.193265	
0.0695889	0.32967	0.0827214	0.101695	
0.101045	1.39752	0.148132	0.13851	
0.448731	0.580645	0.0265257	0.127907	
0.223996	0.584416	0.066498	0.216157	
0.293969	0.277778	0.20125	0.206035	
0.2427	0.481283	0.0699442	0.112628	
0.12117	0.368852	0.0286218	0.131213	
0.142064	1.16379	0.0895038	0.201835	
0.133949	0.401786	0.0786325	0.149321	
0.0852941	0.257143	0.0571724	0.134146	
0.0740174	0.907258	0.0441529	0.133874	
0.091329	0.507519	0.0281748	0.109635	
0.0881816	0.535714	0.0916031	0.0826033	
0.120199	0.223325	0.282932	0.163975	
0.152578	0.839552	0.111899	0.120219	
0.0773333	0.306122	0.131596	0.226804	
0.0780829	0.616438	0.029525	0.0770128	
0.100069	0.47619	0.150919	0.0960699	
0.203366	0.946262	0.0377875	0.0951009	
0.12372	1.08289	0.0392491	0.132265	
0.0884506	0.381356	0.0415069	0.294643	
0.433699	0.181452	0.0627059	0.311321	
0.135683	0.412844	0.12	0.144105	
0.113134	1.53107	0.0531536	0.293333	
0.097973	0.365854	0.0866018	0.149321	
0.198721	0.231959	0.115465	0.211538	
0.359603	0.888158	0.115578	0.128906	
0.159108	0.572034	0.0746349	0.151376	
0.247652	0.412844	0.085172	0.253359	
0.250432	2.58993	0.158548	0.11	
0.186216	1.11111	0.153732	0.310345	
0.110322	2.04545	0.0339985	0.193833	
0.120733	1	0.123393	0.102009	
0.0819518	1.25	0.0602818	0.359673	
0.225039	0.290323	0.0235294	0.138365	
0.190873	0.316901	0.061438	0.164589	
0.092909	0.251397	0.033675	0.233216	
0.0860704	1.47059	0.0898633	0.13442	
0.193076	0.189873	0.138332	0.238698	
0.14373	0.688776	0.0476931	0.27907	
0.0605259	0.191489	0.0574761	0.269755	
0.108533	0.343511	0.0421053	0.154567	
0.139066	0.876106	0.0654028	0.244898	
0.203461	0.592105	0.0450171	0.406154	
0.127753	0.387931	0.225744	0.101382	
0.0951444	0.304054	0.078398	0.424437	
0.116622	0.582902	0.149243	0.183333	
0.0775125	0.447761	0.0261289	0.109635	
0.172962	1.1465	0.0309157	0.141631	
0.140777	0.517241	0.0741238	0.118919	
0.340553	1.62651	0.117848	0.153488	
0.113311	0.306122	0.0571665	0.13253	
0.122708	1.66667	0.108726	0.115789	
0.0896722	0.441176	0.10372	0.165414	
0.165714	0.661765	0.049396	0.214634	
0.310603	0.703125	0.0255532	0.22449	
0.125084	0.45	0.0855195	0.377143	
0.102643	1.48026	0.0311196	0.161369	
0.255057	0.681818	0.114952	0.180575	
0.301038	1.33475	0.0418245	0.19242	
0.137397	1.30058	0.0916233	0.0996979	
0.422946	0.335821	0.154926	0.112436	
0.0780829	1.02606	0.0820574	0.12406	
0.175333	1.20868	0.0585304	0.160584	
0.0872968	1.41176	0.0642309	0.137214	
0.127753	1.42606	0.0933852	0.211538	
0.100092	0.494505	0.137931	0.12766	
0.0722112	0.160714	0.0287231	0.651852	
0.073854	0.221675	0.0918316	0.256809	
0.0727425	0.340909	0.0938776	0.128405	
0.0924745	1.71662	0.0620992	0.114385	
0.136278	0.640569	0.0706485	0.378766	
0.0536044	0.238095	0.0304401	0.153846	
0.175687	0.287846	0.0864256	0.30137	
0.0982829	0.596026	0.0952271	0.158654	
0.541719	0.559006	0.0834509	0.125	
0.180798	0.229592	0.33734	0.114385	
0.0870348	0.494505	0.290618	0.216039	
0.205092	3.94737	0.138582	0.102484	
0.120532	3.44388	0.0804508	0.134146	
0.357657	0.505618	0.0657613	0.0744081	
0.0931478	0.648415	0.029343	0.176	
0.0764365	0.354331	0.148108	0.128155	
0.151357	0.25	0.0506887	0.190751	
0.0920635	0.809353	0.109556	0.0970588	
0.147558	0.222772	0.11159	0.250951	
0.0661899	0.335821	0.286406	0.197605	
0.199633	0.16129	0.0734173	0.267206	
0.384956	1.875	0.0345345	0.306977	
0.243153	0.351562	0.106564	0.435644	
0.160517	0.172414	0.060513	0.210526	
0.104845	0.412844	0.0674487	0.178378	
0.337733	0.56962	0.0808258	0.112436	
0.196477	1.46341	0.0608466	0.206573	
0.0791197	0.28125	0.0632375	0.124528	
0.075639	0.992647	0.02362	0.270862	
0.17806	0.441176	0.0694398	0.526596	
0.0860704	0.47619	0.0972744	0.172324	
0.177189	0.2267	0.0648725	0.258317	
0.0803769	1.32353	0.0577225	0.0816832	
0.12627	0.39823	0.052243	0.117857	
0.141671	0.758427	0.0992163	0.23741	
0.2207	1.52174	0.071975	0.118705	
0.081278	1.04651	0.121827	0.121547	
0.227928	1.38462	0.0784202	0.404412	
0.159633	0.705882	0.033209	0.147321	
0.165462	0.220588	0.0660445	0.102167	
0.168083	1.14894	0.0592148	0.22049	
0.0791773	0.271084	0.061745	0.179104	
0.0813388	0.321429	0.0654106	0.225256	
0.342071	0.45	0.0602686	0.250951	
0.492081	0.420561	0.0867288	0.410788	
0.120599	0.957447	0.0704711	0.176944	
0.201203	2.8125	0.0670445	0.170543	
0.0582173	2.28814	0.136651	0.207874	
0.100578	2.28111	0.0382855	0.134969	
0.236156	0.576923	0.0734238	0.195846	
0.11908	0.434783	0.10051	0.115587	
0.0970549	0.357143	0.0832495	0.135524	
0.126453	0.405405	0.0489752	0.120438	
0.230098	0.27439	0.0852378	0.270492	
0.137484	2.25	0.0363349	0.144737	
0.34689	1.71756	0.0858209	0.251908	
0.129464	0.189076	0.139694	0.10802	
0.241868	1.48148	0.036249	0.234875	
0.184322	0.393013	0.0666506	0.213247	
0.154037	2.2314	0.0630857	0.122222	
0.0793217	1.73077	0.0706786	0.133065	
0.135683	0.649819	0.111178	0.112054	
0.0978408	0.173745	0.066055	0.282051	
0.0958995	0.473684	0.226415	0.170984	
0.129657	1.38462	0.0513441	0.364641	
0.0893958	0.46875	0.0590248	0.244898	
0.0963882	0.212264	0.0445413	0.111298	
0.109627	1.85633	0.172979	0.204334	
0.120232	1.64062	0.090984	0.0959302	
0.0661396	0.708661	0.160761	0.156028	
0.0714168	0.239362	0.0865747	0.308411	
0.100811	0.231959	0.0467757	0.0969163	
0.203319	0.5625	0.0665301	0.272165	
0.0838312	0.889328	0.0509131	0.194118	
0.18178	0.9375	0.0585987	0.084507	
0.191884	0.594059	0.0867652	0.325658	
0.197458	0.36	0.0748373	0.13442	
0.0915019	0.305085	0.055002	0.18232	
0.135177	0.412844	0.0336012	0.241758	
0.153007	0.340909	0.0512059	0.173684	
0.1369	0.703125	0.0638298	0.280851	
0.103007	0.424528	0.0571547	0.0854922	
0.252467	0.326087	0.030108	0.121547	
0.109242	0.381356	0.0265104	0.154567	
0.292044	0.16791	0.159923	0.114783	
0.289229	0.267327	0.0934854	0.312303	
0.217102	0.771429	0.0421567	0.101227	
0.179418	0.48913	0.116529	0.130952	
0.418571	0.310345	0.0581175	0.123827	
0.0748451	0.729167	0.0604998	0.164179	
0.149177	0.523256	0.126345	0.204969	
0.0615276	0.853081	0.0389281	0.185393	
0.234628	0.728745	0.126042	0.159806	
0.103992	0.478723	0.0387913	0.238842	
0.0875428	0.375	0.139988	0.223729	
0.0790047	0.478723	0.0533179	0.229565	
0.0743209	0.987805	0.0661342	0.143478	
0.158817	0.818182	0.228693	0.235294	
0.126711	0.477707	0.140831	0.133065	
0.138051	0.189076	0.0328025	0.136364	
0.121474	0.472441	0.0986654	0.120658	
0.126307	0.205479	0.0970976	0.146018	
0.162921	0.505618	0.0729708	0.180822	
0.0620719	0.9	0.153151	0.261905	
0.0758897	0.9	0.0474594	0.209524	
0.14174	0.762712	0.165487	0.128155	
0.0883428	1.07463	0.0878421	0.0705128	
0.230892	0.27439	0.094634	0.116197	
0.168998	0.239362	0.0319444	0.262252	
0.153331	0.252809	0.180589	0.484108	
0.0931478	0.445545	0.0802559	0.273859	
0.167436	0.687023	0.0928772	0.156028	
0.204899	1.12033	0.0722608	0.138947	
0.141188	1.27962	0.0828414	0.234043	
0.132622	1.4377	0.423475	0.144578	
0.213235	0.775862	0.0726029	0.0889488	
0.175758	0.579399	0.0361872	0.296629	
0.159516	0.474934	0.0865113	0.0993976	
0.117631	0.612245	0.11392	0.146341	
0.120365	0.272727	0.048536	0.34375	
0.0670675	0.294118	0.0496135	0.175066	
0.203604	1.46884	0.044245	0.10061	
0.165462	0.328467	0.0619158	0.186441	
0.0774159	0.642857	0.100036	0.133468	
0.0952694	0.228426	0.106018	0.126923	
0.0938916	0.424528	0.0697616	0.318841	
0.156898	0.337079	0.170125	0.117438	
0.116716	0.542169	0.08307	0.234458	
0.0852941	0.28481	0.14302	0.185915	
0.209605	0.318021	0.0689569	0.315287	
0.128205	0.90301	0.110695	0.407407	
0.0935886	0.714286	0.0480752	0.29932	
0.0666769	0.424528	0.12483	0.219269	
0.119868	0.340909	0.0533952	0.101538	
0.121407	0.409091	0.143377	0.218905	
0.201249	1.04651	0.154947	0.200303	
0.0615886	0.204545	0.138288	0.164589	
0.156138	1.34731	0.134137	0.144105	
0.177298	1.08871	0.0590122	0.195846	
0.119407	0.2	0.128683	0.139831	
0.109599	0.638298	0.151283	0.143478	
0.250288	0.417957	0.0591323	0.148984	
0.192393	0.989011	0.0573149	0.175532	
0.160162	2.30233	0.135377	0.144105	
0.21096	0.3125	0.0460384	0.105769	
0.154584	1.51685	0.0818627	0.121324	
0.0763828	0.891892	0.021957	0.257143	
0.0905684	0.555556	0.0344698	0.213592	
0.103032	1.69811	0.0753344	0.117647	
0.0711948	1.68224	0.156653	0.154567	
0.117472	0.927835	0.0456954	0.183079	
0.0904178	1.6791	0.127674	0.266129	
0.10548	1.43426	0.101732	0.121996	
0.294715	0.365854	0.129259	0.192982	
0.139378	0.255682	0.12842	0.298193	
0.132582	0.420561	0.102574	0.284075	
0.0722711	2.17391	0.161972	0.144737	
0.139961	0.833333	0.119774	0.130693	
0.172141	0.414747	0.147815	0.180822	
0.0716994	0.49763	0.0941444	0.125	
0.18777	0.420561	0.185204	0.0876494	
0.0771824	0.524476	0.0469388	0.154567	
0.132703	0.405405	0.0290129	0.130178	
0.0918303	0.35248	0.031289	0.117857	
0.110085	0.292208	0.0382961	0.15677	
0.107647	0.177866	0.107466	0.184874	
0.315981	2.10938	0.0820046	0.210191	
0.211576	0.344828	0.127028	0.258824	
0.105429	2.33333	0.0672843	0.0661986	
0.10453	0.681818	0.112043	0.244444	
0.124428	0.375	0.147161	0.104762	
0.216095	0.703125	0.11805	0.110368	
0.133826	0.62069	0.065566	0.175066	
0.151621	3	0.0987654	0.134969	
0.252467	0.327273	0.103798	0.107143	
0.116093	0.646552	0.0249368	0.137214	
0.226917	2.35294	0.0561432	0.171875	
0.152471	0.169173	0.0234236	0.309133	
0.0940947	0.459184	0.134871	0.0810811	
0.294118	1.45161	0.0509884	0.188571	
0.064684	0.340909	0.0825523	0.210863	
0.0580774	0.529412	0.0613061	0.173228	
0.10709	0.362903	0.0522035	0.254826	
0.0796703	0.333333	0.0992806	0.213938	
0.0897092	0.687023	0.0668605	0.129412	
0.36	1.51007	0.087619	0.104265	
0.231794	0.463918	0.0797074	0.163772	
0.122501	0.247253	0.0354164	0.128405	
0.0950612	0.54	0.129129	0.256809	
0.649496	0.279503	0.0599349	0.28145	
0.884746	1.23853	0.0750136	0.08	
0.130006	0.882353	0.0706123	0.156398	
0.283295	0.254237	0.0992449	0.147982	
0.139916	1.18768	0.0339108	0.169448	
0.113134	0.362903	0.204202	0.208202	
0.144662	3.75	0.103178	0.227586	
0.0474476	0.737705	0.0430208	0.191304	
0.252711	0.630252	0.0690086	0.170543	
0.0845317	0.326087	0.114618	0.127413	
0.60585	0.483871	0.169169	0.43326	
0.0569148	0.45	0.10341	0.255319	
0.296019	1.01942	0.0635067	0.22	
0.16286	0.478723	0.100785	0.0990991	
0.100741	0.391304	0.0751941	0.0738255	
0.150467	0.226131	0.0266796	0.112245	
0.111969	0.315789	0.105003	0.222597	
0.104167	0.204545	0.0747259	0.145695	
0.291262	2.46575	0.0244486	0.264	
0.106098	0.180723	0.173128	0.417722	
0.0897648	0.627178	0.0529903	0.146993	
0.0956254	0.286624	0.0692337	0.197015	
0.228767	0.152027	0.0585925	0.141935	
0.260479	0.56962	0.183462	0.105431	
0.0829678	0.465116	0.0520166	0.0982143	
0.0700935	0.523256	0.0934959	0.189655	
0.0788615	1.10204	0.111886	0.268293	
0.128927	0.27439	0.171474	0.226804	
0.129004	0.342205	0.0658633	0.127168	
0.0954575	1.03448	0.138471	0.216393	
0.0739042	1.16379	0.217666	0.214286	
0.140822	0.459184	0.0528533	0.0675537	
0.219199	1.71756	0.0951068	0.142857	
0.144807	0.269461	0.0350121	0.166456	
0.392599	0.478723	0.089277	0.185915	
0.0822306	0.288462	0.0717318	0.128906	
0.298354	0.346154	0.0785821	0.340206	
0.173376	0.318021	0.0633415	0.138655	
0.0590872	1.31068	0.306599	0.0740741	
0.0826054	1.26506	0.0262308	0.13253	
0.162465	2.08609	0.352626	0.112245	
0.0901741	0.523256	0.101201	0.0980684	
0.0799045	0.368852	0.0591091	0.126923	
0.158846	0.737705	0.07604	0.108911	
0.192776	0.483871	0.113177	0.122677	
0.0742321	1.32678	0.0536391	0.231173	
0.0925926	1.32353	0.0613061	0.0800971	
0.251882	0.441176	0.0614426	0.0770128	
0.125541	1.08434	0.0636018	0.243542	
0.123474	1.32353	0.0533901	0.193833	
0.260531	0.789474	0.0785821	0.182573	
0.0640554	1.00446	0.0957668	0.34555	
0.13581	2.57143	0.175573	0.228769	
0.103893	0.54878	0.0954274	0.283871	
0.101636	0.362903	0.0977452	0.195266	
0.154091	0.381356	0.0607528	0.192982	
0.127156	0.164234	0.0323299	0.202454	
0.20734	0.671642	0.0886605	0.216039	
0.299175	0.604027	0.0648547	0.174834	
0.145631	0.478723	0.0567784	0.162162	
0.293193	0.378151	0.0785355	0.133874	
0.101069	0.343511	0.109495	0.251269	
0.145436	0.810811	0.108038	0.233216	
0.177987	1.03448	0.173491	0.0835443	
0.0960053	0.28125	0.0776808	0.10628	
0.162011	0.703125	0.0286664	0.125	
0.0873494	0.333333	0.0353892	0.203077	
0.0856131	0.612245	0.19005	0.121996	
0.0921025	0.947368	0.0706605	0.106109	
0.211011	1.8314	0.0579406	0.107143	
0.106253	0.763708	0.116367	0.24	
0.0610869	0.36	0.0611025	0.114783	
0.0917915	0.348837	0.0583386	0.0977778	
0.187218	0.638298	0.0615797	0.118068	
0.0788186	0.21028	0.0693032	0.0755149	
0.299381	0.365854	0.179746	0.130952	
0.118464	1.51442	0.106811	0.366667	
0.0930083	0.200893	0.101892	0.270492	
0.158182	0.728745	0.0943267	0.237838	
0.117568	0.177866	0.0919234	0.343303	
0.104542	0.879479	0.0786549	0.109453	
0.0992471	5	0.0920204	0.140426	
0.14806	1.6548	0.0857676	0.119134	
0.0819518	0.255682	0.0664473	0.119782	
0.366779	0.223881	0.0404159	0.112054	
0.28609	0.2	0.0254965	0.213592	
0.188884	1.51261	0.057072	0.100457	
0.111911	0.330882	0.227938	0.123596	
0.102161	0.252809	0.146481	0.112821	
0.227213	0.175781	0.102959	0.112821	
0.117727	1.40808	0.0377255	0.141935	
0.160932	0.416667	0.442662	0.12	
0.865672	0.412844	0.140996	0.153132	
0.108182	1.18768	0.229923	0.302059	
0.0978628	0.803571	0.0905363	0.179837	
0.447531	2.30769	0.0789587	0.144737	
0.154694	0.39823	0.050365	0.191027	
0.0949989	0.255682	0.0766383	0.116608	
0.160103	0.362903	0.028533	0.0891892	
0.209235	0.416667	0.122926	0.0821918	
0.171125	0.62212	0.0608399	0.273292	
0.0737913	0.865385	0.0482475	0.10443	
0.0859684	0.459184	0.0296806	0.273859	
0.167115	0.254237	0.0464529	0.111298	
0.129118	0.732899	0.0325971	0.241758	
0.186802	0.439024	0.0824373	0.282655	
0.0613973	1.98895	0.168278	0.113402	
0.356265	1.50386	0.0851852	0.277895	
0.29747	1.48649	0.0667957	0.381503	
0.106201	0.508475	0.0755027	0.228769	
0.244039	1.52027	0.058093	0.22	
0.115815	0.179283	0.0357097	0.3	
0.111396	0.208333	0.0519872	0.546584	
0.104542	0.775862	0.116603	0.133333	
0.367399	0.454545	0.0935593	0.23741	
0.0990663	0.354331	0.0485403	0.11399	
0.175403	0.298013	0.243236	0.10628	
0.121035	0.445545	0.0253211	0.410788	
0.0859684	0.264706	0.0307452	0.176944	
0.0869652	0.535714	0.0942301	0.134969	
0.0724155	0.608108	0.0423508	0.491315	
0.338346	0.833333	0.0317278	0.130693	
0.873494	0.535714	0.0419995	0.321951	
0.13792	1.66667	0.236707	0.0751708	
0.142998	0.12894	0.0874386	0.254826	
0.115262	0.302013	0.0443944	0.179348	
0.155691	0.612245	0.0841634	0.107143	
0.0635222	1.93595	0.0854026	0.233628	
0.190873	0.54878	0.0971261	0.0670732	
0.0796557	1.82927	0.0745241	0.0979228	
0.137811	1.07143	0.177698	0.088	
0.254982	0.244565	0.0580259	0.20122	
0.0945652	0.628492	0.068224	0.216393	
0.170338	1.50718	0.0267831	0.184874	
0.104117	0.501859	0.157609	0.355476	
0.293423	0.608108	0.0625189	0.183844	
0.526171	0.330882	0.0469907	0.119349	
0.0723192	1.875	0.0454246	0.0944206	
0.0685579	0.491803	0.131931	0.118705	
0.221261	0.205479	0.0801471	0.261905	
0.121373	0.36	0.0454433	0.15493	
0.127979	0.882353	0.0766241	0.34676	
0.0998852	1.07143	0.107602	0.121101	
0.110322	0.517241	0.168601	0.167513	
0.104342	1.32353	0.187576	0.411642	
0.0700483	0.511364	0.0533024	0.112436	
0.0985054	0.538922	0.0662188	0.136082	
0.0515037	0.756303	0.131397	0.123596	
0.453361	0.164835	0.045537	0.217822	
0.184127	1.75205	0.0554106	0.0870712	
0.120033	0.810811	0.075575	0.146993	
0.327232	0.381356	0.150639	0.19186	
0.0870348	0.535714	0.092	0.231579	
0.195242	0.535714	0.0910891	0.163366	
0.323781	0.424528	0.215745	0.180822	
0.160635	2.72727	0.0625638	0.174373	
0.126638	1.10465	0.0572495	0.0920502	
0.110546	0.90604	0.175595	0.115789	
0.228947	0.304054	0.0324553	0.117857	
0.20734	0.382979	0.0882282	0.191304	
0.147758	0.229592	0.0675064	0.306502	
0.301351	0.27439	0.083191	0.104596	
0.0642636	0.228426	0.0540646	0.325123	
0.122054	0.567227	0.0686653	0.101695	
0.0624372	0.833333	0.0262382	0.269939	
0.127342	0.207373	0.0716325	0.117021	
0.105917	1.01124	0.0720251	0.109272	
0.0830311	0.271084	0.0327558	0.118705	
0.181099	3.63772	0.036211	0.125714	
0.162313	0.775862	0.0485189	0.268839	
0.0617459	0.302013	0.0562233	0.0838628	
0.195506	0.439739	0.243001	0.180822	
0.202986	0.535714	0.0592275	0.169231	
0.0934479	0.523256	0.0442662	0.356757	
0.238421	0.197368	0.0572733	0.109091	
0.152444	0.483871	0.0803104	0.233628	
0.0867744	0.54878	0.111391	0.112054	
0.150155	1.32743	0.0247024	0.102644	
0.201063	1.04651	0.131868	0.0988024	
0.208733	0.251397	0.0822163	0.102326	
0.245347	0.288462	0.0768481	0.202454	
0.279264	1.18033	0.0555444	0.172775	
0.100975	0.985401	0.0995791	0.248588	
0.23126	0.36	0.093401	0.115385	
0.102594	0.608108	0.0945961	0.12766	
0.0737913	0.333333	0.0636165	0.145374	
0.612676	0.420561	0.100785	0.142857	
0.221149	1.50794	0.0630425	0.198496	
0.109461	0.416667	0.0896613	0.0989505	
0.0881102	0.264706	0.0488582	0.0791367	
0.0823552	0.590164	0.0587859	0.315789	
0.184166	0.56962	0.0977452	0.143167	
0.234945	0.914221	0.0821021	0.146341	
0.167211	0.333333	0.0593293	0.121996	
0.0962177	0.404192	0.144163	0.0932203	
0.173583	0.380282	0.029484	0.0962099	
0.376623	3.57143	0.137405	0.282655	
0.348465	0.235602	0.0905363	0.197605	
0.0856974	0.412844	0.0523024	0.131213	
0.10746	1.01124	0.0690691	0.142549	
0.130357	0.189873	0.0913504	0.122677	
0.0777341	0.153584	0.0778635	0.0983607	
0.0825427	0.581897	0.0875079	0.116402	
0.335519	1.09756	0.10209	0.122449	
0.0724879	0.633803	0.267368	0.291391	
0.20974	0.279503	0.0570779	0.141935	
0.264063	0.825688	0.0503466	0.080292	
0.653644	0.445545	0.0441812	0.117857	
0.119901	1.61932	0.0493783	0.200608	
0.423977	0.436893	0.162912	0.267748	
0.186256	0.989011	0.0512059	0.177898	
0.0844988	0.873786	0.161011	0.226027	
0.0665036	0.296053	0.066442	0.160194	
0.0922587	0.334988	0.0783534	0.11399	
0.0693448	1.97211	0.08148	0.131474	
0.0859684	0.252809	0.115324	0.170103	
0.19299	0.340909	0.063281	0.162362	
0.0847788	1.20438	0.0879728	0.188571	
0.125252	0.439024	0.0650483	0.150342	
0.11337	0.505618	0.0299544	0.153132	
0.243153	1.32353	0.04156	0.199396	
0.125996	1.36364	0.287201	0.102644	
0.182085	2.19027	0.107466	0.179104	
0.124055	0.318396	0.105031	0.129921	
0.0463901	0.207373	0.0521739	0.0977778	
0.213131	3.75	0.144168	0.340645	
0.0977528	0.197368	0.0426518	0.323529	
0.174489	0.296053	0.0754511	0.176471	
0.115599	0.571688	0.0517096	0.307932	
0.165651	0.697674	0.0480251	0.103448	
0.19555	0.6	0.0501453	0.114983	
0.169723	2.34104	0.179969	0.121771	
0.0961538	0.555556	0.0798457	0.0900409	
0.129619	0.75419	0.124788	0.150342	
0.250336	0.414365	0.101446	0.0970588	
0.1875	0.967742	0.0771812	0.12406	
0.486034	0.144695	0.0269927	0.103448	
0.158701	0.703125	0.0515021	0.0972018	
0.174734	0.357143	0.119313	0.146993	
0.0744735	0.714286	0.122322	0.133603	
0.130084	1.1194	0.290955	0.255814	
0.0983051	1.22951	0.107519	0.124764	
0.0541719	1.30225	0.170581	0.179592	
0.115569	0.616438	0.0797842	0.30485	
0.0889571	2.025	0.0398786	0.119134	
0.163811	0.333333	0.076082	0.261905	
0.142343	0.326087	0.111201	0.19242	
0.0965594	0.267062	0.0532407	0.130693	
0.124892	0.139319	0.0375766	0.314785	
0.319971	0.292208	0.0876399	0.131737	
0.305156	3.33333	0.13329	0.339623	
0.0966882	0.463918	0.134569	0.272165	
0.0886489	0.276074	0.171578	0.195846	
0.123299	0.456853	0.0990194	0.0791367	
0.0854953	1.81452	0.1317	0.44	
0.251155	1.94805	0.0823717	0.126195	
0.0716639	0.882353	0.0403332	0.25	
0.0783925	0.858779	0.0570248	0.507692	
0.103105	0.802139	0.14073	0.111298	
0.140277	0.775862	0.0416887	0.167513	
0.129387	0.263158	0.0870388	0.275	
0.170655	0.140625	0.0497029	0.318841	
0.166157	0.504202	0.0471352	0.0900409	
0.246041	1.60714	0.0407621	0.243243	
0.0755602	0.428571	0.058142	0.125954	
0.0957728	0.381356	0.0653873	0.398792	
0.0845645	0.459184	0.144882	0.0817844	
0.133682	1.24138	0.0757617	0.314286	
0.138139	0.277778	0.0992449	0.122222	
0.408341	1.0609	0.0908717	0.168798	
0.086809	1.05263	0.237169	0.109817	
0.115354	1.39535	0.0455408	0.101695	
0.225505	1.5566	0.0670066	0.475962	
0.162253	0.367347	0.235074	0.110738	
0.1077	1.15979	0.0776371	0.0912863	
0.137702	0.743802	0.0718812	0.0964912	
0.357534	0.211268	0.152184	0.222222	
