Fs[0]	Fs[1]	Fs[2]	Fs[3]	
0.763071	0.704399	-0.407753	-3.93252	
-0.447158	0.439718	-1.8622	-2.05958	
-2.23593	0.911395	-2.78112	-5.45092	
-2.20366	1.60405	-0.953074	-1.73865	
-5.69074	-0.0774648	-2.24721	-2.67166	
-5.30542	-1.16394	1.21117	-4.91686	
-6.53367	0.305848	-1.57079	-1.01915	
-1.82408	-0.230024	-2.51134	-3.04243	
-6.35014	0.279264	0.470217	-5.85857	
-3.29396	-1.74647	-2.12034	-3.82203	
-7.53681	-1.4475	-0.308043	-1.60987	
1.576	0.87495	-2.3723	-2.92151	
2.85331	0.108362	-2.28414	-4.96369	
-0.877013	0.203378	-3.53131	-2.76626	
-1.06983	-0.747555	-2.72756	0.610111	
-3.01445	3.20228	-2.65309	-3.55676	
-2.04967	-0.0585579	-0.0906017	-1.38589	
-1.37638	-5.49994	1.23378	-5.95974	
-0.861303	1.84246	-2.96886	-0.837921	
2.04699	-1.12411	-1.7013	-0.644661	
-7.71943	-2.02927	-1.74996	-3.77082	
-2.25131	-2.95404	3.91796	-3.20131	
-3.3717	0.764776	-1.95315	-1.70471	
-0.604297	-0.732682	1.05973	-4.05495	
-3.6639	-0.0335176	0.564851	-3.65784	
-2.69252	0.270586	0.84653	-1.22134	
-1.89873	-1.24939	-2.67021	-3.43335	
-2.93742	2.01982	-4.30141	-3.89456	
-0.474823	-1.89204	-1.19806	-4.36723	
-2.81872	0.79395	-1.00749	-2.89238	
-5.68923	0.367183	-2.63231	-4.52218	
0.96799	5.65959	-3.10321	0.482644	
-0.186048	2.45839	2.52508	-6.92186	
-1.44447	-1.29478	-0.456048	-1.15051	
-2.01016	-2.83264	-1.63493	-0.853184	
-0.84347	-1.55748	-3.25474	-2.27051	
-0.144382	-0.663593	0.633686	-3.17089	
0.488621	-1.34027	-0.448464	-2.86763	
-1.83619	0.690592	0.785573	-7.04119	
-4.41711	-0.679525	0.953595	-1.9779	
-2.23114	-1.46598	-3.13201	-9.61188	
-2.17809	0.796216	-1.93149	-1.14757	
-0.633183	1.1346	-0.728565	-5.33413	
-0.215334	-1.86209	-0.443519	-3.05587	
-4.58106	-0.230334	-1.96734	-0.743954	
-3.48158	-0.50321	0.234619	-4.08778	
0.0727689	1.56845	-0.571271	-5.93411	
-4.33254	-2.72754	1.03691	-3.2069	
-3.29458	0.169289	2.2938	-3.46635	
-0.659129	-2.75623	-3.96591	-0.803748	
-1.51802	-0.174716	-1.03409	-3.02692	
-0.198513	0.759842	-3.0336	-2.09322	
-2.74932	1.37869	-1.73983	-3.97478	
1.72934	2.57667	3.07257	-2.4178	
-2.97668	-4.464	-2.13669	-5.28477	
-1.52738	1.49186	1.02554	-1.37414	
0.0534159	2.05934	-1.51177	-6.25796	
-3.38681	0.334025	-1.68067	-4.13785	
-1.8609	2.55694	1.62842	-2.62717	
-0.48578	-0.580235	-3.06089	-5.81746	
-0.916801	0.846346	-3.04663	-2.78444	
-0.575926	1.22807	-1.32993	-0.296522	
-0.586314	2.30355	-0.122038	-3.24961	
-2.87521	0.759842	0.741398	-3.57662	
0.450279	-1.86104	1.93426	-2.07073	
-1.71388	0.322457	-0.416357	-3.95906	
-4.96454	-0.00966613	-1.70936	-2.99625	
-1.59672	0.423273	-5.70545	-4.94602	
-5.34536	4.17966	0.580482	-4.19758	
-1.08206	-0.306309	-1.00511	-2.33325	
-0.31134	-0.876332	-2.39	-4.27653	
0.989906	4.90104	-1.28556	-2.02349	
-3.1099	-2.21823	0.206458	-4.11269	
-3.93049	0.163641	-0.81687	-6.39344	
-1.03158	0.948883	-1.94445	-3.63726	
-3.96037	0.305279	-2.94264	-5.07123	
-2.80024	-1.62852	0.0348641	-1.08667	
0.114843	0.79395	-0.0135128	-6.16409	
0.072397	1.01391	-0.0240627	-4.1856	
1.54292	3.85323	-1.76377	-4.07953	
-0.248348	3.08529	0.885995	-0.626496	
-0.227085	0.580375	1.1701	-3.91971	
0.887275	1.7217	1.36931	-2.57641	
-6.58369	1.12937	1.95028	-2.38181	
-0.466162	-0.201349	-0.907666	-5.60816	
-1.25973	-1.76151	-0.910675	-3.80721	
-0.115369	2.02587	-2.13834	-5.1286	
-7.30609	1.62246	-2.14415	-3.79995	
-0.07225	-1.23066	-0.226337	-2.7171	
-1.29696	0.313751	-4.18969	-2.08757	
1.83856	2.86131	-0.798114	-4.96961	
-2.45145	2.30377	-5.75259	-3.6441	
-3.68446	2.07599	-4.11621	-0.684702	
-1.45465	-2.7808	-0.706806	-2.47844	
-1.6642	0.668596	-2.31927	-2.92151	
-5.01088	-0.384079	-1.64898	-3.54362	
0.237863	-2.69922	-0.351847	-8.11401	
-0.086247	-2.87732	-2.42182	-4.77606	
-2.71435	1.03161	0.120488	-2.20966	
-6.41231	0.279264	-1.32411	-1.24489	
-2.23554	-1.89204	-0.376159	-5.81746	
-1.40678	-1.89575	0.964144	-2.81843	
-6.42849	1.73925	-2.6892	-5.8919	
-0.460556	-2.54661	1.69044	-4.9655	
-3.59336	0.806707	-5.50962	-2.76352	
-3.03101	-0.384079	-2.01306	-4.93432	
-4.02535	4.65513	1.51167	-3.56998	
-3.0698	0.96041	-1.71847	-3.69698	
-2.22027	2.04263	-0.157511	-4.76529	
-6.31583	1.43836	-1.7215	-5.41543	
-1.37173	1.95665	-1.93016	-3.88166	
-5.16017	-1.50784	-2.98333	-4.49777	
-4.04941	-1.60447	-2.65214	-0.0599433	
0.129633	-0.272062	-1.69854	-6.77293	
-1.97696	-1.50959	-0.0315792	-0.02102	
-0.729284	-2.65448	-2.31473	-6.85228	
-0.992617	3.29488	-0.17869	-0.948062	
-10.3534	0.00354848	0.741948	-3.7636	
-2.01114	-0.0464656	-0.394835	-2.84473	
-3.81638	-1.92244	-3.90738	-4.42323	
-5.53009	-1.46284	-4.44927	-3.28426	
-2.81319	-0.108692	-2.46254	-4.58877	
-1.628	-2.46767	-0.0333906	-5.40137	
-4.14393	-2.48114	-1.59024	-2.22168	
-3.12268	4.57245	-2.51305	-2.2767	
-2.36162	1.12469	1.94395	-3.44744	
-5.3703	1.05597	-1.52849	-6.53562	
-0.353938	-1.36341	-1.30814	-3.3254	
-2.19004	-0.602192	0.593266	-4.07953	
-1.53094	1.59689	-0.0377023	-2.27051	
-0.804305	0.764776	-2.74564	-4.73806	
-0.941882	0.334025	-1.72978	-2.08212	
-3.47627	0.126975	-1.94506	-2.26703	
1.53483	-1.83256	-0.303534	-3.95906	
-6.11069	-1.06033	-2.33593	-2.70901	
4.02034	0.675532	-3.39252	-7.00494	
-1.50385	1.0223	-2.4736	-1.75158	
-3.11608	0.488475	1.134	-6.95721	
0.613238	-4.12663	-3.03764	-5.72906	
1.43032	2.10132	-2.81471	-2.82132	
-2.0998	-0.339314	0.914541	-3.08968	
1.26278	1.18678	-1.88414	-4.70067	
-0.680264	-5.69386	-5.34084	-4.7113	
-0.969266	2.8036	-1.249	-3.67619	
-1.76034	1.66715	-1.25106	-3.69957	
-1.36254	0.324527	-3.43652	-2.43782	
-3.25767	-0.0335176	-1.96332	-3.63726	
0.164001	-0.938654	-3.55165	0.109958	
-1.9167	0.164454	-1.91341	-4.36575	
-1.06592	0.383477	-1.41883	-2.46506	
-14.1945	0.685674	0.188549	-6.94538	
-1.78839	-3.71319	-1.41778	-3.08281	
-2.93172	-1.05897	-2.48868	0.00924678	
-2.42466	-1.29478	0.767334	-6.29575	
0.410448	-1.84773	-4.43934	-5.22509	
-2.22865	-0.986429	-3.2022	-4.65012	
-4.09555	-1.55869	-4.68598	-2.70184	
-2.09362	1.90332	0.0891697	-1.63202	
-1.06586	-1.57495	2.17064	-1.27471	
-3.09814	-2.56262	-0.954066	-3.46507	
-10.4488	-1.72602	-0.893091	-0.397161	
-1.82082	0.126975	-3.51433	-2.27051	
-2.8997	2.21422	-6.56288	-5.11951	
-1.48898	-1.24939	-3.74435	-4.05495	
-3.41978	3.07269	0.091727	-4.24113	
-3.97805	0.822851	1.63739	-4.68078	
-5.00556	-0.411879	-3.10691	-3.93567	
-0.300106	1.10498	-3.7082	-4.78702	
-0.0698846	0.345944	2.58945	-4.96961	
-4.18202	-0.596215	-1.23626	-2.96833	
0.261303	-1.18878	-4.11719	-5.23117	
-5.69976	-0.33946	-0.873528	-1.42136	
0.416626	2.8036	-2.54428	-3.82944	
-0.91254	-1.87193	-1.21194	-2.04297	
-1.56637	-0.815767	-1.28598	-3.33731	
0.094492	-2.54661	-1.66984	-3.46635	
-5.09062	-1.41601	-1.21452	-1.54491	
-1.37195	0.122386	0.57413	-4.07777	
-5.16668	-1.1853	0.989217	-4.91107	
-2.87345	1.27865	-1.07805	-4.11269	
-0.656173	3.17059	0.994871	-4.50263	
-2.36844	-0.213441	0.777035	-1.37026	
-3.56716	-0.11657	-1.10066	-0.554146	
-3.03316	1.54512	-1.45831	-3.97478	
-3.63152	-4.09474	-0.429899	-1.36638	
-4.28059	-2.29007	-4.25025	0.104525	
-1.7919	2.44885	-0.797835	-3.69951	
-2.74244	-1.65688	0.822709	-3.98075	
-3.0977	-0.94431	0.142068	-4.31242	
-1.81306	-0.846431	-2.38597	-2.44581	
-0.277091	0.565347	-0.018286	-3.46003	
-2.51007	1.8226	-1.4942	-3.12719	
-4.78997	2.20719	-1.02511	-2.55503	
-3.05409	0.164454	-0.690956	-5.23166	
-0.909986	4.60342	-1.19965	0.934618	
-3.02463	0.74148	-1.28263	-6.04684	
-1.10008	1.49675	-3.506	-1.06378	
-2.10895	-2.58952	1.70194	-3.94344	
-1.17119	-3.16727	-0.0153258	-4.77606	
-2.33115	-1.20468	-1.35924	-2.15251	
0.478436	1.70119	-2.78072	-3.28426	
0.522641	0.460661	-0.738039	-5.81746	
-2.62526	-0.990079	-0.0135128	-2.61254	
-1.62282	-0.715655	0.0873766	-2.76352	
-0.427274	1.84933	-1.02184	-0.736061	
-1.44244	1.74914	-2.37193	-1.34331	
-5.98198	-1.38682	1.32077	-1.41341	
-1.00504	3.1441	-1.34068	-2.19175	
-1.94572	-1.72746	-1.28019	-1.49866	
-7.81752	-0.67797	0.409664	-4.5075	
-7.86493	0.169289	-2.38002	-2.87796	
-1.94836	5.43304	-2.06206	-1.7611	
-3.28234	1.1346	-2.3821	-3.36131	
-0.915608	-1.81596	1.50641	-3.74206	
1.84405	-1.83445	-2.46865	-2.37074	
-0.619864	1.78363	0.0676314	-5.11951	
-1.76143	-1.32001	-3.66061	-1.37955	
-3.65926	0.921959	0.112718	-3.09186	
-2.40277	-1.79211	1.26427	-6.23862	
2.13916	1.25533	-1.2722	-5.94263	
-6.11626	-1.79765	0.833365	-2.98612	
-4.56364	3.56526	-0.726925	-3.65784	
-0.658303	-0.455351	0.561772	-5.27808	
-0.660535	0.225846	-3.61768	-1.49038	
-1.66215	1.04734	-1.81563	-5.84206	
-6.58702	6.60691	-4.32708	-1.96196	
-3.19198	1.64905	-2.36129	-6.13662	
-6.19078	0.181776	0.542392	0.788556	
-3.04816	-1.06126	-0.107014	-1.87404	
1.46588	-1.31974	0.567741	-1.29799	
-10.5486	-0.798037	1.6784	-2.80297	
1.52259	0.351117	-2.53312	-3.79086	
-2.01081	0.808434	0.0712514	-6.05394	
-2.61456	-1.4105	-1.68703	-0.892594	
-2.95547	-2.83997	0.894141	-6.5046	
-2.84556	1.29508	-0.691616	-3.98842	
0.879029	2.10267	0.885567	-7.40887	
-0.801624	0.356483	-0.416402	-3.20427	
-1.47886	-1.63996	-3.67597	-2.42445	
-0.410194	-0.502077	-1.35886	-1.30498	
-1.63685	-0.00874211	-0.684819	-3.51756	
0.262832	-1.74369	-7.17041	-6.52525	
-2.94339	0.373336	-2.30676	-1.15101	
-0.712739	-1.69115	-0.673771	-0.789154	
-2.52725	-2.31399	-1.08538	-1.33568	
-0.556725	0.651682	-2.12516	-2.86841	
-2.78649	-0.180659	-0.77965	-4.41669	
-3.50222	1.04507	-1.60047	-0.653492	
-5.70195	0.194901	-2.3821	-0.641545	
-3.90477	2.4393	0.960915	-1.40549	
-2.91508	2.84346	-1.80992	-5.45807	
-7.13489	1.74888	1.16621	-2.03197	
-4.29446	0.879863	-2.31342	-4.70167	
1.69304	0.237005	-2.9686	-2.39141	
-1.15063	-0.280571	-2.82858	-6.10038	
-0.956283	-0.773067	-1.10723	-4.11509	
-5.63737	1.61471	-6.9345	-1.19228	
-1.10184	1.08511	1.7202	-3.97693	
-6.47952	-2.24783	0.071909	-5.19252	
-2.66972	0.907989	-2.0291	-2.81204	
-1.95515	1.58007	-1.49701	-1.76142	
-1.43737	-1.30308	-1.1522	-3.12719	
1.82504	6.17624	-2.30486	-3.03208	
-1.48115	-1.80269	-3.82489	-3.66592	
-4.86939	3.26803	-0.0582879	-2.70184	
-1.56347	-2.234	1.82052	-1.35097	
-4.83062	2.64184	-0.407753	-4.07777	
-1.31763	-0.573145	0.499142	-2.22772	
-0.363857	-1.05189	-0.647451	-0.893437	
-3.80236	6.27153	-5.47064	-2.89237	
-3.74751	-0.502077	-1.2614	-6.16409	
-0.768549	-1.98877	-4.37913	-2.58359	
-1.35475	-0.57702	-3.01395	-4.66386	
-0.765735	-1.59458	-2.02907	-3.55018	
-1.94467	-0.532999	-0.854651	-4.27653	
1.24132	-2.34743	0.275697	-1.48212	
-8.56649	1.64079	0.353826	-1.36638	
-7.15215	0.750084	-1.06276	1.26776	
-1.13832	0.0431411	-1.98625	-2.71269	
-2.04599	-3.3474	-4.55511	-2.45803	
-3.11779	-2.39169	-2.5173	-4.90843	
2.70228	-1.1758	2.02541	-4.37953	
-3.08042	-1.55748	-2.01503	-2.74793	
-1.45568	-0.384079	-1.32656	-3.15988	
0.091724	1.55142	0.26371	-2.32689	
-4.2458	0.178304	0.667049	-7.22855	
2.04045	-0.0838703	-2.95469	-1.85028	
-6.43733	0.390084	-2.42822	-0.789707	
-0.803731	3.76062	-0.842414	-3.73492	
-5.45325	0.0709544	-8.17091	-6.11844	
-0.963319	1.77258	-1.23135	-2.32806	
-5.05558	5.67309	-0.283604	-7.45408	
0.425348	-1.4475	-2.33624	-3.17641	
-1.37025	-1.00809	-4.98131	-3.59627	
-0.623749	0.00354848	-1.661	-1.6645	
-3.87226	-0.610417	0.876808	-2.78444	
-2.39309	1.567	-0.65004	-4.33968	
-4.08397	0.390084	-0.0823102	-2.73929	
-0.23135	0.398716	-3.22765	-4.82023	
1.5	-0.763024	-1.74188	-2.94272	
-2.69903	0.614515	-1.18573	-3.52405	
-1.44738	-0.0335176	-1.56739	-1.85303	
-1.76687	3.90123	-1.10723	-0.0936658	
-2.29803	0.360986	-5.02835	-3.17089	
0.495729	-2.45224	0.0804452	-1.56632	
-1.27788	-2.11488	-3.75443	-1.53219	
-5.00897	-2.13982	-0.60469	-3.46635	
0.665425	0.259172	-1.64969	-4.50263	
-2.33983	-0.971216	-0.708256	-3.44744	
-6.92316	2.0821	0.326673	-4.49292	
-1.87691	-0.505487	-2.49259	-3.77807	
-2.00007	0.387679	0.0117563	-1.85392	
-1.86207	-2.75623	0.595484	-2.73246	
-1.83016	-0.33946	-3.67078	-3.18196	
-0.891201	-2.18321	-1.61124	-0.927716	
-2.79124	-0.132413	-2.7328	-2.60143	
-2.93991	0.305279	-1.12784	-3.77005	
0.209277	-0.166937	0.842663	-4.66386	
-5.98982	1.30367	0.0662824	-6.07349	
0.683991	-2.04872	-0.390933	0.0303586	
0.409922	0.541805	-1.39629	-8.99457	
-0.959289	-1.00094	1.16269	-3.5111	
-3.26471	-3.40736	-1.1829	-2.73929	
-2.04323	1.67367	-2.0587	-2.92641	
-2.52139	2.00905	-1.7914	-2.61814	
-0.547008	-1.48324	-0.467861	-2.6821	
-7.39294	1.99217	-0.303892	-6.08242	
0.0744176	-1.3873	-4.51042	-4.58184	
-0.791195	0.192067	-2.78997	-0.212368	
-2.78078	6.7316	-2.58624	-6.13662	
-2.57847	-0.926889	-3.45766	-2.33792	
0.0974211	-1.28631	-0.601483	-5.682	
-6.15685	-0.930907	-0.00546783	-3.02925	
-0.391698	0.198922	-2.23486	-4.91107	
-2.54578	0.335258	-2.80381	-1.27471	
-1.51584	-0.958597	-0.908277	-5.73698	
-8.77374	4.87386	-1.80651	-3.47904	
-1.70452	0.253066	-5.01541	-0.330373	
-4.94877	-1.0413	-0.699547	-1.5967	
1.34351	1.58007	-2.06718	-6.66715	
-3.49558	-3.06313	-2.70217	-2.04849	
-2.37732	2.88995	-4.00251	-2.52685	
-1.86782	-0.228299	-3.26806	-4.08099	
-3.44865	0.690592	-2.74446	-1.85893	
-2.49656	-0.0620189	0.576494	-4.99941	
-2.05676	1.62619	-2.42968	-3.15988	
0.321285	-0.71158	-0.256549	-2.96103	
-5.78073	-4.69176	0.548343	-2.26703	
0.923385	-1.50959	0.568739	-5.16676	
-1.53228	-1.43227	-0.792094	-3.53055	
-2.50505	0.367183	0.167311	-2.91175	
-0.594308	-1.98824	-0.430188	-1.32808	
-0.345257	1.21531	-0.585421	-0.82412	
-4.52523	-1.30032	-0.169855	-1.98448	
-2.1252	-0.732682	-1.85786	-1.96196	
0.636398	1.30367	-2.59099	-3.56396	
-2.3943	-0.172542	-0.424704	0.442468	
-1.09821	-1.60655	-2.96635	-3.99997	
-3.06227	-0.0966308	-2.11597	-0.512393	
-0.375425	-0.673898	-3.62009	-0.434023	
-5.21506	-0.0966308	-3.61341	-2.65672	
-6.19664	-1.0413	-1.36571	-0.8386	
-1.75167	-0.524589	-0.574954	-4.1463	
-3.66685	-3.13286	0.410707	-4.8766	
-10.132	-2.01642	-0.48342	-4.37648	
0.329611	0.169289	-1.1687	-5.28477	
-1.32978	-0.0620189	-0.58573	-3.31056	
1.49059	3.42286	-4.71357	-0.675736	
-2.68582	2.91845	-5.01066	-3.22116	
-0.557298	-3.31025	-1.64468	-4.33968	
-2.69218	0.796216	-1.16123	-2.8972	
-0.371281	1.54717	0.251365	-2.54813	
-5.74957	1.20251	2.69714	-3.74922	
-3.25832	0.235427	-4.44826	-3.92792	
-4.26435	3.48439	-6.74255	-3.88956	
0.792931	-1.62442	-1.35964	-2.05403	
-6.13062	-0.575329	-0.163025	-1.79111	
-3.46093	-0.527536	-1.96658	-1.37026	
-2.87773	-1.12233	-2.05428	-1.05298	
-3.86324	1.29118	-2.48912	-2.04487	
-6.55691	0.253007	-3.61625	-3.39171	
-0.480883	1.54834	-6.08778	-5.31853	
-6.05166	0.954533	-0.6009	-3.15988	
-5.42635	0.937352	-6.24587	-2.15251	
-3.10933	-0.629447	1.14607	-2.47161	
-6.14202	-0.0434407	1.34248	-0.828935	
-0.237122	-0.148391	-0.827113	-4.40268	
-8.11558	-1.55748	-0.961595	-3.33731	
-3.85457	-1.8531	1.53947	-5.14126	
0.555127	-2.43481	0.433523	-2.94612	
-1.83832	0.0996492	0.126301	-1.27943	
-5.93947	-0.325257	-1.46153	-2.63499	
0.595444	1.78363	-1.53129	-3.04696	
-1.73418	1.40858	0.732626	-3.9202	
-1.22773	-0.108692	-1.33776	-1.08667	
-3.79455	0.722822	1.26049	0.117351	
-2.64947	-0.384079	-7.70852	-2.33808	
-4.21621	-1.32889	-3.15738	-5.72116	
3.31747	-3.22371	-1.02367	-5.8931	
-10.2136	-1.39262	-1.1194	-4.14384	
-2.56149	-0.141577	1.89864	-1.78509	
-1.40274	0.977245	0.103302	-4.16045	
1.31912	0.41431	-1.76006	-2.84473	
-1.02227	3.15538	-0.227666	-3.31357	
-0.848244	1.82754	-3.2817	-3.48542	
3.06106	-1.46135	-0.722012	-4.39508	
-4.06194	0.640343	-1.43332	-5.14761	
-0.491012	1.56145	1.5747	-2.54089	
-0.761428	1.81596	-2.48194	-1.68646	
-2.50964	1.00454	-1.6009	-3.46003	
-1.12849	0.912362	-0.558895	-3.82944	
-5.14306	-2.13982	-0.438294	-4.54685	
-2.79891	1.98249	-0.0876046	-5.17961	
-4.92975	2.42917	-0.525951	-4.15477	
-2.15623	-0.705937	-3.28454	-1.68627	
-10.1574	-4.70329	0.962163	0.890416	
-2.25716	1.9723	-0.663858	-2.7871	
2.75922	1.33548	-3.01312	-1.92831	
-2.61456	-0.575329	-1.85647	-4.8258	
1.33893	2.01043	-4.02004	-6.4334	
-2.29803	-0.108954	-3.47668	-3.1164	
2.53911	1.88181	-0.245544	-4.49777	
0.022889	-0.209009	-3.37072	-1.78509	
-3.17076	2.3905	1.98037	-5.36044	
-0.801146	2.19898	-1.67023	-4.09883	
-1.23028	-2.31847	-3.31094	-3.58507	
-0.220795	-0.758302	-5.54963	-2.14614	
-3.63299	0.0795119	-0.0893437	-3.57662	
-2.12506	-2.03746	-3.99439	-0.257943	
-3.39643	0.373336	1.44847	-2.72594	
0.0930277	-0.0585579	-1.65402	-3.1326	
-0.341237	0.660396	1.30382	-1.9779	
0.235164	1.02882	1.92978	-1.67712	
-8.18533	-0.833649	0.835433	-2.60143	
3.33947	2.45987	-8.42543	-2.89238	
-8.32794	1.07217	-3.36749	-1.11011	
2.41748	0.945303	-0.256011	-5.21855	
-1.58318	1.78466	0.822745	-1.67179	
-2.37191	0.787165	-3.06192	-3.38141	
-1.29916	-0.532999	-0.543828	-1.70934	
1.07881	2.93108	-0.254666	-1.1298	
-1.6182	0.657333	-2.61696	-1.45696	
-3.12085	-1.14963	0.193937	-1.42435	
0.0635851	0.178304	-1.02525	-5.32534	
-0.863266	-1.62319	-1.37708	-3.82944	
1.16795	-1.79765	-4.89617	-0.0106576	
-2.87449	-0.174668	-2.40778	-5.47244	
-1.19474	2.7126	-1.09103	-2.61254	
0.262592	0.0136386	0.451541	-6.71743	
-0.620638	-0.602192	-2.24074	-4.26763	
0.198018	0.388248	0.412911	-1.38583	
-1.54997	-2.15581	-3.23252	-4.10436	
-3.49757	0.181776	-0.237097	-6.21981	
-2.21956	-0.0460042	1.16232	-4.10436	
1.86151	0.237005	-0.87968	-1.5967	
-3.29036	1.83845	-0.388205	-3.34328	
0.888313	-2.3739	-0.191246	-5.00031	
-1.74828	-3.63297	-1.66988	-1.57495	
-3.90618	-1.1634	-0.38354	-5.22509	
-3.1481	-1.22879	1.85506	-1.01036	
0.411991	-0.0238783	-3.14984	-3.54362	
-4.98576	-4.25829	0.844211	-5.68067	
-1.58497	-0.140379	-2.8086	-5.21855	
-1.7397	1.32227	0.598744	-1.72332	
-0.55825	3.40523	-1.22808	-2.52003	
-0.687727	0.466222	-2.31819	-3.38557	
-7.67476	2.50579	-1.56062	-2.75723	
0.0298005	-1.47981	-2.10337	-5.00541	
-2.28519	2.5714	-0.900503	-1.82033	
0.913063	0.645182	-1.45734	-3.69256	
0.0121538	-0.502077	-2.27094	-1.92323	
0.441282	0.115297	-0.802234	-1.79886	
-1.95996	-0.0460042	0.940634	-3.24961	
-4.21847	-1.06126	-4.35811	-2.21566	
-4.22674	5.69711	-3.02331	-3.67619	
-3.49379	1.09267	2.16886	-1.35439	
-1.48118	4.53936	-4.35227	-2.28291	
-1.54536	-1.72746	-0.871511	-1.05837	
-1.79528	-0.341126	-0.736782	-5.30498	
-0.300543	-2.01642	-3.11989	0.156792	
-4.1663	0.617508	-5.4361	-2.274	
-1.97556	-1.52677	-2.39067	-3.47269	
-3.39091	-0.612316	-1.88624	0.416339	
-0.43978	-1.08351	-0.889218	-2.10104	
-6.28792	-1.1634	-3.07156	0.841801	
-2.55421	1.99776	-2.79152	-1.31297	
-2.517	1.63897	-4.28466	-3.81465	
0.32217	-1.14311	1.96738	-1.31722	
-6.0666	-0.505487	-4.80141	-4.44217	
-4.98656	0.313751	-1.97145	-4.13785	
-3.78373	3.33716	1.092	-2.56213	
0.549607	-1.0413	0.0127716	-4.27653	
-1.46692	-2.40666	-5.91687	-8.49345	
-2.35616	-1.72602	-0.81855	-5.99427	
-3.93489	3.14169	0.486987	-2.0541	
-3.38355	-0.812924	-0.762215	-0.912589	
-1.88054	0.390084	1.29144	-3.17089	
-2.966	0.570599	-5.79373	0.651095	
-3.62998	1.7615	-2.35817	-2.76626	
-1.63685	0.388248	-1.98749	-0.360922	
0.63516	1.45344	-4.60587	-1.16833	
-2.20837	0.645182	-1.06872	-6.31504	
-0.0863509	-0.429384	-0.646183	-4.6704	
-5.70353	-0.148391	-3.5473	-1.86899	
0.433444	-0.517483	-4.57562	-2.28913	
-5.21457	-0.612845	-0.678261	-1.93569	
-0.740142	0.064063	-3.87869	-2.40457	
0.600235	0.491095	-4.37717	-4.54189	
-2.65278	-0.888239	-3.27249	-2.73246	
0.458425	1.41349	-2.20684	-2.01017	
-3.44984	-2.29007	-0.693796	-2.25923	
-0.51686	-4.09474	-1.66845	-4.99342	
-3.68416	0.536396	-1.00711	-2.39916	
-1.48106	-2.00708	-3.73306	-0.0970666	
0.223566	-1.01076	1.1503	-5.30498	
-1.79337	0.675532	0.150038	-1.87798	
-4.86943	0.517373	-1.68127	-3.43493	
-2.89366	3.31724	-1.90132	-6.8067	
-2.88371	-2.75143	-2.485	-6.11844	
-1.01342	-1.96374	-0.621802	-5.53068	
0.266411	-1.50808	-0.473052	-2.95976	
-2.37096	1.31612	-2.29568	-1.63648	
-5.98982	-0.141577	-5.95241	-6.07047	
5.09914	-0.36263	0.853564	-3.63045	
-1.61389	0.59906	-7.03215	-2.87585	
-1.17671	-1.31974	-2.87085	-1.17879	
-8.81055	-0.622893	-0.437686	-4.79252	
-4.01369	2.79017	-3.12082	-2.85417	
-7.18502	-0.833649	-4.21721	-3.24389	
-1.7919	-0.00880701	-4.51495	-5.82563	
-4.55539	1.04446	-2.94431	-2.85944	
0.375661	-0.44	-1.17123	-2.35246	
-5.70643	2.20419	-1.04422	-5.7851	
-5.06961	-0.109462	-5.14335	-5.95117	
-1.43407	-0.221717	-1.73051	-0.509603	
-3.12651	0.146296	-0.0981632	-3.70659	
1.13904	-3.63297	-2.63126	-2.15059	
2.22841	1.58983	-3.19068	-1.81429	
-3.03144	0.920072	-2.12748	-0.176779	
-1.52598	-4.19911	-3.10691	-6.81803	
-5.70884	-0.217207	1.82024	-4.31242	
-1.41817	5.59344	-3.28543	-4.51934	
-2.9971	2.00905	-0.695663	-3.61011	
-3.72676	-1.07293	-1.65534	-3.3018	
-0.247247	-3.23766	-0.83739	-1.65444	
-5.24547	2.17471	1.79088	-2.94117	
-5.27074	0.064063	-2.60023	-3.86684	
0.278116	-3.31025	-4.3101	-3.8909	
-4.56646	1.44559	-0.039754	-4.95399	
0.280548	-3.7682	-2.70548	-5.96833	
-3.63232	-2.62869	-2.38932	-1.32051	
-3.48582	1.37475	-1.5657	-1.36638	
-6.86475	-0.998556	-0.82486	0.159156	
0.233493	-2.07058	0.618962	-2.17385	
-4.33509	-1.42499	-0.293409	-9.88068	
-2.28754	4.95148	-3.66269	-0.368629	
-6.9685	-3.74054	-2.57518	-1.28604	
2.13285	-1.59458	-0.970141	-5.14126	
-0.365643	0.313751	-0.49395	-5.01201	
-6.81916	0.690592	0.285241	-1.76587	
-1.41616	-2.31399	-0.988439	-5.06625	
-2.63697	-2.99344	-2.07917	-2.05958	
-3.26244	2.0821	-1.0808	-2.55218	
-4.65802	-4.58096	-1.01739	-3.1656	
-1.5221	-1.1634	-1.20412	-4.86359	
-5.77292	-0.587502	-0.365326	0.0856636	
-0.559014	5.15252	-1.74742	-4.20253	
-1.84294	1.1137	1.15128	-5.60529	
-1.34847	0.977245	0.339241	-2.1755	
-3.92042	1.35322	-2.19253	-5.63572	
-2.78045	-1.23689	-0.992116	-5.73698	
1.27315	0.732255	0.539674	-4.1688	
-2.18949	0.685674	-1.28682	-0.676466	
-3.21736	-0.974377	-3.45925	-5.02351	
-0.277699	5.04962	-0.0686382	-0.671142	
-0.497002	-0.325257	2.99666	-1.15792	
-1.98595	-0.728588	-3.41635	-5.41543	
-6.05429	-1.55869	0.666466	-3.62365	
-2.32087	-0.209009	-0.820257	-2.34603	
-1.63182	2.18406	0.914089	-3.19387	
-5.50982	1.52347	-1.94879	-3.06481	
0.76182	2.8611	-1.38619	-5.09101	
-0.842839	1.47428	-1.80308	-3.88956	
-3.11169	-2.21823	-0.293682	-3.5628	
-2.32308	-0.938654	-3.52418	-5.52333	
-2.08599	0.163641	0.944726	-2.31423	
-4.50063	-0.769107	-1.19538	-3.47904	
-2.15263	-2.91534	0.864725	-3.22557	
-9.14861	-1.10177	-1.60818	-2.51987	
-0.398924	7.36494	-0.785031	-3.63726	
-1.96009	-3.40349	-2.46508	-1.65444	
-3.24717	5.89993	1.50949	-2.73288	
-3.84199	0.429872	-3.27653	0.573638	
-5.92636	2.77528	-0.724801	-5.76088	
-1.86605	-0.575329	-1.07274	-6.13662	
-2.18499	-0.246739	-2.6197	-3.23249	
-1.3981	-1.61442	-1.89918	-4.05495	
-0.644601	3.83505	-2.80982	-3.07379	
-1.96713	-0.906761	-2.43654	-2.58076	
-2.45598	-0.455351	0.736578	-0.82412	
-0.665635	0.248113	-0.00619815	-1.7374	
2.20779	5.31864	1.34328	-5.02351	
-4.16809	4.90538	-0.963215	-4.78153	
0.236592	0.676264	0.251056	-2.76352	
-0.714015	-1.17667	-1.74705	-2.72476	
-3.10336	1.73531	2.45929	-2.76626	
1.34281	-0.411879	-3.49205	-6.23862	
-2.94909	1.88181	-1.32108	-2.11878	
0.859879	2.14576	-0.864027	-2.35974	
0.635481	2.39125	-3.41257	-3.12719	
-1.43838	1.84933	-2.74984	-2.28913	
-2.57687	-1.28631	0.975344	-3.30061	
-2.98688	1.48618	-3.53737	-5.71328	
-3.69709	-0.869882	-3.85629	-3.12843	
-2.71107	-1.39262	1.87619	-4.03871	
-0.943249	2.53401	-4.86999	-4.36117	
0.180924	0.373336	0.669399	-3.5111	
-1.90339	-1.14311	-4.00852	-2.73246	
-2.55092	-0.323645	-2.57702	-5.49413	
-6.99197	2.45913	-1.06884	-1.55345	
-1.44374	-0.201349	-3.27815	-4.98744	
-1.71183	-0.552137	-2.92583	-3.77807	
0.282521	-0.644889	-2.91558	-3.57662	
-0.911099	0.778551	-4.62353	-0.939572	
6.16849	-1.95329	-4.83883	-1.11853	
0.532503	1.40211	-2.91977	-1.97856	
-5.4182	0.609493	0.516765	-4.12736	
-6.60317	-0.50321	-2.90444	-4.11509	
-0.915949	-2.38564	-1.64125	-2.57089	
-0.488021	-0.0335176	-0.560255	-3.31357	
-3.16212	1.88187	0.872462	-2.49216	
-1.87124	-0.458546	-5.01189	-1.89437	
-6.92135	2.26172	-2.79078	-6.13662	
-3.10299	0.521185	-3.42951	-3.92792	
-0.314609	3.09373	-1.25313	-3.25041	
-1.84429	0.324527	-5.46325	-4.18896	
1.32985	-0.627661	-1.17387	-7.63688	
-2.21158	-0.65694	-0.844134	-3.77807	
-0.970002	0.567899	-3.53796	-5.73992	
-6.53009	-0.312068	-2.25323	-5.96833	
-1.64097	4.37143	-0.855478	-3.71898	
-7.94333	-1.52542	-7.22002	-5.54544	
-3.33599	-1.17667	-2.11772	-1.09668	
-2.80448	0.977245	-3.05975	-1.57196	
-4.56646	-0.0390544	-1.0899	-2.34603	
-1.64887	0.750676	-1.04687	-2.76352	
-0.272084	1.75039	1.62483	-6.33445	
-5.27216	0.237005	-0.672169	-5.5752	
-0.667943	4.11734	0.29008	0.479993	
-3.71817	-0.0253316	-3.89788	-2.50812	
-0.932191	3.10046	-3.88276	-4.24993	
-6.20002	-0.692948	-0.812078	-2.84473	
-4.02787	0.520512	-2.83478	-4.19758	
-4.17525	-0.33946	1.40648	-1.7538	
-0.454206	0.614515	-2.31149	-4.93112	
-2.32269	4.39406	-0.877861	-4.96369	
-5.26793	-0.780457	1.08446	-3.38141	
-1.75179	1.46761	-1.59074	-1.7258	
0.664428	-0.604661	-3.77014	-2.11597	
0.724592	-0.230334	-0.137083	-6.99294	
-2.59221	-0.332367	-1.68523	-3.39168	
-3.97835	0.808434	-0.687587	-3.38557	
-5.06947	-1.62319	-0.785696	-3.37116	
1.31529	-0.196987	1.80797	-5.13492	
-8.46937	1.07217	-3.97676	-4.19405	
1.41987	-1.1634	-0.238324	-4.28545	
-2.57331	-0.230334	-1.07379	-1.30447	
-1.60428	-0.869882	-1.47903	-4.99941	
-0.968635	-1.3174	-5.3696	-0.537344	
-0.199447	0.491914	1.2909	-2.86841	
-2.17324	-2.04997	1.58836	-2.94272	
-8.82168	5.11346	-0.580182	-2.50597	
1.66343	1.33722	-2.97778	-1.38975	
0.402117	-1.98824	-0.449629	-2.41117	
-3.59033	0.729658	-0.138652	-2.49216	
0.215271	-1.06635	-0.0641483	-2.61254	
-7.77541	-1.80346	-1.72247	-4.94253	
-7.57382	-0.846431	-1.35316	-4.13785	
-10.2181	0.980123	-3.70091	-5.16036	
-7.26273	2.87868	-3.14291	-1.98324	
-3.3189	2.73396	0.036541	-2.40041	
-2.52338	1.77258	-0.566818	-5.199	
-3.22726	1.41423	-2.35566	-1.89437	
1.94741	4.68165	-0.0208484	-4.01548	
-5.08403	0.0400417	-0.746605	-0.0936658	
-2.51474	-0.833649	-2.11466	-0.0168584	
-4.3403	1.86018	0.271269	-5.75289	
-6.85333	-3.88205	-0.353	-7.98487	
-5.17863	0.94972	-3.86993	-4.91686	
-4.82426	-0.209009	-0.438294	-1.30173	
1.876	-0.938654	-0.599968	-2.51987	
-0.226091	1.00727	-3.03112	-6.05569	
-0.201932	-2.08797	-2.98567	-1.90363	
1.20179	1.6912	-1.09256	-3.61011	
-0.172345	0.98558	-7.07411	-4.44973	
0.240952	-1.74346	-2.11566	-1.4504	
3.66725	-1.29478	-2.9092	-3.7564	
-3.47075	1.70119	0.54038	-3.40395	
1.68857	-1.69115	-4.16035	-6.91016	
-2.60964	-0.458498	-4.06793	-1.9701	
0.913457	5.40045	1.8437	-5.13492	
-0.0245225	0.0152826	1.28602	-3.06802	
-1.73703	-0.815767	-3.54288	-3.52404	
5.77691	3.51385	-1.70986	-2.00475	
-0.410867	0.0519969	-3.67411	-5.1223	
-8.84219	-0.141577	0.653464	-1.71399	
0.189261	2.26405	-3.42687	-4.44498	
-1.94623	1.2575	-1.222	-3.88956	
-0.468711	0.867626	0.978603	-3.08438	
-0.78233	2.80799	-0.351444	-3.95123	
-0.687697	3.49347	1.7426	-4.85249	
-4.69539	-0.341126	-0.159228	-4.41382	
0.0714592	-1.61059	0.229639	-2.24285	
-0.559325	0.302929	-2.41093	-3.42288	
-0.95518	-2.11275	0.97331	-3.84416	
-5.98936	0.466222	0.251662	-4.40734	
-2.58251	1.82754	1.15388	-3.67861	
0.111867	-3.55534	-0.336944	-3.07909	
-1.71183	1.76912	-1.30999	-3.73492	
-0.919873	-0.0774648	-0.853612	-5.10348	
0.236612	-7.04324	0.277843	-2.92581	
-8.042	-2.59547	-0.657823	-5.97695	
1.35117	-0.0778188	2.0632	-3.70659	
-2.2716	-0.397202	-0.107626	-1.19228	
-5.81508	1.48618	0.470898	-0.876129	
-1.25918	0.919933	-1.06979	-1.48344	
-0.273242	1.49675	-1.27345	-4.24113	
2.03171	-2.33366	-0.512279	-2.36707	
-5.99242	-2.29064	-0.355915	-2.33808	
-5.45078	1.45344	-1.40996	-3.28426	
-0.335225	-1.06126	-5.12574	-0.20163	
-0.114455	0.338273	-1.4215	-4.81947	
-1.44083	-1.98877	-0.917403	-3.67861	
-5.53676	2.41341	0.890761	-2.51291	
-1.79791	-0.36263	-2.46245	-5.95117	
-1.83484	1.15357	-0.295607	-3.17089	
-3.12959	-1.17667	-1.9517	-4.90529	
-1.52901	-0.684256	-2.77001	-0.681805	
-5.74635	-1.03539	-2.58068	-3.23818	
2.10662	0.954533	-3.1415	-1.7374	
-0.990621	-0.790895	-0.0538448	-6.55648	
-1.0519	-0.801879	-3.6608	-2.23378	
-3.39736	-1.7169	-3.67486	-4.00653	
-4.31847	0.971617	-1.45348	-6.5986	
-1.29682	-1.63996	-0.581058	-3.58507	
-0.721104	-2.73165	-0.863679	-4.07953	
1.6321	3.15538	2.43201	-0.443277	
-2.89219	3.1441	-0.482486	-1.3976	
-4.84028	0.893957	-0.0705452	-2.0475	
0.153348	0.590115	-3.30443	-4.52218	
-3.6223	-1.52542	-1.19652	-1.39908	
-1.94327	0.759842	-2.23383	-3.67167	
-1.28909	0.279579	-2.72439	-3.1164	
0.41834	1.64905	-1.6024	-5.21202	
-3.2143	-0.108692	-0.532639	-1.75673	
-2.70455	1.76912	-0.204906	-6.46371	
-3.37336	-1.4783	-3.72651	-2.31637	
-1.28761	-0.50321	-4.97507	-2.63923	
-2.03864	0.660396	-1.1194	-3.72071	
-8.38596	-2.15581	0.369027	0.416339	
-1.8041	0.937352	-1.76179	-3.9906	
0.061076	-0.295521	-1.01431	-3.8763	
-0.672356	-0.496003	-0.509221	-2.24595	
0.671704	-0.548629	-2.50408	-1.7611	
1.58594	-0.705937	-0.396328	-2.8028	
0.740298	-1.77031	-0.532804	-5.92562	
-0.509765	-2.92289	-0.402034	-5.27808	
-2.05246	0.665554	-2.78452	-2.01559	
0.40019	3.30873	-2.6006	-5.52333	
-0.500064	-0.0464656	-1.01356	-4.13559	
-5.93046	-2.87486	-0.188032	-2.10104	
-1.10986	4.33734	-0.300499	-1.99397	
-5.44911	0.87495	0.262786	-2.76626	
-2.30847	0.948883	-0.524293	-1.20699	
1.01599	0.377737	-0.226071	-1.834	
-4.99319	-0.201349	-0.0308742	-3.3018	
-0.328707	-2.08154	0.620338	-4.07953	
-0.239839	-2.29064	-3.3996	-4.84825	
-3.73954	-1.14311	-4.64401	-3.50802	
-2.65916	-2.96109	-2.16317	-1.47801	
-4.57881	1.27865	-4.93613	-3.11103	
0.172985	-0.580235	1.81825	-2.45734	
-3.40611	-0.205198	-2.82206	-4.60895	
-0.723013	0.0328926	0.324988	-3.85931	
-2.28636	-2.13417	-1.62466	-0.989416	
-9.71537	2.098	-0.714325	-9.05656	
-7.09909	0.517373	-2.30825	-4.28042	
1.30799	-0.411879	-1.37708	-1.60987	
-4.70688	2.50593	-4.36542	-3.61011	
0.373204	-2.04982	-1.51223	-1.09325	
-2.23691	1.76693	-1.09892	-3.52405	
0.158006	1.00029	-1.07193	-3.05284	
-1.7404	-1.40218	0.00133376	-0.483657	
-2.54163	3.74049	-0.139648	-1.95141	
1.93149	-2.26755	-1.95194	-3.31357	
-5.61128	3.43593	0.775966	-2.7936	
-1.91178	-3.40736	-0.195263	-1.90462	
1.47645	-0.857727	-5.32444	0.374291	
-1.88683	1.31745	-0.937211	-2.20966	
-5.14469	4.57309	-2.54322	-2.00475	
-1.17558	0.377737	-2.40788	-6.21045	
3.0442	1.81661	-3.24444	-1.92528	
-5.08986	0.666823	-0.767204	-2.40415	
-1.00589	-0.00880701	2.16779	-3.15439	
-5.00882	-0.339314	-3.13903	-4.03871	
-2.62201	8.56597	-4.35275	-1.93048	
-4.78721	-2.69679	-1.91888	-3.46003	
-10.4491	-1.01076	-0.606859	-3.23249	
-2.44648	-0.736865	-1.32622	0.569502	
-3.04179	0.0328926	-0.777974	-2.87796	
0.0131402	-2.02927	-2.19054	-3.56998	
-0.908433	-0.161516	-1.80045	-5.42249	
-2.09116	-0.430813	-5.27243	-5.42249	
1.87281	2.17624	-5.8004	-4.07953	
-0.779312	-1.36341	-3.50893	-1.95141	
0.313871	1.02882	-1.49793	-2.70184	
-3.51239	0.232875	-2.54226	-6.72845	
-1.3991	0.553604	2.59403	-0.0499261	
-4.00281	3.78305	-1.54884	-2.51987	
-2.85136	-2.56294	-1.28575	-0.198062	
-1.98232	-1.34333	2.10587	-5.56028	
-2.20361	0.619131	-0.777639	-2.51605	
0.28349	-1.36341	-0.189115	-0.942648	
-4.39613	1.47428	-3.10413	-2.33963	
-0.208679	-1.89575	-0.249296	-3.00133	
-1.51673	-0.408508	0.717454	-3.94344	
-4.24327	-1.32889	-1.02814	-3.20988	
-0.298354	-0.00880701	-2.1946	-0.790728	
0.483328	0.169289	-2.69404	-4.06312	
-2.15804	1.01811	-1.13648	-1.78993	
-3.55361	-3.92161	-1.69026	-6.33445	
-0.140102	1.34094	-2.28831	-4.57652	
-6.77909	0.318872	-2.78743	-1.81429	
-6.60408	0.536396	-2.91388	-3.17089	
-3.00374	-0.477164	-1.54486	-2.02957	
-1.99638	-0.835199	-0.480714	-3.93567	
-4.28133	-0.0253316	-0.145815	-6.14575	
-6.08443	-1.58448	-2.02781	-4.31919	
-1.45363	-0.963344	-3.63039	-1.80451	
-5.69673	-3.18004	-0.274639	-5.17961	
-4.21123	1.29118	-5.90598	-3.94344	
-2.2576	0.226124	0.599117	-4.97705	
-0.887938	-0.297122	4.23483	-3.88956	
-3.01652	0.536396	1.00164	-1.61415	
-0.0178371	-0.306309	-3.28344	-3.77082	
0.248723	0.198922	-5.01846	-2.86763	
-2.26496	-1.96374	-0.896265	-2.03567	
-0.310613	-0.883442	-4.85878	-3.67861	
-2.97732	-1.7795	-9.38277	-7.59385	
-2.07043	1.76693	0.104277	-5.21202	
-3.18884	1.50058	0.975121	-5.56773	
-1.28813	-3.58336	-3.37159	-1.73862	
-1.88598	1.31745	-0.830891	-1.38975	
-1.22705	-0.759769	-2.53587	-2.47671	
-7.36053	-1.23066	-2.9092	-1.06826	
2.96337	1.52565	-0.531976	-3.94539	
2.97817	3.39725	-1.48979	-1.9701	
0.961729	1.29568	-3.96801	-5.62808	
-0.411711	0.536396	-0.697897	-1.22484	
4.16176	-2.02927	1.52026	-1.93569	
-1.44076	7.40536	-3.36261	-2.68644	
0.728931	1.04507	1.11666	-5.63572	
-3.93553	0.324527	-2.58583	-9.75648	
-3.26791	1.84933	-5.37754	-2.74018	
-1.90576	-0.830667	1.40017	-3.33731	
-2.22754	0.345355	0.949661	-1.9779	
-1.23687	0.517373	-2.32584	-4.74392	
-2.44794	-0.0464656	-5.76819	-3.95123	
0.00305735	0.542604	-0.55934	-1.76587	
-3.89908	-1.4783	0.351225	-2.32689	
0.620244	-1.12233	-2.22419	-5.80931	
-6.40865	0.849936	-2.50033	-5.92463	
-1.13135	-0.130572	-0.68276	-1.08667	
-2.36309	-0.125609	-1.28694	-1.31109	
0.115812	-2.43481	-4.60373	-2.73483	
-4.11697	-3.5021	-4.69092	-3.34328	
1.23558	2.1256	-3.09629	-4.6395	
-0.803122	-0.230334	-0.198524	-3.27101	
-3.99405	-0.385452	-3.2225	-4.43079	
-6.9164	3.77476	-0.788051	-4.62762	
-1.9598	1.06392	-5.39751	-5.53068	
-4.14124	-0.596215	1.20736	-5.60529	
-5.3257	0.491095	-0.868831	-2.72594	
-9.87823	0.064063	-2.32968	-0.364772	
-5.7569	-0.353754	-1.60814	-3.00642	
-4.25936	1.22807	-0.604319	-2.90069	
-3.30008	-0.602847	0.229923	-2.91663	
-0.162426	-0.496767	0.317736	-3.88956	
-1.17046	0.302929	-1.55569	-3.37948	
-2.52518	0.977245	-1.13233	-3.14892	
-3.81925	-2.87732	0.387123	-1.92009	
-0.566121	2.68195	-0.733003	-5.88353	
-5.13043	-1.62852	-1.16544	-6.18255	
-1.43915	-3.22371	-1.39037	-2.33792	
-1.58343	-0.00880701	-1.80674	-3.27101	
-5.57407	-0.759769	-0.0693296	-1.70866	
-1.9036	-3.4235	0.0124816	-0.748583	
-7.79209	-0.705134	0.838167	-5.28477	
-0.340955	-0.527536	-0.573419	-3.3734	
-0.878657	-1.02972	-0.699223	-1.75634	
-1.90117	2.72732	0.509548	-5.04174	
0.444596	1.72852	0.143373	-0.281647	
-1.86868	-1.30032	-2.07899	-2.93624	
-0.353938	2.4774	2.25538	-3.58267	
-5.71827	4.02251	-2.73539	-3.11007	
-3.11252	1.58557	-1.28515	-5.83383	
-3.91949	-0.486562	-0.23135	-3.33135	
-1.61174	1.78466	1.31184	-3.68557	
-1.5315	-0.815767	-2.10161	-6.54603	
-1.59835	-0.857727	-2.36793	-2.47844	
-5.00811	1.42203	-1.10761	-4.91107	
-4.58931	-4.36158	0.819112	-2.83065	
-0.943353	1.39367	-0.287954	-4.09479	
-1.32469	-0.0238783	0.750231	-6.94538	
-2.90755	1.70566	0.404931	-2.48529	
-1.5135	3.5934	-0.643526	-2.55503	
-2.11954	0.322457	-2.99977	-5.75289	
1.29837	0.185198	-0.716985	-2.64772	
-9.8775	0.325357	-0.884649	-2.74376	
-5.03954	1.15966	-5.12136	-1.20386	
-3.02	-1.13712	0.788075	-3.59627	
-5.10336	-2.67127	-0.499681	-6.07349	
-0.465694	0.796216	-1.00073	-2.47161	
-5.86177	0.511193	0.631466	-5.77693	
-1.07283	-1.30308	-2.4771	-4.8766	
-2.05704	-1.90503	-1.785	-1.86395	
-3.29452	0.387679	-0.423551	-2.01017	
0.49785	-1.14825	-2.83749	-2.54089	
-0.36662	-1.5737	0.84972	-4.07953	
-0.939055	0.799987	-2.36461	-4.14384	
-0.168942	-1.53323	1.74012	-5.60529	
-0.916418	6.27153	-1.22171	-2.87318	
-1.93746	-1.48324	-2.64777	-3.85931	
-1.88729	3.62896	0.395699	-5.00031	
-3.9287	-0.295521	-2.60282	-3.2611	
1.53614	-3.15851	2.68456	-7.01698	
0.151144	-0.553658	-1.89092	-1.80451	
-3.70161	5.31838	-0.619297	-0.408779	
-3.08943	-2.66246	-0.811398	-4.80855	
-4.12264	-0.869882	-2.08175	1.28423	
-1.45393	5.1828	-0.866812	-1.29055	
-3.45053	0.169289	-3.39179	-2.64189	
-2.88655	-1.31455	0.68658	-1.42435	
-2.57314	-1.46598	-3.02417	-2.85417	
-0.198731	-0.0767804	-2.57715	-1.51535	
-8.7558	3.00315	0.242384	-2.52802	
-0.135718	0.735137	1.02749	-3.74922	
1.75501	-0.82403	0.336135	-2.7936	
-4.40838	1.45344	1.09122	-4.34751	
-1.3941	0.419528	-2.2273	-4.59884	
-1.83289	-0.532999	-1.2816	-1.83131	
-6.16353	2.7126	-0.463948	-2.94612	
-2.36909	0.523998	-2.19559	-2.97103	
-2.12212	-2.32694	1.2928	-3.31948	
-8.09721	0.907989	-3.85711	-3.51756	
0.626406	0.360986	-1.46864	-1.17181	
-4.66827	-0.148391	-0.237964	-6.70644	
-2.11012	0.100162	-5.19306	-1.36638	
-7.54813	2.06482	1.37274	-3.58328	
-8.20547	1.1696	-1.51612	-2.97103	
-3.91913	-1.39262	-3.05084	-4.8314	
-4.14155	0.65735	-1.86492	-1.31109	
-3.17376	0.163641	-3.12549	-6.1549	
-3.67611	2.64184	0.784507	-3.69256	
-7.51529	2.36654	-4.51902	-2.06515	
1.76251	1.1696	-1.69457	-2.53604	
-2.17471	0.137067	-2.5686	-1.41145	
-4.25898	1.26607	-1.95962	-1.93048	
-2.01945	-2.04982	-2.39168	-3.77807	
-1.65758	0.876432	-0.812843	-1.34331	
-2.06108	-0.965585	-0.555681	-2.20367	
-4.41756	-1.06635	-1.73269	-3.01665	
-2.20008	-3.11607	0.0429989	-6.09139	
-2.77854	1.00727	0.00133857	0.420711	
-0.0383409	1.18966	-0.590363	-3.9202	
-4.23625	-2.9346	-0.551827	-0.99501	
-1.03366	0.0759838	-0.42271	-2.1755	
1.8308	0.126975	-4.8817	-2.51578	
0.547127	1.63764	-1.57419	-2.09888	
-2.95889	-1.94393	-3.07656	-2.07073	
-1.81047	0.0235279	-1.70468	-3.66474	
-1.63442	0.170096	0.0938547	-3.20988	
-4.14539	-0.0253316	0.1925	-3.00294	
2.42105	-1.41717	-0.831893	-2.3589	
0.468931	0.086715	-2.88654	-6.99294	
2.77655	1.51845	-2.13015	-2.54409	
-2.4879	0.44029	-3.12416	1.28751	
0.975864	0.941774	-0.838422	-2.09322	
-2.81991	-2.43481	-0.832612	-8.1636	
-5.00806	-0.408508	1.51211	-2.26703	
-1.09525	0.488475	-0.390636	-6.92186	
-3.10652	0.750084	-0.335832	-3.53055	
0.753428	-0.0391863	0.776267	-3.05466	
-4.10025	1.40858	-1.82994	-0.545728	
-1.43248	3.43593	-0.966528	-1.49038	
-1.33194	0.0722853	1.70049	-2.81896	
0.0382978	0.590115	-1.06577	-3.19308	
-4.47939	1.18966	-4.22858	-4.597	
-0.820991	1.27759	-0.228464	-4.80357	
-2.32719	-2.13982	0.632946	-1.7327	
