H[0]	H[1]	H[2]	H[3]	
4.10115	0.0888889	5.45652	-0.181818	
-6.50115	0.977778	-0.0289855	-2.48485	
-0.910345	-2.22222	5.00725	-0.393939	
-1.53563	0.8	-3.38406	1.15152	
-2.51954	2.13333	-11.4783	1	
-0.450575	0.355556	-5.35507	1.93939	
-4.24828	-0.355556	-2.73913	-1.51515	
4.8	-2.93333	6.96377	1.45455	
-4.83678	-7.64444	-7.31884	1.45455	
1.2046	1.24444	3.95652	2	
2.05977	1.95556	7.35507	1.18182	
3.18161	0.977778	4.0942	0.363636	
2.13333	0.533333	10.5435	0.242424	
3.0069	-2.31111	1.60145	4.81818	
1.25977	0.177778	-1.31159	0.575758	
-5.36092	-0.266667	-12.7826	-1.93939	
0.266667	0.711111	9.07246	2.87879	
-2.45517	2.04444	6.24638	3.63636	
-0.0643678	0.622222	-6.5	1.0303	
0.901149	1.42222	-7.1087	-1.0303	
1.94023	-1.95556	-5.62319	0.939394	
-1.85747	1.86667	0.884058	2.63636	
3.34713	2.13333	-3.68841	-1.09091	
4.34023	0.888889	10.1667	-2.18182	
4.16552	0.8	16.558	-0.757576	
-12.8828	-1.68889	-2.26812	-1.93939	
-1.46207	-0.533333	9.92754	2.39394	
1.14943	1.15556	12.2681	-1.87879	
-1.78391	-0.0888889	-1.42754	-0.727273	
-2.76782	1.77778	-14.5362	0.515152	
1.93103	1.68889	4.21739	3.45455	
-1.50805	0.444444	6.19565	-3.57576	
2.24368	-6.22222	-9.7971	-1.81818	
3.54023	0.711111	-2.44928	-7.69697	
1.97701	2.04444	2.86957	-0.030303	
3.31034	-0.8	8.93478	-3.93939	
-0.303448	-1.24444	-2.97101	3.63636	
2.21609	1.06667	17.5652	1.51515	
1.51724	-8.97778	-7.32609	-1.0303	
-2.46437	0.977778	7.21739	2.51515	
3.13563	0.622222	-0.862319	-0.181818	
1.82069	-11.9111	3.52174	-1.57576	
1.82069	-0.266667	3.77536	2.42424	
2.05057	0.177778	3.86232	-1.33333	
-3.12644	-5.06667	6.21739	-0.606061	
2.6023	1.51111	-5.21739	-3.75758	
-5.06667	0	-5.5	-2.63636	
1.73793	1.86667	4.92029	-1.21212	
0.432184	1.77778	-4.86957	-0.0606061	
1.04828	0.711111	7.65217	-0.666667	
2.26207	-2.13333	9.97826	-2.27273	
-0.671264	-0.977778	-3.21739	0.969697	
1.46207	0.8	3.64493	2.12121	
-5.52644	-4.62222	-1.77536	0.636364	
3.65057	-4.62222	4.44203	0.333333	
-0.0643678	-0.8	-0.717391	-0.181818	
-0.358621	-0.711111	-35.8261	-0.333333	
-2.56552	0.444444	7.32609	2.24242	
-3.18161	0.533333	1.98551	-1	
4.29425	1.51111	12.6304	-0.030303	
-0.0551724	2.48889	5.87681	2.51515	
-0.367816	2.75556	6.11594	2.30303	
-0.137931	-1.15556	-6.51449	-0.787879	
-0.183908	0.355556	-5.35507	1.78788	
-0.137931	1.95556	-13.6087	-1.45455	
3.49425	0.444444	-1.71739	2.90909	
-2.73103	-1.06667	0.253623	-0.636364	
4.24828	0.711111	-3.84058	5.24242	
-7.97241	0.355556	1.31159	0.757576	
-0.606897	2.66667	-14.2536	-2.06061	
3.67816	0.888889	0.289855	-0.787879	
2.69425	4.35556	1.63768	-0.545455	
4.36782	0.355556	-4.9058	-2.21212	
2.68506	2.04444	0.847826	2.0303	
-2.71264	0.0888889	0.217391	0.606061	
-15.4575	-2.93333	4.23913	-0.757576	
3.29195	0.8	-24.7029	1.87879	
4.98391	2.22222	-25.2826	-1.24242	
3.17241	1.42222	2.05797	0.969697	
-6.31724	1.15556	4.4058	3	
0.671264	-4.88889	1.97826	-1.18182	
-1.50805	2.4	5.85507	2.57576	
-0.0091954	2.93333	2.19565	1.21212	
-2.94253	0.711111	-5.21014	0.757576	
0.606897	2.22222	5.44203	1.81818	
3.29195	1.77778	2.71014	1.93939	
-3.38391	-5.68889	0.615942	-4.39394	
3.08046	1.06667	-0.695652	2.63636	
-12.3862	2.4	-1.60145	-1	
1.91264	-2.31111	-21.558	-3.18182	
3.48506	-22.4	-1.2971	4.0303	
-7.68736	-0.355556	8.15217	2.57576	
-0.901149	0.444444	8.60145	-0.030303	
-3.12644	1.06667	-7.55797	0.545455	
-4.02759	0.0888889	10.7101	-5.09091	
3.47586	0.0888889	6.57971	-3.69697	
0.147126	1.68889	1.3913	-4.06061	
-23.8161	1.15556	5.86957	-0.030303	
-0.634483	0.0888889	3.47826	0.727273	
3.47586	-0.0888889	-2.55072	1.57576	
4.12874	1.24444	-12.5435	1.42424	
-6.15172	-0.355556	-4.47101	1.75758	
4.16552	0.444444	7.00725	3.15152	
0.772414	2.22222	6.35507	2.9697	
-2.06897	0.177778	3.77536	2.09091	
-1.90345	-2.57778	11.5435	0.939394	
-2.48276	3.73333	5.89855	-6.36364	
0.671264	-0.355556	-8.04348	1.24242	
1.37011	2.13333	-1.84783	-1.21212	
3.68736	-4.26667	-15.2246	5.0303	
-2.51034	-0.888889	-0.57971	0.666667	
0.386207	3.11111	-5.18841	-0.575758	
2.45517	2.22222	-13.2464	-1.66667	
3.77011	-14.4889	-10.6884	2.0303	
0.772414	-0.888889	1.88406	2.48485	
1.2046	2.84444	2.46377	-2.36364	
-3.0069	-1.68889	-14.2391	-3.33333	
2.31724	-9.51111	-1.34058	-0.666667	
-1.06667	0.177778	-21.587	-3.87879	
-0.845977	1.42222	-5.36232	2.36364	
1.83908	1.68889	-20.587	1.93939	
1.88506	4.17778	-5.65217	1.30303	
0.983908	2.66667	-11.5362	-6.54545	
-2.18851	1.15556	1.80435	3.93939	
-0.211494	-0.0888889	-11.7754	0.575758	
0.781609	1.06667	2.05797	1.30303	
5.52644	-0.888889	4.6087	0.515152	
3.61379	-0.0888889	9.57246	1.18182	
1.43448	1.33333	8.07971	-1.36364	
0.386207	0.8	4.72464	3.69697	
3.2	-8.08889	6.78261	5.09091	
-1.47126	0.444444	-14.2681	-2.75758	
3.16322	0.177778	2.71739	1	
4.94713	1.33333	-12.8913	0.363636	
-0.23908	1.86667	-30.7536	1.12121	
2.23448	1.86667	-0.224638	2.51515	
-1.07586	2.57778	14.1739	1.51515	
-3.6046	-1.33333	-17.2971	-1.36364	
-8.24828	1.33333	6.8913	-0.606061	
1.35172	1.33333	9.18841	-10.4545	
-7.84368	0.177778	7.89855	0.636364	
-4.44138	1.95556	7.07246	3.66667	
2.23448	2.22222	-4.80435	2.15152	
-8.12874	-2.13333	-0.681159	-0.0909091	
-10.5655	-0.266667	-5.67391	1.9697	
0.744828	1.51111	-5.95652	3.27273	
-8.34023	0.355556	6.65217	-2.30303	
-4.73563	-3.02222	9.3913	-3.48485	
-6.51034	1.15556	9.53623	-1.54545	
0.873563	2.22222	-0.34058	4.45455	
1.18621	2.22222	3.54348	-2.60606	
-0.275862	2.4	1.77536	-1.9697	
0.873563	-1.15556	1.07971	-0.484848	
4.35862	1.15556	7.64493	3.78788	
0.726437	2.31111	4.34783	-3.21212	
4.08276	-4.53333	-7.67391	1.06061	
0.478161	1.33333	-13.413	-4.93939	
1.88506	2.66667	-0.347826	-2.06061	
1.89425	1.68889	-1.8913	-0.939394	
-11.6598	0.622222	5.05797	-2.24242	
3.16322	1.86667	-14.5145	-0.0909091	
2.24368	-2.48889	7.82609	1.51515	
3.33793	-4.88889	5.6087	-2.33333	
-4.30345	1.24444	-2.13768	1.45455	
0.864368	2.04444	-2.36232	1.15152	
2.08736	-5.24444	-6.8913	2.30303	
2.71264	2.22222	7.35507	3.90909	
-3.75172	1.68889	-1.08696	4.63636	
1.17701	-1.51111	13.1884	-5.06061	
-1.38851	1.24444	1.02174	-3.93939	
-6.74943	-15.0222	3.97826	-0.969697	
3.32874	0.888889	-2.46377	-4.18182	
1.47126	-2.13333	1.68841	-0.393939	
1.0023	1.51111	10.3841	2.51515	
3.51264	-0.444444	2.06522	1.12121	
1.78391	0.444444	-1	1.39394	
4	2.22222	6.48551	0.727273	
3.61379	-2.22222	3.86957	2.93939	
0.56092	1.15556	0.76087	1.06061	
-5.25977	0.711111	-19.6449	2.51515	
1.61839	3.82222	11.7754	0.30303	
0.413793	2.48889	-8.36957	1.84848	
5.01149	-0.533333	12.1014	2.69697	
0.395402	0.355556	5.98551	1.0303	
2.4	1.6	-17.4493	-0.484848	
1.03908	0.711111	6.38406	1.51515	
3.35632	0.177778	-21.558	-1.9697	
-0.183908	0.711111	-15.3478	3.42424	
-2.32644	1.68889	-12.1232	0.545455	
0.956322	2.22222	-1.53623	0.787879	
3.62299	0.622222	5.22464	-0.575758	
2.86897	-9.51111	-3.82609	-0.484848	
5.88506	0.8	4.41304	1.48485	
2.28966	2.48889	4.00725	3.84848	
0.533333	-0.622222	-4.17391	1.93939	
2.87816	0.266667	1.07971	3.33333	
1.0023	3.28889	2.07971	0.363636	
0.505747	1.86667	-1.55072	-0.666667	
2.51954	1.24444	-1.15942	-0.030303	
1.89425	2.22222	5.65942	2.39394	
0.864368	0.355556	7.18841	-2.78788	
0.570115	0.533333	-7.83333	0.333333	
-4.30345	1.15556	5.5	1.60606	
-1.29655	1.42222	8.86957	-3	
2.24368	0.888889	1.5	4.30303	
-0.0367816	0.266667	4.85507	-0.30303	
-0.266667	1.42222	-1.76087	1.69697	
3.2	1.86667	-1.04348	-3	
0.312644	2.57778	-2.63768	3.78788	
-3.50345	-1.86667	3.64493	1.18182	
1.12184	0.888889	-0.376812	0.818182	
1.89425	-0.533333	-3.15217	-6.18182	
-9.97701	-5.15556	1.34058	2.81818	
1.84828	0.977778	-11.2971	0.69697	
-1.12184	-1.95556	9.73913	4.30303	
-20.4874	0.622222	-5.52174	-2.33333	
-5.52644	-1.06667	8.84058	-0.181818	
1.48966	1.95556	5.3913	-0.363636	
0.790805	1.86667	2.51449	-0.030303	
1.15862	1.95556	-1.43478	1.15152	
4.34943	2.13333	9.62319	1.60606	
-0.606897	1.24444	-0.971014	2.51515	
-9.35172	0.266667	1.78261	5.27273	
-1.71954	0.888889	11.2681	-3.42424	
2.05977	1.6	9.80435	0.424242	
-4.47816	-5.06667	-1.28986	2.78788	
5.11264	1.86667	8.21739	0.484848	
1.24138	-4.8	4.32609	-0.515152	
3.15402	0.977778	-3.31159	0.212121	
5.31494	1.15556	-0.927536	1.15152	
3.31954	2.48889	6.73913	-0.0606061	
-1.71954	2.4	-2.86957	-1.18182	
-0.450575	1.15556	7.86232	-2.15152	
1.01149	-0.177778	3.45652	0.454545	
2.73103	-0.977778	-5.61594	-6.12121	
-7.13563	-0.355556	12.6957	0.818182	
-2.33563	0.622222	4.73913	2.33333	
-7.2	-0.8	1.23188	1.63636	
-5.16782	1.86667	16.6377	-1.75758	
-8.66207	1.06667	-4.24638	-1.27273	
-0.468966	-7.11111	-1.28261	0.424242	
8.57011	-0.622222	1.53623	1.45455	
0.165517	-8.08889	10.9928	1.48485	
-3.01609	-4.26667	3.01449	-6.78788	
1.9954	1.24444	0.550725	-2.78788	
-2.48276	4.17778	5.00725	0.515152	
-7.0069	3.11111	10.3116	-1.33333	
2.35402	-2.31111	-3.44928	-3.27273	
1.25057	-2.22222	1.34058	2.0303	
1.52644	1.68889	12.0435	0.30303	
-3.76092	-0.8	4.31884	-1.69697	
0.0735632	0.888889	1.94203	4.39394	
-2.85057	1.15556	-1.1087	1.87879	
-2.83218	-1.51111	11.6739	-1.06061	
4.78161	1.24444	-5.7029	-0.484848	
1.52644	2.04444	9.28261	1.30303	
-6.54713	-4.26667	3.21014	-1.24242	
1.48046	2.48889	-12.8333	5.09091	
0.956322	2.22222	-11.4275	4.0303	
0.165517	2.13333	13.4783	-6.75758	
0.551724	1.15556	-0.637681	-0.575758	
1.98621	0.355556	-12.1522	-0.121212	
-1.15862	0.266667	2.84783	1.15152	
-2.46437	1.06667	-6.78986	-1.69697	
2.62069	-0.8	-6.49275	-0.939394	
0.110345	2.04444	5.35507	1.09091	
-10.308	0.711111	7.19565	-3.24242	
2.77701	3.37778	-5.64493	-0.636364	
3.64138	0.622222	9.25362	-7.93939	
3.31034	-2.75556	8.27536	-0.181818	
3.08046	1.95556	-0.376812	4.21212	
2.97011	2.13333	-1.21739	-0.0909091	
5.37011	-1.06667	-3.76812	2.9697	
-2.48276	2.48889	-11.4565	1.18182	
-2.36322	0.977778	-4.32609	-2.9697	
-1.5908	2.57778	-0.34058	4.27273	
2.32644	-6.22222	11.0942	2.06061	
-1.46207	1.42222	-0.485507	-2.78788	
2.82299	1.06667	4.68116	-2.81818	
-5.64598	1.68889	4.87681	-6.45455	
3.4023	2.22222	2.96377	1.48485	
2.14253	0.622222	-5.56522	3.63636	
-2.64828	0.533333	7.75362	-0.393939	
-0.211494	0.977778	-8.54348	0.787879	
2.97931	-0.977778	0.15942	-0.030303	
-3.77011	-0.977778	7.77536	-7.48485	
3.97241	-9.15556	13.1232	0.545455	
0.202299	-3.37778	-7.94203	-0.757576	
1.46207	-3.11111	-2.68841	-3.09091	
1.82069	1.6	4.68116	-3.81818	
0.11954	0.355556	-10.0217	1.27273	
1.14943	-3.64444	-2.52174	-0.181818	
1.46207	-1.15556	-12.6232	-0.212121	
-4.37701	-0.622222	3.49275	-2.60606	
2.15172	1.15556	10.5072	-4	
0.285057	-4.08889	5.02174	-0.030303	
-2.97011	-1.95556	6.94928	-5.18182	
-0.56092	1.51111	1.22464	1.36364	
2.4092	0.711111	3.7029	3.36364	
-7.45747	1.24444	6.74638	-1.48485	
4.57011	0.355556	4.26812	2.0303	
1.98621	-3.64444	-1.27536	-0.393939	
-2.10575	0.177778	0.23913	0.212121	
2.22529	-1.95556	-1.44203	-4	
-0.717241	1.15556	-36.6304	2.21212	
-6.31724	1.6	1.5	-3	
3.13563	1.24444	6.15217	-0.0606061	
6.05057	0.8	-1.26087	-0.787879	
2.74943	-0.533333	6.07246	-0.515152	
0.377011	-5.24444	-2.73188	-4.36364	
0.404598	3.02222	-4.86957	3.27273	
-0.542529	0.0888889	0.688406	3.60606	
3.77931	1.6	0.65942	1.12121	
3.04368	2.22222	1.78261	-5.15152	
-1.83908	1.51111	-8.94928	0.0606061	
1.10345	-10.8444	5.46377	-1.66667	
-4.89195	1.95556	-9.27536	2.27273	
-4.12874	-6.93333	-8.89855	3.33333	
0.947126	0.355556	2.84783	-1.66667	
0.652874	-0.977778	6.65942	-2.30303	
4.27586	-12.4444	-7.88406	1.75758	
2.78621	0.533333	13.8841	3.18182	
3.10805	1.15556	-4.87681	1.36364	
2.16092	1.51111	-0.666667	0.515152	
-6.53793	-7.28889	10.0942	-0.333333	
0.450575	1.68889	3.19565	0.121212	
2.85057	-4.44089e-16	7.34783	3.21212	
1.88506	1.68889	-21.6304	-1.63636	
0.045977	1.42222	-0.195652	-0.818182	
4.27586	0	-7.45652	3.39394	
0.0367816	-1.86667	2.36232	-0.69697	
4.47816	-2.66667	12.6304	0.666667	
3.6046	4.08889	1.47826	0.030303	
-3.33793	1.6	4.02174	-0.393939	
1.71034	0.444444	-6.44203	1.60606	
6.64828	2.13333	-3.07971	0.636364	
-3.75172	-1.06667	7.8913	-0.484848	
-11.108	0.711111	-14.558	-4.33333	
-0.321839	0.8	-10.8623	-0.363636	
-0.101149	0.711111	-2.8913	-1.72727	
-3.28276	0	4.71739	0.848485	
-1.61839	0.355556	-5.18841	-0.212121	
3.07126	-5.86667	2.21739	-0.454545	
2.98851	-1.86667	-5.63043	-3.51515	
-6.63908	-4.44444	5.52174	-1.75758	
3.83448	-6.66667	10.3116	0.424242	
0.367816	-1.51111	-2.68116	2.30303	
-0.974713	1.95556	-7.75362	-2.27273	
2.75862	-5.77778	-1.27536	0.151515	
4.12874	0.444444	-14.5652	-2.54545	
2.33563	2.57778	-6.24638	1.87879	
3.29195	2.66667	-13.5435	2	
1.17701	0.711111	-8.44203	-0.212121	
2.05977	-5.6	12.913	3.30303	
2.17011	1.33333	-13.5507	-0.484848	
1.13103	-4.08889	11.0217	-6.54545	
2.74943	-1.51111	-7.4058	1.45455	
3.92644	1.51111	2.57246	-1.63636	
-2.2069	1.24444	2.46377	-5.36364	
5.30575	2.04444	-7.31884	-2.81818	
2.37241	-3.64444	3.23188	0.69697	
-7.91724	1.68889	2.01449	0.606061	
-2.95172	0.266667	8.5	-3.78788	
1.83908	1.51111	1.00725	2.69697	
1.27816	0.622222	7.31884	2.33333	
-0.450575	2.22222	0.753623	-0.393939	
-15.1632	3.11111	-0.362319	-0.878788	
-0.377011	1.42222	2.05072	-2.15152	
-5.41609	1.33333	9.75362	-2.27273	
0.671264	0.177778	-3.15217	0.272727	
5.08506	0.533333	-5.05797	2.87879	
3.56782	-2.84444	2.30435	-2.90909	
6.77701	-8.88178e-16	8.45652	0.484848	
-9.28736	1.33333	0.471014	1.21212	
2.46437	3.28889	-0.768116	-2.45455	
2.52874	2.13333	9.42029	-3.36364	
0.450575	-0.8	-5.3913	-2.48485	
1.82069	1.24444	4.33333	-0.333333	
2.86897	1.95556	-5.13043	1.87879	
2.97011	0.533333	2.14493	-2.75758	
4.34023	-1.15556	6.23913	-0.757576	
-4.71724	1.77778	-8.21014	-0.727273	
1.29655	-0.888889	0.586957	3.69697	
2.53793	1.24444	-9.51449	2.39394	
4.26667	-14.4	3.75362	-3.9697	
1.70115	3.91111	8.05072	-1.51515	
0.845977	-3.37778	5.66667	1.48485	
1.11264	-0.8	9.86232	-4.33333	
0.597701	-0.444444	-20.413	4.27273	
1.95862	0.8	-4.86232	-4.33333	
2.75862	0.622222	-1.43478	-13.0606	
2.97011	2.04444	7.82609	4.63636	
2.57471	-1.15556	-1.52174	-1.12121	
-4.81839	-3.46667	5.27536	-5.84848	
-0.662069	0.177778	0.514493	1.51515	
2.28046	-1.06667	-3.72464	0.727273	
4.45977	0.533333	9.25362	-0.393939	
3.27356	-0.355556	6.74638	2.87879	
-5.87586	1.06667	5.01449	-0.030303	
1.83908	0.622222	8.07971	0.909091	
3.30115	0.177778	-1.24638	-5.06061	
-1.04828	-3.2	3.18116	-1.75758	
-0.956322	2.4	3.55797	-3.51515	
-1.28736	0.0888889	1.23188	-2.75758	
-14.7494	-0.977778	-0.0724638	1.84848	
-8.7908	3.11111	-8.60145	-2.09091	
3.26437	-1.68889	4.81159	2.60606	
1.71034	-0.977778	-6.68841	-2.09091	
1.31494	-8	1.89855	-2.81818	
-3.06207	2.22222	-2.85507	-2.0303	
2.65747	0.266667	5.81159	-1.48485	
-8.43218	1.24444	-9.39855	-4.87879	
3.81609	0.444444	2.18841	-1.72727	
3.54943	0	11.7464	-2.54545	
-1.5908	0.266667	-10.1884	3.0303	
-3.2	3.46667	1.9058	-2.06061	
2.21609	1.06667	5.74638	1.09091	
3.78851	2.31111	8.01449	0.787879	
-7.4023	0.533333	4.36232	2.42424	
5.91264	0.444444	-15.1449	-3.54545	
0.156322	0.888889	6.0942	-0.424242	
-1.82069	2.13333	-6.12319	0.878788	
-14.731	1.86667	-1.94928	1.48485	
1.41609	-0.533333	3.66667	2.36364	
1.42529	0.355556	4.57971	4.33333	
0.432184	2.22222	-5.67391	0.515152	
-2.64828	1.68889	3.92754	-1.24242	
-4.51494	2.84444	3.28261	-2.57576	
-1.50805	2.04444	-13.3841	3.39394	
1.29655	1.24444	3.23188	1.27273	
2.77701	0.711111	-7.02899	-4.33333	
3.42069	1.6	15.413	-0.757576	
0.496552	-0.266667	-0.478261	4.54545	
0.726437	1.51111	3.76812	1.24242	
-4.25747	1.06667	-7.65942	0.878788	
3.91724	1.95556	2.1087	-0.69697	
0.377011	-7.37778	2.02899	2.09091	
2.0046	0.8	-13.5435	-0.575758	
-2.56552	2.48889	4.10145	-2.36364	
2.90575	-1.24444	2.28261	-6.0303	
0.689655	2.75556	0.934783	-6.18182	
4.84598	1.33333	3.9058	-2.72727	
1.6	1.86667	-6.45652	1.24242	
-10.0966	-4.97778	5.66667	1.24242	
-2.4	-2.31111	6.19565	-0.757576	
-1.01149	2.57778	-1.91304	-4	
2.25287	0.355556	-1.81884	-2.48485	
1.10345	5.6	-0.152174	-1.30303	
1.91264	0.355556	-14.6739	1.27273	
2.85977	-3.55556	-21.6377	-1.66667	
0.91954	1.33333	0.710145	2.81818	
0.956322	2.22222	0.26087	-2.72727	
-5.14943	0.0888889	16.6304	2.57576	
-1.32414	1.42222	-3.36232	0.545455	
-0.772414	-5.51111	-15.5145	-1.45455	
6.37241	-13.6	4.36232	2	
0.735632	1.6	10.058	1.60606	
-5.90345	0.0888889	2.23913	-1.12121	
-0.45977	1.06667	-23.058	2.60606	
0.165517	1.42222	15.8043	2.48485	
-1.96782	1.77778	0.427536	2.84848	
-0.0551724	2.04444	4.53623	2.21212	
6.02299	-8	-17.5725	1.78788	
0.643678	3.73333	0.347826	3.15152	
8.78161	0.622222	-6.13768	1.48485	
4.15632	1.33333	-19.0942	0.515152	
0.965517	1.33333	-28.7826	4.15152	
1.91264	2.57778	-1.47101	2.39394	
1.93103	0.533333	-2.92754	3.60606	
0.56092	0	4.52899	-3.63636	
0.652874	-1.6	2.5	0.848485	
-9.95862	3.73333	4.52174	-0.515152	
1.61839	-1.24444	-2.11594	-0.0606061	
-5.28736	-0.355556	9.61594	-4.21212	
-1.09425	1.06667	-8.87681	-4.45455	
-0.137931	0.977778	16.1739	-5.87879	
3.86207	3.55556	15.6159	1.45455	
2.4	-4.97778	1.72464	2.39394	
2.24368	1.6	-5.18841	1.51515	
5.50805	1.51111	-6.41304	2.93939	
2.77701	2.57778	-12.6667	1.30303	
0.901149	-1.42222	-14.6014	3	
4.27586	0.533333	-2.2029	3.81818	
2.92414	0.8	3.21739	3.24242	
-0.772414	-0.711111	-14.6087	-2.27273	
1.62759	0.355556	3.18841	-0.424242	
2.92414	0.177778	3.47826	-2.15152	
1.37011	1.24444	-4.76087	-1.69697	
-5.25977	3.02222	0.746377	1.57576	
3.42989	1.24444	-11.913	0.424242	
4.09195	-1.95556	0.731884	2	
-0.275862	-0.533333	-7.5	0.666667	
-1.66437	0.622222	-3.60145	-2.90909	
0.754023	-4.35556	4.52174	1.33333	
1.53563	1.15556	11.3478	0.242424	
-11.3655	0.355556	-7.11594	1.06061	
1.98621	-11.8222	-13.2754	4.72727	
1.63678	0.8	6.50725	2.9697	
-4.42299	-13.2444	-4.82609	3	
4.08276	-0.444444	-4.47101	1.24242	
0.542529	0.977778	0.702899	3.69697	
2.33563	0.444444	17.1739	-6.09091	
2.54713	2.48889	-10.7754	-0.757576	
4.0092	1.51111	8.78261	-1.39394	
2.68506	-4.97778	-1.57971	0.515152	
3.53103	2.31111	-0.57971	-0.878788	
-2.17011	0.266667	-2.15217	-6.21212	
4.69885	1.33333	-24.4928	3.33333	
2.56552	0.711111	-11.0217	3.66667	
-1.06667	2.66667	-2.14493	3.06061	
-2.58391	1.15556	8.86232	-2.33333	
4	1.15556	-3.12319	0.636364	
2.12414	1.24444	6.93478	-0.212121	
2.66667	2.48889	-8.98551	-2.90909	
-3.30115	-1.95556	2.8913	0.0606061	
2.94253	-4.8	4.25362	-0.484848	
3.86207	-1.24444	5.7029	2.09091	
-5.0023	-2.93333	-21.2609	-2.9697	
-3.7977	2.4	-4.84058	0.545455	
-0.597701	0.533333	2.97101	-0.181818	
1.68276	1.42222	-29.8261	-0.818182	
0.413793	1.95556	11.6739	4.63636	
-0.0183908	1.06667	-0.253623	1.63636	
9.69195	0.888889	-0.101449	-2.09091	
-0.23908	-4.8	5.92029	-1.24242	
3.06207	1.15556	1.76812	1.24242	
2.57471	1.15556	1.47101	1.87879	
-3.65057	-0.177778	-10.0797	1.87879	
-4.54253	1.06667	-3.14493	-3.12121	
-2.86897	-2.13333	-0.0362319	0.121212	
4.02759	2.4	2.51449	-2.63636	
3.66897	-0.888889	4.53623	-0.515152	
2.75862	-3.82222	4.44928	-2.90909	
0.671264	0.533333	-9.1087	3.48485	
1.48966	2.66667	14.0652	-4.63636	
0.183908	0.8	12.3333	-1.15152	
1.28736	2.31111	6.78261	-4.42424	
-4.71724	-15.9111	6.06522	1.30303	
-3.8069	3.37778	5.7971	-5.60606	
0.689655	0.177778	0.0507246	1.54545	
1.45287	1.51111	-1.52174	1.27273	
3.52184	2.13333	6.05072	1.69697	
-4.68046	1.6	5.28986	-4.36364	
2.37241	-2.84444	3.49275	-3.42424	
4.08276	1.6	-6.22464	1.60606	
1.29655	-12.6222	-5.23188	3.15152	
-1.13103	-9.95556	-14.1159	-5.09091	
2.16092	1.51111	-1.67391	-1.30303	
3.26437	-5.24444	2.94203	0.636364	
1.82069	0.0888889	1.84058	4.15152	
2.17931	-0.888889	-4.04348	-1.57576	
-1.10345	1.15556	-7.23913	3.87879	
-2.30805	2.75556	0.202899	-6.9697	
0.422989	-1.6	6.57971	-1.15152	
-1.36092	0.622222	-4.36232	2.21212	
-5.33333	-4.44089e-16	-0.695652	-0.272727	
2.91494	-1.42222	4.46377	-1.54545	
-4.18391	2.93333	2.10145	4.27273	
-3.06207	1.68889	6.08696	1.75758	
-2.62989	0.355556	3.93478	-0.212121	
-3.91724	-1.42222	1.73913	-3	
0.312644	1.77778	-3.96377	0.424242	
4.44138	-2.57778	-3.93478	-2.39394	
3.02529	1.42222	3.27536	-2.06061	
3.65057	2.4	-9.27536	2.33333	
-6.71264	0.0888889	-9.9058	0.757576	
2.12414	-3.2	-6.96377	0.848485	
3.63218	-0.533333	8.56522	-2.30303	
4.85517	0.355556	-0.688406	0.545455	
1.68276	-0.355556	-8.46377	4.84848	
5.02069	0.711111	1.49275	-4.81818	
-0.174713	-11.1111	-0.557971	0.727273	
2.11494	-2.66667	6.05072	6.78788	
-0.947126	1.06667	-0.826087	-0.424242	
1.69195	0.888889	-10.0145	3.57576	
-1.08506	-1.95556	-10.8261	-1.48485	
0.450575	1.33333	-11.8043	3.57576	
-7.35632	1.33333	5.93478	-1.87879	
-4.77241	1.42222	-5.51449	-2.48485	
2.9977	0.977778	9.02174	-1.60606	
3.04368	0.533333	-4.07246	-0.818182	
1.94023	-6.04444	2.1087	1.9697	
1.47126	-3.91111	5.71739	-2.09091	
3.69655	1.24444	-10.1957	0.939394	
-1.34253	0.533333	-6.04348	1.12121	
-2.70345	-0.622222	6.15942	-1.06061	
-1.97701	0.977778	6.45652	-0.848485	
-0.616092	1.51111	-0.391304	0.848485	
-6.83218	-4.88889	9.47826	1.81818	
-3.50345	1.24444	1.21739	-3.75758	
-6.06897	3.02222	-1.25362	1.60606	
5.71034	-1.06667	7.21739	-6.93939	
2.85057	-0.266667	9.06522	-1.42424	
2.36322	0.711111	2.84783	2.90909	
4.66207	-0.355556	4.80435	0.484848	
1.36092	1.86667	-13.8913	3.12121	
3.61379	1.51111	-8.03623	0.363636	
-6.17931	-1.33333	-22.5507	-3.93939	
4.45977	-4.88889	4.60145	3.0303	
-1.21379	0.266667	-4.4058	-5.66667	
-3.04368	0.533333	6.76087	1.42424	
0.450575	-10.3111	-10.2826	2.48485	
1.04828	-2.04444	2.18841	3.39394	
6.9977	-0.266667	-16.5725	1.36364	
-6.96092	2.13333	7.73913	-0.848485	
-7.54023	2.13333	7.16667	0.818182	
-8.65287	1.33333	-6.74638	2.87879	
-4.62529	2.13333	-1.43478	1.21212	
2.69425	0.711111	8.95652	1.66667	
-9.36092	-4.53333	11.6667	0.606061	
2.18851	-3.55556	-3.07246	2.33333	
-6.14253	3.55556	-2.75362	-2.12121	
4.31264	2.57778	9.26087	0.545455	
-0.928736	0.533333	1.94203	1.33333	
5.42529	1.06667	7.73913	-2.12121	
2.38161	-0.0888889	5.16667	-4.9697	
-3.88046	1.24444	1.12319	1.36364	
1.2046	2.13333	4.39855	4.0303	
-16.1655	2.57778	-9.57246	1.24242	
2.22529	-2.66667	-7.21014	-0.424242	
-4.98391	-3.55556	-8.81884	-1.69697	
4.15632	0.977778	9.52174	-3.63636	
0.285057	-0.888889	-3.69565	2.87879	
4.37701	2.31111	5.76812	1.45455	
1.6	0.711111	3.31884	0.666667	
4.22989	-1.51111	-0.101449	-1.21212	
2.73103	-1.68889	2.34058	3.21212	
4.81839	1.51111	11.2971	2.39394	
-2.74023	1.77778	11.6087	0.030303	
-3.51264	1.24444	1.54348	-0.575758	
4.77241	0.888889	9.68116	0.121212	
0.496552	0.888889	3.47826	2.27273	
-3.5954	2.04444	4.48551	0.848485	
-2.13333	3.02222	8.97101	3.39394	
1.77471	-0.177778	0.637681	-10.1212	
-0.57931	-2.48889	0.23913	2.06061	
3.03448	0.177778	-5.68841	2.87879	
4.22069	0.888889	-13.3696	-1.81818	
-1.37011	1.33333	4.8913	1.36364	
3.28276	-2.48889	-8.52899	0.878788	
-0.257471	2.22222	14.029	3.63636	
-4.71724	2.4	-3.9058	1.93939	
-3.2	2.13333	4.86957	-4.21212	
-3.9908	-0.0888889	5.75362	0.575758	
4.78161	1.68889	-6.50725	3.33333	
-1.71034	1.42222	4.34058	2.09091	
-4.61609	0.711111	-6.81884	0.757576	
-0.524138	-4.62222	-8.18116	-0.363636	
3.21839	-0.0888889	-10.1739	0.939394	
0.137931	-0.622222	-1.86232	0.666667	
-5.65517	2.57778	-3.42754	1.30303	
1.43448	2.4	-3.07971	-6.78788	
5.14023	-0.355556	-6.38406	1.48485	
3.92644	-0.444444	-2.71739	-1.09091	
3.75172	-0.977778	4.62319	-0.030303	
-0.836782	0.0888889	9.71014	2.42424	
-0.395402	0.977778	9.51449	0.181818	
-4.16552	1.77778	2.13768	0.333333	
2.37241	2.84444	8.5942	-3.87879	
3.43908	-1.95556	5.74638	2	
1.97701	1.86667	1.31884	2.84848	
4.51494	-2.4	4.65217	-1.66667	
0.965517	2.57778	5.31159	2.57576	
-4.61609	3.46667	-3.64493	0.848485	
2.15172	1.06667	4.63768	2	
-5.66437	-2.93333	0.0724638	-7.18182	
6.54713	-0.177778	3.56522	-3.06061	
0.616092	0.977778	3.43478	-1.0303	
-9.94023	1.33333	3.32609	-1.18182	
-5.43448	-2.84444	-2.13043	1.60606	
-5.25057	1.33333	-14.8768	1.42424	
1.36092	-0.0888889	4.81159	-1.75758	
3.04368	0.622222	-11.1739	-0.30303	
4.4046	2.22222	3.62319	1.21212	
-1.68276	-1.42222	3.14493	-0.969697	
1.36092	-0.977778	-5.13768	-0.939394	
-0.983908	-5.06667	3.26812	0.484848	
0.349425	-11.1111	-14.3841	1.87879	
0.23908	2.57778	7.7029	4	
-0.57931	-0.177778	-3.57246	-5.69697	
3.08046	4.88889	7.95652	1.15152	
-3.77931	1.68889	8.02174	-3.09091	
-3.62299	-0.355556	6.51449	-2.45455	
4.22989	0.177778	10.1522	4.06061	
1.50805	-9.6	2.2029	-3.42424	
-0.708046	-2.93333	-12.3841	-2.54545	
2.54713	-2.4	0.456522	3.12121	
-0.358621	2.13333	-3.58696	2.36364	
3.93563	2.04444	1.86957	3.39394	
1.77471	1.42222	-6.0942	2.0303	
-1.91264	-6.57778	-23.6522	1.81818	
-4.1931	1.24444	6.7029	1.30303	
-1.5908	1.86667	-22.7826	-0.393939	
-1.0023	1.68889	-18.0942	1.09091	
-3.35632	0.0888889	-20.5435	-1	
-1.67356	-0.711111	0.869565	-1.42424	
3.97241	1.15556	3.45652	-0.0909091	
0.882759	2.57778	3.65942	0.969697	
-4.28506	1.06667	3.96377	-0.151515	
2.51034	2.57778	4.26812	0.0909091	
0.229885	-5.06667	2.99275	2.66667	
1.18621	1.42222	-12.2391	-1.18182	
3.93563	-2.66667	-29.0725	0.212121	
-3.5954	1.95556	-2.97101	-4.36364	
1.31494	-4.44089e-16	-10.1957	0.909091	
-0.468966	1.06667	7.31884	-0.424242	
3.2	1.77778	6.83333	1.75758	
2.63908	-4.88889	1.52174	2.27273	
-5.53563	3.55556	-16.8913	4.12121	
3.36552	3.91111	6.98551	2.0303	
-4.71724	-2.75556	6.55072	-5.81818	
2.97931	2.48889	0.253623	3.30303	
4.08276	1.68889	-0.289855	0.666667	
-10.069	0.977778	-8.68116	-2.12121	
2.98851	-0.8	9.55072	0.939394	
-0.873563	0.888889	5.69565	0.909091	
4.1931	2.57778	-3.37681	0.787879	
4.96552	2.22222	-3.24638	3.9697	
-0.257471	-3.64444	-1.91304	0.181818	
-6.57471	-2.31111	-9.6087	-1.36364	
3.95402	1.86667	4.31884	1.12121	
4.94713	3.2	4.21014	3.57576	
2.14253	3.55556	-4.73188	-3.33333	
-7.61379	1.6	-0.565217	1.66667	
-7.35632	0.355556	10.5942	-0.272727	
4.34943	-1.15556	1.31884	-0.30303	
-1.25977	3.28889	10.1087	-0.30303	
-0.928736	-11.7333	6.19565	2.69697	
0.367816	1.95556	-12.5942	1.06061	
-0.726437	-3.91111	5.54348	-3.15152	
3.53103	0.533333	5.58696	-0.909091	
1.67356	1.86667	1.18116	0.636364	
3.24598	2.13333	9.56522	1.51515	
-2.51034	0.711111	4.93478	-2.33333	
-0.652874	1.33333	-5.94203	0.212121	
1.02989	-7.82222	14.1159	-0.727273	
3.24598	1.24444	-24.7464	-0.181818	
1.78391	1.77778	4.93478	2.72727	
-3.46667	2.4	8.0942	1.81818	
-3.58621	2.66667	-4.77536	-2.21212	
2.23448	1.33333	6.13768	1.90909	
-4.12874	-13.6	15.4565	-1.57576	
-1.42529	1.06667	-9.1087	-2.72727	
3.24598	3.2	-1.2971	3.60606	
3.32874	1.86667	4.2971	0.151515	
-0.23908	4.71111	1.92029	-2.09091	
0.505747	1.42222	-19.7536	0.424242	
4.17471	1.42222	4.37681	-3.27273	
3.15402	0.977778	-14.087	-1.09091	
-0.0183908	-1.33333	0.507246	-1.63636	
-1.03908	1.51111	3.12319	-1.18182	
-3.94483	-0.977778	-0.746377	2.09091	
-0.772414	0.355556	6.65217	-2.60606	
4.85517	-2.13333	-10.9565	1.21212	
-5.45287	1.95556	6.11594	-1.48485	
-0.855172	-0.0888889	4.46377	-2	
1.53563	0.977778	1.21014	-1.60606	
-10.6483	1.51111	-1.8913	3.33333	
3.90805	-0.622222	2.68841	-6.66667	
-2.86897	-0.444444	3.45652	1.63636	
1.81149	1.24444	13.5072	4.60606	
-4.49655	-4.53333	-3.98551	5	
-0.478161	-5.15556	12.4203	0.181818	
-2.06897	-6.4	-21.4565	1.09091	
0.386207	0.266667	5.92029	2.0303	
-8.48736	2.4	5.15942	4.48485	
-1.92184	0.711111	-20.8333	-6.72727	
-5.94023	-0.977778	-2.63768	-1.87879	
1.01149	0.977778	4.57246	-0.69697	
1.6	-1.15556	-2.23188	0.969697	
-2.05977	1.42222	2.14493	2.51515	
0.689655	-0.355556	-15.9783	-12.303	
4.68046	0.533333	-3.25362	-1	
5.16782	0.533333	4.15217	1	
2.74023	1.06667	-13.5072	0.454545	
-2.17011	-12.8889	2.95652	-1.60606	
-1.78391	-1.68889	9.13768	1.90909	
2.57471	0.177778	-2.52899	1.21212	
2.56552	2.13333	10.1884	-0.909091	
2.55632	2.4	-6.74638	4.84848	
2.1977	0.266667	10.5072	1.60606	
-10.9057	1.51111	3.9058	1.9697	
0.56092	1.42222	1.92754	2.33333	
-1.81149	0.177778	-26.471	0.939394	
1.44368	0.711111	-5.37681	-4.12121	
3.2	1.51111	0.753623	-0.69697	
-0.487356	-2.13333	-6.78261	2.12121	
3.10805	-0.444444	7.23913	3	
-1.37931	-0.355556	10.9855	1.09091	
-2.2069	1.33333	0.427536	1.30303	
-0.570115	0.977778	2.44928	3.12121	
-8.97471	2.22222	15.5217	-3.33333	
0.404598	-7.46667	2.86232	-4.24242	
2.68506	2.93333	-12.9348	-4.42424	
4.11954	1.77778	-4.62319	-0.939394	
0.202299	1.24444	4.73913	2.09091	
0.744828	2.04444	7.3913	-3.24242	
4.47816	0.622222	-25.1522	-4.78788	
-0.156322	0.355556	2.15217	1.09091	
1.57241	0.8	-31.3043	-8.72727	
2.12414	1.51111	5.03623	-1.57576	
1.97701	0.977778	6.56522	2.09091	
1.28736	1.24444	-1.96377	-0.151515	
1.54483	-4.35556	3.62319	5	
-4.33103	0.177778	-15.3188	0.787879	
2.74943	0.355556	-7.6087	1.51515	
2.61149	-1.06667	-5.78986	-3.48485	
-6.05977	2.04444	13.058	-1.9697	
-2.91494	2.66667	13.1377	-0.181818	
2.93333	-2.04444	10.6087	-2.45455	
5.25057	0.266667	-6.4058	0.545455	
-1.8023	1.24444	0.181159	3	
-5.22299	-2.84444	4.36232	-1	
-0.597701	-2.57778	-4.37681	-0.636364	
1.32414	0.8	-17.3406	0.30303	
-10.069	0.622222	5.26087	1.24242	
1.5908	-7.28889	-19.2899	2.15152	
3.95402	1.86667	-3.81159	1.15152	
-4.30345	-6.75556	-11.7246	1.45455	
-1.27816	2.13333	3.42029	-1.78788	
2.08736	-3.28889	12.2029	0.424242	
0.836782	2.57778	2.7029	-6.66667	
-6.81379	1.68889	-9.78986	0.151515	
2.9977	0.977778	0.963768	1	
0.137931	-1.24444	6.64493	-1.21212	
2.85057	0.355556	7.12319	-6.84848	
1.82989	2.31111	-7.36957	2.87879	
-1.57241	1.86667	6.13768	0.545455	
3.84368	0	1.30435	-4.21212	
0.643678	-2.84444	4.15217	-1.27273	
-2.73103	-8.26667	8.86957	0.757576	
-2.38161	0.355556	-3.94203	0.69697	
2.14253	0.622222	-1.02174	3.48485	
-0.781609	-1.86667	11.1159	0.727273	
0.717241	0.711111	-5.81884	3.0303	
2.16092	2.04444	-0.623188	-0.818182	
1.95862	1.15556	-0.0652174	-0.0909091	
1.9954	1.06667	-1.6087	-7.93939	
-1.25977	1.42222	6.05797	2.09091	
1.88506	0.711111	3.7029	1.54545	
0.8	-4.35556	11.6812	-3.57576	
0.781609	2.22222	-3.38406	0.212121	
4.51494	2.13333	-1.80435	1.18182	
7.41149	-0.0888889	15.3188	-3.60606	
-4.26667	-2.66667	4.86232	-4.51515	
-2.2069	2.48889	-1.19565	1.51515	
2.36322	-1.24444	6.72464	2.60606	
2.4	2.84444	3.92029	2.24242	
4.11034	-0.266667	1.13768	-0.121212	
2.36322	0.977778	7.46377	1.21212	
2.7954	-14.8444	0.195652	-0.151515	
0.128736	1.42222	-7.00725	-5.81818	
4.90115	-8.53333	5.93478	1.87879	
4.12874	-2.04444	7.57971	1.27273	
2.74023	-0.711111	11.6304	-0.606061	
-6.02299	-1.42222	2.8913	1.42424	
4.82759	-2.31111	2.76087	-1.72727	
1.82989	7.02222	-5.86232	-2.21212	
0.735632	0.8	-0.550725	1.0303	
3.88046	1.6	9.03623	-0.515152	
1.37931	-0.622222	-3.76812	1.72727	
-3.72414	-0.977778	1.88406	-2.06061	
1.86667	1.95556	-0.00724638	-0.727273	
1.71954	-0.888889	11.9348	2.36364	
5.21379	1.42222	1.42029	2.21212	
1.47126	0.533333	2.23913	-2.21212	
2.88736	0.0888889	2.7029	-3.33333	
-2.14253	-0.711111	0.702899	-3.78788	
1.7931	1.24444	5.65217	0.515152	
0.303448	0.977778	-4.28986	1.42424	
-4.47816	-2.48889	-3.11594	1.63636	
2.4092	3.02222	-0.34058	-1.18182	
-5.37931	-5.42222	0.0144928	-3.21212	
2.45517	-0.177778	-4.95652	-2.93939	
-13.1126	1.24444	2.12319	-3.15152	
3.11724	1.51111	-1.56522	4.18182	
-9.71954	2.13333	-2.47826	-0.121212	
-6.61149	1.15556	-1.28261	2.15152	
1.41609	-3.37778	-2.93478	-1.9697	
2.48276	2.4	-5.43478	-1.72727	
4.91954	-3.2	4.86232	-0.909091	
2.3908	0.8	5.97101	-3.39394	
3.98161	1.77778	11.6304	0.909091	
0.432184	1.15556	9.42754	1.39394	
-9.41609	2.4	-1.87681	-4.33333	
8.01839	-0.355556	4.07246	-0.424242	
4.66207	2.13333	-1.83333	-1.24242	
4.92874	0.622222	1.87681	3.36364	
-6.22529	1.42222	-3.46377	0.727273	
-1.73793	-0.977778	0.695652	-3.87879	
4.29425	1.15556	6.7971	-2.06061	
-3.71494	-26.4889	1.66667	1.90909	
0.597701	0.8	8.44203	-3.48485	
7.21839	1.51111	1.06522	-2.15152	
2.16092	-0.8	-14.9348	2.51515	
-0.147126	-0.711111	-8.63768	1.27273	
2.98851	1.6	1.84058	-1.90909	
2.22529	-2.75556	-14.8551	-1.12121	
-9.96782	1.24444	11.7536	-0.515152	
-2.95172	1.68889	6.34058	-0.151515	
3.18161	0.622222	2.0942	1.12121	
-5.41609	-2.13333	-19.4565	-0.121212	
2.13333	1.95556	4.30435	0.818182	
-5.35172	2.31111	-4.5942	-0.181818	
-5.34253	-0.444444	-4.68116	-2.9697	
-1.57241	-0.355556	-2.26812	1.36364	
-4.08276	1.33333	-6.63043	1.69697	
-2.02299	-0.0888889	5.07971	-4.15152	
1.24138	0.444444	-3.2971	2.12121	
-7.21839	1.06667	-21.6667	-0.181818	
-0.128736	-3.46667	-0.724638	2.51515	
2.13333	0.355556	6.35507	1.48485	
1.38851	2.66667	13	2.36364	
4.69885	0.888889	0.913043	1.75758	
1.34253	3.64444	1.12319	2.15152	
-0.698851	1.24444	10.7319	0.757576	
1.50805	0.888889	-8.75362	1.66667	
-0.386207	1.95556	14.1014	1.45455	
3.24598	2.22222	-4.60145	-3.21212	
-1.93103	-7.64444	-3.98551	2.69697	
-1.74713	2.48889	5.23188	-0.424242	
1.26897	1.06667	-4.21739	-0.212121	
3.71494	1.86667	15.3913	1.84848	
3.13563	1.42222	3.07246	1.39394	
-1.16782	-1.86667	-17.3768	0.878788	
-0.183908	-2.57778	0.391304	-2.27273	
-1.25057	-3.91111	-0.42029	-2.75758	
2.28046	1.15556	-15.1159	1.90909	
2.7954	0.711111	-9.13768	1.90909	
-1.41609	2.04444	6.05797	-2	
-5.0023	1.6	2.71014	-1.93939	
1.78391	-0.977778	-3.60145	3.93939	
-3.11724	1.24444	-3.64493	2.75758	
-4.66207	1.68889	9.24638	0.878788	
2.70345	1.24444	-7.2971	2.42424	
0.901149	2.31111	10.1304	0.848485	
-0.045977	3.46667	6.78986	-0.0909091	
3.3931	-2.4	-5.66667	-4.12121	
3.26437	-2.31111	0.413043	1.21212	
-4.8092	1.86667	-9.05072	-7.54545	
3.93563	0.711111	1.76812	-0.242424	
0.726437	-0.888889	-5.46377	1.84848	
0.468966	-2.31111	-4.18841	2.69697	
0.845977	-0.711111	-5.66667	1.51515	
5.88506	-0.622222	-10.7246	-5.78788	
1.67356	-2.84444	3.39855	1.42424	
-0.23908	3.28889	-17.9203	-3.51515	
5.25057	1.86667	12.3188	0.636364	
0.147126	-2.13333	-5.76087	2.57576	
-1.05747	2.57778	1.23913	1.81818	
3.66897	0.533333	-4.65217	-6.48485	
4.68046	6.48889	-5.16667	-1.42424	
1.72874	-2.13333	-4.71014	1.87879	
3.42069	1.33333	-13.1014	-2.60606	
-1.8023	-11.2	-16.6087	-1.0303	
-3.47586	-1.95556	15.1449	-2.69697	
-8.57011	0.177778	-2.58696	1.48485	
-3.96322	3.02222	-12.8551	0.242424	
1.28736	0.8	-3.30435	2.30303	
1.83908	3.82222	0.0942029	1.87879	
3.01609	0.177778	4.31159	0.393939	
-5.31494	2.31111	3.48551	-2.57576	
3.33793	0.266667	-15.558	3.33333	
1.44368	2.04444	3.34783	0	
1.51724	-1.86667	-3.49275	2.39394	
-2.25287	-10.8444	12.2609	-0.454545	
0.34023	-0.0888889	-6.18841	0.939394	
2.06897	-8	2.06522	0.0606061	
2.28046	1.33333	0.688406	-3.63636	
2.05057	3.37778	3.69565	-1.39394	
3.12644	4.08889	-4.34783	-5.9697	
-4.33103	3.02222	-8.07971	-5.12121	
4.84598	2.4	-23.7609	2.27273	
0.625287	-3.2	-15.5362	-1.78788	
1.16782	1.51111	-6.81884	0.69697	
-3.43908	2.57778	-5.28261	-4.15152	
2.84138	0.977778	-4.10145	0.181818	
2.28966	-2.48889	2.34058	1.09091	
-10.0414	-8.17778	6.92754	-3.60606	
2.3908	0.711111	1.32609	-2.90909	
-7.10805	5.51111	-9.50725	2.66667	
-1.63678	3.82222	-23.2029	-0.030303	
-1.12184	-1.06667	-5.18116	1.75758	
4.70805	1.6	9.02174	0.727273	
1.09425	3.11111	7.80435	-4.54545	
-0.202299	-0.8	1.81884	3.84848	
-8.43218	1.51111	8.97826	2.48485	
4.6069	0.444444	0.101449	-0.484848	
-3.11724	0.355556	-9.19565	0.393939	
-2.28046	0.8	-11.8261	-0.454545	
3.02529	-1.77778	3.97826	0.727273	
2.54713	1.42222	-5.65217	-0.363636	
-1.23218	1.51111	-4.57246	2.27273	
-1.85747	0.533333	-13.2391	3.84848	
1.13103	1.24444	3.92029	-2.69697	
-11.0897	-0.0888889	-3.06522	-7.39394	
-0.0367816	2.22222	-24.9203	0.606061	
0.983908	1.06667	-5.69565	1.72727	
1.35172	1.15556	4.94928	2.90909	
-7.49425	1.68889	-5.07246	-2.36364	
