R2[0]	R2[1]	R2[2]	R2[3]	
0.143574	0.167065	0.132802	0.107253	
0.139216	0.179333	0.154704	0.120533	
0.102813	0.155027	0.123764	0.166605	
0.112553	0.209199	0.117461	0.138588	
0.0931164	0.166275	0.12124	0.127481	
0.086447	0.2	0.114692	0.13558	
0.0867349	0.178661	0.107787	0.105574	
0.0992365	0.163546	0.128852	0.154393	
0.065978	0.217176	0.129407	0.139754	
0.139449	0.122428	0.15058	0.136278	
0.0606231	0.155686	0.11727	0.140109	
0.12013	0.159513	0.133913	0.189075	
0.171803	0.205556	0.132646	0.16245	
0.142431	0.160069	0.121265	0.129235	
0.0882517	0.128275	0.103957	0.143641	
0.119795	0.23316	0.105176	0.166564	
0.120209	0.173549	0.145851	0.16021	
0.10602	0.1127	0.129356	0.129619	
0.149283	0.209517	0.0873014	0.180796	
0.157449	0.106203	0.0962943	0.134712	
0.084595	0.121249	0.154936	0.111675	
0.0889181	0.139284	0.152433	0.167042	
0.103339	0.193023	0.116504	0.147842	
0.155163	0.143025	0.141419	0.105079	
0.128124	0.153356	0.120732	0.132667	
0.107154	0.133333	0.134031	0.148113	
0.0946563	0.129233	0.127925	0.106673	
0.130474	0.207293	0.10255	0.0956256	
0.108027	0.155401	0.115061	0.165386	
0.118556	0.162104	0.122134	0.196025	
0.069958	0.164372	0.127351	0.189087	
0.161978	0.251004	0.133306	0.160129	
0.12578	0.150147	0.150879	0.14882	
0.126872	0.138095	0.133165	0.136939	
0.12272	0.15054	0.125437	0.172226	
0.124422	0.140791	0.122734	0.143447	
0.102387	0.201921	0.146786	0.135436	
0.160715	0.159087	0.130238	0.146361	
0.125498	0.225056	0.137919	0.120801	
0.0884484	0.183424	0.151535	0.129182	
0.131761	0.145909	0.118534	0.114007	
0.141971	0.175075	0.152995	0.142723	
0.101112	0.13323	0.119818	0.0926072	
0.103618	0.126716	0.13598	0.130497	
0.102478	0.191376	0.130071	0.178573	
0.102293	0.165158	0.133229	0.144195	
0.0959143	0.21988	0.118749	0.124978	
0.100967	0.121044	0.130324	0.0913982	
0.121468	0.154048	0.156419	0.155923	
0.15015	0.141457	0.140783	0.170833	
0.16089	0.172852	0.121676	0.11313	
0.145267	0.171966	0.113986	0.145598	
0.126811	0.168671	0.122325	0.151774	
0.134967	0.206715	0.146278	0.118553	
0.112034	0.127301	0.133602	0.140071	
0.0896954	0.166354	0.126702	0.153522	
0.125941	0.156525	0.092376	0.109937	
0.0947909	0.222222	0.143545	0.0951455	
0.0928361	0.248889	0.144155	0.160254	
0.147707	0.166575	0.104781	0.126054	
0.110917	0.207552	0.105827	0.169209	
0.109654	0.137439	0.112102	0.187739	
0.149773	0.169887	0.115637	0.15555	
0.118886	0.128364	0.12419	0.145322	
0.149176	0.173568	0.132637	0.137113	
0.143367	0.156525	0.126752	0.155989	
0.101318	0.174962	0.110911	0.132527	
0.135578	0.213862	0.099342	0.132766	
0.0688707	0.219961	0.151118	0.136948	
0.151812	0.139443	0.102242	0.108974	
0.14208	0.184391	0.124654	0.171054	
0.155636	0.184538	0.101253	0.127424	
0.130783	0.112765	0.140602	0.106202	
0.0986779	0.166771	0.132683	0.127091	
0.126921	0.203973	0.122235	0.159915	
0.0985367	0.108716	0.123987	0.0985865	
0.0974096	0.149485	0.133574	0.152615	
0.145673	0.186844	0.112231	0.130782	
0.140663	0.172675	0.125383	0.137047	
0.118834	0.224833	0.139365	0.14166	
0.147692	0.179701	0.137562	0.188853	
0.12143	0.211897	0.140517	0.11879	
0.154648	0.191363	0.138403	0.123197	
0.103022	0.186036	0.132929	0.169089	
0.140875	0.127982	0.156138	0.0819848	
0.136269	0.149815	0.102153	0.104773	
0.124779	0.263874	0.120154	0.165912	
0.0791819	0.184409	0.122738	0.121344	
0.116005	0.122601	0.132459	0.161772	
0.0974034	0.173687	0.101558	0.124813	
0.144973	0.259674	0.0873863	0.140204	
0.0904418	0.184926	0.11253	0.145905	
0.0821805	0.219888	0.125379	0.15683	
0.109096	0.123128	0.111592	0.11973	
0.07929	0.184341	0.12287	0.139114	
0.0951636	0.140633	0.12913	0.121281	
0.128523	0.124722	0.138467	0.11816	
0.093952	0.148703	0.133362	0.142785	
0.121647	0.15686	0.132521	0.121823	
0.105334	0.164655	0.106599	0.142819	
0.137553	0.152436	0.100798	0.171252	
0.137413	0.137347	0.131574	0.0941414	
0.0757967	0.215345	0.0991821	0.146588	
0.118123	0.150687	0.143482	0.14241	
0.0828393	0.170783	0.114784	0.146908	
0.111278	0.18915	0.127747	0.178281	
0.102599	0.218361	0.135798	0.0935592	
0.0995844	0.196413	0.113271	0.10054	
0.131434	0.175882	0.127072	0.139123	
0.0659725	0.136634	0.109175	0.120935	
0.101051	0.182724	0.126118	0.130486	
0.0836078	0.134944	0.0995197	0.146212	
0.102243	0.10595	0.0888261	0.173983	
0.146521	0.207722	0.140274	0.118472	
0.140474	0.124289	0.138795	0.165906	
0.147114	0.118082	0.135538	0.150604	
0.123563	0.237529	0.113009	0.105978	
0.0886631	0.213405	0.121966	0.147873	
0.106951	0.204426	0.121188	0.11952	
0.0942555	0.144124	0.106286	0.149063	
0.0983334	0.136195	0.115167	0.152043	
0.0956231	0.139691	0.116131	0.120181	
0.0821249	0.111631	0.112	0.115308	
0.0892049	0.142378	0.128423	0.160241	
0.132439	0.239624	0.118909	0.143237	
0.120022	0.160943	0.16457	0.119926	
0.127326	0.190029	0.107393	0.175029	
0.122031	0.121192	0.13099	0.108664	
0.0953871	0.158114	0.124997	0.133047	
0.120186	0.2245	0.126979	0.111875	
0.122372	0.196859	0.120728	0.152665	
0.118966	0.144989	0.103484	0.13072	
0.100469	0.148908	0.132132	0.166775	
0.137843	0.149071	0.111401	0.127575	
0.105288	0.166206	0.0885142	0.11134	
0.149696	0.208948	0.102251	0.116349	
0.107942	0.173391	0.136518	0.171839	
0.0800177	0.162829	0.125413	0.144527	
0.128469	0.116502	0.111419	0.128958	
0.155005	0.203471	0.127731	0.12732	
0.125108	0.3	0.124434	0.140642	
0.111345	0.182484	0.156792	0.133667	
0.136645	0.0832304	0.110464	0.129037	
0.124825	0.160282	0.1108	0.132478	
0.085729	0.219444	0.122816	0.156082	
0.111868	0.178233	0.0846754	0.112937	
0.0653633	0.160898	0.129546	0.127805	
0.103687	0.114735	0.149236	0.143638	
0.114867	0.213045	0.0941725	0.128165	
0.144368	0.217423	0.112921	0.167006	
0.0895992	0.190253	0.112927	0.120023	
0.142848	0.117096	0.120679	0.170767	
0.113621	0.133444	0.11243	0.137312	
0.115897	0.148113	0.159509	0.11481	
0.140395	0.124706	0.0940127	0.113589	
0.109306	0.181526	0.117373	0.159213	
0.107197	0.165842	0.108491	0.102924	
0.121804	0.180876	0.161915	0.153702	
0.104449	0.16756	0.138198	0.142408	
0.100076	0.120313	0.154252	0.190975	
0.0902317	0.162504	0.108376	0.130806	
0.102503	0.155481	0.106679	0.146437	
0.131406	0.132551	0.121314	0.100121	
0.0740203	0.125435	0.0950563	0.09272	
0.0985025	0.200857	0.103736	0.156757	
0.0895494	0.159032	0.141581	0.149389	
0.103027	0.152914	0.1151	0.124886	
0.122784	0.173449	0.122414	0.121982	
0.123844	0.151088	0.167391	0.122346	
0.122917	0.156688	0.121023	0.137483	
0.129148	0.21083	0.127072	0.143205	
0.119541	0.135087	0.117596	0.159969	
0.141294	0.1859	0.135529	0.116534	
0.150252	0.135647	0.133381	0.195524	
0.125091	0.142725	0.12916	0.148474	
0.164192	0.113807	0.0950941	0.131671	
0.119768	0.104462	0.102277	0.162191	
0.124715	0.157903	0.180693	0.0949072	
0.0670532	0.177608	0.124575	0.120714	
0.12347	0.197917	0.108425	0.143388	
0.148356	0.224135	0.122227	0.163819	
0.107416	0.167724	0.125818	0.176682	
0.134804	0.149677	0.129628	0.138426	
0.123587	0.181191	0.130072	0.131289	
0.141328	0.106259	0.101331	0.17696	
0.0915581	0.133076	0.117785	0.207805	
0.147563	0.178143	0.0979946	0.119316	
0.134519	0.129135	0.1285	0.176143	
0.0959945	0.12671	0.109129	0.14149	
0.0958194	0.110948	0.121266	0.139456	
0.0988257	0.181176	0.124194	0.159899	
0.117711	0.158056	0.119496	0.141537	
0.0995795	0.21358	0.118815	0.157346	
0.0992979	0.182136	0.113586	0.132668	
0.111654	0.243222	0.126007	0.178097	
0.107256	0.165005	0.12138	0.135154	
0.14219	0.203451	0.146644	0.132697	
0.109409	0.131219	0.129142	0.167575	
0.113311	0.122428	0.131564	0.158642	
0.110966	0.174456	0.116237	0.14725	
0.120936	0.226402	0.12377	0.171176	
0.107581	0.193618	0.137035	0.0964372	
0.120015	0.169765	0.155213	0.108414	
0.109622	0.15642	0.132249	0.124894	
0.12553	0.217386	0.161423	0.146635	
0.114183	0.193938	0.115963	0.166989	
0.115311	0.188243	0.13751	0.165063	
0.141485	0.215789	0.120556	0.150514	
0.117496	0.123168	0.129318	0.177329	
0.0861132	0.127488	0.141406	0.14418	
0.067405	0.143897	0.0919522	0.189883	
0.0869314	0.238889	0.102661	0.176904	
0.090381	0.245136	0.107942	0.135873	
0.136475	0.118976	0.124519	0.206009	
0.162504	0.132034	0.127552	0.173552	
0.0962207	0.149726	0.130944	0.113692	
0.0775902	0.132465	0.108149	0.138173	
0.107369	0.154931	0.117226	0.136748	
0.114855	0.1264	0.12923	0.14063	
0.145573	0.197444	0.109823	0.119898	
0.104922	0.14204	0.148295	0.130614	
0.100219	0.196777	0.112233	0.156739	
0.108537	0.166481	0.146564	0.0987527	
0.131021	0.15406	0.133091	0.167128	
0.122867	0.163806	0.133618	0.163508	
0.0735678	0.177778	0.105703	0.153894	
0.124716	0.226898	0.118696	0.139083	
0.0731481	0.175237	0.140035	0.144133	
0.110631	0.17469	0.135918	0.157255	
0.114511	0.133333	0.107105	0.144396	
0.100113	0.093752	0.147531	0.0954703	
0.14522	0.166801	0.107575	0.177965	
0.142804	0.185769	0.125398	0.108519	
0.112642	0.150919	0.14303	0.154177	
0.110204	0.126345	0.133414	0.105992	
0.114685	0.230437	0.126741	0.162387	
0.143458	0.246641	0.129266	0.0952846	
0.119789	0.168648	0.127672	0.122321	
0.110765	0.128521	0.116651	0.152265	
0.0824965	0.158644	0.112275	0.160733	
0.129756	0.235252	0.118147	0.136721	
0.145256	0.148976	0.0945758	0.134995	
0.098473	0.23326	0.133874	0.152547	
0.1235	0.178625	0.148124	0.123814	
0.104842	0.103962	0.136434	0.184481	
0.136023	0.145232	0.105065	0.147392	
0.113803	0.167357	0.144026	0.129684	
0.140034	0.165695	0.109723	0.152612	
0.106171	0.216392	0.12023	0.14822	
0.12798	0.190997	0.149422	0.19133	
0.0910105	0.224876	0.122468	0.144589	
0.0982384	0.209941	0.138721	0.123185	
0.115692	0.194047	0.105699	0.118867	
0.138602	0.138969	0.110058	0.123498	
0.118027	0.168493	0.0875979	0.135758	
0.133755	0.155903	0.12615	0.159868	
0.0707232	0.142808	0.0864853	0.168474	
0.133137	0.17083	0.134517	0.154854	
0.098763	0.13878	0.13397	0.14251	
0.12356	0.158547	0.14225	0.152136	
0.140346	0.198977	0.104786	0.124667	
0.126766	0.152488	0.112182	0.133725	
0.151653	0.190029	0.110938	0.141671	
0.126706	0.133333	0.133459	0.165581	
0.106724	0.205174	0.147591	0.127599	
0.103269	0.119611	0.148366	0.140292	
0.0803858	0.186333	0.129869	0.11569	
0.169546	0.127337	0.120604	0.118757	
0.134465	0.195513	0.12249	0.123852	
0.131989	0.199013	0.0902297	0.149474	
0.115528	0.173684	0.106118	0.114431	
0.120754	0.146191	0.145405	0.125151	
0.105616	0.137444	0.0992787	0.125593	
0.14682	0.172434	0.117314	0.150411	
0.11953	0.169931	0.133538	0.153721	
0.155941	0.159861	0.12276	0.155712	
0.0976054	0.198031	0.130434	0.17696	
0.0983022	0.191808	0.0904393	0.182521	
0.130552	0.131662	0.11661	0.142219	
0.112384	0.110644	0.145217	0.134139	
0.0948025	0.149717	0.083471	0.113875	
0.157357	0.15436	0.134704	0.166282	
0.0869275	0.156844	0.123424	0.144165	
0.126241	0.15298	0.103316	0.155686	
0.138922	0.224271	0.126633	0.12964	
0.0672363	0.185343	0.122504	0.113898	
0.14418	0.212542	0.112138	0.150777	
0.0837229	0.175202	0.135676	0.112576	
0.11852	0.181875	0.114441	0.185785	
0.115334	0.182871	0.10724	0.119093	
0.123075	0.147505	0.12085	0.17486	
0.109955	0.233333	0.113442	0.126876	
0.152148	0.170276	0.0974919	0.125992	
0.13413	0.160567	0.0844279	0.127532	
0.130584	0.140943	0.118431	0.139194	
0.0820143	0.144326	0.129317	0.131364	
0.126548	0.188889	0.129763	0.120655	
0.0962384	0.174939	0.136505	0.154493	
0.117027	0.167534	0.11982	0.148174	
0.118958	0.174005	0.124621	0.156739	
0.126558	0.203485	0.133043	0.140871	
0.141905	0.160898	0.120596	0.16572	
0.117812	0.196846	0.118791	0.179897	
0.140102	0.230137	0.0995886	0.152723	
0.104407	0.127728	0.114346	0.150725	
0.115364	0.135628	0.123717	0.139968	
0.121669	0.131471	0.112753	0.128745	
0.154374	0.165295	0.116708	0.186709	
0.120656	0.166133	0.145938	0.138428	
0.108222	0.188333	0.113664	0.141475	
0.135076	0.16653	0.10657	0.119614	
0.0949828	0.135982	0.15483	0.155456	
0.11791	0.131659	0.133109	0.163309	
0.143274	0.195456	0.111868	0.113131	
0.0823246	0.127574	0.146945	0.170895	
0.0942496	0.234161	0.0972775	0.178771	
0.108472	0.177713	0.110325	0.183967	
0.119917	0.212815	0.138336	0.150545	
0.0894999	0.209411	0.107652	0.150699	
0.162581	0.128794	0.104349	0.141807	
0.15989	0.20383	0.0924998	0.109746	
0.132893	0.133532	0.152112	0.136546	
0.105258	0.0811282	0.130305	0.157949	
0.135252	0.21877	0.134868	0.129764	
0.104237	0.144281	0.128884	0.130562	
0.0935004	0.146523	0.145994	0.152692	
0.0878442	0.182709	0.111258	0.146	
0.150747	0.168571	0.106092	0.138037	
0.131279	0.145342	0.116761	0.138535	
0.117886	0.249691	0.104377	0.126018	
0.111755	0.14875	0.13467	0.130411	
0.121298	0.171287	0.155763	0.135225	
0.0975259	0.1401	0.161967	0.116479	
0.155969	0.222244	0.134154	0.147135	
0.113527	0.162844	0.0978589	0.144968	
0.123161	0.139506	0.113387	0.145346	
0.0646814	0.197069	0.118381	0.100322	
0.116746	0.155325	0.0962744	0.12467	
0.0928457	0.146546	0.10483	0.140119	
0.12467	0.198977	0.119349	0.100683	
0.120338	0.118506	0.124203	0.166265	
0.101171	0.191816	0.066999	0.138442	
0.08977	0.207262	0.118995	0.103233	
0.123428	0.137195	0.135361	0.122448	
0.0898734	0.137476	0.138624	0.146854	
0.125106	0.150354	0.139125	0.15494	
0.147327	0.140594	0.140783	0.177093	
0.106351	0.126835	0.11053	0.170737	
0.164094	0.156679	0.1447	0.13164	
0.108712	0.122732	0.106568	0.131741	
0.10483	0.145019	0.10684	0.123394	
0.119631	0.125779	0.155038	0.179741	
0.16076	0.142866	0.125521	0.136829	
0.116034	0.211983	0.129098	0.139481	
0.111439	0.184489	0.0864649	0.167885	
0.141385	0.169141	0.119737	0.130677	
0.146584	0.15866	0.106882	0.165265	
0.101888	0.114904	0.0932785	0.153087	
0.116705	0.142102	0.120914	0.118847	
0.148811	0.132501	0.100104	0.141812	
0.113235	0.156372	0.121084	0.178934	
0.0796214	0.163989	0.112595	0.142778	
0.108394	0.126223	0.144213	0.136389	
0.121448	0.114396	0.154877	0.140892	
0.0974706	0.141857	0.129915	0.11851	
0.12518	0.16517	0.107744	0.133582	
0.105383	0.143281	0.144227	0.123427	
0.132123	0.237963	0.0937078	0.118217	
0.105484	0.1865	0.108256	0.11675	
0.115125	0.109432	0.104652	0.132988	
0.135146	0.149771	0.10555	0.127945	
0.155262	0.174184	0.131403	0.13583	
0.105766	0.192209	0.135434	0.13435	
0.0928799	0.173694	0.116278	0.151136	
0.12287	0.166135	0.115595	0.174079	
0.170856	0.117818	0.120741	0.101717	
0.114226	0.18672	0.111763	0.163332	
0.120919	0.144124	0.125382	0.175466	
0.100527	0.137259	0.0938282	0.135607	
0.126212	0.199771	0.119086	0.163465	
0.0936884	0.171921	0.117859	0.14666	
0.131835	0.20454	0.096676	0.143453	
0.101449	0.16175	0.131963	0.155734	
0.0974521	0.235322	0.100585	0.17646	
0.124087	0.164819	0.138599	0.125839	
0.114396	0.191433	0.125306	0.137706	
0.120021	0.168063	0.146327	0.164984	
0.0725662	0.11607	0.118526	0.14863	
0.124197	0.129791	0.114538	0.151109	
0.145099	0.116003	0.127964	0.128727	
0.0901081	0.1499	0.139583	0.130122	
0.107984	0.167192	0.134125	0.120533	
0.137069	0.1986	0.103996	0.145978	
0.0875679	0.138694	0.134743	0.12708	
0.117904	0.183901	0.134141	0.196767	
0.142123	0.184926	0.110044	0.170426	
0.13368	0.203973	0.101209	0.123145	
0.0996434	0.114356	0.10728	0.156954	
0.130201	0.141992	0.140915	0.107462	
0.0673377	0.162256	0.145346	0.186851	
0.155753	0.152186	0.129798	0.156133	
0.131506	0.22767	0.135782	0.132568	
0.139953	0.142686	0.152241	0.108971	
0.100021	0.144101	0.145693	0.156389	
0.0861727	0.173803	0.0904615	0.170247	
0.145941	0.119024	0.117937	0.0947006	
0.093485	0.13088	0.13017	0.123222	
0.17312	0.164689	0.137347	0.166348	
0.117442	0.155851	0.105334	0.126436	
0.0914165	0.160062	0.143116	0.168249	
0.154565	0.207407	0.109024	0.15325	
0.0977631	0.192442	0.122847	0.133273	
0.130002	0.2	0.142008	0.136735	
0.091219	0.277778	0.149312	0.14429	
0.0904552	0.122883	0.0927445	0.15116	
0.0757145	0.112526	0.13068	0.15546	
0.11248	0.207707	0.13372	0.162502	
0.162652	0.223583	0.123658	0.141403	
0.122826	0.174492	0.123753	0.141477	
0.133762	0.213063	0.105837	0.13074	
0.116436	0.172692	0.106014	0.118694	
0.138777	0.227305	0.141291	0.127796	
0.102257	0.130847	0.12777	0.104638	
0.116598	0.226836	0.139126	0.128519	
0.0908488	0.139249	0.117225	0.141472	
0.114872	0.142174	0.0993863	0.123254	
0.12868	0.152705	0.122616	0.121132	
0.0939895	0.13531	0.140419	0.124997	
0.101947	0.169518	0.106735	0.188125	
0.140764	0.174005	0.126578	0.169773	
0.178192	0.118762	0.0920857	0.150512	
0.178127	0.166667	0.143646	0.131713	
0.175516	0.242222	0.147493	0.132403	
0.108558	0.168296	0.131852	0.146938	
0.16351	0.201246	0.0917253	0.0972842	
0.0679134	0.20226	0.100409	0.164411	
0.152082	0.168883	0.13926	0.170715	
0.134301	0.224759	0.146048	0.158856	
0.137534	0.174027	0.0984848	0.121885	
0.117999	0.124474	0.124873	0.153153	
0.130827	0.213505	0.115175	0.130782	
0.154068	0.183438	0.110001	0.171255	
0.113817	0.158401	0.121148	0.169227	
0.1192	0.140819	0.130323	0.166917	
0.13955	0.152664	0.142863	0.187641	
0.138023	0.114231	0.113586	0.142594	
0.129892	0.160078	0.105334	0.12908	
0.144128	0.165044	0.123215	0.145866	
0.112545	0.207952	0.123653	0.13375	
0.125746	0.154919	0.102147	0.122916	
0.14169	0.169406	0.120018	0.168283	
0.111272	0.127769	0.11291	0.165741	
0.068047	0.160301	0.15456	0.100563	
0.122156	0.161075	0.155637	0.134456	
0.133584	0.139466	0.0989609	0.173374	
0.0993808	0.229229	0.115039	0.109689	
0.159131	0.109431	0.124609	0.16688	
0.098286	0.120925	0.122182	0.143462	
0.0911144	0.154785	0.115339	0.132151	
0.118905	0.155773	0.131755	0.143161	
0.129602	0.178594	0.130835	0.165162	
0.113286	0.093351	0.138966	0.102147	
0.112418	0.139615	0.126733	0.111993	
0.132459	0.165817	0.115719	0.142791	
0.154914	0.21898	0.110802	0.177717	
0.117552	0.188889	0.12931	0.149691	
0.0942403	0.25	0.111052	0.126886	
0.139387	0.127186	0.105457	0.127426	
0.10912	0.218168	0.124193	0.152534	
0.116676	0.196737	0.119052	0.179092	
0.0979222	0.166461	0.116809	0.128822	
0.150697	0.170221	0.120055	0.167324	
0.115872	0.136295	0.122365	0.167198	
0.100528	0.17469	0.117426	0.146503	
0.098228	0.257778	0.127228	0.129228	
0.131505	0.197185	0.164496	0.129416	
0.144733	0.243056	0.14033	0.129893	
0.118036	0.175451	0.134109	0.186068	
0.134994	0.192486	0.117547	0.131277	
0.0967848	0.103455	0.12141	0.134318	
0.115239	0.166026	0.0879015	0.171809	
0.117111	0.144067	0.0932176	0.141286	
0.109568	0.164346	0.134252	0.164286	
0.139352	0.202778	0.13055	0.193456	
0.114577	0.108525	0.103561	0.178907	
0.0855995	0.158476	0.101955	0.143973	
0.10939	0.209249	0.0935315	0.1198	
0.130534	0.138139	0.149201	0.145704	
0.0797699	0.139533	0.11213	0.128638	
0.121933	0.160342	0.112317	0.159888	
0.114932	0.244068	0.116773	0.151763	
0.146521	0.185958	0.141936	0.147455	
0.110324	0.0995166	0.0983072	0.12133	
0.0981663	0.172567	0.126124	0.10968	
0.0998029	0.207544	0.147496	0.129418	
0.095173	0.170517	0.144305	0.157833	
0.0804245	0.231889	0.128749	0.140307	
0.116313	0.203613	0.095768	0.192575	
0.094244	0.210096	0.12672	0.155978	
0.131593	0.146818	0.101987	0.172535	
0.145394	0.2	0.125995	0.151445	
0.102783	0.174878	0.150665	0.110025	
0.149255	0.139555	0.11979	0.120144	
0.133427	0.159087	0.119085	0.126814	
0.126792	0.172171	0.124602	0.140055	
0.0997492	0.163317	0.12321	0.184989	
0.0982312	0.1725	0.0913547	0.116316	
0.148422	0.184118	0.105635	0.173044	
0.116412	0.173544	0.0966025	0.107539	
0.11673	0.222666	0.118101	0.132707	
0.0865571	0.133076	0.105673	0.123943	
0.117837	0.116749	0.12199	0.125646	
0.118683	0.234921	0.121702	0.13923	
0.126459	0.147504	0.110738	0.212668	
0.134549	0.12996	0.144623	0.107366	
0.0918577	0.214929	0.153621	0.161282	
0.139655	0.162256	0.114729	0.158518	
0.104237	0.199819	0.101487	0.0956482	
0.104524	0.152663	0.0934284	0.120947	
0.11737	0.152753	0.11879	0.163856	
0.17041	0.179333	0.12415	0.141934	
0.126496	0.173294	0.13528	0.165017	
0.0743356	0.19789	0.134153	0.0795755	
0.173657	0.165842	0.128703	0.131949	
0.12774	0.189116	0.118368	0.157478	
0.132153	0.158504	0.135778	0.159509	
0.0705571	0.142224	0.114086	0.148064	
0.0956506	0.174587	0.100208	0.15245	
0.0635726	0.159269	0.0942131	0.136877	
0.115236	0.14937	0.0976216	0.117215	
0.100525	0.169376	0.135682	0.150228	
0.155148	0.159087	0.144703	0.109687	
0.101947	0.162581	0.133337	0.124342	
0.135696	0.15507	0.0875749	0.112517	
0.153812	0.154173	0.123721	0.146473	
0.127646	0.190374	0.140647	0.128212	
0.141781	0.0919608	0.0984363	0.100809	
0.114402	0.216463	0.124058	0.185716	
0.0846712	0.19293	0.139474	0.174116	
0.143021	0.147764	0.118889	0.137121	
0.0774542	0.163629	0.130045	0.114868	
0.138901	0.170482	0.112489	0.148373	
0.0944265	0.164658	0.130535	0.121551	
0.0855486	0.13386	0.110382	0.132092	
0.156161	0.125562	0.130827	0.136882	
0.0910633	0.265724	0.114533	0.124276	
0.0947332	0.239196	0.113542	0.092596	
0.147533	0.109432	0.0971921	0.152552	
0.107667	0.148913	0.135653	0.156708	
0.127764	0.115477	0.120208	0.127451	
0.100108	0.111803	0.113147	0.147516	
0.102774	0.20709	0.119114	0.183766	
0.0794368	0.147826	0.122743	0.105828	
0.12879	0.108716	0.149636	0.147229	
0.0726261	0.141323	0.118886	0.13243	
0.0890991	0.266667	0.12126	0.138115	
0.0869309	0.105516	0.11264	0.154563	
0.133164	0.149609	0.135703	0.12238	
0.138261	0.205267	0.118313	0.112573	
0.0488417	0.167683	0.146181	0.153823	
0.10672	0.16999	0.123877	0.110371	
0.128903	0.13567	0.110545	0.108604	
0.133804	0.142272	0.139867	0.141356	
0.0960169	0.11532	0.130969	0.129356	
0.148966	0.168856	0.110516	0.155422	
0.0767641	0.13896	0.112275	0.1231	
0.132179	0.181333	0.110958	0.174677	
0.115695	0.198977	0.152764	0.125671	
0.138726	0.202469	0.15601	0.12421	
0.11007	0.114735	0.112234	0.144918	
0.111371	0.156859	0.126864	0.131529	
0.149237	0.207026	0.12197	0.122235	
0.101675	0.163313	0.125419	0.15476	
0.0892231	0.165085	0.11108	0.111074	
0.124925	0.225877	0.139178	0.119092	
0.121169	0.156765	0.148081	0.174343	
0.139915	0.148045	0.111448	0.159677	
0.0688655	0.138923	0.112101	0.175325	
0.101437	0.188243	0.112318	0.0995068	
0.104229	0.193652	0.11942	0.120884	
0.067607	0.177778	0.123286	0.168954	
0.184648	0.163248	0.112235	0.138243	
0.104813	0.225028	0.129984	0.163446	
0.104895	0.120468	0.124271	0.131071	
0.105456	0.151683	0.099158	0.135949	
0.108883	0.180702	0.161566	0.154493	
0.111392	0.0996454	0.146343	0.128517	
0.106643	0.15693	0.122929	0.184011	
0.076109	0.196222	0.115384	0.15917	
0.11624	0.2516	0.144179	0.116578	
0.0883418	0.103136	0.110837	0.12052	
0.108226	0.218104	0.159325	0.0897097	
0.122529	0.144018	0.139043	0.166074	
0.0902506	0.160012	0.126137	0.158629	
0.13113	0.137347	0.134604	0.158139	
0.0854855	0.164114	0.15538	0.129556	
0.134608	0.150886	0.145643	0.118866	
0.115791	0.16928	0.0972324	0.110809	
0.106551	0.200651	0.133011	0.146954	
0.123847	0.159087	0.14189	0.166627	
0.117933	0.179415	0.154211	0.131461	
0.126432	0.206687	0.117255	0.150654	
0.111266	0.200901	0.129255	0.121455	
0.128761	0.175585	0.120143	0.156129	
0.116216	0.153083	0.136602	0.155872	
0.105289	0.19113	0.145234	0.182524	
0.136008	0.15932	0.11352	0.15009	
0.129289	0.203198	0.108694	0.160855	
0.146974	0.168897	0.114941	0.164646	
0.122782	0.166894	0.116855	0.141458	
0.0924566	0.178576	0.110823	0.127506	
0.127545	0.13733	0.129595	0.120978	
0.115672	0.142833	0.118902	0.147153	
0.0886574	0.148426	0.130576	0.128807	
0.127152	0.152186	0.140039	0.148949	
0.109941	0.168458	0.0849311	0.120406	
0.115795	0.219048	0.145163	0.131824	
0.129272	0.116003	0.12467	0.103852	
0.0804411	0.17745	0.114121	0.159642	
0.0801463	0.168636	0.10951	0.141046	
0.121126	0.184778	0.107572	0.15088	
0.126633	0.160866	0.128989	0.135325	
0.138538	0.149865	0.118315	0.140023	
0.129657	0.175594	0.117282	0.15066	
0.183908	0.181326	0.12001	0.132748	
0.152706	0.124705	0.0915754	0.1623	
0.0920673	0.171713	0.124801	0.13067	
0.101463	0.165158	0.109509	0.131974	
0.154537	0.141299	0.143755	0.157106	
0.166993	0.184665	0.128255	0.153934	
0.148026	0.198049	0.125964	0.0924927	
0.14487	0.181833	0.101846	0.16525	
0.0993152	0.171666	0.114005	0.124864	
0.101916	0.190535	0.0985025	0.142738	
0.114773	0.235185	0.126966	0.143037	
0.0986925	0.171335	0.108761	0.138776	
0.179727	0.156358	0.12101	0.141157	
0.154245	0.133795	0.13209	0.138827	
0.131604	0.133795	0.126347	0.118115	
0.0821232	0.193538	0.12507	0.110193	
0.117182	0.213801	0.108675	0.152185	
0.0692254	0.15897	0.101613	0.182654	
0.0810133	0.153083	0.110757	0.152458	
0.113625	0.165878	0.106359	0.103242	
0.118052	0.137609	0.106168	0.135745	
0.126163	0.203925	0.118926	0.175653	
0.131077	0.235925	0.130291	0.133441	
0.0911577	0.174185	0.123611	0.118891	
0.130777	0.24222	0.127614	0.182248	
0.0998651	0.123234	0.0947541	0.123622	
0.102242	0.208909	0.11305	0.102053	
0.10693	0.14568	0.123395	0.12995	
0.0982667	0.186013	0.118348	0.18348	
0.0912661	0.186844	0.147584	0.126662	
0.115863	0.144568	0.118239	0.154047	
0.10723	0.243785	0.144335	0.156648	
0.0909663	0.207646	0.15074	0.108538	
0.12099	0.217648	0.135776	0.161451	
0.152659	0.200392	0.107379	0.12945	
0.125881	0.155215	0.143013	0.0984248	
0.106382	0.186643	0.129752	0.123655	
0.100906	0.183253	0.155507	0.14742	
0.1155	0.121455	0.113648	0.155039	
0.146993	0.18007	0.132265	0.189445	
0.120231	0.203784	0.115261	0.161348	
0.0972068	0.104069	0.129818	0.145893	
0.136538	0.155215	0.138731	0.116156	
0.104447	0.157012	0.111269	0.131955	
0.100859	0.160388	0.093301	0.168815	
0.113379	0.16233	0.131405	0.142619	
0.11465	0.143605	0.12136	0.131634	
0.082246	0.228445	0.106383	0.101531	
0.135871	0.171991	0.109126	0.151208	
0.150979	0.109008	0.144657	0.12851	
0.0998362	0.152753	0.13124	0.137622	
0.138004	0.158668	0.13335	0.183133	
0.0749269	0.158559	0.132422	0.0974988	
0.0854822	0.212462	0.112877	0.112393	
0.0791072	0.164285	0.103762	0.120464	
0.09491	0.216716	0.118118	0.134454	
0.132678	0.177588	0.142372	0.144357	
0.118946	0.166017	0.0931815	0.119225	
0.115059	0.137666	0.134343	0.168974	
0.135851	0.208859	0.123037	0.154648	
0.0858699	0.164201	0.121858	0.131269	
0.110827	0.204749	0.116677	0.173095	
0.106239	0.15817	0.11978	0.145334	
0.0932454	0.110805	0.129767	0.143936	
0.0853815	0.217284	0.124727	0.141799	
0.105946	0.173411	0.108482	0.200166	
0.13014	0.189803	0.0987913	0.131292	
0.118141	0.194365	0.107499	0.130547	
0.137204	0.148366	0.116817	0.141575	
0.142063	0.201365	0.112602	0.13466	
0.138301	0.16524	0.0649919	0.149482	
0.158848	0.177762	0.162592	0.140196	
0.179726	0.184675	0.14141	0.202216	
0.111383	0.210897	0.134072	0.135587	
0.161172	0.156316	0.102204	0.141238	
0.107409	0.105498	0.116606	0.12241	
0.115301	0.177778	0.133988	0.117067	
0.126916	0.175963	0.121902	0.127054	
0.127551	0.193793	0.097245	0.150371	
0.169195	0.244444	0.120867	0.140566	
0.11343	0.14313	0.122433	0.140737	
0.0749829	0.152186	0.140387	0.131938	
0.137858	0.224043	0.114332	0.136533	
0.102035	0.249227	0.12551	0.154193	
0.104701	0.192229	0.10991	0.109376	
0.126547	0.216966	0.126821	0.164507	
0.123614	0.162788	0.140777	0.120218	
0.108747	0.140409	0.1527	0.163726	
0.121722	0.136747	0.107459	0.1703	
0.138648	0.141179	0.125204	0.100038	
0.127768	0.114912	0.127169	0.0916346	
0.133243	0.177672	0.154938	0.164216	
0.113214	0.188881	0.12907	0.119497	
0.13551	0.128452	0.129417	0.10408	
0.142371	0.176327	0.13489	0.159359	
0.111362	0.165091	0.105164	0.112877	
0.136034	0.0722222	0.125703	0.121624	
0.10754	0.106445	0.12432	0.101086	
0.137709	0.195393	0.136386	0.164513	
0.0729718	0.116154	0.123709	0.129546	
0.0839015	0.161281	0.149833	0.1749	
0.102412	0.184564	0.1368	0.129028	
0.137719	0.169284	0.113596	0.162196	
0.130276	0.173476	0.118341	0.161468	
0.0869785	0.122751	0.105396	0.174285	
0.110698	0.261008	0.129337	0.149483	
0.149515	0.151987	0.138254	0.164522	
0.131022	0.1806	0.111038	0.116218	
0.15414	0.111258	0.114542	0.13123	
0.0850956	0.190205	0.119957	0.111483	
0.134425	0.165719	0.140199	0.144701	
0.0792413	0.161544	0.118845	0.14246	
0.0986726	0.159864	0.0886161	0.0845209	
0.13783	0.134658	0.103346	0.181718	
0.0815356	0.146673	0.131952	0.161752	
0.130304	0.194302	0.122132	0.17022	
0.126463	0.161717	0.129717	0.152853	
0.0887696	0.202136	0.116967	0.15894	
0.122399	0.147741	0.0999009	0.0971032	
0.116693	0.160462	0.136891	0.0979311	
0.11714	0.133291	0.12045	0.0917207	
0.122808	0.12376	0.136561	0.150987	
0.155723	0.157778	0.121195	0.147628	
0.130096	0.158607	0.137781	0.157251	
0.129587	0.176733	0.0982071	0.135891	
0.145122	0.192566	0.118769	0.138761	
0.0968061	0.15897	0.12043	0.125593	
0.0952656	0.144983	0.121457	0.148367	
0.114395	0.16964	0.114426	0.145753	
0.124623	0.182005	0.113005	0.130296	
0.101321	0.183901	0.124614	0.161412	
0.108244	0.190324	0.121633	0.099926	
0.101821	0.145416	0.106389	0.13397	
0.077735	0.132118	0.128419	0.11447	
0.129216	0.135384	0.118273	0.120831	
0.08267	0.115844	0.134559	0.164928	
0.119774	0.175826	0.120138	0.112841	
0.11258	0.204072	0.118244	0.177521	
0.111013	0.14458	0.122166	0.162693	
0.123658	0.196832	0.100128	0.144572	
0.147296	0.135001	0.13111	0.149635	
0.140919	0.132961	0.138851	0.121464	
0.127722	0.112634	0.130044	0.124528	
0.103208	0.164623	0.107939	0.118273	
0.168024	0.24115	0.125817	0.125181	
0.138235	0.208594	0.137396	0.140504	
0.0879741	0.11532	0.117056	0.171016	
0.145801	0.230556	0.105052	0.137298	
0.0835812	0.176539	0.122866	0.141499	
0.113647	0.203973	0.142455	0.142222	
0.162141	0.168591	0.123514	0.140415	
0.0818614	0.228183	0.12395	0.143742	
0.136598	0.139566	0.13623	0.150414	
0.164877	0.136725	0.108964	0.13704	
0.109099	0.107036	0.109908	0.135082	
0.0891816	0.135017	0.125273	0.119812	
0.0816292	0.17724	0.0946479	0.18788	
0.079225	0.157779	0.148871	0.1708	
0.111302	0.146261	0.109927	0.127495	
0.12421	0.167247	0.150252	0.10555	
0.114762	0.155388	0.0977745	0.155826	
0.113632	0.163892	0.110149	0.0975346	
0.0710063	0.133078	0.123102	0.145503	
0.132087	0.180855	0.128685	0.139893	
0.121964	0.197428	0.125878	0.149265	
0.114576	0.133795	0.114478	0.140469	
0.108695	0.223201	0.139743	0.14829	
0.122302	0.191506	0.135068	0.154588	
0.114566	0.191687	0.130796	0.121143	
0.134683	0.223651	0.122026	0.131088	
0.17657	0.121843	0.0924608	0.127711	
0.128387	0.209222	0.119643	0.182584	
0.119349	0.134205	0.124096	0.160412	
0.130997	0.14996	0.105947	0.18693	
0.0944221	0.177728	0.11816	0.135146	
0.109272	0.25679	0.0835556	0.123138	
0.131661	0.140037	0.132528	0.124813	
0.137904	0.19813	0.124254	0.15603	
0.0890652	0.148781	0.109031	0.152385	
0.1027	0.154165	0.143572	0.130087	
0.110609	0.3	0.114148	0.13226	
0.103417	0.262154	0.136482	0.131228	
0.132437	0.108216	0.13881	0.169569	
0.0763584	0.158138	0.126996	0.14868	
0.082194	0.146818	0.131379	0.165781	
0.0766789	0.189662	0.12247	0.121703	
0.131751	0.117328	0.106933	0.132825	
0.103971	0.150434	0.124503	0.151686	
0.0839346	0.131492	0.109874	0.130295	
0.143378	0.193901	0.112295	0.166912	
0.116819	0.153862	0.082889	0.145297	
0.0909059	0.195955	0.121648	0.165701	
0.117668	0.171169	0.0912129	0.129633	
0.106633	0.184084	0.149269	0.170054	
0.079573	0.15631	0.129623	0.0923269	
0.101415	0.11558	0.120279	0.136734	
0.126109	0.146458	0.14438	0.181973	
0.0994645	0.168505	0.131499	0.147847	
0.122589	0.129904	0.124955	0.16208	
0.101252	0.200553	0.114048	0.132748	
0.128517	0.133968	0.136174	0.131296	
0.123184	0.153205	0.125314	0.0946616	
0.0787085	0.149225	0.123159	0.133769	
0.123222	0.169901	0.125543	0.155161	
0.164001	0.158344	0.12346	0.125229	
0.140882	0.208376	0.131932	0.120702	
0.0705955	0.167522	0.139497	0.137257	
0.113387	0.185343	0.110086	0.0962892	
0.100309	0.181919	0.120863	0.145447	
0.0972321	0.14204	0.125948	0.14938	
0.107831	0.190713	0.112896	0.159471	
0.110678	0.151521	0.139531	0.130793	
0.141047	0.159595	0.147396	0.134272	
0.0769793	0.130504	0.137311	0.094445	
0.131449	0.126584	0.116455	0.165904	
0.126845	0.142656	0.117749	0.144221	
0.137987	0.171043	0.123093	0.124561	
0.143051	0.189165	0.139346	0.133545	
0.125563	0.14987	0.133329	0.125343	
0.104703	0.156688	0.142086	0.135045	
0.14479	0.143802	0.121279	0.0987225	
0.0942506	0.154632	0.13892	0.101512	
0.0970344	0.152753	0.128368	0.168946	
0.128109	0.169619	0.105745	0.163127	
0.112044	0.136727	0.09628	0.146367	
0.127815	0.184889	0.130066	0.153826	
0.12007	0.15745	0.130548	0.117967	
0.118706	0.112396	0.107484	0.156833	
0.117239	0.220963	0.119021	0.15128	
0.145681	0.161267	0.111073	0.192311	
0.0692921	0.142989	0.128586	0.160005	
0.145185	0.183924	0.127803	0.145192	
0.172406	0.184598	0.149322	0.116974	
0.117671	0.13968	0.106583	0.14051	
0.117649	0.15414	0.142082	0.144836	
0.181196	0.102275	0.14156	0.143966	
0.116101	0.266667	0.148642	0.141778	
0.134133	0.195647	0.153267	0.135374	
0.110434	0.171335	0.121827	0.129159	
0.106972	0.156746	0.129931	0.192701	
0.109922	0.196165	0.140847	0.157602	
0.129865	0.218864	0.119509	0.182125	
0.124958	0.172948	0.10009	0.119185	
0.103819	0.208594	0.0958903	0.129964	
0.14998	0.185526	0.147782	0.188207	
0.1092	0.117803	0.136768	0.114204	
0.151694	0.162011	0.121812	0.100007	
0.09465	0.174267	0.1148	0.0861327	
0.128577	0.141891	0.145962	0.14468	
0.100394	0.148538	0.139898	0.145933	
0.0968425	0.140875	0.116968	0.185099	
0.120743	0.103455	0.11266	0.151011	
0.123347	0.19682	0.0926814	0.110717	
0.107853	0.176072	0.111578	0.13589	
0.115332	0.213007	0.13614	0.120416	
0.0990214	0.237504	0.107413	0.136672	
0.127915	0.174262	0.129067	0.140336	
0.138571	0.187351	0.120511	0.147014	
0.111359	0.203672	0.13104	0.18797	
0.0729008	0.158125	0.115429	0.150671	
0.0875958	0.146538	0.121865	0.138865	
0.124229	0.191847	0.146674	0.0933639	
0.104814	0.156814	0.121739	0.144951	
0.137163	0.194365	0.136112	0.183241	
0.104662	0.184175	0.121771	0.156021	
0.146398	0.155595	0.140046	0.160847	
0.11879	0.105511	0.125082	0.152724	
0.106481	0.255197	0.138883	0.172271	
0.117881	0.149485	0.111528	0.12978	
0.140915	0.113334	0.149923	0.130411	
0.0928816	0.157701	0.10541	0.114153	
0.0757764	0.167066	0.125822	0.145409	
0.132292	0.109432	0.155381	0.141595	
0.0901832	0.14752	0.118083	0.132962	
0.126916	0.15915	0.120181	0.137697	
0.130414	0.120324	0.123666	0.155315	
0.118354	0.211119	0.127217	0.139302	
0.110272	0.188381	0.100964	0.156237	
0.0881853	0.131001	0.0943952	0.164208	
0.117215	0.200043	0.124087	0.18787	
0.0923987	0.235896	0.106044	0.111174	
0.0711633	0.161502	0.118451	0.174401	
0.105145	0.126882	0.125414	0.146211	
0.123097	0.196664	0.125653	0.12209	
0.143906	0.130162	0.115277	0.0855426	
0.132345	0.169796	0.1046	0.142194	
0.0709494	0.204148	0.146787	0.126481	
0.0997019	0.0971825	0.151498	0.178256	
0.151716	0.191239	0.132916	0.152363	
0.113704	0.168672	0.13504	0.0939427	
0.109452	0.188095	0.124264	0.163561	
0.0994631	0.254292	0.125317	0.168446	
0.133347	0.178973	0.1034	0.0961107	
0.143405	0.178462	0.118347	0.152354	
0.0932916	0.169403	0.124334	0.145508	
0.0750767	0.25595	0.0839566	0.145263	
0.0956138	0.125931	0.139513	0.122436	
0.120552	0.145695	0.125232	0.150699	
0.141139	0.176733	0.122006	0.157825	
0.108225	0.205499	0.119832	0.131829	
0.144075	0.154009	0.115089	0.148682	
0.107717	0.116472	0.122227	0.12429	
0.0887116	0.135982	0.140766	0.153996	
0.147304	0.168142	0.101161	0.127686	
0.151496	0.153916	0.134996	0.10852	
0.119423	0.182331	0.151071	0.172569	
0.0881032	0.134472	0.156817	0.140711	
0.146957	0.255072	0.122946	0.133182	
0.0923969	0.142442	0.122008	0.148061	
0.106668	0.199162	0.141391	0.121381	
0.121844	0.16868	0.108939	0.128171	
0.167402	0.0981744	0.132218	0.163486	
0.144717	0.14952	0.11358	0.119932	
0.128236	0.155683	0.100939	0.137425	
0.115754	0.124839	0.118491	0.15497	
0.0756339	0.118228	0.118252	0.149458	
0.141357	0.224541	0.114272	0.161435	
0.111763	0.146863	0.129076	0.152555	
0.0960505	0.133984	0.133233	0.129072	
0.0907953	0.145909	0.120971	0.125768	
0.17049	0.204426	0.102533	0.174245	
0.0710191	0.156365	0.134522	0.173539	
0.118807	0.19282	0.14437	0.135722	
0.177124	0.148158	0.136944	0.146413	
0.0833414	0.261008	0.139165	0.141808	
0.105305	0.154792	0.109242	0.130706	
0.117081	0.137885	0.120215	0.109109	
0.109311	0.20468	0.146388	0.130067	
0.100168	0.169342	0.127846	0.152583	
0.0998324	0.117195	0.127184	0.127211	
0.0678732	0.227049	0.104	0.130687	
0.0949311	0.17088	0.114555	0.207663	
0.0948614	0.140931	0.127527	0.143749	
0.140481	0.179674	0.10338	0.185768	
0.102815	0.258333	0.101904	0.116177	
0.0585709	0.189404	0.125388	0.129814	
0.0826301	0.123128	0.0991865	0.123155	
0.0910287	0.177856	0.138818	0.129104	
0.120928	0.133333	0.101584	0.126573	
0.111259	0.165717	0.122779	0.109643	
0.102493	0.160752	0.103493	0.128801	
0.140731	0.165519	0.131575	0.18126	
0.11712	0.15436	0.118164	0.113789	
0.112551	0.233197	0.10439	0.144605	
0.132214	0.101639	0.122377	0.141917	
0.109537	0.136423	0.126236	0.149741	
0.124926	0.167156	0.121035	0.131871	
0.111167	0.158045	0.109489	0.137991	
0.100742	0.100463	0.116881	0.109771	
0.0901143	0.246644	0.123953	0.15899	
0.169338	0.199605	0.121119	0.108339	
0.125081	0.115072	0.129025	0.112728	
0.150243	0.160346	0.109611	0.143213	
0.127792	0.181897	0.108396	0.124156	
0.115955	0.160015	0.147853	0.152645	
0.123479	0.13255	0.116639	0.143836	
0.111606	0.170135	0.113038	0.176421	
0.122551	0.18084	0.117855	0.160951	
0.0986169	0.183066	0.128213	0.122631	
0.155809	0.121621	0.119266	0.107434	
0.129703	0.159581	0.109039	0.151407	
0.177077	0.210436	0.120856	0.147369	
0.0726988	0.137354	0.108241	0.145447	
0.132842	0.158293	0.117596	0.194181	
0.130456	0.109809	0.131802	0.0857057	
0.121934	0.162457	0.143564	0.170084	
0.137388	0.171178	0.142357	0.139423	
0.119281	0.13727	0.121552	0.126508	
0.147406	0.195494	0.132792	0.140754	
0.135325	0.232009	0.133124	0.185458	
0.11562	0.224708	0.145841	0.133576	
0.103649	0.170793	0.151091	0.139879	
0.124734	0.153262	0.103532	0.119484	
0.0961113	0.199605	0.115581	0.137369	
0.167342	0.213349	0.144998	0.130295	
0.107917	0.135296	0.116928	0.156205	
