D_Dmin[0]	D_Dmin[1]	D_Dmin[2]	D_Dmin[3]	
0.224465	-0.235864	0.0517123	-0.603876	
0.205238	0.266857	0.280514	-0.205023	
-0.17222	0.0816187	-0.00103044	0.216776	
-0.0694551	0.551253	-0.0873604	-0.0378388	
-0.24768	0.234919	-0.0375097	-0.105102	
-0.325085	-1	-0.114037	-0.0401501	
-0.347175	0.245139	-0.168376	-0.393935	
-0.232373	0.073102	0.00981979	0.115698	
-0.637123	-0.689749	0.063159	0.01334	
0.190301	-0.379499	0.296618	-0.0187024	
-0.657703	0.14379	-0.0461135	0.0297903	
0.0102079	-0.82626	0.105959	0.473949	
0.52709	0.375444	0.110019	0.224879	
0.217406	0.0134852	-0.0220389	-0.112281	
-0.302054	-0.276082	-0.185257	-0.0741758	
0.0322716	0.8661	-0.184578	0.231082	
0.00192698	0.145107	0.203697	0.223173	
-0.136344	-0.333995	0.0665964	-0.111946	
0.306424	0.621576	-0.384225	0.325996	
0.393442	-0.449822	-0.278449	-0.0412508	
-0.325517	-0.333995	0.313367	-0.224051	
-0.361837	0.042442	0.279195	0.215607	
-0.145478	0.31914	-0.0766427	0.0338115	
0.361067	-0.251951	0.157341	-0.355147	
0.0683258	-0.209259	-0.0472692	-0.0935214	
-0.158141	-0.391909	0.122039	0.0221135	
-0.27292	-0.333995	0.0635526	-0.321208	
0.137713	0.659443	-0.200187	-0.380941	
-0.114206	-0.17956	-0.0900498	0.197584	
-0.0202464	0.085877	0.00763185	0.486232	
-0.509251	0.180543	0.0555345	0.414728	
0.439493	1.02697	0.111878	0.202432	
0.0712832	-0.165771	0.255137	0.023037	
0.0740922	-0.00719813	0.0826403	-0.699069	
0.0420453	0.132719	0.0178469	0.21852	
0.0313196	-0.73939	0.00593723	0.0491651	
-0.174797	-0.703538	0.213256	-0.107371	
0.41422	-0.0485649	0.0642365	0.0849903	
0.0643218	-0.873314	0.101462	-0.214771	
-0.307307	0.216182	0.251494	-0.153844	
0.130761	-0.662172	-0.057771	-0.315667	
0.228808	-0.622304	0.289962	-0.0656216	
-0.197339	-0.469127	-0.0333212	-0.428845	
-0.163328	-0.462232	0.111629	-0.132116	
-0.157412	-0.907865	0.0848503	0.31483	
-0.162944	-0.034776	0.0732035	0.0221135	
-0.266895	0.65843	-0.0541721	-0.100891	
-0.178847	-0.581736	0.0574545	-0.639887	
0.00220464	-0.0199264	0.314187	0.189573	
0.326549	-0.110615	0.161372	0.209866	
0.413801	0.259617	-0.0109438	-0.263025	
0.26271	0.0768281	-0.0680982	-0.00201368	
0.127527	0.0272742	-0.0260352	0.083528	
0.143708	0.517547	0.242673	-0.205449	
-0.0718124	-0.710433	0.0789058	-0.0228508	
-0.292581	0.085877	0.052433	0.140405	
0.0890735	-0.476552	-0.33344	-0.56498	
-0.234948	0.59262	0.183928	-0.390579	
-0.300897	0.9401	0.206198	0.243644	
0.30399	0.0939206	-0.17927	-0.124843	
-0.0780003	0.559208	-0.188195	0.214034	
-0.108623	-0.26574	-0.121043	0.433415	
0.31824	0.0617464	-0.107725	0.145995	
0.000674661	-0.298943	-0.00364717	0.032532	
0.322758	0.388606	0.0750295	-0.0677272	
0.23449	-0.348474	0.0165415	0.0923015	
-0.188291	0.273097	-0.143863	-0.0695697	
0.189536	0.613303	-0.203045	-0.0550085	
-0.533526	0.609325	0.248351	-0.0349143	
0.324214	-0.131298	-0.237899	-0.298457	
0.218082	-1	0.0231794	0.248762	
0.384584	0.242726	-0.242084	-0.166716	
0.122763	-0.420866	0.171239	-0.314614	
-0.176738	-0.0227107	0.0821539	-0.134856	
0.0978397	0.447836	0.00271662	0.180834	
-0.460807	-0.539325	0.00653125	-0.484955	
-0.211279	-0.20369	0.071495	0.10267	
0.290407	0.351314	-0.139121	-0.121004	
0.216026	0.339248	0.0217301	0.00836039	
-0.0510303	0.706378	0.193166	-0.0662198	
0.292888	0.0890245	0.121258	0.394987	
0.00982822	0.640881	0.165921	-0.245753	
0.342929	0.491271	0.123409	-0.218967	
-0.167152	0.465934	0.0475604	0.289705	
0.183846	-0.191625	0.332668	-0.592032	
0.16163	-0.131298	-0.226147	-0.39609	
0.052696	-1	0.00329965	0.215299	
-0.42235	0.212563	-0.0287254	-0.0902971	
-0.0353362	-0.52704	0.0990472	0.18223	
-0.267534	0.124857	-0.217223	-0.222082	
0.271675	-1	-0.36907	0.0673424	
-0.342743	0.158269	-0.0847632	0.08143	
-0.40596	0.683109	0.0206083	0.170715	
-0.0954128	-0.449822	-0.116602	-0.162893	
-0.515714	0.40835	-0.0264687	-0.0235088	
-0.22968	-0.652519	0.0815934	-0.177728	
0.0951105	-0.565649	0.161939	-0.303969	
-0.337402	-0.700781	0.107211	0.0341417	
0.0392683	-0.276082	0.0896999	-0.156164	
-0.126784	-0.0444282	-0.170038	0.00456644	
0.178533	-0.710433	-0.226859	0.324799	
0.181061	-0.797303	0.083262	-0.528553	
-0.428236	0.59262	-0.19549	-0.00201368	
0.0196091	-0.0709719	0.176209	0.01334	
-0.414569	0.085877	-0.0623276	-0.0649636	
-0.100881	-0.652519	0.035782	0.32868	
-0.175022	0.662515	0.115312	-0.522642	
-0.177523	0.401505	-0.0989631	-0.598612	
0.143291	0.0569203	0.0327128	-0.00713156	
-0.55777	-0.237473	-0.15975	-0.213894	
-0.21661	0.20653	0.011436	-0.22848	
-0.365976	-0.131298	-0.237065	0.0607966	
-0.16525	-0.420866	-0.367358	0.308765	
0.253397	-0.833767	0.148848	-0.200215	
0.183187	-0.596674	0.153305	0.136169	
0.254085	-0.389391	0.119066	0.0521281	
0.0393604	0.91597	-0.144902	-0.38056	
-0.308857	-0.676366	-0.0293093	0.105462	
-0.154421	0.158269	-0.0597934	-0.159737	
-0.279511	-0.20369	-0.132768	0.0521281	
-0.229604	-0.0918119	-0.0856053	0.123886	
-0.214134	-0.0627167	-0.112694	-0.219158	
-0.449639	-0.583747	-0.124652	-0.371897	
-0.336346	-0.247125	0.0484082	0.0887123	
0.129737	0.891236	-0.0553036	0.0510261	
-0.00271396	-0.0227107	0.398915	-0.193934	
0.096398	-0.131298	-0.159361	0.315295	
0.012498	-0.348474	0.0539255	-0.310572	
-0.260782	-0.131298	0.0305935	-0.150877	
0.0307303	0.831087	0.0272325	-0.444093	
0.033032	-0.617358	-0.0201779	0.123886	
-0.0115677	-0.372604	-0.19321	-0.120456	
-0.161818	-0.308256	0.107743	0.239457	
0.17873	-0.131298	-0.121642	-0.170904	
-0.125224	0.0738117	-0.403659	-0.479783	
0.304594	0.538326	-0.184135	-0.201611	
-0.117636	0.0537029	0.132131	0.251321	
-0.410415	-0.553584	0.0232423	0.120815	
0.109779	-0.45304	-0.07992	-0.0858682	
0.388344	0.612185	0.0546716	-0.0874183	
0.0465652	-1	0.0137483	-0.0597222	
-0.130889	0.263112	0.34054	-0.108586	
0.189848	-0.734563	-0.141005	-0.114005	
0.0212877	-0.110615	-0.162425	-0.1306	
-0.372489	0.556424	0.0208922	0.0493876	
-0.0954038	0.339248	-0.379902	-0.28882	
-0.586152	-0.034776	0.0602	-0.225494	
-0.164252	-0.429915	0.260232	-0.0154481	
-0.0331756	0.692158	-0.29567	-0.0937205	
0.254276	0.689142	-0.119243	0.224329	
-0.248449	0.334078	-0.0834329	-0.263025	
0.23658	-0.746629	-0.044859	0.203341	
-0.0403968	-0.263492	-0.0907888	-0.034037	
-0.0299249	-0.842054	0.351639	-0.316173	
0.213978	-0.284599	-0.289293	-0.188734	
-0.146393	-0.574166	-0.0474894	0.138961	
-0.135029	0.110008	-0.160097	-0.42516	
0.0256473	0.158269	0.395784	0.0884022	
-0.20756	0.235487	0.146258	-0.0173673	
-0.221639	-0.638041	0.280474	0.438518	
-0.313329	0.142182	-0.132331	-0.157743	
-0.181997	-0.0589066	-0.164719	0.108094	
0.138242	-0.508995	-0.0187599	-0.350541	
-0.48599	-0.662172	-0.237184	-0.416562	
-0.199453	0.59729	-0.178475	0.149098	
-0.293908	-0.44314	0.148766	0.0338115	
-0.152943	0.0134852	-0.0922392	-0.159388	
0.0310618	0.277502	0.00104135	-0.20512	
0.0158717	-0.0175398	0.413438	-0.184862	
0.0328197	0.0778335	0.00125874	-0.0836304	
0.0777832	-0.869228	0.0376895	0.01334	
-0.0249994	-0.312278	-0.096067	0.177843	
0.237068	-0.907865	0.102519	-0.252396	
0.30448	-0.218169	0.0884506	0.441706	
0.0707389	-0.131298	0.00616018	0.0907223	
0.442391	-0.517388	-0.258849	-0.136784	
0.00916863	-0.372604	-0.220779	0.156641	
0.0471033	-0.0623538	0.546196	-0.414756	
-0.566021	0.0962187	0.0253762	-0.156946	
0.0264044	-0.484208	-0.196652	-0.166898	
0.254772	0.690699	-0.0416564	0.19164	
-0.108687	0.23971	0.0237567	0.303353	
0.16785	-0.0703368	0.0600144	-0.0425912	
0.051504	0.180543	0.0730169	-0.0988083	
0.267286	-0.436953	-0.19744	0.306765	
-0.285522	-0.469127	-0.0263885	0.654781	
0.322152	-0.357916	-0.249075	-0.350029	
0.157141	-0.249758	0.0438671	0.324928	
-0.274639	-0.243908	-0.139414	-0.0919421	
-0.251449	-0.357523	0.00471537	-0.0182447	
-0.242162	0.28989	0.00131528	0.193578	
-0.0174238	-0.0700438	-0.0398906	-0.0129806	
-0.19376	0.48001	-0.0417525	0.173341	
-0.187769	0.359357	-0.110344	-0.0660754	
-0.0759377	0.960147	0.0421227	0.329186	
-0.155418	0.0587301	-0.0305066	-0.148794	
0.233	0.544358	0.241387	-0.124843	
-0.0828503	-0.276082	0.0471235	0.206796	
-0.0757903	-0.379499	0.0458714	0.175347	
-0.0751126	0.294536	-0.103196	0.080564	
-0.00738523	0.777621	-0.000882751	0.212937	
-0.136297	0.496097	0.132605	-0.376642	
-0.0112711	-0.469127	0.295285	-0.238994	
-0.10438	0.225092	0.0767749	-0.157743	
0.0524511	0.713273	0.347335	0.0511335	
-0.0617938	0.339248	-0.04701	0.243644	
0.00455559	0.278922	0.10518	0.265822	
0.225859	0.645961	-0.0291659	0.109649	
-0.0240416	-0.190915	0.0558507	0.279076	
-0.367707	-0.710433	0.150418	0.0552135	
-0.582659	-0.0199264	-0.285194	0.407621	
-0.38454	0.809795	-0.194508	0.341774	
-0.30548	-0.802568	-0.141892	-0.0787819	
0.169269	-0.782825	-0.00625436	0.59166	
0.446868	-0.381379	0.03955	0.29862	
-0.587364	-0.0951025	0.0644451	-0.263025	
-0.4369	-0.0855772	-0.161344	-0.0919421	
-0.1137	-0.012839	-0.0578589	-0.15151	
-0.0406436	-0.1132	0.0367534	0.0175273	
0.240235	0.533634	-0.129703	-0.17799	
-0.137542	-0.160255	0.22367	-0.0634282	
-0.218984	0.468519	-0.120686	0.168272	
-0.11554	0.0134852	0.200821	-0.371404	
0.0934934	0.0357596	0.126133	0.286162	
0.0715078	0.217886	0.0966877	0.205958	
-0.499008	0.0134852	-0.147134	0.0901081	
0.00319269	0.750565	-0.0610809	-0.026713	
-0.486965	-0.63146	0.155074	-0.0134051	
-0.0684804	0.220319	0.128464	0.155361	
-0.0732134	-0.391909	-0.184651	-0.00393289	
-0.180208	-0.662172	0.21371	-0.408885	
0.267243	0.295813	-0.149398	0.328089	
0.205956	0.367401	0.019454	-0.314844	
-0.0608116	-0.110615	0.195662	-0.0787819	
-0.0915468	-0.432003	0.0956921	-0.390579	
-0.0500309	0.85323	0.0379181	0.189907	
0.223801	1.00284	0.071928	-0.404751	
-0.00438541	-0.0991242	0.0580005	-0.126431	
-0.120857	-0.236596	-0.0709022	0.151523	
-0.43469	-0.0733849	-0.110826	0.0594009	
0.0794922	-0.855216	-0.058594	-0.016139	
0.243595	-0.936657	-0.28592	-0.103906	
-0.197551	-0.8759	0.116771	0.114098	
0.0254873	-0.816607	0.229429	-0.336723	
-0.152599	-0.684108	0.15095	0.33406	
0.164172	-0.188178	-0.148868	0.0800489	
-0.0616205	0.124202	0.199398	-0.0685461	
0.21718	-0.7445	-0.104755	0.109147	
-0.118768	-0.7518	-0.0491562	-0.0429567	
0.0780004	0.320086	0.24487	0.455525	
-0.285296	0.69482	-0.0240177	0.0416851	
-0.191782	0.668822	0.1038	-0.187963	
-0.0502693	0.447836	-0.151089	-0.180116	
0.169516	-0.26643	-0.154951	-0.190096	
-0.0336535	0.167318	-0.357685	-0.0106918	
0.163947	0.000895367	0.0183964	0.168631	
-0.454147	-0.230837	-0.403788	0.260614	
0.160534	0.145107	0.0929027	0.197584	
-0.200821	-0.0199264	0.0909597	-0.0470157	
0.0510404	-0.0260012	0.193292	0.118168	
0.224176	0.423705	-0.180365	-0.249207	
0.0395701	-0.0703368	-0.162803	-0.0819585	
0.330766	0.158269	-0.104786	-0.0247794	
0.0806167	-1	0.0938684	0.294554	
-0.101627	0.468519	0.233523	-0.122649	
-0.144692	-0.314691	0.243725	-0.0442362	
-0.513733	0.342539	0.0731908	-0.314844	
0.507739	-0.250532	-0.0603463	-0.167219	
0.182368	0.375444	-0.00322767	-0.222082	
0.141253	0.427153	-0.301977	0.0641658	
-0.0565584	0.174356	-0.167028	-0.266569	
0.0255801	-0.0830372	0.247043	-0.222973	
-0.171438	-0.656139	-0.221195	-0.0896197	
0.253397	0.216182	-0.0725858	0.0478856	
-0.013127	0.142182	0.0945872	0.129704	
0.377115	0.085877	-0.00560776	0.0546359	
-0.216729	-0.855216	0.0736076	0.306765	
-0.177184	0.303052	-0.305141	0.387771	
0.109457	-0.236596	-0.0224982	0.0460283	
-0.077151	-0.887391	0.215682	-0.22848	
-0.248093	0.0496811	-0.393007	-0.267632	
0.385518	-0.420866	0.0996958	0.197584	
-0.364191	0.042442	-0.0188136	-0.0557514	
0.0837294	-0.239886	-0.219692	0.119634	
0.204773	0.789112	0.0310246	-0.151712	
-0.55447	0.375444	-0.00318461	-0.280573	
0.222602	-0.735983	-0.0931157	0.103215	
-0.37391	-0.473514	0.0841978	-0.508684	
0.0140114	0.286347	-0.13683	0.335766	
-0.0302649	0.199636	-0.155716	-0.314204	
0.00744057	-0.104151	-0.069429	0.240101	
-0.0913742	0.737403	-0.0808807	-0.0787819	
0.312567	0.14379	-0.239204	-0.110548	
0.181598	0.0931162	-0.353601	-0.203417	
0.1064	-0.175847	-0.056583	-0.189328	
-0.409398	-0.114593	0.0498044	-0.0643878	
0.050608	0.158269	0.067316	-0.271036	
-0.228573	0.212563	0.141384	0.0962496	
-0.0319003	0.0341686	-0.0230475	0.149934	
-0.0384928	0.194465	0.0319484	0.0389293	
0.071958	0.465934	0.079669	-0.167492	
0.223408	-0.034776	-0.0181517	0.209394	
0.0202869	0.39215	-0.075695	0.358797	
0.204096	-1	-0.211459	0.112548	
-0.111616	-0.175847	-0.12895	0.0626909	
-0.179875	-1	0.00447652	0.0165166	
0.00317063	-0.100273	-0.144967	-0.136784	
0.34593	0.266857	-0.0720246	0.427888	
0.0412578	-0.746629	0.23162	-0.0539798	
-0.112962	-0.513001	-0.130293	-0.0550934	
0.164994	0.0907032	-0.209383	-0.156164	
-0.285777	-0.324343	0.322748	0.0833525	
-0.0152849	-0.38467	0.10324	0.171994	
0.224132	0.351314	-0.102905	-0.343981	
-0.376904	-0.873314	0.230735	0.258998	
-0.211322	-0.798337	-0.211488	0.352217	
-0.123142	0.122073	-0.13663	0.41078	
0.00645642	-0.724911	0.120139	0.0965468	
-0.308453	0.636055	-0.140634	0.0928997	
0.447685	-0.300213	-0.156133	-0.0941355	
0.417917	-0.591973	-0.329503	-0.366663	
0.122488	-0.118136	0.29565	-0.0894113	
-0.126129	-0.601845	0.070525	0.168994	
0.162177	0.745447	0.0932691	-0.0265795	
-0.183864	-0.638041	0.0814826	-0.131423	
-0.291349	-0.172665	0.213196	0.136169	
-0.332512	0.0134852	-0.141767	-0.00268123	
0.305256	0.201704	-0.168964	0.01334	
0.0912258	0.00234804	-0.0465424	0.0281983	
0.0220629	1.02697	-0.196124	-0.109489	
-0.0944303	-0.531582	0.135245	-0.105449	
-0.0119293	-0.523421	0.304889	-0.0646093	
-0.222444	-0.0523255	0.351852	-0.212358	
0.397013	0.737403	0.109604	0.0286936	
-0.086322	-0.0278815	-0.23943	-0.0173673	
0.0329697	-0.175363	-0.0968118	0.0709161	
-0.540666	0.455075	-0.0522417	-0.384864	
-0.0537397	-0.195647	-0.281041	-0.23864	
-0.261043	-0.0770045	-0.158956	0.0396605	
0.0544211	0.423705	-0.0302045	-0.41042	
0.0367919	-0.283702	0.0397217	0.214333	
-0.22833	0.327183	-0.630025	-0.0173673	
-0.327108	-0.73758	-0.046204	-0.51636	
0.0772133	-0.223433	0.131609	-0.209023	
-0.323798	-0.694346	0.174243	0.0514593	
0.0719377	-0.0830372	0.138979	0.119634	
0.260273	-0.034776	0.196758	0.344978	
-0.130704	-0.172665	-0.145914	0.173198	
0.428871	-0.8978	0.19672	-0.100277	
-0.135983	-0.409728	-0.190722	-0.170904	
-0.144005	-0.285131	-0.120062	-0.142116	
0.024616	-0.267033	0.285628	0.340884	
0.450194	-0.276082	-0.000344058	-0.0271936	
-0.0346849	-0.778566	0.0459079	-0.050268	
-0.0977774	-0.251951	-0.402302	0.281331	
0.233871	-0.903478	-0.0346251	-0.084662	
0.270457	-0.00260182	-0.172642	0.153365	
-0.216455	-0.658724	-0.284042	0.12289	
-0.025165	-0.0951025	-0.0128731	-0.260147	
0.293474	-0.212739	-0.254757	-0.0926001	
-0.0344599	-0.0951025	-0.022291	0.354733	
-0.416568	-0.0770045	-0.110468	-0.0382483	
-0.146951	-0.207949	0.20738	-0.00859381	
0.0250814	-0.601845	0.30648	-0.0193484	
-0.211939	-0.276082	0.0553799	-0.20859	
0.0929041	-0.0199264	-0.193154	-0.0914883	
-0.147442	-0.0169955	0.188301	-0.263025	
0.101813	0.79773	-0.294027	-0.466235	
-0.161743	0.351314	-0.155059	-0.257082	
-0.0551823	-0.462232	-0.189111	-0.105102	
0.171485	-0.155429	-0.202434	-0.133479	
0.371052	0.0727149	0.0583582	-0.0300115	
-0.158959	0.520228	0.106275	-0.0634282	
-0.275259	0.0496811	-0.0544939	0.01334	
0.047341	-0.00260182	-0.0639975	0.239038	
0.521136	-0.337043	-0.0368144	-0.326558	
-0.083037	-0.797303	-0.113835	0.113836	
0.0354449	-0.0589066	0.0210909	0.220614	
-0.200212	-0.388691	-0.307766	-0.0347236	
0.0646968	0.621576	-0.0739889	0.165216	
-0.245438	0.187226	-0.0484609	0.0190976	
0.145816	0.489203	-0.261778	0.112548	
-0.187155	0.124202	0.0925852	0.119634	
-0.180283	0.848775	-0.22871	0.334371	
0.047186	-0.0154715	0.118144	-0.236157	
-0.0305596	0.421024	-0.00689985	-0.107127	
-0.017267	-0.309494	0.243367	0.254045	
-0.516956	-0.348474	-0.0365176	0.0907223	
0.0694784	-0.20369	-0.118451	0.125933	
0.259423	-0.594606	0.0362867	-0.102555	
-0.331705	0.0979423	0.130172	-0.163008	
-0.0981924	0.100355	0.106437	-0.141951	
0.184642	0.414424	-0.202701	-0.0224852	
-0.343793	-0.239886	0.107144	-0.0707713	
-0.0562081	0.357346	0.0836201	0.480529	
0.25239	0.158269	-0.167568	0.276545	
0.183861	0.447836	-0.194493	-0.188177	
-0.208697	-0.701384	-0.167266	0.0785929	
0.0697672	-0.864869	0.171466	-0.257268	
-0.486698	0.0134852	0.20322	0.429374	
0.37663	-0.449822	0.0742664	0.0523146	
0.124826	-0.692335	0.118833	-0.0302967	
0.210769	0.0197802	0.272423	-0.265658	
-0.193039	-0.284599	0.224683	0.105462	
-0.47018	-0.0589066	-0.344003	0.277143	
0.275974	-0.2075	-0.0611091	-0.49333	
-0.276014	-0.271089	0.0508106	-0.153074	
0.532541	-0.0179895	0.131444	0.183038	
-0.0272594	-0.0756124	-0.184669	-0.203146	
-0.546937	0.0661338	0.154087	0.193578	
0.37856	0.399575	-0.115747	0.0677756	
-0.38761	0.500485	-0.00374044	-0.137637	
0.105575	0.303052	0.173401	-0.0406625	
-0.283118	1.31654	0.240259	0.0870374	
-0.297671	-0.746629	-0.315288	0.0474591	
-0.49648	-0.364211	0.0717083	0.136169	
-0.0287445	0.620198	0.110434	0.136169	
0.435253	0.742972	-0.006038	-0.0516872	
0.0319089	-0.420866	0.00682991	0.00739661	
0.146171	0.526809	-0.151507	-0.150877	
0.00371195	0.0496811	-0.167438	-0.257268	
0.189318	0.749469	0.155409	-0.0577254	
-0.422328	-0.581736	0.0463731	-0.385855	
-0.0304173	0.800353	0.137012	-0.160066	
-0.285367	-0.276082	-0.0702945	0.00606718	
-0.0727894	-0.0756124	-0.212005	-0.197998	
0.0734408	0.00314356	0.020648	-0.288615	
-0.262009	-0.103721	0.18154	-0.124843	
-0.180208	0.158269	-0.211131	0.455525	
0.245611	0.194465	0.00684473	0.256805	
0.605455	-0.379499	-0.300537	0.0576949	
0.590894	-0.689749	0.17915	-0.082325	
0.575856	0.85323	0.210761	-0.0883117	
-0.0810284	-0.362952	0.106537	0.0565221	
0.43374	0.433358	-0.287135	-0.451108	
-0.509757	0.402591	-0.202625	0.148644	
0.313112	0.0134852	0.161461	0.252857	
0.197042	0.758087	0.184267	0.127137	
0.164908	0.103975	-0.272668	-0.201611	
-0.0226528	-0.731116	-0.0121955	0.109005	
0.126201	0.608707	-0.0754694	-0.170904	
0.3314	0.395187	-0.118812	0.295124	
-0.0201251	0.0744468	-0.00531753	0.192466	
-0.0309433	-0.206838	0.095436	0.285867	
0.24599	-0.873314	0.19681	0.396373	
0.161561	-0.772483	-0.104856	-0.0427342	
0.0876984	-0.0227107	-0.19198	-0.111683	
0.247434	0.114395	-0.0114831	-0.0700084	
-0.0603533	0.544358	-0.0246314	-0.0919421	
0.0756215	-1	-0.234518	-0.158342	
0.222053	0.202818	-0.0228779	0.207454	
-0.0962203	-0.591973	-0.126503	0.226675	
-0.563846	-0.00461271	0.31163	-0.287828	
0.0252903	0.158269	0.32781	-0.0787819	
0.138363	-0.26643	-0.285518	0.286021	
-0.210422	-0.916471	-0.0800417	-0.263025	
0.439589	-0.357161	0.00703038	0.122735	
-0.226923	-0.17956	0.014221	-0.0152496	
-0.248021	-0.0227107	-0.115348	-0.127913	
-0.000413324	0.126095	0.0835605	-0.00268123	
0.099054	0.294536	0.067985	0.239457	
-0.0493109	-0.842054	0.141457	-0.543997	
-0.0715105	-0.623563	0.0452043	-0.301814	
0.132389	0.158269	-0.0850175	0.0201638	
0.37272	0.730164	-0.154598	0.334178	
-0.0038962	0.158269	0.0261037	0.0612433	
-0.245074	0.954579	-0.156136	-0.106698	
0.188328	-0.107168	-0.166728	-0.0847252	
-0.119877	0.610718	0.012147	0.12793	
-0.0548629	0.50213	-0.0519053	0.250225	
-0.266451	-0.444996	-0.0461457	-0.291226	
0.305932	0.165889	-0.0123191	0.199887	
-0.0791903	-0.220396	-0.0295805	0.235968	
-0.189708	0.220319	-0.0890893	0.0928997	
-0.210572	1.05593	0.0376799	-0.24135	
0.129639	0.399575	0.399111	-0.162529	
0.259479	0.864089	0.155421	-0.124843	
-0.036485	-0.593227	0.102475	0.376979	
0.152539	0.447836	-0.0773562	-0.032721	
-0.248899	-0.565649	-0.0313812	-0.126024	
-0.0416008	0.128106	-0.324639	0.304099	
-0.0521027	-0.0205815	-0.311814	0.00965508	
-0.0454262	0.0617464	0.11267	0.220614	
0.20805	0.339248	0.078382	0.453797	
-0.0467589	-0.478779	-0.221559	0.330648	
-0.413474	-0.00796418	-0.235934	0.049	
-0.0790923	0.546899	-0.281212	-0.174589	
0.125597	-0.404779	0.289737	-0.0480746	
-0.502833	-0.0589066	-0.131824	-0.153357	
0.0581339	0.124857	-0.135914	0.0962496	
-0.0370913	0.959405	-0.10086	0.0594009	
0.257239	0.241002	0.167214	0.0225521	
-0.127504	-0.547551	-0.247871	-0.216965	
-0.236102	-0.731116	-0.00849897	-0.328827	
-0.150487	0.544358	0.186682	-0.0540663	
-0.244122	0.124857	0.180322	0.168272	
-0.424255	-0.754982	0.0220956	-0.0393011	
-0.0448106	0.628816	-0.276277	0.435565	
-0.274501	-0.779677	0.0384909	0.149934	
0.127439	-0.131298	-0.214155	0.279076	
0.283374	0.303052	0.0347299	0.0997042	
-0.219733	0.190443	0.254948	-0.323259	
0.300191	-0.0186889	-0.0361441	-0.334211	
0.165934	0.0529717	-0.0395773	-0.151163	
0.0956931	-0.720774	0.0317227	-0.0467395	
-0.197118	0.147927	-0.000261363	0.412534	
-0.223885	0.276728	-0.31506	-0.337432	
0.288233	0.31419	-0.202456	0.318295	
-0.0182952	0.0677791	-0.259581	-0.374339	
-0.0685121	0.726679	-0.0468316	-0.0271936	
-0.341225	-0.469127	-0.17062	-0.252188	
-0.042033	-0.20369	-0.0390984	-0.0787819	
0.0211573	0.758087	0.0195376	-0.103348	
0.0836591	0.0255505	-0.114634	0.639768	
0.184505	-0.591199	0.221488	-0.280298	
-0.285616	-0.4088	0.284455	0.188135	
0.23449	-0.20369	-0.0586489	0.116977	
-0.173294	0.47011	-0.23046	-0.428845	
-0.171128	0.0617464	-0.322796	-0.178273	
-0.0294345	-1	-0.0667008	0.174553	
0.5172	0.158269	-0.00987448	0.0286936	
0.0535602	0.158269	0.105004	0.165695	
-0.44667	-0.449822	0.0968347	-0.508684	
0.539881	0.110008	0.0224842	-0.153188	
0.0586356	-0.469127	-0.0354336	0.0798724	
0.096755	-0.710433	0.146932	0.158952	
-0.507324	-0.167494	-0.101553	0.0931789	
-0.239417	0.0824298	-0.244225	0.0895787	
-0.651758	0.122073	-0.294975	-0.0820719	
-0.0330189	-0.0806241	-0.250543	-0.198199	
-0.177959	0.199636	0.118133	0.0901081	
0.354123	0.158269	0.236309	-0.309086	
-0.188351	-0.0186889	0.0659674	-0.216965	
0.177826	-0.107168	-0.369993	-0.249378	
0.335465	-0.050863	-0.0109696	-0.391195	
0.0989742	0.368863	0.165644	-0.119315	
0.215728	-0.710433	-0.248668	-0.38056	
-0.0652119	-0.531866	0.00324885	0.402764	
-0.371308	0.409227	0.114287	0.279835	
0.235226	-0.198122	-0.0603749	-0.037327	
-0.430337	0.122073	0.0689178	-0.25902	
0.206114	0.126095	-0.106955	0.00364292	
-0.339638	0.0279636	0.082821	-0.276186	
-0.366357	-0.529453	-0.139865	-0.0446627	
0.359279	-0.656139	0.0772872	-0.00311037	
-0.265185	-1	-0.102805	-0.159388	
-0.213658	-0.951739	-0.0765277	-0.450446	
0.313557	-0.462232	-0.274063	0.136977	
-0.0745626	-0.50877	0.113972	0.145765	
0.108411	-0.259995	-0.0163264	-0.115631	
-0.21154	-0.674237	-0.0979295	0.0430567	
-0.165515	0.571936	-0.0479579	0.396	
-0.398795	-0.053338	-0.022874	-0.450241	
0.0934934	-0.539325	0.218423	0.0379058	
-0.516182	-0.177019	-0.0317176	-0.117166	
-0.394438	1.17175	-0.0375097	-0.032721	
-0.352519	-0.618298	-0.112979	-0.152479	
0.165579	0.0587301	0.092877	-0.087994	
0.197081	0.566295	-0.041645	-0.309086	
-0.745819	0.238704	0.235634	0.0664872	
-0.167591	-0.81902	0.00885989	-0.281992	
0.120282	-0.197109	-0.122628	-0.329734	
0.155429	-0.230361	0.142139	-0.032721	
-0.239115	-0.457061	0.109679	-0.190298	
0.287087	0.184593	-0.145544	0.191826	
-0.438212	-0.0923182	-0.114666	-0.202792	
0.163328	0.059816	-0.110047	0.312736	
-0.0265632	0.423705	0.322102	-0.102665	
0.224434	0.560446	0.322308	-0.139447	
-0.139261	-0.429915	-0.106727	0.0354492	
-0.0601645	0.118051	0.0193079	-0.0894113	
0.270017	-0.510494	-0.0409171	-0.179891	
-0.154465	0.00443627	0.00580941	0.1031	
-0.309349	0.158269	-0.117038	-0.209986	
0.0336513	0.790052	0.154437	-0.174998	
0.0287097	0.100355	0.225977	0.327825	
0.216957	-0.050863	-0.114971	0.145995	
-0.544868	-0.234715	-0.128935	0.294092	
-0.22715	0.278922	-0.112292	-0.427529	
-0.152423	0.418879	-0.0271427	-0.204843	
-0.495785	0.0134852	0.000834688	0.214856	
0.651367	-0.0746439	-0.140268	0.00381011	
-0.169444	-0.649471	0.0708418	0.239038	
-0.126667	-0.689749	0.00552327	-0.18716	
-0.137036	-0.429915	-0.225901	-0.0651342	
-0.0982517	0.303052	0.340566	0.123009	
-0.106756	-0.61137	0.212823	-0.143608	
-0.159078	0.0713987	-0.0487753	0.484185	
-0.448268	-0.855216	-0.0702474	0.197584	
-0.0656245	1.044	0.210608	-0.225494	
-0.319329	-0.388691	-0.147277	-0.197649	
-0.122347	0.628816	0.350137	-0.575216	
0.0319089	-0.352732	0.143126	0.267596	
-0.266732	-0.1132	0.0130479	0.14952	
0.116516	-0.797303	0.0926065	0.16249	
-0.41421	0.203514	0.321415	-0.0754918	
0.169516	0.0406322	0.234662	-0.216965	
-0.022309	0.0684032	-0.29084	-0.320053	
-0.137695	-0.734563	0.0896658	0.0709161	
0.0415848	0.0134852	0.203157	0.145515	
0.00334819	0.254791	0.274683	-0.129608	
0.0441669	0.52425	-0.0891174	0.112042	
-0.0795915	0.476793	0.0663337	-0.149228	
0.121026	0.323736	-0.0753251	0.151523	
-0.0364218	-0.034776	0.140273	0.0618251	
-0.145224	0.50575	0.215867	0.310177	
0.176063	0.0134852	-0.0822421	0.114235	
0.100606	0.514659	-0.129013	0.223904	
0.286399	-0.317449	-0.08116	0.166876	
0.00968703	-0.308987	-0.0632634	-0.0129806	
-0.268341	-0.173882	-0.134652	-0.273655	
0.111969	-0.167494	0.0416562	-0.258177	
-0.0313846	-0.330376	-0.0364758	-0.00139954	
-0.353628	-0.17956	0.0826237	-0.170904	
0.0455371	-0.449822	0.181582	0.048434	
-0.114538	0.120168	-0.348823	-0.1898	
-0.066562	0.551253	0.200185	-0.160668	
0.0905295	-0.594606	0.0194399	-0.303078	
-0.459689	0.283748	-0.0866822	0.105462	
-0.428236	0.0555192	-0.143698	0.000633494	
0.0187146	-0.493257	-0.178509	0.0578126	
0.0699204	-0.0830372	0.0489814	-0.0787819	
0.200081	-0.688158	-0.0799725	-0.0493029	
0.109026	0.303052	-0.0516278	0.0440472	
0.645986	0.187226	-0.00944872	-0.159388	
0.323738	-0.605867	-0.319534	0.0363704	
-0.26629	0.0810509	0.00627016	-0.0622472	
-0.154989	-0.034776	-0.145636	-0.0551609	
0.34931	-0.131298	0.189213	0.0771166	
0.482759	0.418879	0.0545926	0.105462	
0.287368	0.523675	0.03868	-0.552097	
0.255263	-0.312278	-0.185055	0.140007	
-0.210622	0.319758	-0.0769353	-0.109489	
-0.177194	0.347601	-0.227534	0.01334	
-0.0926745	0.761534	0.0200153	0.0434205	
-0.206943	0.135994	-0.15331	-0.0305276	
0.643736	-0.155429	-0.0321298	-0.0354304	
0.375698	-0.493257	0.0591466	-0.0787819	
0.150426	-0.493257	0.05127	-0.306377	
-0.47561	-0.594606	0.0238958	-0.256202	
-0.00470784	0.550036	-0.117354	0.0897337	
-0.526182	0.0713987	-0.232891	0.365078	
-0.474027	-0.034776	-0.104856	0.0942955	
-0.0585198	0.0398095	-0.174312	-0.564193	
-0.014826	-0.109581	-0.212311	-0.0827872	
0.0390321	0.614894	-0.061985	0.278868	
0.100762	0.869025	0.0338651	-0.0243462	
-0.299734	0.0468968	0.0243721	-0.157743	
0.0908415	0.933895	0.0218423	0.389723	
-0.211322	-0.436953	-0.266518	-0.21454	
-0.157715	0.508163	-0.1021	-0.305248	
-0.10894	0.0827296	0.00558237	-0.159737	
-0.214753	0.357346	-0.0417292	0.430598	
-0.268015	0.351314	0.266649	-0.244601	
-0.0430031	-0.0878633	-0.0597797	0.15728	
-0.129087	0.949753	0.192929	0.144943	
-0.274364	0.53057	0.26509	-0.296965	
0.00462661	0.677786	0.114522	0.155909	
0.353466	0.549185	-0.173371	-0.0972062	
0.0745319	-0.110615	0.190041	-0.355147	
-0.133471	0.458178	0.0537436	-0.228083	
-0.176214	-0.586333	0.312077	0.0612433	
-0.0159895	-0.396735	-0.0882414	0.166876	
0.280504	0.257808	0.060137	0.397181	
0.0408077	0.582967	-0.103826	0.181327	
-0.231	-0.693399	0.0721176	0.017946	
0.164496	-0.110615	0.0992874	-0.382242	
-0.177007	0.085877	-0.106974	-0.0817535	
-0.221909	-0.0278815	-0.317418	0.208638	
-0.0850722	-0.227821	0.103263	0.0800489	
-0.0344974	-0.0278815	-0.0432731	-0.0690848	
-0.401147	0.816801	-0.180815	-0.325668	
0.159306	-0.308256	-0.129929	0.127698	
0.310922	-0.493257	0.206864	-0.0369083	
-0.216581	-0.034776	0.092877	-0.0871566	
0.177472	-0.0761427	0.0890947	0.387246	
-0.456262	-0.656139	0.0862551	-0.363921	
-0.3085	-0.820744	-0.116899	-0.255349	
-0.413752	0.149752	-0.185569	-0.159017	
-0.235493	0.728887	-0.0275827	-0.157256	
0.140683	0.208038	0.194274	0.01334	
-0.00796431	-0.348474	-0.303761	-0.234237	
-0.0526298	-0.256777	0.135663	0.233631	
0.153428	0.513647	-0.0183319	0.112931	
-0.31736	-0.430518	-0.0223635	-0.115631	
-0.11848	-0.686302	-0.0929805	0.271281	
-0.14371	-0.0317596	-0.0493986	0.0632393	
-0.284386	-0.522214	0.0596419	-0.0442362	
-0.342452	0.528271	0.00394312	0.0959319	
-0.128441	-0.366572	-0.162672	0.456233	
0.101692	-0.804542	-0.241983	-0.103906	
-0.0325511	0.303052	-0.133435	-0.152479	
0.204788	0.11372	-0.0832448	-0.0354304	
0.238637	0.560948	-0.102116	-0.0677272	
0.204956	-0.0899316	-0.564737	0.0887123	
0.384856	0.284955	0.381534	-0.0465392	
0.604068	0.375444	0.187347	0.581424	
-0.111573	0.61548	0.123382	-0.0291778	
0.419396	-0.0733849	-0.176424	0.0278855	
-0.10863	-0.375144	-0.0790666	-0.28242	
-0.04833	0.0134852	0.109888	-0.205449	
0.0813678	0.303052	-0.0638596	-0.206335	
0.100035	-1	-0.284039	0.0740566	
0.480459	0.882187	-0.0560191	-0.0235088	
-0.0863722	-0.131298	-0.0257241	-0.012073	
-0.603973	-0.449822	0.16528	-0.113725	
0.188318	0.696037	-0.0850741	-0.0287729	
-0.175357	-0.855216	0.0218138	0.131782	
-0.174257	0.351314	-0.135063	-0.293733	
0.0902337	0.660753	0.0685332	0.20219	
0.0366582	-0.0878633	0.184885	-0.244601	
-0.09789	-0.0376149	0.275454	0.171994	
0.0365516	-0.529453	-0.179732	0.258998	
0.192275	-0.208516	0.00473551	-0.547766	
0.0760575	-0.565649	0.0295412	-0.571634	
0.160691	-0.251951	0.282165	0.251074	
-0.0359876	-0.0589066	0.0642881	-0.245966	
0.176829	-0.348474	0.0341125	-0.290941	
0.263004	-0.340985	0.0926931	0.122211	
-0.112721	-0.0322359	-0.197571	-0.246276	
0.155795	-0.898651	0.0268272	-0.157085	
-0.138161	-0.546345	-0.00767506	-0.322247	
0.171691	0.481248	0.126573	0.241451	
-0.638141	-0.509963	-0.00451	-0.134856	
-0.656809	-0.0485649	0.242091	0.289705	
-0.175769	0.355175	0.1367	-0.16213	
0.161348	0.137585	-0.108513	0.149098	
0.0930431	-0.657345	-0.0615933	0.161293	
-0.346451	-0.308256	-0.22266	0.233015	
-0.0756531	-1	0.0639145	0.123886	
0.285473	-0.831086	0.163828	0.178524	
0.127352	0.417355	-0.131431	-0.136964	
0.362345	-0.486676	-0.0873718	-0.104576	
-0.498978	0.389923	-0.0684575	-0.394122	
0.142506	-0.234715	0.161334	0.0573982	
-0.401726	-0.582355	-0.0407564	-0.0393011	
-0.219042	0.171431	-0.375953	-0.440183	
0.212832	-0.221788	-0.197896	0.408922	
-0.417359	-0.0867496	0.0876379	0.243644	
0.0980741	0.447836	-0.0175942	0.262837	
0.0766976	0.147132	0.0755907	0.0732191	
-0.359801	-0.924461	-0.0483256	0.0803376	
0.0124771	-0.0498576	-0.209149	-0.604768	
-0.0261593	0.00544171	0.134402	-0.422467	
-0.0184784	-0.236596	-0.0408719	-0.4703	
0.0253743	-0.262293	0.143508	0.0265002	
0.363404	-0.0154715	-0.0709205	0.0462406	
0.115794	0.0315832	0.176718	0.121345	
0.090241	0.187226	-0.268411	-0.127552	
0.26646	-0.529453	-0.0513617	-0.0137547	
-0.230357	0.0713987	-0.0239499	-0.337874	
-0.260707	-0.187603	-0.00770107	0.0654088	
-0.0473485	0.216182	-0.0923454	0.0679307	
0.0419501	0.280778	-0.0807596	-0.0565456	
-0.200446	0.357346	-0.00707738	0.181855	
-0.09942	0.406469	0.00983418	-0.376406	
-0.159641	-0.104974	-0.161422	-0.0389454	
-0.464611	-0.358815	0.0293233	-0.196493	
0.129014	-0.249758	-0.00760778	-0.266437	
-0.409217	-0.420866	0.0813284	0.131256	
-0.00885704	0.257808	-0.0331687	-0.259341	
-0.0934701	-0.438964	-0.0594723	0.331818	
-0.0810336	-0.182398	-0.0264014	0.171263	
0.0217799	-0.845564	-0.304445	-0.00713156	
0.299463	-0.746629	0.0898143	0.124521	
0.207939	-0.34043	0.138707	-0.170904	
0.0832805	-0.536692	0.0439456	-0.268783	
-0.195313	-0.619943	-0.168695	-0.177728	
0.500649	0.970666	0.0237123	-0.134713	
0.171145	-0.662172	0.141575	0.0382377	
-0.341134	-0.457061	-0.0837993	0.242328	
0.290419	0.701207	-0.169987	-0.230125	
-0.450564	-0.662172	-0.00117075	0.0103683	
-0.0674293	0.447836	0.190836	0.0680373	
0.429277	0.19168	-0.0365275	0.0168831	
-0.415094	-0.812633	0.00703432	0.0310557	
0.165148	-0.324343	0.126316	0.128492	
0.467603	-0.507736	-0.1416	-0.00449008	
-0.11115	-0.594606	-0.109877	-0.160066	
-0.300456	-0.0991242	-0.00618301	-0.193236	
-0.320319	0.342539	-0.252809	0.433896	
-0.48112	0.0939206	0.254191	0.305059	
-0.0386628	-0.034776	-0.106951	-0.0399937	
0.0535326	-0.580128	0.231898	-0.391338	
-0.0597384	0.0677791	-0.263479	0.186417	
-0.0368948	0.169406	-0.119557	-0.479783	
-0.469295	-0.503599	-0.0221037	0.065981	
0.116756	0.270878	0.0544858	-0.0406625	
0.0256473	0.476793	0.037349	0.01334	
-0.0749063	-0.131298	-0.0716631	-0.0173673	
-0.0756009	0.737403	0.144082	0.0632393	
0.0327929	0.447836	0.093002	0.108874	
-0.0161211	-0.838183	0.0947942	-0.239995	
0.176454	0.777621	-0.0138657	-0.203804	
0.556934	-0.493257	-0.276604	-0.121553	
0.107328	0.570345	-0.0220977	0.378284	
-0.0214456	-0.261604	0.00339901	0.132331	
0.125932	0.0803084	-0.200151	0.426492	
-0.269076	0.241002	-0.0808128	0.00532936	
-0.0604973	1.04306	-0.463016	-0.170904	
0.125249	-0.140951	0.0904523	-0.140196	
0.18808	0.447836	0.00943296	0.116977	
-0.294002	-0.0136617	-0.169671	0.133377	
-0.188539	-0.0806241	0.199143	-0.0978415	
-0.0673924	-1	-0.132791	-0.130851	
-0.185989	1.18416	0.115411	-0.123137	
0.134077	-0.482916	0.148004	0.293893	
-0.44154	0.122073	0.0469867	-0.00371964	
-0.368507	-0.131298	0.0562457	0.263911	
-0.439494	-0.580128	0.0209615	-0.121964	
0.0988241	-0.513001	-0.161152	-0.1213	
-0.133404	0.0398095	0.0286468	0.0594009	
-0.391816	-0.243908	-0.113084	-0.155021	
0.217953	0.40546	-0.096067	0.24122	
-0.0208239	-0.0692482	-0.431181	0.01334	
-0.350436	0.327183	-0.0276883	0.192466	
-0.013947	-0.657345	-0.349956	-0.0963289	
-0.108659	0.399575	0.234998	0.240574	
-0.529292	-0.117287	0.05725	-0.457505	
-0.198871	-0.81573	-0.0260623	-0.0240845	
0.0941507	-0.482916	0.168213	0.356703	
-0.238061	0.0907032	0.0682464	-0.00833577	
-0.00472232	-0.348474	0.0306619	0.162361	
-0.193737	0.553133	-0.111797	-0.159388	
0.100212	-0.420866	0.130836	-0.0726404	
0.0643218	-0.276082	0.0332358	-0.580994	
-0.41142	0.0266474	0.00705462	-0.0623315	
0.0544631	0.311569	0.0331688	0.0824313	
0.4423	0.170334	-0.0117018	-0.35869	
0.206865	-0.665188	0.051668	-0.283827	
-0.519405	-0.646558	0.166241	-0.0243462	
-0.0662138	0.375444	-0.13205	-0.68525	
-0.206821	0.259617	-0.0157063	0.0310557	
-0.227621	-0.160255	0.017861	0.0338115	
-0.102585	0.492385	-0.0962623	0.120007	
-0.0871193	0.102583	0.165008	-0.424239	
0.250346	-0.20369	0.245087	-0.259482	
-0.443087	-0.511355	0.143059	-0.59057	
0.109811	-0.259995	-0.0813743	0.209099	
0.102628	-0.481192	-0.0674007	-0.0406625	
0.174851	-0.053338	-0.00512582	-0.237231	
0.246786	0.431749	0.151238	-0.204843	
0.0480082	-0.0918119	0.0756529	-0.136358	
-0.119872	0.0778335	0.158423	-0.0593878	
0.232221	-0.131298	-0.03962	-0.462623	
-0.296284	0.129312	0.141821	-0.439592	
-0.24366	-1	0.0500773	0.297602	
0.0890735	0.223421	-0.160072	0.15571	
-0.0614992	-0.505323	-0.230597	0.105462	
0.0818542	0.357346	0.0579414	0.0884022	
0.0304404	-0.0759399	0.0596513	-0.218553	
-0.0158265	-0.607016	-0.229492	0.0947499	
0.020375	-0.684108	-0.0253774	0.0563301	
0.303412	-0.782825	-0.113668	0.454209	
-0.546854	-0.0830372	0.0551593	0.144943	
0.222457	-0.143364	0.0335343	-0.00640044	
0.527954	0.328232	0.235032	-0.28242	
-0.0330982	-0.0775216	-0.137224	-0.0398072	
-0.0483867	-0.654747	0.17414	-0.00899261	
0.650848	-0.513001	0.161802	0.0243946	
-0.0296019	1.17175	0.265468	-0.00105408	
0.122698	0.346488	0.274792	-0.0433504	
-0.078326	0.135994	-0.00229318	-0.0787819	
-0.0916137	-0.292169	0.0777021	0.439403	
-0.12168	0.568489	0.156238	0.0907223	
0.09777	-0.276082	-0.0204339	0.37744	
0.0763337	0.216182	-0.215049	-0.19854	
-0.159019	-0.662172	-0.247522	-0.167065	
0.276291	0.245139	0.24338	0.444638	
-0.0576686	-0.44314	0.122654	-0.226177	
0.354647	-0.388691	-0.029043	-0.317028	
-0.279389	0.167318	-0.098893	-0.544239	
0.0673403	-0.16201	0.220699	0.0404346	
-0.208899	-0.00719813	0.166301	0.0547948	
-0.285968	-0.167494	-0.0568478	0.33406	
0.0468831	-0.565649	-0.102285	0.0870374	
0.0197688	0.399575	-0.269319	-0.321648	
-0.127274	0.254791	-0.119205	-0.0354304	
-0.0699084	-1	0.123739	-0.128577	
-0.209953	0.898734	-0.163383	-0.0117842	
0.0734217	0.0939206	0.0184251	0.00625366	
0.208707	0.375444	-0.0240788	0.0501887	
-0.0923381	0.532293	0.0843976	0.431431	
-0.448038	0.0617464	-0.10205	0.0387529	
-0.33807	-0.144461	-0.0350899	-0.00889635	
0.0609657	0.28989	0.219482	-0.454946	
-0.133692	0.158269	-0.0291925	-0.020438	
0.153775	0.303052	0.125479	0.357585	
-0.151018	0.315118	-0.0371425	0.151523	
0.280699	0.0398095	0.172766	0.212323	
-0.00812839	-0.586333	-0.012572	0.0354492	
-0.169829	-0.921403	0.158072	0.289705	
-0.0322097	-0.20369	-0.11361	-0.204068	
0.226333	-0.341893	0.270108	-0.105449	
-0.299813	0.0363458	-0.22595	-0.243631	
-0.411706	0.129312	0.0127755	-0.0173673	
0.157141	-0.746629	0.323175	-0.0468935	
-0.25745	-0.239886	-0.0799264	-0.0914883	
0.0536786	-0.379499	-0.0454213	-0.0114621	
0.0838929	-0.403492	0.00104272	0.0735734	
-0.031018	0.584103	0.0617874	0.029223	
-0.113545	0.365103	-0.265856	0.108638	
-0.32725	-0.143364	-0.252865	0.187348	
-0.0290595	0.520228	0.00278816	0.421664	
-0.287931	0.851162	-0.159008	-0.3376	
-0.525851	-0.0991242	-0.0558092	0.316026	
-0.165107	-0.292169	0.0239153	0.0944071	
0.0593046	0.375444	0.0177248	-0.181533	
0.227091	-0.526163	-0.0547372	-0.464329	
0.105575	0.278922	-0.222263	0.01334	
-0.519476	0.527717	0.234406	-0.0989335	
-0.187909	-1	0.263538	0.349939	
0.338309	0.431749	0.100126	0.120815	
-0.0248347	0.150225	0.085257	-0.408885	
-0.0879548	0.147927	-0.029619	0.110068	
-0.24115	1.07269	0.00480871	0.173341	
0.138577	0.140171	-0.233412	-0.294792	
0.239705	0.383488	-0.0459542	0.0906034	
-0.289456	-0.068349	-0.0152582	0.0252266	
-0.465519	-1	-0.385415	0.0352737	
-0.255387	-0.32779	0.155753	-0.303969	
0.00674728	-0.0485649	0.0289948	0.0928997	
0.206644	0.274096	-0.0246527	0.11928	
-0.10744	0.556424	-0.0387568	-0.107127	
0.215082	-0.181973	-0.0865521	0.0471179	
-0.0800629	-0.327182	-0.0220977	-0.0787819	
-0.32372	-0.324343	0.182186	0.0555624	
0.291487	-0.247125	-0.248918	-0.116468	
0.352266	0.0279636	0.118171	-0.299874	
-0.0293041	0.441541	0.28501	0.281331	
-0.389944	-0.214032	0.352744	-0.0291778	
0.304046	1.02068	0.0219456	-0.0579802	
-0.38216	-0.172665	-0.0255838	-0.0387289	
-0.102214	0.520228	0.152369	-0.21454	
0.0568963	-0.172665	-0.139932	-0.0919421	
0.480881	-0.469127	0.0781365	0.219259	
0.261991	-0.0589066	-0.081657	-0.346511	
0.105886	-0.165365	-0.211976	-0.0454612	
-0.0265221	-0.320631	-0.0272419	0.089205	
-0.487176	-0.391909	-0.0699834	0.0670777	
0.228611	0.828846	-0.0923936	0.21029	
-0.0947441	-0.448013	0.077463	0.115159	
-0.228278	-0.320631	0.0951203	-0.122649	
-0.304596	-0.662172	-0.026132	-0.10757	
0.498821	-0.710433	-0.203742	0.264903	
-0.51416	-0.121646	0.100442	0.249786	
0.0187473	0.366002	0.202609	-0.141425	
0.575238	-0.0589066	0.134626	0.0594009	
-0.387396	-1	0.14356	-0.030162	
-0.135067	-0.102342	-0.141393	-0.0351452	
-0.0733594	-0.102342	-0.0429018	-0.372694	
-0.100243	0.447836	0.225702	-0.102555	
-0.198223	0.133089	0.0634721	0.163464	
-0.211814	-0.493257	0.0602915	-0.124843	
-0.501622	-0.73758	-0.196615	-0.16408	
-0.26109	0.042442	-0.0754678	0.583787	
-0.265918	-0.683286	0.0463103	0.115159	
0.214643	0.317531	-0.218524	0.396	
-0.162568	1.06317	-0.230179	-0.198199	
-0.666626	0.345636	0.0583406	-0.117414	
-0.330955	-0.449822	-0.241838	-0.117864	
-0.277859	0.303052	0.156657	-0.289894	
0.0312403	-0.276082	-0.209153	-0.117166	
-0.104815	-0.0644752	-0.0401882	-0.315667	
-0.168398	-0.0951025	-0.221959	-0.139015	
0.218529	-0.0516674	0.0497223	0.404858	
0.0111785	-0.189212	-0.074406	-0.479157	
-0.0432941	-0.599716	-0.157049	0.0280794	
0.101724	-0.526163	0.022502	0.00532936	
-0.0982142	-0.305039	-0.00366984	0.0931789	
0.0706684	0.136551	-0.0375097	-0.152479	
-0.0526861	0.0352028	-0.140187	-0.144159	
-0.237236	-0.587924	-0.0847172	-0.303969	
-0.289702	-1	0.0183418	0.134941	
0.497064	0.50575	-0.0332215	-0.417659	
0.053385	-0.336408	0.0247227	-0.37939	
0.320406	0.0738117	-0.137766	0.00849143	
0.0721973	-0.92204	-0.138022	-0.170904	
-0.0728024	-0.0733849	0.235809	0.08143	
-0.0174471	-0.457061	-0.0516278	0.01334	
-0.11029	0.0677791	-0.103264	0.267772	
0.0151442	0.317064	-0.0857108	0.171789	
-0.195946	-0.436953	0.060361	-0.19854	
0.339368	-0.239886	-0.0361704	-0.434109	
0.07501	0.0134852	-0.153261	-0.197224	
0.604733	0.568489	-0.0229912	0.0968253	
-0.48368	-0.565649	-0.147855	0.0696366	
0.125427	-0.131298	-0.0496202	0.527283	
0.120339	-0.749919	0.0557037	-0.488724	
0.0557962	0.0617464	0.175143	0.309857	
0.189984	0.0295723	0.186956	-0.0787819	
0.0329402	-0.170785	-0.0329179	-0.100041	
0.319039	0.426387	0.0585902	-0.0122494	
0.191484	0.791697	0.100353	0.393843	
-0.0254914	0.809795	0.201612	-0.144994	
-0.194363	0.254791	0.245592	0.00364292	
0.0836927	-0.332387	-0.231546	-0.183187	
-0.248099	0.50575	-0.0825722	0.00496524	
0.50278	0.61675	0.224247	-0.103906	
-0.13804	-0.100273	-0.112536	0.175474	
