ZengE[0]	ZengE[1]	ZengE[2]	ZengE[3]	
0.0090877	-0.415815	-0.137014	-1.04707	
1.46698	-0.174973	0.72341	0.143545	
-0.313063	0.827166	-0.268474	0.501722	
0.0700603	0.228474	-0.0465166	-0.412988	
-0.165235	-0.283433	0.596733	-0.458446	
-0.720272	-1.24022	0.00542659	-0.452137	
0.0237036	0.511183	-0.315003	-0.272428	
-1.36659	1.0354	-0.437131	-0.0923139	
-0.392422	3.66141	0.620319	-0.321538	
0.256747	-1.22392	0.476225	-0.528411	
-1.91224	-0.702828	-0.546661	-0.190322	
-0.390297	-1.63117	-0.0073077	0.805028	
1.06097	-0.387394	-0.242023	0.379405	
0.101394	0.906446	-0.156142	-1.10185	
-0.916118	-0.50215	-0.39901	-0.293805	
0.963815	1.50904	0.288712	0.923946	
-0.0320215	-0.0958404	0.0828897	-0.467576	
0.227234	-1.42487	-0.141879	-1.05013	
0.726275	0.87751	-0.644012	0.457832	
0.739786	-1.20187	-0.319375	0.143545	
-1.13824	0.43181	1.09269	-0.637066	
-0.619188	-0.805977	0.687311	0.0855666	
-0.870828	-0.62591	0.00224182	0.300785	
0.247496	-0.890357	-0.0335571	-0.19088	
-0.614498	-0.626703	-0.865058	-0.00265227	
1.65833	0.225513	0.424021	0.55569	
-0.301741	0.015321	-0.369224	-1.26629	
0.159545	0.565746	-1.29591	-0.556629	
-0.0295229	-0.159145	-0.152006	0.569592	
0.380126	-0.702828	0.662791	0.651406	
-1.59614	-0.371178	-0.0792282	0.0766147	
1.2814	1.61017	-0.091583	0.986878	
-0.273538	1.36158	1.1677	0.564507	
-0.421834	-0.431705	0.34192	1.46865	
-0.381783	-0.422258	-0.106954	0.412304	
-0.406667	-0.896059	-0.515983	0.765823	
-0.331968	-0.869441	0.742896	-0.949136	
0.312176	-0.695777	-0.726328	-0.303812	
-0.165568	1.53499	0.691701	-0.120401	
-0.277989	-0.478159	0.210365	-0.839202	
-0.663734	-1.24702	-0.102295	-0.4634	
0.348484	1.84493	0.578971	0.142341	
-0.931117	-0.514782	-0.28306	-1.44881	
-0.736752	-0.695777	0.0888135	0.146039	
0.0440298	0.867292	-0.0590204	0.737895	
-1.05022	-1.0366	0.469527	1.03861	
0.219665	0.963605	0.1272	0.41634	
-0.726213	-1.73719	-0.111538	-0.480409	
-0.0500119	-0.711878	1.08825	0.368856	
0.679149	-0.563741	-0.00176689	0.588541	
0.820708	1.36015	-0.603333	-0.106309	
0.742837	0.443663	-0.00396396	-0.234879	
-0.0296967	-0.164908	-0.317829	-0.410154	
1.22156	1.91613	0.730075	-0.538185	
-0.901058	0.370908	-0.00358005	-0.114054	
-0.665126	0.548565	0.174638	0.309791	
0.269201	-0.456353	0.979105	-0.904278	
-0.0600989	0.241031	0.159102	-1.2455	
-0.291024	0.673294	0.409549	0.733355	
0.0532071	-0.62591	-1.29254	-0.231442	
-0.184124	0.660705	-0.782882	-0.114054	
-0.199425	-1.41306	-0.755504	0.290643	
0.759053	0.447052	0.0626766	0.45824	
0.0349752	-0.600766	0.224411	-0.364867	
0.816744	0.170192	0.917774	0.206844	
0.0504242	-0.702828	0.1272	-0.603323	
0.0656261	0.708356	-0.387179	-0.00993024	
-0.345015	0.36051	-0.295162	-1.11712	
0.0400653	1.0001	0.576455	-0.265278	
0.880595	-1.01318	0.261045	-0.109755	
-0.191728	-1.7941	0.0464397	0.678767	
0.500893	-0.281758	-0.716638	-0.265464	
-0.483004	-0.744114	0.666635	-0.0864508	
-0.816607	-1.13969	0.178816	-0.752728	
0.614415	0.327468	-0.00213558	0.17974	
1.17956	0.482039	-0.292501	-0.704006	
-1.2426	-0.893667	1.27362	-0.139494	
-0.0887421	-0.62591	0.610701	0.0684272	
-0.137749	0.0798885	-0.0585592	-0.143561	
0.670445	0.681649	0.305854	-0.890058	
0.550632	1.35409	0.22852	0.994232	
0.190045	-0.0159487	0.111535	-1.27318	
0.828468	0.0227467	0.239325	-0.707864	
0.285915	0.516418	0.394742	0.422843	
0.336301	-1.19089	0.584526	-1.56917	
-0.0299863	-1.01227	-0.748722	-1.28639	
0.769163	0.0488055	-0.0286933	1.39105	
-1.5378	-0.295562	-0.0446802	-0.798162	
1.37588	-1.66058	0.336828	0.62418	
-1.03811	1.0768	0.763273	0.261475	
0.235265	3.56305	-0.866934	-0.689945	
0.515044	0.425824	-0.754621	-0.483548	
-0.809759	0.669155	-0.562508	0.328404	
0.243337	-1.30062	0.16711	-0.438684	
-0.550134	0.679101	-0.566662	0.961643	
-1.10423	-0.807145	-0.155746	0.458024	
0.206076	-1.62606	0.323056	0.678767	
1.71916	-1.50767	-0.0254951	0.072851	
0.195156	-0.456353	0.0386279	-0.463544	
-0.835486	0.015321	-0.337581	-0.410154	
-0.328063	-1.62205	0.0603597	0.217645	
1.0883	-0.642652	0.462588	-1.47977	
-1.84903	0.707094	-0.925954	-0.754832	
-0.109992	-1.01013	0.0749724	-0.90894	
-0.379471	-0.0129031	-0.325092	-0.695546	
0.0443309	1.16677	-0.41953	0.417556	
-0.121583	0.438339	0.083514	0.125984	
-0.560822	0.787682	0.14822	-1.45705	
0.134212	-0.909125	0.192917	0.351241	
-2.04876	1.09169	0.538825	-1.41331	
0.0198982	0.632977	0.0630604	-0.615068	
-0.940706	-1.14593	-0.29083	0.225538	
-1.06095	-1.32045	-0.0736385	0.939255	
-0.0675305	1.62944	1.01609	-0.890058	
0.327129	-0.607401	0.247726	-0.410154	
0.215492	-1.3728	0.185346	0.773741	
0.443473	1.99247	0.555716	-0.0604814	
-1.12318	1.86835	0.0153404	0.365791	
-0.198662	-0.103119	1.1187	0.391462	
-0.397233	-1.18284	-0.0106785	-0.586279	
-1.02121	-0.866346	0.846609	-0.212149	
-0.9212	-1.30036	0.0501419	-0.7482	
-1.2509	-1.81174	0.411674	0.457832	
-0.354604	-1.13613	0.0288158	-0.843545	
0.34827	1.46223	0.812446	-0.052825	
-0.200487	-0.46785	0.897976	-0.647927	
-0.51047	0.619264	-0.686636	0.405829	
-0.678868	-0.416152	-0.336483	-0.837128	
-0.9212	-1.0366	-0.297365	0.0548123	
-0.0145832	1.10482	-0.195321	-1.61563	
-0.321766	1.9707	-0.405064	-0.765598	
0.156932	-0.744114	0.169245	0.16192	
-1.19751	-0.514782	0.111445	0.291908	
-0.285899	-1.0366	0.233665	-0.408197	
-0.258544	-0.648611	0.370053	-1.19436	
0.380782	-0.295562	-0.456156	-1.03795	
-0.093649	-0.681312	-0.413791	0.111757	
-0.0498609	-0.28709	0.935001	0.62418	
1.33106	-1.29268	-0.576507	-0.0286303	
0.650697	0.924172	-0.36756	1.78646	
1.23656	-0.906881	-0.489096	-0.245618	
0.235265	0.0783149	0.526008	-0.868397	
0.112828	-2.00432	-0.0817586	-0.609619	
1.26168	0.601083	-0.38474	-0.196268	
0.666318	0.80838	0.408434	-0.393821	
-0.368115	-0.106329	-0.622586	-1.30153	
0.696963	-0.196709	-0.24303	0.0649256	
0.23626	0.298153	0.179254	1.11996	
0.46633	0.734682	-1.32838	0.0669527	
0.48424	0.811652	-0.288445	-0.417137	
-0.781033	-0.285138	-0.391364	0.17974	
0.610525	-2.0947	-0.203017	1.0003	
-0.294474	-0.17297	-0.28807	0.0161348	
-0.79245	-1.73317	0.614466	-1.44831	
0.442598	-1.18579	-1.07638	0.247847	
-1.04001	0.480103	0.312146	-0.242891	
-0.403963	-0.744114	0.274612	0.332542	
-0.243288	-0.666704	1.04995	0.615264	
-0.854511	-0.207993	0.480163	0.217645	
1.09397	-1.18284	0.472533	1.58593	
-1.3369	-0.737037	0.39335	-0.265278	
-0.873301	1.2721	-0.865212	-0.0469683	
-0.248806	0.317871	-0.348704	0.00750046	
-0.557628	-1.62157	-0.497781	-1.11437	
-0.606483	0.696627	-0.322876	-0.0631943	
-1.0604	1.33232	0.717643	-0.631339	
-0.768973	-1.01227	-0.636144	-1.23146	
0.807341	-0.075196	0.0735831	-1.21437	
-0.126375	0.520518	0.517277	0.557386	
0.286517	-0.514782	-0.0595259	0.982975	
0.992672	1.29213	-0.111475	0.342189	
-0.912336	-0.829372	-0.0850836	1.22063	
0.159848	-1.01726	0.176637	-0.393692	
0.55085	-1.01227	-0.283233	0.107936	
-0.633113	0.0408565	-0.11313	-0.0864508	
0.861783	-0.972511	-0.614385	-0.564032	
-0.550091	-1.22171	-0.994967	0.143545	
-0.402026	0.480913	1.24396	-1.65102	
-1.42103	-0.563741	0.0260132	-0.504526	
0.803408	-1.01143	0.76363	-0.932181	
0.0266944	0.526484	-1.00949	0.317845	
-0.323788	-0.429395	0.529423	0.182855	
-0.227073	0.03523	-0.588468	-0.647927	
0.0307575	0.139871	-0.125223	-0.438684	
0.119764	-1.4038	0.216914	0.693884	
-0.853084	-1.0366	-0.400545	0.929743	
0.329222	-0.663811	0.323053	-0.0308736	
0.409696	-0.67372	0.971624	0.0373258	
-0.238608	-1.18155	0.212404	-0.31357	
-0.770895	-1.30245	0.0864521	-0.173174	
-1.24329	0.339828	-0.28421	0.503446	
-0.526807	1.98619	0.033049	0.0766147	
-1.39904	0.263112	-0.356898	-0.115503	
-0.786994	-0.150318	-0.533269	-0.912108	
-0.260176	1.83827	0.310306	0.22915	
-0.799165	0.00713363	-0.144662	-1.05013	
0.301492	-0.0839432	0.521265	-0.321538	
-0.284612	-1.38087	0.19195	0.559894	
-0.724921	-1.22392	0.199629	0.346818	
-0.565032	-0.214021	-0.68452	-0.23378	
-0.178192	1.17717	-0.383868	1.065	
-0.421834	0.526333	0.692653	-0.801582	
0.717942	-1.32908	0.490713	-0.842454	
-0.108032	-0.200828	-0.425645	0.507398	
-0.174442	0.707094	0.822249	-0.576265	
-0.143778	0.307386	-0.348633	0.53422	
0.0532071	-0.597872	0.363596	0.143545	
-0.00194385	0.544027	-0.0106785	0.970459	
-0.100929	-1.11638	0.355121	-0.312567	
-0.191728	-0.371178	0.142448	-0.106309	
-1.57042	-0.371178	-0.708502	0.583937	
-1.30688	1.43014	-0.344624	2.16339	
0.807802	1.05992	-0.445666	-0.760582	
-0.066457	-1.57419	0.489135	0.842531	
1.2515	0.289413	-0.550854	-0.242142	
2.06252	-0.356641	0.47597	0.198348	
0.00146345	0.162429	-1.07603	-0.120401	
-0.518746	-0.866346	-0.425387	-0.167811	
-0.199338	-0.79317	-0.0595259	0.0402009	
0.40151	0.530501	-0.255236	-0.596504	
-0.970254	-1.21857	0.114448	-0.44174	
-0.415898	0.278821	-0.268099	-0.331903	
1.08281	-0.159145	0.430107	-1.67708	
0.589959	-0.286003	-0.232412	1.30993	
-0.248775	-0.144608	-0.328006	0.272766	
-0.11908	1.36158	-0.292786	-0.494856	
-0.968338	0.289413	-0.536996	-0.169504	
-1.37639	1.15623	0.18288	0.072851	
-0.88906	-0.299669	0.494013	0.241745	
-0.852686	-1.30062	-0.417252	-0.223517	
-1.11968	-2.00432	0.13816	-0.754832	
0.870319	-0.160417	-0.262864	0.858206	
0.5679	-0.0702712	-0.375893	0.162703	
-0.295963	-0.0355973	0.297159	-0.254048	
-0.690407	-0.286003	0.501057	0.620368	
0.825042	1.47395	-0.41821	0.242317	
0.892146	1.24938	-0.0779966	-1.56533	
1.52229	0.263112	0.0705357	-0.578863	
0.893409	-1.15529	-0.92624	0.760765	
0.907344	-0.599679	-0.0984094	0.459459	
0.278602	0.607627	-0.0688139	-0.12835	
-0.21928	-1.30245	-0.840586	-0.564467	
-0.481359	1.56787	-0.443241	-0.0531802	
0.700342	0.174266	0.464378	1.26294	
-0.715181	-1.54054	0.367173	1.24422	
0.768968	-1.20871	-0.658918	0.0506004	
0.762697	-0.76932	-0.112869	0.0883446	
0.109249	-0.491671	-0.0529497	0.961031	
-0.511838	0.36051	-0.210017	-0.685927	
-0.0719256	-0.00578356	0.0674582	0.793434	
-0.134344	1.38247	-0.364625	0.458119	
-0.482468	0.862025	0.168084	-1.31092	
0.22862	0.0408565	-0.329242	-0.846199	
0.925405	0.0978141	-0.986927	-0.104891	
-0.6244	-0.138376	-0.621181	0.0996757	
0.147186	-0.500197	-0.508902	0.110789	
-0.194172	1.0257	-1.28421	0.826049	
0.242942	-0.866346	0.821587	-0.465956	
-0.652429	-0.882228	0.884462	-0.912108	
0.0968838	-0.962659	-0.15795	1.60575	
0.433482	0.164812	-0.430517	-0.293805	
-0.233638	-0.219168	0.403371	-0.134536	
0.969876	0.181554	-0.438197	-0.282645	
0.481001	-1.91405	0.592851	0.869336	
-0.637324	1.00931	1.01811	0.0244758	
-0.352731	-1.20187	0.381164	-0.291652	
0.158107	0.193099	-0.172647	0.521674	
0.784792	-1.46344	0.166191	-0.170249	
-0.165212	-0.137202	-0.61728	1.98887	
-0.236871	1.34049	-1.36488	0.161682	
-0.605058	-0.737037	-0.413463	-1.44831	
-0.362542	-1.18155	0.714134	-0.393821	
-1.28083	-0.295562	-0.398267	-0.706661	
0.939029	-0.5138	0.451673	-0.191549	
0.445142	-0.292527	0.498295	1.08759	
1.14102	-0.919752	0.00245426	-0.763999	
-0.970449	0.923346	-0.380522	0.143545	
-0.152803	-0.292527	-0.7768	1.29782	
-0.26802	-0.67799	-0.326019	0.632838	
0.546511	-2.07057	0.243329	1.10833	
-1.13698	-0.829372	-1.19972	-0.896416	
0.609928	-1.02209	0.55305	-0.291652	
-0.149011	-0.187083	-0.382384	0.00750046	
0.235192	-1.08278	-0.111669	0.0524945	
0.0443309	1.61859	0.0726871	-0.278208	
-0.601665	0.911672	-0.553789	1.47324	
0.0876488	1.66011	-0.924711	0.128048	
-0.929302	0.770979	0.758102	-0.60589	
-0.174993	1.19732	-0.0855617	1.46381	
-0.46799	-0.695777	-0.694457	0.222165	
0.00310643	-0.283886	0.406682	-0.0947421	
-0.443072	2.52477	-0.0680175	-0.0854614	
0.582542	0.741257	-0.126686	-0.171563	
1.11787	0.328019	-1.08965	0.461059	
-0.0544253	-0.711878	-0.686078	0.760765	
-1.02068	0.704277	-0.0872495	-0.121315	
0.634396	1.2721	-0.305852	0.772626	
-0.338702	-0.536742	0.311795	-0.0818986	
-0.466416	-0.204573	-0.339914	-0.393727	
0.861853	-0.416152	-0.400789	0.515004	
-0.465359	0.427976	-0.000316067	-0.760582	
0.314806	1.43014	0.0180011	0.486703	
0.369025	0.654973	-0.210009	0.648622	
0.0656261	-0.403654	-0.438109	1.10712	
-0.14139	-0.711878	1.45336	-0.342857	
0.566408	-2.1817	-0.117079	0.643037	
-0.576	-0.607401	-0.738418	-0.249553	
0.096007	0.0744316	-0.124297	0.991826	
-0.308847	-0.326318	0.326988	0.0119321	
-0.332539	0.452919	-0.181837	0.647165	
0.357229	-0.896059	-0.183877	-1.05013	
-0.618012	-0.45163	0.806748	-0.67304	
-0.690407	-1.38087	0.237713	-0.0308736	
-0.29066	-0.62591	-0.347888	0.258723	
-0.658672	-1.98382	1.0039	0.459106	
-0.755649	0.830652	-0.953965	1.02996	
0.233666	-0.898511	0.147705	0.426304	
0.729877	2.18534	0.723093	-0.452137	
-0.902524	0.741257	-0.572787	0.598356	
0.986992	0.279581	-0.7725	0.371733	
0.210235	1.17012	-0.464671	-1.21335	
-0.293967	-0.338718	0.13439	-0.880441	
-0.849599	-1.37165	0.421282	0.0506004	
0.0652789	0.778923	0.27552	-0.153867	
0.694072	1.64844	-0.374969	-0.204726	
-0.777123	-1.22392	0.426098	0.241959	
-1.22132	0.0192147	-0.767411	-0.797591	
0.483795	-0.49653	0.629919	0.325092	
0.188918	-0.541528	-0.111289	0.212848	
-0.623782	1.62685	-0.0717435	-1.01481	
-0.224349	-0.283433	0.134001	-0.100387	
-0.928814	-0.281945	0.212588	-0.272005	
-1.17933	-1.13035	0.839658	-0.39424	
1.5542	0.661927	0.087197	0.134006	
-0.561935	-0.204573	-0.236731	-0.458446	
-0.889742	-0.827424	-0.0445106	-0.0182317	
-0.342683	1.06067	-0.557911	-0.662132	
1.06376	-0.62591	0.262269	0.296104	
-0.540221	-0.536742	0.402436	0.152882	
0.147186	0.345573	0.0896069	-0.102971	
0.534952	-0.473567	-0.148795	0.17974	
0.0576913	0.345573	-1.17868	0.0244758	
-1.32955	0.734682	-0.247589	-0.647199	
-0.22215	0.482039	0.663373	0.309791	
0.409042	-0.281761	0.242742	0.4579	
-0.461725	2.16201	-0.18539	0.133619	
0.613338	0.707623	0.652306	0.123046	
-0.0922502	-0.810729	0.0315498	0.748965	
0.654169	0.341279	0.590176	-0.225835	
-1.24061	-0.797053	0.189819	0.222165	
-0.71045	-1.30245	-0.014804	-0.632327	
-0.393265	-1.30245	1.52111	0.222165	
0.883985	-0.687966	0.428754	-0.00265227	
-0.849512	0.480103	-0.4755	-0.591992	
-0.525413	-1.18284	-0.328479	0.644869	
0.30523	-0.458463	-0.636433	0.702134	
0.0912586	0.447052	-0.135965	-0.0445515	
-1.27335	-1.57419	-0.888318	0.518052	
0.167864	-0.648611	-0.179847	0.491899	
-0.387559	-1.01143	-0.144551	0.610112	
-0.375588	1.33976	-0.261158	0.403976	
0.219747	-1.0191	-0.404958	-0.212149	
0.102136	-0.422258	0.048029	0.99032	
-0.230691	-1.62205	0.735974	-0.557134	
-0.748396	-0.744114	-0.334811	-0.983083	
0.294591	-0.882228	-0.546834	-0.0975087	
1.26484	-0.918764	0.509247	-0.22012	
0.309444	0.616714	-0.866186	-0.544925	
0.747495	-0.0159487	-0.940051	-0.0671457	
-0.260027	-0.695777	-0.300375	-0.265278	
-0.339642	-0.415815	-0.188089	-0.802664	
0.566012	0.848737	0.0305961	0.45784	
-1.32489	0.741257	-0.200217	-0.234879	
0.80663	-0.657331	-0.166927	-0.28539	
-0.259416	-0.711783	-0.12555	1.11229	
1.07145	-1.17316	-0.678732	0.0506004	
-0.26989	-0.313665	0.0651923	1.26139	
-0.238608	-0.890357	-0.198984	0.496086	
-0.887599	-1.51493	-0.485938	-0.528411	
-0.415497	0.638108	-0.325016	0.788712	
-1.38445	0.633292	-0.511719	0.28236	
0.957664	-0.431705	-0.176456	0.376994	
-0.7303	0.480103	0.209027	-0.596504	
-0.777631	0.821271	0.0203698	0.225538	
-0.430693	1.96521	0.106902	0.501722	
-0.422366	-0.0906409	-0.489093	0.133619	
-0.147983	0.821271	0.363335	0.212848	
-1.42197	-0.196709	-0.785668	1.17053	
0.00541866	-0.0839342	0.525657	-0.681962	
0.245281	-1.21857	0.334104	0.632838	
-1.33543	-0.106329	0.419754	1.94078	
-0.736752	-0.805977	-0.144449	-1.08817	
-0.0186512	1.0768	-0.437988	0.296653	
-0.102305	0.402781	0.032591	1.31099	
0.0468205	0.516418	0.191793	0.610488	
0.356804	1.22718	-0.237127	0.199031	
-0.216463	-0.122386	-1.02984	-0.196268	
-1.11313	-1.01143	-0.784372	-0.538185	
0.953394	-1.73703	0.201463	-0.435583	
-1.56175	-0.515434	0.113072	0.667837	
0.270947	-0.642652	0.24827	1.2288	
0.519567	-0.0656212	0.126416	0.222854	
0.658116	-0.554735	0.543708	0.0792378	
-0.278053	-0.491671	0.521118	0.835333	
1.43405	0.225398	-0.88537	0.0402009	
1.86973	-1.23676	0.278284	-0.474817	
-1.47367	-0.1467	-0.115776	-0.802128	
0.958934	0.208795	0.664593	0.930666	
-0.303026	1.64106	-0.588302	0.409241	
-0.414996	-0.866346	0.564108	0.862352	
0.545588	0.102541	-0.645266	0.50533	
0.905829	0.193099	0.446618	0.550262	
-0.715252	0.015321	0.379555	0.272764	
-1.4431	1.03398	0.118021	0.8612	
-0.381626	-1.13969	-0.183079	-0.564032	
-0.590953	-1.48188	0.106722	0.673769	
-0.597532	0.774468	-0.0342624	-0.0854614	
0.360163	0.802885	-0.332547	-0.338107	
1.22479	-0.893667	-0.164055	-0.452137	
-0.52441	0.792192	0.555124	0.593172	
-0.0169563	-0.704551	-0.868465	-0.427922	
0.749633	0.255192	0.71523	-0.267829	
1.98564	-1.73719	0.208957	-1.03548	
-0.371125	1.5177	0.201825	-1.02311	
-0.908805	-0.563741	-0.416536	-0.688098	
-0.24688	-0.967403	-0.161037	-0.509357	
0.949916	-0.607401	-0.214977	-0.140049	
0.13802	-0.928152	0.314223	0.336431	
-0.0922502	-0.541528	0.249373	0.401811	
0.359887	-0.416152	-0.130259	0.22915	
1.00623	-0.849098	-0.394314	1.04767	
0.681074	-1.65475	-0.351557	0.0119321	
1.27665	1.16677	0.574129	-1.09724	
-0.30071	-1.21857	0.107698	-0.121315	
1.7314	0.122364	-0.295687	-1.05814	
-1.96969	0.00713363	-0.665167	0.423764	
0.758824	1.51841	0.318114	-0.00265227	
0.025171	0.492546	1.13142	0.403976	
0.764667	-0.64766	-1.07424	0.351241	
-0.568543	-0.687966	-0.145686	1.5533	
0.198363	0.181554	-0.239144	1.15166	
-0.20714	0.339828	-0.494861	1.37439	
-0.345015	-0.409967	0.403782	-0.0308736	
1.45832	0.86325	-0.0164743	0.241745	
0.914146	-0.64766	0.167792	0.930666	
0.534952	-2.13815	-0.165465	0.907216	
-0.11481	-0.326318	-0.396068	0.305418	
0.460279	-0.805977	-0.0208472	0.217645	
-0.387639	0.425824	0.625464	-0.506739	
-0.224348	0.225513	0.521118	0.133227	
0.42941	-0.200828	-0.0864955	-0.190322	
-0.397465	-1.82948	-0.342491	1.19221	
-0.33652	-0.0543829	0.13445	-1.12382	
0.279556	-0.38478	1.04983	-0.28539	
0.436885	1.47395	0.146304	0.877232	
-1.44326	1.39454	-0.460815	-0.909535	
1.02884	-0.994898	-0.437155	-0.315925	
0.307881	-0.292527	-0.0835719	0.198709	
-0.528687	-0.46785	0.71662	-0.765598	
-0.0283606	-0.216692	-0.462877	-0.618138	
0.62556	-0.075196	0.15	-0.28539	
-0.0928613	-2.11842	0.1601	-1.59946	
-1.12606	0.736751	1.08492	-1.05705	
0.214125	-0.405904	-0.240104	-0.642652	
-0.0215431	1.06067	-0.064	0.346818	
-0.667458	-0.807145	1.29124	-0.00265227	
-0.753695	1.00391	0.927238	-0.969113	
0.210784	-0.94681	-0.327712	-0.627133	
-0.58411	0.807437	0.196381	-0.284461	
-0.214477	0.669155	-0.355691	1.42495	
-0.755649	-0.0159487	-0.270455	-0.716103	
2.22658	-0.791565	-0.275567	0.486115	
-0.404134	0.139871	0.0593877	0.458392	
0.441274	0.492546	-0.721903	1.24954	
-0.283868	1.48806	0.609203	0.974809	
0.339889	-0.159145	0.274523	1.20302	
-0.0169563	0.225398	-0.526325	-0.581514	
-0.384008	0.30478	0.191274	-0.0108858	
-0.00555201	0.11769	0.060311	-0.380991	
-1.29331	-1.62003	0.279618	-0.719909	
-0.614498	-0.387287	-0.188167	0.355629	
-0.321578	0.410691	0.3903	-0.67304	
-0.652503	-0.181399	0.394853	-0.494856	
0.070954	-0.326318	0.0147802	0.287494	
0.00953043	-0.5138	0.129917	1.12629	
-1.29924	-0.0906409	-0.800405	0.177849	
-0.729991	0.862025	-0.93486	0.164945	
0.0859646	-1.18155	0.98399	0.362521	
-0.0335396	-1.08419	-0.383272	-0.699907	
-0.619126	-0.286003	0.456284	0.0577181	
-0.812939	2.12367	-0.2986	-0.444458	
0.655922	0.624582	0.885796	-0.143152	
-0.0624898	-1.08419	-0.425491	0.581503	
-0.689545	0.439952	-0.267399	-0.914864	
-0.67958	0.345573	-0.116154	-0.146958	
1.29454	0.0546964	0.79728	0.0402009	
-1.4452	3.37652	0.859517	-1.0674	
-0.53472	0.616714	-1.20295	0.111757	
-0.0242331	1.89947	0.413912	-0.319672	
-0.550766	-0.0550895	-0.336483	0.255307	
0.593443	-0.515434	0.049209	-0.496057	
-1.12222	0.0408565	-0.234277	0.742055	
-0.213052	-0.568442	0.317051	-0.424928	
-0.281871	-0.577406	-0.641896	0.000347122	
-0.175623	0.681649	0.173291	-0.214368	
-1.31581	-0.607401	0.029656	0.99032	
-0.343614	0.289413	-0.658359	0.742055	
0.134469	-0.0304785	0.621375	-0.0604814	
-0.487509	-0.295562	0.0439329	-1.57809	
0.062698	0.721622	0.00632062	-0.756839	
-0.165915	-1.32908	-1.08869	0.289809	
-0.881533	-0.898511	0.0603597	-0.277141	
-0.285287	0.228474	-0.460938	-0.102971	
-0.327582	-0.545301	0.0914239	1.88281	
0.931852	-0.352846	0.410821	-0.564192	
-1.28114	1.33976	0.602043	0.457974	
0.0440298	0.572066	-0.529513	-0.278208	
0.392628	1.84337	0.722025	-0.12835	
0.202969	-0.614938	-0.422312	-0.463544	
0.0452042	-1.47195	-0.320542	0.371733	
0.874896	-0.744114	1.43211	0.296653	
0.0112962	-0.558231	-0.311873	-0.718191	
-1.06333	-1.30062	0.265638	-1.39557	
0.397572	-0.45163	0.0640161	0.174182	
0.18086	1.24938	-0.430428	0.515004	
-0.429836	-1.62157	0.275229	0.072851	
-1.81018	-0.64766	-0.366015	-0.189851	
0.0975681	0.187358	-0.152674	-0.20859	
-0.73962	-0.416152	-0.582009	0.496086	
0.286404	0.450129	-0.643824	-0.406793	
-1.33902	-0.142682	0.156289	0.951706	
0.189086	0.556525	0.290674	-0.474817	
-0.935137	1.11079	-0.0337033	0.581503	
0.297865	-0.37747	-0.369809	-1.2323	
0.594464	-0.880435	-0.785995	0.413719	
0.219952	0.193099	-0.16567	0.039247	
0.348202	-2.00432	-1.12597	0.161682	
0.52929	2.16741	-0.346583	0.412304	
-0.276757	-0.5138	0.0193289	1.71637	
0.520069	-0.371178	-0.159743	-0.494676	
-1.28425	-0.0963328	0.24689	-0.797591	
-0.152803	-0.233981	-0.613532	-0.481662	
-0.039765	-0.702828	-0.0781804	0.381685	
-1.33543	0.0798885	-0.534438	0.654574	
0.127987	-1.74264	0.559098	-0.342857	
-0.830561	1.94322	-0.0130676	-0.904867	
-0.324873	1.00931	0.480801	0.161682	
0.360163	-1.48799	-0.523026	0.487323	
-0.658269	0.181763	0.12009	0.0430459	
0.0155106	-0.403654	-0.16751	-1.17583	
-0.928814	-0.79317	-0.074945	0.387844	
-0.258449	0.784302	0.2382	-0.109755	
-0.561798	-1.13775	-0.0725752	0.457842	
0.182835	-0.0958404	0.227551	0.462812	
-0.935577	-0.473567	0.115625	-1.09301	
0.230658	1.33127	-0.0529497	-0.00993024	
-1.54731	-0.288467	-0.504578	0.274217	
1.02559	-0.865924	0.11321	-1.01749	
1.04558	0.0967861	-0.481611	-1.04707	
-1.06583	0.151984	0.442439	0.174182	
0.150749	-0.648611	-0.077233	-0.0273687	
0.249459	-1.05897	-0.102299	-0.726972	
-0.242598	0.353228	0.565155	0.360798	
-1.22503	-1.38087	0.132211	0.250656	
0.0680379	-0.770033	0.132274	-0.435583	
0.25581	-0.183198	0.260033	-0.555942	
0.0812189	0.838612	0.0647064	0.457832	
-0.773445	0.86455	0.319991	0.300785	
-0.117579	0.596495	0.876692	-0.366963	
-0.782815	-0.574905	0.0784889	-1.05013	
-0.804654	-0.0175689	-0.0366367	0.904305	
0.656309	2.06611	-0.0652705	-0.476966	
-0.815602	0.880192	-0.363046	-0.863554	
-0.526342	-0.196709	-0.256414	-0.338603	
-0.361709	0.770979	1.01439	-0.859273	
0.217592	1.0507	1.08326	0.939255	
0.454969	-0.737037	0.371351	-0.547343	
-0.51025	-1.09188	-0.644553	1.03861	
0.494855	-0.597872	-0.0144113	-0.304723	
-0.88137	0.327169	-0.653274	0.093731	
-1.76151	-0.671669	0.176047	0.641331	
1.31553	1.35409	-0.486064	-0.393727	
-0.628076	0.03523	-0.244561	1.01185	
-0.941046	-1.62003	0.490859	-0.623523	
-0.093649	-0.865924	-0.265022	-0.367483	
0.163338	0.756618	0.483011	0.507398	
0.116956	-1.30036	0.211564	-0.0923139	
-0.279256	-0.599679	-0.106831	0.29384	
-0.0499352	0.707094	-0.79384	-0.167811	
0.726089	1.31305	0.494922	0.379405	
0.214125	-1.54418	-0.307485	-0.697131	
-1.30173	1.35086	0.610762	1.06088	
-0.720905	-0.491671	-0.045816	0.835333	
-1.0842	-0.536742	-0.0812002	-0.438684	
-0.382284	-0.642652	0.0136212	0.169352	
-1.21297	-0.283886	1.44486	-0.800463	
-0.238608	-0.429395	1.00401	-0.494856	
0.90403	0.393336	0.209336	0.459106	
-1.15346	0.887855	-0.00359557	-0.427922	
0.285233	-0.159145	0.8018	1.66989	
0.489974	0.164812	0.377901	-0.541836	
0.0224567	2.71193	0.220621	-0.304723	
-0.378138	1.36595	0.0749023	-0.900744	
-0.552397	0.601083	0.602462	-0.140049	
0.731764	-0.919752	-0.0971058	0.355273	
0.768968	0.266965	0.198623	0.418714	
1.30868	-0.599679	0.185009	-0.555031	
0.933206	-0.0304785	-0.275377	-0.0659416	
0.201305	-0.827812	-0.680234	0.0264297	
1.50546	0.622555	-1.05619	-0.152188	
-0.953555	0.827166	-0.151996	-1.04269	
1.26283	-1.2594	0.255671	0.146039	
-0.964497	-1.37521	-0.663268	-0.12835	
-0.666065	-0.514782	0.116038	-0.690896	
-0.537895	-1.30062	0.123551	0.652275	
-0.646298	0.226029	-1.29927	0.400516	
0.584883	-0.0355973	0.443993	-0.603342	
-0.0113691	-1.83747	-0.173128	-1.56027	
1.45086	-0.437348	0.228969	-0.0864508	
-1.55761	0.611556	0.00847102	0.0876276	
0.665136	0.520518	0.14928	0.4579	
-0.475227	-0.744114	-0.413116	0.718369	
0.413765	-0.711878	-0.0164577	-0.756839	
-0.323788	-0.018589	-0.45176	-0.158011	
1.40978	-0.313665	-0.220273	-0.495411	
0.259845	-0.548564	-0.823202	0.461846	
-1.33243	0.709428	-0.122962	-0.633723	
-1.10781	-1.0366	-1.1119	-0.490079	
1.31331	-1.13969	-0.200532	0.115342	
1.7563	0.0192147	0.06151	0.332542	
-0.0111652	0.657046	-0.316417	-1.09724	
0.540505	-1.08278	-0.668924	-0.278208	
0.121184	0.112627	-0.427581	-0.408197	
-0.00744733	-0.626703	-1.06248	-0.843545	
-0.540879	1.30992	0.0118278	1.39809	
-0.392028	1.16197	-0.408432	-0.603323	
0.927118	-0.305388	0.173375	-0.966023	
0.366641	-1.2719	0.736219	0.285074	
0.561277	-1.28127	-0.0942143	-0.966023	
-1.65246	1.16677	0.599071	-0.681962	
0.0260872	0.202454	-0.852476	-0.366963	
-0.165719	-1.01227	-0.307203	0.17974	
-0.556323	-0.919752	-0.544495	0.955603	
0.768795	0.0967861	-0.744074	-1.20494	
-0.762168	-0.648853	-0.130128	-0.977044	
0.526399	0.395396	-0.403573	-0.166857	
1.05669	0.963605	0.556504	-0.238877	
-0.617422	1.84337	0.49774	-0.228456	
-0.498217	1.48731	0.574799	0.615613	
-0.497898	-0.292527	-0.588229	-0.541171	
0.34834	-0.28709	-0.0474705	-0.88482	
-0.570806	-0.445659	0.182813	0.922418	
-1.34777	0.669155	0.225331	0.289809	
-1.26801	0.707623	0.841117	-0.143152	
-0.525556	0.328661	-0.366255	0.28236	
-0.186097	1.47395	0.0426103	-0.228456	
-0.550766	0.0964386	0.252964	-0.586279	
0.555519	0.549516	0.21339	0.269622	
0.374276	0.144856	-0.952249	0.709635	
-0.377165	1.02069	0.20989	-1.1565	
-0.571032	0.0371241	0.0665092	-1.02319	
-1.16879	-0.0434415	0.593736	0.500139	
-0.174802	-1.64279	-0.500622	-0.60589	
1.3361	-0.720415	0.398795	0.545051	
-0.351033	0.556525	-0.564898	0.00497858	
0.168185	-0.214021	0.185264	2.0162	
-0.417506	-0.0355973	0.0335596	0.289809	
-0.526807	-0.416152	-0.441707	0.0378518	
1.11207	-0.827812	-1.04523	0.667736	
0.636732	1.59576	0.35696	-0.171563	
0.45596	-0.526835	0.521276	-0.53397	
-1.19175	1.50481	-0.689947	-0.212149	
-0.109411	-0.737037	0.229602	0.309791	
-0.290424	-1.4778	0.336597	-0.378415	
-0.26989	0.24382	0.0501419	0.0867138	
0.106325	0.128647	0.533859	0.974809	
-0.859422	1.87505	0.0369236	-0.796492	
-0.786956	1.53771	0.539012	-0.92815	
-0.991378	-0.561083	-1.04684	-1.08212	
-0.429194	1.24364	0.195397	0.929743	
-0.0876344	-0.530111	0.132211	-0.173174	
0.54314	-1.07956	-1.20617	0.117157	
0.459566	-0.284445	0.015173	1.04181	
-0.183441	0.674665	-0.476695	-0.444294	
-0.996596	2.62072	-0.238868	0.363201	
-0.193631	0.164812	0.455884	1.03361	
-0.742525	0.734682	-0.155697	-0.624844	
-0.601665	-1.73432	0.379905	-0.854382	
-1.48322	-0.292527	-0.081076	-0.504809	
-0.639266	-1.26028	-0.162797	0.417556	
0.501472	0.450129	0.379277	-0.657493	
0.817763	-0.45163	-0.795995	-0.589242	
0.749633	-0.541528	0.983846	0.0614761	
0.725926	0.711958	0.730669	-0.379746	
0.921006	-0.167633	-0.371949	0.358277	
1.19589	0.666137	0.942468	0.308806	
1.08929	-0.305388	0.271731	1.06088	
-0.397562	0.289629	0.0856297	-0.272005	
1.5693	-0.599679	-0.704971	0.093731	
-0.667232	-1.36396	-0.412777	-0.53397	
-0.153808	1.6805	0.119562	-0.904867	
0.052489	0.258327	0.534106	0.115342	
-0.478286	-0.666704	0.748818	0.12221	
1.63258	0.526333	0.055057	0.961031	
-0.447675	-0.174973	0.400095	-0.20859	
-1.32374	-1.30062	0.0667921	-0.134536	
0.0562248	0.439952	-0.617357	-0.362483	
-0.950231	0.707094	-0.0153679	-0.361862	
0.5679	-0.666704	0.646723	-1.33415	
-0.449181	-0.144608	-0.166935	-0.19337	
0.963903	1.15385	0.0890618	1.16251	
-0.876056	-0.838733	0.704287	-0.685927	
-0.558267	-1.62205	-0.458614	0.391462	
1.63693	-0.666704	0.43395	-0.471441	
-0.157081	-0.481093	-0.430025	-1.29816	
0.502078	-0.890357	0.47503	0.317845	
-0.795071	-0.938679	0.34192	-0.642652	
-0.308847	-1.52802	0.24587	-1.30096	
0.670201	0.123318	0.365432	0.17974	
0.897835	0.607627	-0.0564848	-0.239048	
-0.184864	-2.14691	-0.151334	-0.595111	
-1.20397	-1.96638	-0.296817	-1.37247	
0.0376377	0.0633229	0.580824	1.32837	
-0.471123	-1.39328	0.0201154	-0.663001	
0.235833	-0.204573	0.0461048	0.623755	
-1.20436	0.889543	0.29297	-0.216985	
0.66377	-0.634596	-0.863878	0.355273	
0.348412	1.11779	-0.536781	-0.172679	
-0.901195	-1.4038	0.240725	-0.024714	
-0.018862	0.789745	-0.207116	0.961031	
0.376396	-1.46203	0.175071	0.531955	
0.0548049	0.162429	-0.410088	-0.429353	
0.300211	-1.63685	-0.865461	-0.547343	
-0.651247	0.225513	-0.429813	-0.231442	
0.430696	-1.09188	0.742058	0.0548123	
-1.13332	0.704277	-0.925391	0.0766147	
-1.19307	-0.288467	0.756123	-0.863554	
0.168286	-0.938679	-0.812324	0.328451	
-0.410171	-1.05258	-0.204584	0.0250978	
0.913955	-0.207993	0.406355	1.02167	
-0.214168	-0.286003	-0.254446	-0.39424	
-0.14139	1.73586	-0.822707	0.551843	
0.276341	-0.429395	-0.0342624	-0.662132	
-0.5375	-0.94681	0.420406	-1.61056	
-0.560763	-1.15529	-0.376221	-0.896416	
0.104124	-1.6914	0.255114	0.603982	
0.823556	-0.5138	1.10591	0.000347122	
-0.339642	-0.281945	0.218443	0.902227	
-0.173805	-0.187083	0.310517	0.118559	
0.647424	-0.526744	-0.156195	0.263757	
-0.368158	-0.599679	-0.206023	-0.196268	
0.0447107	-0.0175689	0.0259597	-0.393821	
0.00243484	0.266965	-0.568709	0.693884	
-0.519224	1.24715	0.494158	-0.3567	
0.57172	-0.0656212	-0.323474	0.595559	
-0.0967866	0.715757	-0.177646	-0.272005	
-0.679004	-0.577406	-0.489093	0.187246	
0.387653	-1.35596	0.232425	-0.958667	
-0.267788	-0.0958404	-0.141737	0.929743	
-0.491816	-0.393381	0.0772106	-0.12835	
-0.486044	0.00713363	-0.621112	-1.55292	
0.190845	1.87505	0.0665092	-0.204726	
-0.138079	1.31305	-0.676149	0.265937	
0.338729	0.862332	0.337652	-0.249553	
0.641219	-1.13969	-0.0669132	-0.171563	
1.79349	-1.27868	0.152391	-1.32663	
0.47411	-1.13613	1.1468	0.730371	
0.338729	-0.295562	-0.270686	0.0649256	
1.03224	1.30992	-0.17411	-0.114054	
0.13802	0.552395	0.505925	-0.0834139	
-0.166711	-1.38087	-0.335141	0.0476863	
0.492951	1.24397	0.405425	2.13584	
-1.75268	-1.18155	0.161406	0.212848	
-0.878093	-0.122386	0.325779	-0.0531802	
0.667815	-0.115653	0.504925	-0.0691927	
-0.667682	2.7013	-0.145702	0.417556	
0.720085	0.718308	-0.119442	-0.293805	
0.524211	-0.805977	-0.227693	-0.242142	
-0.815602	-1.83747	-0.826979	0.00439286	
-1.1358	-0.880435	0.391761	-1.26778	
-1.24478	0.385726	-1.36606	0.413719	
0.566408	-0.62591	0.476606	0.205975	
-0.211059	-0.482189	-0.37551	-0.743204	
0.427812	-0.909125	2.11515	-0.952998	
-0.372641	-0.295562	-0.381379	1.12153	
-0.785375	-0.0352854	-0.35548	-0.623523	
-1.01231	0.624582	0.257001	-0.236277	
-0.24688	0.596495	-0.226235	-0.689945	
0.253171	0.844406	-0.512249	-0.234879	
0.120081	-0.848165	-0.211846	-0.48016	
-0.109103	0.36051	0.255183	-0.624844	
1.4707	0.278373	-0.495759	0.929743	
-0.106917	0.96599	0.0795074	0.321562	
-0.0995876	0.95314	0.532122	0.53422	
0.772621	-1.52802	-0.507128	-0.0377867	
0.225281	0.395396	-0.31457	0.255307	
-0.165149	-1.32172	-0.420417	1.02167	
-0.332929	-0.115653	0.896548	1.71885	
-0.599777	0.0964386	-0.325459	-0.259231	
-0.428212	1.04101	0.230689	1.5587	
-0.0511693	-0.743155	-0.0221046	0.111757	
0.163338	0.310221	-0.366015	-0.278208	
-0.908805	-0.429395	-0.285218	0.291908	
-0.688649	1.06067	0.369078	-1.20833	
0.508429	-0.906881	0.461392	-0.438684	
-0.984328	2.13381	0.741024	-0.564032	
-0.0624898	-0.365704	0.656721	1.43559	
0.158814	-0.648611	-0.397524	0.418714	
-0.386844	-1.12541	-0.512694	0.542038	
-1.60885	0.122364	-0.525216	0.219359	
-0.770895	-0.866346	-0.0690362	-0.35313	
-0.0499352	-0.481093	0.0641819	-0.555942	
-0.258449	0.447052	-0.552182	-0.0975087	
0.626954	1.15496	0.0408123	0.616815	
-0.365186	-0.563741	-0.102281	-0.0445515	
0.908905	-0.0129031	-0.411501	-0.0308736	
-0.308482	0.24311	0.35719	-0.7482	
-0.852887	0.187358	0.803962	0.241959	
-0.297737	1.07945	0.611788	-1.19299	
-0.194101	-2.11842	-0.229091	0.287494	
-0.119595	0.439952	-0.219374	0.551843	
-0.721965	-0.743155	0.0250117	1.16948	
1.14109	-1.38087	0.656983	0.296104	
-1.11599	0.385726	-0.342326	-0.538185	
0.22912	0.619264	0.0104203	0.0980223	
-0.267788	-0.563741	-0.321048	0.177849	
-1.30745	-0.962659	0.346337	-0.724195	
0.317014	-0.075196	-0.297851	0.0250978	
0.557376	0.255192	-0.0978272	0.255307	
0.439647	-0.138376	-0.0611883	-0.31214	
-0.232297	0.268618	-0.0971058	-0.238877	
0.209055	0.513426	-0.117203	-1.39022	
-0.822093	0.266965	0.0307477	-0.718191	
-0.416107	0.638108	-0.570125	-0.0923139	
-0.368158	0.480571	0.115054	-0.247315	
-0.573462	-0.626703	0.463173	-0.647927	
0.199347	-0.898511	0.642564	-0.474817	
-1.5867	-1.26028	0.471863	1.33382	
0.479239	-1.07042	-0.478521	-0.104891	
-0.300482	-1.01013	-0.340741	-0.393727	
0.230658	1.58784	-0.573327	0.374441	
0.462025	0.0488055	0.60509	-0.429353	
-0.555205	-1.05897	0.307186	-0.538185	
-1.13818	0.151984	-0.26968	0.930666	
1.41803	0.5798	-0.385069	-0.00993024	
-0.209671	-0.46569	0.425102	-1.18813	
-1.00407	0.327468	-0.25761	0.142341	
-0.358753	-0.404635	-0.692608	-0.28539	
-0.874038	-0.648611	-0.670448	0.222532	
-0.406393	-0.0543829	-0.260274	-0.0923139	
-0.234137	1.26566	0.148616	-0.393727	
-0.0582427	-1.62003	-0.236931	1.03838	
-0.613146	2.69724	-0.470114	-0.26182	
0.164182	0.0662068	-0.759439	0.610488	
-1.86932	0.164812	-0.516725	0.464003	
1.59436	0.0867535	-0.102253	-0.529643	
0.848876	1.13594	0.447399	-0.0108858	
-0.381895	-1.35531	-0.0944705	0.417556	
-0.271514	-1.3081	0.481717	-0.205864	
1.16038	-1.44423	-0.0247933	0.164945	
-0.239662	1.93003	0.884592	-0.32572	
0.774888	0.947555	0.600551	0.376994	
-0.725797	-0.541528	-0.0056204	0.170123	
-0.528361	-0.216692	-0.340134	-0.0167827	
-1.25612	0.513426	0.286093	-0.337846	
-0.0220381	-0.797168	-0.144728	1.28007	
-0.357847	0.179814	-0.706089	0.559894	
-0.0604093	0.102541	-0.682499	0.58838	
0.425683	-0.642652	0.299799	0.691382	
-0.186546	-1.05258	0.602707	-0.756839	
1.39167	0.707623	0.11321	-0.949136	
-1.25274	-0.720415	-0.224833	-0.638587	
1.01409	0.686179	0.570223	0.651923	
-0.906493	0.0964386	0.696218	0.911417	
1.17733	-0.898511	-0.263863	1.32284	
-0.349907	-1.62003	-0.181911	-0.798738	
1.61983	-0.514782	-0.588903	-0.564467	
1.20494	-0.45163	-0.241776	-0.73769	
-0.487312	0.000472852	0.505618	0.0669527	
-0.92911	1.25194	-0.16526	0.291908	
-0.742823	1.11079	-0.275464	0.214744	
-0.442023	0.0662068	-0.420278	0.877232	
-0.853084	0.0744316	-0.295754	0.620368	
-1.14696	-0.37747	-0.8205	-0.20859	
0.911275	-1.2516	0.00463255	0.8652	
-0.76579	0.578352	0.330337	-0.754832	
-1.14287	-0.526835	0.0401962	0.205975	
-0.197719	-0.347314	0.225494	-0.324736	
0.773571	-0.106329	0.130305	0.111757	
1.00028	0.482039	0.415478	1.29622	
-0.611913	-1.33249	-0.4467	0.542038	
0.514406	2.8623	0.279507	0.0244758	
-0.215822	-0.893667	-0.659184	0.41634	
-0.316652	-1.15529	0.665341	0.134697	
-1.17832	0.289629	0.558052	-1.16167	
-0.906283	0.673294	0.519535	-0.412988	
-0.130244	-1.86323	0.748818	0.336431	
-0.973195	0.516418	0.552745	0.0506004	
1.45764	-1.22392	-0.697071	0.0930569	
0.651824	-1.09676	-0.331455	0.174182	
-0.78888	0.757753	0.0591912	-0.171563	
0.547084	1.18545	0.620185	0.235737	
-1.24478	-1.01013	-0.925659	0.182855	
0.953444	0.0798885	0.177117	0.878932	
-0.0538325	1.48731	-0.196381	0.169352	
-1.16363	0.0408565	-0.00843813	0.217645	
0.279556	-0.880435	0.456226	-0.212149	
0.491174	0.548565	-0.25867	0.579806	
0.377782	-0.962659	0.048029	-1.35023	
1.37447	-0.0159487	0.29863	0.072768	
-1.16372	1.65342	0.651301	-0.666394	
-0.785293	-1.64279	0.36917	0.336431	
0.55568	-0.0839432	-0.382301	-0.158011	
-0.697153	-0.0175689	0.167469	-1.18813	
-0.539331	-1.09079	-0.14398	-0.39424	
-0.470913	1.43442	-0.545143	0.093731	
0.107175	-0.295562	-0.196979	-0.912108	
0.635867	0.0488055	-1.03816	-0.102145	
-1.35453	-0.663811	0.213656	0.667837	
-0.70589	3.2653	-0.743325	-0.651615	
-0.346924	-1.41306	0.158567	-0.412988	
-0.165122	-0.695777	0.288873	0.226253	
-0.246516	-0.207993	-0.729509	-0.293805	
-0.849872	0.255192	-0.272371	-0.515379	
0.697113	0.20591	0.580007	-0.0818986	
-0.174111	0.271866	-0.0787158	0.340095	
-0.498586	2.18073	0.496769	0.761698	
0.378329	-1.13613	0.254544	-0.704006	
0.233897	-0.290232	0.836969	-1.00823	
0.131007	0.263333	0.39602	0.922418	
0.014296	-1.22392	0.778829	0.376994	
0.285915	2.00855	0.228969	-0.872127	
-0.133775	-0.959848	0.117452	-0.752728	
0.417266	0.198255	-0.097656	-0.638587	
-0.255706	-0.959848	-0.0301196	-0.686061	
1.03586	-1.64279	-0.245469	0.118559	
0.628999	-0.873456	-0.677144	-0.666394	
-0.165101	0.480103	-0.306137	0.458346	
-0.52347	0.395396	-0.093007	-0.22394	
-0.192472	-1.42487	0.331881	1.41251	
-0.0870982	1.18002	-0.332765	0.4579	
-0.357847	-0.429395	0.549898	-0.324736	
-0.624914	0.395396	0.497238	-0.941369	
-0.892896	0.102541	0.152546	-0.496057	
0.377782	-0.45163	0.0946567	1.79668	
-1.51733	0.78588	0.0769482	0.205975	
0.0732037	-0.17297	1.34815	0.542038	
0.854658	-0.768532	-0.31303	-0.00993024	
-0.979583	-0.174973	0.626183	-0.49675	
-0.175194	-1.04896	-0.450549	-0.586279	
-1.07559	-0.393381	0.103574	1.03861	
-1.04846	-0.506724	0.876963	0.072851	
-0.830715	0.754174	0.39048	-0.0923139	
-0.99217	-1.47533	0.80652	0.305418	
-0.88137	2.4808	0.462667	-0.0923139	
-0.192126	1.49576	-0.923445	1.71555	
0.81451	-1.15694	0.276136	-0.22012	
1.14512	-0.0192935	0.128836	0.701493	
-0.680934	0.430147	-0.393711	-0.878511	
-1.98856	-0.630495	0.146943	-0.592133	
-1.35006	-0.642652	-0.955976	-0.305418	
-0.0672652	-0.365704	0.18866	0.0684272	
-0.351016	-0.514782	0.476306	-1.01481	
-0.5208	-0.882228	-0.283618	-0.609794	
-0.629059	0.616714	-0.269509	-0.799316	
0.795636	2.89231	-0.550833	0.877424	
-0.0370341	-0.149172	0.101902	-1.12382	
-0.402026	1.52129	-0.54106	0.039247	
-0.0846174	-1.34791	0.0251871	0.907216	
-0.650632	-1.44256	-0.263932	0.457864	
-0.347682	-0.893072	0.115888	1.08673	
0.703349	-0.770963	0.151944	0.702836	
-1.54943	-1.81915	0.715217	-1.07506	
-0.797221	-0.196709	0.715304	0.667736	
0.904428	0.0192147	0.253253	-0.952998	
0.651824	-1.55241	0.40824	0.512199	
0.059064	-0.28709	-0.126773	-0.0122308	
-0.165139	-0.456353	-0.524994	-0.668754	
1.15509	2.69717	0.194875	1.04181	
-0.330789	-1.08278	-0.227841	0.718369	
0.592648	-0.902731	0.20764	-0.216985	
0.312974	-0.154087	0.941071	0.332542	
-0.244379	-0.0702712	0.373923	-0.846199	
0.198923	-1.01013	-0.576507	-0.991132	
0.0196295	-0.832017	-1.02696	0.845444	
1.45363	1.17717	-0.140804	-0.530125	
-0.0734245	-1.62003	-0.992254	-0.281189	
-0.32672	-0.431705	-0.134617	1.08759	
0.81451	-1.2516	0.543565	-0.996852	
0.468906	-0.45163	0.922136	0.696304	
0.0827839	0.929878	0.272322	-0.344023	
-0.483104	-0.866346	0.174515	-0.109755	
0.946265	0.434941	0.359619	-0.294926	
0.760789	1.09846	0.845539	-0.214368	
-0.265471	0.707094	0.334104	0.219359	
1.28707	0.447052	0.793598	2.13376	
0.209975	-1.21231	0.332533	-0.477725	
-0.748845	0.225513	0.176628	-0.305418	
0.712356	-0.0129031	0.325443	-0.73682	
0.96858	-0.768532	-0.0238392	0.877232	
