FDn[0]	FDn[1]	FDn[2]	FDn[3]	
0.847537	-0.640112	0.873473	-1.23973	
0.391322	0.512949	1.02333	-0.365414	
0.111388	0.155854	0.058023	0.303069	
0.158556	0.879453	0.446007	-0.11758	
-0.73115	0.155854	0.251104	-0.290249	
-0.605319	-1.58662	0.260841	0.0283704	
-0.343236	0.764011	0.0878257	-0.480587	
0.344785	0.616311	0.835451	0.28524	
-1.80315	-1.63423	-0.0414107	-0.422919	
0.733043	-1.13149	0.0746709	-0.13053	
-3.39974	-0.0268151	-0.392603	-0.296405	
0.0436108	-1.87919	0.161124	0.666063	
1.08754	1.02623	-0.0753426	0.28524	
0.907689	0.0311011	0.091938	-0.145365	
-0.793975	-0.417559	-0.508567	-0.166397	
-0.318207	1.10746	-1.25848	0.383019	
0.368071	0.790625	0.694737	0.118701	
-0.161477	-0.767765	-0.278757	0.00542973	
0.283095	0.764011	-0.664893	0.932425	
-0.343236	-0.544197	-0.925369	-0.202751	
-1.38712	-0.767765	0.536944	-0.60786	
-1.81008	-0.39729	0.58246	0.649848	
-0.661104	1.0291	-0.151595	0.28524	
0.731716	-0.938776	0.66911	-0.77635	
0.767617	0.0311011	0.39498	-0.169322	
-0.719338	-0.0268151	-0.15837	0.325599	
0.0730476	-0.685995	-0.222228	-0.480587	
-0.123846	0.618439	-0.494765	-0.991507	
-0.107669	-0.367546	-0.248876	0.591263	
-0.497172	-0.39729	-0.414276	0.951707	
-0.802604	-0.262568	-0.141305	0.961413	
0.665203	1.35854	-0.0662295	0.0857133	
0.0743177	0.23636	0.74817	-0.0306804	
0.165463	-0.628755	0.401011	-1.83217	
-0.897473	-0.0743746	0.144819	0.579707	
0.731716	-1.83464	-0.169383	-0.371632	
-1.09957	-1.65755	0.60878	0.22457	
0.790557	-0.126019	0.27886	-0.11758	
0.184164	-1.87772	0.800023	-0.906097	
-1.70942	0.638077	0.92557	-0.0400873	
-0.0125732	-0.804896	-0.339371	-0.871004	
0.559324	-1.38596	0.527227	0.591726	
-0.454102	-0.59482	0.000130143	-0.810396	
-1.08979	-0.628755	0.477559	-0.480587	
-0.793975	-1.93522	-0.259926	0.776395	
-0.361553	0.774915	0.546403	-0.0849666	
-0.0138597	1.13136	-0.342851	-0.518824	
-0.980325	-1.0008	0.307182	-1.10623	
0.48313	0.0311011	0.746133	-0.13053	
0.244061	-0.126019	0.505145	0.67332	
1.01408	0.34366	-0.10345	-0.414813	
0.531813	1.0426	-0.475077	0.303069	
-0.86505	0.23636	0.0144695	0.325599	
0.453336	1.13785	0.10208	-0.604416	
-0.408967	-1.87772	0.572558	0.175277	
-1.05296	0.0638193	-0.490128	0.0724267	
-0.300207	-1.14357	-1.1484	-1.0627	
-1.09385	1.23914	0.62022	-1.11333	
-1.14413	1.30011	0.150284	0.118701	
0.118286	0.217142	-0.457998	-0.102389	
-0.212952	1.08757	0.0445251	0.804186	
-0.142999	0.136996	-0.0313045	0.704435	
0.357771	0.233676	0.219839	0.180181	
0.0268816	0.0961102	0.2268	-0.0599252	
-0.093823	0.116205	0.406846	-0.344073	
0.391322	-0.39729	0.39028	0.120316	
-0.222035	0.613934	0.00100224	-0.466116	
-0.222035	0.879453	-1.14565	-0.114533	
-0.668624	1.42829	0.89779	0.120316	
0.803838	-0.421665	-0.00837814	-0.944841	
0.735021	-2.01007	-0.25121	0.591263	
0.118286	1.0402	-0.602976	-0.215749	
0.263517	-0.938776	0.247801	-1.04308	
-1.35712	0.962078	0.390338	-0.13053	
-0.648719	0.174637	-0.213018	0.186331	
-1.96656	-0.572297	0.0376454	-0.403733	
-1.05258	-0.33833	0.627979	0.124083	
-0.0492385	0.623123	0.205743	-0.422919	
0.449686	0.0691608	-0.0415722	-0.197533	
1.17277	1.23589	-0.273474	-0.0103571	
0.491871	1.39762	0.588221	0.97402	
0.480935	0.855836	0.259043	-0.320607	
0.955911	0.367662	0.655521	-0.319316	
-0.229815	0.312521	0.877893	0.457081	
1.2414	-0.721368	0.439012	-1.31666	
0.73078	-0.0268151	-0.0333338	-0.590142	
-0.0778101	-2.38769	-0.545323	0.571572	
-0.429417	0.962078	0.413321	-0.604416	
-0.262544	-1.31846	-0.145787	0.118701	
-0.955811	0.912108	-0.239784	-0.0400873	
0.376734	-2.43631	-0.903354	-0.23186	
0.305127	0.203685	-0.520055	-0.319316	
-1.3476	0.962078	0.00708592	0.121572	
-1.08679	-0.685995	-0.316482	-0.508102	
-0.73115	0.29756	0.42413	0.123398	
-0.719338	-1.34803	-0.199113	-0.202751	
0.285811	-1.40678	0.0670527	-0.590142	
-1.30618	-1.57655	0.0976594	0.0283704	
-0.0492385	-0.556237	0.220996	-0.518824	
-0.284337	0.638077	-0.18533	0.120316	
0.605649	-1.7327	-1.17022	0.325599	
0.58689	-1.34803	-0.0637576	-1.70661	
-1.3621	1.17128	-1.48415	0.303069	
-0.62363	-0.0904862	0.659719	0.0351152	
0.279073	-0.367546	-0.412662	0.692268	
0.518118	-1.34803	0.112782	0.740062	
-0.949994	1.17332	0.363176	-1.35788	
-0.999078	1.09707	-0.136524	-0.871004	
-0.00537588	0.34366	0.139382	-0.11758	
-1.58299	-0.0280208	0.0174377	-0.171359	
0.405059	0.746243	0.0049103	-0.320607	
-1.01904	-0.421665	-0.549864	0.124083	
-0.554338	-0.623212	-0.520055	0.528856	
1.01617	-2.00432	0.624513	-0.403733	
1.16008	-1.51135	0.102624	0.736164	
1.0432	-1.03801	0.27886	0.194273	
-0.672296	1.18937	0.547282	-0.840433	
-0.318207	-1.68598	0.241241	-0.0103571	
0.590052	-0.280197	0.347009	-0.549537	
-0.830724	0.203685	-0.899938	0.194273	
0.0693824	-0.572297	-0.585045	0.180181	
-1.05258	-0.111706	0.59243	-0.290249	
-0.199839	-1.391	-0.0157214	-0.818984	
0.0743177	-0.0239592	0.0811903	0.776395	
0.39844	1.28596	0.0576499	-0.207045	
0.339084	0.224955	0.822604	-0.610859	
-0.599416	-0.33833	-0.225338	0.354982	
0.491871	-0.834439	0.49938	-1.11486	
-0.30266	-0.367546	-0.373166	-0.696889	
-0.396001	0.84654	0.260841	-0.840433	
0.244061	-1.51135	-0.0973991	0.270776	
0.376734	-0.367546	-0.447119	-0.0886901	
-1.22564	-0.188839	-0.124081	0.39353	
0.423663	0.203685	-0.30582	0.121572	
-0.372505	0.540395	-1.44582	-1.20897	
0.620861	0.962078	-0.75129	-0.700815	
-0.0621449	0.0152291	0.245215	0.484566	
-1.15597	-1.03681	-0.0891136	-0.353861	
-0.73197	-1.0008	-0.758747	-0.43937	
-0.0778101	0.724203	-0.0788061	-0.477136	
0.605715	-1.24341	-0.103941	0.22457	
1.17277	0.893625	0.411623	0.298921	
0.158556	-1.66769	-0.152498	0.0369688	
1.02009	0.686445	0.453427	-0.057839	
0.23413	1.23914	-0.747592	0.624616	
-0.134459	0.224955	-1.17109	-0.693575	
-1.15597	0.855836	0.15196	-0.528078	
-0.0292123	-0.174199	0.406846	-0.057839	
-0.228651	0.799241	-0.485502	-0.076645	
0.518118	1.05395	-0.281294	0.599985	
-1.33779	0.96117	-0.480313	-0.600421	
0.488763	-1.35225	0.319954	0.730464	
-0.552632	0.35378	-0.4891	-0.427723	
0.0322094	-1.93522	0.720964	-0.43937	
0.404375	-0.534832	-0.623984	-0.686148	
0.882753	-1.45575	-0.445364	0.355913	
0.121491	0.203685	0.062078	-1.21783	
0.247492	0.488155	0.439012	0.28524	
-0.76079	0.230067	0.281098	0.120316	
-0.996063	-1.51001	0.940483	0.852011	
-0.281018	0.217142	-0.580498	-0.290249	
-0.62363	0.512949	-0.251627	-0.300291	
-0.0621449	-0.690063	0.0444225	-1.02506	
-0.500498	-0.938776	-1.22529	-1.3414	
-0.36869	0.548116	-0.707505	0.194273	
-0.796689	-0.849905	0.786946	-0.11758	
-0.654525	-0.0268151	0.13176	-0.0599252	
0.283095	0.155854	-0.129198	-0.0454292	
0.92879	0.136996	1.09512	-0.414813	
-0.237446	-0.188839	-0.355487	-0.0306804	
0.854171	-1.94593	0.120897	-0.320607	
0.556522	-1.03681	0.4108	0.332504	
0.0714512	-2.06005	0.546403	-0.944841	
0.488763	-0.767765	0.369631	1.1216	
-0.229815	-0.59482	0.959012	0.180181	
1.14308	-1.06037	-1.21644	-0.202751	
0.00176693	-0.710595	-0.892396	0.447903	
0.454728	-0.521204	1.27365	-0.960155	
-0.92031	0.376717	-0.324341	-0.414813	
0.632659	-1.391	-1.0862	-0.319316	
1.25846	1.33571	0.446508	0.599985	
-0.456865	0.0691608	-0.0415722	0.77323	
0.213108	-0.527338	0.0494733	-0.139178	
0.0730476	0.912108	0.0219555	0.0582567	
-0.47852	-1.0008	-0.938381	0.77323	
-0.551813	-0.938776	-0.536281	0.935894	
-0.212952	-1.03801	-0.683999	-0.353861	
0.391322	0.109164	0.168483	0.691848	
0.263517	-0.59482	-0.239392	0.530882	
-0.484225	-1.14764	-0.674757	0.0820019	
0.371756	0.660269	0.143116	0.0582567	
0.165463	0.963144	0.0448723	0.0180496	
-0.216763	1.43508	-0.109603	-0.0306804	
-0.753168	0.452123	0.091938	-0.0797166	
-0.0676963	1.27324	-0.118767	0.646958	
-1.1166	0.799241	0.179818	0.180181	
0.254183	0.889017	0.243953	-0.422919	
-0.429417	0.0638193	0.340064	0.692268	
0.307572	-1.13149	0.159562	0.22457	
-0.257625	0.386083	0.491692	0.165132	
0.569686	1.10746	0.157687	0.84756	
-0.551827	0.540395	0.298933	-0.760873	
0.488763	-0.938776	0.851766	-0.696889	
-0.758862	-0.262568	0.176532	-0.290249	
0.540991	0.855836	1.0865	-0.104813	
0.322488	0.962078	-0.663048	0.489731	
-0.886863	0.774915	0.811691	0.28524	
0.524108	0.927374	-0.083099	-0.0103571	
0.287755	-0.304603	0.0576499	0.908553	
0.125398	-1.43724	0.762316	0.124083	
-1.46236	-0.556237	-0.980706	1.05394	
0.697227	1.48672	-0.857882	0.43583	
-0.661104	-1.93522	-0.50183	-0.0400873	
0.395008	-1.51135	0.227431	1.06383	
0.583051	-0.231567	0.130259	0.599985	
-1.98641	0.312521	0.168483	-0.255634	
-1.01376	-0.319522	-0.0207846	-0.0849666	
-0.493416	-0.231567	-0.0553349	-0.255634	
-0.117282	-0.660919	0.396582	-0.207045	
1.14215	0.539341	-0.285363	-0.43937	
-0.346471	0.34366	0.802666	-0.171359	
0.488763	0.136996	-0.0221061	0.186331	
-1.1166	-0.367546	0.821366	-1.01084	
0.776621	0.0311011	-0.248807	0.0661011	
-0.62363	-0.304603	0.180507	0.383019	
-0.713812	1.5621	-0.60495	0.303069	
1.34464	1.13136	0.0563321	-0.13053	
-0.281018	-0.913028	0.459701	-0.114533	
-0.552632	0.376717	0.162218	0.303069	
0.509406	-0.0239592	-0.0756018	0.0776363	
-0.552243	-1.03681	0.801542	-0.785913	
0.506139	-0.028688	-0.372983	0.745029	
1.20434	0.217142	0.0675597	-0.583375	
-0.0384176	0.376717	0.307992	-0.169322	
-0.613053	-0.849905	0.196046	-0.270879	
0.14781	1.00433	-0.156377	0.372809	
1.02009	1.17128	-0.1466	-0.728036	
-0.779746	0.217142	-0.153561	-0.536146	
0.73818	-0.231567	-0.053746	0.0482692	
0.776621	-0.39729	-0.429555	0.906934	
0.879012	-1.98205	-0.516022	-0.169322	
1.05374	-2.12108	-0.353652	0.186331	
-1.15597	-2.0608	-0.0139438	0.0776363	
0.585274	-1.83464	0.707988	-0.810396	
-0.112811	-1.59449	-0.466356	1.09856	
0.548514	-0.289526	-0.951379	0.0724267	
0.318478	0.616311	0.40928	-0.371632	
0.305127	-1.9162	-1.00812	0.180181	
-0.419966	-1.63423	0.266975	-0.353861	
0.524108	1.07677	0.653076	0.879186	
-0.709022	1.307	0.309078	0.0661011	
-0.741966	0.719558	1.06085	-0.528078	
0.404375	0.623123	-0.818701	-0.381063	
0.965547	-0.544197	0.265572	-0.241422	
0.670647	0.312521	-0.849485	-0.13053	
-0.0950674	0.527754	0.15196	0.336864	
-1.88446	0.0691608	0.0576499	0.419226	
-0.0930162	0.449894	0.512077	0.000588419	
-0.890641	-0.262568	0.46131	-0.384003	
-0.216763	0.449894	0.287765	0.22457	
0.263517	0.855836	-0.50183	-0.166397	
1.08346	0.719558	-1.16228	0.0724267	
0.593346	0.0152291	-0.741472	-0.0797166	
0.197314	-2.08124	0.315466	0.203576	
-0.709022	1.18331	0.51095	-0.290249	
-0.713812	-0.802285	0.510069	-0.0610567	
-1.22974	0.109164	-0.0417028	-0.057839	
0.955911	-0.304603	0.503674	-0.518824	
-0.318207	0.450405	-0.0856556	-0.590142	
0.121491	0.867038	-0.871518	0.0724267	
0.518118	0.623123	-0.270631	-0.270879	
0.00176693	0.217142	-0.0583577	0.0582567	
0.247492	-1.28357	-1.0171	-0.355959	
1.18686	0.488155	-0.0940859	-0.0599252	
0.449686	0.217142	0.0292756	0.194273	
0.593346	0.224955	-0.263679	0.681	
-0.408967	-1.78608	0.110497	0.77323	
-0.937731	1.0291	-1.02965	0.742889	
0.371756	0.116205	-0.786411	-0.257437	
-0.36869	-1.81276	0.39013	-0.604416	
-0.216763	-0.0904862	-0.924137	-0.381063	
0.678608	-0.804896	0.318781	0.632408	
-0.731446	0.34366	0.376959	0.262936	
-0.394638	0.450405	0.0306206	0.234591	
0.357627	1.01161	0.110497	-0.422919	
-0.222035	0.67057	-0.287379	-1.11138	
1.22641	-1.68598	-0.487516	0.198541	
-0.843832	-1.25376	0.805103	-1.27539	
-0.753168	0.497993	0.622511	1.1216	
-0.161477	0.879453	-0.45335	-1.01607	
0.753152	-0.417559	0.74497	0.852011	
-0.408967	1.49945	-0.480047	-0.353861	
1.14308	0.34366	-0.670935	-0.23186	
-0.33324	0.367662	-1.55484	-0.213702	
0.423663	-0.262568	0.0750756	-0.381063	
-0.300975	0.342942	0.196166	-0.338443	
0.672399	1.41121	0.0794805	-0.319316	
-0.753563	0.0638193	-0.0162752	0.418155	
0.247492	0.96117	-0.328491	-0.23186	
-0.326937	0.512949	-0.330839	0.827544	
0.336528	0.962078	0.436101	-0.0400873	
0.687555	0.855836	-0.30955	0.470115	
-0.765809	1.11819	0.366683	0.646958	
0.371756	-2.21874	-0.736348	0.234591	
-1.89851	-0.262568	0.527742	0.332504	
-1.89201	-2.21874	-0.45876	-0.0797166	
0.569686	-0.412453	0.458011	-0.0400873	
0.907425	-0.0904862	0.0531188	0.804186	
-0.55183	-1.12706	0.303886	-0.270879	
0.0762125	-1.15328	0.181153	0.209433	
0.348119	0.746243	0.465907	-0.518824	
-1.27063	0.203685	0.315466	0.529684	
-0.245781	-0.834439	-0.0221061	0.591263	
0.833971	1.0291	-0.250889	-0.68426	
-1.20613	-1.7327	0.48747	0.530882	
-2.08972	-2.02437	-1.40628	0.646958	
0.341279	0.512949	-0.0852811	0.719157	
-0.0621449	-1.50872	0.657498	0.314178	
-0.687433	0.714135	-0.80293	0.186331	
0.518118	-0.367546	-1.04641	-0.0599252	
0.605649	-1.61264	-0.452014	-1.10891	
0.625954	-0.246504	0.260674	0.234591	
-0.489139	-1.03681	0.0817903	0.376713	
0.357627	0.889017	0.589681	-0.318738	
-0.429417	-0.961902	-0.283377	-0.300291	
0.454728	0.376717	0.600848	-0.0239806	
-0.14922	-0.0268151	0.118507	0.247043	
0.92879	0.34366	-0.234137	-0.0106413	
-0.275826	-0.556237	-0.325274	-0.40034	
-0.719338	1.26242	-0.356098	-0.422919	
0.357771	-1.22552	-0.183498	-0.150013	
0.879012	-1.26611	0.815515	0.0661011	
-0.166041	-0.0651493	1.06694	-0.810396	
0.173825	1.0426	0.2303	0.123398	
0.585274	0.96117	-0.561071	0.325599	
0.423663	0.179806	-0.291819	-0.0599252	
-2.05246	0.764011	0.0444225	-1.11486	
0.72957	-0.188839	-0.651906	-0.355959	
-0.408967	-0.38531	-0.915733	-0.296405	
0.0762125	0.855836	-0.174151	-1.27539	
-0.456865	-0.319522	-0.357162	0.383019	
-0.199839	0.855836	-2.39662	-0.0849666	
-1.32358	-1.63436	0.0590903	-0.225434	
-0.648719	0.109164	-0.0338615	-0.384003	
0.0753526	-1.40581	-0.115399	-0.0797166	
0.0322094	0.488155	0.606174	0.403082	
1.14398	-0.188839	-0.536281	0.354932	
-0.097236	0.0469692	-0.0416408	0.9538	
1.36065	-2.14643	0.472857	-0.466116	
0.496181	-0.849905	0.12922	-0.202751	
-0.33324	-0.904279	-1.10694	-0.338443	
-0.358208	-0.904279	0.98015	0.77323	
0.207418	0.411721	0.231118	-0.169322	
-0.143225	-1.68598	0.303886	0.125589	
0.455912	-0.367546	-0.240968	0.186331	
0.184164	-2.03633	-0.280581	-0.29068	
0.700648	0.67057	-0.345984	0.180181	
0.700648	-1.23663	-0.896804	0.165132	
0.216755	0.224955	-0.169383	-0.754522	
0.664349	-0.174199	-0.725727	0.0482692	
-0.46653	0.855836	0.00100224	0.53275	
-0.00537588	0.512949	-0.207998	0.180181	
0.814284	-0.765061	0.38417	-0.0849666	
0.118286	-1.28357	0.645047	-0.257437	
-0.838293	-0.938776	0.239791	-0.797109	
-0.661104	0.0311011	-0.60495	-0.23186	
-0.740696	-0.319522	0.664935	-0.255634	
0.965547	1.48672	-0.504463	-1.14181	
-0.0367306	0.540395	-0.0637576	-0.40034	
0.283095	-0.628755	-0.242964	-0.0849666	
0.0769384	-0.640112	0.100515	-0.338443	
0.546328	1.20433	0.26931	0.0369688	
0.513326	0.34366	0.313762	-0.241422	
-0.0492385	-0.38531	-0.340632	-0.0103571	
-0.123846	-0.657674	-0.357162	0.906934	
1.02767	-0.735154	0.0335923	-0.992576	
0.839099	-1.34803	-0.479697	0.721449	
-0.300975	-0.367546	-0.0808312	1.11864	
0.0775593	-0.59482	-0.772873	-0.508102	
-0.687433	0.34366	0.488225	0.527797	
-1.21169	0.367662	-0.141445	0.204929	
-0.153957	0.879453	-0.680664	-0.270879	
-0.121985	0.386083	-0.187175	0.403082	
-1.46816	1.20578	-0.334791	0.662978	
0.348119	1.16404	0.797394	-0.604416	
-0.257625	0.838595	0.469703	-0.102389	
0.665203	-0.849905	0.0938832	0.314178	
-1.80467	-0.0904862	-0.287379	0.00542973	
-0.196181	-0.39729	0.215621	-0.0400873	
0.569686	-0.767765	0.241635	-0.257437	
-0.257625	-0.405927	0.718688	-0.0454292	
-0.372505	0.34366	0.2329	-0.300291	
0.263517	0.912108	-0.753609	0.118701	
-2.21023	0.572779	0.316887	-0.319316	
0.833971	0.555881	0.171232	1.11864	
0.0785663	0.174637	-0.0559737	0.312988	
-0.394638	0.174637	-0.818701	-0.320607	
-0.0778101	-1.391	-0.325274	0.666063	
1.26737	-1.83464	0.380025	-0.846142	
-1.95141	-0.33833	0.643105	0.742889	
0.569686	-0.685995	-0.041901	-0.102389	
0.0121839	-1.63436	0.28866	-0.267876	
-0.33324	-0.516089	0.697699	-0.682585	
-0.55183	0.386083	0.133753	0.529684	
-1.3476	-0.660919	-0.60221	0.383019	
0.113339	-0.735154	0.0878915	-1.11333	
-0.361553	0.194399	0.352592	-0.40034	
1.01617	1.04968	0.330401	0.644179	
0.219804	0.653043	-0.26599	-0.166397	
-1.66307	-0.231567	1.03433	0.813402	
0.303741	1.15417	-0.728938	0.186331	
-2.37227	0.449894	0.036275	-0.495705	
0.339084	-0.0239592	0.551937	-0.23186	
-0.955811	1.02623	0.758299	-0.166397	
-0.343236	-1.28357	-0.433173	0.122576	
-1.13065	-0.516089	0.0958144	0.270776	
-1.15597	0.804533	0.0634552	0.354982	
0.828008	1.11819	0.242752	0.0351152	
0.322488	-1.12706	-0.00847568	-0.114533	
0.391322	1.38569	-1.04183	-0.13053	
-0.668624	0.450405	-0.421481	-0.19975	
-0.266347	1.17128	0.669459	-0.427723	
-1.91161	-1.0008	-0.0238929	-0.818984	
0.130267	1.04968	0.610305	-0.213702	
-0.605319	0.376717	0.0878915	0.0857133	
0.70343	0.0311011	-0.907092	-0.46252	
-0.337928	-0.412453	-0.418458	-1.0627	
-0.372505	-0.331813	-0.0679268	-0.43937	
-0.324739	0.618439	-0.00151618	0.723951	
-0.0621449	0.512949	0.485737	0.646958	
0.761332	-0.687177	-1.14984	0.28524	
1.09368	-1.78608	0.705837	-0.270879	
0.828008	1.30011	0.87179	-0.0797166	
-0.551866	-1.13824	-0.230801	-0.0610567	
1.10389	0.34366	-1.23695	-1.3304	
-1.48228	1.28596	-0.830674	0.771101	
1.133	1.17332	0.231118	0.529684	
-0.552243	0.879453	1.00415	0.53275	
0.92879	1.0426	-0.105612	-0.11758	
0.263517	-1.51135	0.49938	-0.270879	
-0.169308	1.10746	-0.222931	-0.0599252	
1.09368	0.478914	-0.520024	0.283933	
-0.815827	0.303926	-0.354811	0.827544	
0.839099	0.701728	-0.299784	0.303069	
-0.684648	-1.87772	0.233872	0.869132	
1.11119	-1.78608	-0.199113	0.0582567	
0.731716	-0.33833	-0.056682	-0.139178	
0.683542	-0.0048056	0.139382	0.530882	
-0.117282	0.774915	0.493079	0.120316	
0.00176693	-2.24967	-0.504746	-0.207045	
0.593346	0.0311011	-0.383466	0.646958	
-0.489139	-1.25376	0.226484	0.419226	
-0.0778101	0.0638193	0.476091	-0.77635	
0.207418	-0.231567	0.321213	-0.207045	
0.261934	-0.802285	-0.248876	0.529684	
-0.0384176	-2.29291	-0.174151	-0.908251	
0.0217741	-0.672643	-0.00548208	0.993232	
-1.73271	-0.59482	-0.373937	0.22457	
-1.1529	0.540395	-0.372897	0.123398	
-0.142999	0.0152291	0.165894	-0.13053	
0.449686	0.155854	0.251104	0.383019	
-0.361553	-1.93522	0.511105	-1.02506	
-0.216763	-1.31617	-0.218913	-0.70554	
0.418772	0.454467	-0.305584	0.122576	
0.480935	0.962186	0.246553	0.528856	
-0.216763	1.30011	0.69218	0.180181	
-0.551886	1.51062	0.206695	-0.280089	
0.847537	-0.421665	-0.482855	-0.257437	
0.357627	1.28596	-0.109603	0.0889076	
0.756702	0.512949	0.127306	1.14673	
-0.361553	-1.03681	-0.431547	-0.859489	
0.862898	0.511742	-0.323368	0.723951	
1.15819	0.0311011	0.0880792	0.484566	
-0.372505	0.376717	0.469829	-0.207045	
-0.281018	1.55671	0.11327	0.0351152	
0.273961	0.774915	0.697699	-0.207045	
0.557834	1.52932	0.558039	-0.0599252	
0.687555	-1.46816	0.259203	0.869132	
0.557834	0.686445	0.242762	-0.296405	
0.174628	-0.628755	0.10208	0.125158	
0.173825	0.572779	-1.17022	0.493715	
0.73818	-0.0743746	-0.632614	0.00542973	
-1.21534	0.217142	0.132766	0.303069	
0.391322	1.23914	0.0292756	1.04849	
-0.0492385	-0.544197	0.0817903	0.77323	
-1.09957	0.688968	-0.00151618	0.0283704	
-0.617896	1.13519	-0.896804	-0.868327	
-0.0492385	-1.0008	-0.22545	-0.495532	
-1.23475	-0.417559	0.0811903	-0.495532	
-0.630526	0.0311011	0.241241	0.692268	
-0.112811	1.32479	0.537127	0.262936	
0.965547	0.879453	0.59243	0.262936	
-0.0802537	-0.904279	-0.412218	-0.583375	
0.0762125	-1.51135	0.627976	-0.768086	
-1.56862	0.540395	1.25399	-0.349624	
-0.142999	0.618439	0.793332	0.186331	
-0.830724	-1.73091	-0.488435	0.332504	
0.214502	0.540395	-0.424893	1.02906	
0.269636	-1.55993	-0.00620156	0.22457	
0.184164	0.488155	-0.435854	0.571572	
0.0762125	1.23914	-0.119537	0.216329	
0.743743	0.623123	0.723136	-0.270879	
0.512736	-0.35842	-0.0266813	-0.797109	
-0.0138597	0.449894	-0.471189	-0.139178	
-0.444828	-1.78608	-0.26599	0.0582567	
-0.196181	0.411721	-0.0627085	0.736164	
-0.407862	0.109164	-0.52882	-0.77635	
0.795618	0.32477	0.272839	0.528856	
-0.0621449	0.962078	-0.598608	-0.604416	
-0.47852	1.13785	-0.0574717	-0.518824	
-0.552632	-0.938776	-1.30485	-0.213702	
0.491871	-0.834439	0.146424	-0.686148	
-0.886863	1.38219	-0.608314	-0.161843	
-0.134459	0.238435	-0.386469	1.22869	
-0.500498	-1.45575	0.0879737	-0.615829	
-0.552243	-1.03681	0.744018	0.240144	
-0.0676963	0.203685	-0.60495	0.484566	
0.418772	0.912108	-0.433173	-1.04308	
-0.437627	0.233676	-0.351207	-0.693575	
0.328605	-1.78443	0.195505	0.666063	
0.909425	0.774915	0.39028	-0.11758	
0.279073	0.224955	0.395497	0.740062	
-0.910472	-0.685995	0.401011	-1.53527	
1.133	0.203685	0.618352	0.0661011	
0.856035	-1.03681	-0.248876	0.591263	
1.04028	-1.51001	-0.281294	0.457081	
-1.05302	0.555881	-0.35322	-0.0239806	
-0.358964	1.18331	-0.810399	0.22457	
-1.99445	0.0638193	-0.33799	0.175277	
-0.326937	0.565837	-0.375004	-0.365414	
-0.802604	0.577897	0.334217	-0.11758	
0.828008	0.230067	-0.0693681	-0.60786	
0.0753526	0.889017	0.772027	-0.846142	
0.219804	-0.405927	-1.18053	-1.01607	
1.02009	-0.203218	0.283469	-0.885675	
0.0078647	0.790625	0.400398	-0.344073	
0.780725	-1.66769	-0.421481	-0.992576	
0.115609	-1.51902	0.084329	0.776395	
-0.0950674	0.746243	1.04338	0.646958	
0.72957	-0.262568	0.246553	0.0482692	
-0.890641	-0.000385305	0.0850918	-0.319316	
0.219804	0.539341	-0.0788061	0.194273	
-1.89508	-0.39729	-0.026693	-0.139178	
-0.699415	-0.904279	0.00345499	-0.528078	
1.01617	-1.28357	-0.536889	-0.139178	
-1.66551	-2.39768	0.0237146	-0.19975	
-1.01904	-2.22572	-0.539114	-1.14472	
-0.112811	-0.628755	-0.225062	-0.150013	
-1.57869	-1.01238	0.334217	0.204929	
-0.648719	-0.59482	-0.289662	-0.344073	
-0.194304	-1.391	-0.415129	0.171274	
-0.171763	1.01161	-0.0282586	0.740062	
-0.551827	0.0311011	-0.0320701	-1.25776	
0.204688	-0.572297	1.12172	0.116545	
-1.80467	0.511742	-0.230801	-0.225434	
-0.779746	1.30011	0.297802	-0.0239806	
-1.22564	-1.25376	0.0207262	-0.718618	
-0.394638	0.0691608	0.706206	-0.466116	
0.328605	0.790625	-0.239784	-0.381063	
-2.30243	-0.188839	0.185544	0.571572	
0.00176693	-1.98313	-0.320169	-0.355959	
-0.14922	-0.572297	-0.356914	-0.536146	
0.188462	0.303926	0.656806	0.167945	
-0.229815	-0.834439	-0.402786	-0.0306804	
0.882753	0.449894	-0.684379	-0.057839	
-0.890641	-0.122209	-0.109603	-0.43937	
-0.394638	1.57971	-0.610632	0.632408	
-0.343236	0.774915	-0.0172936	-0.365414	
-0.0676963	0.623123	0.606371	-0.239991	
0.693103	-0.174199	-0.200688	0.180181	
-0.643558	0.233676	0.153528	-0.43937	
1.26778	-1.46816	-0.241973	-0.239991	
-1.09957	0.799241	0.31168	0.470115	
-0.408967	0.224955	-0.248876	-0.818984	
0.556522	0.790625	0.280879	-0.475815	
-0.171763	-0.39729	0.630628	0.376713	
0.322488	-0.188839	-0.178695	0.529684	
-1.2033	-0.628755	0.000130143	0.736164	
-1.00725	0.774915	-0.136524	-0.925313	
-0.429417	0.746243	-0.476709	-0.70554	
-1.91161	1.02623	-0.0533032	0.467697	
1.36065	1.22365	0.0989153	-0.0797166	
-0.808551	-1.56642	-0.0712777	0.262936	
-0.980325	-1.63423	-0.198103	0.0351152	
-0.613053	-0.904279	-1.21053	0.122576	
-0.0802537	0.376717	1.23587	-0.0849666	
-1.01376	-1.56642	0.606174	-0.202751	
-0.668624	-0.0268151	0.780364	0.108964	
-1.40777	-1.98313	-0.232912	0.194273	
0.339084	1.307	0.239555	-0.528078	
-0.780187	-1.07701	0.0695056	-0.40034	
0.0753526	1.24147	0.698267	-1.29899	
0.14482	-0.534832	0.511105	0.180181	
-1.5959	0.962078	0.348226	0.43583	
0.454728	-1.34803	0.563829	0.325599	
-1.1529	0.312521	0.448701	-0.453632	
0.0753526	0.0691608	-0.145787	-0.785913	
-0.497172	0.194399	-0.480522	-0.290249	
-0.024105	-1.66769	0.304173	-0.0610567	
0.357627	0.203685	0.00100224	0.624616	
-0.384288	0.540395	1.00759	-0.68829	
0.798572	1.15401	0.0409021	0.0180496	
0.0268816	0.962186	0.0369252	-0.355959	
-0.210067	0.136996	-0.0869732	0.118701	
0.109694	-0.0904862	0.0544393	0.194273	
0.0769384	0.367662	0.326602	1.09856	
0.209635	-0.0268151	-0.374501	-0.0849666	
0.391322	0.912108	-0.621176	0.0169902	
0.45168	-0.126019	-0.25917	0.662978	
0.788386	-0.790568	-0.27966	-0.139178	
-0.691862	-0.534832	-0.195363	-0.77635	
-0.780187	-0.226863	0.446007	-0.70554	
-0.0367306	-0.904279	-0.181932	0.354932	
-0.937731	-0.59482	-0.0691589	-0.70554	
1.08754	-0.685995	-0.0601125	0.325599	
-0.33324	0.303926	-1.28699	-0.334784	
0.735021	1.38219	0.63177	0.122576	
0.569686	-0.767765	-0.00759277	-0.885675	
-1.05439	0.488155	-0.239392	0.704435	
-1.48992	0.679382	-0.141305	0.0724267	
0.143546	-1.23663	-0.245575	0.376713	
0.322488	-0.367546	0.247975	-0.241422	
0.328605	-1.14357	0.487776	0.180181	
0.255889	0.238435	-0.167194	0.124662	
1.31727	0.638077	-0.430001	-0.057839	
1.02317	-0.858558	-0.840165	-0.057839	
-0.753563	1.00433	-0.281294	-0.219798	
-0.9263	0.774915	-0.0676997	-0.104813	
0.828008	0.0638193	0.558039	0.219992	
0.856035	0.34366	-0.0135933	0.354932	
0.705706	0.615142	-0.480522	-1.44901	
0.48642	-0.33833	-0.829065	0.84756	
0.121491	0.0328414	-0.326167	-0.422919	
-0.0778101	0.912108	-0.799437	-0.207045	
0.798572	1.54436	0.252831	0.0647821	
-0.245781	0.618439	-0.0734851	-0.0849666	
0.328605	0.774915	0.12174	0.283933	
0.287755	-0.33833	0.602579	-0.0599252	
-0.255735	-0.405927	-0.198103	-0.711337	
-1.72875	-0.685995	-0.295797	-0.528078	
-0.500498	1.307	-0.986485	0.308174	
-1.09957	0.34366	-0.399354	0.776395	
-1.80629	-0.0904862	-0.514196	0.124083	
0.0121839	0.109164	-0.169511	-1.6188	
0.197136	-0.226863	0.39013	-0.319316	
0.833971	0.618439	0.27351	0.781568	
0.639844	1.13136	0.66458	-0.403733	
-0.865467	1.20578	-0.440296	-0.453632	
0.776621	1.23589	-0.437272	0.719157	
-0.0735256	-0.188839	-1.03933	-0.503602	
-1.60559	1.17128	-0.651957	-0.967411	
-0.713812	-0.516089	-0.0489353	-0.549537	
-0.780187	0.512949	-0.308285	0.53275	
-0.719338	0.623123	0.0166128	-0.166397	
0.341279	-0.39729	-0.00548208	-0.320607	
-0.123846	1.26242	0.608453	0.332504	
-0.92031	0.879453	0.598079	-0.480587	
0.455912	0.84654	0.398939	0.661287	
-0.281018	0.764011	0.084329	-0.518824	
-0.0950674	-0.126019	0.452618	-0.885675	
-0.173676	0.411721	0.285985	-0.536146	
-0.668624	-0.961902	0.644819	-0.169322	
-0.403801	-0.721368	-0.341788	0.116545	
0.632659	0.799241	0.572699	1.02906	
-0.47852	0.746243	0.208899	0.298921	
-0.36869	-1.68598	0.0159834	0.0482692	
0.642079	-0.126019	1.13556	-0.960155	
0.524108	-0.38531	-0.343832	-0.114533	
0.557834	-0.126019	-0.20064	0.704435	
0.322488	-0.938776	-0.322938	-0.23186	
-0.191249	-0.137728	0.345984	-0.480587	
0.0753526	1.07318	-0.568428	-0.868327	
0.418772	-0.188839	-0.485014	0.0724267	
0.73818	-1.07701	0.442324	-0.403733	
-0.123846	0.539341	-0.147109	-0.207045	
0.542096	-0.331813	0.347009	0.53275	
-1.26762	-1.28357	0.234906	-1.11138	
-1.5959	-1.84694	-0.245991	-0.967411	
-0.471813	0.155854	-0.704619	-0.543244	
-0.62363	0.84654	-0.493505	-0.202751	
0.336528	-0.0549706	0.262222	0.0820019	
-0.55183	-0.421665	-0.664206	-0.0610567	
0.0762125	0.488155	-0.243693	0.624616	
0.287755	1.13136	0.324576	0.406909	
-1.02341	-0.802285	0.0151273	-0.555154	
0.803838	-1.35225	-0.109603	0.712912	
0.158556	0.799241	0.107325	0.121572	
-0.222035	-0.767765	0.00100224	0.204929	
-0.551827	1.43508	0.115356	-0.23186	
-0.484225	-0.834439	0.0336001	1.41402	
0.455912	-2.01044	-0.707455	-0.403733	
0.585274	0.203685	-0.58811	-0.518824	
-0.0950674	-0.262568	0.26931	-0.46252	
0.336528	0.709186	-0.477505	-0.169322	
0.174628	0.376717	-1.71251	0.124083	
1.10389	0.572779	0.798647	-0.381063	
1.28447	0.203685	-0.00837814	0.827544	
0.780725	0.927374	-0.195363	-0.102389	
0.944019	0.714135	-0.948756	-0.0306804	
-0.266347	-0.735154	0.0486691	-0.0306804	
-0.142999	1.52932	-0.0788061	-0.338443	
-0.0212846	0.194399	0.772442	-0.728036	
-0.166041	-2.35081	-0.742253	0.399121	
1.4659	1.48672	0.509493	0.00542973	
0.569686	-0.38531	0.142213	0.0724267	
-2.10989	-0.685995	0.265572	0.0724267	
0.48313	1.23589	-0.174151	-0.0454292	
-0.92031	-1.98313	0.0729716	0.120316	
0.45168	1.00433	-0.207998	-0.414813	
-0.134459	1.07677	-0.559244	0.477602	
0.371756	1.08461	0.110395	-0.59573	
-0.161477	-0.0743746	0.76402	0.354982	
-0.0492385	-0.834439	-0.288691	0.662978	
0.529588	0.488155	0.263852	-1.19049	
0.506139	-0.913028	0.207519	-0.810396	
-0.12486	-0.938776	1.03295	0.314178	
-0.73115	-0.660919	-0.0831789	-0.690741	
0.0769384	-0.39729	0.546024	-0.953708	
-0.0621449	-0.924364	0.584946	0.579707	
-0.300975	1.13519	-0.0289334	-0.549537	
0.756702	-1.87919	-0.0691589	-0.166397	
0.45168	-0.802285	0.348743	-0.768086	
0.672399	0.808093	0.257351	0.325599	
-2.41403	-1.14357	0.10208	-0.13053	
-1.80249	0.96117	0.763738	0.797702	
-0.551886	0.614419	0.161177	-0.290249	
0.912001	0.615142	-0.0492697	0.644179	
0.376734	-1.3836	-0.107009	0.39353	
-1.29219	-0.59482	0.132783	0.852011	
-0.324739	-2.18183	0.00384698	0.00542973	
1.14479	-1.66769	-0.0174403	0.681	
0.197136	0.303926	0.0140048	-0.70554	
0.488763	-1.25376	-0.248976	0.00542973	
-2.12627	-0.0268151	0.517571	-0.60786	
0.72957	-0.628755	0.424188	-0.508102	
-0.910472	-1.36261	-0.119537	-0.139178	
-0.097236	0.109164	-0.660091	-1.0247	
-0.419966	-0.417559	-0.336471	0.560872	
-1.62776	-0.262568	0.144819	0.121572	
0.328605	0.488155	0.0106936	0.484566	
0.0753526	0.32477	-0.100254	0.262936	
-0.980325	-2.25583	-0.288691	0.383019	
0.488763	0.312521	-0.881791	-1.54357	
0.115609	0.233676	0.259043	-0.944841	
-0.00537588	-0.572297	0.179082	-1.02506	
0.371756	0.0469692	0.0235538	0.325599	
0.803838	0.230067	0.731776	0.0180496	
0.23413	-0.0959087	-0.270631	0.376713	
0.642079	-0.0268151	-0.643509	0.283933	
0.48642	-1.01956	0.128907	0.167945	
-0.245781	0.34366	-0.0295488	-0.320607	
-0.0138597	-0.858558	-0.586892	-0.13053	
-0.284337	0.367662	-0.265796	-0.0400873	
0.48313	0.618439	-0.697252	-0.23186	
0.125398	0.555881	0.265572	0.417807	
-0.668624	0.804533	-0.486835	-0.77635	
-1.05296	0.109164	-0.301045	-0.318422	
-0.14922	-0.628755	0.469353	-0.743852	
-0.55183	0.109164	-0.896036	0.122576	
-1.26912	-0.39729	0.716122	0.879186	
0.279073	0.0691608	-0.0525182	-0.518824	
0.679069	-0.834439	0.02542	0.719157	
-0.093823	0.616311	0.252818	0.530882	
-0.358208	-2.09272	-1.01693	0.28524	
0.0753526	-1.28357	-0.198561	0.0724267	
0.197136	-0.640112	-0.141125	-0.43937	
0.336528	-1.34803	0.276744	-0.19975	
0.658582	-0.834439	-0.0414107	-0.528078	
0.733043	1.10746	0.013659	-0.610859	
0.882753	-0.804896	0.179082	0.0442434	
-0.154641	-0.834439	-0.100265	0.719157	
-0.0526883	1.52932	-0.589791	-0.610859	
-1.22974	-1.0008	-0.0417028	0.0283704	
-0.358208	0.174637	0.235976	-0.0610567	
0.92879	0.32477	0.653998	-0.43937	
-0.00537588	-1.9162	0.0775331	0.0661011	
0.569686	-0.938776	0.241635	0.0482692	
0.585274	-1.13824	-0.183032	-0.257437	
-0.161477	-0.767765	-0.53996	-0.213702	
-0.608907	0.0152291	0.478655	-0.414813	
-1.93146	0.109164	-1.32003	0.813402	
-1.05439	-0.188839	0.184311	0.418155	
-1.3341	0.0152291	-0.809947	-0.70554	
-0.668624	-1.13824	-0.302629	-0.610859	
0.285811	0.0638193	-0.427126	0.124083	
-0.396001	0.187892	-0.60821	-1.20897	
-1.40962	-1.13149	0.380643	-0.0454292	
0.524108	0.623123	0.0878915	0.0724267	
0.222815	0.714135	-0.0788061	0.484566	
0.658582	-0.59482	-0.592597	-0.44023	
-0.741966	0.879453	0.60185	0.121572	
0.158556	0.614419	0.608453	0.28524	
-0.910472	-1.9162	-0.228764	-0.477136	
-0.0778101	0.926382	-0.0712431	-0.139178	
1.51164	-1.13824	-1.09265	-0.453632	
0.0762125	0.618439	-0.289069	0.571572	
0.678608	-0.0268151	-0.0649243	0.666063	
-0.14922	-0.262568	0.207921	0.797702	
0.125398	-0.126019	0.395809	-0.508102	
-1.13065	1.43508	-1.85672	-0.365414	
0.382626	-0.544197	0.123154	-0.422919	
0.23413	0.912108	0.0544393	0.303069	
-0.605319	-0.174199	0.192528	-0.0106413	
0.23413	0.764011	0.345984	-0.23186	
-0.33324	-1.24341	0.615607	-0.13053	
-0.194304	1.37345	0.535821	-0.365414	
0.23413	-0.687177	0.337156	0.383019	
-0.969567	0.224955	-0.18588	0.610567	
-0.73115	0.230067	0.583833	0.180181	
-1.69695	-1.13824	-0.510903	-0.615829	
0.938228	-1.25376	-0.305584	-0.77635	
-1.24728	-0.572297	-0.480047	0.403082	
-1.31217	-0.640112	-0.505116	-0.23186	
1.04028	1.01499	-0.520055	0.419226	
-0.380481	0.376717	-0.906632	0.00542973	
-1.16396	0.203685	-0.0500643	0.118701	
0.121491	-1.65444	-0.744179	-0.290249	
-0.866214	0.425751	0.77995	0.712912	
-1.68976	1.07318	0.251706	-0.853405	
-0.0367306	-1.59449	-0.16764	-0.19975	
-0.668624	-0.961902	0.991446	0.776395	
0.405059	0.488155	0.366683	0.429896	
1.06208	-0.38531	-0.263499	0.298921	
0.0121839	0.449894	0.257351	-0.0599252	
0.14781	-1.12706	0.172048	-0.171359	
-0.55183	0.376717	-0.248876	-1.54357	
-1.80548	0.109164	-0.261906	-0.139178	
-0.0713542	0.155854	-0.0414107	0.303069	
1.09435	-0.0904862	0.255754	-0.60786	
0.835294	-1.63436	0.749894	-0.543244	
-0.782156	-1.64034	0.110395	-0.403733	
-0.988968	0.67057	-0.141369	-1.58125	
0.0769384	0.565837	-0.20064	0.0661011	
-0.318207	0.34366	0.129646	0.28524	
-0.429417	0.32477	-0.276804	0.675029	
-0.193182	-0.262568	0.156384	-1.23977	
-0.134459	-0.38531	0.207335	-0.60786	
-1.05583	-1.28357	0.0880792	-1.29899	
0.672399	-1.0008	-0.222931	0.484566	
-0.454102	-1.03681	-0.331517	0.22457	
0.357771	-0.262568	0.150734	-0.518824	
0.382626	0.452123	0.403441	-0.0306804	
0.548514	-0.231567	0.325321	-0.241422	
-1.10435	-0.188839	0.771966	-0.255634	
1.06774	0.452123	0.371981	-1.20301	
0.585274	-0.028688	0.381195	-0.604416	
0.0268816	-1.78443	0.0049103	0.209433	
-0.30266	0.169487	-0.421481	0.579707	
-0.300975	-1.03681	-0.988271	-0.057839	
0.339084	0.0638193	0.143116	0.447903	
-0.241395	1.02769	0.355066	-0.68829	
-0.169308	-1.13149	0.255754	0.579667	
-0.741966	-1.59449	-0.482855	0.418155	
-0.255735	-1.7327	-0.413338	0.961413	
-1.55252	0.224955	0.0879737	0.312988	
1.3925	-0.764596	0.239791	0.312988	
1.22768	0.701728	0.800023	-0.930493	
0.0322094	-0.146543	-0.726407	0.234591	
0.307572	-1.43724	0.48747	0.39353	
0.583051	-1.25376	0.60185	-0.344073	
-1.18265	1.43508	0.183376	0.0776363	
1.0401	1.08461	0.846516	-0.102389	
-0.337928	0.618439	-0.231346	-0.564388	
-1.13065	-0.640112	-0.0601125	0.993232	
0.569686	0.452123	0.563139	0.704435	
0.488763	-0.804896	-0.448376	0.736164	
-0.419966	-0.0239592	-0.59475	-0.381063	
-0.123846	-0.804896	-1.12685	-0.0599252	
1.37299	0.638077	0.414649	0.776395	
-1.31683	-0.556237	0.383082	-0.518824	
-0.00832501	-0.59482	0.251104	-0.840433	
-0.361553	0.555881	0.117968	-1.15545	
0.788386	0.613591	0.434048	0.167945	
-0.142999	-0.126019	0.157687	0.0482692	
-0.904156	-0.38531	-0.305584	1.09856	
-0.55183	-0.628755	-0.677356	0.00542973	
0.590052	0.623123	-1.09265	-0.403733	
-0.713812	0.203685	-0.306964	-0.213702	
0.697227	-2.27595	0.283681	-0.560199	
-0.0621449	1.25653	-0.177401	-0.414813	
0.569686	1.10746	0.772825	-0.270879	
-0.0327523	0.512949	-0.299382	0.180181	
0.118286	0.855836	0.0711501	0.740062	
-2.32171	0.224955	0.236008	0.376713	
-0.166041	-0.231567	0.363545	0.0724267	
0.0488343	1.13136	0.57981	-1.14891	
-0.489139	-0.137728	0.0603622	-0.0239806	
1.10233	0.174637	0.0811903	0.869132	
-0.937731	0.224955	0.178293	0.303069	
0.449686	0.109164	0.183376	0.180181	
0.0775593	-0.961902	0.40928	0.354932	
0.653504	-2.25115	-0.000906445	0.530882	
-0.121985	-0.33833	-0.213018	-0.693575	
0.431092	-0.572297	0.355066	-0.150013	
-1.05258	-0.111706	0.461886	-0.70554	
-1.56862	-0.0239592	0.260841	0.354982	
-0.193182	-1.28357	0.459701	-0.270879	
-1.05439	-0.174199	0.411623	0.0724267	
0.847537	-0.628755	0.241635	0.0661011	
0.99959	-0.833525	-0.670638	-0.102389	
0.496181	1.07677	-0.25121	-0.23186	
0.518118	0.804533	0.130259	0.376713	
-0.380481	-0.721368	-1.27321	0.610567	
-0.281018	0.555881	0.0417183	0.890462	
0.143546	1.23589	-0.652168	-0.290249	
-1.2581	1.0291	-0.468635	0.530882	
0.0322094	-0.421665	0.0544393	0.00542973	
-0.245781	0.962078	0.15196	-0.270879	
1.05868	-1.25376	-0.536889	-1.17873	
0.978216	0.224955	-0.423393	0.120316	
-1.91726	1.03347	0.354317	-0.19975	
-0.497172	-2.29857	0.678001	0.571572	
0.0753526	0.67057	0.0909688	0.248735	
-0.741966	0.233676	0.414649	-0.785913	
-0.275826	1.51062	0.546884	0.906934	
0.620861	1.34301	0.341483	0.419226	
0.357627	0.512949	-0.314118	-0.992576	
0.605649	0.233676	-0.190696	0.314178	
0.130267	-0.342115	0.194835	0.171274	
-1.17834	-2.13696	-0.711317	0.120316	
0.158556	-0.687177	0.385336	-0.590142	
0.303741	-0.126019	-0.136524	0.186331	
0.700648	0.488155	0.246696	0.477602	
-0.281018	0.855836	-0.251627	0.0661011	
1.33447	-0.425038	-0.228177	0.418155	
-1.05586	-0.304603	0.169454	-0.690741	
-0.408967	0.203685	0.169454	0.303069	
0.423663	-0.0239592	-0.281294	-0.403733	
-0.0367306	-0.0268151	0.208142	-0.693575	
-0.14922	0.35378	0.354643	0.662978	
-1.01376	-0.126019	0.243953	0.0661011	
0.0121839	1.5716	-0.373263	-0.114533	
-2.05246	-0.628755	0.242762	-0.13053	
-1.35712	0.411721	0.747196	-0.255634	
-0.500498	-0.628755	-0.906052	-0.139178	
1.02009	-0.721368	0.320942	0.283933	
0.45168	-0.58736	-0.505619	-0.754522	
-0.0212846	0.84654	-0.579796	-0.00207661	
-0.255735	0.0311011	-0.859143	0.283933	
-0.134459	-1.13824	-0.178695	0.124662	
0.418772	0.719558	-0.0486345	0.22457	
0.371756	-1.391	-0.213971	0.194273	
-0.661104	0.0311011	0.208377	-0.290249	
-0.454102	-0.804896	0.0049639	-0.477136	
1.36065	-1.51001	-0.665669	0.571572	
-1.70942	1.00433	0.322294	0.86029	
-0.627599	1.04968	0.451954	0.180181	
1.26231	0.136996	0.2329	0.123398	
0.0780967	-2.18183	0.489102	0.124662	
-0.346471	0.488155	-0.195669	-0.480587	
1.14198	-0.0268151	0.11972	-0.700815	
-0.0621449	1.31316	0.472524	-0.257437	
-0.396001	0.35378	-0.284016	-0.0400873	
-0.503463	-0.367546	-0.234137	-0.139178	
-1.3476	-1.63436	-0.631365	0.122576	
-0.918426	0.638077	-0.298434	1.24553	
-0.372505	-1.63436	-0.0333338	-0.255634	
0.453336	0.647693	-0.492856	0.740062	
-0.463813	1.23914	-0.85276	-0.690741	
-1.05583	0.84654	-0.589791	-0.114533	
-2.10989	-0.685995	-0.50178	-0.414813	
-0.634782	0.411721	0.266975	-0.604416	
-0.0569144	-0.188839	-0.559685	-0.422919	
0.328605	1.20578	0.395809	-0.768086	
-0.14922	0.855836	0.151867	-0.102389	
0.503375	1.16036	0.70289	0.489731	
-0.617896	0.638077	0.285484	-1.45031	
-0.451194	-1.68598	-0.980706	0.00542973	
1.03977	-1.25376	-0.480313	0.0582567	
-0.0367306	-0.821387	0.599569	0.123398	
-0.318207	0.565837	0.195505	0.180181	
-0.890641	0.565837	-0.315123	-0.257437	
0.846848	-1.43724	0.279661	-1.01607	
-1.50026	-2.29857	-0.145167	0.00542973	
1.06774	0.714135	0.0317632	-0.925313	
0.357627	-0.405927	0.547282	-0.930493	
0.447255	-0.0904862	-0.109603	0.203576	
0.548514	-2.02458	-0.817274	-0.718618	
0.987482	1.00433	0.546884	0.247043	
1.59202	-1.12706	-0.421481	-0.0599252	
0.815787	1.09126	-0.593266	0.736164	
0.524108	0.679382	0.395497	0.354932	
-0.484225	-1.0008	-0.0363821	-0.381063	
1.3963	-0.405927	-0.0559737	-0.768086	
0.705706	0.565837	-0.351207	-0.495532	
0.531813	1.10746	-0.0418577	0.0776363	
-0.551917	-0.628755	-0.418458	-0.371632	
0.658582	0.879453	-0.240968	0.644179	
-0.0138597	-1.59449	0.610305	-1.23973	
-0.346471	0.203685	0.74149	0.355022	
0.213108	1.0291	0.384609	0.262936	
-0.630526	-0.572297	0.303886	-0.270879	
-0.0818352	0.988222	0.68066	0.295203	
-0.266347	1.28596	0.175541	0.813402	
-0.358964	0.855836	0.702936	-0.19975	
-0.551813	0.452123	0.926956	-0.255634	
-0.451194	-0.421665	-0.39581	-0.613495	
-0.0384176	0.714135	-0.0320701	-0.145365	
0.444281	0.774915	0.182868	-0.0106413	
0.488763	-0.412453	0.606174	0.180181	
