FD[0]	FD[1]	FD[2]	FD[3]	
0.944445	-0.46641	1.00696	-1.20241	
0.770958	0.453642	1.19025	-0.224414	
0.060388	0.00276859	0.101721	0.222479	
0.11756	0.89293	0.465906	-0.312127	
-0.938011	0.00276859	0.219564	-0.539142	
-0.602431	-1.80933	0.298719	0.049735	
-0.472437	0.798888	0.0131029	-0.777039	
0.33876	0.600868	0.954051	0.199312	
-1.35232	0.89293	0.147604	-0.716902	
0.800238	-1.52956	-0.00207984	-0.337189	
-4.11929	-0.214561	-0.454349	-0.559748	
-0.0209041	-2.52096	0.106343	0.692169	
1.23726	0.98926	-0.193029	0.199312	
1.01378	-0.151282	0.166045	-0.36735	
-1.02445	-0.42308	-0.592852	-0.378317	
-0.448711	1.24283	-1.11393	0.325368	
0.368449	0.807783	0.780981	-0.0118585	
-0.255602	-1.13712	-0.450193	-0.163528	
0.510494	0.798888	-0.677572	1.05071	
-0.226705	-0.896179	-0.995434	-0.0125507	
-1.7011	-0.214561	0.581536	-0.961502	
-1.51556	-0.675841	0.639131	0.685583	
-0.859447	1.09228	-0.0295061	0.623039	
0.80263	-1.27385	0.74979	-0.961502	
0.837017	-0.151282	0.402246	-0.390172	
0.0696589	-0.214561	-0.0811938	0.51486	
0.0185771	-0.951177	-0.378066	-0.777039	
-0.219442	0.59637	-0.719155	-1.1455	
0.153165	-0.59594	-0.207617	0.588678	
-0.0778415	-0.675841	-0.256253	1.03628	
-1.00054	-0.525108	-0.150085	1.08168	
0.72722	1.57963	-0.180118	0.247088	
0.0190283	0.105582	0.908909	0.0836747	
0.125965	-0.923937	0.654043	-0.710013	
-1.10832	-0.296281	0.0854747	0.831753	
0.80263	-1.89278	-0.310367	-0.176842	
-1.35232	-1.6408	0.823996	0.119949	
0.848638	-0.318315	0.254876	-0.312127	
0.148393	-0.737818	1.05048	-1.32964	
-1.40605	0.592226	1.06915	-0.224414	
-0.0759668	-1.02115	-0.328278	-0.873399	
0.600025	-0.430895	0.688835	0.603527	
-0.585659	-0.910647	-0.0974209	-1.20241	
-1.3636	-0.923937	0.505905	-0.490135	
-1.02445	-0.903311	-0.266333	0.831753	
-0.480872	0.759878	0.782932	-0.0121408	
0.125965	1.23556	-0.299764	-0.84346	
-1.23198	-1.41138	0.290575	-1.05532	
0.507465	-0.151282	0.910657	-0.0935196	
0.220038	-0.318315	0.54038	0.687024	
1.15492	0.246719	-0.227528	-0.544608	
0.55809	1.15061	-0.633528	0.457324	
-1.07814	0.105582	0.167122	0.25136	
0.468607	1.30876	0.16517	-0.716902	
-0.548669	-1.36729	0.739068	0.0557881	
-1.30546	-0.0943101	-0.464843	0.119949	
-0.250891	-1.27276	-0.937152	-0.912664	
-1.11868	1.27179	0.687768	-1.39951	
-1.26547	1.36393	0.166045	-0.0118585	
0.0696589	0.0908188	-0.672206	-0.304496	
-0.328001	1.25939	-0.0414912	0.876503	
-0.0323949	-0.0180098	0.0380416	0.743049	
0.351763	0.103336	0.18024	0.28976	
0.190359	-0.0771846	0.240974	-0.247211	
0.14423	-0.0535022	0.47943	-0.390172	
0.395474	-0.214561	0.395922	-0.0121408	
-0.331259	0.609943	-0.0205835	-0.591733	
-0.331259	0.89293	-1.25612	-0.325174	
-0.65687	1.69396	1.16336	-0.0121408	
0.890786	-0.751283	0.25704	-0.7425	
0.797629	-2.49458	-0.183816	0.588678	
0.0696589	1.19166	-0.673298	-0.195174	
0.242132	-1.27385	0.215758	-1.29675	
-1.69623	1.00159	0.396458	-0.337189	
-0.502114	0.0657083	-0.16605	0.072176	
-0.730979	-0.903311	0.0380416	-0.434208	
-1.29164	-0.527135	0.85406	0.164424	
-0.129815	0.591552	0.30012	-0.247211	
0.712648	-0.108342	0.0491296	-0.279448	
1.33759	1.38902	-0.228388	-0.181016	
0.510494	1.64312	0.647014	1.10788	
0.507072	0.894339	0.22972	-0.563639	
1.06703	0.278391	0.73357	-0.580859	
-0.334526	0.206397	1.01189	0.424645	
1.40274	-1.10032	0.518865	-1.59314	
0.804766	-0.214561	-0.138796	-0.912664	
0.55809	-1.89077	-0.640499	0.790514	
-0.579042	1.00159	0.477986	-0.951747	
-0.0916367	-1.89278	-0.224785	0.28841	
-0.899285	0.970196	-0.325837	-0.0125507	
0.379689	-0.114621	-1.07945	-0.476772	
0.726839	0.081969	-0.672206	-0.580859	
-1.44963	1.00159	-0.00207984	0.222479	
-0.793925	-0.951177	-0.348233	-0.824528	
-0.938011	0.186081	0.439007	0.180306	
-0.92771	-1.72288	-0.348498	-0.224414	
0.269133	-1.91211	0.0675261	-0.612395	
-1.10896	-1.89278	0.0258362	-0.13772	
0.0696589	-0.898933	0.181672	-0.616816	
-0.410937	0.592226	0.0230642	-0.0121408	
0.646477	-2.28612	-1.02185	0.25136	
0.636563	-1.72288	0.213942	-2.32149	
-1.66572	1.29327	-1.89595	0.222479	
-0.800932	-0.302459	0.734474	-0.116736	
0.258584	-0.59594	-0.621766	0.720472	
0.546535	-0.179476	0.0446427	1.00952	
-0.578214	1.36039	0.362506	-1.07638	
-1.22329	1.24992	-0.210398	-1.24285	
-0.0778415	0.246719	0.148162	-0.312127	
-1.92488	-0.23178	0.073517	-0.398724	
0.407552	0.764818	-0.0225364	-0.232432	
-1.07319	-0.751283	-0.642106	0.164424	
-0.698577	-1.02285	-0.438108	0.716669	
1.13305	-0.891132	0.760257	-0.687401	
1.31251	-1.42504	0.0331953	0.77836	
1.1377	-1.58313	0.254876	0.370579	
-0.596378	1.38391	0.591957	-0.874585	
-0.448711	-0.296281	0.207009	0.072176	
0.630885	-0.410033	0.830219	-0.36735	
-1.02526	0.081969	-1.08292	0.0836747	
0.0173236	-0.903311	-0.467192	0.0631163	
-1.29164	-0.349181	0.721267	-0.539142	
-0.287174	-1.99677	-0.116297	-0.544608	
0.0190283	-0.179476	0.132858	0.831753	
0.405054	1.46535	0.456774	-0.434208	
0.32835	0.0964736	0.938704	-0.764927	
-0.79203	-0.527135	-0.380889	0.28841	
0.510494	-1.19021	0.533821	-1.63736	
-0.418338	-0.59594	-0.570593	-0.824528	
-0.52978	0.899917	0.231944	-1.07349	
0.220038	-0.0180098	-0.159049	0.180306	
0.379689	-0.59594	-0.664055	0.12932	
-1.478	0.0908188	-0.252977	0.341681	
0.434357	0.081969	-0.333433	0.222479	
-0.51242	0.495406	-1.21313	-1.69156	
0.66808	1.00159	-1.03912	-1.06614	
0.0738985	-0.181537	0.212285	0.457324	
-1.40872	-0.701392	0.149295	-0.312127	
-0.304263	-1.41138	-1.05582	-0.523498	
-0.160526	0.764049	-0.196727	0.290895	
0.652447	-1.35239	-0.226921	0.119949	
1.33759	0.985167	0.422692	0.217216	
0.312962	-2.29712	-0.0792787	-0.127918	
1.14644	0.685506	0.475092	-0.232432	
0.583216	1.27179	-0.741443	0.637489	
-0.226705	0.0964736	-1.42889	-1.0701	
-1.40872	0.894339	0.0946414	-0.436277	
-0.107982	-0.42308	0.416478	0.429982	
-0.140414	0.835873	-0.708931	-0.119567	
0.546535	1.20193	-0.239844	0.612099	
-1.48195	1.03726	-0.705581	-0.434208	
0.509192	-1.89819	0.306978	1.0924	
-0.70944	0.260444	-0.717488	-0.405188	
-0.0323949	-2.61441	0.864698	-0.7425	
0.570176	-0.89438	-0.876263	-0.700084	
0.977145	-0.89438	-0.457152	0.28763	
0.0738985	0.081969	-0.0191548	-0.84346	
0.223441	0.432619	0.457236	0.199312	
-0.963903	0.100419	0.257652	-0.0121408	
-0.733479	-1.95176	1.09124	1.29613	
-0.400064	0.0908188	-0.710886	-0.275641	
-0.800932	0.453642	-0.41477	-0.573307	
-0.143748	-1.12223	-0.0413357	-0.927712	
-0.67046	-1.27385	-1.51224	-1.91932	
-0.516306	0.522646	-0.988776	0.0836747	
-1.01434	-0.151282	1.01111	-0.312127	
-0.854596	-0.214561	0.0689928	-0.247211	
0.264761	0.00276859	-0.258849	-0.237069	
1.03981	-0.0180098	1.2901	-0.0128341	
0.0199894	-0.409914	-0.471556	0.370579	
0.956376	-0.890837	0.117736	-0.232432	
0.579545	-1.49926	0.498283	0.671324	
0.0180226	-2.44934	0.592717	-1.1805	
0.726839	-1.13712	0.369745	1.26987	
-0.334526	-0.409914	1.11074	0.28976	
1.30017	-1.56058	-1.36028	-0.436277	
-0.0702233	-1.14184	-1.1404	0.623039	
0.47178	-0.143902	1.51407	-1.37659	
-0.888243	0.287307	-0.444802	-0.36735	
0.685151	-1.68203	-0.542746	-0.580859	
1.37492	1.58276	0.463953	0.612099	
-0.621018	-0.108342	-0.083413	0.834902	
0.182774	-0.349181	-0.0343985	-0.35457	
0.0185771	0.970196	0.117736	-0.0935196	
-0.629084	-1.41138	-0.738061	0.834902	
-0.728236	-1.27385	-0.652078	1.04676	
-0.328001	-1.12223	-0.266333	0.28841	
0.395474	-0.0477638	0.115401	0.734916	
0.242132	-0.910647	-0.175077	0.51486	
-0.639603	-1.68203	-0.665759	-0.0689499	
0.369706	0.665248	0.148654	0.15015	
0.125965	1.07351	-0.0420222	0.0557881	
-0.329289	1.59302	-0.235477	-0.20323	
-0.792894	0.388209	0.0925767	-0.277865	
0.0202235	1.48715	-0.191432	0.671324	
-1.407	0.835873	0.202017	0.0631163	
0.230234	0.957954	0.210722	-0.247211	
-0.579042	-0.0943101	0.384846	0.720472	
0.292756	-1.52956	0.272428	0.119949	
-0.369925	0.301818	0.520846	0.200196	
0.603362	1.24283	0.227624	1.16186	
-0.51242	0.495406	0.280576	-1.17076	
0.509192	-1.27385	0.979197	-1.0682	
-0.391069	-0.525108	0.125724	-0.0121408	
0.576066	0.894339	1.27459	-0.317876	
0.312962	1.00159	-0.82763	0.466146	
-1.12718	0.759878	1.04853	0.411175	
0.551555	1.0108	-0.127828	0.072176	
0.440382	-0.595331	-0.0228276	1.00952	
0.318552	-1.64659	0.861956	-0.0128341	
-1.72913	-0.898933	-1.1717	1.19634	
0.74607	1.6922	-0.998352	0.881159	
-0.859447	-0.903311	-0.523214	-0.224414	
0.39367	-1.7768	0.296089	1.18922	
0.628933	0.38001	0.0675261	0.612099	
-0.0868302	0.206397	0.115401	-0.20323	
-1.03222	-0.621178	-0.0323881	-0.0121408	
-0.448711	-0.475537	-0.167645	-0.20323	
-0.215045	-1.05256	0.475618	-0.434208	
1.28997	0.508797	-0.322581	-0.7425	
-0.486323	0.246719	0.917686	-0.398724	
0.509192	-0.0180098	-0.0678688	0.072176	
-0.67046	-0.59594	0.940348	-1.50845	
0.841113	-0.151282	-0.412465	0.571512	
-0.800932	-0.595331	0.200567	0.325368	
-0.616905	1.85197	-0.856773	0.222479	
1.51625	1.23556	0.0819775	-0.0935196	
-0.400064	0.38001	0.544247	0.049735	
-0.70944	0.287307	0.163834	0.457324	
0.539339	-0.179476	-0.191654	0.108682	
-0.714045	-1.49926	0.912776	-1.18659	
0.684101	-0.242105	-0.410618	0.806536	
1.35578	0.0908188	0.0522698	-0.563639	
-0.118051	0.287307	0.577923	-0.163528	
-0.796689	-0.525108	0.413963	-0.304496	
0.10434	1.09702	-0.297077	0.314847	
1.14644	1.29327	-0.215956	-1.05704	
-0.181141	0.0908188	-0.213665	-0.675679	
0.794994	-0.475537	-0.166397	-0.10362	
0.841113	-0.675841	-0.481238	0.995169	
0.964911	-1.16517	-0.441691	-0.390172	
1.20454	-2.31151	-0.456697	0.325368	
-1.40872	-0.721526	-0.113661	-0.0735307	
0.618215	-1.22838	0.798682	-0.378317	
-0.203326	-2.18663	-0.452727	1.25863	
0.583216	-0.60063	-1.23438	-0.0789582	
0.309364	0.600868	0.4188	-0.340738	
0.291545	-1.79153	-0.991903	0.28976	
-0.564914	-0.923937	0.239513	-0.612395	
0.551555	1.19897	0.728686	0.969693	
-0.918722	1.49802	0.375333	-0.0854937	
-0.963042	0.738805	1.24281	-0.860003	
0.413132	0.591552	-1.06272	-0.653014	
1.07067	-0.896179	0.238107	-0.0123663	
0.736001	0.206397	-0.912719	-0.337189	
-0.184003	0.490891	0.0946414	0.267288	
-2.32944	-0.108342	-0.0228276	0.657484	
-0.0486189	0.38001	0.550588	-0.176842	
-0.879142	-0.525108	0.484841	-0.675679	
0.0696589	0.38001	0.266203	0.716669	
0.242132	0.894339	-0.59208	-0.10362	
1.21655	0.738805	-0.995503	-0.0789582	
0.639632	0.103336	-0.754158	-0.277865	
0.163815	-2.62967	0.361915	0.403148	
-0.918722	1.353	0.62243	-0.0121408	
-0.899285	-1.22838	0.547619	0.108682	
-0.850339	-0.0477638	-0.0905001	-0.232432	
1.06703	-0.595331	0.538226	-0.616816	
-0.448711	0.372325	-0.204011	0.28841	
0.0738985	0.948185	-1.1894	0.119949	
0.546535	0.591552	-0.373646	-0.523498	
-0.0702233	0.0908188	-0.0953003	0.15015	
0.223441	-1.19021	-1.10103	-0.645618	
1.3554	0.432619	-0.0171417	-0.247211	
0.460384	0.0908188	0.356389	0.370579	
0.639632	0.0964736	-0.193029	0.716669	
-0.548669	-0.721526	0.0420451	0.834902	
-1.17799	1.09228	-1.34644	0.799554	
0.369706	-0.0535022	-1.02126	-0.325174	
-0.186038	-2.41284	0.394404	-0.0123663	
-0.329289	-0.302459	-1.03779	-0.653014	
0.738029	-1.02115	0.305249	0.65532	
-0.91296	0.246719	0.379562	0.171077	
-0.543237	0.372325	-0.0587383	0.35251	
0.355041	1.14179	0.103245	-0.716902	
-0.331259	0.673081	-0.456697	-0.0121408	
1.40552	-0.296281	-0.713706	0.229603	
-1.07319	-0.475537	0.996302	-1.05927	
-0.792894	0.45306	0.907436	1.26987	
0.0185771	0.89293	-0.593269	-0.860003	
0.832156	-0.737818	0.842254	0.903936	
-0.548669	1.71785	-0.4358	-0.312127	
1.30017	0.246719	-0.855696	-0.277865	
-0.468644	0.278391	-1.84521	-0.116736	
0.434357	-0.525108	-0.00274706	-0.10362	
-0.426055	0.246243	0.150312	-0.437956	
0.726839	1.54954	0.00380765	-0.0935196	
-0.585659	-0.0943101	0.107349	0.373315	
0.223441	1.03726	-0.326893	-0.476772	
0.182774	0.453642	-0.426124	0.888947	
0.330493	1.00159	0.453896	-0.224414	
0.754547	0.894339	-0.367409	0.749043	
-0.793925	1.28033	0.365493	0.876503	
0.369706	-1.91211	-0.934977	0.571512	
-2.32022	-0.525108	0.685791	0.260967	
-1.52613	-2.91358	-0.565847	0.119949	
0.603362	-0.721526	0.480412	0.199312	
1.01829	-0.302459	-0.0305512	0.876503	
-0.730979	-1.42659	0.286746	-0.523498	
0.019719	-1.01184	0.26701	0.267288	
0.345119	0.764818	0.488779	-0.84346	
-1.03873	0.081969	0.422692	0.516404	
-0.361395	-1.19021	0.0480788	0.588678	
0.900506	1.09228	-0.416457	-0.544608	
-1.51556	-2.28612	0.519483	0.51486	
-2.47514	-1.18144	-1.76725	1.08168	
0.337953	0.453642	-0.205061	0.771646	
-0.143748	0.246719	0.952224	0.23719	
-0.400064	0.707999	-1.01259	0.325368	
0.546535	0.081969	-1.22238	-0.0123663	
0.646477	-0.7238	-0.550288	-1.55726	
0.666711	-0.532669	0.232018	0.35251	
-0.648784	-1.49926	0.0055929	0.517762	
0.355041	0.957954	0.704022	-0.398724	
-0.579042	-0.721526	-0.454349	-0.237069	
0.47178	0.287307	0.663597	0.180306	
-0.250891	0.246719	0.0522698	0.15015	
1.03981	0.246719	-0.0414912	-0.0128341	
-0.383337	-0.898933	-0.508753	-0.325174	
-0.92771	1.42922	-0.476521	-0.716902	
0.351763	-0.89438	-0.323274	-0.37715	
0.964911	-1.00257	0.934648	0.133508	
-0.265758	-0.293086	1.31273	-0.927712	
0.136051	1.15061	0.193501	0.180306	
0.618215	1.03726	-0.662978	0.25136	
0.434357	0.0299978	-0.463115	-0.247211	
-1.87385	0.798888	-0.0413357	-1.4499	
0.808338	-0.409914	-0.434331	-0.473051	
-0.548669	-0.642262	-0.978798	-0.149391	
0.019719	0.894339	-0.316617	-1.40853	
-0.450006	-0.621178	-0.485172	0.325368	
0.117945	0.894339	-2.90044	-0.0121408	
-1.63411	-1.05256	0.182456	-0.429035	
-0.850339	-0.0477638	0.131402	-0.675679	
0.0194028	-1.89108	-0.152075	0.119949	
-0.0323949	0.432619	0.668284	0.35251	
1.30819	-0.409914	-0.405564	0.28976	
0.0853114	-0.143902	0.164672	1.25262	
1.55579	-1.49248	0.576315	-0.398724	
0.512614	-0.898933	0.177818	-0.0125507	
-0.468644	-1.36729	-1.21473	-0.437956	
-0.502114	-1.36729	1.13909	0.834902	
0.175763	0.333748	0.496316	-0.390172	
-0.217988	-0.89438	0.286746	0.12932	
0.474498	-0.59594	-0.213037	0.072176	
0.148393	-2.13977	-0.393979	0.072389	
0.756227	0.673081	-0.282505	0.28976	
0.756227	-1.7768	-1.22716	0.519959	
0.187405	0.0964736	-0.239844	-0.620169	
0.712648	-0.42308	-0.842456	-0.10362	
-0.636155	0.894339	-0.0953003	0.513193	
-0.0778415	0.453642	-0.359124	0.28976	
0.899166	-1.19343	0.387448	-0.0121408	
0.0696589	-1.73817	0.716369	-0.512629	
-0.800932	-1.27385	0.205227	-1.19378	
-0.664046	-0.151282	-0.541847	-0.277865	
-0.424208	-0.621178	0.741638	-0.20323	
1.07067	1.6922	-0.626011	-1.33589	
0.148393	0.495406	-0.177783	-0.325174	
0.264761	-0.923937	-0.260821	-0.275641	
0.0199894	-0.751283	0.0300872	-0.437956	
0.586908	1.384	0.305249	0.217216	
0.542561	0.246719	0.365493	-0.247211	
-0.129815	-0.642262	-0.213037	0.072176	
-0.219442	-1.09112	-0.294957	0.995169	
1.1719	-1.16517	-0.0543599	-0.874585	
0.929523	-0.951177	-0.620578	1.18293	
-0.426055	-0.59594	-0.198884	1.28686	
0.0202235	-0.910647	-0.855514	-0.824528	
-0.879142	0.246719	0.518041	0.839722	
-1.49953	0.278391	-0.274765	0.0987753	
-0.258913	0.89293	-0.809634	-0.523498	
-0.207126	0.301818	-0.140728	0.35251	
-1.83738	1.34402	-0.289674	0.696197	
0.345119	1.36979	0.909743	-0.482057	
-0.110766	0.908777	0.564617	0.35251	
0.72722	-0.525108	0.135319	0.424645	
-2.19257	-0.302459	-0.373494	0.743049	
-0.292305	-0.675841	0.515721	-0.224414	
0.603362	-1.13712	0.207845	-0.325174	
-0.369925	-0.701392	0.809441	0.939765	
-0.51242	0.246719	0.196724	-0.573307	
0.242132	0.970196	-0.705843	0.28841	
-2.13439	0.551339	0.358934	-0.0935196	
1.22147	0.521135	0.240361	1.28686	
0.0206086	0.0657083	0.0854747	0.234952	
-0.543237	0.0657083	-1.06272	-0.563639	
-0.160526	-1.36729	-0.447554	0.692169	
1.44851	-2.22498	0.38292	-0.894845	
-2.30901	-0.527135	0.715243	0.799554	
0.603362	-0.951177	-0.101272	0.133508	
0.230234	-1.36729	0.334814	0.0910284	
-0.0778415	-0.891788	0.785171	-0.909546	
-0.730979	0.301818	0.0714619	0.743049	
-0.796689	-0.42308	-0.640499	0.325368	
0.405054	-1.16517	0.0134355	-1.39951	
-0.480872	0.0471069	0.409244	-0.700084	
1.35578	1.18223	0.490769	1.23129	
0.190359	0.659877	-0.36419	0.171077	
-1.02526	-0.475537	1.20742	0.881159	
0.291112	1.15256	-1.01559	0.325368	
-1.5134	0.38001	0.0631872	-0.340738	
0.32835	-0.179476	0.60256	-0.0789582	
-1.18167	0.98926	0.862909	-0.10362	
-0.472437	-1.73817	-0.642106	-0.0125507	
-0.493817	-0.891788	0.0230642	0.373315	
-1.40872	0.854033	-0.0171417	0.28841	
0.910319	1.28033	0.209455	-0.116736	
0.312962	-1.42659	-0.0598003	-0.325174	
0.395474	1.62358	-0.741443	-0.0935196	
-0.865028	0.372325	-0.453209	-0.0735307	
0.223441	1.29327	0.748783	-0.573307	
-0.548669	-1.41138	-0.02238	-1.07638	
0.0853114	1.18223	0.675401	-0.431701	
-0.793925	0.287307	0.0737956	-0.0650312	
0.76435	-0.151282	-1.15584	-0.746665	
-0.448311	-0.721526	-0.621805	-1.21293	
-0.51242	-0.642869	0.0480788	-0.523498	
-0.447593	0.59637	0.253812	0.781283	
-0.143748	0.453642	0.517101	0.671324	
0.834608	-1.07328	-1.41825	0.834902	
1.21717	-2.48032	0.794187	-0.304496	
0.910319	1.36393	1.00242	-0.277865	
-0.733479	-1.5984	-0.282445	0.108682	
1.24205	0.246719	-1.17061	-1.65628	
-1.80999	1.46535	-1.13939	0.837533	
1.29977	1.36039	0.254876	0.516404	
-0.714045	0.89293	1.17297	0.513193	
1.03981	1.15061	-0.225022	-0.0118585	
0.242132	-1.7768	0.533821	0.35251	
-0.273243	1.24283	-0.277305	0.222479	
1.21717	0.425665	-0.589143	0.513193	
-1.03222	0.194812	-0.23606	1.18922	
0.929523	0.721337	-0.477605	0.457324	
-0.418563	-1.68203	0.197928	1.5182	
1.26011	-2.48032	0.181672	0.39382	
0.80263	-0.527135	-0.101928	-0.35457	
0.747078	-0.222897	0.0787523	0.51486	
-0.215045	0.759878	0.693549	-0.0121408	
-0.0702233	-1.5984	-0.425045	-0.181016	
0.639632	-0.151282	-0.369449	0.671324	
-0.648784	-1.75886	0.18843	0.370579	
-0.160526	-0.0943101	0.505481	-1.1805	
0.175763	-0.475537	0.450104	0.072176	
0.241828	0.100419	-0.207617	0.516404	
-0.118051	-1.20148	-0.247751	-1.36377	
-0.0486189	-0.677267	-0.105154	1.0924	
-1.59114	-0.910647	-0.569663	0.318855	
-1.25025	0.495406	0.058421	-0.0127042	
-0.0323949	-0.181537	0.11193	-0.0935196	
0.460384	0.00276859	0.219564	0.325368	
-0.480872	-2.61441	0.549149	-1.47711	
-0.329289	-1.31966	0.0180792	-1.06394	
0.427163	0.396865	-0.353539	-0.0125507	
0.507072	1.05914	0.344517	0.517762	
-0.329289	1.36393	0.774448	0.0631163	
-0.721876	1.74078	0.549149	-0.36735	
0.944445	-0.751283	-0.621805	-0.512629	
0.355041	1.46535	-0.168702	0.0839814	
0.833115	0.453642	0.120782	1.30536	
-0.480872	-0.701392	-0.497155	-0.960874	
0.958701	0.466809	-0.505797	0.930224	
1.31919	-0.151282	0.242387	0.692169	
-0.299625	0.89293	0.556676	0.57856	
-0.400064	1.83988	0.250786	0.198229	
0.256087	0.759878	0.785171	0.072176	
0.59208	1.78009	0.606424	-0.247211	
0.754547	-0.892353	0.230186	0.944389	
0.59208	0.685506	0.209244	-0.559748	
0.29098	-0.923937	0.0983956	-0.0130421	
0.136051	0.551339	-1.20673	0.473108	
0.794994	-0.296281	-0.502429	-0.163528	
-1.53612	0.0908188	0.0699848	0.222479	
0.395474	1.27179	0.00934315	1.38417	
-0.129815	-0.896179	0.178376	0.834902	
-1.07814	0.708787	-0.0987995	0.049735	
-0.798569	1.2828	-1.01559	-0.84346	
-0.129815	-1.41138	0.0094437	-0.539142	
-0.980497	-0.737818	0.196724	-0.802642	
-0.803959	-0.151282	0.367344	0.720472	
-0.203326	1.56589	0.58201	0.171077	
1.07067	0.89293	0.936282	0.171077	
0.0199894	-1.36729	-0.260821	0.0987753	
0.019719	-0.721526	0.695596	-0.970106	
-1.90067	0.495406	1.48665	-0.644126	
-0.240553	0.59637	0.906795	0.072176	
-1.02526	0.59637	-0.0671239	0.260967	
0.183883	0.495406	-0.627496	1.16186	
0.250221	-0.661341	-0.104157	0.119949	
0.148393	0.432619	-0.471608	0.790514	
0.019719	1.27179	-0.0411543	0.108682	
0.793024	0.591552	0.816222	-0.0854937	
0.523065	-0.691142	0.00347088	-0.940593	
-0.0868302	0.38001	-0.544415	-0.35457	
-0.602431	-1.07328	-0.43252	0.15015	
-0.292305	0.333748	-0.114728	0.77836	
-0.438762	-0.0477638	-0.760033	-0.7425	
0.884264	0.222544	0.247395	0.517762	
-0.143748	1.00159	-0.619418	-0.951747	
-0.110766	1.30876	0.0422452	-0.84346	
-0.70944	-1.27385	-1.73172	-0.116736	
0.510494	-1.19021	0.395607	-1.07499	
-0.92771	1.49855	-0.771006	-0.0114944	
-0.226705	0.107366	-0.329133	1.64962	
-0.302187	-1.19343	0.148415	-0.802382	
-0.714045	0.0964736	0.846914	0.291792	
-0.153889	0.081969	-0.856773	0.457324	
0.427163	0.970196	-0.421701	-1.29675	
-0.387725	0.103336	-0.436968	-0.84346	
0.318552	-2.108	0.149487	0.927014	
1.00196	0.759878	0.511869	-0.0118585	
0.258584	0.0964736	0.521488	0.790514	
-1.15081	-0.951177	0.470444	-2.11374	
1.29977	0.081969	0.748173	0.133508	
0.944486	0.0964736	-0.275421	0.588678	
1.15112	-1.95176	-0.380889	0.424645	
-1.275	0.521135	-0.453209	-0.0127042	
0.190359	1.353	-0.551319	0.119949	
-1.76243	-0.0943101	-0.385483	0.260967	
-0.141917	0.53864	-0.56844	-0.436277	
-1.00054	0.560981	0.324335	0.28841	
0.910319	0.100419	-0.183074	-0.523498	
0.242132	0.957954	0.879577	-0.232432	
0.190359	-0.302459	-1.3538	-1.49559	
1.14644	-0.46641	0.260589	-0.337189	
-0.0636814	0.807783	0.408753	-0.390172	
0.86248	-2.29712	-0.538844	-1.07349	
0.0660851	-0.0719613	0.00934315	0.831753	
-0.184003	0.764818	1.2225	1.08168	
0.808338	-0.151282	0.344517	-0.10362	
-1.11868	-0.213426	0.214379	-0.337189	
0.190359	0.508797	-0.196727	0.0836747	
-2.11398	-0.675841	-0.130951	0.0557881	
-0.888243	-0.42308	0.0208793	-0.436277	
1.13305	-1.73817	-0.36419	-0.149391	
-1.7209	-0.893175	0.0480788	-0.437956	
-1.28134	-1.39132	-0.494099	-0.675679	
-0.203326	-0.923937	-0.143961	-0.0650312	
-1.95941	-0.987834	0.465379	0.0987753	
-0.850339	-0.910647	-0.459994	-0.616816	
-0.296406	-1.36729	-0.250417	0.612099	
-0.278994	1.14179	-0.0143995	0.790514	
-0.725216	-0.151282	0.106343	-1.07499	
0.628933	-0.903311	1.32004	0.337765	
-1.7011	0.466809	-0.390557	-0.429035	
-0.714045	1.36393	0.353001	-0.205714	
-1.478	-0.903311	-0.0718307	-0.360754	
-0.167753	-0.108342	0.792939	-0.784743	
0.318552	0.807783	-0.252977	-0.378317	
-2.45605	-0.409914	0.136855	0.790514	
0.291112	-1.89819	-0.159198	-0.300485	
-0.250891	-0.903311	-0.353539	-0.675679	
0.153165	0.194812	0.73307	0.0446491	
-0.334526	-1.19021	-0.551806	0.370579	
0.977145	0.38001	-0.569509	-0.232432	
-1.11868	-0.374209	-0.168702	-0.7425	
-0.543237	1.89231	-0.390244	0.65532	
-0.472437	0.759878	-0.118636	-0.64814	
-0.153889	0.591552	0.724576	-0.498504	
0.733224	-0.42308	-0.101272	0.0631163	
-0.846575	0.103336	0.0965771	-0.0854937	
1.41757	-0.143902	-0.315559	-0.498504	
-1.35232	0.835873	0.295779	0.444209	
-0.548669	0.0964736	-0.411029	-1.07638	
0.579545	0.807783	0.402759	-0.548024	
-0.278994	-0.214561	0.86192	0.318855	
0.312962	-0.409914	-0.322581	0.516404	
-1.52726	-0.923937	-0.0357924	0.77836	
-0.980497	0.759878	-0.210398	-0.970106	
-0.579042	0.764818	-0.542746	-0.777039	
-2.31451	0.98926	-0.115415	0.429982	
1.55579	1.41268	0.165443	-0.277865	
-1.03873	-1.16517	-0.184869	0.445775	
-1.23198	-2.13518	-0.293503	-0.116736	
-0.796689	-1.05256	-1.24604	0.199312	
-0.167753	0.287307	1.45853	-0.0121408	
-0.798569	-2.25316	0.668284	-0.0125507	
-0.448711	-0.214561	0.950264	-0.0103146	
-1.5599	-1.10032	-0.389403	0.0836747	
0.949006	1.49802	0.316095	-0.436277	
-0.998892	-1.6059	0.130605	-0.700084	
0.0194028	1.43929	0.837915	-0.612395	
0.103683	-0.89438	0.549149	0.28976	
-1.94683	1.00159	0.343293	0.39382	
0.47178	-1.72288	0.615715	0.25136	
-1.25025	0.206397	0.726626	-0.764927	
0.0194028	-0.108342	0.0055929	-0.716902	
-0.273243	0.0471069	-0.45154	-0.0121408	
-0.0976037	-0.701392	0.286844	-0.0735307	
0.355041	0.081969	-0.0205835	0.881159	
-0.329289	0.495406	1.17646	-0.874585	
0.874536	1.34592	0.00597537	0.0557881	
-0.0376994	1.05914	-0.0514279	-0.645618	
-0.32711	-0.0180098	0.478638	0.28841	
0.0580795	-0.302459	-0.0282772	0.370579	
0.0199894	0.278391	0.315236	1.25863	
0.178823	-0.214561	-0.429085	-0.275641	
0.395474	0.970196	-0.833154	-0.134498	
0.464861	-0.318315	-0.425045	0.696197	
0.867554	-0.293086	-0.445588	-0.149391	
-0.903787	0.00276859	-0.116297	-0.961502	
-0.184003	-0.502353	0.465906	-0.490135	
-0.110766	-1.36729	-0.325837	0.28976	
-1.17799	-0.910647	-0.0635241	-1.06394	
1.23726	-0.951177	0.0418933	0.25136	
-0.468644	0.194812	-1.6102	-0.165459	
0.797629	1.49855	0.698439	0.199312	
0.603362	-1.13712	0.0134355	-1.31187	
-0.528763	0.432619	-0.118592	0.743049	
-1.77243	0.699331	-0.213037	-0.0789582	
0.0990433	-0.721526	-0.32282	0.716669	
0.312962	-0.59594	0.215701	-0.0123663	
0.318552	-0.898933	0.518865	0.0631163	
0.405054	0.107366	-0.308359	-0.0129455	
1.66949	0.592226	-0.359124	-0.232432	
1.15685	-1.32103	-0.885656	-0.232432	
-0.93033	1.09702	-0.310367	-0.470293	
-1.17691	0.759878	-0.181503	-0.165459	
1.13305	-0.0943101	0.606424	0.119545	
0.944486	0.246719	-0.114728	0.516404	
0.770958	0.604549	-0.656439	-1.86912	
0.508363	-0.527135	-0.825125	0.927014	
0.0738985	-0.167392	-0.510142	-0.716902	
-0.160526	0.970196	-0.983614	-0.434208	
1.10259	1.81257	0.295779	0.522304	
-0.361395	0.59637	-0.18694	-0.275641	
0.318552	0.759878	0.324656	0.198229	
0.272361	-0.527135	0.717082	0.222479	
-0.201493	-0.701392	-0.293503	-1.06163	
-2.13439	0.592226	-0.244734	-0.860003	
-0.67046	1.49802	-1.25993	0.229603	
-1.07814	0.246719	-0.508993	0.831753	
-1.98516	-0.302459	-0.746126	0.341681	
-0.0521455	-0.0477638	-0.312115	-2.05651	
0.163546	-0.242105	0.394404	-0.580859	
0.900506	0.59637	0.247944	0.828158	
0.68759	1.23556	0.902034	-0.434208	
-0.871513	1.34402	-0.0871338	-0.559748	
0.841113	1.38902	-0.288365	0.771646	
-0.148494	-0.409914	-1.2763	-0.53321	
-1.50711	1.29327	-0.693035	-1.18659	
-0.899285	-0.891788	-0.159119	-0.190092	
-0.998892	0.453642	-0.238855	0.513193	
-0.92771	0.591552	-0.0120628	-0.378317	
0.337953	-0.675841	0.00229846	-0.232432	
-0.027948	1.42922	0.672201	0.260967	
-1.1474	0.89293	0.659292	-0.490135	
0.639632	0.899917	0.40759	0.699108	
-0.400064	0.798888	0.00934315	-0.163528	
-0.184003	0.89293	0.474678	-1.31187	
-0.283553	0.333748	0.263703	-0.874585	
-0.865028	-0.369768	0.71817	-0.163528	
-0.556151	-1.10032	-0.469445	-0.0114944	
0.685151	0.835873	0.782513	1.16186	
-0.629084	0.764818	0.166378	0.217216	
-0.516306	-1.79153	-0.077732	0.445775	
0.69899	-0.318315	1.333	-0.746665	
0.551555	-0.642262	-0.533374	-0.13772	
0.59208	-0.318315	-0.347919	0.969693	
0.312962	0.081969	-0.226047	-0.277865	
0.0866556	-0.369768	0.340302	-0.777039	
0.0194028	1.22939	-0.500084	-0.84346	
0.427163	-0.409914	-0.650526	0.119949	
0.794994	-1.6059	0.461031	-0.434208	
0.355041	0.508797	-0.210468	-0.434208	
0.566935	-0.143902	0.340489	0.828158	
-1.30546	-0.0943101	0.199206	-1.32964	
-1.94683	-0.642869	-0.337703	-1.18659	
-0.616905	0.00276859	-0.978798	-0.887539	
-0.800932	0.899917	-0.537726	0.199312	
0.330493	-0.289888	0.233943	-0.0689499	
-0.167753	-0.46641	-0.814753	-0.0735307	
0.019719	0.432619	-0.159049	0.637489	
0.272361	1.23556	0.313182	0.360077	
-0.918722	0.100419	0.0222051	-0.741427	
0.890786	-0.701392	-0.101928	0.952344	
0.11756	0.835873	0.038461	-0.0123663	
-0.331259	-1.13712	0.12885	0.0987753	
-0.725216	1.59302	0.0480788	-0.476772	
-0.639603	-1.19021	0.150312	1.66652	
0.474498	-1.54335	-0.68993	-0.434208	
0.618215	0.081969	-0.674833	-0.84346	
-0.184003	-0.525108	0.305249	-0.746665	
0.330493	0.740242	-0.177783	-0.163528	
0.136457	0.287307	-1.94349	0.341681	
1.24205	0.551339	0.910657	-0.378317	
1.47953	0.081969	-0.0343985	0.888947	
0.86248	1.0108	-0.267011	-0.304496	
1.06359	0.707999	-1.29077	0.0836747	
-0.387725	-1.16517	0.135319	-0.20323	
-0.0323949	1.78009	-0.0651753	-0.620169	
-0.0992625	0.0471069	1.08066	-1.05704	
-0.265758	-2.22498	-0.367409	0.350815	
1.6935	1.6922	0.70307	0.28976	
0.603362	-0.642262	0.245149	0.119949	
-2.07684	-0.951177	0.238107	0.318855	
0.507465	1.38902	-0.316617	-0.0689499	
-1.1474	-1.10032	-0.00562177	-0.0121408	
0.68759	1.09702	-0.359124	-0.721865	
-0.226705	1.19897	-0.687719	0.445775	
0.369706	1.16928	0.0422452	-0.10362	
-0.255602	-0.296281	0.867787	0.28841	
-0.129815	-1.19021	-0.303817	0.696197	
1.00084	0.432619	0.23597	-1.19378	
0.536676	-0.903311	0.164672	-1.20241	
-0.225864	-1.27385	1.21	0.424645	
-0.938011	-1.05256	0.0420451	-0.64814	
0.0199894	-0.675841	0.650297	-1.4309	
-0.143748	-0.703341	0.717856	0.57856	
0.464861	1.2828	0.0359682	-0.721865	
0.833115	-2.52096	-0.0635241	-0.378317	
0.464861	-1.22838	0.342218	-0.970106	
0.726839	0.866695	0.227624	0.77836	
-2.4189	-1.64659	0.231944	-0.0935196	
-1.00054	1.03726	0.932105	0.873455	
-0.721876	0.607522	0.222	-0.275641	
0.994466	0.604549	-0.159198	0.657484	
0.69899	-0.253945	-0.231548	0.341681	
-1.26547	-0.910647	0.530655	0.903936	
-0.447593	-1.19021	-0.0913598	0.28976	
1.31463	-1.89819	-0.120276	0.716669	
0.163546	0.194812	-0.0792787	-1.06394	
0.509192	-1.75886	-0.409132	-0.163528	
-1.80999	-0.214561	0.617036	-0.7425	
0.808338	-0.923937	0.438266	-0.580859	
-0.938011	-0.994661	-0.247751	0.0557881	
-0.181141	-0.0477638	-0.347919	-1.23238	
-0.564914	-0.737818	-0.520591	0.56235	
-1.15081	-0.525108	0.14888	-0.0123663	
0.318552	0.432619	0.143193	0.692169	
0.242132	0.222544	-0.221392	0.171077	
-0.796689	-0.891788	-0.464018	0.831753	
0.509192	0.206397	-0.878669	-1.63736	
0.0660851	0.103336	0.294527	-1.39951	
-0.0778415	-0.903311	0.12885	-1.20241	
0.369706	-0.143902	0.0762199	0.25136	
0.890786	0.100419	0.901342	0.0557881	
0.207732	-0.336608	-0.373646	0.517762	
0.69899	-0.214561	-0.73555	0.513193	
0.508363	-0.762601	0.0649703	0.389783	
-0.143748	0.246719	-0.135584	-0.232432	
-0.0868302	-0.751283	-0.617275	-0.337189	
-0.410937	0.278391	-0.375738	0.199312	
0.507465	0.59637	-0.593709	-0.277865	
0.0790129	0.521135	0.238107	0.666467	
-0.65687	0.854033	-0.606783	-0.961502	
-1.30546	-0.0477638	-0.476521	-0.279448	
-0.250891	-0.923937	0.49175	-0.996323	
-0.730979	-0.0477638	-1.0185	0.199312	
-1.3636	-0.214561	0.810414	0.969693	
0.258584	-0.108342	-0.118572	-0.84346	
0.74979	0.453642	-0.0651753	0.771646	
-0.186038	0.600868	0.222	0.77836	
-0.328001	-1.22838	-0.569811	0.411175	
0.242132	-1.73817	-0.167645	0.119949	
0.929523	-1.03616	-0.179758	-0.7425	
0.330493	-1.72288	0.428493	0.473108	
0.716674	-1.19021	-0.0746576	-0.64814	
0.800238	1.24283	0.103245	-0.764927	
0.977145	0.0657083	0.12885	-0.119567	
-0.240988	-1.19021	0.100107	0.771646	
-0.127236	1.78009	-0.464843	0.466146	
-1.54679	-1.41138	-0.0305512	-0.13772	
-0.502114	0.0657083	0.200801	-0.255743	
1.03981	0.222544	0.783283	-0.523498	
-0.0778415	0.00276859	0.132152	0.35251	
0.603362	-0.59594	0.207845	-0.10362	
0.618215	-1.13712	-0.328278	-0.325174	
-0.255602	-1.13712	-0.716649	-0.116736	
-0.79517	-0.181537	0.506251	-0.721865	
-2.30991	-0.0477638	-1.75448	0.881159	
-1.12718	-0.409914	0.306978	0.373315	
-1.6265	-0.181537	-0.767322	-1.06394	
-0.448711	-1.13712	0.673834	-0.764927	
0.269133	-0.0943101	-0.636123	0.518939	
-0.52978	0.0394255	-0.789043	-1.37659	
-1.73319	-0.923937	0.383936	-0.237069	
0.551555	0.591552	0.0737956	0.119949	
0.194336	0.707999	-0.196727	0.457324	
0.716674	-0.910647	-0.693035	-0.710013	
-0.963042	0.89293	0.663485	-0.0123663	
0.312962	0.607522	0.672201	0.623039	
-1.15081	-0.89438	-0.316617	-0.255743	
-0.160526	1.03741	0.072036	0.260967	
1.73645	-1.5984	-1.42568	-0.559748	
0.019719	0.59637	-0.462391	0.571512	
0.929523	-0.214561	-0.0411543	0.927014	
-0.250891	-0.525108	0.298719	1.22797	
0.0790129	-0.318315	0.402501	-0.824528	
-1.40605	1.59302	-1.30039	-0.0125507	
0.59208	-0.896179	0.179584	-0.716902	
0.207732	0.970196	-0.0282772	0.457324	
-0.602431	-0.42308	0.14583	-0.0128341	
0.207732	0.798888	0.340302	-0.476772	
-0.468644	-1.35239	0.680274	-0.0935196	
-0.296406	1.64156	0.578637	-0.64814	
0.207732	-1.07328	0.439007	0.57856	
-1.20964	0.0964736	-0.287312	0.623039	
-0.938011	0.100419	0.700118	0.0631163	
-2.06225	-0.675841	-0.742378	-0.620169	
1.03717	-1.33108	-0.288732	-0.961502	
-1.36841	-0.903311	-0.569349	0.35251	
-1.13405	-0.46641	-0.733501	-0.277865	
1.15112	1.16259	-0.204011	0.370579	
-0.507523	0.287307	-0.823567	0.0631163	
-0.796689	0.081969	-0.00604565	-0.0118585	
0.0738985	-1.34585	-0.490888	-0.275641	
-1.10646	0.355065	0.947821	0.759335	
-1.5134	1.22939	0.547118	-1.07187	
-0.110766	-2.18663	-0.254528	-0.0735307	
-0.865028	-0.721526	1.15471	0.831753	
0.407552	0.432619	0.499042	0.734916	
1.18994	-0.642262	-0.359124	0.56235	
-0.0521455	0.38001	0.227624	-0.247211	
0.10434	-0.527135	0.178964	-0.205714	
-0.730979	0.287307	-0.411029	-1.4499	
-1.96684	-0.0477638	-0.113637	-0.35457	
-0.160772	0.00276859	-0.000570299	0.222479	
1.23901	-0.302459	0.225645	-0.0854937	
0.933095	-1.68203	0.851318	-0.887539	
-0.953115	-1.1345	0.0422452	-0.687401	
-0.664046	0.673081	-0.275421	-2.10115	
0.207732	0.53864	-0.347919	-0.0854937	
-0.240553	0.246719	0.0663762	0.199312	
-0.579042	0.222544	-0.29692	0.715267	
-0.299625	-0.525108	0.100107	-1.17528	
-0.226705	-0.642262	0.348044	-0.7425	
-1.25531	-1.73817	0.0143609	-0.312127	
0.726839	-1.41138	-0.277305	0.457324	
-0.585659	-1.10032	-0.308698	0.318855	
0.351763	0.222544	0.0928184	-0.163528	
0.383922	0.388209	0.561918	-0.20323	
0.583216	-0.475537	0.459918	-0.482057	
-1.4097	-0.409914	0.933028	-0.20323	
1.18503	0.388209	0.37204	-0.784743	
0.618215	-0.242105	0.64552	-0.951747	
-0.0376994	-1.02115	-0.0908671	0.0991692	
-0.418338	0.0181433	-0.624479	0.57856	
-0.426055	-1.49926	-1.33699	-0.232432	
0.32835	-0.0943101	0.0833668	0.411175	
-0.225864	1.19595	0.351837	-0.675679	
-0.273243	-1.52956	0.348044	0.59095	
-0.963042	0.38001	-0.459994	0.373315	
-0.378822	-1.19021	-0.544415	1.28686	
-1.87385	0.0964736	0.0138448	0.234952	
1.57851	-0.558595	0.205227	0.234952	
1.4141	0.721337	0.911663	-0.777039	
-0.0323949	-0.415928	-0.696144	0.571512	
0.841113	-1.64659	0.572243	0.518939	
0.628933	-1.75886	0.663485	-0.616816	
-1.5002	1.59302	0.315236	-0.0735307	
1.17794	1.16928	0.970141	-0.304496	
-0.448311	0.59637	-0.330295	-0.429035	
-1.40605	-0.46641	-0.174332	1.0924	
0.603362	0.388209	0.609775	0.743049	
0.509192	-1.02115	-0.571415	1.04186	
-0.564914	-0.179476	-0.848387	0.171077	
-0.219442	-1.02115	-1.44825	-0.0123663	
1.5718	0.592226	0.425798	1.08494	
-1.44565	-0.525108	0.385298	-0.616816	
0.196999	-0.409914	0.219564	-1.2724	
-0.480872	0.521135	0.145388	-1.35085	
0.867554	0.611942	0.450104	0.0446491	
-0.240553	-0.318315	0.227624	0.171077	
-0.431558	-0.642262	-0.288732	1.25863	
-0.730979	-0.923937	-0.441932	-0.163528	
0.834608	0.591552	-1.42568	-0.434208	
-0.899285	0.081969	-0.358362	-0.431701	
0.74607	-1.75886	0.260489	-0.599211	
-0.143748	1.48329	-0.208	-0.544608	
0.603362	1.24283	0.875319	-0.0854937	
-0.0950212	0.453642	-0.474098	0.516404	
0.0696589	0.894339	-0.00811733	0.790514	
-2.83239	0.0964736	0.200567	0.318855	
-0.265758	-0.475537	0.361915	0.318855	
-0.01557	1.23556	0.634026	-1.42144	
-0.648784	-0.369768	0.12885	0.180306	
1.25581	0.0657083	0.132858	0.944389	
-0.265758	0.0964736	0.205227	0.222479	
0.460384	-0.0477638	0.254876	0.516404	
0.0202235	-1.07328	0.4188	0.28976	
0.694068	-0.415928	-0.0966545	0.51486	
-0.207126	-0.527135	-0.317955	-0.390172	
0.445502	-0.903311	0.402183	-0.37715	
-1.29164	-0.349181	0.573328	-1.06394	
-1.90067	-0.179476	0.365493	0.28841	
-0.299625	-1.73817	0.665801	-0.304496	
-1.32666	0.521135	0.422692	0.119949	
0.944445	-0.923937	0.207845	-0.0854937	
1.12102	-1.31966	-0.694819	-0.0854937	
0.512614	1.19897	-0.357738	-0.277865	
0.546535	0.854033	0.226412	0.318855	
-0.507523	-1.10032	-1.6988	0.623039	
-0.400064	0.521135	0.129334	0.999603	
0.0990433	1.38902	-0.923759	-0.275641	
-1.46444	1.09228	-0.331913	0.51486	
-0.0323949	-0.751283	-0.0282772	0.0631163	
-0.361395	1.00159	0.0946414	-0.0854937	
1.19445	-1.33108	-0.637513	-1.49559	
1.09457	0.0964736	-0.103448	-0.0121408	
-2.04631	1.17278	0.429965	-0.437956	
-0.664046	-2.69606	0.759661	0.571512	
0.0194028	0.673081	0.0172568	0.150951	
-0.963042	0.388209	0.772844	-0.951747	
-0.383337	1.74078	0.663381	0.995169	
0.66808	1.5548	0.333979	0.657484	
0.355041	0.453642	-0.158931	-1.47131	
0.646477	0.103336	-0.336196	0.23719	
0.0853114	-0.430895	0.475092	0.23719	
-1.45537	0.287307	-0.991903	-0.0121408	
0.11756	-1.07328	0.389775	-0.612395	
0.291112	-0.318315	-0.0305512	0.325368	
0.756227	0.432619	0.214379	0.445775	
-0.400064	0.894339	-0.282227	0.133508	
1.52193	0.0181433	-0.111705	0.373315	
-1.34198	-0.595331	0.116602	-0.860003	
-0.548669	0.081969	0.116602	0.692169	
0.434357	-0.179476	-0.380889	-0.687401	
-0.110766	-0.214561	0.165443	-1.0701	
-0.0702233	0.260444	0.350271	0.696197	
-1.03222	-0.318315	0.210722	0.133508	
-0.0521455	1.87357	-0.570474	-0.325174	
-1.58275	-0.923937	0.269193	-0.337189	
-0.973561	0.333748	0.846338	-0.20323	
-0.67046	-0.923937	-0.807828	-0.35457	
1.14644	-1.10032	0.308443	0.198229	
0.464861	-0.994661	-0.567791	-1.16681	
-0.0992625	0.899917	-0.728263	-0.0560637	
-0.201493	-0.151282	-0.802199	0.198229	
0.264761	-1.5984	0.0811301	0.478743	
0.427163	0.738805	-0.159049	0.119949	
0.369706	-1.36729	-0.0616478	0.0836747	
-0.859447	-0.151282	0.307919	-0.539142	
-0.585659	-1.02115	-0.0924899	-0.802382	
1.55579	-1.27385	-0.523214	1.44752	
-2.09023	1.09702	0.438266	0.952344	
-0.561158	1.18223	0.474344	0.516404	
1.45123	-0.0180098	0.196724	0.180306	
0.0204282	-1.73817	0.521727	0.150951	
-0.486323	0.432619	-0.256506	-0.777039	
1.25933	-0.214561	0.273793	-0.539142	
-0.143748	1.548	0.499042	-0.325174	
-0.52978	0.260444	-0.344533	-0.224414	
-0.502114	-0.59594	-0.276483	-0.149391	
-1.23198	-0.108342	-0.61534	-0.0125507	
-1.01171	0.592226	-0.475683	1.44752	
-0.299625	-1.99677	-0.0671239	-0.490135	
0.468607	0.655974	-0.269393	1.22852	
-0.602633	1.27179	-0.809634	-0.860003	
-1.25531	0.899917	-0.7796	-0.325174	
-2.55591	-0.951177	-0.535285	-0.544608	
-0.840218	0.333748	0.239513	-0.716902	
-0.141917	-0.409914	-0.413542	-0.716902	
0.318552	1.34402	0.402501	-1.17528	
-0.250891	0.894339	0.194239	-0.0854937	
0.534439	1.31938	0.789909	0.671324	
-0.798569	0.592226	0.377069	-1.61851	
-0.612226	-0.595331	-1.32916	0.0631163	
1.1709	-1.75886	-0.473686	-0.0935196	
-0.110766	-1.2831	0.657063	0.373315	
-0.448711	0.53864	0.266203	0.0631163	
-0.879142	0.53864	-0.0409397	0.23719	
0.92587	-2.02041	0.396899	-1.28373	
-1.59776	-1.89819	0.0739924	0.516404	
1.18503	0.707999	0.0606779	-1.17528	
0.355041	-0.701392	0.669303	-0.490135	
0.454968	-0.302459	-0.168702	0.0910284	
0.583216	-2.02041	-1.12036	-1.05927	
1.11247	1.09702	0.592289	0.39382	
1.84558	-1.42659	-0.538844	-0.0123663	
0.909069	1.25531	-0.312115	0.77836	
0.551555	0.699331	0.640575	0.516404	
-0.639603	-0.910647	-0.144724	-0.378317	
1.60214	-0.701392	-0.168146	-1.17528	
0.770958	0.53864	-0.533948	-0.0121408	
0.55809	1.24283	-0.0989159	-0.0735307	
-0.567745	-0.923937	-0.621805	-0.504634	
0.716674	0.89293	-0.401891	0.657484	
-0.0868302	-1.75886	0.726626	-1.47711	
-0.486323	0.081969	0.935083	0.290895	
0.182774	1.09228	0.388321	0.445775	
-0.803959	-0.903311	0.286746	-0.304496	
-0.172587	1.10877	0.92439	0.212485	
-0.387725	1.46535	0.176306	0.881159	
-0.493817	0.894339	0.849787	-0.437956	
-0.129815	0.388209	1.07472	0.370579	
-0.612226	-0.751283	-0.152279	-0.784743	
0.0660851	0.707999	-0.0554672	-0.190092	
0.448353	0.759878	0.133525	-0.190092	
0.509192	-0.721526	0.794187	0.28976	
