TD[0]	TD[1]	TD[2]	TD[3]	
0.615722	-0.478127	0.142304	-1.31748	
0.559318	0.49991	0.767501	-0.455642	
-0.473703	0.16479	-0.00283247	0.478555	
-0.188796	1.01382	-0.240104	-0.0819187	
-0.669298	0.474306	-0.102843	-0.23007	
-0.884819	-1.40085	-0.313115	-0.0898553	
-0.927528	0.500361	-0.463938	-0.856303	
-0.627934	0.147595	0.0268674	0.257126	
-1.68507	-1.26854	0.173044	0.0294493	
0.51506	-0.697946	0.810095	-0.0411808	
-1.78534	0.276737	-0.126537	0.0663333	
0.0280273	-1.5902	0.289721	1.04629	
1.45336	0.525941	0.302721	0.49977	
0.593875	0.0266446	-0.0603935	-0.252009	
-0.826896	-0.55493	-0.507842	-0.16183	
0.0873445	1.75569	-0.506155	0.507392	
0.00527524	0.28213	0.560606	0.483155	
-0.360603	-0.642802	0.18322	-0.247724	
0.818657	1.26872	-1.05558	0.731683	
1.05114	-0.899627	-0.764428	-0.0916755	
-0.869666	-0.642802	0.862727	-0.496903	
-0.988412	0.0816831	0.768647	0.490179	
-0.395444	0.606776	-0.210561	0.0751425	
0.985171	-0.452582	0.433858	-0.78765	
0.183314	-0.41346	-0.130307	-0.206953	
-0.429277	-0.754261	0.336298	0.0484066	
-0.721822	-0.581518	0.174646	-0.698214	
0.374829	1.30295	-0.548268	-0.86836	
-0.312316	-0.322544	-0.247176	0.427756	
-0.0550346	0.165277	0.0210425	1.0369	
-1.33867	0.356723	0.152653	0.923465	
1.20988	2.09618	0.306636	0.457057	
0.190444	-0.339369	0.701765	0.0500758	
0.200217	-0.0132383	0.227277	-1.49078	
0.11015	0.267962	0.0490509	0.479809	
0.0854555	-1.47875	0.016284	0.110764	
-0.462305	-1.4403	0.583717	-0.239512	
1.0724	-0.0893169	0.176706	0.183999	
0.171033	-1.75538	0.278371	-0.470137	
-0.826085	0.376394	0.689417	-0.341903	
0.333441	-1.03446	-0.158669	-0.668922	
0.6304	-1.28067	0.797742	-0.147664	
-0.508548	-0.891946	-0.0916283	-0.935613	
-0.441358	-0.850104	0.306925	-0.287181	
-0.430927	-1.76515	0.233863	0.691277	
-0.421856	-0.0624684	0.201194	0.0484066	
-0.721223	1.28018	-0.149124	-0.223261	
-0.482491	-1.10605	0.15793	-1.32239	
0.0060587	-0.0393711	0.862797	0.41742	
0.898197	-0.203435	0.443276	0.447546	
1.14921	0.499655	-0.0300348	-0.590349	
0.703392	0.154426	-0.187138	-0.00444542	
0.337285	0.0558362	-0.0711718	0.182844	
0.390098	1.07389	0.666312	-0.453551	
-0.191417	-1.42798	0.217327	-0.0508813	
-0.77988	0.160876	0.144127	0.313198	
0.243317	-0.941585	-0.917026	-1.22315	
-0.629061	0.987933	0.507125	-0.866231	
-0.822853	1.6368	0.565048	0.527475	
0.825187	0.17857	-0.490594	-0.276878	
-0.213532	1.17778	-0.517943	0.476585	
-0.293992	-0.528464	-0.330415	0.959103	
0.844015	0.125168	-0.296152	0.323072	
0.00181359	-0.608187	-0.0100578	0.0718178	
0.886183	0.797734	0.20624	-0.149873	
0.639036	-0.670667	0.0455352	0.202049	
-0.505172	0.568544	-0.394085	-0.15545	
0.508513	1.12794	-0.556798	-0.123108	
-1.44401	1.26202	0.682573	-0.0764279	
0.887561	-0.266158	-0.652036	-0.661922	
0.583903	-1.7411	0.0638078	0.538555	
1.04396	0.509773	-0.665612	-0.378458	
0.330612	-0.756005	0.472141	-0.696207	
-0.482785	-0.0425445	0.226555	-0.296939	
0.267843	0.699617	0.00749418	0.397061	
-1.2558	-1.0486	0.0178286	-1.06483	
-0.555387	-0.339564	0.197144	0.230439	
0.788315	0.667949	-0.384309	-0.26713	
0.57582	0.681896	0.0596735	0.0188562	
-0.140362	1.40474	0.532348	-0.1454	
0.782493	0.183208	0.334209	0.888814	
0.0272142	1.25689	0.455836	-0.527019	
0.930886	1.00275	0.340836	-0.482143	
-0.440783	0.936536	0.130784	0.648356	
0.496803	-0.375812	0.914788	-1.29596	
0.44378	-0.252695	-0.620042	-0.857511	
0.141091	-2.02713	0.00904688	0.477494	
-1.13941	0.3982	-0.0792015	-0.19934	
-0.0975078	-1.05406	0.272685	0.394516	
-0.705491	0.246697	-0.595365	-0.493555	
0.747262	-2.06269	-1.01041	0.15022	
-0.92465	0.2843	-0.231964	0.1793	
-1.0952	1.27969	0.0562834	0.37687	
-0.259695	-0.783184	-0.319525	-0.358673	
-1.3936	0.838263	-0.072924	-0.0525291	
-0.623469	-1.1361	0.224066	-0.394981	
0.258179	-1.07546	0.442979	-0.658073	
-0.93485	-1.40153	0.294813	0.0764084	
0.106594	-0.545491	0.246327	-0.345575	
-0.345082	-0.0773538	-0.469035	0.009996	
0.479922	-1.33087	-0.623829	0.71099	
0.502844	-1.38818	0.228713	-1.13917	
-1.13869	1.16224	-0.53608	-0.00444542	
0.0522684	-0.139189	0.483207	0.028751	
-1.07789	0.154262	-0.17194	-0.141731	
-0.274579	-1.1361	0.0986491	0.728951	
-0.481411	1.37925	0.318668	-1.17304	
-0.463381	0.829946	-0.272267	-1.26851	
0.389501	0.109548	0.0897507	-0.0154394	
-1.48312	-0.474937	-0.437685	-0.477935	
-0.57597	0.413052	0.0313856	-0.489977	
-0.990532	-0.266158	-0.649633	0.136455	
-0.423716	-0.859041	-1.00532	0.688758	
0.682421	-1.73004	0.408312	-0.439616	
0.498601	-1.18658	0.418039	0.298076	
0.654784	-0.801345	0.327536	0.113312	
0.10877	1.90975	-0.396621	-0.848911	
-0.835936	-1.3656	-0.0801575	0.231564	
-0.418577	0.221711	-0.164022	-0.358523	
-0.726733	-0.36589	-0.363826	0.113312	
-0.588726	-0.178509	-0.235402	0.274147	
-0.562895	-0.127595	-0.30898	-0.479739	
-1.13209	-1.17334	-0.341394	-0.834705	
-0.898597	-0.430269	0.133029	0.194787	
0.355527	1.7914	-0.150537	0.112039	
-0.00708415	-0.0445398	1.09254	-0.431829	
0.264166	-0.218882	-0.437078	0.682593	
0.0333902	-0.652805	0.148395	-0.695055	
-0.685517	-0.235852	0.0842798	-0.332216	
0.0812758	1.67798	0.0747728	-0.990631	
0.0908567	-1.22771	-0.0554863	0.276817	
-0.0318179	-0.669313	-0.532152	-0.272996	
-0.418943	-0.586084	0.295302	0.537451	
0.487664	-0.235852	-0.335538	-0.377288	
-0.338389	0.144759	-1.11212	-1.03405	
0.826826	1.00846	-0.503133	-0.441329	
-0.317359	0.108863	0.363154	0.554818	
-1.07521	-1.08568	0.0639442	0.261558	
0.30169	-0.861359	-0.219654	-0.19044	
1.03977	1.28699	0.150157	-0.195932	
0.1272	-1.11173	0.0376161	-0.133221	
-0.360021	0.547757	0.936669	-0.244039	
0.516053	-1.44062	-0.386798	-0.256217	
0.0580136	-0.219974	-0.446167	-0.280074	
-1.01512	0.927592	0.0572406	0.108746	
-0.254885	0.665329	-1.0416	-0.639127	
-1.5356	-0.0682021	0.165082	-0.501138	
-0.450112	-0.864136	0.715323	-0.0331287	
-0.0927627	1.39125	-0.811067	-0.21138	
0.692091	1.43683	-0.327047	0.502044	
-0.67708	0.664363	-0.229672	-0.57753	
0.638244	-1.46428	-0.123514	0.436067	
-0.106191	-0.542253	-0.250132	-0.0765911	
-0.0809932	-1.6372	0.97067	-0.701212	
0.589059	-0.574611	-0.788181	-0.422383	
-0.395594	-1.15925	-0.130373	0.287175	
-0.364282	0.197608	-0.440298	-0.940834	
0.0695202	0.316531	1.08835	0.196465	
-0.554526	0.470964	0.402138	-0.0380173	
-0.606109	-1.14612	0.771453	0.922585	
-0.83892	0.270329	-0.364027	-0.345302	
-0.485116	-0.110351	-0.452339	0.243236	
0.372949	-1.04748	-0.0515601	-0.764778	
-1.32602	-1.18946	-0.651431	-0.925766	
-0.54763	1.24707	-0.489582	0.324097	
-0.792905	-0.87557	0.409698	0.0731997	
-0.417305	0.0259535	-0.253479	-0.351867	
0.082986	0.560283	0.00285035	-0.461569	
0.0434039	-0.0348805	1.14033	-0.414913	
0.089441	0.147984	0.00344997	-0.181789	
0.214637	-1.81484	0.103614	0.0286077	
-0.0649989	-0.612435	-0.262898	0.396	
0.618809	-1.86367	0.281765	-0.559767	
0.821424	-0.419883	0.24343	0.963673	
0.18654	-0.249636	0.0168777	0.200759	
1.21465	-1.03476	-0.710511	-0.303989	
0.0250455	-0.762804	-0.604188	0.348117	
0.128669	-0.127652	1.50405	-0.893903	
-1.50506	0.176958	0.0697629	-0.352258	
0.0722072	-0.973268	-0.538377	-0.367493	
0.645755	1.44209	-0.113559	0.428888	
-0.297843	0.481821	0.0652389	0.674171	
0.461279	-0.143098	0.164488	-0.0948368	
0.136218	0.356723	0.200735	-0.217566	
0.710718	-0.830773	-0.544758	0.681753	
-0.775054	-0.842697	-0.0725644	1.45518	
0.881914	-0.736572	-0.686494	-0.757792	
0.428243	-0.485602	0.120464	0.730252	
-0.739626	-0.463739	-0.383943	-0.201262	
-0.673242	-0.718628	0.0129832	-0.0410548	
-0.649705	0.595089	0.00361296	0.426239	
-0.047084	-0.145072	-0.110287	-0.0289035	
-0.525964	0.912638	-0.11464	0.376794	
-0.512917	0.728462	-0.302377	-0.147394	
-0.207885	1.98863	0.115993	0.732992	
-0.424058	0.118049	-0.0836275	-0.329266	
0.614425	1.10348	0.663779	-0.275603	
-0.223513	-0.517192	0.129941	0.451167	
-0.200451	-0.697946	0.12531	0.391145	
-0.199726	0.594674	-0.281553	0.181706	
-0.0198141	1.57634	-0.0024265	0.470081	
-0.368312	0.972939	0.365652	-0.841588	
-0.0304072	-0.842697	0.812291	-0.526239	
-0.28803	0.444744	0.209781	-0.345302	
0.143735	1.39886	0.954367	0.115568	
-0.167971	0.635523	-0.129517	0.542518	
0.0123662	0.50103	0.289372	0.590762	
0.610333	1.31418	-0.0799237	0.240759	
-0.0659477	-0.385462	0.152026	0.618938	
-0.984516	-1.40369	0.411463	0.123924	
-1.47683	-0.0393711	-0.780305	0.902023	
-1.01084	1.58816	-0.534934	0.752551	
-0.830368	-1.56043	-0.389355	-0.175085	
0.443451	-1.55676	-0.0172414	1.28091	
1.23216	-0.741512	0.108188	0.668307	
-1.58722	-0.191158	0.176974	-0.571742	
-1.17217	-0.174103	-0.44008	-0.201262	
-0.307734	-0.0249628	-0.159162	-0.329339	
-0.111888	-0.227535	0.100734	0.038485	
0.653018	1.10727	-0.356075	-0.394749	
-0.375283	-0.308424	0.615715	-0.141727	
-0.590775	0.93172	-0.332223	0.369478	
-0.315252	0.0242237	0.552159	-0.834702	
0.247273	0.070655	0.347099	0.634654	
0.190605	0.439916	0.265228	0.452226	
-1.31589	0.0276073	-0.402567	0.198923	
0.00854824	1.45932	-0.168317	-0.0588193	
-1.30382	-1.22774	0.426536	-0.0300004	
-0.180014	0.405194	0.353787	0.342976	
-0.201379	-0.682351	-0.505719	-0.00881483	
-0.477935	-1.29864	0.585737	-0.902656	
0.737982	0.603793	-0.411807	0.739152	
0.554659	0.698535	0.0534535	-0.675186	
-0.165925	-0.203435	0.53646	-0.174336	
-0.246974	-0.853564	0.263818	-0.866231	
-0.137238	1.70643	0.10467	0.42784	
0.609909	1.96676	0.197523	-0.851545	
-0.0116307	-0.188464	0.15882	-0.282028	
-0.318703	-0.460011	-0.195474	0.330578	
-1.14967	-0.141235	-0.305455	0.129595	
0.211888	-1.7399	-0.160445	-0.035714	
0.677583	-1.8827	-0.781251	-0.228148	
-0.517544	-1.74186	0.319355	0.25573	
0.0675957	-1.63318	0.632287	-0.73463	
-0.410963	-1.33011	0.415439	0.742415	
0.447406	-0.391131	-0.409043	0.178564	
-0.169189	0.250767	0.546607	-0.154427	
0.585907	-1.50316	-0.286955	0.24153	
-0.318646	-1.38265	-0.134703	-0.0929986	
0.210778	0.64626	0.674365	1.00803	
-0.777494	1.40286	-0.0656264	0.0924498	
-0.525554	1.36069	0.285362	-0.417729	
-0.138386	0.851466	-0.414784	-0.39296	
0.454801	-0.532849	-0.4264	-0.419656	
-0.0930637	0.336312	-0.982804	-0.0235423	
0.444399	0.00184262	0.0504471	0.379459	
-1.24194	-0.463987	-1.09911	0.566501	
0.444517	0.28213	0.25608	0.445135	
-0.537687	-0.0393711	0.249712	-0.104877	
0.13855	-0.0505539	0.53203	0.263596	
0.603727	0.830965	-0.494928	-0.543697	
0.107098	-0.143098	-0.445247	-0.182824	
0.90817	0.320831	-0.287489	-0.0552751	
0.222933	-1.79631	0.258188	0.665052	
-0.276956	0.959163	0.639446	-0.268481	
-0.381556	-0.629369	0.671142	-0.0991471	
-1.40638	0.665995	0.201362	-0.675186	
1.37827	-0.505829	-0.165644	-0.370038	
0.493588	0.625888	-0.00883288	-0.480795	
0.381071	0.887845	-0.82473	0.143134	
-0.153941	0.331501	-0.458813	-0.591199	
0.0698757	-0.157878	0.676727	-0.490962	
-0.464703	-1.22916	-0.609101	-0.201413	
0.697576	0.432356	-0.19933	0.105712	
-0.0349901	0.270329	0.259509	0.28194	
1.03543	0.168421	-0.0154299	0.121876	
-0.577696	-1.70072	0.202435	0.681753	
-0.476295	0.57619	-0.84061	0.867824	
0.293667	-0.485685	-0.061755	0.103011	
-0.21183	-1.68719	0.590594	-0.504393	
-0.673451	0.097434	-1.07676	-0.583893	
1.04931	-0.657484	0.274079	0.442847	
-0.950635	0.0816831	-0.0518957	-0.121633	
0.228181	-0.399905	-0.603725	0.265327	
0.557353	1.64018	0.0853237	-0.334919	
-1.48761	0.761073	-0.00870168	-0.614176	
0.614255	-1.48597	-0.256055	0.233717	
-1.012	-0.920649	0.23022	-1.08478	
0.0382741	0.593072	-0.370495	0.732543	
-0.0800451	0.367155	-0.426634	-0.698286	
0.0204478	-0.209346	-0.190485	0.505142	
-0.243559	1.45698	-0.222075	-0.170558	
0.8582	0.276737	-0.660499	-0.246598	
0.493626	0.190062	-0.97411	-0.438416	
0.290312	-0.347444	-0.155634	-0.413058	
-1.10254	-0.23734	0.137357	-0.144313	
0.13653	0.296489	0.18402	-0.596793	
-0.58904	0.3982	0.389366	0.215065	
-0.0864697	0.0679494	-0.062847	0.334457	
-0.105784	0.364296	0.0872544	0.0842796	
0.196781	0.872847	0.219311	-0.372233	
0.615521	-0.0682021	-0.0499269	0.473255	
0.0552169	0.812209	-0.207837	0.798925	
0.547576	-1.90129	-0.577515	0.249611	
-0.301116	-0.347444	-0.35497	0.139592	
-0.488272	-1.90129	0.0121647	0.0368433	
0.00850659	-0.199408	-0.397665	-0.303989	
0.951506	0.523355	-0.198154	0.952769	
0.112437	-1.24468	0.638201	-0.119717	
-0.306197	-1.05309	-0.35764	-0.123973	
0.453431	0.181403	-0.571705	-0.345575	
-0.779742	-0.582621	0.88773	0.18445	
-0.0412355	-0.720612	0.284198	0.372357	
0.582745	0.667949	-0.283806	-0.77205	
-1.02957	-1.636	0.636125	0.56695	
-0.547105	-1.65936	-0.576694	0.784273	
-0.340757	0.228683	-0.375414	0.92435	
0.0174181	-1.39515	0.331059	0.21607	
-0.825866	1.22414	-0.383591	0.203982	
1.21851	-0.539275	-0.428884	-0.207814	
1.12342	-1.23913	-0.906635	-0.786312	
0.325699	-0.242511	0.814628	-0.198298	
-0.339675	-1.18033	0.194161	0.376973	
0.441415	1.51111	0.25694	-0.0593905	
-0.496027	-1.26884	0.223591	-0.295732	
-0.795862	-0.317553	0.588228	0.304263	
-0.908305	0.0259535	-0.38953	-0.0059038	
0.834773	0.388196	-0.465017	0.0299409	
0.237188	0.00463934	-0.128001	0.0631073	
0.05989	2.0539	-0.538085	-0.241709	
-0.250442	-1.07328	0.367254	-0.238085	
-0.0317977	-1.07966	0.84	-0.143291	
-0.597961	-0.107414	0.967417	-0.463304	
1.06516	1.48219	0.301649	0.0641143	
-0.228937	-0.0554465	-0.656682	-0.0380173	
0.0899578	-0.360887	-0.264882	0.156555	
-1.42125	0.928868	-0.143582	-0.861319	
-0.148898	-0.371981	-0.768612	-0.536326	
-0.695814	-0.144255	-0.433684	0.0883111	
0.147515	0.830965	-0.0828822	-0.875234	
0.100823	-0.577181	0.109172	0.470615	
-0.574885	0.641667	-1.71494	-0.0380173	
-0.879313	-1.48255	-0.126805	-1.0774	
0.211377	-0.43442	0.361251	-0.466265	
-0.872017	-1.44075	0.48123	0.11479	
0.194703	-0.166071	0.382024	0.265327	
0.719744	-0.0661191	0.541055	0.763401	
-0.346645	-0.353484	-0.401086	0.38925	
1.17152	-1.81268	0.538346	-0.224064	
-0.35859	-0.809554	-0.525299	-0.379816	
-0.39144	-0.573119	-0.330612	-0.318525	
0.0673881	-0.536741	0.783896	0.75758	
1.21847	-0.54903	-0.000946459	-0.0601767	
-0.0851779	-1.57194	0.126493	-0.113925	
-0.268463	-0.452582	-1.10584	0.617723	
0.621868	-1.84962	-0.0952938	-0.192613	
0.722565	-0.00527422	-0.476216	0.339381	
-0.578291	-1.30997	-0.77904	0.27717	
-0.0698093	-0.186514	-0.035307	-0.58307	
0.782261	-0.42761	-0.696264	-0.202026	
-0.094942	-0.186514	-0.0610619	0.764538	
-1.13233	-0.144255	-0.30303	-0.0846394	
-0.399449	-0.419852	0.569145	-0.018812	
0.0680838	-1.12745	0.840992	-0.0433015	
-0.564926	-0.495928	0.151584	-0.458005	
0.252536	-0.0393711	-0.52848	-0.204082	
-0.408524	-0.0345767	0.516865	-0.571742	
0.273158	1.5645	-0.809994	-1.04783	
-0.43008	0.688991	-0.425933	-0.575345	
-0.147428	-0.850104	-0.518586	-0.23007	
0.467336	-0.315074	-0.553984	-0.299169	
1.02932	0.14927	0.160436	-0.0674485	
-0.435162	1.00122	0.2918	-0.140024	
-0.747195	0.0930691	-0.149792	0.0292908	
0.128853	-0.0053987	-0.175892	0.521511	
1.44809	-0.685702	-0.100883	-0.728448	
-0.226011	-1.38818	-0.311459	0.235253	
0.0954562	-0.105814	0.0578649	0.491236	
-0.548094	-0.739015	-0.843821	-0.0764577	
0.173222	1.19628	-0.202716	0.372633	
-0.658494	0.382152	-0.132798	0.0409549	
0.401076	0.899706	-0.717608	0.249611	
-0.490309	0.250767	0.254395	0.265327	
-0.494995	1.67704	-0.626267	0.750479	
0.129675	-0.0327343	0.324709	-0.52134	
-0.0812586	0.873613	-0.0189304	-0.237588	
-0.0475344	-0.611507	0.670083	0.568549	
-1.38112	-0.683422	-0.0997812	0.200759	
0.181357	-0.392019	-0.326948	0.279874	
0.696015	-1.14437	0.0998783	-0.229517	
-0.882011	0.192083	0.357306	-0.366805	
-0.265343	0.193142	0.292494	-0.319423	
0.497259	0.818833	-0.556306	-0.048679	
-0.935738	-0.494811	0.295132	-0.155831	
-0.146142	0.718273	0.23	1.06998	
0.695922	0.24725	-0.460548	0.586021	
0.501063	0.699617	-0.533941	-0.403547	
-0.558773	-1.40979	-0.460014	0.173502	
0.191376	-1.7297	0.471957	-0.551714	
-1.25424	0.0224807	0.558896	0.960931	
1.01047	-0.783184	0.204892	0.116024	
0.329168	-1.39161	0.326184	-0.0684047	
0.572921	0.0407066	0.750244	-0.597791	
-0.526075	-0.574611	0.617768	0.233376	
-1.26845	-0.118403	-0.943175	0.608529	
0.75627	-0.422151	-0.168103	-1.09411	
-0.714591	-0.564364	0.139739	-0.342576	
1.43418	-0.0370213	0.361954	0.397872	
-0.0732771	-0.156606	-0.506816	-0.443205	
-1.42204	0.128583	0.422885	0.426239	
1.03409	0.624223	-0.31746	0.148816	
-1.02799	0.973088	-0.0102977	-0.310083	
0.275577	0.527643	0.479406	-0.0907053	
-0.746588	1.84427	0.662561	0.18989	
-0.795272	-1.39868	-0.863988	0.105473	
-1.33461	-0.749527	0.197801	0.304263	
-0.0753048	1.26968	0.303265	0.294797	
1.17218	1.53882	-0.0166748	-0.111399	
0.0867361	-0.701608	0.0188474	0.0165535	
0.398349	1.08144	-0.415101	-0.332216	
0.0100466	0.0828215	-0.457177	-0.576618	
0.513169	1.46985	0.427562	-0.129896	
-1.12572	-1.10605	0.127837	-0.866033	
-0.0806709	1.64708	0.377904	-0.344982	
-0.776715	-0.50775	-0.193371	0.0136986	
-0.196697	-0.149397	-0.579809	-0.426736	
0.187275	0.00625143	0.0564575	-0.624833	
-0.708021	-0.212339	0.49974	-0.276878	
-0.477935	0.312712	-0.579067	1.03053	
0.662608	0.364296	0.0188616	0.571821	
1.64116	-0.75469	-0.825549	0.128221	
1.57504	-1.37167	0.492447	-0.182581	
1.55083	1.48556	0.578425	-0.196996	
-0.221586	-0.698531	0.293605	0.126684	
1.17571	0.834033	-0.787782	-0.995867	
-1.35877	0.809216	-0.553909	0.333157	
0.870049	0.0280741	0.444157	0.559545	
0.522582	1.39422	0.507411	0.274013	
0.45097	0.208992	-0.738306	-0.436475	
-0.061006	-1.45393	-0.0335602	0.241753	
0.343045	1.23393	-0.208121	-0.377288	
0.883353	0.811243	-0.327273	0.636067	
-0.0539942	0.151459	-0.0145579	0.416676	
-0.0842218	-0.425661	0.262883	0.631081	
0.676612	-1.75538	0.540543	0.861601	
0.442735	-1.5362	-0.287947	-0.0940962	
0.239285	-0.03786	-0.527121	-0.248681	
0.67806	0.239455	-0.0315051	-0.153249	
-0.166146	0.977836	-0.0678482	-0.201262	
0.206571	-1.92458	-0.644809	-0.347673	
0.609681	0.400733	-0.0632434	0.461933	
-0.25913	-1.15097	-0.345576	0.492726	
-1.50966	-0.00864111	0.860094	-0.638348	
0.0684494	0.307721	0.898932	-0.172983	
0.382086	-0.532849	-0.783715	0.632933	
-0.574136	-1.89817	-0.219637	-0.587717	
1.21722	-0.738282	0.019377	0.263206	
-0.619159	-0.341395	0.0390801	-0.034017	
-0.67418	-0.0445398	-0.318038	-0.285816	
-0.00111868	0.25561	0.230474	-0.0059038	
0.26403	0.594674	0.186399	0.52578	
-0.127664	-1.6372	0.389728	-1.18684	
-0.194116	-1.28896	0.124172	-0.656056	
0.358856	0.330882	-0.233569	0.0448119	
1.03206	1.49036	-0.424668	0.745446	
-0.0105763	0.275561	0.0714787	0.135525	
-0.658794	1.89832	-0.430171	-0.239478	
0.516594	-0.217243	-0.45588	-0.189614	
-0.326281	1.22755	0.0333522	0.289682	
-0.149866	0.940654	-0.1429	0.547745	
-0.689832	-0.87272	-0.126521	-0.663439	
0.833733	0.337495	-0.0338535	0.452202	
-0.217627	-0.435465	-0.080999	0.520923	
-0.512644	0.405194	-0.245073	0.203982	
-0.563794	2.15528	0.103411	-0.52017	
0.356882	0.71776	1.09914	-0.356868	
0.702292	1.73684	0.426273	-0.275603	
-0.100522	-1.21447	0.282467	0.819444	
0.412855	0.890588	-0.212822	-0.072859	
-0.685755	-1.0403	-0.0861638	-0.284828	
-0.111612	0.264242	-0.89271	0.681582	
-0.137396	-0.0415545	-0.848761	0.0213657	
-0.124948	0.117398	0.310567	0.487028	
0.566983	0.565548	0.215048	1.0171	
-0.126928	-0.957539	-0.60997	0.734832	
-1.09356	-0.0165254	-0.647094	0.109661	
-0.212199	1.11264	-0.771278	-0.386346	
0.340936	-0.769601	0.798011	-0.105236	
-1.33358	-0.118403	-0.362261	-0.3357	
0.153753	0.246697	-0.371708	0.209988	
-0.0998901	2.00031	-0.277825	0.129595	
0.690156	0.443234	0.458462	0.0492021	
-0.347476	-1.10059	-0.67972	-0.465283	
-0.639982	-1.45393	-0.0233525	-0.732191	
-0.398011	1.06759	0.513151	-0.122426	
-0.660727	0.246697	0.496953	0.369478	
-1.10307	-1.49172	0.0605811	-0.0875109	
-0.116013	1.23322	-0.753155	0.961555	
-0.748976	-1.60453	0.105356	0.334457	
0.338862	-0.262592	-0.589322	0.618938	
0.76812	0.505207	0.0952998	0.223468	
-0.566259	0.362087	0.70098	-0.716928	
0.755813	-0.0387789	-0.0998588	-0.733832	
0.448399	0.102992	-0.108474	-0.336592	
0.260458	-1.43337	0.0870616	-0.102915	
-0.514529	0.294175	-0.000718618	0.903043	
-0.621428	0.53804	-0.861075	-0.74836	
0.793476	0.620786	-0.557674	0.710016	
-0.0493568	0.126972	-0.710659	-0.826393	
-0.182175	1.50784	-0.128445	-0.0601767	
-0.896977	-0.842697	-0.465629	-0.543528	
-0.112297	-0.381578	-0.107515	-0.176312	
0.0574319	1.39422	0.053319	-0.220392	
0.223507	0.0527029	-0.316126	1.41574	
0.503422	-1.19364	0.608053	-0.628236	
-0.757491	-0.801733	0.786625	0.425207	
0.641932	-0.36589	-0.160466	0.258239	
-0.469735	0.928859	-0.631532	-0.948988	
-0.463864	0.125168	-0.878374	-0.3945	
-0.0788092	-1.56222	-0.183592	0.385344	
1.38178	0.2843	-0.0271823	0.0621198	
0.139257	0.310395	0.288921	0.367481	
-1.20702	-0.783184	0.266314	-1.10127	
1.50017	0.197608	0.0617708	-0.339742	
0.158187	-0.920045	-0.0972613	0.172919	
0.256607	-1.27616	0.402988	0.355731	
-1.30739	-0.336667	-0.277283	0.208203	
-0.643586	0.168752	-0.672446	0.199822	
-1.75524	0.228683	-0.809419	-0.182748	
-0.0907411	-0.164564	-0.686184	-0.440477	
-0.4678	0.414946	0.324004	0.195078	
0.953684	0.316531	0.645844	-0.685496	
-0.507247	-0.0378847	0.181747	-0.465283	
0.478021	-0.210176	-1.01314	-0.554216	
0.914217	-0.103106	-0.030145	-0.86137	
0.271492	0.717177	0.456032	-0.264033	
0.589945	-1.39329	-0.678971	-0.848911	
-0.177931	-1.10892	0.00891353	0.884356	
-1.00647	0.818438	0.314675	0.623103	
0.651749	-0.391455	-0.165845	-0.0814366	
-1.1522	0.253731	0.190087	-0.570335	
0.554063	0.261643	-0.293754	0.00791866	
-0.919246	0.0538183	0.227469	-0.614977	
-0.974152	-1.06421	-0.385103	-0.0992582	
0.967571	-1.22916	0.212112	-0.0069258	
-0.725963	-2.03446	-0.282999	-0.357239	
-0.578276	-1.94842	-0.21071	-1.0048	
0.844438	-0.850104	-0.741747	0.309271	
-0.203444	-1.05749	0.31259	0.312595	
0.296782	-0.494325	-0.044641	-0.255878	
-0.563862	-1.35523	-0.269936	0.0963601	
-0.453573	1.18878	-0.131957	0.878254	
-1.07765	-0.105387	-0.0625438	-1.00763	
0.257792	-1.0486	0.60063	0.0808352	
-1.37906	-0.360139	-0.087411	-0.244471	
-1.0461	2.04014	-0.10275	-0.0731132	
-0.91266	-1.20215	-0.311237	-0.325167	
0.451239	0.118049	0.254647	-0.196618	
0.527673	1.10104	-0.114141	-0.674335	
-1.96053	0.453846	0.649572	0.147456	
-0.457798	-1.60625	0.0243156	-0.633755	
0.328568	-0.383237	-0.336896	-0.735534	
0.425047	-0.46866	0.391233	-0.0735378	
-0.630551	-0.856226	0.302086	-0.413653	
0.775787	0.358903	-0.399798	0.411373	
-1.17329	-0.191206	-0.31484	-0.449755	
0.445107	0.123645	-0.302762	0.700939	
-0.0709675	0.761106	0.883279	-0.228163	
0.614405	1.06557	0.88808	-0.315761	
-0.357077	-0.864136	-0.294445	0.0784453	
-0.165191	0.239305	0.0529816	-0.198298	
0.716121	-1.04509	-0.111776	-0.407341	
-0.408532	0.00891699	0.0159167	0.233017	
-0.824573	0.310395	-0.321257	-0.471303	
0.0874937	1.53609	0.423282	-0.397562	
0.0786752	0.193142	0.622833	0.731274	
0.589742	-0.0967053	-0.315632	0.323072	
-1.50463	-0.431671	-0.354551	0.643771	
-0.602434	0.50103	-0.308938	-0.951969	
-0.411205	0.837742	-0.0743091	-0.445271	
-1.32152	0.0188908	0.0023026	0.460762	
1.7793	-0.153613	-0.384901	0.00849916	
-0.462328	-1.32132	0.193279	0.521511	
-0.341723	-1.26854	0.0152156	-0.403378	
-0.369696	-0.864136	-0.620871	-0.144754	
-0.267758	0.557352	0.932558	0.269268	
-0.286419	-1.24381	0.585007	-0.319155	
-0.430552	0.137413	-0.134125	0.976155	
-1.2201	-1.67724	-0.192318	0.42949	
-0.171297	2.10787	0.580189	-0.501138	
-0.86558	-0.787926	-0.404004	-0.442334	
-0.329492	1.29705	0.965821	-1.24531	
0.0822303	-0.712174	0.394326	0.592162	
-0.712613	-0.212061	0.0360202	0.329227	
0.318279	-1.38818	0.255036	0.355692	
-1.12592	0.409066	0.886518	-0.168096	
0.456523	0.0816714	0.646045	-0.478972	
-0.0606413	0.142404	-0.802188	-0.7006	
-0.369428	-1.44062	0.246599	0.158945	
0.113186	0.0242237	0.556509	0.320408	
0.00908871	0.499693	0.755798	-0.289114	
0.118727	1.10103	-0.245714	0.249481	
-0.213953	0.973196	0.182827	-0.335378	
0.333444	0.643797	-0.207399	0.328037	
-0.100503	-0.0682021	0.384726	0.13439	
-0.395767	1.0323	0.593821	0.689336	
0.489486	0.0259535	-0.225602	0.250062	
0.274172	1.01688	-0.355714	0.474471	
0.771299	-0.583828	-0.22315	0.374546	
0.0262956	-0.634291	-0.172461	-0.0289035	
-0.736075	-0.351071	-0.368782	-0.606916	
0.303505	-0.341878	0.114489	-0.561203	
-0.0834525	-0.664062	-0.0999732	-0.00309703	
-0.950602	-0.341395	0.227259	-0.371496	
0.12556	-0.783184	0.500423	0.106023	
-0.311343	0.244477	-0.949797	-0.428971	
-0.178216	1.01382	0.548157	-0.357068	
0.242885	-1.14437	0.0534767	-0.667347	
-1.24783	0.567485	-0.238721	0.233376	
-1.09804	0.115917	-0.394996	0.00141313	
0.0515193	-0.980915	-0.487985	0.128962	
0.190061	-0.14916	0.134469	-0.173919	
0.535705	-1.35968	-0.219913	-0.109102	
0.298772	0.625104	-0.141817	0.0992338	
1.77833	0.325978	-0.0259192	-0.34181	
0.889683	-1.22817	-0.877083	0.0779967	
-0.686237	0.162099	0.0171971	-0.140686	
-0.421851	-0.0624684	-0.398631	-0.12467	
0.940723	-0.245965	0.518954	0.162243	
1.30238	0.806168	0.150103	0.233376	
0.783142	1.07208	0.106686	-1.23156	
0.693867	-0.520586	-0.50854	0.309081	
-0.568216	0.662273	-0.211664	-0.241709	
-0.474428	0.686801	-0.625606	0.0292908	
-0.249122	1.54372	0.0548381	0.0989159	
-0.55829	0.268702	-0.417442	-0.0668252	
1.72357	-0.279198	-0.0885555	-0.0763615	
1.03056	-0.82229	0.163122	-0.173919	
0.411365	-0.967369	0.14124	-0.66032	
-1.29452	-1.03527	0.0654577	-0.569382	
-0.0128454	1.11053	-0.324182	0.20319	
-1.39165	0.137413	-0.63557	0.801608	
-1.2766	-0.0682021	-0.287947	0.211642	
-0.154318	0.0774013	-0.479623	-1.25127	
-0.0403534	-0.223669	-0.581363	-0.182289	
0.101484	1.21493	-0.170218	0.60103	
0.27136	1.68964	0.0925761	-0.0534575	
-0.807211	0.0926602	0.0669938	-0.351244	
0.240259	1.85719	0.0600852	0.876968	
-0.547105	-0.830773	-0.731891	-0.484395	
-0.433032	0.996601	-0.279684	-0.673867	
-0.287276	0.170253	0.0153364	-0.358523	
-0.582115	0.669427	-0.114735	0.928047	
-0.72753	0.667949	0.732667	-0.533648	
-0.118998	-0.1691	-0.164763	0.337289	
-0.351349	1.89947	0.531321	0.32274	
-0.729539	0.975784	0.73035	-0.645517	
0.0127031	1.36847	0.31608	0.353347	
0.946386	1.12096	-0.47566	-0.215107	
0.202028	-0.203435	0.522963	-0.781997	
-0.368022	0.911154	0.147608	-0.508781	
-0.47693	-1.16601	0.859359	0.135525	
-0.0437259	-0.778071	-0.242741	0.355869	
0.767085	0.518198	0.164503	0.876818	
0.108509	1.16591	-0.284303	0.407518	
-0.634245	-1.39999	0.198589	0.039153	
0.452458	-0.203435	0.272029	-0.823828	
-0.478321	0.160876	-0.294666	-0.182963	
-0.600607	-0.0512776	-0.867517	0.461694	
-0.231247	-0.409236	0.285154	0.178564	
-0.0957528	-0.0554465	-0.119375	-0.150171	
-1.08033	1.70538	-0.498451	-0.72067	
0.431819	-0.586084	-0.357418	0.284854	
0.819906	-0.999895	0.568155	-0.0810402	
-0.589491	-0.0721591	0.254647	-0.191371	
0.469381	-0.155881	0.2444	0.834613	
-1.21617	-1.22916	0.23676	-0.796627	
-0.824203	-1.68024	-0.320723	-0.563709	
-1.09107	0.302353	-0.506292	-0.355877	
-0.62771	1.47164	-0.0752546	-0.349485	
0.384722	0.434931	0.535081	0.030018	
-0.0217045	-0.7064	-0.835402	-0.524999	
-0.14266	-0.513545	0.373055	0.514432	
0.420862	0.998679	-0.0505796	0.254708	
-0.864877	-0.861019	-0.0608344	-0.260196	
-0.324347	-1.34597	-0.255298	0.606163	
-0.390639	-0.0638375	-0.135392	0.139607	
-0.762988	-1.00504	0.163377	-0.094865	
-0.9254	1.0044	0.0108545	0.213994	
-0.343894	-0.686709	-0.448638	1.01184	
0.279211	-1.64218	-0.667487	-0.228148	
-0.0863299	0.544376	-0.364928	-0.337421	
0.555102	0.224692	-0.228852	-0.0763615	
0.652592	1.17274	-0.280503	-0.149873	
0.564685	-0.165396	-1.55214	0.199111	
1.0432	0.587773	1.04774	-0.101535	
1.67266	0.674414	0.513482	1.25875	
-0.305115	1.25217	0.337916	-0.0647109	
1.1555	-0.141235	-0.483279	0.0606151	
-0.294456	-0.763216	-0.217701	-0.613899	
-0.130807	0.0271056	0.301809	-0.460476	
0.223808	0.630906	-0.175287	-0.434103	
0.268908	-1.99996	-0.78126	0.168114	
1.32478	1.73013	-0.153239	-0.0520225	
-0.231731	-0.245965	-0.0708864	-0.026931	
-1.6171	-0.783184	0.454825	-0.253684	
0.517528	1.38417	-0.233446	-0.0647457	
-0.466278	-1.67724	0.0600746	0.288473	
-0.469289	0.702614	-0.370497	-0.65927	
0.241073	1.33407	0.188615	0.441118	
0.0983515	-0.1691	0.507084	-0.533648	
-0.258901	-0.0759452	0.757263	0.372357	
0.09922	-0.991839	-0.495421	0.581309	
0.531341	-0.417024	0.0130373	-1.20274	
0.21003	-1.09979	0.0812026	-1.24714	
0.444664	-0.452582	0.777394	0.561899	
-0.0972483	-0.118403	0.176805	-0.546634	
0.4819	-0.670667	0.093925	-0.653004	
0.709531	-0.709875	0.253613	0.268341	
-0.303569	-0.0655826	-0.544047	-0.552755	
0.425578	-1.72953	0.0737891	-0.342714	
-0.372079	-1.09267	-0.0210037	-0.71754	
0.463186	0.996745	0.347923	0.528539	
-1.74318	-1.0076	-0.0123832	-0.296939	
-1.72655	-0.0965784	0.665004	0.65023	
-0.472493	0.734177	0.376306	-0.354905	
0.4227	0.281668	-0.29781	0.324097	
0.255921	-1.37053	-0.168845	0.362015	
-0.947427	-0.586084	-0.60958	0.490234	
-0.200642	-1.87333	0.174836	0.274147	
0.793664	-1.62991	0.451495	0.398231	
0.346628	0.849093	-0.360535	-0.297721	
0.977533	-0.94624	-0.239003	-0.231416	
-1.33003	0.750438	-0.188318	-0.874089	
0.394845	-0.431671	0.443296	0.126385	
-1.08557	-1.20616	-0.111837	-0.0875109	
-0.580929	0.333312	-1.0275	-0.994864	
0.571014	-0.445798	-0.542491	0.91902	
-1.12782	-0.171402	0.240866	0.53787	
0.262588	0.895655	-0.047661	0.580239	
0.206554	0.290707	0.206343	0.159743	
-0.97067	-1.90249	-0.133206	0.176399	
0.0336606	-0.100215	-0.574349	-1.35346	
-0.0713756	0.011031	0.369242	-0.936953	
-0.0502288	-0.460011	-0.111961	-1.02605	
0.0680777	-0.536972	0.393464	0.0580093	
0.994847	-0.0309423	-0.194122	0.102963	
0.315565	0.0651464	0.485429	0.270682	
0.248214	0.360331	-0.733236	-0.274907	
0.724304	-1.08068	-0.141758	-0.0309126	
-0.621455	0.137413	-0.0659974	-0.724576	
-0.704501	-0.380295	-0.0211071	0.144023	
-0.128873	0.441256	-0.254178	0.150969	
0.115285	0.55477	-0.22114	-0.126135	
-0.536683	0.718273	-0.0194758	0.411789	
-0.269085	0.832133	0.0271022	-0.834799	
-0.425525	-0.2041	-0.442877	-0.0878384	
-1.26915	-0.659907	0.07974	-0.442679	
0.351591	-0.485602	-0.0209684	-0.59213	
-1.10582	-0.80999	0.224584	0.290455	
-0.0230284	0.518198	-0.0916002	-0.573894	
-0.260252	-0.822322	-0.163342	0.746668	
-0.22249	-0.368266	-0.0726773	0.374897	
0.059624	-1.6911	-0.836964	-0.0158492	
0.80648	-1.39868	0.247068	0.277768	
0.56597	-0.690095	0.382828	-0.379032	
0.227745	-0.934433	0.120945	-0.602427	
-0.534683	-1.16136	-0.462191	-0.394981	
1.35503	1.96766	0.0652136	-0.299962	
0.46248	-1.03446	0.387816	0.0862424	
-0.879114	-0.856226	-0.230222	0.545295	
0.763423	1.40944	-0.467258	-0.512414	
-1.23345	-1.25898	-0.00322095	0.023204	
-0.184593	0.699617	0.526493	0.152493	
1.17393	0.378728	-0.100704	0.0374436	
-1.12833	-1.64072	0.0193199	0.0688757	
0.443083	-0.582621	0.34768	0.280332	
1.24015	-0.977179	-0.388908	-0.0100487	
-0.293971	-1.14437	-0.30203	-0.344982	
-0.814422	-0.200937	-0.0169524	-0.43371	
-0.839172	0.665995	-0.69125	0.955394	
-1.30601	0.17857	0.699884	0.681638	
-0.102256	-0.0704952	-0.294312	-0.0869349	
0.144888	-1.1165	0.636534	-0.871384	
-0.162161	0.126972	-0.723438	0.418405	
-0.09758	0.350868	-0.327623	-1.03405	
-1.25909	-0.926182	-0.0608979	0.148473	
0.315507	0.515018	0.149883	-0.0907053	
0.0702114	0.917627	0.10258	0.0294493	
-0.205062	-0.249636	-0.196307	-0.0370363	
-0.207174	1.35618	0.396537	0.139607	
0.089139	0.925716	0.256125	0.24196	
-0.0435637	-1.69231	0.260118	-0.537904	
0.472447	1.63316	-0.038234	-0.453807	
1.52135	-0.949314	-0.761918	-0.270659	
0.290925	1.12691	-0.0607175	0.838963	
-0.0583708	-0.503478	0.009327	0.292134	
0.344002	0.158676	-0.549558	0.957242	
-0.720435	0.443234	-0.222108	0.0117347	
-0.162625	1.98315	-1.27578	-0.379816	
0.338992	-0.281896	0.248792	-0.309498	
0.51256	0.884848	0.0258717	0.258239	
-0.800216	-0.0274602	-0.462792	0.29936	
-0.513811	-0.164564	0.549365	-0.218254	
-0.183189	-1.11173	-0.365063	-0.28812	
-0.495758	2.48438	0.316691	-0.273659	
0.365388	-0.960349	0.407767	0.645306	
-1.17964	0.239408	0.129742	-0.00826652	
-0.995806	-0.262592	0.154762	0.584008	
-1.17148	-1.1165	0.0575876	-0.273359	
0.264596	-0.997423	-0.442732	-0.26902	
-0.363099	0.0774013	0.078656	0.13174	
-1.07372	-0.494432	-0.310155	-0.345802	
0.57804	0.855384	-0.262898	0.524344	
-0.0545545	-0.127356	-1.18299	0.0295199	
-0.945404	0.587722	-0.0758029	0.416676	
-0.0376261	-1.37053	-0.957891	-0.210865	
-0.296119	0.818018	0.646677	0.537549	
-1.40375	-0.244881	0.158115	-1.01676	
-0.528802	-1.58602	-0.0717898	-0.053981	
0.254823	-0.960349	0.46226	0.783219	
-0.63301	0.181403	0.187385	-0.018734	
-0.012761	-0.652805	0.0841102	0.364893	
-0.510888	1.07545	-0.307307	-0.351867	
0.274887	-0.701608	0.360041	-0.162311	
0.175291	-0.50775	0.0912286	-1.30026	
-1.10381	0.0518103	0.0194492	-0.138792	
0.150505	0.629065	0.0908764	0.181976	
1.21083	0.334057	-0.0321822	-0.795508	
0.570394	-1.33704	0.142307	-0.6352	
-1.3165	-1.35498	0.455949	-0.0534575	
-0.179985	0.761073	-0.362462	-1.4298	
-0.563635	0.529913	-0.0429261	0.0688757	
-0.616066	-0.308424	0.0490555	0.0751425	
-0.276752	0.972869	-0.263741	0.270956	
-0.23542	0.202686	0.453326	-0.944643	
0.668836	-0.381578	0.674036	-0.575483	
-1.10737	-0.957936	0.391731	-1.27855	
0.296249	-0.494325	-0.224405	0.461607	
0.264476	-0.943707	-0.185837	-0.0907053	
0.463728	-0.105387	-0.0141149	-0.524968	
0.667938	0.87521	0.414209	-0.445271	
0.130833	-0.178509	0.207313	-0.301024	
-0.331487	0.147984	0.436723	-0.129092	
0.61748	-0.266158	-0.108719	-1.03371	
-0.785786	0.263943	0.391062	-0.970446	
-0.654992	-1.56222	0.137435	0.669673	
0.234147	0.456032	-0.437064	0.341895	
-0.165623	-0.991032	-0.630233	0.226164	
0.213661	0.669427	0.15916	0.196465	
0.0842346	-0.162317	0.16457	-0.487523	
-0.0430201	-1.11638	-0.631147	0.214917	
0.0558349	-1.33011	-0.0693891	0.125867	
0.829732	-1.46649	-0.311542	1.01138	
-1.43751	-0.162851	0.151429	0.307145	
0.599098	-0.295715	0.0917893	-0.013563	
1.46624	0.675484	0.644833	-0.613899	
-0.0895818	-0.16264	-0.378214	-0.088285	
-0.127974	-1.29367	0.480095	-0.0201835	
1.7946	-0.997423	0.445304	0.0539826	
-0.0816221	2.22784	0.730267	-0.00236253	
0.33749	0.666844	0.753795	-0.0961431	
-0.199732	0.268702	-0.00630901	-0.164381	
-0.246271	-0.592263	0.21414	0.942305	
-0.326459	1.1524	0.425673	0.200759	
0.263763	-0.4313	-0.0564104	0.826221	
0.204798	0.376394	-0.590886	-0.433156	
-0.432819	-1.03446	-0.679101	-0.368814	
0.755564	0.426811	0.667737	0.976299	
-0.156757	-0.87557	0.335515	-0.500505	
0.981377	-0.739015	-0.0796291	-0.70719	
-0.723329	0.336312	-0.269435	-1.18302	
0.182796	-0.339124	0.605208	0.0908737	
-0.565393	-0.0132383	0.457128	0.119546	
-0.781164	-0.313772	-0.156178	0.742415	
0.127767	-1.0403	-0.281086	0.192605	
0.0535858	0.759707	-0.741852	-0.706249	
-0.335625	0.457684	-0.327627	-0.0763615	
-0.183768	-1.94429	0.338894	-0.289997	
-0.566411	1.88554	-0.449856	-0.0264491	
0.196986	0.190389	0.0504121	0.0138694	
0.517311	0.70333	-0.0660297	0.111062	
-0.250653	1.04393	0.23268	0.956834	
-1.21446	0.121096	-0.279938	0.0864455	
-0.908779	-0.280873	-0.0965161	-0.019845	
0.168475	0.563631	0.602169	-1.00434	
-0.360043	0.314741	-0.0799671	-0.0456677	
0.424332	0.473434	0.344825	0.777287	
-0.405957	0.618005	-0.101665	0.334502	
0.748208	0.0774013	0.475256	0.469849	
-0.0222521	-1.16601	-0.0344636	0.0784453	
-0.444918	-1.9331	0.431272	0.634168	
-0.084383	-0.339564	-0.31341	-0.45158	
0.62358	-0.664739	0.745194	-0.238085	
-0.788119	0.0739441	-0.61613	-0.529585	
-1.08889	0.225145	0.035078	-0.0375992	
0.424637	-1.39868	0.888905	-0.104001	
-0.698852	-0.482176	-0.219841	-0.204082	
0.147244	-0.697946	-0.125021	-0.0254207	
0.22834	-0.834052	0.00286659	0.163172	
-0.0817949	1.17932	0.170087	0.0651874	
-0.309047	0.747446	-0.72724	0.242338	
-0.857329	-0.281163	-0.692542	0.416361	
-0.0778051	1.04567	0.00770661	0.951031	
-0.792645	1.69266	-0.437995	-0.739011	
-1.45788	-0.188464	-0.153042	0.691784	
-0.44687	-0.592263	0.0655922	0.208913	
0.159992	0.70333	0.0486056	-0.402607	
0.620332	-1.02301	-0.150224	-1.03192	
0.286977	0.547018	-0.613538	0.0292013	
-1.37772	1.09862	0.640933	-0.221741	
-0.510783	-1.96119	0.725133	0.776099	
0.911097	0.87521	0.275564	0.272185	
-0.0680563	0.304526	0.23391	-0.902656	
-0.228684	0.294175	-0.0812223	0.240136	
-0.654606	2.18235	0.0132232	0.376794	
0.377179	0.262586	-0.642879	-0.657588	
0.644361	0.777378	-0.125784	0.202769	
-0.767677	-0.140658	-0.041913	0.0564568	
-1.2437	-1.83913	-1.05577	0.0772146	
-0.694204	-0.65186	0.42894	-0.658073	
0.0184312	-0.0893169	0.0797704	0.203982	
0.552079	0.548181	-0.0679962	0.260234	
-0.287664	1.09125	-0.106431	-0.237588	
0.586146	-0.37143	-0.23846	0.105283	
-0.219825	-0.660588	-0.0607175	-0.175085	
-0.862882	-0.582621	0.500589	0.12266	
0.795323	-0.430269	-0.682706	-0.255731	
0.936684	0.0538183	0.324264	-0.66359	
-0.0800483	0.908668	0.78244	0.631434	
-1.04619	-0.393632	0.969994	-0.0647109	
0.801775	2.1005	0.0604377	-0.129759	
-1.00458	-0.317553	-0.0703861	-0.085277	
-0.279212	1.03455	0.418776	-0.466349	
0.155242	-0.317553	-0.385566	-0.204725	
1.31051	-0.920045	0.215418	0.472559	
0.705566	-0.122005	-0.223223	-0.776639	
0.291247	-0.333876	-0.584459	-0.103428	
-0.0725291	-0.633512	-0.0748724	0.192259	
-1.30156	-0.754261	-0.192126	0.151119	
0.619678	1.68625	-0.254069	0.469091	
-0.254192	-0.900514	0.212113	0.250322	
-0.620515	-0.633512	0.260842	-0.268481	
-0.784953	-1.03446	-0.0721773	-0.241098	
1.3626	-1.27616	-0.559074	0.587506	
-1.38214	-0.243287	0.275983	0.558134	
0.0519438	0.753212	0.558374	-0.312958	
1.59073	-0.117144	0.36996	0.132728	
-1.06463	-1.87333	0.395963	-0.0679519	
-0.368529	-0.204679	-0.386159	-0.0763956	
-0.191487	-0.196965	-0.118199	-0.815832	
-0.270436	0.932322	0.619714	-0.229517	
-0.524262	0.27389	0.1748	0.363283	
-0.579856	-0.886043	0.165932	-0.277985	
-1.35327	-1.48255	-0.539432	-0.36465	
-0.716863	0.0738955	-0.207814	1.29473	
-0.718582	-1.37342	0.126972	0.250322	
0.582652	0.662036	-0.600435	0.878254	
-0.424347	1.77236	-0.630986	-0.440477	
-1.66604	0.697846	0.160366	-0.26277	
-0.886113	-0.783184	-0.658694	-0.26454	
-0.766733	0.602665	0.42929	-0.639972	
0.0858531	-0.524912	-0.572489	-0.258656	
-0.280635	-0.127392	-0.110454	-0.702888	
-0.460003	-0.186514	-0.603583	-0.30831	
0.605484	-0.10546	0.136563	0.901488	
0.0299912	-0.329436	-0.20489	-1.06268	
-0.118264	-1.21084	-0.429694	0.0621369	
0.277555	-1.02301	0.0619432	0.0117347	
-0.261154	-0.622624	-0.0100321	0.208203	
0.191267	0.278719	-0.103244	-0.337421	
-0.141064	0.0718535	-0.383942	-0.322625	
-0.630816	-1.16164	-0.233958	-0.675539	
-0.775661	-1.96119	0.050594	0.29861	
1.3217	0.973357	-0.0914204	-0.929991	
0.145304	-0.65976	0.0676702	-0.824685	
0.842251	0.144759	-0.378266	0.0191722	
0.196754	-1.82179	-0.376666	-0.364457	
-0.199702	-0.146767	0.646643	0.1793	
-0.0481073	-0.761949	-0.140966	0.0294493	
-0.303865	0.141701	-0.284133	0.586155	
0.0409237	0.66199	-0.235835	0.380152	
-0.524634	-0.830773	0.166582	-0.433156	
0.929995	-0.470461	-0.0994117	-0.966621	
0.204419	0.0275251	-0.417045	-0.431726	
1.61914	1.1524	-0.0633912	0.217016	
-1.32676	-1.0403	-0.404278	0.156884	
0.343367	-0.241474	-0.136395	1.14616	
0.325188	-1.45806	0.15364	-1.06625	
0.15224	0.110916	0.483786	0.694486	
0.522106	0.0562255	0.513767	-0.171879	
0.0871208	-0.332055	-0.0907011	-0.221872	
0.879	0.884739	0.1615	-0.0279862	
0.519039	1.59133	0.276717	0.867201	
-0.0685245	1.58816	0.554933	-0.324978	
-0.527602	0.516494	0.675909	0.00791866	
0.228619	-0.67379	-0.639799	-0.409321	
-0.676939	0.973357	-0.225776	0.0111443	
1.29568	1.10787	0.616568	-0.233212	
-0.372403	-0.199408	-0.309337	0.388306	
