thetaL[0]	thetaL[1]	thetaL[2]	thetaL[3]	
12.6552	5.66667	36.6522	4.72727	
16.0345	2.66667	33.5652	9.27273	
12.1379	7.33333	33.087	9	
10.8276	2.66667	34.913	5.27273	
9.10345	5.55556	36	6.09091	
8.48276	0.222222	33.5217	9.09091	
8.13793	8	37.8261	5.81818	
5.55172	7.66667	24.8261	8.72727	
6.17241	5.55556	34.9565	7.27273	
10.6207	1.44444	29.3043	6.54545	
4.31034	2.77778	27.6957	8.81818	
11.3793	1.77778	27.2609	9.63636	
18.5517	0.555556	35.3478	9.81818	
11.9655	5.77778	29	7.90909	
8.7931	4.88889	27.5217	6.09091	
12.7586	8.88889	33.7391	9.09091	
12	3.77778	39.1304	5.18182	
7.58621	2	36.087	6	
9.93103	8.66667	28.6522	12.1818	
9.96552	3.55556	30.3913	9.27273	
5.17241	4	50.3478	7.18182	
9.44828	2.66667	46.1739	15.5455	
7.7931	2.55556	34.5652	9.63636	
12.2069	1.44444	43	8.18182	
6.93103	3.77778	32.913	8.27273	
15.5862	3.77778	46.1304	8	
6.37931	1.77778	31.6522	4.09091	
11.3793	5.33333	19.2609	14.3636	
11.7586	2	31.6087	6.90909	
11.8276	2.77778	50.6087	5.90909	
3.13793	4.11111	34.8696	9.45455	
18.7931	10	29.7826	15.6364	
7.37931	10	48.3478	7.27273	
8.34483	2.11111	40	7.09091	
5.51724	5.33333	34.3478	8.09091	
9.96552	4	27.2609	14.1818	
6.31034	5.77778	34.3478	7.27273	
6.13793	1.88889	30.087	5.45455	
7.17241	8	38.0435	6.72727	
8.06897	1.44444	32.5217	7	
3.68966	0.444444	33.087	4	
15.3103	11.8889	43.2174	12	
3.62069	2.66667	33.6957	4	
7.41379	1.88889	37	6.54545	
12.2759	4.88889	41.3913	8.72727	
3.58621	1.33333	39.7391	8.90909	
10.2414	5	40.1304	9.18182	
7.24138	1.44444	34.5652	3.09091	
12.931	3.66667	43.4783	8.36364	
16.069	2	34.2609	5.81818	
20.931	5	27.4348	10.6364	
10.2759	6.33333	35.0435	7.45455	
7	7.11111	24.7391	6.18182	
14.2069	14	39.9565	6.81818	
5.58621	6.22222	40.1304	9	
6.17241	3.33333	37.2609	10.3636	
12.5517	4	46.1739	4.45455	
8.17241	1.55556	44.913	5.81818	
10.8276	2.22222	33.5652	7.18182	
10.5172	2.55556	18.5652	8.09091	
11.4483	15.8889	30.3913	9	
9.24138	3	20.2609	8.90909	
9.10345	7.11111	36.4783	9.27273	
8.93103	5.66667	46.2174	7.18182	
16	8.11111	44.2609	8.72727	
11.2759	2.77778	40.1304	5.81818	
8.75862	12	26.6522	9.90909	
7.65517	2.77778	28.8696	7.36364	
9.96552	11.4444	40.7391	6.45455	
15.3103	4.66667	32.6522	8.36364	
7.82759	0.555556	39.3043	7.09091	
11.931	11.8889	29.3043	13.6364	
7.72414	1.55556	50.6522	8.09091	
8.75862	1.77778	45.6957	6.09091	
14.3448	1.22222	44.6957	7.63636	
15.069	4.44444	23.4348	5.90909	
3.89655	0.888889	57.8696	10.5455	
10.069	2.55556	57.4348	8.09091	
7.48276	5.77778	33.2174	11.8182	
16.0345	5.88889	45.1304	5.54545	
9.48276	10.8889	44.5652	14.4545	
16.5172	4.22222	35.5652	3.36364	
12.9655	7.11111	51.7826	6.18182	
7.44828	6.44444	40.2174	11.3636	
10.5862	2.77778	42.0435	4	
12.7586	2.44444	24.8696	3.81818	
10.3448	6.44444	30.8261	11.7273	
4.89655	2.55556	42.6087	6.27273	
20.2069	2.88889	42.5652	7	
4.51724	6	36.7391	9.54545	
14.3103	16	22.2174	7.90909	
10.8276	2.44444	22.6522	6.63636	
7	3.44444	22.0435	8.63636	
11.6552	0.888889	31.6087	6.72727	
7.96552	9.11111	34.8696	12.3636	
6.86207	1.22222	32.3478	10	
11	1.55556	30.2609	7.09091	
23.8621	3.11111	36.1739	10.4545	
10.9655	4	34.087	7.27273	
8.10345	1.77778	40.5217	6.18182	
7.93103	1.33333	37	7.36364	
22.2414	1.33333	38.4783	3.27273	
3.10345	5.11111	23.6087	6.36364	
7.55172	3	31.9565	4.18182	
5.06897	2.11111	40.913	5.36364	
11	2.55556	38.1304	9.54545	
12.8966	11.3333	52.2609	11.2727	
4.93103	10.5556	38.9565	2.63636	
11.0345	2.55556	33.7826	6.54545	
2.62069	6.88889	34.3043	6.36364	
7.62069	6.22222	33.2174	4.36364	
7	4.44444	27.913	11.5455	
3.2069	4.66667	27.8261	11.9091	
8.89655	13.3333	40.4783	5.54545	
11.931	4.11111	26	6.18182	
5.68966	5.33333	39.0435	7.63636	
16.8276	15.6667	32.913	9.45455	
6.44828	9	27.6957	8	
9.48276	0.666667	41.3478	12	
5.03448	1.22222	30.1739	5.27273	
3.27586	2.88889	44.5652	7.81818	
4.58621	4.44444	31.4783	5.54545	
2.37931	2.88889	32.6957	12.1818	
7.17241	1	35.3478	5.63636	
13.6552	7.88889	27.7826	7.18182	
5.65517	3.66667	36.5217	7.72727	
10.4828	1.77778	25.8261	6.63636	
6.34483	2.44444	34.6522	8.09091	
4.58621	1.33333	37.5217	7.72727	
7.03448	7.77778	31.7391	5.63636	
12.1034	7.66667	32.5217	8	
14	1.55556	41.9565	14.4545	
3.31034	2.66667	31.4348	11.7273	
10.3793	1.33333	47.1739	7.09091	
8.82759	3.44444	44.9565	3.72727	
11.5517	2.55556	23.2609	5	
9.06897	5.22222	31.4783	8.18182	
6.2069	3.88889	46.7391	7	
18.3103	1.88889	29.9565	8.54545	
10.0345	15.8889	30.6957	15.3636	
15.931	0.111111	24.4348	9	
14.3103	10.4444	42.087	8.81818	
10.9655	1.77778	31.1739	9.54545	
15.3448	5.77778	30.7826	5	
13.3448	1.88889	33.2609	6.81818	
7.13793	4.11111	25.913	5.45455	
7.75862	4	29.3043	9.09091	
13.2414	6.11111	37.3043	7	
23.4483	6.77778	20.6087	12.4545	
12.4483	12.6667	29.1739	9.18182	
8.48276	4.55556	34.8261	7.63636	
11.1034	1.66667	37.2609	6.81818	
5.93103	7.77778	37.8696	11.6364	
7.44828	1.88889	54.3913	5.36364	
15.4138	4.11111	16.6957	10.9091	
6.51724	6.77778	35.9565	3.36364	
8.17241	1.55556	39.3478	9	
9.34483	4.33333	46.5217	10.3636	
5.89655	5	40.7391	7.36364	
15.7586	1.22222	41.5652	6.36364	
4.82759	2.44444	41.087	6.45455	
5.65517	4	26	11.4545	
8.62069	8.77778	32.087	6.63636	
9.44828	0.888889	29.5217	6.36364	
10.5517	12.7778	29.1304	6.18182	
6.27586	6.33333	47.4348	4.90909	
8.72414	2.44444	29.1739	5.36364	
10.1379	5.88889	29.2174	8.09091	
11.4138	5.66667	50.1739	12.4545	
12.069	2.66667	30.0435	8	
18.5862	14.3333	34.8261	5.81818	
4.03448	3.22222	27.7391	12.1818	
6.37931	5.77778	37	7.72727	
10.931	2.44444	35.4348	6.81818	
5.41379	3.22222	29.087	8.09091	
16.1724	3.88889	27.5652	7.63636	
9.68966	5.11111	20.8261	9.27273	
10.2069	8.33333	52.6087	3	
4.13793	2	36.1304	9.54545	
14.7241	4.11111	34.8261	5.72727	
4.58621	12.3333	17.5217	11.0909	
11.1724	5	38.4783	9.36364	
12.2414	6.77778	25.7391	7.72727	
7.13793	4.77778	34.6957	6.72727	
7.86207	1.77778	47.8261	10.5455	
7.65517	1.33333	32.5652	11.0909	
13.3103	6.77778	45.6087	5.90909	
12.4828	3.11111	42.4348	11.3636	
8.41379	2	42.1304	6.36364	
6.31034	3.66667	40.2609	11.0909	
5.24138	8.44444	31.6957	8.63636	
8.03448	13.6667	53.4783	9.45455	
5.93103	3.44444	30.3043	6.09091	
8.86207	6.11111	25.9565	7.36364	
11.1724	13.3333	42.8696	9.81818	
8.62069	5.66667	29.6087	6	
7.48276	6.22222	41.4348	7.27273	
8.51724	1.55556	45.5652	7.63636	
5.41379	1.44444	27.6522	10.4545	
6.2069	5.66667	20.3043	11.5455	
8.10345	8.33333	32	10.1818	
8.34483	4.88889	51.2609	7.90909	
11.4138	1.11111	42.0435	5.90909	
13.931	4.33333	23.4783	7.90909	
11.7241	5.11111	42.3913	11.0909	
10.1379	3.11111	37.2174	10.5455	
10.5172	1.66667	41.087	9.27273	
9.58621	7.66667	30.1739	9.18182	
12.2414	4.22222	24.9565	7.90909	
7.82759	4.11111	28.913	10.6364	
2.03448	4.11111	22.7826	9.54545	
3.75862	6	33.3478	12	
13.2069	5.11111	28.5652	7.18182	
6.17241	2.77778	48.0435	7.36364	
19.3448	4.22222	23.7391	9.63636	
15.6897	5.11111	38	6.63636	
8.58621	7	17.4783	6.72727	
8.27586	2.88889	33.0435	6	
12.8276	4.44444	30.0435	7.36364	
11.8966	10.7778	30.9565	7.27273	
8.03448	2.22222	40	8.81818	
8.13793	5.33333	36.087	6.63636	
15.069	2	40.2609	6.54545	
8.41379	4.22222	35.6957	11.5455	
7.2069	5.77778	29.087	7.81818	
6.55172	10	25.913	6.90909	
5.7931	4.22222	35.6522	7.27273	
4.72414	5.22222	38.7391	10.4545	
4.65517	2.22222	45.087	8.45455	
10	0.888889	26.1739	10	
4.68966	1.77778	31.6522	6.36364	
18.3793	6.77778	39.3913	14.4545	
10.6897	3.11111	31.3478	5.54545	
10.3448	2.44444	33.5217	7.72727	
7.34483	4.22222	48.4783	10	
15.7241	7.44444	41.7391	12.6364	
14.1034	5.77778	33.0435	2.27273	
10.8966	3.44444	29.7391	8.18182	
8.7931	2.55556	32.4348	8	
9.13793	2.88889	40.9565	7.45455	
8.51724	7.77778	28.6522	8	
16.5517	3.66667	20.5217	6.18182	
5.31034	7.11111	24.3043	10.4545	
8.96552	5.55556	46.8696	8.90909	
7.06897	2.11111	42	11.8182	
13.6897	7	28.7391	9.72727	
15.7931	4.77778	29.8696	12.1818	
9.65517	5.22222	29.3043	10.3636	
7.2069	2.77778	28.5652	4.81818	
9.37931	6	40.6087	10	
10.6552	8.22222	23.913	9.63636	
10.5862	8.22222	37.4783	5.90909	
14.5517	3.22222	30.3043	5.09091	
11.069	5.44444	28.1304	7.72727	
12.3793	5.44444	29.087	7.81818	
10.5517	7.11111	27.087	11.9091	
11.1724	7.22222	14.8261	7.72727	
16.7586	2.88889	51.4348	10.5455	
6.62069	3.44444	41	7.36364	
10.6552	2.77778	36.9565	13.5455	
10.3103	4.44444	28.6957	6.09091	
9.13793	6.33333	30.5652	9.27273	
16.5862	6.66667	28.3913	8.90909	
17.2759	0.666667	42.7391	15.2727	
8.96552	9.33333	37.1304	7	
6.03448	3.55556	43.6087	9.81818	
12.6897	4.11111	35.7826	6.09091	
12.8276	3.66667	34.3913	7.90909	
9.34483	1.33333	23.6957	9.27273	
8.65517	13.1111	16.4348	10	
8.86207	2.44444	30.5217	5.36364	
10.3448	2	35.3913	6.81818	
6.13793	2.55556	35.4783	9.27273	
17.4138	4.55556	37.7826	7.54545	
8.93103	2.88889	36.3913	8.18182	
17.2414	3.11111	37.7826	7.72727	
5.41379	6.22222	33	9.27273	
8.41379	2.88889	32.3913	13.6364	
7.86207	6.44444	30.087	11.9091	
14.9655	1.11111	31.087	10.2727	
6.75862	3.22222	20.3913	5	
12.8621	0.555556	41.1304	9.81818	
5.75862	3.33333	40	6.63636	
11.8966	0.777778	34.0435	8.72727	
11	13.7778	37.3913	7.36364	
6.96552	7.88889	22.5652	9.72727	
14.7586	8.66667	27.5217	14	
7.03448	4.77778	32.8696	4.09091	
11	11.8889	18.5652	9.27273	
6	1.88889	24.4348	9.45455	
13.1379	5.22222	35.6087	4.18182	
6.72414	7.88889	32.8696	5.81818	
15.1034	4.33333	46.3478	9.18182	
14.2069	7.66667	29.0435	6.36364	
11.1724	3.66667	30.2609	8	
6.2069	10.7778	42.913	10.2727	
11.1724	4	24.8261	9.18182	
4.68966	2.33333	43.1739	9.72727	
8.65517	4.66667	22.1304	8.63636	
16.4828	2.44444	23.1739	6.81818	
10.2069	3.22222	38.8261	7.18182	
15.1724	6	37.1304	14.4545	
12.069	10.6667	31.6087	10.8182	
8.75862	2.77778	22.913	11.0909	
8.93103	3.66667	53.6957	8.45455	
12.1379	1	20.7391	11.1818	
7.03448	4.11111	25.6087	8.36364	
13.7586	4.33333	36.2609	11.6364	
10.069	1.22222	44.7826	8.63636	
9.06897	8.66667	31.3478	13.4545	
14.5172	4	24.4348	6	
9.24138	1.77778	44.8261	6.81818	
7.34483	1.55556	41.2609	5.90909	
5.24138	2.55556	39.913	11.6364	
9.31034	1	54.1304	7.81818	
4.13793	11.8889	18.087	11.7273	
16.4483	2	36.1739	12.8182	
11.4483	5.88889	49.3913	9.09091	
5.96552	4.33333	20.8261	8.45455	
14.1034	2.33333	27.2609	8.72727	
9.41379	14.8889	33.1304	3.45455	
6.86207	7.11111	42.6957	6.63636	
6.68966	2.55556	43.4348	9.72727	
11.069	7.66667	43.6522	9.54545	
11.3448	7.22222	29.1739	11	
8.89655	1.44444	50.3043	10.5455	
7.34483	3.55556	27.7391	6	
13.5862	3	44.6522	11.8182	
6.17241	3.88889	35.6087	10.8182	
8.37931	7.66667	31.5217	5.81818	
6.7931	5.55556	21.6522	12.2727	
5.51724	7.88889	43.2609	8	
5.58621	5.55556	44.1739	5.90909	
12.7586	6.66667	39.1739	10.2727	
6	4.66667	29.6087	6.09091	
8.31034	6.44444	27.7826	7.90909	
5.82759	9	30.1304	8.54545	
20.8276	2.55556	29.5217	12.0909	
6.48276	2.33333	27.6087	9.63636	
10.5517	4.66667	33.1739	4.81818	
14.3448	5.88889	33.9565	7.63636	
4.37931	4.66667	15.4783	7	
5.17241	6.77778	30.5217	3.18182	
11.3103	4.44444	38.7391	10.3636	
10.2414	8.88889	51.8261	10.7273	
8.44828	8.44444	33.8696	8.90909	
17.8621	3.88889	42.6957	8.54545	
7.10345	5.88889	35.913	13.3636	
13.8966	6.55556	32.8696	9.36364	
4.06897	3.55556	42.1739	9.45455	
8.31034	3.66667	39.4783	8.90909	
10.6897	3.66667	45.8696	9.45455	
12.5172	4	41.4348	8.27273	
2.41379	6.77778	36.087	11.9091	
10.8621	1.22222	32.5217	8.54545	
8.31034	6.55556	31.8696	18.1818	
8.31034	7.11111	42.8696	8.18182	
4.82759	2.77778	24.1304	13.8182	
17.2069	3.44444	30.087	11.9091	
6.86207	4.11111	25.7391	7.72727	
12.3448	5.88889	27.6522	6.27273	
11.3103	1.88889	28.4348	7.81818	
10.931	5.33333	33.087	8.81818	
9.62069	1.33333	38.7391	8.81818	
5.96552	1.55556	26.087	5.36364	
11.5517	3.44444	24	9.36364	
21.7586	5.11111	37.3913	5.90909	
9.41379	5	31.4348	9.72727	
9.37931	4.22222	25.7391	10.0909	
7.41379	1.88889	28.8261	6.45455	
9.96552	5.66667	26.9565	8.45455	
19.1034	9.44444	36.1739	12.5455	
7.31034	4.33333	31.6957	7.45455	
12.8966	2.22222	34.0435	6.72727	
10	7.88889	34.1739	8.63636	
22.4828	4.66667	24.7826	9.72727	
9.96552	1.55556	28.6087	5.09091	
8.41379	1.44444	30.4348	10.4545	
8.89655	1.66667	27.0435	6.54545	
7.24138	4.22222	27.3913	14.6364	
4.86207	8.22222	26.1304	5.72727	
17.1724	2.11111	29.3478	9.45455	
4.7931	6.77778	36.7391	7.27273	
9.89655	5.66667	29.3478	11.5455	
11.4483	23	36.3478	9	
6.55172	9.33333	27.9565	8.90909	
13.0345	5.66667	43.1304	10.8182	
4.44828	4	20.913	10.8182	
6.06897	3.44444	53	7.36364	
9.24138	2.22222	41.9565	11.9091	
4.34483	4.11111	36.6087	17.1818	
7.41379	2.66667	33.7391	8.45455	
9.03448	6	28.8696	6.45455	
10.5172	9.33333	40.7826	10.2727	
5.89655	6.44444	38.8261	10.7273	
15.6207	1.66667	33.1304	4.90909	
10.3793	1	24.1304	5	
5.41379	4.11111	29.087	6.81818	
16.2069	2.77778	40.6087	4.63636	
2.48276	1.11111	37.7826	12	
9.31034	1.33333	47.913	11.3636	
7.96552	5.55556	34.0435	13.2727	
12.7241	7	45.6087	11.8182	
10.1724	5.22222	41.1304	10.0909	
13.4828	6	23.7391	7.36364	
19.2759	4.55556	39.9565	7.54545	
2.7931	9.88889	35.5652	8.18182	
11.7931	8.55556	46.5652	7.90909	
8	12.8889	27.5652	7.36364	
5	2.88889	37.5652	9.36364	
13.5172	1.11111	26.1739	8.27273	
9.44828	4.11111	43.6957	13.5455	
4.62069	1.77778	58.2609	10.2727	
3.62069	1.11111	45	8.18182	
7.10345	1.77778	28.7826	7.63636	
7.2069	5.11111	45.6957	11.6364	
5.06897	8.88889	33.4348	5.81818	
10.1034	11	44.2609	5.09091	
14.5517	0.888889	43.8261	9.09091	
9.34483	9.33333	34.4348	8.81818	
9.7931	1	19.6957	9.45455	
12.4138	4.55556	44.5652	10.8182	
12.7586	1.44444	44.913	8.09091	
6.44828	11.2222	46.5217	4	
7.86207	2	33.1304	10.4545	
8.86207	3.33333	26.3913	4.81818	
6.37931	4.11111	25.7391	5.72727	
10	5.66667	42.0435	9.36364	
7.10345	3.88889	33.6957	14.5455	
10.3793	2.44444	40.087	9.81818	
13.2069	3.77778	30.6957	11.3636	
9.51724	2.66667	32.3043	8.63636	
12.6897	2.55556	37.6522	6.90909	
10.7931	2.22222	42.9565	10.2727	
15.4483	3.66667	29.6087	5.72727	
2.93103	5.66667	22.2174	11.7273	
20.931	14	40.3478	8.27273	
7.37931	2.88889	51.4348	6.27273	
14.5862	4.66667	13.3913	6.54545	
7.48276	4	36.5652	12.0909	
11.2414	6.66667	40.913	10.3636	
7.31034	8.44444	35.1739	7.81818	
7.65517	6	32.0435	5.90909	
15.6552	9.88889	40.2609	8.45455	
17	4.66667	35.5217	7.90909	
14.3448	2	32.2609	9.45455	
10.9655	1.22222	29.9565	10	
14.069	9.44444	31.9565	7.36364	
12.069	2.44444	47.087	6	
10.8276	3.77778	41.1304	7.54545	
14.5172	4.33333	51.3043	8.81818	
7.96552	1.77778	23.8261	8.36364	
7.44828	2.77778	47.9565	6.09091	
10.6897	3.44444	40.087	6.72727	
16.5172	7.44444	34.2174	10.1818	
6.41379	12.3333	28.4348	7.63636	
20.3448	6.66667	37.2174	4.81818	
12.4138	2.88889	34.3043	10.0909	
8.89655	3.66667	51.2174	8	
9.75862	6	38.8261	6.36364	
9.37931	5.88889	32.3043	6.72727	
5.37931	1.44444	42.6957	3.72727	
6.7931	10.4444	44.1304	4.45455	
10.7586	10.2222	32.3478	7.45455	
15.5517	9	33.6957	10.4545	
8.24138	1.22222	39.2609	8.27273	
6.75862	6.33333	50.9565	8.27273	
13.4138	4.77778	24.913	8.63636	
8.93103	6.88889	35.2174	12.6364	
10.8621	3.44444	35.4348	9.63636	
4.13793	4.22222	28.8261	13.4545	
18.5862	5.33333	32.5217	14.8182	
11.5517	4.77778	29.6522	8.90909	
10.8966	2.88889	30.1304	9.72727	
7.58621	9.77778	37.9565	7.18182	
15	2	42.7826	9.63636	
9.7931	6	27.1739	6.72727	
12.3103	8	44.4348	6.27273	
9.82759	5.11111	38.087	8.36364	
8.58621	1.11111	35.9565	10.6364	
6.93103	7.66667	34.6087	11.5455	
6.10345	6.66667	25.1739	6.81818	
10.7931	3	46.6957	6.90909	
11.3448	1.22222	32.2609	11.3636	
10.3793	4.55556	40.4348	11.5455	
4.10345	9.33333	24.8696	10.7273	
6.62069	8.22222	23.7391	8.63636	
10.6207	2	50.5652	7.63636	
7.24138	4	31.5217	5.63636	
5.65517	4.22222	30.9565	6.72727	
6.7931	16	37.2609	5.81818	
10.3448	3	38.3913	6.36364	
10.8966	4	27.7826	6.18182	
7.96552	5.55556	32.3478	7.09091	
5.51724	4.66667	34.5217	13.0909	
13.7586	4.66667	50.5217	7.36364	
3	9	38.1739	6.72727	
4.55172	5	16.2609	8.18182	
11.2759	12	31.8261	8.81818	
6.24138	5.22222	34.6522	9.18182	
11.931	1.11111	32.8261	9.27273	
3.27586	3.22222	33.913	10.2727	
3.96552	8.22222	54.2174	6.45455	
8.75862	3.22222	25.3043	9.27273	
10.2759	5.88889	34.1739	7.18182	
3.41379	4.11111	36.4348	8.81818	
15	4.22222	22.0435	10.2727	
14.1724	4.55556	47.0435	9.45455	
7.93103	2.55556	29.2609	4.63636	
7.72414	11.2222	31.6522	6.63636	
6.2069	1.11111	17.7826	6.09091	
5.82759	2	37	9.54545	
9.44828	2.66667	22.0435	4.81818	
7.24138	7.33333	44.6957	12.3636	
14.5517	5.44444	36.8261	9.09091	
4.31034	5.88889	62.5652	14.3636	
12.2759	2.55556	24.1304	7.36364	
11.3103	7	36.087	8	
10.7241	5.33333	19.913	7.27273	
8.44828	0.333333	35.3043	8.72727	
10.3103	1.55556	53.4783	6.45455	
5.82759	3.55556	34.6522	7	
6.44828	0.888889	39.2609	3.63636	
19.1379	1.77778	35.1304	9	
9.86207	5.77778	29.1739	6.81818	
6.31034	0.888889	33.913	10.4545	
2.03448	4.66667	23.1739	9.45455	
9.10345	7.77778	37.7826	9.09091	
7	2.44444	27.3913	10.4545	
14.2414	7.88889	24.3913	8	
3.68966	9.55556	32.913	7.54545	
9.62069	6.11111	28.8696	7.54545	
6.44828	8.22222	40.6087	6.18182	
9.65517	3.77778	26.3043	6.09091	
13.1034	4.88889	27.7826	8.45455	
13.4483	4.11111	37.3913	8.36364	
13.1034	1.77778	17.913	10	
13.1724	16.1111	29.1739	8.09091	
9.24138	4.55556	39.5652	13.3636	
18.3103	4.11111	32.8261	5.72727	
4.96552	9.66667	47.0435	6	
8.41379	9	28.4783	5.45455	
9.72414	2.77778	33.3043	10.1818	
4.34483	5.77778	33.8261	10.4545	
9.44828	1.22222	37.5217	8.45455	
9.10345	10.1111	38.6957	8.18182	
8.86207	9.33333	44.3478	10	
10.1034	1.22222	16.0435	14.0909	
9.10345	10.3333	32.6087	5.36364	
12.1724	2.77778	26.087	5.72727	
5.51724	4.44444	41.4783	11.2727	
11.4138	11.7778	40.1304	8.36364	
7.93103	3.11111	26.7826	11.4545	
14.8966	3.77778	38.6087	5.63636	
5.68966	5.88889	43.0435	2.63636	
7.86207	2.66667	29.3043	9.90909	
2.65517	3.55556	35.3043	5.36364	
14.5517	4.33333	32	7.36364	
11.069	4	26.6087	4.72727	
4.27586	3.33333	47.5217	9	
12.1379	3.44444	32	11.1818	
12.4828	2.66667	33.6087	7.81818	
11	7.33333	44.3043	12.2727	
4.10345	1.55556	41.5652	6.72727	
9.7931	3	35.4783	4.63636	
9	8.77778	35.7826	7.36364	
11.3793	10.6667	38.1304	11.8182	
6.10345	2.77778	34	9.63636	
11.6897	3.77778	50.7391	12.3636	
3.68966	4.77778	45.913	6	
9.7931	6.33333	32.087	10.6364	
8.86207	11.3333	25.7826	12	
5.2069	7	27.087	10.1818	
6.51724	4	30.6957	10	
5.10345	4.77778	38.7826	11.8182	
13.1724	4.66667	54	11.9091	
12.069	2.44444	36.4783	7.09091	
12.4483	1.55556	30.2174	8.90909	
8.48276	1.66667	37.3478	8.54545	
6.7931	5.77778	23.8696	6.45455	
3.44828	0.444444	46.7826	6.27273	
16.2069	10.8889	28.2174	8.63636	
9.2069	6.77778	23.2609	8.45455	
6.62069	1.11111	45.9565	4.63636	
9.06897	4.33333	32.8696	8.09091	
11.6552	3.11111	32.9565	7.90909	
8.89655	4.44444	37.6087	8.72727	
9	2.88889	35.3913	3.27273	
10.6897	5.11111	22.7826	6	
7.51724	8.11111	46	9.81818	
10.7586	3.77778	29.2609	8.45455	
5.41379	11.3333	51.5652	7.72727	
4	5.22222	40.4783	10.0909	
5.31034	2.33333	46.1304	6.72727	
10.2759	1.33333	40.0435	7.27273	
6.68966	5.22222	60.913	7.36364	
8.41379	5	49.4348	6.90909	
13.5172	11.2222	46.6087	7.81818	
5.48276	5.33333	36.6522	9.45455	
11.7931	2	36.087	11	
11.8966	4.44444	41.5217	8.27273	
8.89655	20.7778	45.6087	8.54545	
7.7931	9.55556	42.8696	8.72727	
11.6207	5.77778	45.6087	5.72727	
17.4828	3.11111	30.7826	6.90909	
13.6897	7.55556	39.1739	9.90909	
24	2.88889	33.4348	5.90909	
14.2414	4.55556	40	4.54545	
9.65517	1.77778	29.6522	11	
15.1034	9	17.2174	8.90909	
9.03448	7.33333	28.2609	6.27273	
14	4.77778	37.7391	6.54545	
5.24138	3.55556	25.1304	8	
7	2.66667	38.087	5.09091	
11.8966	0.888889	43.1304	8.18182	
8.51724	7.11111	14.913	14.1818	
9.86207	2.44444	32.6522	7.54545	
8.55172	1.55556	35.5217	4.45455	
14.931	4.66667	42.3043	8.09091	
2.34483	12.5556	35.6957	9.81818	
16.3103	5.66667	28.1304	10.7273	
9.06897	1.55556	29.5652	9.45455	
9.41379	3.66667	36.2609	6.63636	
11.1724	8.44444	30.1739	11.4545	
19.3103	1.55556	30	4.54545	
14.1379	5.44444	25.7391	6	
2.89655	6.33333	30.5652	10.9091	
7.2069	1.33333	20.1304	11.3636	
12.7931	1.77778	29.913	4.45455	
14.4138	3.55556	36.7391	9	
11.069	8.66667	40.5217	6.90909	
12.3448	0.777778	28.8696	7.36364	
9.68966	9.44444	33.2609	7.09091	
8.31034	3.77778	26	5.63636	
7.34483	8.55556	30.087	21.6364	
8.2069	6.11111	20.4783	5.81818	
10.7586	1.88889	43.9565	4.09091	
14	0.666667	52.3913	8.54545	
13.8621	2.66667	39.6957	4.09091	
5.41379	2.55556	34.4783	7.36364	
11.4483	6.33333	38.5217	12.3636	
6.68966	2.44444	23.087	7.63636	
7.51724	3.11111	28.8696	13.5455	
8.51724	4	30.3478	5.90909	
8.34483	5.88889	28.1739	5.63636	
6.82759	5.11111	30.1304	5.36364	
12.069	5	31.087	6.81818	
7.34483	7	40.3043	8.72727	
5.93103	7	42.8696	13.3636	
4.62069	2.88889	28.4783	10.9091	
14.2069	3.88889	29.3478	6.09091	
5.55172	7.22222	36.2174	13.4545	
5.93103	3.44444	38.3043	6.09091	
6.34483	3.88889	42.5652	6.36364	
13.0345	3.88889	38	5.72727	
10.2414	7.44444	40.3478	8.72727	
6.24138	2.55556	43.6957	5.27273	
15	6.88889	48.913	14.8182	
9.31034	7.33333	24	9.81818	
8.93103	3.33333	40.1304	5.27273	
11.7586	5	34.6087	7.09091	
6.31034	4.88889	45.8261	9.36364	
11.2414	2.22222	32.3043	4.09091	
16.6207	4.55556	30.8261	9.09091	
6.72414	6.11111	24.7826	11.2727	
13.5172	5.66667	41.5652	10.2727	
11.7241	2.44444	30.2609	6.09091	
8.03448	2.44444	35.7391	10.3636	
13.2069	1.77778	19.2609	9.72727	
12.6552	3.33333	52.6957	9.18182	
18.8621	4.22222	50.8261	5.36364	
5.72414	14.8889	34.8696	7.81818	
9.75862	2.44444	39.4783	10.3636	
6.17241	3.88889	37.0435	6.54545	
9.96552	10.1111	31.4783	7.45455	
7.31034	7.66667	36.3913	7.18182	
5.68966	4.55556	33.2609	5.45455	
6.06897	10.3333	36.7391	6	
4.62069	5.11111	17.8696	7.45455	
6.75862	8	26.2174	11.0909	
11.5517	9.88889	41.5652	11.0909	
12.931	4.55556	25	10.9091	
11.5172	4.88889	36.5652	9.72727	
11.931	4.66667	39.6087	10.9091	
7.75862	9.11111	20.7826	12.6364	
11.4138	4.44444	37.5217	12.5455	
8.2069	6.77778	29.2609	6.63636	
6.96552	1.66667	32.7391	4	
5.2069	2.88889	38	8.36364	
6.65517	1.66667	42.0435	9.54545	
14.7931	7.88889	48.8696	6	
9.24138	1.77778	21.6957	7	
12.4138	3.88889	45.2174	5.72727	
14.4483	13.2222	40.913	7.45455	
17.6552	2.33333	31.8696	11.9091	
13.7931	9.88889	42.1739	7.18182	
20.6207	1.88889	32.7391	7.72727	
10.4483	7.22222	30.1304	8	
20.3103	2.88889	24.1304	6.45455	
8.03448	4.33333	35.087	5.36364	
9.37931	8.22222	35.087	8.18182	
13.5862	10.8889	37.6087	4.45455	
7.51724	4.33333	44.2609	15	
20.931	4.88889	28.2609	10.3636	
7.37931	2.66667	45.8696	9.09091	
4.86207	0.888889	38.6957	9.27273	
13.3448	5.55556	27.087	10.5455	
5.27586	5.11111	39.7391	6.27273	
10.6897	4.33333	37.3478	7.27273	
6.93103	5.77778	36.6087	6.27273	
11.1724	4.77778	32.3478	8.72727	
5.06897	4.66667	42.5652	4.81818	
8.58621	1.33333	37.2174	12	
22.0345	4.33333	43.5652	6.36364	
13.9655	3.33333	31.5652	4.27273	
17.6552	1.44444	46.087	11.0909	
7.24138	4.22222	40	7.45455	
10.069	1.88889	41.913	7.36364	
11.2759	10.5556	30.8696	7.63636	
11.6207	7.77778	39.0435	10.2727	
10.9655	1.22222	35.4783	5.54545	
5.68966	2.44444	26.1304	6	
9.44828	9.33333	41.087	9.45455	
9.96552	2.77778	33.6522	6.27273	
7.06897	4.66667	34.6957	12.6364	
5.51724	10.7778	41.8261	6.54545	
7.68966	6.22222	25.1739	6.90909	
14.7586	13.4444	26.3913	10.4545	
8.65517	1.77778	30.7826	4.27273	
7.27586	3.55556	26.3043	10.3636	
19.3103	2.44444	43.6957	10.9091	
11.0345	7	28.3913	5.54545	
10.2069	2	21.3913	7.09091	
6.2069	3.77778	33	8.09091	
17.8966	1.55556	41.6522	7.72727	
6.24138	10.7778	24.4348	9.45455	
4.51724	3.55556	32.2174	10.1818	
9.03448	4.22222	24.1304	12.1818	
8.37931	3.22222	33.4348	8	
10.7241	5	21.4348	10.0909	
8.48276	4.22222	23.6957	5.90909	
8.93103	11.6667	33.1739	8.36364	
10.1379	5	33.4348	8.54545	
9.51724	4.77778	38.3913	5	
8.7931	2.55556	26.7391	5	
8.86207	4.22222	33.1739	8.09091	
15.1034	4.55556	37.1304	9.27273	
9.96552	7.88889	36.2609	11.8182	
12.6897	3.33333	28.4348	5.81818	
12.6897	6.11111	44.4348	12	
8.27586	2.88889	39.2609	5	
9.72414	6.33333	30.7391	6.81818	
10.8621	7.55556	32.7826	10.5455	
11.1034	6.22222	33.0435	8.72727	
9.82759	5.55556	34.7826	15.5455	
9.55172	8.77778	39.8261	8	
6.13793	3.22222	27.9565	12.8182	
12.9655	1.33333	23.3478	9.09091	
10.2069	3.77778	40.4783	11.0909	
8.13793	3.11111	49.1739	8	
4.86207	5.66667	40.6087	4.90909	
19.1724	4.55556	34.6087	11	
12.3448	8.11111	31.913	7.45455	
13.3448	6.55556	39.087	8.36364	
10.8966	1.77778	36.5652	9.18182	
16.7586	4.22222	48.1739	5.63636	
13.5517	1	49.8696	12.5455	
13.3448	2.55556	27.8261	9.09091	
12.9655	8.55556	35	9	
10	1.33333	33.7391	12	
5	1.55556	31.4783	11.7273	
7.62069	7.55556	39.4348	14.3636	
5.75862	2	39.087	10.8182	
8.93103	1	48.8261	10.4545	
14.2414	4.44444	48.5217	8.45455	
8.44828	10.3333	32.6957	9.54545	
10.5172	2.66667	37.3478	6.09091	
8.55172	2.66667	31.9565	9.63636	
5.2069	1.55556	27.8261	5.63636	
6.58621	4.88889	34.3043	7.45455	
3.72414	4.33333	17.3043	8.45455	
12.1379	2.55556	44.3043	10.4545	
6.58621	5.55556	34.2609	5	
11.1379	2.55556	51.4348	7	
9.17241	2.55556	30.087	14	
5.27586	9.11111	27.3913	4.63636	
5.86207	3	43.7391	10.9091	
8.86207	3.77778	35	7.90909	
13.0345	4.44444	29.3913	7.45455	
12.5517	2.33333	28.0435	4.27273	
11.9655	2.77778	40.8696	6.63636	
15.3448	9.44444	34.6957	11.0909	
9.27586	7.55556	33.087	11.4545	
8.06897	15.5556	49.4348	10.5455	
14.3103	1.88889	35.0435	9.18182	
10.7931	5.11111	31.913	9.18182	
10.3103	2.11111	28.7826	10.0909	
10.4483	4.44444	41.4348	15.6364	
6.75862	2.55556	32.3043	7.09091	
7.65517	4.22222	43.7391	12.5455	
9.68966	4.22222	36.7391	8.18182	
11.6552	5	28.5217	7.36364	
7.86207	5	22.7391	11.7273	
8.7931	9	49.0435	6.63636	
12.2414	0.111111	40.2609	6.72727	
5.37931	18.5556	38.7826	7.63636	
10.8966	4.44444	48.0435	10.0909	
8.48276	3.44444	42.9565	9.90909	
8.44828	3.66667	32.6522	9.45455	
3.82759	3.66667	29.7391	11.1818	
6.31034	2.88889	33.913	7.81818	
10.6897	3.33333	34.0435	7.36364	
11.4138	7.11111	26.9565	9.36364	
8.7931	18.3333	28.6957	7.36364	
5.55172	2	31.2609	8.18182	
11.9655	2.11111	25.7391	5.90909	
8.44828	11.2222	31.3913	5.54545	
8.24138	7.77778	46.087	10.5455	
6.62069	13.7778	56.5217	6.18182	
7.10345	1.44444	38	11.3636	
9.48276	5.55556	33.0435	8.36364	
5.82759	4.22222	33.6957	14.5455	
12.9655	1.55556	37.4348	12.0909	
4.34483	4.33333	32.3913	6.81818	
13.4828	1.77778	38.1304	10.1818	
10.2069	2	30.1304	10.7273	
5.06897	2.77778	46.7391	7.54545	
16.2759	5.88889	27.6087	8	
14.1379	4.55556	35.7391	9.18182	
15.9655	5.44444	39.5217	9.45455	
4.17241	12.7778	30.7826	6.81818	
11.2759	7.22222	31.913	2.27273	
8.34483	7.55556	27	7	
8.58621	4.22222	28.8696	8.72727	
8.27586	5.22222	30.913	11.8182	
7.89655	3.77778	38.7826	7.72727	
8.58621	2	42.913	7.54545	
1.72414	1.66667	32.8696	8.18182	
10.7241	2.11111	38.1739	7.72727	
4.75862	3	39.2609	8.63636	
7.86207	6.66667	33.6522	9.09091	
11.2414	6.44444	34.2174	5.54545	
9.24138	2.66667	32.7391	6.81818	
10.1034	3.33333	39.5652	7.90909	
11	7.33333	29.087	9.90909	
6.82759	6.22222	48.2174	5.45455	
6.06897	1.22222	30.4348	12	
5.7931	6.33333	20.913	6.72727	
6.62069	3.44444	21.9565	5.63636	
5.24138	2.77778	31.913	8.72727	
14.3448	30.6667	46.7391	8.63636	
10.4138	1.11111	34.3913	17.8182	
10.1034	7	23.8696	9.27273	
12.4483	2.88889	24.3478	10.7273	
2.55172	4.44444	28.6522	5.27273	
13.5862	8.66667	27.8696	3.90909	
21.069	10.4444	35.9565	6.27273	
8.68966	8.44444	41	9.54545	
6.44828	2.88889	48.2609	10.3636	
18.9655	2.22222	38.0435	8.63636	
13.1379	5.11111	45.913	9.72727	
16.4483	4.55556	36.9565	9.45455	
3.58621	3.88889	37.4348	4.18182	
7.37931	6	38.0435	5.27273	
5.2069	7.22222	25.3913	7.54545	
9.27586	0.666667	45.3478	9.36364	
7.62069	1.88889	28.3043	7.63636	
10.6552	1.11111	26.3043	9.18182	
13.3793	1.33333	34.6957	8.63636	
10	3.22222	32.3478	6.63636	
21.6552	3.88889	32	7.27273	
3.2069	4.55556	22.1304	5.18182	
13.5517	13.5556	36.087	13.0909	
7.10345	2.55556	42.1739	8.27273	
15.7241	2	32.1304	12	
9.93103	1.11111	33.3913	6.54545	
15.1034	2.66667	34.1739	6.18182	
9.48276	1.77778	33.087	4.45455	
5.51724	3.88889	33.4348	12.4545	
6.65517	16	37.6522	11.7273	
6.58621	8.22222	26.0435	9.09091	
3.17241	2.88889	27.8261	10.1818	
7.65517	4.33333	39.5217	10	
6.55172	3.77778	24.913	9.09091	
11.3448	2.44444	37	11.7273	
11.5517	4.55556	34.9565	6.36364	
5.86207	4.22222	30.0435	10.4545	
13.5517	0.888889	37.1739	5.72727	
10.9655	4.11111	29.6522	8.18182	
10.3103	4.44444	41.3043	11.0909	
9.89655	3.11111	27.1304	9.45455	
7.37931	20.6667	26.7826	7	
5.86207	0.888889	37	9.18182	
12.5862	2.55556	52.8261	13	
4.03448	7.22222	28.0435	4.27273	
5	2.22222	38.087	5.27273	
9.2069	1.11111	44.2609	9.36364	
7.27586	6.44444	42.3478	9.72727	
18.1034	1.44444	31.4783	8.81818	
13	6.44444	32.7391	9	
5.06897	7.22222	39.4348	9.18182	
12.6552	9.66667	32.4783	10.1818	
3.72414	3	22.1739	9.36364	
10.8276	5.77778	54.3478	14.9091	
13.4138	7	38.3478	7.27273	
10.6897	3.22222	31.2609	7.36364	
10.6897	4.88889	35.4348	7.81818	
10.7586	3.33333	29.1739	9.90909	
12.931	2.77778	33.087	5.81818	
15.0345	4.22222	50.5217	7.09091	
4.58621	14.3333	32.087	8.81818	
8.06897	2.22222	41.4348	9.36364	
10.6552	6.22222	34.4348	11.4545	
9.7931	6.33333	33.5652	5.45455	
4.75862	3.44444	30.1304	5.90909	
8.86207	9.22222	31.1739	6.45455	
11.2069	2.55556	38.087	7.36364	
10.5862	6.44444	20.6957	10	
4.13793	6.77778	36.2174	12	
6.27586	5.22222	23.8261	5.72727	
9.48276	3	41.5652	5.27273	
11.0345	1.88889	40.3478	7.72727	
7.44828	5	35.7391	6.09091	
6.10345	4.55556	31.3043	7.45455	
13.4483	7.44444	47.2174	9.72727	
12.2069	6.44444	34.087	9.72727	
6.58621	3.77778	39.3913	9.54545	
12.6552	1	33.7391	5.90909	
8.13793	3.22222	39.6087	6.09091	
12.069	8.66667	36.6957	13.4545	
8.62069	1.44444	43.913	9.45455	
7.44828	12.2222	42.3043	8	
6.27586	1.66667	38.6522	6.09091	
13.069	5.22222	34.4348	5.18182	
10.4828	1.66667	40.913	7.63636	
14.5862	2.22222	40.087	5.81818	
10.8621	7.22222	22.1304	8.81818	
12.7241	6.77778	39.6522	17.2727	
10	5.11111	34.4783	5.27273	
7.58621	2	36.1304	16.0909	
9.82759	8.77778	33.2174	10.7273	
7.62069	5	33.4783	5.72727	
8.58621	5.11111	35.4783	5.18182	
3.68966	1.11111	50.9565	9.27273	
12.931	1.77778	33.2174	12.6364	
4.65517	6.44444	35.5217	10.4545	
16.2414	7.77778	56.5652	9.45455	
18.931	3.88889	32.1739	9.90909	
9.31034	2.66667	51.4348	10.4545	
10.7586	3.77778	22.8261	5.27273	
3.89655	3.11111	42.087	8.90909	
6.31034	9	41.2609	10.4545	
5.17241	9.66667	44	8.72727	
8.51724	1	46.4348	10	
6.7931	9.44444	36.087	8.72727	
12.1379	2.77778	30	12.4545	
12	3.88889	33.3478	5.90909	
13.9655	10.5556	36	10.1818	
4.68966	1.66667	27.5652	6.90909	
1.13793	5	37	8.72727	
4.7931	1.33333	17.2609	10.0909	
14.1034	4.44444	31.7826	8.09091	
11.7586	2.66667	32.3043	5.81818	
6.96552	3.44444	32.6957	7.81818	
9.41379	5	20.3478	6.81818	
19.5862	12.3333	29.0435	11.3636	
8.48276	1.66667	40.6957	6.09091	
10.2069	8.44444	24.0435	8.36364	
11.069	2.33333	39.087	9.45455	
6	4.44444	25.1304	11.0909	
8.7931	5.44444	39.7391	10.6364	
10.1724	5.66667	30.6522	12.0909	
3.82759	2.22222	57.5217	6.45455	
6.24138	4	52.7826	9.72727	
9.75862	3.55556	40.5652	7	
13	2.33333	31.7826	7.18182	
6.68966	3.88889	32.3478	12.5455	
10.5517	4	21.6087	4	
16.9655	9.22222	32.9565	9.72727	
12.7586	0.777778	24.1304	9.45455	
16.3103	8.88889	39.8261	6.54545	
10.5172	10.5556	47.1304	9	
7.68966	3.11111	50.5652	5.09091	
13.1034	3	29.9565	6.90909	
11.1724	5.55556	16.2174	8.54545	
12.1379	8.33333	41.5217	9.18182	
12.3448	1.11111	20.0435	11.0909	
10.931	2.11111	34.3478	8.18182	
12	2.44444	50.4783	4.81818	
12.9655	1.77778	61.1304	12.4545	
13.4483	4.11111	37.6087	6	
5.96552	2.88889	43.1304	8.36364	
17.7586	10.5556	46.3043	16.6364	
12.4483	7.33333	53	7.18182	
8.10345	5.11111	41.9565	11.1818	
14.4138	7.11111	46.3043	10	
12.3448	4.33333	55	8.72727	
8.7931	3.77778	28.6087	10.0909	
6.58621	2.11111	39.2609	8.90909	
12.1379	3.88889	35.3913	10.1818	
