FF[0]	FF[1]	FF[2]	FF[3]	
1.00766	-0.570407	0.855925	-1.50315	
0.84736	0.558283	1.27703	-0.357845	
-0.163484	0.058164	0.078876	0.363476	
0.0091229	1.10509	0.260788	-0.297636	
-1.02559	0.162859	0.127784	-0.545596	
-0.858535	-1.99965	0.0970527	0.009731	
-0.769983	0.869423	-0.195678	-0.972375	
-0.00804236	0.575823	0.76482	0.264254	
-1.78314	0.39213	0.192688	-0.604776	
0.850645	-1.56852	0.353861	-0.304362	
-4.00027	-0.0991896	-0.414044	-0.455712	
-0.00383934	-2.73222	0.211289	0.971307	
1.60836	1.0276	-0.0178366	0.352339	
1.05201	-0.123908	0.10435	-0.406976	
-1.16322	-0.557358	-0.691498	-0.382947	
-0.313001	1.68353	-1.10168	0.4614	
0.289324	0.802005	0.863408	0.160567	
-0.354937	-1.20831	-0.273319	-0.229841	
0.753109	1.13227	-1.00071	1.16804	
0.273535	-1.08669	-1.12231	-0.0440424	
-1.71093	-0.396759	0.840417	-1.00476	
-1.61702	-0.568086	0.844031	0.768164	
-0.84457	1.15629	-0.116371	0.561541	
1.05949	-1.26563	0.782671	-1.11007	
0.736125	-0.269682	0.258581	-0.409588	
-0.133318	-0.432828	0.0854446	0.45981	
-0.292301	-1.018	-0.220585	-0.916276	
-0.00687378	0.954819	-0.808858	-1.30239	
-0.0184247	-0.626153	-0.272835	0.657933	
-0.0849131	-0.541034	-0.192245	1.25512	
-1.35639	-0.342569	-0.0506675	1.2632	
1.10314	2.09773	-0.00687076	0.380181	
0.0968029	-0.024219	1.02664	0.0897577	
0.18574	-0.819908	0.615761	-1.13189	
-0.830307	-0.168675	0.0890408	0.886547	
0.663626	-2.15397	-0.237531	-0.110479	
-1.26316	-1.92783	0.907144	0.0154966	
1.12017	-0.308951	0.278997	-0.203646	
0.189969	-1.23721	0.951059	-1.3108	
-1.46026	0.638148	1.1472	-0.316555	
0.0764002	-1.20415	-0.328835	-0.985654	
0.746725	-0.818198	0.895898	0.462116	
-0.676306	-1.0877	-0.117303	-1.36715	
-1.25959	-1.08133	0.534363	-0.523587	
-0.988315	-1.37009	-0.105684	0.962348	
-0.557354	0.652798	0.705811	0.00686284	
-0.215229	1.50376	-0.302117	-0.804443	
-1.17465	-1.59725	0.298795	-1.36197	
0.397333	-0.145774	1.09902	0.0697496	
0.570054	-0.344599	0.621808	0.748511	
1.41065	0.378724	-0.192618	-0.682891	
0.741362	1.05959	-0.581906	0.390966	
-0.706892	0.111407	0.100679	0.281376	
0.536858	1.51536	0.42463	-0.778878	
-0.513689	-1.6782	0.678139	0.0293148	
-1.36132	-0.0322086	-0.302388	0.216952	
-0.0883956	-1.42858	-1.14421	-1.21796	
-1.14967	1.41988	0.766437	-1.51425	
-1.34914	1.70173	0.380028	0.176232	
0.415366	0.137187	-0.746364	-0.361484	
-0.349807	1.51322	-0.262274	0.924749	
-0.153505	-0.191901	-0.114854	0.98419	
0.637126	0.13291	0.0108815	0.365388	
0.150097	-0.274831	0.185091	-0.18632	
0.505021	0.227844	0.468944	-0.388961	
0.58938	-0.405776	0.331883	0.0617656	
-0.478102	0.730425	-0.189856	-0.563737	
-0.0404742	1.14074	-1.23614	-0.323556	
-1.14343	1.91629	1.21852	-0.0377456	
1.0859	-0.74762	-0.0847394	-0.876671	
0.878042	-2.73492	-0.116415	0.697096	
0.511054	1.21737	-0.825013	-0.307461	
0.33312	-1.35889	0.379556	-1.36431	
-1.53511	0.869633	0.412577	-0.396305	
-0.2728	0.258032	-0.12727	0.204334	
-1.12218	-1.13617	0.037872	-0.754718	
-1.25539	-0.56795	0.759489	0.225331	
0.243342	0.734929	0.0646859	-0.308497	
0.807487	0.134746	0.0650934	-0.232081	
0.977479	1.68599	0.0567135	-0.20763	
0.737567	1.49779	0.65754	1.27518	
0.405239	1.19878	0.382599	-0.670398	
1.24108	0.586355	0.728492	-0.672132	
-0.450964	0.49611	0.854891	0.600889	
1.31435	-1.0898	0.813738	-1.83238	
0.822801	-0.270517	-0.382941	-1.08872	
0.499143	-2.34254	-0.5011	0.851054	
-0.948498	1.0092	0.340838	-0.888837	
-0.114624	-2.01167	-0.0560169	0.38771	
-1.00903	0.932953	-0.519471	-0.189933	
0.627116	-0.813743	-1.29657	-0.353839	
0.167751	0.159869	-0.632569	-0.43435	
-1.61127	1.28835	0.0230568	0.326823	
-0.733776	-1.07877	-0.415511	-0.836995	
-1.34078	0.451039	0.31311	0.135297	
-0.997738	-1.86886	-0.175601	-0.335823	
0.323261	-2.0284	0.248102	-0.759756	
-1.27838	-2.1281	0.150894	-0.0900118	
0.101064	-0.969397	0.252048	-0.654162	
-0.472229	0.501402	-0.19042	-0.00686284	
0.714709	-2.43712	-1.08106	0.470105	
0.718813	-1.94483	0.269711	-2.40047	
-1.79838	1.51793	-1.73152	0.189374	
-0.607668	-0.31137	0.792337	-0.0904286	
-0.245677	-0.479607	-0.5655	0.569051	
0.306227	-0.501402	0.0789561	1.12999	
-0.663351	1.66799	0.426956	-1.35199	
-1.16317	1.37844	-0.286318	-1.5123	
0.109826	0.252483	0.156428	-0.274139	
-2.1497	-0.36223	-0.134882	-0.516133	
0.0745805	0.808549	-0.00390309	-0.371963	
-1.27147	-0.74762	-0.79281	0.190842	
-0.730807	-1.18787	-0.788089	0.865226	
1.18398	-1.37971	0.779623	-0.748127	
1.24347	-1.64487	0.20932	0.775501	
1.17566	-1.65875	0.345818	0.359031	
-0.414092	1.87485	0.292577	-1.05893	
-0.715485	-0.721233	0.128174	0.145011	
0.310551	-0.305502	0.582169	-0.446064	
-1.11666	-0.0399672	-1.01453	0.112197	
-0.229196	-0.85213	-0.472204	0.153227	
-1.25856	-0.348824	0.432498	-0.634813	
-0.689403	-2.14369	-0.242119	-0.772564	
-0.371226	-0.288686	0.163524	0.784379	
0.472605	1.88644	0.295481	-0.332867	
0.25704	0.0700583	1.22179	-0.81282	
-0.499847	-0.532453	-0.493195	0.489533	
0.415631	-1.25614	0.486087	-1.6567	
-0.62029	-0.599508	-0.411647	-0.827484	
-0.383273	1.35522	0.215842	-1.28105	
0.211416	-0.424924	-0.149839	0.255561	
0.281032	-0.732732	-0.758806	0.00922297	
-1.3476	-0.10779	-0.0693323	0.48975	
0.553352	0	-0.411464	0.0549796	
-0.548412	0.482624	-1.44841	-1.8209	
0.883772	1.20246	-1.04152	-1.07403	
-0.079956	-0.121834	0.327931	0.592558	
-1.5672	-0.973032	0.145896	-0.176232	
-0.102744	-1.51885	-0.928956	-0.518033	
0.321805	1.12014	-0.0886409	0.17731	
0.564696	-1.50062	-0.162555	0.0542381	
0.879902	1.05021	0.747783	0.0962316	
0.470531	-2.49096	-0.233227	-0.203653	
0.920106	0.527728	0.177074	-0.298435	
0.00909329	1.40213	-0.559643	0.586531	
-0.287744	0.303586	-1.58624	-1.1492	
-1.76112	0.762857	0.147459	-0.556035	
-0.283134	-0.66148	0.644663	0.358987	
-0.150414	1.20046	-0.916921	-0.180277	
0.730339	1.55063	-0.33343	0.707931	
-1.45392	1.13085	-0.657316	-0.580045	
0.676099	-2.14846	0.18686	1.09426	
-0.605483	0.0402392	-0.675683	-0.374925	
-0.0606534	-2.83208	1.11196	-0.890902	
0.705031	-0.977154	-1.0376	-0.754153	
0.592837	-1.17491	-0.417913	0.346364	
-0.100337	0.133224	-0.210085	-1.06375	
0.205081	0.485129	0.842052	0.242233	
-0.996004	0.245799	0.38098	-0.0240199	
-0.838961	-2.0783	1.2011	1.43735	
-0.675617	0.166584	-0.721087	-0.360299	
-0.838052	0.365031	-0.526802	-0.401082	
0.0493846	-1.34131	-0.055379	-1.0701	
-1.10637	-1.49211	-1.47966	-1.98191	
-0.644419	0.892835	-0.995663	0.186995	
-1.13898	-0.422744	0.977634	-0.242809	
-0.850168	-0.180345	-0.0577896	-0.339041	
0.243784	0.191941	-0.203013	-0.372745	
0.829431	-0.0274144	1.52177	-0.16325	
0.0548965	-0.31357	-0.370397	0.254313	
0.838173	-1.4128	0.138606	-0.190307	
0.432274	-1.51793	0.277572	0.719545	
0.273987	-2.78063	0.591615	-1.21538	
0.926157	-1.13617	0.399024	1.43515	
-0.184998	-0.440957	0.883613	0.321188	
1.54991	-1.71412	-1.38606	-0.484467	
-0.0437121	-1.25939	-1.16585	0.660636	
0.424493	-0.169533	1.85904	-1.50029	
-1.34292	0.308951	-0.319489	-0.443764	
0.565766	-1.8007	-0.665273	-0.630917	
1.36117	1.88487	0.317006	0.68117	
-0.615243	0.067373	-0.0368989	0.960675	
0.346832	-0.354109	0.0453887	-0.338453	
0.0725782	0.969397	0.181597	-0.158522	
-0.191376	-1.50905	-0.822778	0.963428	
-0.908142	-1.38553	-0.545716	1.42587	
0.134062	-1.234	-0.514483	-0.0195813	
0.496763	-0.200501	0.144189	0.897415	
-0.13084	-0.950508	-0.308158	0.370593	
-0.792401	-1.71495	-0.518312	-0.074113	
0.00969695	0.785831	0.118733	0.282169	
0.0781258	0.885982	-0.0822127	0.0373098	
-0.487401	1.69524	-0.236244	-0.0411389	
-0.84413	0.58702	-0.0602586	-0.291852	
-0.0760722	1.98845	-0.0992264	0.842135	
-1.284	0.771727	0.122442	-0.0648269	
0.442253	1.21281	0.459893	-0.311551	
-0.550678	-0.246933	0.360501	0.780209	
0.145654	-1.56852	0.270165	0.245363	
-0.376655	0.465312	0.288162	0.238297	
0.465032	1.62261	0.178235	1.16679	
-0.561433	0.755073	0.383237	-1.31038	
0.38567	-1.38553	1.13097	-1.10648	
-0.432045	-0.313414	0.191401	-0.133825	
0.512091	1.24548	1.42637	-0.229063	
0.170879	1.08436	-0.708816	0.596956	
-0.875529	0.825989	0.95388	0.567046	
0.697387	1.33187	-0.136054	0.148307	
0.313542	-0.651436	0.0483764	1.09015	
-0.173878	-1.90964	0.861315	0.0344895	
-1.98337	-0.801757	-1.26802	1.35252	
0.162344	2.00834	-1.02318	1.02722	
-1.0351	-1.30326	-0.584383	-0.255997	
0.498184	-2.07664	0.225294	1.47643	
1.0374	0.0918964	0.100877	0.768749	
-0.758663	0.116372	0.169167	-0.37773	
-1.31626	-0.602513	-0.218401	-0.0823541	
-0.485227	-0.426065	-0.202531	-0.291712	
-0.216868	-0.998345	0.419533	-0.359233	
1.2937	0.829378	-0.411573	-0.779895	
-0.544437	0.117224	0.995482	-0.393363	
0.142275	0.294705	-0.20075	0.194447	
-0.661645	-0.519574	0.985127	-1.59789	
0.768534	-0.10933	-0.170915	0.720122	
-0.548361	-0.372249	0.275196	0.441625	
-1.0449	1.62752	-0.853302	0.26268	
1.19466	1.56224	-0.0102347	-0.101454	
-0.87588	-0.0668337	0.617545	0.0316258	
-0.636683	0.380247	0.285928	0.516198	
0.329821	-0.364656	-0.373949	0.089837	
-0.766482	-1.74367	0.978147	-1.34395	
0.860321	-0.00505478	-0.506012	0.962446	
1.30318	0.303771	0.0648268	-0.7223	
-0.165081	0.190124	0.692365	-0.203321	
-0.731362	-0.743447	0.442906	-0.574959	
0.0204419	1.53301	-0.187005	0.427045	
1.16259	1.7826	-0.0828805	-1.20635	
-0.147697	0.0195981	-0.0986486	-0.68185	
0.492474	-0.568087	-0.217768	0.0286315	
0.174486	-0.640224	-0.51433	0.901893	
0.849914	-1.61199	-0.419148	-0.347708	
1.23697	-2.65817	-0.70371	0.197743	
-1.33232	-1.21309	0.0506736	0.0307337	
0.515975	-1.62357	0.909265	-0.586946	
-0.337534	-2.35589	-0.172279	1.3488	
0.651686	-0.660152	-1.15348	-0.00258276	
0.165682	0.610722	0.571327	-0.348435	
0.482872	-2.07645	-0.908915	0.335921	
-0.580974	-1.24769	0.129545	-0.560026	
0.523519	1.26797	0.872766	1.19635	
-1.05853	1.78563	0.267581	-0.0398487	
-0.982247	1.10989	1.10528	-0.889106	
0.259512	0.793723	-1.02086	-0.701472	
1.03673	-0.96379	-0.0015185	-0.161884	
0.529222	0.293991	-1.15384	-0.298021	
0.0501716	0.429218	0.0968841	0.368385	
-2.36313	-0.251118	-0.498332	0.76668	
0.161402	0.426065	0.546962	0.0127476	
-0.922161	-0.473765	0.492465	-0.617281	
0.115041	0.31746	0.445466	0.71026	
0.451517	1.05866	-0.685288	-0.282736	
0.998534	0.597228	-0.9816	-0.134304	
0.900178	0.199365	-0.721473	-0.258276	
0.226737	-2.87764	0.399384	0.590493	
-0.838604	1.51127	0.772675	-0.106374	
-0.871694	-1.28721	0.728795	0.0567392	
-1.28356	0.175439	0.017959	-0.43684	
1.43676	-0.692151	0.351065	-0.663002	
-0.135909	0.514705	-0.164892	0.0783253	
0.223407	1.13651	-1.30137	0.154966	
0.359155	0.62714	-0.497298	-0.663196	
-0.0239607	0.0293972	0.222958	-0.0475565	
-0.0281987	-1.43865	-1.13689	-0.626624	
1.36349	0.52394	-0.101614	-0.174102	
0.347174	0.166584	0.395531	0.418869	
0.956587	0.140117	-0.15883	0.658605	
-0.679292	-1.19938	0.122768	0.963428	
-1.13005	1.14649	-1.43278	1.00229	
0.416969	-0.213895	-0.832255	-0.240842	
-0.23863	-2.66534	0.571249	-0.192429	
-0.55191	-0.233528	-1.29313	-0.769472	
1.03657	-1.09664	0.361766	0.723424	
-1.12194	0.243465	0.275471	0.103789	
-0.323654	0.212981	-0.313376	0.398487	
0.52172	1.56786	0.119101	-0.736116	
-0.902238	0.847303	-0.364472	-0.229905	
1.36507	-0.761948	-0.675506	0.2829	
-1.28083	-0.718462	0.88774	-1.29164	
-0.601285	0.601345	0.558319	1.35284	
-0.0193873	0.903087	-0.655987	-0.990954	
0.656224	-0.716604	0.579914	0.95481	
-0.536043	1.98981	-0.441599	-0.328966	
1.39191	0.306586	-0.966858	-0.328011	
-0.149826	0.308342	-1.88457	-0.254844	
0.466519	-0.575807	-0.0711018	-0.23621	
-0.811929	0.132296	0.179301	-0.427908	
0.628674	1.46013	0.0838604	-0.294851	
-0.70968	0.0429449	0.257255	0.398374	
0.136965	0.932091	-0.285882	-0.286687	
0.0951974	0.515338	-0.298282	0.795002	
0.344352	1.15951	0.454582	-0.327565	
0.860142	0.762857	-0.311461	0.815543	
-0.595613	1.39913	0.196203	1.04201	
0.526586	-2.29298	-0.991928	0.580652	
-1.94834	-0.575807	0.382484	0.274493	
-1.40629	-3.17489	-0.442514	0.116224	
0.477258	-0.699068	0.203249	0.0605583	
1.21429	-0.0934111	-0.111859	1.09797	
-0.521012	-1.63286	0.509012	-0.492416	
-0.118288	-1.24617	0.0524758	0.183103	
0.469602	0.730928	0.135291	-0.848643	
-1.15326	-0.106579	0.726105	0.509775	
-0.301011	-1.27761	0.163874	0.638352	
0.957554	1.17589	-0.45376	-0.749571	
-1.63516	-2.53375	0.691354	0.645107	
-2.19242	-1.60912	-1.6493	1.21257	
0.109542	0.472393	-0.327623	1.00053	
-0.10504	-0.234448	0.896315	0.282199	
-0.669994	1.01895	-0.96826	0.352641	
0.961298	-0.0932568	-1.15284	-0.0855239	
0.993109	-1.06637	-0.835091	-1.61761	
0.664189	-0.548687	0.544277	0.230553	
-0.655804	-1.70475	0.0905141	0.581122	
0.470854	1.35125	0.668116	-0.363297	
-0.669044	-1.05546	-0.259442	-0.311711	
0.0171611	0.154475	0.78355	0.265583	
-0.59578	0.225431	-0.131123	0.126817	
1.17855	0.342655	-0.238811	0	
-0.204731	-0.787179	-0.457368	-0.255439	
-0.698847	1.94052	-0.613222	-0.702518	
0.170383	-1.14583	-0.0959253	-0.410514	
0.745442	-1.2486	1.10845	0.0626193	
-0.467152	-0.292943	1.46228	-0.962735	
0.566639	1.50671	0.286071	0.17789	
0.389516	0.890969	-0.812522	0.202454	
0.378366	-0.0983625	-0.482037	-0.155776	
-2.08138	1.01601	-0.0960989	-1.55696	
0.559655	-0.480154	-0.680768	-0.602007	
-0.729931	-0.611964	-0.963487	-0.0959394	
0.0798352	1.05866	-0.286192	-1.51984	
-0.305785	-0.739929	-0.333903	0.448217	
-0.139221	0.996385	-3.04332	-0.0240199	
-1.66217	-1.42096	0.0878196	-0.739335	
-0.568982	-0.183793	0.263154	-0.749002	
-0.362819	-2.15096	0.0947955	0.144635	
0.0595302	0.32342	0.695511	0.398487	
1.33645	-0.382163	-0.0798437	0.524508	
-0.0806061	-0.247034	-0.0477928	1.2152	
1.72906	-1.91941	0.691698	-0.423429	
0.252643	-1.05686	-0.0931501	-0.148643	
-0.537549	-1.39033	-1.10284	-0.491739	
-0.361343	-1.37808	1.24411	0.990954	
0.668685	0.109658	0.390423	-0.356548	
-0.20912	-1.31451	0.281813	0.06825	
0.250148	-0.66612	-0.65724	0.283431	
0.382753	-2.50425	-0.352435	-0.0099732	
0.904974	0.58702	-0.433961	0.371281	
0.345915	-1.9944	-1.31136	0.547048	
0.113808	0.0233528	-0.204692	-0.744701	
0.895991	-0.514485	-0.971052	-0.161052	
-0.53645	0.723936	-0.102082	0.711098	
-0.556848	0.354295	-0.416891	0.218054	
0.527374	-1.18654	0.556776	-0.0171571	
0.08422	-1.88957	0.936075	-0.454924	
-0.872268	-1.27895	0.228666	-1.18975	
-0.408074	-0.145774	-0.660127	-0.312515	
-0.511838	-0.554947	0.812891	-0.37773	
0.958311	2.00055	-0.852212	-1.52852	
-0.0670756	0.661662	-0.328425	-0.488983	
0.14476	-1.08133	-0.434455	-0.319122	
0.220933	-0.764234	-0.220005	-0.484647	
0.916625	1.26012	0.311461	0.161132	
0.230399	0.541034	0.417003	-0.26268	
-0.428268	-0.536811	-0.234113	0.0725057	
-0.114792	-0.953397	-0.310195	1.04147	
1.55836	-1.25259	-0.0873434	-1.01503	
0.626545	-1.2611	-0.626806	1.10367	
-0.292583	-0.559541	-0.131249	1.28186	
-0.226346	-1.0387	-1.04684	-0.735541	
-0.615927	0.604155	0.319312	0.855799	
-1.46129	0.374054	-0.275258	0.0994784	
-0.0231103	1.06945	-0.954965	-0.358638	
-0.370361	0.348984	0.00165281	0.398487	
-1.64885	1.73471	-0.504325	0.871434	
0.325935	1.17924	0.860366	-0.601722	
-0.121956	1.09679	0.43677	0.216321	
0.543993	-0.663271	0.403748	0.571696	
-2.31705	-0.490408	-0.338762	0.710149	
-0.155354	-0.721379	0.260019	-0.0908375	
0.774069	-1.37062	0.207918	-0.36248	
-0.66841	-0.552682	0.795851	0.669197	
-0.516626	0.279534	0.28439	-0.608163	
0.405362	1.12246	-0.802086	0.23106	
-2.07691	0.309997	0.413479	-0.136329	
0.907249	0.698229	0.291171	1.49239	
0.326071	0.129016	-0.136457	0.405857	
-0.203757	0.258032	-1.07351	-0.627147	
-0.366788	-1.67208	-0.556211	0.656701	
1.21208	-2.52914	0.510722	-0.964508	
-2.35511	-0.46146	0.810828	1.03635	
0.909827	-1.07877	0.0114773	0.156548	
0.321312	-1.66595	0.407995	0.0525782	
0.190177	-0.764545	0.950893	-0.998346	
-0.801557	0.0697967	0.329793	0.721936	
-1.17504	-0.410363	-0.921106	0.497652	
0.649832	-1.16275	-0.0638937	-1.59679	
-0.679256	-0.15626	0.384196	-0.72496	
1.68446	1.01939	0.54688	1.20051	
0.11761	0.521166	-0.510915	-0.0107368	
-1.40738	-0.37594	1.13853	0.909915	
0.682557	1.20415	-0.940858	0.332867	
-1.63095	0.651629	0.0451749	-0.405799	
0.375673	0	0.687308	-0.100728	
-1.24938	1.38865	0.973315	-0.0214736	
-0.713144	-1.97546	-0.887292	0.0275265	
-0.964734	-1.03728	0.106095	0.430946	
-1.14604	1.18189	0.120536	0.352464	
1.22171	1.65169	0.157237	-0.139753	
0.282459	-1.47312	-0.0386424	-0.272468	
0.483628	1.79021	-0.767788	-0.199737	
-0.672429	0.354969	-0.558566	-0.274239	
0.39881	1.61913	0.779079	-0.538409	
-0.914239	-1.59725	0.0391882	-1.23932	
0.0328216	1.60063	0.69928	-0.493247	
-0.960611	0.0950618	-0.0275553	-0.0505559	
0.512796	-0.182217	-1.16733	-0.793305	
-0.280361	-0.630532	-0.466087	-1.26495	
-0.70926	-0.634538	0.259454	-0.549342	
-0.55652	0.626828	-0.0554038	1.04955	
0.175198	0.515338	0.415282	0.783505	
1.36928	-1.19253	-1.48257	0.762484	
1.63277	-2.63179	0.84356	-0.327328	
1.38586	1.65615	1.04564	-0.309932	
-0.669326	-1.63212	-0.0918512	0.139484	
1.48464	0.486931	-1.27066	-1.78073	
-2.0064	1.5557	-1.14298	0.839267	
1.3973	1.19557	0.397485	0.645322	
-0.339801	1.22392	1.1484	0.538461	
1.00923	1.07797	-0.498813	-0.164483	
0.163349	-2.04238	0.405438	0.389948	
-0.0631585	1.50632	-0.310651	0.0549796	
1.33623	0.650984	-0.608927	0.665883	
-0.833516	0.221979	-0.192677	1.17096	
0.688753	0.482871	-0.259219	0.620048	
-0.0248221	-2.06406	0.39494	1.6119	
1.17692	-2.68661	0.0158949	0.304362	
0.731309	-0.479208	-0.313276	-0.394417	
0.881543	-0.109868	0.0481775	0.387751	
-0.240995	0.972536	0.515735	-0.0823541	
0.0362649	-2.02888	-0.620265	-0.280136	
0.767869	0	-0.31852	0.74353	
-0.620887	-1.92147	-0.00288432	0.493667	
-0.776397	-0.0858897	0.780237	-1.24385	
0.167358	-0.31746	0.751512	0	
0.358226	-0.0905575	-0.509848	0.671842	
-0.344689	-1.70782	-0.29229	-1.38304	
0.507477	-0.846991	-0.0741321	1.03371	
-1.51346	-0.911312	-0.431508	0.260859	
-1.27194	0.42035	-0.0953749	-0.115253	
-0.0258338	-0.0719931	0.190514	-0.0824313	
0.475368	0.203574	0.255362	0.467991	
-0.434845	-2.83208	0.605179	-1.69284	
-0.342256	-1.59849	0.0691519	-1.14815	
0.49073	0.461954	-0.381859	0.0055053	
0.855284	1.43556	0.0836906	0.715426	
-0.261978	1.29149	0.642519	0.103134	
-0.851236	2.15889	0.241192	-0.402377	
0.963774	-0.731006	-0.691261	-0.508445	
0.134039	1.69657	-0.118217	0.17917	
0.583476	0.697854	0.0317046	1.31767	
-0.668946	-0.902974	-0.447857	-1.06812	
1.11443	0.523235	-0.41346	0.96273	
0.929336	-0.27697	0.155578	0.781933	
-0.457649	0.91497	0.329802	0.570158	
-0.557103	2.34542	0.243358	-0.0123312	
0.357706	0.892601	1.1057	-0.0659142	
0.769399	2.14369	0.666256	-0.311551	
0.541417	-1.19642	0.306591	1.10327	
0.643225	0.897823	0.0704677	-0.506347	
-0.0791982	-1.14074	0.0394694	-0.116506	
0.0586033	0.572634	-1.34574	0.654864	
0.569342	-0.273371	-0.76825	-0.1326	
-1.24967	0.117589	0.193028	0.366531	
0.557722	1.29564	0.102303	1.55796	
-0.156972	-1.1061	-0.130104	0.982696	
-1.31536	0.612344	-0.363449	0.0827135	
-0.718417	1.501	-1.14112	-0.863376	
0.0476649	-1.48946	0.361557	-0.500987	
-1.34134	-0.68598	-0.00528674	-0.809815	
-0.568695	-0.0510209	0.126569	0.694314	
-0.202681	2.06515	0.334759	0.193263	
1.13834	0.926853	0.94056	0.164631	
-0.137073	-1.56795	-0.505544	-0.0778527	
-0.264042	-1.11714	0.537714	-1.09797	
-1.66831	0.78621	1.39821	-0.595977	
-0.476241	0.604962	0.934232	0.194447	
-1.27401	0.0291548	-0.026212	0.191879	
0.0976431	0.8407	-0.825725	1.34395	
-0.134376	-1.13117	-0.0358258	0.224701	
0.261735	0.291078	-0.632538	0.902288	
0.350835	1.27789	0.00963809	0.174946	
0.395456	0.636939	0.953246	-0.333021	
0.725139	-0.61622	-0.0417712	-1.07111	
0.127146	0.367585	-0.477206	-0.426397	
-0.356062	-1.4187	-0.30249	0.0919427	
-0.447418	0.390656	-0.0906841	0.991681	
-0.618894	0.133667	-0.978362	-0.90798	
1.04001	0.400878	-0.0527981	0.702512	
-0.134044	0.923314	-0.801615	-1.11486	
-0.165109	1.66651	-0.0233703	-0.745509	
-0.939689	-1.38553	-1.57235	-0.291838	
0.35302	-1.17025	0.263977	-0.985264	
-0.699922	1.75864	-0.585787	-0.0867177	
-0.0821493	0.111943	-0.39943	1.92713	
-0.014197	-1.44828	0.385633	-0.917283	
-0.885702	-0.179038	1.01639	0.406784	
0.16368	-0.0399672	-0.746808	0.485653	
0.128908	1.1589	-0.610984	-1.45566	
-0.505745	0.13291	-0.729304	-0.866323	
0.216267	-2.32229	0.0362899	0.934654	
1.38144	0.759377	0.390917	0.0117488	
0.263225	0.186822	0.538664	0.811205	
-1.42618	-1.07877	0.488453	-2.20877	
1.68076	0.133224	0.616821	-0.008539	
0.808575	-0.217959	-0.260055	0.567859	
1.01651	-2.11826	-0.122493	0.493848	
-1.55538	0.34299	-0.479646	0.065143	
-0.129125	1.24001	-0.732263	0.175628	
-2.1424	-0.0107362	-0.661291	0.157234	
-0.150633	0.414492	-0.750697	-0.534014	
-0.988339	0.633896	0.398706	0.317218	
1.12699	0.194052	0.139126	-0.697352	
-0.0301012	0.825151	0.772883	-0.363313	
0.356121	-0.334723	-1.51428	-1.48368	
1.2963	-0.443034	0.191964	-0.599212	
0.0706447	0.944026	0.524029	-0.430215	
0.932355	-2.47539	-0.723513	-1.2294	
-0.0267431	-0.451092	0.0113009	1.03156	
-0.583383	0.944385	1.1019	1.15394	
0.918528	-0.262393	0.198136	-0.118105	
-1.37502	-0.0975225	0.253142	-0.494588	
0.389019	0.534832	-0.28489	0.0747981	
-2.05473	-0.577103	-0.00262918	-0.175889	
-1.11589	-0.728853	-0.154384	-0.410145	
1.30759	-1.92178	-0.193398	-0.130584	
-1.66112	-1.47457	-0.0876421	-0.505924	
-1.25463	-1.88424	-0.482409	-0.945292	
0.206695	-1.08133	-0.435903	0.0586449	
-1.61779	-1.23028	0.50488	0.194632	
-0.531258	-0.960307	-0.382774	-0.621749	
-0.474912	-1.6537	-0.316943	0.559533	
-0.417814	1.41033	-0.0698174	0.996217	
-1.0367	-0.16764	0.0564673	-1.28936	
0.603272	-1.13617	1.30564	0.319486	
-1.92984	0.285401	-0.346137	-0.454554	
-1.00878	1.82328	0.233209	-0.202945	
-1.55319	-1.1863	-0.194683	-0.42446	
0.0673577	-0.0551234	0.737622	-0.744133	
0.477517	1.06934	-0.249846	-0.565472	
-2.76936	-0.215579	0.396269	0.731508	
0.0252559	-2.19516	-0.114751	-0.49011	
-0.0508356	-0.918964	-0.427556	-0.847147	
0.306867	0.0105704	0.750601	0.0111897	
-0.53142	-1.32055	-0.300257	0.172036	
1.10257	0.451128	-0.625536	-0.0562269	
-1.38411	-0.392879	-0.272091	-0.79982	
-0.228343	1.69398	-0.441449	0.81799	
-0.401865	0.905924	0.296136	-0.638615	
0.151521	0.862317	0.964501	-0.543168	
0.436127	-0.66148	-0.210609	0.0825069	
-0.731838	0.171676	0.099528	-0.145163	
1.42243	-0.48438	-0.298287	-0.577117	
-1.24029	0.734978	0.240331	0.466025	
-0.785132	0.186822	-0.465892	-1.09447	
0.496033	1.21136	0.504272	-0.616107	
-0.18243	-0.126241	0.954834	0.539798	
0.502812	-0.391962	-0.393703	0.559869	
-1.85688	-0.950618	-0.185188	0.899032	
-1.02954	0.825989	-0.302566	-1.17792	
-0.632201	0.950854	-0.460978	-0.826519	
-2.38733	0.888734	-0.0897527	0.531993	
1.99683	1.18035	-0.0395358	-0.235032	
-1.0136	-1.46929	-0.0613702	0.569051	
-1.11351	-2.28148	-0.224233	-0.242513	
-0.784667	-1.21271	-1.25634	0.118364	
-0.24855	0.427778	1.56143	0.0857855	
-0.750459	-2.3942	0.785347	-0.126622	
-0.538767	-0.144276	0.689048	0.315863	
-1.75316	-1.51793	-0.39193	0.224394	
0.679601	2.02411	0.506302	-0.556035	
-1.15907	-1.67245	-0.0753442	-0.761451	
-0.127629	1.70499	1.08853	-0.967318	
0.116496	-1.02369	0.60722	0.462628	
-1.83659	0.815952	0.285959	0.456543	
0.508032	-1.94483	0.597792	0.343142	
-1.46984	0.318491	0.965708	-0.71688	
0.213116	-0.067373	0.290926	-0.788041	
-0.240002	0.0908489	-0.711835	-0.260788	
-0.2361	-1.0898	0.335124	-0.00472826	
0.326848	0.0799344	0.228937	0.87187	
-0.253377	0.599388	1.2613	-0.854895	
0.737327	1.5605	-0.104494	0.138579	
-0.122134	1.25864	0.040742	-0.675859	
-0.10569	0.198755	0.284778	0.364213	
0.000267189	-0.288018	0.147475	0.366511	
-0.158291	0.596464	0.511322	1.32953	
0.358702	-0.180345	-0.437876	-0.147551	
0.429069	1.18806	-0.813527	0.0483164	
0.698748	-0.463426	-0.433584	0.733476	
0.689529	-0.474288	-0.42771	-0.138579	
-1.02931	-0.116328	-0.254182	-1.0446	
-0.0113527	-0.556026	0.417695	-0.620824	
-0.122894	-1.42096	-0.301064	0.247521	
-1.33525	-0.911312	0.0506384	-1.04717	
1.01677	-1.07877	0.255211	0.253925	
-0.502461	0.25369	-1.68854	-0.300152	
0.54975	1.63982	0.792448	0.0412898	
0.578444	-1.37062	0.0342718	-1.36646	
-0.959033	0.569218	-0.199264	0.721936	
-1.86369	0.649957	-0.342635	-0.0671519	
0.099877	-0.959505	-0.469291	0.661188	
0.327723	-0.572863	0.22942	-0.0733062	
0.480977	-1.23908	0.311285	0.0147334	
0.447505	0.309997	-0.305685	0.0254952	
2.08816	0.622954	-0.294582	-0.320061	
1.29445	-1.57277	-1.08553	-0.173006	
-1.0239	1.01554	-0.237128	-0.454177	
-1.10393	0.652798	-0.318673	-0.187595	
1.29596	-0.161043	0.707154	0.159135	
1.30556	0.477914	-0.0239109	0.527455	
0.945702	0.896104	-0.468912	-2.05072	
0.70106	-0.621196	-0.875047	0.907164	
-0.188916	0.0841883	-0.495497	-0.702518	
-0.330455	1.07873	-1.05172	-0.362528	
0.757065	2.10995	0.257482	0.482893	
-0.525593	0.61225	-0.330314	-0.260788	
0.992664	0.586186	0.216117	0.143864	
0.668269	-0.709938	0.636585	0.128286	
0.0244604	-0.934111	-0.168293	-1.1468	
-2.23432	0.212716	-0.164228	-0.944159	
-0.52859	1.68675	-1.13481	0.271584	
-1.44212	0.2615	-0.680793	1.0019	
-2.10949	-0.288018	-0.71527	0.370187	
-0.106592	-0.0167084	-0.458315	-2.21729	
0.10998	-0.288123	0.055191	-0.564338	
0.756333	0.925664	0.120158	0.924838	
0.656607	1.63743	0.752875	-0.39219	
-1.03307	1.20992	-0.0389888	-0.607616	
0.765551	1.83677	-0.200464	0.983087	
-0.345693	-0.62714	-1.32931	-0.634983	
-1.36444	1.46344	-0.669941	-1.26148	
-0.831722	-0.719835	-0.118591	-0.29431	
-1.03529	0.611964	-0.238931	0.768643	
-1.04325	0.734929	0.314584	-0.515367	
0.208782	-0.649241	-0.0713751	-0.0821778	
-0.175969	1.88877	0.764839	0.341118	
-1.21533	1.09321	0.843073	-0.650743	
0.503249	1.25052	0.46117	0.728614	
0.0934272	1.08172	-0.202623	-0.218054	
-0.0556649	0.724846	0.605542	-1.40767	
-0.384172	0.596264	0.273059	-0.934961	
-0.884716	-0.712775	0.946542	-0.091347	
-0.452677	-1.22213	-0.477223	0.114102	
0.872316	0.906473	0.690006	1.3134	
-0.44889	1.06082	0.00608405	0.335692	
-0.682812	-2.04155	0.0269143	0.397262	
0.744379	-0.344599	1.17137	-0.933059	
0.223654	-0.515338	-0.550563	-0.184889	
0.201429	-0.297068	-0.655779	0.998923	
0.143159	-0.0532896	-0.0507263	-0.173045	
0.0240824	-0.34268	0.21457	-0.721801	
-0.453123	1.66936	-0.614906	-0.98419	
0.522591	-0.548747	-0.670626	0.206621	
0.97521	-1.74445	0.614477	-0.402077	
0.0185592	0.418564	-0.0536527	-0.441625	
0.646742	-0.179221	0.376321	1.00705	
-1.54837	-0.472393	0.261604	-1.42747	
-1.88455	-1.13829	-0.407823	-1.22177	
-0.949587	0.104695	-0.995308	-0.890387	
-0.899184	1.28542	-0.457877	0.0440424	
0.427263	-0.0997023	0.421576	-0.0479555	
-0.140441	-0.647937	-1.01166	-0.255326	
-0.0468757	0.206989	0.0399219	0.732371	
0.398316	1.41186	0.22381	0.401997	
-1.09692	-0.20052	-0.00899443	-0.730231	
0.550588	-1.05866	-0.193152	1.03728	
-0.079299	0.710479	-0.0293569	0.0397075	
-0.589406	-1.32553	0.173625	0.0519018	
-0.970445	1.72463	0.0426635	-0.330594	
-0.65053	-1.26687	-0.0812068	1.79604	
0.492913	-1.91071	-0.839474	-0.454808	
0.450332	0.239803	-0.69315	-0.845696	
0.0985122	-0.386301	0.139141	-0.669994	
0.545436	1.05684	-0.264119	-0.194481	
0.357358	0.202006	-2.21788	0.365588	
1.42678	0.684577	1.18076	-0.361473	
1.89598	0.27977	0.199252	1.21013	
0.537494	1.31073	-0.0618221	-0.284633	
1.34057	0.577103	-1.23118	0.0934976	
-0.431769	-1.27902	0.00995498	-0.39269	
-0.0823688	1.56795	0.0820679	-0.699783	
0.0222543	0.261645	0.774357	-1.06261	
-0.0921144	-2.6197	-0.635407	0.362239	
1.90538	2.05504	0.487571	0.229841	
0.373543	-0.644173	0.16143	0.0929795	
-2.32789	-1.07877	0.389072	0.180794	
0.624298	1.67913	-0.352675	-0.0828322	
-1.10276	-1.51793	0.0222299	0.0926484	
0.335528	1.19665	-0.446669	-0.859937	
-0.0746004	1.50063	-0.457847	0.54042	
0.332647	0.973862	0.257074	-0.279157	
-0.311689	-0.285003	1.01876	0.379878	
-0.058058	-1.3635	-0.459125	0.809353	
1.01386	0.239331	0.191542	-1.4567	
0.510249	-1.15288	0.165658	-1.4781	
0.023868	-1.26563	1.29735	0.569264	
-0.776662	-0.961597	0.111417	-0.754226	
0.227332	-0.811552	0.553562	-1.46465	
0.195579	-0.861248	0.678139	0.593228	
0.232782	1.09932	-0.213045	-0.820849	
0.837006	-2.77731	-0.0173419	-0.447367	
0.203083	-1.44245	0.260837	-1.09264	
0.770557	1.10247	0.333292	0.857855	
-2.65381	-1.77844	0.177326	-0.187056	
-1.52032	0.877262	1.02852	0.986399	
-0.770636	0.784712	0.341639	-0.363731	
0.964686	0.624851	-0.257019	0.680662	
0.657074	-0.701307	-0.257066	0.42537	
-1.40409	-0.989705	0.150371	0.949677	
-0.438265	-1.64264	0.0047712	0.347708	
1.37443	-2.20295	0.105875	0.759333	
0.279763	0.459813	-0.221636	-1.02099	
0.823469	-1.85464	-0.428045	-0.223947	
-1.99408	0.0541034	0.402479	-0.953522	
0.803376	-0.950618	0.541386	-0.453372	
-1.20674	-1.28688	-0.244689	0.0159899	
-0.390481	0.0668337	-0.726049	-1.42177	
-0.19689	-0.796226	-0.649789	0.819087	
-1.39171	-0.517497	0.223869	0.183265	
0.363328	0.679181	0.0927614	0.803314	
0.279339	0.291548	-0.0844076	0.204	
-1.0457	-1.4352	-0.424265	0.777788	
0.413498	0.146996	-0.946314	-1.89755	
0.0201399	0.0941448	0.395365	-1.53987	
-0.0828078	-0.944026	0.0523224	-1.39937	
0.319578	-0.310003	0.233655	0.236768	
1.13329	0.0776207	0.625845	0.0852795	
0.300752	-0.271248	-0.0797764	0.542381	
0.65365	-0.0721379	-0.902792	0.345273	
0.714393	-1.03623	-0.0119929	0.322264	
-0.382535	0.2615	-0.135998	-0.454141	
-0.374544	-0.786386	-0.496152	-0.237783	
-0.37737	0.394273	-0.408511	0.225717	
0.445803	0.707003	-0.565817	-0.284104	
-0.16912	0.698229	0.178845	0.722339	
-0.631244	1.03173	-0.465421	-1.12715	
-1.20941	-0.108605	-0.571191	-0.271452	
-0.754763	-1.02191	0.423873	-1.01556	
-0.415934	-0.200501	-0.810705	-0.0440424	
-1.54873	-0.450862	0.737142	0.937043	
0.195371	0.0796226	-0.134012	-0.93115	
0.462349	0.139571	-0.123571	0.935132	
-0.243355	0.401331	0.142543	0.802952	
-0.229152	-1.64297	-0.819325	0.346834	
0.539413	-1.97546	-0.0225609	0.204038	
0.974014	-1.14081	0.0290061	-0.774203	
0.358012	-1.80809	0.39098	0.184402	
0.32206	-1.41718	-0.262564	-0.699173	
1.21681	1.75552	0.110194	-0.76485	
0.966232	-0.23653	0.272504	-0.0704532	
-0.556032	-1.32055	-0.0229411	0.861019	
0.222099	2.03344	-0.572974	0.213199	
-1.74966	-1.64624	-0.0254847	-0.109474	
-0.472645	0.258032	0.392094	-0.163125	
1.32817	0.320703	0.571492	-0.435489	
-0.555093	-0.552558	0.112679	0.327328	
0.664873	-0.706087	0.317786	0.0107368	
1.01602	-1.31652	-0.430622	-0.282199	
-0.326602	-1.37062	-0.698206	-0.221961	
-0.977431	-0.227055	0.391747	-0.777163	
-2.18065	0.175439	-1.68893	1.10014	
-1.45217	-0.303771	0.552094	0.568748	
-1.32629	-0.182752	-0.734614	-0.946196	
-0.287916	-1.3616	0.81231	-0.972719	
0.139411	-0.0429449	-0.821039	0.597817	
-0.459331	0.15635	-0.766774	-1.54962	
-1.90397	-1.10509	0.27511	-0.148226	
0.569093	0.685934	0.124515	0.0697346	
0.182386	0.919758	-0.109674	0.403184	
0.467657	-0.881915	-0.633208	-0.62528	
-0.841445	1.21204	0.698167	0.0397075	
0.283512	0.851143	0.642735	0.622099	
-0.919893	-1.35522	-0.134737	-0.416087	
0.0774234	1.47994	0.0396759	0.0586296	
2.02403	-1.71328	-1.46022	-0.578301	
0.142458	0.89651	-0.391165	0.794127	
0.700094	-0.351672	-0.0283242	0.901055	
-0.0440359	-0.408167	-0.00743626	1.40257	
-0.248274	-0.142593	0.218801	-0.703837	
-1.17323	2.0382	-1.58976	-0.148643	
0.611027	-0.879701	0.251631	-0.726953	
0.387307	1.14433	-0.0108793	0.485653	
-0.821417	-0.379739	-0.0875133	0.0988698	
-0.063653	0.641957	0.511966	-0.488143	
-0.44632	-1.50062	0.374253	-0.183885	
-0.445714	2.30565	0.595988	-0.655131	
0.322643	-1.26106	0.526509	0.728352	
-1.45782	0.163469	-0.168114	0.531262	
-1.16767	0	0.619863	0.265201	
-2.12456	-0.955827	-0.559468	-0.631223	
0.928649	-1.4954	-0.423301	-0.922212	
-1.22766	-0.768588	-0.413952	0.350099	
-1.35782	-0.575944	-0.715213	-0.36417	
1.15358	1.31506	-0.276679	0.504887	
-0.42444	0.213889	-1.17153	0.0648269	
-1.03473	0.253126	-0.0381408	0.137069	
0.0415458	-1.65283	-0.808955	-0.312259	
-0.993526	0.590944	1.03291	0.846859	
-1.79119	0.985197	0.500531	-1.28824	
-0.313332	-2.43943	-0.232184	-0.0827446	
-0.565724	-0.952651	1.11423	0.995305	
0.0501894	0.439851	0.476111	0.622148	
0.92602	-0.773007	-0.246018	0.615434	
-0.257767	0.685046	0.043301	-0.339041	
0.202916	-0.674441	0.300493	-0.235517	
-0.493395	0.0950618	-0.283679	-1.71752	
-2.02034	-0.0250626	-0.0807608	-0.354443	
-0.0574912	0.215207	0.0395964	0.256572	
1.49993	-0.155685	0.163458	-0.361484	
0.978756	-1.92319	0.733197	-0.992562	
-1.29852	-1.46529	0.234509	-0.609707	
-0.59755	0.847303	-0.377206	-2.30563	
-0.0855443	0.652067	-0.293579	-0.0483877	
-0.456772	0.117224	0.0739926	0.198191	
-0.573802	0.517497	-0.350438	0.711828	
-0.337013	-0.39359	0.279364	-1.35115	
0.109236	-0.687118	0.572627	-0.845361	
-1.45223	-1.83589	0.183825	-0.720593	
0.698047	-1.40126	-0.31789	0.55896	
-0.355785	-1.27662	-0.325441	0.240197	
0.474948	0.160351	0.0667995	-0.330028	
0.591558	0.636862	0.625761	-0.332851	
0.512592	-0.47619	0.454144	-0.522307	
-1.24157	-0.31357	0.928109	-0.220654	
1.19704	0.249207	0.24528	-1.0498	
0.152041	-0.121315	0.681624	-1.16679	
-0.312942	-1.35467	-0.0109287	0.331329	
-0.231617	0.171863	-0.685034	0.619594	
-0.405764	-1.64248	-1.33254	-0.121104	
0.349687	0.128835	0.136067	0.423908	
-0.137429	0.979326	0.349914	-0.75675	
-0.232283	-1.69923	-0.00541367	0.58481	
-0.72513	-0.100251	-0.393651	0.365803	
0.0708399	-1.51381	-0.566734	1.47107	
-2.08826	0.031137	0.0778183	0.309225	
1.49703	-0.589856	0.202349	0.198097	
1.75379	0.862908	1.0034	-0.886357	
-0.0643974	-0.419488	-0.715743	0.45826	
0.608961	-1.87319	0.663532	0.436867	
1.28799	-1.87134	0.719786	-0.509775	
-1.20139	2.1166	0.571771	-0.0638316	
1.06564	1.24438	1.09759	-0.296019	
-0.439301	0.61225	-0.262886	-0.427171	
-1.20941	-0.609172	-0.0420728	1.27159	
0.332647	0.731006	0.668318	0.710149	
0.513443	-1.03213	-0.474403	1.1907	
-0.354993	-0.045582	-0.929796	-0.00715788	
-0.361217	-1.20415	-1.44156	-0.143558	
1.55816	0.653342	0.630471	1.28203	
-1.19791	-0.750736	0.451674	-0.710149	
0.591926	-0.597742	0.138023	-1.3482	
-0.682895	0.569608	-0.00292655	-1.58198	
0.75798	0.413621	0.621927	0.0716142	
-0.434683	-0.285185	0.381623	0.189684	
-0.680614	-0.665645	-0.29657	1.3488	
-0.514276	-1.14074	-0.472526	-0.0707202	
0.676035	0.764326	-1.45131	-0.626185	
-0.85222	0.213158	-0.427287	-0.398708	
0.511885	-2.18045	0.354777	-0.619573	
-0.358626	1.95659	-0.363275	-0.475955	
0.558629	1.15189	0.713037	-0.068312	
0.131201	0.6227	-0.402973	0.483255	
-0.055191	1.12872	0.0970032	1.02468	
-2.74516	0.124548	0.0345744	0.304766	
-0.601622	-0.509607	0.242266	0.266025	
0.0631885	1.26984	0.765685	-1.58219	
-0.664634	-0.219315	0.0664175	0.137802	
1.16414	0.193524	0.257227	1.08831	
-0.384084	0.288018	0.117208	0.311551	
0.682942	-0.0167084	0.411262	0.612909	
0.00592365	-1.3296	0.315087	0.276988	
0.361621	-1.04413	0.112638	0.669127	
-0.199383	-0.56795	-0.389458	-0.497988	
0.623651	-1.01086	0.647751	-0.410514	
-1.35374	-0.280116	0.183284	-1.10327	
-1.9621	-0.091164	0.303552	0.234976	
-0.049786	-1.97546	0.91808	-0.298865	
-1.3425	0.293991	0.235503	0.0284104	
0.800239	-1.0338	0.108204	-0.0825437	
0.975389	-1.44071	-0.546038	-0.0142317	
0.369996	1.44828	-0.206207	-0.214369	
0.291105	1.00267	-0.141091	0.361587	
-0.762571	-1.05866	-1.64529	0.68541	
-0.347757	0.808476	0.105073	1.20599	
-0.275503	1.78194	-0.921422	-0.500987	
-1.78847	0.901513	-0.329243	0.689716	
-0.220149	-0.858379	0.00664846	0.129654	
-0.213608	1.10583	0.0960717	-0.219168	
1.20451	-1.50376	-0.568876	-1.6571	
0.980712	0.264665	-0.354427	0	
-2.20002	1.40634	0.62114	-0.456277	
-0.742464	-3.01251	0.919517	0.771356	
0.410179	0.886068	0.135745	0.229457	
-0.77992	0.443034	0.712551	-1.14235	
-0.399517	1.62431	0.487264	0.941261	
0.235816	2.10351	0.268901	0.699362	
0.442671	0.48313	-0.410373	-1.50059	
0.785851	0.354427	-0.320663	0.277334	
-0.26016	-0.424747	0.355825	0.223813	
-1.67851	-0.320834	-1.24762	0.0171571	
-0.212283	-1.15826	0.497113	-0.759756	
0.235074	-0.308951	0.0112885	0.352641	
0.831706	0.56275	0.138396	0.475999	
-0.438156	1.14429	-0.269456	0.0284633	
1.44516	-0.111205	-0.19377	0.358286	
-1.14147	-0.744499	0.0650105	-0.801021	
-0.801556	-0.106579	0.313299	0.638375	
0.688718	-0.288686	-0.601585	-0.682212	
0.313332	-0.171328	0.273604	-1.15804	
-0.0900146	0.540994	0.621778	0.827747	
-1.26187	-0.404013	0.595486	0.0910827	
0.298764	2.3607	-0.422208	-0.325989	
-1.67526	-0.91497	0.180787	-0.320214	
-0.882014	0.637386	0.852041	-0.340331	
-0.454633	-0.91497	-0.806897	-0.378428	
1.47042	-1.26883	0.338383	0.337052	
0.670253	-0.910036	-0.546377	-1.28372	
0.0522121	0.674702	-0.832661	-0.0864344	
-0.189012	-0.342569	-0.665091	0.238403	
-0.351244	-1.65015	-0.0209437	0.465288	
0.604623	1.22088	-0.237773	0.273773	
0.180448	-1.50058	0.0447612	0.160816	
-0.943167	-0.342569	0.357882	-0.559322	
-0.790912	-1.20415	-0.104858	-0.775435	
1.81324	-1.51875	-0.659324	1.45448	
-2.23748	0.879701	0.467377	1.01974	
-0.411569	1.29213	0.621229	0.330028	
1.83685	-0.0548289	0.318663	0.202945	
-0.456541	-2.12577	0.586432	0.104106	
-0.541466	0.310483	-0.372064	-0.695622	
0.916869	-0.252483	0.162993	-0.754913	
-0.23007	1.67525	0.667166	-0.36248	
-0.640776	0.321914	-0.193626	-0.0605583	
-0.647237	-0.799344	-0.144125	-0.229189	
-1.55287	-0.594107	-0.723257	-0.143138	
-1.10484	0.546984	-0.466623	1.71065	
-0.547263	-2.21106	0.00307172	-0.332851	
0.621078	0.803507	-0.477845	1.37193	
-0.65531	1.65061	-0.916766	-0.897364	
-1.67775	1.02369	-0.543149	-0.374644	
-2.38931	-1.07877	-0.711307	-0.563328	
-0.994212	0.49346	0.378138	-0.846076	
-0.0722688	-0.529149	-0.578299	-0.708626	
0.129327	1.13704	0.268208	-1.2632	
-0.398266	0.723936	-0.109735	-0.185012	
0.685541	1.11711	0.682835	0.903429	
-0.613859	0.425432	0.205911	-1.77327	
-0.529402	-0.930623	-1.23808	0.0766136	
1.03539	-1.8797	-0.345442	-0.0760905	
-0.198881	-1.33446	0.514375	0.395869	
-0.267699	0.566136	0.163804	-0.0677736	
-0.75131	0.495369	-0.201407	0.0851463	
0.45921	-2.15745	0.207825	-1.34605	
-1.58913	-2.31192	0.0806964	0.551029	
1.49818	0.937793	0.00725503	-1.34582	
0.340939	-0.832916	0.557953	-0.714322	
0.715475	-0.217959	-0.30012	0.084934	
0.541556	-2.37611	-1.05032	-1.04061	
0.777392	0.912043	0.752324	0.402645	
1.4118	-1.49087	-0.487489	0	
0.570944	1.14325	-0.37168	0.878444	
0.449606	0.841523	0.399879	0.580495	
-0.728386	-1.0681	-0.0396871	-0.479578	
1.65871	-0.770642	-0.176453	-1.35914	
0.691427	0.480204	-0.604511	-0.164708	
1.13583	1.47863	-0.105989	0.0165489	
-1.02931	-1.14074	-0.668582	-0.37393	
0.709903	0.712964	-0.376952	0.972375	
0.0735301	-2.02172	0.639863	-1.64989	
-0.312333	0.106579	0.950574	0.50356	
0.373824	0.979906	0.533232	0.322105	
-0.597031	-0.902255	0.185379	-0.34156	
0.257187	1.27507	0.799055	0.170843	
-0.0765392	1.81907	0.261683	1.06844	
-0.416982	1.30776	0.915071	-0.494104	
-0.332221	0.515027	1.14579	0.321632	
-0.376572	-0.886068	-0.404846	-0.821804	
-0.246301	0.937793	-0.14302	-0.158652	
0.893555	1.0125	0.378146	-0.248324	
0.237124	-0.699068	0.488708	0.388961	
