ThetaTaj[0]	ThetaTaj[1]	ThetaTaj[2]	ThetaTaj[3]	
14.7057	5.71111	39.3804	4.63636	
12.7839	3.15556	33.5507	8.0303	
11.6828	6.22222	35.5906	8.80303	
10.0598	3.06667	33.221	5.84848	
7.84368	6.62222	30.2609	6.59091	
8.25747	0.4	30.8442	10.0606	
6.01379	7.82222	36.4565	5.06061	
7.95172	6.2	28.308	9.45455	
3.75402	1.73333	31.2971	8	
11.223	2.06667	31.2826	7.54545	
5.34023	3.75556	31.3732	9.40909	
12.9701	2.26667	29.308	9.81818	
19.6184	0.822222	40.6196	9.93939	
13.469	4.62222	29.8007	10.3182	
9.42299	4.97778	26.8659	6.37879	
10.0782	8.75556	27.3478	8.12121	
12.1333	4.13333	43.6667	6.62121	
6.35862	3.02222	39.2101	7.81818	
9.89885	8.97778	25.4022	12.697	
10.4161	4.26667	26.837	8.75758	
6.14253	3.02222	47.5362	7.65152	
8.51954	3.6	46.6159	16.8636	
9.46667	3.62222	32.721	9.09091	
14.377	1.88889	48.0833	7.09091	
9.01379	4.17778	41.192	7.89394	
9.14483	2.93333	44.9964	7.0303	
5.64828	1.51111	36.6159	5.28788	
11.954	5.91111	25.3949	13.4242	
10.8667	1.95556	30.8949	6.54545	
10.4437	3.66667	43.3406	6.16667	
4.10345	4.95556	36.9783	11.1818	
18.0391	10.2222	32.8804	13.8485	
8.50115	6.88889	43.4493	6.36364	
10.1149	2.46667	38.7754	3.24242	
6.50575	6.35556	35.7826	8.07576	
11.6207	3.6	31.7283	12.2121	
6.15862	5.15556	32.8623	9.09091	
7.24598	2.42222	38.8696	6.21212	
7.93103	3.51111	34.3804	6.21212	
6.83678	1.93333	36.1304	8.25758	
5.25747	0.755556	32.6558	3.90909	
16.2207	5.93333	44.9783	11.2121	
4.53103	2.53333	35.5833	5.21212	
8.43908	1.97778	38.9312	5.87879	
10.7126	2.35556	44.5	8.42424	
4.88736	2.08889	37.1304	7.0303	
7.70805	5	37.3804	7.86364	
8.11034	2.37778	37.0254	2.48485	
13.1471	4.55556	41.0435	8.33333	
16.5931	2.35556	38.087	5.48485	
22.0621	3.93333	32.4239	9.5	
9.94023	5.84444	33.4348	7.93939	
7.73103	7.51111	26.5616	7.24242	
11.4437	11.6889	39.0688	7.13636	
7.41149	3.91111	42.3514	9.16667	
6.14023	2.93333	36.9022	10.2727	
12.3724	3.64444	28.2609	4.28788	
6.88966	1.77778	48.5761	6.93939	
9.23678	2.48889	34.558	6.68182	
12.6644	3.31111	24.8804	8.07576	
11.4207	17.1333	33.3297	10.2576	
9.05747	4.37778	23.3188	10.0606	
9.03448	6.53333	33.221	8.87879	
8.83908	5.84444	43.5399	8.07576	
15.931	9.08889	37.4565	8	
13.023	3	39.2717	7.27273	
7.3931	11.4667	26.779	9.59091	
9.77931	3.13333	26.9493	9.98485	
5.97931	11.6222	41.3949	6.83333	
15.0069	6	25.5254	7.33333	
9.66667	1	39.4493	6.69697	
13.2782	14.0667	30.1232	13.3636	
9.90805	1.73333	48.1993	6.98485	
10.1011	2.8	46.1196	7.10606	
12.9885	1.26667	44.8043	7.93939	
7.34023	2.97778	25.5543	5.5303	
5.54253	1.28889	45.5181	11.4848	
12.5609	3.66667	44.7935	7.4697	
9.06897	6.48889	34.2464	12.303	
12.8759	6.46667	47.3333	7.04545	
9.81839	8.44444	45.5543	13.8636	
15.7632	5.42222	38.4928	4.65152	
12.9609	8.57778	52.8804	6.78788	
5.97701	6.8	37.6123	11.7424	
10.8897	3.88889	44.7645	4.90909	
14.4046	3.33333	26.2246	4.78788	
8.65287	3.6	31.1341	9.5303	
6.43678	3.08889	42.2609	7.59091	
14.0138	4.08889	41.7645	6.5	
5.47356	4.84444	25.9601	7.95455	
16.0529	4.8	21.5688	9.92424	
6.98391	2.26667	26.7283	7.92424	
6.54943	3.66667	26.3442	8.62121	
10.092	1.42222	27.8297	7	
5.95172	9.15556	40.2246	9.81818	
8.6	1.26667	35.6377	8.15152	
11.0736	2.4	30.9565	5.06061	
11.954	3.68889	39.1087	10.4394	
10.6483	4.04444	35.8261	7.63636	
9.84138	1.73333	39.2464	6.9697	
9.9954	1.95556	30.7283	8.07576	
19.1655	1.15556	36.2428	4.15152	
5.18621	5.33333	27.1123	7.93939	
7.93793	4.11111	35.1341	5.66667	
4.03448	2.2	42.8007	6.40909	
10.0483	1.26667	43.9022	10.0152	
11.6552	13.2	55.2101	8.09091	
5.26667	10.3778	34.9348	3.25758	
11.7195	3.62222	32.8587	5.93939	
4.46437	4.75556	26.692	8.87879	
6.36552	5.77778	32.9275	4.69697	
7.1931	6	25.3188	11.2576	
4.43448	5.77778	21.2029	11.0758	
10.7816	6.08889	35.1341	6.56061	
12.3172	3.66667	26.942	7.42424	
6.29195	6.75556	40.2754	6.45455	
15.3241	14.8222	25.7935	7.78788	
7.6069	4.24444	27.0254	7.66667	
8.94943	0.755556	30.5543	10.0606	
4.61149	1.93333	27.4928	6.45455	
4.1954	3.73333	34.2717	8.78788	
5.52874	6.53333	28.6522	6.19697	
2.87126	4.22222	26.9275	8.90909	
6.07816	1.57778	36.25	7.60606	
13.5494	7.84444	21.8949	7.4697	
6.04598	4.2	37.5507	8.37879	
13.246	1.33333	28.1304	6.89394	
8.15172	2.4	39.4384	8.68182	
5.30345	2	41.5616	7.04545	
7.22759	8.17778	34.1014	7.48485	
13.7034	3.62222	35.913	10.5455	
13.2644	1.77778	34.8225	13.0758	
4.89195	2.75556	32.7935	12.2273	
12.8529	2	40.7283	7.27273	
8.70805	4.37778	29.5797	4.28788	
12.669	3.48889	23.1486	6.25758	
8.53103	6.51111	38.5652	8.93939	
4.4046	3.22222	38.0906	6.31818	
14.1862	2.55556	33.4022	8.24242	
10.7103	16.5556	35.2899	10.1364	
12.0092	0.2	28.3841	9.31818	
12.0897	11.4222	45.6232	10.6515	
12.0828	2.88889	28.7717	10.6212	
11.2805	4.71111	30.442	4.95455	
8.06207	1.75556	30.4239	7.80303	
7.51034	4.86667	22.9348	7.09091	
3.58851	4.17778	32.6304	7.93939	
10.8736	4.6	42	5.25758	
20.1931	7.35556	25.3768	11.6818	
12.8851	13.7778	29.0036	11.4091	
9.07586	5.66667	36.5978	6.33333	
10.9655	2.86667	38.1486	5.83333	
6.36782	7.2	38.4094	11.3939	
9.62759	2.46667	58.2138	7.25758	
15.777	5.26667	18.8696	9.30303	
8.55862	4.51111	32.1196	3.89394	
8.41149	2.22222	32.6413	6.5303	
10.2874	5.66667	46.3478	9.33333	
6.84368	5.84444	39.7935	6.89394	
9.92874	1.53333	44.0942	5.24242	
6.4092	3.37778	33.8297	6.40909	
6.77701	2.75556	29.913	12.2121	
10.2897	6.33333	34.8913	5.4697	
7.29655	1.51111	28.4529	7.09091	
10.9839	13.8	27.9493	6.75758	
7.31954	3.71111	43.9891	6.06061	
10.0805	3.55556	32.8514	7.31818	
8.26207	6.73333	28.6739	10.4091	
12.0023	4.91111	56.7681	9.92424	
11.3747	3.28889	30.5543	6.0303	
15.2115	6.82222	36.8152	5.33333	
5.69885	3.66667	26.5072	10.0909	
7.11494	4.71111	37.8442	7.5303	
11.4322	3.2	40.6268	8.07576	
7.17011	3	30.1196	8.65152	
17.0644	4.11111	27.0652	8.33333	
11.6897	6.22222	24.0688	9.63636	
12.0138	7.22222	54.5435	4.4697	
4.41839	2.57778	36.5109	10.0758	
12.0943	4.46667	25.0036	6.98485	
5.3954	14.2444	23.4094	11.2424	
11.3793	6.24444	34.2935	10.2879	
14.7471	6.51111	31.7899	9.07576	
7.33563	4.95556	37.6884	7.24242	
9.06207	2.57778	39.1014	10.303	
8.17471	1.68889	35.7572	11.8485	
14.9885	6.86667	34.8297	4.92424	
12.3908	3.46667	34.7609	13.0758	
7.25057	2.84444	36.0688	6.63636	
6.78851	4.77778	39.4928	11.4848	
7.05287	8.75556	34.308	8.34848	
9.46897	8.91111	51.5652	9.21212	
8.87356	3.84444	32.5109	6.83333	
10.0069	7.35556	27.9601	9.28788	
11.4391	13.0222	40.7826	10.7879	
10.0598	5.8	30.1486	7.66667	
7.98391	7.86667	42.4746	7.45455	
8.77011	2.48889	44.7899	7.30303	
6.67356	2.06667	27.0725	10.4394	
7.15402	6.77778	23.1341	12.7424	
8.53563	8.51111	35.5942	8.78788	
8.62989	5.15556	47.3442	8.07576	
9.26207	1.68889	44.7935	6.71212	
13.2828	5.04444	27.913	6.40909	
12.846	5.55556	43.1413	13.2424	
10.1195	3.24444	39.6449	10.3939	
10.3839	2.37778	40.2065	10.1212	
11.1862	8.6	29.6522	7.68182	
12.3977	5.51111	23.6377	9.80303	
6.07586	3.17778	30.7355	11.2273	
2.5954	4.55556	22.5942	9.95455	
4.70575	5.73333	31.7717	8.90909	
8.21839	2.53333	29.2355	8.59091	
7.09655	3.26667	42.3949	7.71212	
18.7839	3.24444	28.6087	11.7879	
5.44598	5.42222	35.2391	5.4697	
5.82299	6.46667	21.8986	6.63636	
9.02069	3.86667	35.7391	5.81818	
13.223	5.37778	31.3007	7.34848	
12.4759	11.7556	30.2391	7.84848	
10.2092	3.28889	44.8116	9.62121	
7.83448	5.95556	35.6014	7.89394	
10.3931	2.13333	41.1522	9.18182	
7.55402	4.66667	41.3297	9.83333	
8.23678	6.57778	33.9891	8.0303	
4.31264	7.46667	25.2681	8.30303	
8.34943	5.15556	39.7609	7.51515	
5.34483	2.82222	40.9022	10.197	
6.23218	2.71111	43.4312	8.56061	
12.6575	1.46667	25.7101	10.5758	
6.34943	3.02222	35.0217	6.33333	
17.5195	7.97778	37.9565	13.8636	
10.4644	3.68889	35.279	4.4697	
10.8506	2.35556	35.25	7.95455	
8.71034	3.73333	45.6703	6.93939	
12.1563	7.26667	48.087	13.0455	
12.9356	6.08889	35.413	3.43939	
7.29655	3.04444	30.3551	9	
6.2092	3.48889	40.7536	7.12121	
4.8069	3.42222	38.8333	6.81818	
8.28276	4.22222	28.0109	8.21212	
20.8368	3.35556	21.2899	6.90909	
5.3931	3.06667	29.8007	11.197	
7.45747	3.42222	48.3768	5.51515	
8.06667	2.73333	42.2754	10.4242	
12.4483	9.08889	31.2428	9.98485	
12.2897	6.33333	35.0254	11.5152	
10.8322	4.06667	27.5797	8.72727	
7.83218	1.66667	29.2355	5.83333	
10.1425	6.84444	46.6304	10.1515	
8.77471	7.82222	26.0725	8.78788	
10.623	8.66667	38.4493	8.10606	
13.1264	3.8	29.75	6.0303	
9.65287	4.68889	33.9674	7.19697	
14.7701	6.06667	26.2355	7.57576	
11.3149	8.13333	31.7283	12.5606	
7.89885	5.08889	16.4312	7.10606	
17.4989	4.13333	45.0181	13.0909	
7.09885	4.55556	35.2862	9.37879	
10.7379	3.84444	43.6957	10.1667	
10.5862	5.02222	28.3768	5.80303	
10.131	6.51111	24.4891	9.21212	
16.0069	6.8	29.8152	9.48485	
16.0437	1.2	39.3442	14.4242	
10.2759	8.93333	33.8841	6.5303	
6.08966	4.57778	46.2862	10.3636	
7.53563	4.46667	39.3804	4.4697	
14.2161	5.35556	31.5688	7.59091	
11.1655	1.64444	28.3225	5.30303	
10.3103	11.7333	20.5725	9.90909	
10.4023	3.42222	30.3333	7.4697	
11.8299	3.06667	34.7826	6.77273	
8.82299	2.02222	33.5942	10.7576	
16.1724	5.8	32.0543	8.13636	
7.74943	3.37778	34.2283	6.69697	
16.446	4.4	37.6123	9.86364	
6.57701	3.11111	38.5471	10.303	
7.68276	3.6	32.1486	12.2424	
9.27356	6.97778	32.4275	10.5	
12.1425	1.95556	33.5254	7.04545	
8.45977	4.33333	21.8732	5.74242	
13.9333	0.866667	38.3478	11.6364	
4.43448	3.6	43.8768	6.43939	
11.7908	1.26667	29.7717	9.12121	
12.4897	13.2889	37.471	7.34848	
5.08046	7.4	26.4529	5.98485	
16.7448	4.08889	34.0833	14.2727	
7.13563	3.08889	28.8986	3.71212	
11.731	10.3333	17.221	7.72727	
6.91034	2.68889	26.7754	7.54545	
13.1977	5.4	30.5978	4.81818	
7.29885	6.06667	31.6087	5.72727	
15.8345	3.75556	40.0362	9.07576	
12.0184	7.35556	30.7899	5.06061	
12.2483	4.24444	35.5145	6	
6.34943	8.73333	45.4239	10.2576	
9.68736	3.02222	28.3007	6.59091	
4.4092	3.08889	43.7862	10.4091	
9.85977	5.02222	23.9819	10.3182	
12.754	3.06667	26.5471	6.07576	
12.492	3.4	40.9601	8.19697	
16.1655	4.17778	36.4928	14.2576	
11.0161	10.7556	31.7283	10.9242	
9.87126	1.8	22.192	9.09091	
8.57241	4.24444	35.3804	9.56061	
8.97931	1.8	21.4891	9.68182	
8.6023	4.73333	28.6848	8.33333	
16.7839	4.73333	35.6304	11.2424	
11.4437	0.955556	47.8188	8.37879	
9.25747	6.04444	29.9819	11.2727	
14.7195	5.51111	22	7.63636	
8.97011	1.82222	45.1703	8.62121	
9.23448	2.35556	41.5906	6.4697	
6.76322	3.66667	40.8043	9.06061	
8.3908	1.75556	49.6558	7.84848	
4.68966	6.46667	20.8188	10.8939	
14.0023	2.97778	31.5362	13.9545	
9.38391	2.42222	44.942	10.7576	
6.43908	4.51111	22.25	7.62121	
14.4299	1.84444	30.5906	7.57576	
11.5517	8.66667	29.1884	4.33333	
8.25517	7.37778	49.6377	8.22727	
8.24368	3.13333	40.9964	10.4091	
12.1494	8.42222	43.3188	9.80303	
8.07586	3.57778	34.221	10.8333	
9.12184	2.28889	51.9022	10.6061	
8.77011	3.55556	31.413	7.60606	
14.5287	3.84444	33.837	11	
6.1954	4.6	35.5109	10.4091	
10.5172	7.66667	27.7935	7.51515	
6.81149	4.62222	22.8333	11.9242	
7.75632	6.55556	49.5761	8.33333	
7.38851	7.6	44.913	5.92424	
11.0897	7.46667	41.1848	10.0758	
6.85517	4.88889	26.3877	6.89394	
11.6345	7.51111	26.2428	8.22727	
3.95172	8.46667	34.0761	8.30303	
15.2736	2.91111	22.2428	9.92424	
6.32184	2.73333	22.1775	9.45455	
10.5011	5.02222	31.7283	3.95455	
12.7034	5.88889	36.3152	8.06061	
3.57011	4.84444	12.8841	6.89394	
6.70805	3.84444	31.6304	2.95455	
12.8046	3.51111	35.9239	8.60606	
6.92184	6.66667	54.587	9.84848	
10.3655	5.11111	39.0254	9.12121	
18.046	3.13333	41.3551	9.69697	
6.61609	6.86667	32.0362	12.2273	
15.2759	3.66667	32.2319	9.43939	
6.13333	3.77778	34.8913	8.18182	
9.47816	4.95556	36.3551	9.84848	
12.3356	5	39.0978	10.4545	
13.1057	4.35556	37.2138	8.16667	
3.44368	3.97778	42.5435	13.5606	
11.9471	1.88889	25.7464	8.30303	
8.87586	4.51111	37.3804	14.9091	
9.68506	6.35556	39.1667	8.90909	
6.7908	3.53333	25.4167	13	
16.1034	4.06667	31.3188	9.22727	
9.51494	5.13333	22.0797	6.31818	
13.531	4.06667	29.2681	6.62121	
7.35172	2.73333	29.442	8.12121	
9.45517	5.46667	37.337	6.92424	
10.5402	2.08889	39.2428	10.1667	
6.6046	1.86667	29.7464	6.5303	
11.3264	4.55556	24.3768	9.16667	
14.177	6.66667	37.2101	5.4697	
9.22529	5.71111	32.4601	8.65152	
6.67126	4.88889	30.6159	8.95455	
7.74943	1.97778	27.25	6.59091	
12.508	5.93333	24.4275	9.89394	
20.8874	8.02222	37.3261	11.0909	
10.6989	4.33333	35.9239	7.69697	
8.25287	2.88889	34.279	7.33333	
11.2322	9.53333	33.7899	7.40909	
23.7471	5.73333	29.4928	8.04545	
10.1908	1.15556	25.913	3.84848	
9.32414	2.06667	32.6014	10.2879	
10.331	2.64444	24.4783	7.48485	
8.72644	4.48889	28.4638	13.2576	
7.03218	7.64444	29.25	5.34848	
14.8138	3	25.2428	9.09091	
5.44138	6.33333	37.0326	9.12121	
11.1655	6.28889	24.5906	12.7424	
13.5816	15.8	38.2246	7.01515	
7.4023	11.2889	31.9819	8.15152	
13.4575	3.97778	45.9638	11.5606	
5.0046	3.6	25.8442	8.65152	
6.36782	3.22222	42.7935	9.5	
10.2207	2.62222	39.5254	9.74242	
5.72414	4.42222	35.8913	10.6515	
8.89885	3.68889	37.6522	10.7727	
10.3218	5.42222	28.1087	5.89394	
8.10805	7.6	43.4203	7.34848	
5.56552	6.53333	39.0833	11.4848	
16.7609	1.13333	31.2681	5.27273	
12.6092	1.26667	28.7572	4.80303	
7.05057	3.93333	32.4601	8.25758	
13.269	3.31111	43.1159	4.62121	
3.4023	1.42222	41.8225	12.4545	
10.9609	1.42222	47.2899	8.83333	
7.44138	3.95556	35.6341	12.3939	
12.246	8.2	47.3877	10.0606	
9.52874	5.26667	41.7464	8.71212	
6.10805	5.51111	23.7029	8.28788	
14.8805	6.11111	35.6558	6.5	
4.42529	9.04444	37.971	9.48485	
12.6483	8.06667	43.221	6.86364	
8.65747	8.88889	28.5145	5.95455	
3.46897	4	36.1377	8.34848	
14.846	1.24444	29.0797	7.5303	
5.23218	4.73333	38.9964	11.1061	
6.52874	2	59.3551	9.40909	
5.3954	1.11111	50.8732	6.90909	
6.30805	1.91111	23.6884	9.15152	
5.6069	6.84444	46.6486	10.6061	
6.17701	9.42222	36.308	6.36364	
11.9977	12.1556	48.2681	5.48485	
10.8506	1.15556	46.0072	10.303	
12.3011	9.55556	26.8623	7.04545	
9.87126	1.44444	22.7428	9.24242	
11.5034	5.62222	41.5036	11.2576	
5.3931	2.37778	43.9384	8.83333	
7.15632	10.9556	48.3551	5.18182	
8.57471	2.17778	35.4203	12.6212	
9.07816	4.44444	23.5543	5.07576	
5.05517	4.95556	27.7029	5.10606	
7.74253	7.08889	43.6848	8.07576	
6.34943	4.91111	27.0036	16.2424	
11.0276	3.06667	41.7029	10.4545	
14.5954	4.13333	27.1812	9.19697	
11.2276	3.46667	40.0109	8.25758	
12.9379	2.42222	37.413	9.18182	
11.1563	2.97778	44.8406	10.8939	
13.3195	4.2	25.779	6.16667	
4.88966	6.64444	23.2717	11.3788	
21.1195	10.3111	41.3623	9.31818	
8.38161	3.28889	44.663	5.98485	
13.3034	5.91111	15.442	5.36364	
8.93563	3.37778	37.7065	9.07576	
11.5862	8.04444	41.3804	7.27273	
9.73333	9.11111	37.1268	6.45455	
8.45517	6.93333	28.8152	6.5303	
10.6069	7.4	43.0942	9.07576	
15.8	3.51111	38.6196	7.5303	
13.8391	3.28889	31.3043	7.45455	
12.092	1.4	29.0471	8.75758	
14.6207	12.2444	31.8804	6.71212	
13.0253	2.62222	39.75	6.63636	
12.2575	2	30.3116	6.71212	
14.977	5	51.6594	10.2273	
8.44368	2.88889	23.9565	7	
4.87356	2.82222	56.2717	7.37879	
10.0276	4.15556	38.4058	7	
16.131	4.68889	26.4601	9.45455	
9.6	5.53333	30.6159	8.63636	
20.7126	7.46667	42.2464	5.62121	
9.46207	2.93333	35.4239	9.5303	
8.66667	4.2	39.6884	9.30303	
9.84138	6.71111	46.7283	7.60606	
8.3954	6.77778	32.5181	8.15152	
5.35172	2.46667	44.9638	4.83333	
9.8046	6.44444	35.3442	5.34848	
11.0805	12.0889	32.5217	9.0303	
19.9425	9.31111	30.6268	11.197	
10.3195	1.88889	29.7138	8.5303	
7.24138	7	36.5652	10.3485	
14.3701	6.06667	24.1775	9.83333	
9.89655	7.15556	33.7536	14.4394	
11.1425	3.44444	37.6993	7.81818	
4.46437	3.42222	30.0761	13.8788	
13.6069	7.2	34.7826	14.5606	
12.3609	4.15556	28.5942	8.87879	
8.25287	2.71111	34.9384	7.62121	
7.03908	10.3111	33.5181	4.95455	
14.931	2.48889	50.8696	6.69697	
11.7241	7.77778	34.9819	7.45455	
13.5103	5.51111	45.2971	7.4697	
10.9494	5.91111	35.4928	9.12121	
11.3402	1.86667	32.75	12.1061	
8.31954	8.95556	28.2754	12.197	
6.55402	5.95556	17.8732	8.31818	
12.931	3.26667	45.5942	8.81818	
12.8069	1.62222	33.8696	12.9848	
9.9931	4.2	33.1304	10.4091	
4.91724	9.51111	26.4638	10.5152	
8.08276	8.31111	25.4783	7.56061	
11.3057	2.62222	48.1848	6.78788	
4.61149	5.51111	31.8949	6.42424	
7.37011	4.84444	25	6.93939	
8.83908	15.0222	37.6268	6.81818	
10.2069	2.73333	34.6413	6.69697	
10.0644	4.31111	25.9819	4.72727	
8.34253	3.37778	34.6087	7.75758	
6.28506	5.24444	40.1957	13.2121	
8.07586	4.84444	46.9638	7.89394	
3.9931	3.08889	31.5362	9.09091	
5.37011	5.4	19.5145	9.66667	
9.06437	5.37778	29.413	10.3182	
8.28276	5	32.4167	9.80303	
12.2023	1.6	33.1775	11.1212	
4.44368	3.44444	42.5	7.22727	
5.23908	9.46667	48.8297	6.07576	
10.7632	3.97778	29.6957	8.57576	
11.6184	3.4	33.3841	7.43939	
5.17931	5.26667	36.1449	8.37879	
13.9149	4.35556	20.9674	7.16667	
16.5218	5.22222	34.7971	11.1212	
9.21379	2.91111	23.75	6.4697	
7.1908	12.5556	30.5797	8.16667	
4.91494	1.68889	22.2138	4.92424	
7.82759	2.57778	35.4384	9.86364	
10.5103	3.28889	25.5109	4.71212	
8.57471	8.57778	40.2029	10.9091	
12.9011	4.46667	38.2717	9.12121	
5.78161	3.48889	64.692	14.1212	
14.2069	1.93333	26.9819	8.40909	
8.8092	5.53333	25.4565	6.51515	
8.82529	6.53333	17.4928	7.54545	
8.14943	0.6	36.7899	8.63636	
11.1517	2.26667	38.5652	6.04545	
6.03448	4.53333	40.4891	9.31818	
6.43908	1.42222	39.1341	4.45455	
23.9839	2.22222	35.0797	7.95455	
9.74253	3.37778	32.1341	6.19697	
7.84138	1.46667	34.7971	11.0758	
3.32184	5.24444	23.9094	10.3939	
7.27816	7.68889	32.7428	10.0303	
4.72874	2.97778	25.8188	8.89394	
12.8069	6.82222	24.3732	8.06061	
5.70345	10.7556	34.1703	6.22727	
11.4552	5.66667	31.1377	7.28788	
7.82759	6.31111	42.8333	4.72727	
9.9908	4.04444	21.75	7.83333	
13.8483	6.22222	34.8152	6.13636	
13.5402	4.51111	43.558	7.78788	
13.7471	2.93333	21.3043	7.78788	
10.8138	8.15556	32.2065	8.74242	
7.33793	6.24444	42.4638	10.5606	
18.6552	4.2	32.8514	6.5	
5.69195	10.4222	46.2826	6.63636	
10.1747	10.0667	31.5036	6.30303	
7.38391	3.57778	35.9493	8	
5.53103	4.35556	35.5725	8.74242	
11.4897	2.02222	34.4094	9.25758	
9.75172	3.8	36.0797	9.75758	
8.29655	4.35556	37.2899	7.45455	
11.1839	1.97778	15.2065	13.4394	
10.7356	7.71111	34.0797	5.68182	
13.0828	2.82222	27.0072	7.80303	
6.6069	4	39.4565	10.4848	
10.8621	12.3556	36.5109	10.303	
6.77701	4.48889	26.8841	7.9697	
15.108	2.97778	41.8986	5.06061	
5.0092	6.2	40.8623	3.74242	
5.1954	2.66667	28.9565	9.77273	
4.11264	2.84444	37.5362	4.59091	
12.4598	5.8	33.0507	9.5	
9.53793	4.84444	29.6522	5.60606	
2.96092	3.51111	49.4891	8.89394	
10.1793	2.73333	32.8696	9.68182	
12.6391	3.55556	31.6268	8.0303	
13.2207	6.04444	42.337	11.0758	
5.61609	2.26667	43.2029	5.69697	
11.6184	4.2	30.8406	5.80303	
5.64368	8.82222	30.8297	7.74242	
12.4414	9.06667	34.6486	12.2424	
7.91954	2.51111	38.2826	8.48485	
14.1172	3.95556	50.3949	12.6364	
4.53103	4.6	41.6812	8.42424	
12.3034	6.68889	32.8333	8.22727	
8.77471	5.77778	25.5036	12.3636	
6.26437	5.66667	30.1123	13.5758	
6.04368	4.53333	30.2826	9.78788	
5.94943	5.22222	33.7754	13.6061	
12.6299	3.68889	48.587	11.1667	
12.2943	3.11111	30.5761	8.87879	
8.77011	2.22222	33.1848	7.9697	
6.09655	2.37778	34.5906	7.30303	
8.29195	6.26667	28.3804	5.65152	
4.97011	0.711111	44.7464	5.86364	
17.177	7.86667	29.2717	9.62121	
9.94253	4.82222	26.1196	7.40909	
8.46897	1.73333	40.8587	5.10606	
8.3977	4.6	29.8478	8.65152	
10.3034	2.8	36.0362	7.37879	
7.90805	4.93333	40.837	8.30303	
8.69195	3.64444	35.1957	3.69697	
7.27356	2.66667	27.5217	6.90909	
5.76552	8.73333	46.6087	7.93939	
7.72414	5.28889	28.6341	9.25758	
8.26897	10.8	55.1739	4.25758	
5.42529	5.08889	45.0109	9.37879	
6.49195	2.68889	47.5543	8.18182	
12.6069	1.15556	42.4457	7.51515	
7.37011	6.15556	53.9674	8.92424	
10.2207	5.75556	45.4167	7.09091	
10.4276	10.5556	35.3333	5.84848	
7.71264	2.88889	38.9529	10.9697	
11.1862	2.13333	33.8841	8.16667	
10.3747	4.71111	44.9022	8.98485	
9.12184	15.6222	40.4674	9.78788	
8.31724	8.53333	43.9638	10.4242	
15.1195	5.64444	37.3225	6.40909	
14.0023	4.17778	34.6522	6.48485	
9.91954	8.62222	42.7572	10.3182	
19.6736	3.55556	30.0616	7.34848	
11.9287	5.62222	39.2826	5.15152	
11.0023	2.13333	34.1304	11.8333	
10.423	6.73333	23.0507	9.21212	
10.1287	5.55556	26.7246	7.43939	
10.9287	6.55556	36.3623	5.48485	
7.3977	4.84444	29.7609	8.27273	
6.53563	2.93333	39.058	5.75758	
14.6092	1.42222	47	7.12121	
9.70805	7.06667	17.4964	11.697	
7.92184	3.06667	33.2138	8.22727	
9.15402	2.62222	37.721	6.4697	
6.84828	5.95556	37.5181	8.71212	
3.45747	11.2222	32.0906	9.60606	
13.8184	3.88889	23.721	9.87879	
11.1471	2.04444	34.3261	7.63636	
9.55632	3.22222	34.413	8.07576	
13.3609	9.6	33.058	12.1818	
20.1103	1.91111	31.6594	4.87879	
16.2529	4.68889	25.6884	5.39394	
4.26207	5.48889	31.7355	12.5152	
9.61609	2.08889	25.779	12.5606	
11.423	2.66667	35.7174	4.4697	
12.6575	4.17778	37.5109	8.71212	
13.4552	9.11111	45.3623	6.9697	
12.5931	1.22222	30.6087	8.5	
7.89195	10.4667	35.5036	7.51515	
7.24368	5.28889	30.4855	7.33333	
8.23218	8.46667	30.4058	16.5758	
7.91724	4.86667	20.5978	6.84848	
12.2759	1.97778	41.1123	5.5303	
16.1103	1.11111	45.7065	7.63636	
13.177	3.33333	42.1413	4.77273	
7.05517	1.31111	30.2138	7.80303	
11.3195	7.44444	45.5362	14.1818	
4.33103	3.64444	21.1341	8.60606	
5.91724	4.17778	31.3043	11.4394	
6.52184	3.95556	33.2246	6.19697	
10.7356	6.73333	24.9203	7.30303	
5.97241	5.82222	32.3007	6.40909	
9.76092	5.35556	27.6775	7.19697	
7.08276	4.68889	36.2138	8.54545	
7.54023	6.95556	37.7826	13.8333	
4.68966	2.57778	27.5471	11.2424	
11.3793	5.17778	27.6341	6.74242	
6.26897	8.42222	34.6775	10.0606	
8.50115	3.26667	35.1123	6.83333	
8.30805	3.66667	41.2065	5.81818	
14.9103	3.4	40.3116	5.71212	
9.82299	7.48889	45.2029	9.93939	
6.04368	3.04444	48.4529	5.36364	
12.9172	7.77778	49.9819	14.9848	
10.4966	8.75556	28.2971	7.87879	
10.6506	2.35556	43.0036	6.27273	
12.7471	5.93333	35.2681	8.51515	
8.56782	3.68889	48.1522	8.5303	
11.7241	3.51111	34.9601	5.37879	
14.3126	6.28889	29.0036	9.51515	
7.8	6.64444	27.1014	12.2727	
10.6851	4.2	41.6014	6.68182	
14.9977	2.35556	32.0435	4.56061	
8.34253	2.93333	37.4565	9.84848	
8.23678	2.44444	20.9239	9.13636	
9.93793	1.91111	51.6304	9.98485	
16.2368	4.88889	43.3877	6.07576	
6.4046	14.8444	37.2754	6.93939	
11.2805	2.75556	33.8913	10.2121	
8.37471	5	38.8551	7.15152	
9.12414	9.4	33.0507	6.9697	
7.9908	7.17778	33.8225	6.71212	
5.1977	2.02222	34.8949	5.69697	
6.24368	4.77778	29.5471	6.93939	
4.74023	6.4	21.721	9.45455	
6.46897	7.91111	24.4312	8.24242	
13.092	12.3333	45.5435	11.6667	
11.0414	5.4	29.0109	9.36364	
9.70575	4.71111	39.8225	8.5	
14.046	4.75556	44.6848	12.9394	
8.51264	4.31111	21.8841	10.9242	
11.0598	2.97778	31.3297	11.2727	
9.48046	5.57778	29.4891	8.19697	
6.78621	2.73333	30.9457	5.18182	
7.17471	3.91111	38.9348	10.0606	
7.54253	2.37778	38.9964	10.5606	
13.8368	4.6	37.0435	6.90909	
7.14483	2.4	25.0471	7.65152	
11.6184	4.82222	33.8261	5.5303	
13.9471	14.0667	31.8659	8	
15.977	2.37778	21.5978	11.4091	
12.9563	9.53333	42.6087	6.4697	
22.6069	2.46667	34.4674	7.68182	
10.8897	8.51111	31.9601	8.48485	
18.1678	3.42222	26.1123	6.37879	
9.28966	5.62222	37.221	5.40909	
9.49425	5.68889	36.5833	9.51515	
14.1793	11.6	31.4891	3.86364	
9.48506	3	29.7246	15.1061	
19.1333	5.86667	26.7754	8.18182	
8.03678	2.66667	40.7717	9.54545	
4.62759	1.42222	42.3551	9.06061	
14.9448	6.44444	30.5036	11.4242	
6.5954	2.66667	40.5	7.40909	
7.92184	6.11111	28.9022	9.33333	
8.61379	7.73333	40.1014	7.28788	
8.81379	3.4	35.6232	5.81818	
6.55862	5.91111	42.692	6.4697	
10.6276	2.17778	37.0725	12.3333	
17	4.82222	39.2246	5.30303	
15.4598	2.93333	36.3406	4.74242	
17.2184	1.88889	48.9348	11.5455	
9.33793	5.51111	38.3116	7.84848	
12.5517	3	40.2899	9.34848	
11.1471	8.73333	29.913	7.72727	
8.33333	6.62222	34.2391	9.59091	
12.9425	2.15556	37.6377	6.10606	
8.16322	4.04444	28.2355	7.78788	
10.5195	11.1111	38.721	7.78788	
6.15862	3.57778	33.3696	7.10606	
3.3908	4.84444	39.9928	12.5	
7.69195	10.2	42.4855	6.39394	
7.05977	7.86667	30.2283	6.75758	
14.2943	7.57778	29.4891	11.803	
8.83908	2.75556	24.4855	4.80303	
6.91264	1.6	29.0761	8.78788	
21.0759	2.71111	46.4891	10.4545	
11.8713	7.93333	28.9819	5.86364	
11.8299	3.06667	26.1739	7.84848	
4.95172	4.13333	35.4674	6.92424	
17.5701	2.22222	38.6812	7.83333	
6.75632	6.86667	31.4928	9.09091	
6.14023	4.17778	19.8442	10.0909	
9.92644	5.11111	26.5978	13.5455	
6.64598	4.42222	37.4819	8.90909	
8.93103	6.33333	19.0471	8.98485	
9.6	4.88889	26.7645	6.86364	
6.86667	4.86667	40.9022	7.57576	
9.42529	5.53333	28.8804	7.18182	
11.1402	6.37778	37.7428	6.80303	
10.4575	3.48889	28.8877	5.07576	
8.74253	6.57778	34.1341	7.04545	
15.3563	5.26667	27.2536	9.48485	
12.0529	8.6	38.4493	10.1818	
14.2667	3.82222	21.3913	5.27273	
12.6805	5.44444	44.6884	11.1818	
7.75632	3.64444	40.8225	4.40909	
7.75172	5.84444	30.3659	7.86364	
10.4759	7.73333	36.1087	9.24242	
13.531	5.15556	27.5652	9.33333	
7.10115	6.53333	37.8406	14.803	
9.12414	8.73333	42.058	7	
6.90575	3.71111	28.5616	12.0152	
7.64138	2.08889	22.4022	10.7576	
12.1609	3.46667	41.8225	7.75758	
6.70345	2.88889	50.9022	8.81818	
5.76782	6.28889	47.3623	7.21212	
16.9241	2.28889	32.6159	13.5	
12.1057	5.53333	38.1232	7.54545	
12.3103	3.35556	28.3587	8.90909	
11.0897	1.91111	39.5254	10.197	
12.5149	5.42222	50.7536	7.87879	
12.5908	1.35556	39.4529	9.18182	
10.3747	2.06667	26.5072	8.15152	
13.4713	9.04444	37.2862	8.65152	
10.8	0.755556	32.6232	12.4848	
3.97011	2.26667	32.5507	12.9848	
7.96552	7.37778	31.4457	8.21212	
8.09885	2.26667	37.4601	10.3182	
11.5149	1.26667	50.9022	10.9545	
15.6115	4.97778	41.7681	8.68182	
7.36322	3.88889	34.1739	8.74242	
9.62529	1.82222	41.9167	7.04545	
9.83908	2.75556	30.692	10.2424	
6.48966	2.62222	32.9203	5.18182	
7.86437	6.08889	30.9312	9.87879	
4.82299	4.46667	22.558	9.25758	
6.68506	3.31111	46.2572	11.4394	
6.86667	6.26667	35.2246	6.16667	
10.2322	2.64444	38.1993	7.4697	
9.89425	2.91111	27.3986	11.9394	
6.87586	9.86667	27.7681	4.28788	
5.61839	1.93333	40.3478	11.9697	
10.4161	3.55556	38.6196	9.40909	
12.3448	4.26667	34.8841	8	
11.4483	3	28.2572	4.92424	
11.6805	3.26667	42.0942	8.19697	
10.8575	10.5556	42.4565	9.42424	
9.47816	3.82222	34.5181	9.33333	
9.41149	17.0222	42.9674	8.33333	
16.3701	2.77778	32.7319	8.71212	
10.8943	5.73333	34.2826	10.2273	
10.6828	3.13333	32.4783	8.4697	
12.6874	4.75556	28.8587	13.2424	
6.68046	2.73333	33.3804	7.63636	
8.44138	4.62222	28.087	8.18182	
10.7517	4.97778	39.2572	7.39394	
12.6437	5.48889	31.8043	8.40909	
8.50575	5.62222	21.7572	11.6515	
9.56552	6.82222	50.8551	9.13636	
10.0759	0.2	32.6014	7.12121	
6.75402	18.7333	34.9783	8.39394	
12.2023	3.91111	45.1486	8.34848	
5.45287	4.46667	49.4855	8.92424	
6.9908	5	39.221	9.36364	
5.29425	2.64444	35.0435	9.95455	
8.93563	3.02222	30.7101	8.09091	
9.78851	3.95556	34.1341	8.86364	
8.8023	5.68889	29.1377	8.86364	
8.49425	17.0444	26.5072	7.04545	
6.21379	2.4	22.5906	8.33333	
6.93103	2.42222	28.3696	6.5303	
9.24368	7.57778	21.7464	6.62121	
10.2184	8.71111	44.1812	11.1212	
4.46897	10.4	50.6594	6.90909	
6.46437	2.51111	39.7101	10.4697	
10.5264	3.91111	39.1449	8.57576	
6.24598	5.51111	35.0471	11.2121	
9.55862	2.4	32.5399	12.1667	
5.84368	4.82222	32.8732	7.31818	
13.5517	1.15556	41.4529	9.57576	
11.6322	2.17778	33.692	7.30303	
5.98391	3.93333	43.0543	8.98485	
15.4897	6.82222	30.6775	8.27273	
16.0598	4.55556	36.3913	7.07576	
16.2874	4.02222	41.5978	8.81818	
2.8069	8.64444	35.2174	7.19697	
10.0851	7.4	29.942	2.62121	
9.41609	7.86667	26.4891	8.74242	
8.1954	3.28889	34.4275	9.09091	
8.63448	5.57778	28.0036	13.3333	
8.97701	4.8	38.471	7.31818	
9.56552	2.57778	42.8804	7.5	
2.72184	2.2	32.0652	4.21212	
10.0943	2.82222	41.2029	8.77273	
5.70115	3.35556	41.1123	9.40909	
8.26207	4.48889	39.4928	7.30303	
11.6322	7.55556	32.5254	5.65152	
11.4989	3.73333	31.837	7.40909	
13.8092	3.28889	47.2246	6.10606	
8.86667	6	31.5181	7.65152	
5.72414	7.46667	47.6196	6.21212	
7.25057	0.6	33.7971	13.303	
6.9931	7.75556	22.8732	7.84848	
8.67586	3.31111	22.5254	5.57576	
6.42299	3.26667	35.6449	9.33333	
15.7425	23.2444	46.837	8.56061	
10.4782	1.82222	30.8877	14.9091	
12.554	2.73333	26.837	10.2121	
14.5126	1.86667	28.1377	11.3636	
3.92184	4.08889	34.4674	4.9697	
10.5747	7.95556	29.3152	4.62121	
23.4828	9.28889	37.337	5.40909	
9.6046	11.9556	38.0688	8.43939	
6.81609	3.28889	47.9855	10.8788	
20.9057	3.02222	42.5616	8.37879	
13.8276	4.8	44.029	10.5909	
14.5862	4.06667	37.8986	8.42424	
4.51954	4.86667	37.4312	3.81818	
8.23908	5.55556	44.0109	6.45455	
7.81379	7.93333	26.1014	8.65152	
10.0115	0.933333	46.4674	8.25758	
9.06437	1.93333	29.6558	5.9697	
9.58391	0.755556	26.6558	7.28788	
14.2759	1.95556	37.5217	8.89394	
10.1517	3.71111	30.2029	7.34848	
19.4161	2.64444	30.442	8.09091	
4.41149	6.06667	21.9601	4.59091	
10.8621	10.8444	36.0942	11.4848	
8.33103	2.46667	39.6957	6.80303	
9.16782	2.62222	33.192	10.4242	
11.4897	1.86667	32.6087	8.63636	
10.2437	3.73333	32.9348	6.12121	
6.17701	2.35556	32.4457	5.5303	
6.22529	2.2	31.9674	11.4697	
7.89655	17.2	34.9348	10.8636	
9.04598	6.62222	28.4746	8.63636	
4.36782	3.28889	30.8116	8.48485	
9.64598	5.22222	45.337	10.4545	
6.76782	4.35556	29.6268	9.78788	
6.63678	3.64444	36.0616	9.56061	
15.5609	4.37778	36.9928	6.15152	
8.1931	5.28889	29.1268	9.83333	
16.0161	1.2	38.1123	7.40909	
7.85287	4.82222	27.9203	8.54545	
9.44138	3.95556	41.6522	9.15152	
12.0437	3.68889	30.529	8.42424	
5.52184	7.42222	27.6159	7.95455	
6.16092	1.28889	41.221	7.43939	
16.1954	3.31111	53.3587	11.9242	
5.11494	6.82222	20.5761	5.5303	
4.92644	1.86667	33.7681	5.90909	
10.7011	1.91111	45.1812	8.40909	
8.38851	5.06667	34.9203	9.16667	
13.1195	2.06667	37.3551	8.56061	
11.5241	7.28889	35.9094	8.92424	
6.65977	7.53333	40.4819	9.74242	
9.94713	8.6	22.75	10.1212	
4.7908	3.97778	24.3261	9.77273	
8.15172	6.93333	52.0507	14.8182	
10.7425	6.77778	36.0072	5.78788	
9.90345	3.04444	30.1268	8.04545	
8.64828	5.55556	32.1196	8.66667	
9.74713	3.28889	31.7138	7.83333	
13.5517	3	31.4384	6.87879	
11.4253	4.75556	39.6884	7	
4.52184	12.6	31.7246	10.0758	
9.13563	2.4	44.6123	10.1061	
11.3494	7.55556	40.9348	12.6364	
12.1425	6.77778	34.0217	6.33333	
5.42989	5.26667	30.692	6.98485	
8.51264	9.84444	36.5399	6.83333	
11.9609	3	33.7101	8.19697	
10.3931	7.42222	27.7464	10.7273	
5.76092	7.88889	33.9167	10.3939	
5.31034	1.4	21.8333	7.07576	
8.6092	4.24444	44.1812	5.06061	
11.669	2.42222	38.2391	7.62121	
9.30575	5.93333	43.4348	7.01515	
7.67126	5.26667	32.8406	8.15152	
12.8644	6.51111	38.529	10.1667	
12.1149	5.15556	34.2826	8.59091	
5.96092	1.82222	39.1812	8.16667	
13.7954	1.57778	26.1812	6.86364	
9.53563	3.57778	35.0399	7.04545	
11.3609	9.68889	39.7246	12.4545	
6.11954	2.24444	45.2681	8.48485	
8.34023	11.7333	40.5036	9.9697	
4.71724	2.28889	36.8297	7.4697	
10.7379	6.06667	39.058	5.62121	
11.8345	2.28889	37.2645	8.84848	
15.0368	3.37778	45.1522	6.24242	
10.8391	8.95556	25.5254	8.77273	
14.4207	5.57778	36.8188	15.2121	
11.6322	3.95556	34.6848	5.87879	
5.18161	2.93333	31.6051	12.3182	
11.7954	9.13333	34.1014	10.6061	
7.98391	4.55556	30.7464	6.65152	
8.82069	3.95556	33.3841	6.5303	
4.11264	0.755556	48.1232	10.0303	
15.8736	1.46667	27.8551	9.74242	
5.49195	5.02222	37.221	11.1667	
16.1218	9.42222	47.6051	7.69697	
21.5563	4.82222	38.3333	10.2273	
9.38391	1.6	48.5543	11.7424	
10.2299	5.06667	23.4457	6.18182	
5.73103	3.37778	39.7609	5.66667	
8.65057	12.2444	38.6775	9.74242	
6.03678	8.6	41.6449	9.66667	
10.2276	1.66667	39.8841	8.69697	
5.89195	3.84444	27.7826	8.21212	
10.4	1.8	37.5725	11.1061	
7.71494	3.97778	32.0543	6.65152	
11.9839	12.0667	29.5725	10.303	
5.33333	2.06667	25.913	8.06061	
2.05747	6.91111	37.0471	9.66667	
6.30115	1.42222	19.4167	10.2879	
11.446	5.6	33.5254	6.80303	
13.4276	2.8	24.5254	7.48485	
7.68736	4.46667	34.3696	7.81818	
10.1724	4.06667	18.6014	8.01515	
18.4598	6.91111	35.1739	11.1364	
8.65287	1.62222	37.6014	6.56061	
11.2414	4.44444	25.0761	8.39394	
12.2092	3	39.4312	7.63636	
7.02529	6.13333	26.9783	10.3939	
10.3563	7.48889	37.5652	7.65152	
8.0069	7.17778	26.6123	9.5303	
6.25057	3.42222	45.6413	7.59091	
6.55402	2.4	45.0145	8.83333	
10.3425	4.31111	37.1558	7.34848	
11.2805	3.62222	29.1413	5.10606	
8.11034	4.37778	30.2971	12.6364	
11.6966	2.75556	22.779	4.54545	
11.9448	5.13333	36.4203	7.92424	
13.954	1.13333	24.7935	8	
12.7563	11.6444	35.0725	7.87879	
9.69885	12.4667	35.529	8.98485	
7.12874	2.57778	47.9746	5.9697	
15.4575	3.8	34.4674	7.27273	
11.7195	7.11111	20.1196	6.27273	
12.0368	7.93333	42.4312	11.1061	
8.12874	1.86667	24.5326	12.3333	
13.2345	2.33333	34.3986	7.93939	
10.4414	2.62222	45.8804	5.01515	
11.8253	2.17778	55.2174	12.2273	
14.9609	3.22222	39.5978	6.36364	
7.23908	3.6	40.3043	8.18182	
17.1425	11.3111	44.0181	17.7727	
11.5195	7.6	46.3804	9.10606	
8.66897	5.73333	43.9167	9.83333	
8.86897	7.06667	44.7717	6.30303	
12.3264	5.44444	42.5399	9.0303	
9.28506	4.31111	25.7609	10.9545	
7.26207	2.68889	41.7355	10.3636	
8.3908	4.73333	32.8551	9	
