thetaw	recombination	
0.5	0.5	
0.5	1	
0.5	1.5	
0.5	2	
0.5	2.5	
0.5	3	
0.5	3.5	
0.5	4	
0.5	4.5	
0.5	5	
0.5	5.5	
0.5	6	
0.5	6.5	
0.5	7	
0.5	7.5	
0.5	8	
0.5	8.5	
0.5	9	
0.5	9.5	
0.5	10	
0.5	10.5	
0.5	11	
0.5	11.5	
0.5	12	
0.5	12.5	
0.5	13	
0.5	13.5	
0.5	14	
0.5	14.5	
0.5	15	
0.5	15.5	
0.5	16	
0.5	16.5	
0.5	17	
0.5	17.5	
0.5	18	
0.5	18.5	
0.5	19	
0.5	19.5	
0.5	20	
0.5	20.5	
0.5	21	
0.5	21.5	
0.5	22	
0.5	22.5	
0.5	23	
0.5	23.5	
0.5	24	
0.5	24.5	
0.5	25	
1	0.5	
1	1	
1	1.5	
1	2	
1	2.5	
1	3	
1	3.5	
1	4	
1	4.5	
1	5	
1	5.5	
1	6	
1	6.5	
1	7	
1	7.5	
1	8	
1	8.5	
1	9	
1	9.5	
1	10	
1	10.5	
1	11	
1	11.5	
1	12	
1	12.5	
1	13	
1	13.5	
1	14	
1	14.5	
1	15	
1	15.5	
1	16	
1	16.5	
1	17	
1	17.5	
1	18	
1	18.5	
1	19	
1	19.5	
1	20	
1	20.5	
1	21	
1	21.5	
1	22	
1	22.5	
1	23	
1	23.5	
1	24	
1	24.5	
1	25	
1.5	0.5	
1.5	1	
1.5	1.5	
1.5	2	
1.5	2.5	
1.5	3	
1.5	3.5	
1.5	4	
1.5	4.5	
1.5	5	
1.5	5.5	
1.5	6	
1.5	6.5	
1.5	7	
1.5	7.5	
1.5	8	
1.5	8.5	
1.5	9	
1.5	9.5	
1.5	10	
1.5	10.5	
1.5	11	
1.5	11.5	
1.5	12	
1.5	12.5	
1.5	13	
1.5	13.5	
1.5	14	
1.5	14.5	
1.5	15	
1.5	15.5	
1.5	16	
1.5	16.5	
1.5	17	
1.5	17.5	
1.5	18	
1.5	18.5	
1.5	19	
1.5	19.5	
1.5	20	
1.5	20.5	
1.5	21	
1.5	21.5	
1.5	22	
1.5	22.5	
1.5	23	
1.5	23.5	
1.5	24	
1.5	24.5	
1.5	25	
2	0.5	
2	1	
2	1.5	
2	2	
2	2.5	
2	3	
2	3.5	
2	4	
2	4.5	
2	5	
2	5.5	
2	6	
2	6.5	
2	7	
2	7.5	
2	8	
2	8.5	
2	9	
2	9.5	
2	10	
2	10.5	
2	11	
2	11.5	
2	12	
2	12.5	
2	13	
2	13.5	
2	14	
2	14.5	
2	15	
2	15.5	
2	16	
2	16.5	
2	17	
2	17.5	
2	18	
2	18.5	
2	19	
2	19.5	
2	20	
2	20.5	
2	21	
2	21.5	
2	22	
2	22.5	
2	23	
2	23.5	
2	24	
2	24.5	
2	25	
2.5	0.5	
2.5	1	
2.5	1.5	
2.5	2	
2.5	2.5	
2.5	3	
2.5	3.5	
2.5	4	
2.5	4.5	
2.5	5	
2.5	5.5	
2.5	6	
2.5	6.5	
2.5	7	
2.5	7.5	
2.5	8	
2.5	8.5	
2.5	9	
2.5	9.5	
2.5	10	
2.5	10.5	
2.5	11	
2.5	11.5	
2.5	12	
2.5	12.5	
2.5	13	
2.5	13.5	
2.5	14	
2.5	14.5	
2.5	15	
2.5	15.5	
2.5	16	
2.5	16.5	
2.5	17	
2.5	17.5	
2.5	18	
2.5	18.5	
2.5	19	
2.5	19.5	
2.5	20	
2.5	20.5	
2.5	21	
2.5	21.5	
2.5	22	
2.5	22.5	
2.5	23	
2.5	23.5	
2.5	24	
2.5	24.5	
2.5	25	
3	0.5	
3	1	
3	1.5	
3	2	
3	2.5	
3	3	
3	3.5	
3	4	
3	4.5	
3	5	
3	5.5	
3	6	
3	6.5	
3	7	
3	7.5	
3	8	
3	8.5	
3	9	
3	9.5	
3	10	
3	10.5	
3	11	
3	11.5	
3	12	
3	12.5	
3	13	
3	13.5	
3	14	
3	14.5	
3	15	
3	15.5	
3	16	
3	16.5	
3	17	
3	17.5	
3	18	
3	18.5	
3	19	
3	19.5	
3	20	
3	20.5	
3	21	
3	21.5	
3	22	
3	22.5	
3	23	
3	23.5	
3	24	
3	24.5	
3	25	
3.5	0.5	
3.5	1	
3.5	1.5	
3.5	2	
3.5	2.5	
3.5	3	
3.5	3.5	
3.5	4	
3.5	4.5	
3.5	5	
3.5	5.5	
3.5	6	
3.5	6.5	
3.5	7	
3.5	7.5	
3.5	8	
3.5	8.5	
3.5	9	
3.5	9.5	
3.5	10	
3.5	10.5	
3.5	11	
3.5	11.5	
3.5	12	
3.5	12.5	
3.5	13	
3.5	13.5	
3.5	14	
3.5	14.5	
3.5	15	
3.5	15.5	
3.5	16	
3.5	16.5	
3.5	17	
3.5	17.5	
3.5	18	
3.5	18.5	
3.5	19	
3.5	19.5	
3.5	20	
3.5	20.5	
3.5	21	
3.5	21.5	
3.5	22	
3.5	22.5	
3.5	23	
3.5	23.5	
3.5	24	
3.5	24.5	
3.5	25	
4	0.5	
4	1	
4	1.5	
4	2	
4	2.5	
4	3	
4	3.5	
4	4	
4	4.5	
4	5	
4	5.5	
4	6	
4	6.5	
4	7	
4	7.5	
4	8	
4	8.5	
4	9	
4	9.5	
4	10	
4	10.5	
4	11	
4	11.5	
4	12	
4	12.5	
4	13	
4	13.5	
4	14	
4	14.5	
4	15	
4	15.5	
4	16	
4	16.5	
4	17	
4	17.5	
4	18	
4	18.5	
4	19	
4	19.5	
4	20	
4	20.5	
4	21	
4	21.5	
4	22	
4	22.5	
4	23	
4	23.5	
4	24	
4	24.5	
4	25	
4.5	0.5	
4.5	1	
4.5	1.5	
4.5	2	
4.5	2.5	
4.5	3	
4.5	3.5	
4.5	4	
4.5	4.5	
4.5	5	
4.5	5.5	
4.5	6	
4.5	6.5	
4.5	7	
4.5	7.5	
4.5	8	
4.5	8.5	
4.5	9	
4.5	9.5	
4.5	10	
4.5	10.5	
4.5	11	
4.5	11.5	
4.5	12	
4.5	12.5	
4.5	13	
4.5	13.5	
4.5	14	
4.5	14.5	
4.5	15	
4.5	15.5	
4.5	16	
4.5	16.5	
4.5	17	
4.5	17.5	
4.5	18	
4.5	18.5	
4.5	19	
4.5	19.5	
4.5	20	
4.5	20.5	
4.5	21	
4.5	21.5	
4.5	22	
4.5	22.5	
4.5	23	
4.5	23.5	
4.5	24	
4.5	24.5	
4.5	25	
5	0.5	
5	1	
5	1.5	
5	2	
5	2.5	
5	3	
5	3.5	
5	4	
5	4.5	
5	5	
5	5.5	
5	6	
5	6.5	
5	7	
5	7.5	
5	8	
5	8.5	
5	9	
5	9.5	
5	10	
5	10.5	
5	11	
5	11.5	
5	12	
5	12.5	
5	13	
5	13.5	
5	14	
5	14.5	
5	15	
5	15.5	
5	16	
5	16.5	
5	17	
5	17.5	
5	18	
5	18.5	
5	19	
5	19.5	
5	20	
5	20.5	
5	21	
5	21.5	
5	22	
5	22.5	
5	23	
5	23.5	
5	24	
5	24.5	
5	25	
5.5	0.5	
5.5	1	
5.5	1.5	
5.5	2	
5.5	2.5	
5.5	3	
5.5	3.5	
5.5	4	
5.5	4.5	
5.5	5	
5.5	5.5	
5.5	6	
5.5	6.5	
5.5	7	
5.5	7.5	
5.5	8	
5.5	8.5	
5.5	9	
5.5	9.5	
5.5	10	
5.5	10.5	
5.5	11	
5.5	11.5	
5.5	12	
5.5	12.5	
5.5	13	
5.5	13.5	
5.5	14	
5.5	14.5	
5.5	15	
5.5	15.5	
5.5	16	
5.5	16.5	
5.5	17	
5.5	17.5	
5.5	18	
5.5	18.5	
5.5	19	
5.5	19.5	
5.5	20	
5.5	20.5	
5.5	21	
5.5	21.5	
5.5	22	
5.5	22.5	
5.5	23	
5.5	23.5	
5.5	24	
5.5	24.5	
5.5	25	
6	0.5	
6	1	
6	1.5	
6	2	
6	2.5	
6	3	
6	3.5	
6	4	
6	4.5	
6	5	
6	5.5	
6	6	
6	6.5	
6	7	
6	7.5	
6	8	
6	8.5	
6	9	
6	9.5	
6	10	
6	10.5	
6	11	
6	11.5	
6	12	
6	12.5	
6	13	
6	13.5	
6	14	
6	14.5	
6	15	
6	15.5	
6	16	
6	16.5	
6	17	
6	17.5	
6	18	
6	18.5	
6	19	
6	19.5	
6	20	
6	20.5	
6	21	
6	21.5	
6	22	
6	22.5	
6	23	
6	23.5	
6	24	
6	24.5	
6	25	
6.5	0.5	
6.5	1	
6.5	1.5	
6.5	2	
6.5	2.5	
6.5	3	
6.5	3.5	
6.5	4	
6.5	4.5	
6.5	5	
6.5	5.5	
6.5	6	
6.5	6.5	
6.5	7	
6.5	7.5	
6.5	8	
6.5	8.5	
6.5	9	
6.5	9.5	
6.5	10	
6.5	10.5	
6.5	11	
6.5	11.5	
6.5	12	
6.5	12.5	
6.5	13	
6.5	13.5	
6.5	14	
6.5	14.5	
6.5	15	
6.5	15.5	
6.5	16	
6.5	16.5	
6.5	17	
6.5	17.5	
6.5	18	
6.5	18.5	
6.5	19	
6.5	19.5	
6.5	20	
6.5	20.5	
6.5	21	
6.5	21.5	
6.5	22	
6.5	22.5	
6.5	23	
6.5	23.5	
6.5	24	
6.5	24.5	
6.5	25	
7	0.5	
7	1	
7	1.5	
7	2	
7	2.5	
7	3	
7	3.5	
7	4	
7	4.5	
7	5	
7	5.5	
7	6	
7	6.5	
7	7	
7	7.5	
7	8	
7	8.5	
7	9	
7	9.5	
7	10	
7	10.5	
7	11	
7	11.5	
7	12	
7	12.5	
7	13	
7	13.5	
7	14	
7	14.5	
7	15	
7	15.5	
7	16	
7	16.5	
7	17	
7	17.5	
7	18	
7	18.5	
7	19	
7	19.5	
7	20	
7	20.5	
7	21	
7	21.5	
7	22	
7	22.5	
7	23	
7	23.5	
7	24	
7	24.5	
7	25	
7.5	0.5	
7.5	1	
7.5	1.5	
7.5	2	
7.5	2.5	
7.5	3	
7.5	3.5	
7.5	4	
7.5	4.5	
7.5	5	
7.5	5.5	
7.5	6	
7.5	6.5	
7.5	7	
7.5	7.5	
7.5	8	
7.5	8.5	
7.5	9	
7.5	9.5	
7.5	10	
7.5	10.5	
7.5	11	
7.5	11.5	
7.5	12	
7.5	12.5	
7.5	13	
7.5	13.5	
7.5	14	
7.5	14.5	
7.5	15	
7.5	15.5	
7.5	16	
7.5	16.5	
7.5	17	
7.5	17.5	
7.5	18	
7.5	18.5	
7.5	19	
7.5	19.5	
7.5	20	
7.5	20.5	
7.5	21	
7.5	21.5	
7.5	22	
7.5	22.5	
7.5	23	
7.5	23.5	
7.5	24	
7.5	24.5	
7.5	25	
8	0.5	
8	1	
8	1.5	
8	2	
8	2.5	
8	3	
8	3.5	
8	4	
8	4.5	
8	5	
8	5.5	
8	6	
8	6.5	
8	7	
8	7.5	
8	8	
8	8.5	
8	9	
8	9.5	
8	10	
8	10.5	
8	11	
8	11.5	
8	12	
8	12.5	
8	13	
8	13.5	
8	14	
8	14.5	
8	15	
8	15.5	
8	16	
8	16.5	
8	17	
8	17.5	
8	18	
8	18.5	
8	19	
8	19.5	
8	20	
8	20.5	
8	21	
8	21.5	
8	22	
8	22.5	
8	23	
8	23.5	
8	24	
8	24.5	
8	25	
8.5	0.5	
8.5	1	
8.5	1.5	
8.5	2	
8.5	2.5	
8.5	3	
8.5	3.5	
8.5	4	
8.5	4.5	
8.5	5	
8.5	5.5	
8.5	6	
8.5	6.5	
8.5	7	
8.5	7.5	
8.5	8	
8.5	8.5	
8.5	9	
8.5	9.5	
8.5	10	
8.5	10.5	
8.5	11	
8.5	11.5	
8.5	12	
8.5	12.5	
8.5	13	
8.5	13.5	
8.5	14	
8.5	14.5	
8.5	15	
8.5	15.5	
8.5	16	
8.5	16.5	
8.5	17	
8.5	17.5	
8.5	18	
8.5	18.5	
8.5	19	
8.5	19.5	
8.5	20	
8.5	20.5	
8.5	21	
8.5	21.5	
8.5	22	
8.5	22.5	
8.5	23	
8.5	23.5	
8.5	24	
8.5	24.5	
8.5	25	
9	0.5	
9	1	
9	1.5	
9	2	
9	2.5	
9	3	
9	3.5	
9	4	
9	4.5	
9	5	
9	5.5	
9	6	
9	6.5	
9	7	
9	7.5	
9	8	
9	8.5	
9	9	
9	9.5	
9	10	
9	10.5	
9	11	
9	11.5	
9	12	
9	12.5	
9	13	
9	13.5	
9	14	
9	14.5	
9	15	
9	15.5	
9	16	
9	16.5	
9	17	
9	17.5	
9	18	
9	18.5	
9	19	
9	19.5	
9	20	
9	20.5	
9	21	
9	21.5	
9	22	
9	22.5	
9	23	
9	23.5	
9	24	
9	24.5	
9	25	
9.5	0.5	
9.5	1	
9.5	1.5	
9.5	2	
9.5	2.5	
9.5	3	
9.5	3.5	
9.5	4	
9.5	4.5	
9.5	5	
9.5	5.5	
9.5	6	
9.5	6.5	
9.5	7	
9.5	7.5	
9.5	8	
9.5	8.5	
9.5	9	
9.5	9.5	
9.5	10	
9.5	10.5	
9.5	11	
9.5	11.5	
9.5	12	
9.5	12.5	
9.5	13	
9.5	13.5	
9.5	14	
9.5	14.5	
9.5	15	
9.5	15.5	
9.5	16	
9.5	16.5	
9.5	17	
9.5	17.5	
9.5	18	
9.5	18.5	
9.5	19	
9.5	19.5	
9.5	20	
9.5	20.5	
9.5	21	
9.5	21.5	
9.5	22	
9.5	22.5	
9.5	23	
9.5	23.5	
9.5	24	
9.5	24.5	
9.5	25	
10	0.5	
10	1	
10	1.5	
10	2	
10	2.5	
10	3	
10	3.5	
10	4	
10	4.5	
10	5	
10	5.5	
10	6	
10	6.5	
10	7	
10	7.5	
10	8	
10	8.5	
10	9	
10	9.5	
10	10	
10	10.5	
10	11	
10	11.5	
10	12	
10	12.5	
10	13	
10	13.5	
10	14	
10	14.5	
10	15	
10	15.5	
10	16	
10	16.5	
10	17	
10	17.5	
10	18	
10	18.5	
10	19	
10	19.5	
10	20	
10	20.5	
10	21	
10	21.5	
10	22	
10	22.5	
10	23	
10	23.5	
10	24	
10	24.5	
10	25	
10.5	0.5	
10.5	1	
10.5	1.5	
10.5	2	
10.5	2.5	
10.5	3	
10.5	3.5	
10.5	4	
10.5	4.5	
10.5	5	
10.5	5.5	
10.5	6	
10.5	6.5	
10.5	7	
10.5	7.5	
10.5	8	
10.5	8.5	
10.5	9	
10.5	9.5	
10.5	10	
10.5	10.5	
10.5	11	
10.5	11.5	
10.5	12	
10.5	12.5	
10.5	13	
10.5	13.5	
10.5	14	
10.5	14.5	
10.5	15	
10.5	15.5	
10.5	16	
10.5	16.5	
10.5	17	
10.5	17.5	
10.5	18	
10.5	18.5	
10.5	19	
10.5	19.5	
10.5	20	
10.5	20.5	
10.5	21	
10.5	21.5	
10.5	22	
10.5	22.5	
10.5	23	
10.5	23.5	
10.5	24	
10.5	24.5	
10.5	25	
11	0.5	
11	1	
11	1.5	
11	2	
11	2.5	
11	3	
11	3.5	
11	4	
11	4.5	
11	5	
11	5.5	
11	6	
11	6.5	
11	7	
11	7.5	
11	8	
11	8.5	
11	9	
11	9.5	
11	10	
11	10.5	
11	11	
11	11.5	
11	12	
11	12.5	
11	13	
11	13.5	
11	14	
11	14.5	
11	15	
11	15.5	
11	16	
11	16.5	
11	17	
11	17.5	
11	18	
11	18.5	
11	19	
11	19.5	
11	20	
11	20.5	
11	21	
11	21.5	
11	22	
11	22.5	
11	23	
11	23.5	
11	24	
11	24.5	
11	25	
11.5	0.5	
11.5	1	
11.5	1.5	
11.5	2	
11.5	2.5	
11.5	3	
11.5	3.5	
11.5	4	
11.5	4.5	
11.5	5	
11.5	5.5	
11.5	6	
11.5	6.5	
11.5	7	
11.5	7.5	
11.5	8	
11.5	8.5	
11.5	9	
11.5	9.5	
11.5	10	
11.5	10.5	
11.5	11	
11.5	11.5	
11.5	12	
11.5	12.5	
11.5	13	
11.5	13.5	
11.5	14	
11.5	14.5	
11.5	15	
11.5	15.5	
11.5	16	
11.5	16.5	
11.5	17	
11.5	17.5	
11.5	18	
11.5	18.5	
11.5	19	
11.5	19.5	
11.5	20	
11.5	20.5	
11.5	21	
11.5	21.5	
11.5	22	
11.5	22.5	
11.5	23	
11.5	23.5	
11.5	24	
11.5	24.5	
11.5	25	
12	0.5	
12	1	
12	1.5	
12	2	
12	2.5	
12	3	
12	3.5	
12	4	
12	4.5	
12	5	
12	5.5	
12	6	
12	6.5	
12	7	
12	7.5	
12	8	
12	8.5	
12	9	
12	9.5	
12	10	
12	10.5	
12	11	
12	11.5	
12	12	
12	12.5	
12	13	
12	13.5	
12	14	
12	14.5	
12	15	
12	15.5	
12	16	
12	16.5	
12	17	
12	17.5	
12	18	
12	18.5	
12	19	
12	19.5	
12	20	
12	20.5	
12	21	
12	21.5	
12	22	
12	22.5	
12	23	
12	23.5	
12	24	
12	24.5	
12	25	
12.5	0.5	
12.5	1	
12.5	1.5	
12.5	2	
12.5	2.5	
12.5	3	
12.5	3.5	
12.5	4	
12.5	4.5	
12.5	5	
12.5	5.5	
12.5	6	
12.5	6.5	
12.5	7	
12.5	7.5	
12.5	8	
12.5	8.5	
12.5	9	
12.5	9.5	
12.5	10	
12.5	10.5	
12.5	11	
12.5	11.5	
12.5	12	
12.5	12.5	
12.5	13	
12.5	13.5	
12.5	14	
12.5	14.5	
12.5	15	
12.5	15.5	
12.5	16	
12.5	16.5	
12.5	17	
12.5	17.5	
12.5	18	
12.5	18.5	
12.5	19	
12.5	19.5	
12.5	20	
12.5	20.5	
12.5	21	
12.5	21.5	
12.5	22	
12.5	22.5	
12.5	23	
12.5	23.5	
12.5	24	
12.5	24.5	
12.5	25	
13	0.5	
13	1	
13	1.5	
13	2	
13	2.5	
13	3	
13	3.5	
13	4	
13	4.5	
13	5	
13	5.5	
13	6	
13	6.5	
13	7	
13	7.5	
13	8	
13	8.5	
13	9	
13	9.5	
13	10	
13	10.5	
13	11	
13	11.5	
13	12	
13	12.5	
13	13	
13	13.5	
13	14	
13	14.5	
13	15	
13	15.5	
13	16	
13	16.5	
13	17	
13	17.5	
13	18	
13	18.5	
13	19	
13	19.5	
13	20	
13	20.5	
13	21	
13	21.5	
13	22	
13	22.5	
13	23	
13	23.5	
13	24	
13	24.5	
13	25	
13.5	0.5	
13.5	1	
13.5	1.5	
13.5	2	
13.5	2.5	
13.5	3	
13.5	3.5	
13.5	4	
13.5	4.5	
13.5	5	
13.5	5.5	
13.5	6	
13.5	6.5	
13.5	7	
13.5	7.5	
13.5	8	
13.5	8.5	
13.5	9	
13.5	9.5	
13.5	10	
13.5	10.5	
13.5	11	
13.5	11.5	
13.5	12	
13.5	12.5	
13.5	13	
13.5	13.5	
13.5	14	
13.5	14.5	
13.5	15	
13.5	15.5	
13.5	16	
13.5	16.5	
13.5	17	
13.5	17.5	
13.5	18	
13.5	18.5	
13.5	19	
13.5	19.5	
13.5	20	
13.5	20.5	
13.5	21	
13.5	21.5	
13.5	22	
13.5	22.5	
13.5	23	
13.5	23.5	
13.5	24	
13.5	24.5	
13.5	25	
14	0.5	
14	1	
14	1.5	
14	2	
14	2.5	
14	3	
14	3.5	
14	4	
14	4.5	
14	5	
14	5.5	
14	6	
14	6.5	
14	7	
14	7.5	
14	8	
14	8.5	
14	9	
14	9.5	
14	10	
14	10.5	
14	11	
14	11.5	
14	12	
14	12.5	
14	13	
14	13.5	
14	14	
14	14.5	
14	15	
14	15.5	
14	16	
14	16.5	
14	17	
14	17.5	
14	18	
14	18.5	
14	19	
14	19.5	
14	20	
14	20.5	
14	21	
14	21.5	
14	22	
14	22.5	
14	23	
14	23.5	
14	24	
14	24.5	
14	25	
14.5	0.5	
14.5	1	
14.5	1.5	
14.5	2	
14.5	2.5	
14.5	3	
14.5	3.5	
14.5	4	
14.5	4.5	
14.5	5	
14.5	5.5	
14.5	6	
14.5	6.5	
14.5	7	
14.5	7.5	
14.5	8	
14.5	8.5	
14.5	9	
14.5	9.5	
14.5	10	
14.5	10.5	
14.5	11	
14.5	11.5	
14.5	12	
14.5	12.5	
14.5	13	
14.5	13.5	
14.5	14	
14.5	14.5	
14.5	15	
14.5	15.5	
14.5	16	
14.5	16.5	
14.5	17	
14.5	17.5	
14.5	18	
14.5	18.5	
14.5	19	
14.5	19.5	
14.5	20	
14.5	20.5	
14.5	21	
14.5	21.5	
14.5	22	
14.5	22.5	
14.5	23	
14.5	23.5	
14.5	24	
14.5	24.5	
14.5	25	
15	0.5	
15	1	
15	1.5	
15	2	
15	2.5	
15	3	
15	3.5	
15	4	
15	4.5	
15	5	
15	5.5	
15	6	
15	6.5	
15	7	
15	7.5	
15	8	
15	8.5	
15	9	
15	9.5	
15	10	
15	10.5	
15	11	
15	11.5	
15	12	
15	12.5	
15	13	
15	13.5	
15	14	
15	14.5	
15	15	
15	15.5	
15	16	
15	16.5	
15	17	
15	17.5	
15	18	
15	18.5	
15	19	
15	19.5	
15	20	
15	20.5	
15	21	
15	21.5	
15	22	
15	22.5	
15	23	
15	23.5	
15	24	
15	24.5	
15	25	
15.5	0.5	
15.5	1	
15.5	1.5	
15.5	2	
15.5	2.5	
15.5	3	
15.5	3.5	
15.5	4	
15.5	4.5	
15.5	5	
15.5	5.5	
15.5	6	
15.5	6.5	
15.5	7	
15.5	7.5	
15.5	8	
15.5	8.5	
15.5	9	
15.5	9.5	
15.5	10	
15.5	10.5	
15.5	11	
15.5	11.5	
15.5	12	
15.5	12.5	
15.5	13	
15.5	13.5	
15.5	14	
15.5	14.5	
15.5	15	
15.5	15.5	
15.5	16	
15.5	16.5	
15.5	17	
15.5	17.5	
15.5	18	
15.5	18.5	
15.5	19	
15.5	19.5	
15.5	20	
15.5	20.5	
15.5	21	
15.5	21.5	
15.5	22	
15.5	22.5	
15.5	23	
15.5	23.5	
15.5	24	
15.5	24.5	
15.5	25	
16	0.5	
16	1	
16	1.5	
16	2	
16	2.5	
16	3	
16	3.5	
16	4	
16	4.5	
16	5	
16	5.5	
16	6	
16	6.5	
16	7	
16	7.5	
16	8	
16	8.5	
16	9	
16	9.5	
16	10	
16	10.5	
16	11	
16	11.5	
16	12	
16	12.5	
16	13	
16	13.5	
16	14	
16	14.5	
16	15	
16	15.5	
16	16	
16	16.5	
16	17	
16	17.5	
16	18	
16	18.5	
16	19	
16	19.5	
16	20	
16	20.5	
16	21	
16	21.5	
16	22	
16	22.5	
16	23	
16	23.5	
16	24	
16	24.5	
16	25	
16.5	0.5	
16.5	1	
16.5	1.5	
16.5	2	
16.5	2.5	
16.5	3	
16.5	3.5	
16.5	4	
16.5	4.5	
16.5	5	
16.5	5.5	
16.5	6	
16.5	6.5	
16.5	7	
16.5	7.5	
16.5	8	
16.5	8.5	
16.5	9	
16.5	9.5	
16.5	10	
16.5	10.5	
16.5	11	
16.5	11.5	
16.5	12	
16.5	12.5	
16.5	13	
16.5	13.5	
16.5	14	
16.5	14.5	
16.5	15	
16.5	15.5	
16.5	16	
16.5	16.5	
16.5	17	
16.5	17.5	
16.5	18	
16.5	18.5	
16.5	19	
16.5	19.5	
16.5	20	
16.5	20.5	
16.5	21	
16.5	21.5	
16.5	22	
16.5	22.5	
16.5	23	
16.5	23.5	
16.5	24	
16.5	24.5	
16.5	25	
17	0.5	
17	1	
17	1.5	
17	2	
17	2.5	
17	3	
17	3.5	
17	4	
17	4.5	
17	5	
17	5.5	
17	6	
17	6.5	
17	7	
17	7.5	
17	8	
17	8.5	
17	9	
17	9.5	
17	10	
17	10.5	
17	11	
17	11.5	
17	12	
17	12.5	
17	13	
17	13.5	
17	14	
17	14.5	
17	15	
17	15.5	
17	16	
17	16.5	
17	17	
17	17.5	
17	18	
17	18.5	
17	19	
17	19.5	
17	20	
17	20.5	
17	21	
17	21.5	
17	22	
17	22.5	
17	23	
17	23.5	
17	24	
17	24.5	
17	25	
17.5	0.5	
17.5	1	
17.5	1.5	
17.5	2	
17.5	2.5	
17.5	3	
17.5	3.5	
17.5	4	
17.5	4.5	
17.5	5	
17.5	5.5	
17.5	6	
17.5	6.5	
17.5	7	
17.5	7.5	
17.5	8	
17.5	8.5	
17.5	9	
17.5	9.5	
17.5	10	
17.5	10.5	
17.5	11	
17.5	11.5	
17.5	12	
17.5	12.5	
17.5	13	
17.5	13.5	
17.5	14	
17.5	14.5	
17.5	15	
17.5	15.5	
17.5	16	
17.5	16.5	
17.5	17	
17.5	17.5	
17.5	18	
17.5	18.5	
17.5	19	
17.5	19.5	
17.5	20	
17.5	20.5	
17.5	21	
17.5	21.5	
17.5	22	
17.5	22.5	
17.5	23	
17.5	23.5	
17.5	24	
17.5	24.5	
17.5	25	
18	0.5	
18	1	
18	1.5	
18	2	
18	2.5	
18	3	
18	3.5	
18	4	
18	4.5	
18	5	
18	5.5	
18	6	
18	6.5	
18	7	
18	7.5	
18	8	
18	8.5	
18	9	
18	9.5	
18	10	
18	10.5	
18	11	
18	11.5	
18	12	
18	12.5	
18	13	
18	13.5	
18	14	
18	14.5	
18	15	
18	15.5	
18	16	
18	16.5	
18	17	
18	17.5	
18	18	
18	18.5	
18	19	
18	19.5	
18	20	
18	20.5	
18	21	
18	21.5	
18	22	
18	22.5	
18	23	
18	23.5	
18	24	
18	24.5	
18	25	
18.5	0.5	
18.5	1	
18.5	1.5	
18.5	2	
18.5	2.5	
18.5	3	
18.5	3.5	
18.5	4	
18.5	4.5	
18.5	5	
18.5	5.5	
18.5	6	
18.5	6.5	
18.5	7	
18.5	7.5	
18.5	8	
18.5	8.5	
18.5	9	
18.5	9.5	
18.5	10	
18.5	10.5	
18.5	11	
18.5	11.5	
18.5	12	
18.5	12.5	
18.5	13	
18.5	13.5	
18.5	14	
18.5	14.5	
18.5	15	
18.5	15.5	
18.5	16	
18.5	16.5	
18.5	17	
18.5	17.5	
18.5	18	
18.5	18.5	
18.5	19	
18.5	19.5	
18.5	20	
18.5	20.5	
18.5	21	
18.5	21.5	
18.5	22	
18.5	22.5	
18.5	23	
18.5	23.5	
18.5	24	
18.5	24.5	
18.5	25	
19	0.5	
19	1	
19	1.5	
19	2	
19	2.5	
19	3	
19	3.5	
19	4	
19	4.5	
19	5	
19	5.5	
19	6	
19	6.5	
19	7	
19	7.5	
19	8	
19	8.5	
19	9	
19	9.5	
19	10	
19	10.5	
19	11	
19	11.5	
19	12	
19	12.5	
19	13	
19	13.5	
19	14	
19	14.5	
19	15	
19	15.5	
19	16	
19	16.5	
19	17	
19	17.5	
19	18	
19	18.5	
19	19	
19	19.5	
19	20	
19	20.5	
19	21	
19	21.5	
19	22	
19	22.5	
19	23	
19	23.5	
19	24	
19	24.5	
19	25	
19.5	0.5	
19.5	1	
19.5	1.5	
19.5	2	
19.5	2.5	
19.5	3	
19.5	3.5	
19.5	4	
19.5	4.5	
19.5	5	
19.5	5.5	
19.5	6	
19.5	6.5	
19.5	7	
19.5	7.5	
19.5	8	
19.5	8.5	
19.5	9	
19.5	9.5	
19.5	10	
19.5	10.5	
19.5	11	
19.5	11.5	
19.5	12	
19.5	12.5	
19.5	13	
19.5	13.5	
19.5	14	
19.5	14.5	
19.5	15	
19.5	15.5	
19.5	16	
19.5	16.5	
19.5	17	
19.5	17.5	
19.5	18	
19.5	18.5	
19.5	19	
19.5	19.5	
19.5	20	
19.5	20.5	
19.5	21	
19.5	21.5	
19.5	22	
19.5	22.5	
19.5	23	
19.5	23.5	
19.5	24	
19.5	24.5	
19.5	25	
20	0.5	
20	1	
20	1.5	
20	2	
20	2.5	
20	3	
20	3.5	
20	4	
20	4.5	
20	5	
20	5.5	
20	6	
20	6.5	
20	7	
20	7.5	
20	8	
20	8.5	
20	9	
20	9.5	
20	10	
20	10.5	
20	11	
20	11.5	
20	12	
20	12.5	
20	13	
20	13.5	
20	14	
20	14.5	
20	15	
20	15.5	
20	16	
20	16.5	
20	17	
20	17.5	
20	18	
20	18.5	
20	19	
20	19.5	
20	20	
20	20.5	
20	21	
20	21.5	
20	22	
20	22.5	
20	23	
20	23.5	
20	24	
20	24.5	
20	25	
20.5	0.5	
20.5	1	
20.5	1.5	
20.5	2	
20.5	2.5	
20.5	3	
20.5	3.5	
20.5	4	
20.5	4.5	
20.5	5	
20.5	5.5	
20.5	6	
20.5	6.5	
20.5	7	
20.5	7.5	
20.5	8	
20.5	8.5	
20.5	9	
20.5	9.5	
20.5	10	
20.5	10.5	
20.5	11	
20.5	11.5	
20.5	12	
20.5	12.5	
20.5	13	
20.5	13.5	
20.5	14	
20.5	14.5	
20.5	15	
20.5	15.5	
20.5	16	
20.5	16.5	
20.5	17	
20.5	17.5	
20.5	18	
20.5	18.5	
20.5	19	
20.5	19.5	
20.5	20	
20.5	20.5	
20.5	21	
20.5	21.5	
20.5	22	
20.5	22.5	
20.5	23	
20.5	23.5	
20.5	24	
20.5	24.5	
20.5	25	
21	0.5	
21	1	
21	1.5	
21	2	
21	2.5	
21	3	
21	3.5	
21	4	
21	4.5	
21	5	
21	5.5	
21	6	
21	6.5	
21	7	
21	7.5	
21	8	
21	8.5	
21	9	
21	9.5	
21	10	
21	10.5	
21	11	
21	11.5	
21	12	
21	12.5	
21	13	
21	13.5	
21	14	
21	14.5	
21	15	
21	15.5	
21	16	
21	16.5	
21	17	
21	17.5	
21	18	
21	18.5	
21	19	
21	19.5	
21	20	
21	20.5	
21	21	
21	21.5	
21	22	
21	22.5	
21	23	
21	23.5	
21	24	
21	24.5	
21	25	
21.5	0.5	
21.5	1	
21.5	1.5	
21.5	2	
21.5	2.5	
21.5	3	
21.5	3.5	
21.5	4	
21.5	4.5	
21.5	5	
21.5	5.5	
21.5	6	
21.5	6.5	
21.5	7	
21.5	7.5	
21.5	8	
21.5	8.5	
21.5	9	
21.5	9.5	
21.5	10	
21.5	10.5	
21.5	11	
21.5	11.5	
21.5	12	
21.5	12.5	
21.5	13	
21.5	13.5	
21.5	14	
21.5	14.5	
21.5	15	
21.5	15.5	
21.5	16	
21.5	16.5	
21.5	17	
21.5	17.5	
21.5	18	
21.5	18.5	
21.5	19	
21.5	19.5	
21.5	20	
21.5	20.5	
21.5	21	
21.5	21.5	
21.5	22	
21.5	22.5	
21.5	23	
21.5	23.5	
21.5	24	
21.5	24.5	
21.5	25	
22	0.5	
22	1	
22	1.5	
22	2	
22	2.5	
22	3	
22	3.5	
22	4	
22	4.5	
22	5	
22	5.5	
22	6	
22	6.5	
22	7	
22	7.5	
22	8	
22	8.5	
22	9	
22	9.5	
22	10	
22	10.5	
22	11	
22	11.5	
22	12	
22	12.5	
22	13	
22	13.5	
22	14	
22	14.5	
22	15	
22	15.5	
22	16	
22	16.5	
22	17	
22	17.5	
22	18	
22	18.5	
22	19	
22	19.5	
22	20	
22	20.5	
22	21	
22	21.5	
22	22	
22	22.5	
22	23	
22	23.5	
22	24	
22	24.5	
22	25	
22.5	0.5	
22.5	1	
22.5	1.5	
22.5	2	
22.5	2.5	
22.5	3	
22.5	3.5	
22.5	4	
22.5	4.5	
22.5	5	
22.5	5.5	
22.5	6	
22.5	6.5	
22.5	7	
22.5	7.5	
22.5	8	
22.5	8.5	
22.5	9	
22.5	9.5	
22.5	10	
22.5	10.5	
22.5	11	
22.5	11.5	
22.5	12	
22.5	12.5	
22.5	13	
22.5	13.5	
22.5	14	
22.5	14.5	
22.5	15	
22.5	15.5	
22.5	16	
22.5	16.5	
22.5	17	
22.5	17.5	
22.5	18	
22.5	18.5	
22.5	19	
22.5	19.5	
22.5	20	
22.5	20.5	
22.5	21	
22.5	21.5	
22.5	22	
22.5	22.5	
22.5	23	
22.5	23.5	
22.5	24	
22.5	24.5	
22.5	25	
23	0.5	
23	1	
23	1.5	
23	2	
23	2.5	
23	3	
23	3.5	
23	4	
23	4.5	
23	5	
23	5.5	
23	6	
23	6.5	
23	7	
23	7.5	
23	8	
23	8.5	
23	9	
23	9.5	
23	10	
23	10.5	
23	11	
23	11.5	
23	12	
23	12.5	
23	13	
23	13.5	
23	14	
23	14.5	
23	15	
23	15.5	
23	16	
23	16.5	
23	17	
23	17.5	
23	18	
23	18.5	
23	19	
23	19.5	
23	20	
23	20.5	
23	21	
23	21.5	
23	22	
23	22.5	
23	23	
23	23.5	
23	24	
23	24.5	
23	25	
23.5	0.5	
23.5	1	
23.5	1.5	
23.5	2	
23.5	2.5	
23.5	3	
23.5	3.5	
23.5	4	
23.5	4.5	
23.5	5	
23.5	5.5	
23.5	6	
23.5	6.5	
23.5	7	
23.5	7.5	
23.5	8	
23.5	8.5	
23.5	9	
23.5	9.5	
23.5	10	
23.5	10.5	
23.5	11	
23.5	11.5	
23.5	12	
23.5	12.5	
23.5	13	
23.5	13.5	
23.5	14	
23.5	14.5	
23.5	15	
23.5	15.5	
23.5	16	
23.5	16.5	
23.5	17	
23.5	17.5	
23.5	18	
23.5	18.5	
23.5	19	
23.5	19.5	
23.5	20	
23.5	20.5	
23.5	21	
23.5	21.5	
23.5	22	
23.5	22.5	
23.5	23	
23.5	23.5	
23.5	24	
23.5	24.5	
23.5	25	
24	0.5	
24	1	
24	1.5	
24	2	
24	2.5	
24	3	
24	3.5	
24	4	
24	4.5	
24	5	
24	5.5	
24	6	
24	6.5	
24	7	
24	7.5	
24	8	
24	8.5	
24	9	
24	9.5	
24	10	
24	10.5	
24	11	
24	11.5	
24	12	
24	12.5	
24	13	
24	13.5	
24	14	
24	14.5	
24	15	
24	15.5	
24	16	
24	16.5	
24	17	
24	17.5	
24	18	
24	18.5	
24	19	
24	19.5	
24	20	
24	20.5	
24	21	
24	21.5	
24	22	
24	22.5	
24	23	
24	23.5	
24	24	
24	24.5	
24	25	
24.5	0.5	
24.5	1	
24.5	1.5	
24.5	2	
24.5	2.5	
24.5	3	
24.5	3.5	
24.5	4	
24.5	4.5	
24.5	5	
24.5	5.5	
24.5	6	
24.5	6.5	
24.5	7	
24.5	7.5	
24.5	8	
24.5	8.5	
24.5	9	
24.5	9.5	
24.5	10	
24.5	10.5	
24.5	11	
24.5	11.5	
24.5	12	
24.5	12.5	
24.5	13	
24.5	13.5	
24.5	14	
24.5	14.5	
24.5	15	
24.5	15.5	
24.5	16	
24.5	16.5	
24.5	17	
24.5	17.5	
24.5	18	
24.5	18.5	
24.5	19	
24.5	19.5	
24.5	20	
24.5	20.5	
24.5	21	
24.5	21.5	
24.5	22	
24.5	22.5	
24.5	23	
24.5	23.5	
24.5	24	
24.5	24.5	
24.5	25	
25	0.5	
25	1	
25	1.5	
25	2	
25	2.5	
25	3	
25	3.5	
25	4	
25	4.5	
25	5	
25	5.5	
25	6	
25	6.5	
25	7	
25	7.5	
25	8	
25	8.5	
25	9	
25	9.5	
25	10	
25	10.5	
25	11	
25	11.5	
25	12	
25	12.5	
25	13	
25	13.5	
25	14	
25	14.5	
25	15	
25	15.5	
25	16	
25	16.5	
25	17	
25	17.5	
25	18	
25	18.5	
25	19	
25	19.5	
25	20	
25	20.5	
25	21	
25	21.5	
25	22	
25	22.5	
25	23	
25	23.5	
25	24	
25	24.5	
25	25	
