

Number of valid iterations:
	TD	Fs	FD*	FF*	FD	FF	H	B	Q	ZA	Fst	Kw	Hw	R2	S	pi_w	pi_b	thetaWatt	thetaTaj	thetaFW	D/Dmin	Hnorm	maxhap	maxhap1	Rm	ThetaFL	ThetaL	ZengE
locus_0	1000	1000	1000	1000	1000	1000	1000	1000	1000	1000	0	1000	1000	1000	1000	1000	1000	1000	1000	1000	1000	1000	1000	1000	1000	1000	1000	1000	1000	0	1000
average	1000	1000	1000	1000	1000	1000	1000	1000	1000	1000	0	1000	1000	1000	1000	1000	1000	1000	1000	1000	1000	1000	1000	1000	1000	1000	1000	1000	1000	0	1000
variance	0	0	0	0	0	0	0	0	0	0	0	0	0	0	0	0	0	0	0	0	0	0	0	0	0	0	0	0	0	0	0

PERCENTILES:

locus_0

	TD	Fs	FD*	FF*	FD	FF	H	B	Q	ZA	Fst	Kw	Hw	R2	S	pi_w	pi_b	thetaWatt	thetaTaj	thetaFW	D/Dmin	Hnorm	maxhap	maxhap1	Rm	ThetaFL	ThetaL	ZengE
 0.1%	-2.0906	-12.3441	-2.90945	-3.0144	-3.18009	-3.17589	-14.66	0	0	0.00333602	na	0.16	0.43	0.059265	4	0	0	1.05933	0.593333	0.0733333	-0.886642	-3.72343	0.12	0.12	0	0	0.333333	-2.05278	0.056	na	0.0672646
 1.0%	-1.72726	-8.16382	-2.31172	-2.37773	-2.15514	-2.36877	-7.47333	0	0	0.021033	na	0.24	0.59	0.0702399	7	0	0	1.85383	1.41333	0.253333	-0.73174	-2.14162	0.12	0.16	0	0	1	-1.72966	0.072	na	0.104749
 2.5%	-1.48002	-6.85817	-1.72011	-1.9192	-1.91624	-1.9946	-6.03333	0	0	0.0363456	na	0.28	0.683333	0.0751443	9	0	0	2.3835	1.78	0.6	-0.605823	-1.7689	0.12	0.16	0	1	1.54167	-1.53451	0.0752	na	0.11583
 5.0%	-1.2803	-5.79639	-1.45499	-1.58256	-1.56558	-1.73018	-4.51667	0	0	0.0541733	na	0.32	0.763333	0.0814222	10	0	0	2.64833	2.06667	1.19333	-0.527973	-1.44658	0.16	0.2	0	1	1.95833	-1.2976	0.0816	na	0.124172
10.0%	-1.0578	-5.02503	-1.17555	-1.24331	-1.25308	-1.35482	-3.07	0	0	0.087196	na	0.36	0.81	0.0882522	12	0	0	3.178	2.6	1.75667	-0.431227	-0.998201	0.16	0.2	1	2	2.375	-1.05456	0.088	na	0.137994
25.0%	-0.575425	-3.52787	-0.534912	-0.604208	-0.581606	-0.680381	-1.17667	0.0526316	0.1	0.138585	na	0.4	0.866667	0.103807	15	0	0	3.9725	3.54	2.88667	-0.229273	-0.387189	0.2	0.24	1	3	3.375	-0.595494	0.104	na	0.174825
50.0%	-0.0440603	-1.99805	0.018556	0.0301836	0.0112888	0.00714833	0.383333	0.111111	0.190476	0.21021	na	0.48	0.906667	0.123315	18	0	0	4.767	4.82	4.62333	-0.0185569	0.127947	0.24	0.32	2	5	4.70833	-0.0695514	0.1296	na	0.226244
75.0%	0.453047	-0.774349	0.580063	0.587003	0.653528	0.645073	1.56	0.181818	0.294118	0.290441	na	0.56	0.933333	0.143344	22	0	0	5.82634	6.08	6.47	0.178784	0.526549	0.32	0.4	2	7	6.25	0.489616	0.168	na	0.326087
90.0%	0.920547	0.399003	0.969565	0.978925	1.07508	1.10799	2.35333	0.263158	0.4	0.363499	na	0.6	0.95	0.160799	26	0	0	6.88567	7.6	8.74333	0.36339	0.777148	0.4	0.48	3	9	7.79167	1.00241	0.2224	na	0.466563
95.0%	1.13578	0.98415	1.17743	1.24356	1.31595	1.3652	2.78333	0.307692	0.454545	0.416283	na	0.64	0.956667	0.169294	28	0	0	7.41534	8.45333	10.5367	0.448511	0.85291	0.48	0.56	4	10	8.95833	1.36676	0.2672	na	0.568182
97.5%	1.37471	1.85046	1.31582	1.41819	1.46479	1.54751	3.23333	0.363636	0.5	0.457535	na	0.64	0.963333	0.179831	30	0	0	7.945	8.98667	12.08	0.545251	0.949732	0.56	0.64	4	11	9.70833	1.59032	0.3408	na	0.717703
99.0%	1.62616	2.30427	1.48972	1.60098	1.62816	1.78668	3.82	0.4	0.6	0.502846	na	0.68	0.966667	0.19014	35	0	0	9.26917	9.86667	13.3933	0.659151	1.02469	0.6	0.68	5	12	11.2083	1.84842	0.4304	na	1.16959
99.9%	2.02688	4.16028	1.63996	1.95569	1.85593	2.20216	4.79667	0.55	0.714286	0.588146	na	0.84	0.983333	0.210513	43	0	0	11.3878	13.1533	19.1367	0.845043	1.14152	0.72	0.8	5	14	14.2917	2.36082	0.5392	na	1.76174

average

	TD	Fs	FD*	FF*	FD	FF	H	B	Q	ZA	Fst	Kw	Hw	R2	S	pi_w	pi_b	thetaWatt	thetaTaj	thetaFW	D/Dmin	Hnorm	maxhap	maxhap1	Rm	ThetaFL	ThetaL	ZengE
 0.1%	-2.0906	-12.3441	-2.90945	-3.0144	-3.18009	-3.17589	-14.66	0	0	0.00333602	na	0.16	0.43	0.059265	4	0	0	1.05933	0.593333	0.0733333	-0.886642	-3.72343	0.12	0.12	0	0	0.333333	-2.05278	0.056	na	0.0672646
 1.0%	-1.72726	-8.16382	-2.31172	-2.37773	-2.15514	-2.36877	-7.47333	0	0	0.021033	na	0.24	0.59	0.0702399	7	0	0	1.85383	1.41333	0.253333	-0.73174	-2.14162	0.12	0.16	0	0	1	-1.72966	0.072	na	0.104749
 2.5%	-1.48002	-6.85817	-1.72011	-1.9192	-1.91624	-1.9946	-6.03333	0	0	0.0363456	na	0.28	0.683333	0.0751443	9	0	0	2.3835	1.78	0.6	-0.605823	-1.7689	0.12	0.16	0	1	1.54167	-1.53451	0.0752	na	0.11583
 5.0%	-1.2803	-5.79639	-1.45499	-1.58256	-1.56558	-1.73018	-4.51667	0	0	0.0541733	na	0.32	0.763333	0.0814222	10	0	0	2.64833	2.06667	1.19333	-0.527973	-1.44658	0.16	0.2	0	1	1.95833	-1.2976	0.0816	na	0.124172
10.0%	-1.0578	-5.02503	-1.17555	-1.24331	-1.25308	-1.35482	-3.07	0	0	0.087196	na	0.36	0.81	0.0882522	12	0	0	3.178	2.6	1.75667	-0.431227	-0.998201	0.16	0.2	1	2	2.375	-1.05456	0.088	na	0.137994
25.0%	-0.575425	-3.52787	-0.534912	-0.604208	-0.581606	-0.680381	-1.17667	0.0526316	0.1	0.138585	na	0.4	0.866667	0.103807	15	0	0	3.9725	3.54	2.88667	-0.229273	-0.387189	0.2	0.24	1	3	3.375	-0.595494	0.104	na	0.174825
50.0%	-0.0440603	-1.99805	0.018556	0.0301836	0.0112888	0.00714833	0.383333	0.111111	0.190476	0.21021	na	0.48	0.906667	0.123315	18	0	0	4.767	4.82	4.62333	-0.0185569	0.127947	0.24	0.32	2	5	4.70833	-0.0695514	0.1296	na	0.226244
75.0%	0.453047	-0.774349	0.580063	0.587003	0.653528	0.645073	1.56	0.181818	0.294118	0.290441	na	0.56	0.933333	0.143344	22	0	0	5.82634	6.08	6.47	0.178784	0.526549	0.32	0.4	2	7	6.25	0.489616	0.168	na	0.326087
90.0%	0.920547	0.399003	0.969565	0.978925	1.07508	1.10799	2.35333	0.263158	0.4	0.363499	na	0.6	0.95	0.160799	26	0	0	6.88567	7.6	8.74333	0.36339	0.777148	0.4	0.48	3	9	7.79167	1.00241	0.2224	na	0.466563
95.0%	1.13578	0.98415	1.17743	1.24356	1.31595	1.3652	2.78333	0.307692	0.454545	0.416283	na	0.64	0.956667	0.169294	28	0	0	7.41534	8.45333	10.5367	0.448511	0.85291	0.48	0.56	4	10	8.95833	1.36676	0.2672	na	0.568182
97.5%	1.37471	1.85046	1.31582	1.41819	1.46479	1.54751	3.23333	0.363636	0.5	0.457535	na	0.64	0.963333	0.179831	30	0	0	7.945	8.98667	12.08	0.545251	0.949732	0.56	0.64	4	11	9.70833	1.59032	0.3408	na	0.717703
99.0%	1.62616	2.30427	1.48972	1.60098	1.62816	1.78668	3.82	0.4	0.6	0.502846	na	0.68	0.966667	0.19014	35	0	0	9.26917	9.86667	13.3933	0.659151	1.02469	0.6	0.68	5	12	11.2083	1.84842	0.4304	na	1.16959
99.9%	2.02688	4.16028	1.63996	1.95569	1.85593	2.20216	4.79667	0.55	0.714286	0.588146	na	0.84	0.983333	0.210513	43	0	0	11.3878	13.1533	19.1367	0.845043	1.14152	0.72	0.8	5	14	14.2917	2.36082	0.5392	na	1.76174

variance

	TD	Fs	FD*	FF*	FD	FF	H	B	Q	ZA	Fst	Kw	Hw	R2	S	pi_w	pi_b	thetaWatt	thetaTaj	thetaFW	D/Dmin	Hnorm	maxhap	maxhap1	Rm	ThetaFL	ThetaL	ZengE
 0.1%	na	na	na	na	na	na	na	na	na	na	na	na	na	na	na	na	na	na	na	na	na	na	na	na	na	na	na	na	na	na	na
 1.0%	na	na	na	na	na	na	na	na	na	na	na	na	na	na	na	na	na	na	na	na	na	na	na	na	na	na	na	na	na	na	na
 2.5%	na	na	na	na	na	na	na	na	na	na	na	na	na	na	na	na	na	na	na	na	na	na	na	na	na	na	na	na	na	na	na
 5.0%	na	na	na	na	na	na	na	na	na	na	na	na	na	na	na	na	na	na	na	na	na	na	na	na	na	na	na	na	na	na	na
10.0%	na	na	na	na	na	na	na	na	na	na	na	na	na	na	na	na	na	na	na	na	na	na	na	na	na	na	na	na	na	na	na
25.0%	na	na	na	na	na	na	na	na	na	na	na	na	na	na	na	na	na	na	na	na	na	na	na	na	na	na	na	na	na	na	na
50.0%	na	na	na	na	na	na	na	na	na	na	na	na	na	na	na	na	na	na	na	na	na	na	na	na	na	na	na	na	na	na	na
75.0%	na	na	na	na	na	na	na	na	na	na	na	na	na	na	na	na	na	na	na	na	na	na	na	na	na	na	na	na	na	na	na
90.0%	na	na	na	na	na	na	na	na	na	na	na	na	na	na	na	na	na	na	na	na	na	na	na	na	na	na	na	na	na	na	na
95.0%	na	na	na	na	na	na	na	na	na	na	na	na	na	na	na	na	na	na	na	na	na	na	na	na	na	na	na	na	na	na	na
97.5%	na	na	na	na	na	na	na	na	na	na	na	na	na	na	na	na	na	na	na	na	na	na	na	na	na	na	na	na	na	na	na
99.0%	na	na	na	na	na	na	na	na	na	na	na	na	na	na	na	na	na	na	na	na	na	na	na	na	na	na	na	na	na	na	na
99.9%	na	na	na	na	na	na	na	na	na	na	na	na	na	na	na	na	na	na	na	na	na	na	na	na	na	na	na	na	na	na	na