

Number of valid iterations:
	TD	Fs	FD*	FF*	FD	FF	H	B	Q	ZA	Fst	Kw	Hw	R2	S	pi_w	pi_b	thetaWatt	thetaTaj	thetaFW	D/Dmin	Hnorm	maxhap	maxhap1	Rm	ThetaFL	ThetaL	ZengE
locus_0	1000	1000	1000	1000	1000	1000	1000	1000	1000	1000	0	1000	1000	1000	1000	1000	1000	1000	1000	1000	1000	1000	1000	1000	1000	1000	1000	1000	1000	0	1000
average	1000	1000	1000	1000	1000	1000	1000	1000	1000	1000	0	1000	1000	1000	1000	1000	1000	1000	1000	1000	1000	1000	1000	1000	1000	1000	1000	1000	1000	0	1000
variance	0	0	0	0	0	0	0	0	0	0	0	0	0	0	0	0	0	0	0	0	0	0	0	0	0	0	0	0	0	0	0

PERCENTILES:

locus_0

	TD	Fs	FD*	FF*	FD	FF	H	B	Q	ZA	Fst	Kw	Hw	R2	S	pi_w	pi_b	thetaWatt	thetaTaj	thetaFW	D/Dmin	Hnorm	maxhap	maxhap1	Rm	ThetaFL	ThetaL	ZengE
 0.1%	-1.90523	-13.5742	-2.98066	-3.10136	-3.61692	-3.68825	-34.3067	0	0	0.0141792	na	0.32	0.766667	0.0492082	13	0	0	3.44283	2.8	0.5	-0.73781	-4.09418	0.08	0.08	0	1	1.70833	-2.22823	0.0496	na	0.0459277
 1.0%	-1.59501	-9.83418	-2.27412	-2.43251	-2.32002	-2.40341	-14.7133	0	0	0.0606295	na	0.4	0.833333	0.0717253	19	0	0	5.03184	3.69333	1.52	-0.605327	-2.45824	0.08	0.12	0	2	2.83333	-1.60874	0.056	na	0.0589855
 2.5%	-1.34834	-7.51191	-1.81883	-1.93184	-1.81558	-1.91427	-12.0267	0	0	0.0838044	na	0.44	0.86	0.0769685	21	0	0	5.5615	4.08	2.41667	-0.520011	-1.94087	0.12	0.12	1	3	3.75	-1.40562	0.0592	na	0.0634518
 5.0%	-1.19712	-5.72394	-1.46164	-1.56132	-1.48339	-1.54976	-8.54	0.0285714	0.0555556	0.0976869	na	0.48	0.873333	0.0839602	23	0	0	6.09117	4.91333	3.29667	-0.451298	-1.40788	0.12	0.12	1	4	4.625	-1.19951	0.0624	na	0.0710564
10.0%	-0.94168	-4.62747	-0.983388	-1.06788	-1.08865	-1.21299	-6.14333	0.0434783	0.0810811	0.120702	na	0.48	0.896667	0.0924722	26	0	0	6.88567	5.81333	4.36333	-0.362436	-0.953492	0.12	0.16	1	5	5.5	-0.944413	0.0688	na	0.0804721
25.0%	-0.491208	-3.1316	-0.422151	-0.478409	-0.523663	-0.549426	-2.40333	0.08	0.137255	0.165578	na	0.56	0.926667	0.106197	32	0	0	8.47467	7.65333	6.3	-0.187256	-0.393621	0.16	0.16	2	7	7.33333	-0.552602	0.0784	na	0.0989446
50.0%	-0.0494264	-1.58284	0.042889	0.0266067	0.0402407	0.0136022	0.88	0.135135	0.211538	0.225704	na	0.6	0.946667	0.122343	37	0	0	9.79884	9.72667	9.36	-0.0189366	0.158042	0.16	0.2	3	10	9.58333	-0.069902	0.0912	na	0.134048
75.0%	0.393899	-0.36688	0.446515	0.466768	0.511694	0.533406	2.60333	0.2	0.295455	0.296922	na	0.68	0.96	0.138682	44	0	0	11.6527	12.0067	13.24	0.14904	0.469114	0.2	0.28	4	12	12.6667	0.507712	0.1104	na	0.210231
90.0%	0.749987	0.788515	0.78025	0.859426	0.882801	0.961478	3.90333	0.277778	0.37931	0.372519	na	0.72	0.97	0.151818	50	0	0	13.2417	14.38	17.4867	0.281252	0.701014	0.28	0.32	5	15	15.4583	0.959897	0.1392	na	0.34384
95.0%	1.00335	1.42213	0.969565	1.07061	1.10326	1.21258	4.71333	0.333333	0.433333	0.413477	na	0.76	0.976667	0.16253	54	0	0	14.301	16.0067	20.4933	0.381212	0.817238	0.32	0.4	5	17	17.0417	1.26776	0.1616	na	0.50813
97.5%	1.21674	2.3811	1.09391	1.21426	1.27614	1.37283	5.22	0.365854	0.472727	0.45874	na	0.8	0.976667	0.16956	58	0	0	15.3603	17.1067	22.88	0.467215	0.904223	0.36	0.44	6	19	18.5	1.63725	0.1712	na	0.708661
99.0%	1.45991	3.53412	1.25575	1.4147	1.44525	1.6214	5.86333	0.4	0.52	0.510285	na	0.8	0.983333	0.179442	61	0	0	16.1548	18.78	25.1367	0.54346	0.999366	0.4	0.44	6	21	20.4583	2.03605	0.2	na	0.9375
99.9%	2.12299	5.1263	1.48774	1.64138	1.70142	1.88647	8.87667	0.473684	0.571429	0.557731	na	0.88	0.99	0.204694	73	0	0	19.3328	21.0467	37.65	0.811224	1.12446	0.44	0.52	7	25	25.7083	2.59874	0.2416	na	2.47642

average

	TD	Fs	FD*	FF*	FD	FF	H	B	Q	ZA	Fst	Kw	Hw	R2	S	pi_w	pi_b	thetaWatt	thetaTaj	thetaFW	D/Dmin	Hnorm	maxhap	maxhap1	Rm	ThetaFL	ThetaL	ZengE
 0.1%	-1.90523	-13.5742	-2.98066	-3.10136	-3.61692	-3.68825	-34.3067	0	0	0.0141792	na	0.32	0.766667	0.0492082	13	0	0	3.44283	2.8	0.5	-0.73781	-4.09418	0.08	0.08	0	1	1.70833	-2.22823	0.0496	na	0.0459277
 1.0%	-1.59501	-9.83418	-2.27412	-2.43251	-2.32002	-2.40341	-14.7133	0	0	0.0606295	na	0.4	0.833333	0.0717253	19	0	0	5.03184	3.69333	1.52	-0.605327	-2.45824	0.08	0.12	0	2	2.83333	-1.60874	0.056	na	0.0589855
 2.5%	-1.34834	-7.51191	-1.81883	-1.93184	-1.81558	-1.91427	-12.0267	0	0	0.0838044	na	0.44	0.86	0.0769685	21	0	0	5.5615	4.08	2.41667	-0.520011	-1.94087	0.12	0.12	1	3	3.75	-1.40562	0.0592	na	0.0634518
 5.0%	-1.19712	-5.72394	-1.46164	-1.56132	-1.48339	-1.54976	-8.54	0.0285714	0.0555556	0.0976869	na	0.48	0.873333	0.0839602	23	0	0	6.09117	4.91333	3.29667	-0.451298	-1.40788	0.12	0.12	1	4	4.625	-1.19951	0.0624	na	0.0710564
10.0%	-0.94168	-4.62747	-0.983388	-1.06788	-1.08865	-1.21299	-6.14333	0.0434783	0.0810811	0.120702	na	0.48	0.896667	0.0924722	26	0	0	6.88567	5.81333	4.36333	-0.362436	-0.953492	0.12	0.16	1	5	5.5	-0.944413	0.0688	na	0.0804721
25.0%	-0.491208	-3.1316	-0.422151	-0.478409	-0.523663	-0.549426	-2.40333	0.08	0.137255	0.165578	na	0.56	0.926667	0.106197	32	0	0	8.47467	7.65333	6.3	-0.187256	-0.393621	0.16	0.16	2	7	7.33333	-0.552602	0.0784	na	0.0989446
50.0%	-0.0494264	-1.58284	0.042889	0.0266067	0.0402407	0.0136022	0.88	0.135135	0.211538	0.225704	na	0.6	0.946667	0.122343	37	0	0	9.79884	9.72667	9.36	-0.0189366	0.158042	0.16	0.2	3	10	9.58333	-0.069902	0.0912	na	0.134048
75.0%	0.393899	-0.36688	0.446515	0.466768	0.511694	0.533406	2.60333	0.2	0.295455	0.296922	na	0.68	0.96	0.138682	44	0	0	11.6527	12.0067	13.24	0.14904	0.469114	0.2	0.28	4	12	12.6667	0.507712	0.1104	na	0.210231
90.0%	0.749987	0.788515	0.78025	0.859426	0.882801	0.961478	3.90333	0.277778	0.37931	0.372519	na	0.72	0.97	0.151818	50	0	0	13.2417	14.38	17.4867	0.281252	0.701014	0.28	0.32	5	15	15.4583	0.959897	0.1392	na	0.34384
95.0%	1.00335	1.42213	0.969565	1.07061	1.10326	1.21258	4.71333	0.333333	0.433333	0.413477	na	0.76	0.976667	0.16253	54	0	0	14.301	16.0067	20.4933	0.381212	0.817238	0.32	0.4	5	17	17.0417	1.26776	0.1616	na	0.50813
97.5%	1.21674	2.3811	1.09391	1.21426	1.27614	1.37283	5.22	0.365854	0.472727	0.45874	na	0.8	0.976667	0.16956	58	0	0	15.3603	17.1067	22.88	0.467215	0.904223	0.36	0.44	6	19	18.5	1.63725	0.1712	na	0.708661
99.0%	1.45991	3.53412	1.25575	1.4147	1.44525	1.6214	5.86333	0.4	0.52	0.510285	na	0.8	0.983333	0.179442	61	0	0	16.1548	18.78	25.1367	0.54346	0.999366	0.4	0.44	6	21	20.4583	2.03605	0.2	na	0.9375
99.9%	2.12299	5.1263	1.48774	1.64138	1.70142	1.88647	8.87667	0.473684	0.571429	0.557731	na	0.88	0.99	0.204694	73	0	0	19.3328	21.0467	37.65	0.811224	1.12446	0.44	0.52	7	25	25.7083	2.59874	0.2416	na	2.47642

variance

	TD	Fs	FD*	FF*	FD	FF	H	B	Q	ZA	Fst	Kw	Hw	R2	S	pi_w	pi_b	thetaWatt	thetaTaj	thetaFW	D/Dmin	Hnorm	maxhap	maxhap1	Rm	ThetaFL	ThetaL	ZengE
 0.1%	na	na	na	na	na	na	na	na	na	na	na	na	na	na	na	na	na	na	na	na	na	na	na	na	na	na	na	na	na	na	na
 1.0%	na	na	na	na	na	na	na	na	na	na	na	na	na	na	na	na	na	na	na	na	na	na	na	na	na	na	na	na	na	na	na
 2.5%	na	na	na	na	na	na	na	na	na	na	na	na	na	na	na	na	na	na	na	na	na	na	na	na	na	na	na	na	na	na	na
 5.0%	na	na	na	na	na	na	na	na	na	na	na	na	na	na	na	na	na	na	na	na	na	na	na	na	na	na	na	na	na	na	na
10.0%	na	na	na	na	na	na	na	na	na	na	na	na	na	na	na	na	na	na	na	na	na	na	na	na	na	na	na	na	na	na	na
25.0%	na	na	na	na	na	na	na	na	na	na	na	na	na	na	na	na	na	na	na	na	na	na	na	na	na	na	na	na	na	na	na
50.0%	na	na	na	na	na	na	na	na	na	na	na	na	na	na	na	na	na	na	na	na	na	na	na	na	na	na	na	na	na	na	na
75.0%	na	na	na	na	na	na	na	na	na	na	na	na	na	na	na	na	na	na	na	na	na	na	na	na	na	na	na	na	na	na	na
90.0%	na	na	na	na	na	na	na	na	na	na	na	na	na	na	na	na	na	na	na	na	na	na	na	na	na	na	na	na	na	na	na
95.0%	na	na	na	na	na	na	na	na	na	na	na	na	na	na	na	na	na	na	na	na	na	na	na	na	na	na	na	na	na	na	na
97.5%	na	na	na	na	na	na	na	na	na	na	na	na	na	na	na	na	na	na	na	na	na	na	na	na	na	na	na	na	na	na	na
99.0%	na	na	na	na	na	na	na	na	na	na	na	na	na	na	na	na	na	na	na	na	na	na	na	na	na	na	na	na	na	na	na
99.9%	na	na	na	na	na	na	na	na	na	na	na	na	na	na	na	na	na	na	na	na	na	na	na	na	na	na	na	na	na	na	na