mlcoalsim version 1.39 (20080202)
OUTPUT FILE: date Sat Feb  2 01:31:52 2008 

Input data from the file: ex02.txt

Print_neuttest:        1
Print_matrixpol:       0
N_iterations:          100
Seed1:                 5685

N_loci:                1
Factorn_chr:           1.000000
N_sites:               1050
N_samples:             55
Thetaw:                5
No_rec_males:          0
Recombination:         10

Npop:                  10
Mig_rate:              5

Npop_sampled:          3
Factor_pop:            1 0.1 1 0.132 5.13 0.268 6.63 8.2 2.88 0.17
Ran_factorpop:         0
Same_factorpop:        0
Ssize_pop:             20 10 25 0 0 0 0 0 0 0



Neutral tests (excluding multiple hits positions)
value(TD)	value(Fs)	value(FD*)	value(FF*)	value(FD)	value(FF)	value(H)	value(B)	value(Q)	value(ZA)	value(Fst)	value(Kw)	value(Hw)	value(R2)	value(S)	value(pi_w)	value(pi_b)	value(ThetaWatt)	value(ThetaTaj)	value(ThetaFW)	value(D/Dmin)	value(Hnorm)	value(maxhap)	value(maxhap1)	value(Rm)	value(theta_fl)	value(theta_l)	value(zeng_E)	value(EW-test)	value(Fstw)	value(Pwh)
0.16691	2.70096	0.468957	0.422211	0.561711	0.482252	-13.099	0.177419	0.256684	0.265851	0.291078	1.55	0.963158	0.10817	187	31.8453	44.9207	40.8705	42.7838	55.8828	0.0561591	-0.550471	0.127273	0.127273	20	32	49.3333	0.684853	0.0512397	0.239137	0.14024	
0.239808	1.45948	0.0333416	0.134471	-0.0921923	0.0558449	-5.81145	0.102362	0.171875	0.184821	0.437272	1.45	0.605263	0.113481	128	18.4822	32.844	27.9755	29.8721	35.6835	0.0813235	-0.353377	0.218182	0.218182	15	29	32.7778	0.558453	0.0783471	0.321217	0.0669522	
-0.375047	-1.96644	-0.302039	-0.395227	-0.500935	-0.546231	-1.59057	0.0986842	0.163399	0.174424	0.304128	1.8	0.973684	0.0898895	153	21.8207	31.3573	33.4395	29.9084	31.499	-0.126671	-0.0813164	0.0909091	0.127273	17	40	30.7037	-0.268425	0.0373554	0.204279	0.0668708	
0.141106	-1.04146	0.493484	0.429317	0.82149	0.655974	-3.1037	0.125	0.217054	0.211659	0.102756	1.7	0.965789	0.109218	129	26.824	29.896	28.1941	29.3185	32.4222	0.0478425	-0.187308	0.109091	0.109091	15	19	30.8704	0.308936	0.0446281	0.0958644	0.0682163	
-0.254643	0.0471268	-0.37378	-0.392939	-0.383519	-0.402049	-16.5084	0.0964912	0.173913	0.192074	0.327354	1.45	0.936842	0.0935751	115	15.7704	23.4453	25.1342	23.3199	39.8283	-0.0865953	-1.11351	0.218182	0.254545	12	29	31.5741	0.828731	0.0763636	0.170224	0.0857638	
0.540953	1.2588	0.00319056	0.250942	0.106039	0.350594	-0.594613	0.115646	0.189189	0.240001	0.542375	1.6	0.860526	0.121181	148	20.3466	44.4613	32.3467	37.2768	37.8714	0.182834	-0.0313989	0.127273	0.145455	18	31	37.5741	0.529439	0.052562	0.451364	0.0268264	
0.297205	3.7452	1.16438	0.995673	1.6741	1.33897	-9.14007	0.164384	0.258503	0.253621	0.504268	1.35	0.947368	0.117221	147	20.2543	40.8573	32.1281	34.8189	43.9589	0.100465	-0.485844	0.127273	0.181818	14	11	39.3889	0.740158	0.0591736	0.401855	0.0861602	
0.0810903	2.23593	0.883922	0.691097	0.934826	0.707599	-6.34882	0.163793	0.247863	0.222476	0.207272	1.3	0.9	0.108956	117	20.8044	26.244	25.5714	26.1589	32.5077	0.0275631	-0.421156	0.127273	0.181818	14	16	29.3333	0.476307	0.0558678	0.116631	0.114684	
-0.543515	0.384904	-0.440071	-0.574255	-0.492982	-0.626184	-9.26801	0.105263	0.179104	0.172609	0.10862	1.45	0.886842	0.0844372	134	22.5359	25.282	29.2869	24.7919	34.0599	-0.184112	-0.539056	0.0909091	0.145455	14	35	29.4259	0.0154833	0.048595	0.0804039	0.0403357	
1.00155	0.468198	0.545512	0.86279	0.760876	1.04966	3.43502	0.100671	0.16	0.238837	0.111375	1.75	0.939474	0.138158	150	38.0912	42.8653	32.7838	42.0323	38.5973	0.338411	0.179033	0.0727273	0.0909091	18	23	40.3148	0.753038	0.0360331	0.0820751	0.0237912	
0.617843	-1.09988	0.752446	0.839075	0.775865	0.865163	3.82761	0.160714	0.283186	0.232326	0.381872	1.7	0.9	0.123131	113	20.0265	32.3987	24.6971	29.0249	25.1973	0.210209	0.262592	0.0909091	0.163636	11	17	27.1111	0.315833	0.0406612	0.309747	0.0344532	
0.902025	0.905658	1.30238	1.37621	1.54847	1.56107	7.61145	0.112245	0.20202	0.223774	0.400289	1.45	0.942105	0.135879	99	18.2832	30.4867	21.6373	27.1946	19.5832	0.308101	0.593187	0.109091	0.127273	13	8	23.3889	0.259473	0.0479339	0.320914	0.110316	
0.932288	3.59109	0.953417	1.13194	1.02327	1.20051	4.31717	0.144654	0.23125	0.232881	0.570363	1.5	0.952632	0.137033	160	23.1133	53.7973	34.9694	44.1401	39.8229	0.31459	0.211291	0.181818	0.181818	20	21	41.9815	0.659169	0.0704132	0.467361	0.0453103	
0.737154	3.05641	0.725923	0.873874	1.05105	1.12177	-3.84916	0.209091	0.333333	0.284011	0.321922	1.3	0.915789	0.127872	111	21.5855	31.8333	24.26	29.3347	33.1838	0.250927	-0.268664	0.109091	0.181818	13	14	31.2593	0.931281	0.0571901	0.257156	0.136357	
0.0594927	1.23162	0.259857	0.218757	0.245373	0.203844	3.84646	0.0883978	0.164835	0.151801	0.39583	1.65	0.963158	0.108707	182	25.587	42.3507	39.7777	40.4418	36.5953	0.0200266	0.165988	0.163636	0.181818	20	36	38.5185	-0.104592	0.0558678	0.260108	0.0494538	
-0.0816703	-0.848815	-0.292421	-0.253341	-0.324338	-0.271792	-10.1737	0.120567	0.197183	0.207385	0.0921528	1.7	0.834211	0.101324	142	27.5628	30.3607	31.0353	30.3205	40.4943	-0.0276284	-0.55931	0.145455	0.181818	16	35	35.4074	0.460644	0.0505785	0.0503571	0.0329809	
-0.0694201	1.39068	-0.0314601	-0.0551175	0.0609554	0.00787346	6.13737	0.0671141	0.113333	0.165315	0.346983	1.5	0.931579	0.102726	150	21.7028	33.2347	32.7838	32.1428	26.0054	-0.0234562	0.319879	0.145455	0.2	16	32	29.0741	-0.370941	0.0578512	0.201344	0.0311112	
-0.467942	-2.21392	0.331097	0.0303884	0.35775	0.0175944	-6.93199	0.0787402	0.132812	0.135485	0.321561	1.7	0.973684	0.089485	128	16.98	25.028	27.9755	24.2747	31.2067	-0.158688	-0.421514	0.127273	0.127273	13	24	27.7407	-0.0273012	0.0459504	0.213158	0.0823901	
0.895626	7.71071	0.354738	0.673168	0.61716	0.89359	14.235	0.104167	0.172414	0.195449	0.521578	1.2	0.852632	0.132952	145	22.0068	45.9987	31.691	39.6916	25.4566	0.302842	0.766825	0.181818	0.181818	15	24	32.5741	0.0912038	0.077686	0.416726	0.0755828	
0.909404	8.50445	1.22591	1.32214	1.35679	1.42447	2.81145	0.17033	0.262295	0.267616	0.321852	1.3	0.613158	0.135093	183	35.1443	51.824	39.9962	50.202	47.3906	0.306097	0.120675	0.2	0.236364	14	19	48.7963	0.727128	0.073719	0.19511	0.159356	
0.168742	2.76232	0.660701	0.564434	0.804411	0.655194	-11.7946	0.133721	0.196532	0.203712	0.361028	1.5	0.744737	0.110565	173	27.4136	42.9027	37.8107	39.6027	51.3973	0.0568546	-0.534857	0.163636	0.2	18	26	45.5	0.670639	0.0571901	0.254057	0.0757524	
0.528365	2.19936	0.476844	0.593882	0.914553	0.920039	-1.99596	0.117021	0.189474	0.205934	0.342711	1.25	0.897368	0.122613	95	17.0882	25.998	20.7631	23.8909	25.8869	0.180711	-0.161841	0.145455	0.145455	10	13	24.8889	0.635192	0.0618182	0.28818	0.0837139	
0.616405	1.27997	0.641824	0.756843	0.865788	0.927778	7.51717	0.107595	0.188679	0.187651	0.289571	1.65	0.936842	0.126407	159	31.0249	43.6707	34.7508	40.7771	33.2599	0.208025	0.370162	0.145455	0.145455	22	23	37.0185	0.214457	0.0505785	0.232314	0.0980943	
0.77945	2.97968	0.715176	0.885557	1.26824	1.29722	-2.07811	0.1875	0.255814	0.299214	0.266222	1.4	0.605263	0.131123	129	24.4436	33.312	28.1941	34.4054	36.4835	0.264276	-0.125414	0.2	0.2	16	14	35.4444	0.83694	0.0730579	0.096776	0.0290652	
0.764832	1.16272	1.231	1.25986	1.35734	1.3527	-9.02896	0.109489	0.195652	0.252147	0.314457	1.6	0.963158	0.129735	138	25.079	36.5827	30.1611	36.6707	45.6997	0.258904	-0.510358	0.127273	0.127273	15	14	41.1852	1.19355	0.0459504	0.207465	0.0272697	
0.331025	-1.1202	0.301102	0.374086	0.421124	0.467368	7.14411	0.0583333	0.0991736	0.15784	0.350028	1.7	0.973684	0.115198	121	19.2011	29.5413	26.4456	28.9239	21.7798	0.112417	0.458744	0.145455	0.163636	17	22	25.3519	-0.13415	0.0532231	0.202804	0.0345735	
-0.926409	-3.46164	-1.55842	-1.57609	-1.74412	-1.71043	2.78721	0.0714286	0.133858	0.123786	0.122642	1.7	0.765789	0.0717765	127	18.0174	20.536	27.757	20.4862	17.699	-0.314224	0.170776	0.127273	0.163636	16	47	19.0926	-1.0151	0.048595	0.0655768	0.0976267	
-0.0511419	2.39194	0.497211	0.342279	0.469516	0.305257	-20.8054	0.116402	0.184211	0.222814	0.395597	1.55	0.660526	0.10116	190	25.6057	42.3653	41.5261	40.9306	61.736	-0.0172027	-0.860806	0.2	0.218182	19	34	51.3333	0.781561	0.0882645	0.252014	0.146589	
0.513657	1.52857	0.689435	0.744615	0.979953	0.955861	7.03434	0.142012	0.229412	0.235312	0.356018	1.65	0.886842	0.12308	170	32.8311	50.9813	37.155	42.5172	35.4828	0.173124	0.32449	0.0727273	0.109091	22	23	39	0.163644	0.0413223	0.344162	0.0705597	
0.696641	4.69076	1.12861	1.1524	1.23768	1.23153	-18.7596	0.211429	0.295455	0.317897	0.15834	1.45	0.915789	0.126264	176	43.0234	51.1173	38.4663	45.9906	64.7502	0.234646	-0.836524	0.0909091	0.109091	18	20	55.3704	1.45015	0.048595	0.188338	0.0652308	
0.289204	3.00258	1.35408	1.13203	1.50779	1.21703	0.131987	0.0965517	0.164384	0.171036	0.335127	1.4	0.942105	0.117185	146	26.5798	39.9773	31.9096	34.5104	34.3785	0.0977754	0.00706257	0.218182	0.236364	13	13	34.4444	0.260093	0.077686	0.331676	0.115907	
-0.424779	0.145798	0.399164	0.0987641	0.423715	0.0833978	-14.5818	0.107595	0.18239	0.19595	0.169029	1.6	0.963158	0.0916603	159	24.6621	29.6787	34.7508	30.598	45.1798	-0.143355	-0.71804	0.109091	0.109091	15	29	37.8889	0.296769	0.0452893	0.0593021	0.0980457	
0.573579	0.914535	0.916195	0.939835	1.24688	1.17788	-4.96431	0.174603	0.267717	0.267594	0.461838	1.55	0.810526	0.124767	127	18.3901	34.172	27.757	32.2586	37.2229	0.194549	-0.30417	0.145455	0.2	11	14	34.7407	0.818204	0.0585124	0.317054	0.0309995	
-0.125863	-0.741259	1.56449	1.10379	1.74855	1.1905	3.3468	0.157895	0.260417	0.212661	0.195691	1.45	0.926316	0.104364	96	16.7146	20.7813	20.9816	20.229	16.8822	-0.0430329	0.268657	0.127273	0.127273	12	6	18.5556	-0.369875	0.0519008	0.137299	0.0494341	
0.848284	1.57075	0.487129	0.749121	0.777649	0.983401	-3.35152	0.138889	0.227586	0.247572	0.467934	1.6	0.973684	0.129804	145	23.5819	44.3213	31.691	39.2687	42.6202	0.286835	-0.180542	0.0909091	0.163636	18	22	40.9444	0.955702	0.0452893	0.364457	0.0509312	
0.416768	1.91606	0.0632193	0.23864	-0.0585013	0.171694	-6.98855	0.100592	0.170588	0.185704	0.539836	1.6	0.868421	0.116163	170	21.6338	47.0133	37.155	41.5057	48.4943	0.140468	-0.322377	0.127273	0.145455	19	38	45	0.695811	0.0499174	0.427458	0.0481861	
0.378469	0.273629	-0.106115	0.0954004	-0.0150872	0.181632	3.36094	0.135714	0.212766	0.232555	0.287632	1.65	0.968421	0.117773	141	27.7144	38.9047	30.8168	34.1064	30.7455	0.128053	0.186045	0.127273	0.127273	16	31	32.4259	0.170687	0.048595	0.291909	0.1466	
-0.57314	-0.0131845	-0.941474	-0.958145	-1.27314	-1.1956	-17.1354	0.125	0.19708	0.223163	0.130043	1.5	0.905263	0.0850629	137	23.1797	26.6447	29.9425	25.099	42.2343	-0.194047	-0.975438	0.163636	0.2	14	45	33.6667	0.406002	0.0624793	0.153957	0.119527	
0.371239	5.04306	1.14507	1.01521	1.56068	1.29552	-2.83434	0.111842	0.196078	0.196945	0.394798	1.3	0.889474	0.119762	153	26.1798	43.258	33.4395	36.9347	39.769	0.125385	-0.144903	0.145455	0.145455	17	13	38.3519	0.481986	0.0631405	0.354411	0.0541496	
-0.589193	-2.49071	-0.0410973	-0.300218	-0.0921923	-0.364005	-25.1832	0.102362	0.164062	0.198412	0.117961	1.7	0.968421	0.0864282	128	21.4782	24.3507	27.9755	23.3158	48.499	-0.199807	-1.53132	0.0909091	0.109091	18	29	35.9074	0.922396	0.0393388	0.117893	0.0428893	
-0.324016	0.856281	0.568229	0.26908	0.555746	0.227141	-21.835	0.166667	0.24	0.248532	0.268685	1.6	0.963158	0.0971581	175	26.0212	35.5813	38.2478	34.7677	56.6027	-0.109148	-0.979102	0.109091	0.127273	19	30	45.6852	0.64154	0.0466116	0.191147	0.0575247	
0.471179	-1.04071	1.08466	1.01739	1.17889	1.07748	-1.99125	0.109375	0.186047	0.224412	0.219056	1.75	0.944737	0.120841	129	24.4336	31.2873	28.1941	31.9488	33.9401	0.159755	-0.120171	0.0909091	0.0909091	17	15	32.9444	0.548355	0.0380165	0.108823	0.0313001	
0.186992	0.92662	0.201302	0.234452	0.491692	0.443844	0.585185	0.131579	0.202614	0.209179	0.0601104	1.6	0.836842	0.1116	153	34.1399	36.3233	33.4395	35.2	34.6148	0.0631559	0.029917	0.127273	0.127273	14	27	34.9074	0.144029	0.0545455	0.0628414	0.0568182	
-0.180209	1.66428	0.37368	0.192451	0.463893	0.236472	-12.4795	0.149068	0.228395	0.212088	0.190236	1.5	0.931579	0.0990011	162	31.3837	38.7567	35.4065	33.6121	46.0916	-0.0607944	-0.603411	0.145455	0.163636	20	29	39.8519	0.412938	0.0558678	0.261363	0.0595023	
0.15348	0.687944	-0.451298	-0.262428	-0.366405	-0.181785	-11.9535	0.129252	0.216216	0.217125	0.416865	1.6	0.931579	0.105945	148	21.3847	36.672	32.3467	33.7455	45.699	0.0518738	-0.631215	0.109091	0.181818	16	37	39.7222	0.747008	0.0466116	0.296717	0.0592672	
0.311312	0.729702	0.32856	0.385451	0.427033	0.461433	7.36498	0.0492958	0.0909091	0.120837	0.246016	1.6	0.9	0.114471	143	26.6061	35.2873	31.2539	33.9973	26.6323	0.105298	0.402142	0.0909091	0.145455	17	26	30.3148	-0.0982817	0.0426446	0.179567	0.0588282	
1.42793	3.33576	-0.163619	0.537188	0.0906562	0.793695	-1.46195	0.157576	0.23494	0.287526	0.316517	1.6	0.747368	0.148416	166	38.5316	56.3753	36.2807	50.8431	52.3051	0.48149	-0.0690256	0.163636	0.163636	22	35	51.5741	1.38779	0.0545455	0.315821	0.0196684	
-0.386347	0.540941	1.09751	0.631589	1.42409	0.812281	-21.8741	0.181818	0.283871	0.267659	0.133357	1.55	0.931579	0.0943794	155	26.3616	30.418	33.8766	30.1926	52.0667	-0.130452	-1.10422	0.127273	0.145455	16	15	41.1296	0.702859	0.0499174	0.0787723	0.0662414	
-0.35384	-0.844455	-0.192849	-0.305116	-0.229745	-0.343408	-18.5704	0.113772	0.190476	0.218773	0.229326	1.75	0.765789	0.0956312	168	24.8676	32.2673	36.7179	33.0667	51.637	-0.119286	-0.866599	0.163636	0.163636	25	40	42.3519	0.505414	0.052562	0.090483	0.0302419	
-0.628686	-2.26623	-0.297462	-0.50797	-0.320404	-0.546708	-13.936	0.0902256	0.141791	0.172733	0.415022	1.7	0.95	0.0840194	134	15.3568	26.252	29.2869	24.0875	38.0236	-0.212964	-0.810562	0.0909091	0.109091	15	33	31.0556	0.196925	0.0406612	0.295492	0.0415152	
0.083295	2.20961	1.57778	1.20322	1.86127	1.36459	0.184512	0.109489	0.166667	0.188554	0.187294	1.4	0.968421	0.110437	138	25.4252	31.2847	30.1611	30.87	30.6855	0.0281963	0.0104294	0.127273	0.145455	13	8	30.7778	0.0667664	0.0538843	0.120431	0.0323939	
1.03427	7.69202	0.956313	1.18091	1.25525	1.4169	-19.4236	0.243421	0.339869	0.36789	0.458288	1.25	0.515789	0.138307	153	26.6248	49.1493	33.4395	43.1771	62.6007	0.349321	-0.99301	0.236364	0.236364	16	17	52.8889	1.90831	0.0869421	0.338286	0.0463208	
0.156965	2.03082	0.116724	0.158279	0.0821293	0.138237	2.12862	0.116129	0.198718	0.18759	0.381532	1.5	0.963158	0.110337	156	23.1093	37.3653	34.0952	35.6013	33.4727	0.0529931	0.106783	0.163636	0.181818	19	33	34.537	0.0425583	0.0677686	0.250415	0.0561776	
0.11537	1.19994	0.318196	0.288326	0.570311	0.465649	3.2303	0.0943396	0.149533	0.160446	0.266263	1.35	0.905263	0.109155	107	19.1011	26.0327	23.3858	24.1522	20.9219	0.0393134	0.233597	0.109091	0.127273	12	18	22.537	-0.116895	0.0538843	0.23521	0.0414041	
-0.110099	-1.75523	-0.585685	-0.483836	-0.836923	-0.652857	-9.66667	0.0982143	0.168142	0.218297	0.308998	1.65	0.976316	0.0981594	113	16.6264	24.0613	24.6971	23.9259	33.5926	-0.0374588	-0.663178	0.181818	0.2	14	33	28.7593	0.531468	0.0598347	0.161824	0.0835913	
0.2819	1.19207	0.610392	0.579245	0.666339	0.614752	-8.99933	0.0891089	0.157635	0.193405	0.268816	1.75	0.95	0.114662	203	35.6959	48.8193	44.3674	47.8707	56.87	0.0947206	-0.348959	0.127273	0.2	21	33	52.3704	0.598311	0.0452893	0.181551	0.0417792	
0.763881	-1.3489	1.18013	1.22233	1.29154	1.30677	8.62492	0.079646	0.149123	0.195769	0.247721	1.75	0.955263	0.132525	114	23.9135	31.788	24.9157	30.3125	21.6875	0.259832	0.586694	0.109091	0.109091	17	12	26	0.140692	0.0413223	0.208026	0.0989692	
0.503304	1.11992	0.459829	0.570624	0.497394	0.609123	7.56498	0.0886076	0.163522	0.151209	0.174518	1.65	0.934211	0.122324	159	35.1567	42.5893	34.7508	39.6714	32.1064	0.169856	0.372516	0.0727273	0.127273	18	28	35.8889	0.107627	0.04	0.191616	0.0252071	
-0.0271725	-2.09919	1.03739	0.754573	1.12102	0.784599	4.67475	0.0894309	0.145161	0.175128	0.142836	1.75	0.973684	0.104702	124	24.0509	28.0587	27.1013	26.8929	22.2182	-0.00922205	0.293142	0.0727273	0.109091	15	15	24.5556	-0.305084	0.0380165	0.140079	0.074369	
-0.361038	-1.13721	-0.478866	-0.519311	-0.608418	-0.616193	-5.15892	0.185841	0.298246	0.291436	0.495098	1.55	0.889474	0.0901172	114	12.7908	25.3333	24.9157	22.365	27.5239	-0.122806	-0.350926	0.109091	0.145455	12	31	24.9444	0.00373112	0.0499174	0.381575	0.223564	
0.989881	5.45381	0.93016	1.14117	0.994183	1.20917	8.55286	0.161074	0.273333	0.291416	0.386869	1.35	0.892105	0.138457	150	27.3166	44.5527	32.7838	41.9246	33.3717	0.334469	0.445774	0.127273	0.127273	21	20	37.6481	0.486394	0.0578512	0.265046	0.0477047	
-0.0880665	-2.10913	0.754536	0.517444	0.779499	0.510341	-0.850505	0.064	0.126984	0.118229	0.315617	1.75	0.971053	0.103849	126	18.643	27.2407	27.5384	26.8525	27.703	-0.0298767	-0.0525125	0.163636	0.181818	17	19	27.2778	-0.0307627	0.0519008	0.197624	0.0372404	
0.673575	0.377327	0.763154	0.872598	0.792109	0.904758	12.8202	0.107595	0.201258	0.202932	0.15162	1.75	0.828947	0.126076	159	36.3582	42.856	34.7508	41.336	28.5158	0.227319	0.631295	0.127273	0.127273	19	24	34.9259	0.016559	0.0466116	0.126617	0.0725759	
-0.240489	0.935483	0.038738	-0.0818965	-0.00721088	-0.127483	-10.3212	0.0896552	0.130137	0.179457	0.323842	1.5	0.905263	0.0986652	146	20.2613	29.9653	31.9096	29.7468	40.068	-0.0813055	-0.552286	0.181818	0.181818	15	32	34.9074	0.307596	0.065124	0.163856	0.134468	
0.636901	0.521779	0.241301	0.469991	0.884333	0.951895	2.77037	0.174603	0.275591	0.244678	0.163362	1.6	0.905263	0.125576	127	27.1372	32.436	27.757	32.7556	29.9852	0.216027	0.169744	0.0909091	0.181818	12	18	31.3704	0.423339	0.0459504	0.0851178	0.0610583	
-0.0308281	0.802838	-0.224331	-0.179694	-0.405895	-0.303696	0.59798	0.0689655	0.136986	0.136234	0.185693	1.55	0.892105	0.102531	146	26.674	32.7567	31.9096	31.6323	31.0343	-0.0104225	0.0319978	0.127273	0.127273	19	37	31.3333	-0.0591248	0.0519008	0.142736	0.0948397	
0.0250301	0.303997	0.470821	0.360052	0.436401	0.324236	-13.1724	0.209091	0.333333	0.313727	0.245402	1.45	0.947368	0.105014	111	17.6837	23.4347	24.26	24.4323	37.6047	0.00852024	-0.919409	0.181818	0.2	13	20	31.0185	0.899249	0.0657851	0.0775195	0.163718	
-0.167493	6.74905	-0.711006	-0.601534	-0.681367	-0.568601	-4.47071	0.0748299	0.135135	0.195642	0.36752	1.1	0.710526	0.102519	148	19.9923	31.6093	32.3467	30.8202	35.2909	-0.05661	-0.236079	0.236364	0.236364	18	41	33.0556	0.0717958	0.113388	0.226789	0.0648925	
0.214777	2.25178	0.604713	0.544418	0.804411	0.678742	-7.59461	0.133721	0.219653	0.209021	0.343608	1.55	0.963158	0.114183	173	26.3931	40.2093	37.8107	40.0916	47.6862	0.0723652	-0.344397	0.163636	0.181818	22	26	43.8889	0.530124	0.0598347	0.187787	0.0498858	
-1.05834	-3.2543	-1.24978	-1.40834	-1.63863	-1.70279	-11.6148	0.0782609	0.12069	0.114426	0.179544	1.6	0.931579	0.0717518	116	14.1501	17.2467	25.3528	17.7481	29.363	-0.35982	-0.776904	0.109091	0.2	9	42	23.5556	-0.229403	0.0499174	0.0645566	0.28172	
-0.341735	-1.9649	1.03184	0.605001	1.11629	0.619327	8.0862	0.0869565	0.151079	0.142312	0.186438	1.75	0.963158	0.0967479	139	22.6528	27.844	30.3797	27.4505	19.3643	-0.115662	0.453872	0.0727273	0.0727273	17	17	23.4074	-0.749696	0.0353719	0.117448	0.182146	
-0.075919	0.163503	-0.334584	-0.282839	-0.529865	-0.418016	0.495623	0.107527	0.191489	0.217491	0.258633	1.35	0.886842	0.100929	94	15.2336	20.548	20.5445	20.0997	19.604	-0.0259747	0.0405975	0.145455	0.145455	7	25	19.8519	-0.107697	0.0671074	0.187569	0.0995042	
0.225056	0.283151	0.118866	0.19111	0.247859	0.290387	-2.89091	0.136986	0.210884	0.211927	0.181069	1.65	0.928947	0.111521	147	29.5377	36.0687	32.1281	34.1657	37.0566	0.0760765	-0.153667	0.109091	0.109091	19	29	35.6111	0.355054	0.0466116	0.146601	0.117077	
0.535566	1.78058	-0.0184404	0.231506	0.121372	0.357415	12.732	0.104839	0.192	0.193259	0.471212	1.45	0.947368	0.120325	125	19.2091	36.3267	27.3198	31.4586	18.7266	0.181728	0.792203	0.127273	0.145455	14	26	25.0926	-0.264894	0.0552066	0.414931	0.0317878	
-0.295591	-1.09476	0.0237612	-0.11824	-0.0247949	-0.167965	-3.82492	0.0833333	0.144828	0.174432	0.313626	1.7	0.931579	0.0963428	145	19.6884	28.6847	31.691	29.0505	32.8754	-0.0999498	-0.206044	0.163636	0.163636	16	32	30.963	-0.075193	0.0558678	0.163883	0.103268	
-0.658942	-4.41803	-0.10863	-0.382836	-0.265528	-0.523645	-21.0943	0.152778	0.22069	0.239574	0.290767	1.9	0.973684	0.0879818	145	18.2159	25.684	31.691	25.8047	46.899	-0.222811	-1.13633	0.109091	0.181818	14	35	36.3519	0.481376	0.0386777	0.155847	0.0775052	
-0.133607	2.22018	-0.0118222	-0.0701113	0.168623	0.0516344	-5.01481	0.0890411	0.142857	0.154557	0.330851	1.4	0.955263	0.100545	147	21.7469	32.4993	32.1281	30.9185	35.9333	-0.0451638	-0.266564	0.163636	0.163636	16	30	33.4259	0.132297	0.0690909	0.229478	0.0646862	
0.258697	-0.574178	0.392752	0.408645	0.421001	0.430335	-0.0727273	0.102041	0.182432	0.180271	0.204482	1.75	0.973684	0.114729	148	28.5235	35.8553	32.3467	34.7044	34.7771	0.0874358	-0.00384041	0.0727273	0.109091	15	27	34.7407	0.242474	0.0360331	0.185824	0.0576296	
0.194329	2.43358	0.337548	0.338251	0.704683	0.598099	5.19663	0.0736196	0.134146	0.164083	0.429275	1.5	0.942105	0.112916	164	24.0602	42.1573	35.8436	37.802	32.6054	0.0655421	0.248278	0.181818	0.181818	19	26	35.2037	-0.0587484	0.061157	0.302491	0.0529072	
-0.645986	-3.27265	-0.275052	-0.49827	-0.251563	-0.5047	2.54815	0.11215	0.194444	0.158875	0.457965	1.65	0.947368	0.0879051	108	11.3285	20.9	23.6043	19.2741	16.7259	-0.220067	0.182622	0.145455	0.163636	9	26	18	-0.765154	0.0505785	0.32645	0.0518832	
-0.25427	0.509789	-0.551224	-0.523897	-0.706269	-0.631539	5.19125	0.0806452	0.16	0.146411	0.246592	1.45	0.921053	0.0950278	125	21.1552	28.0793	27.3198	25.3549	20.1636	-0.0862791	0.323007	0.109091	0.127273	19	35	22.7593	-0.542405	0.0492562	0.251312	0.0394401	
0.320685	1.44507	0.357508	0.411165	0.366372	0.423136	9.5266	0.0971429	0.153409	0.181948	0.376988	1.65	0.886842	0.117724	176	30.3673	48.7427	38.4663	41.93	32.4034	0.108015	0.424808	0.109091	0.127273	18	33	37.1667	-0.111494	0.0505785	0.361738	0.0238493	
-0.173439	-1.29877	0.358168	0.184998	0.557529	0.308264	-0.619529	0.0597015	0.0888889	0.149013	0.266903	1.7	0.765789	0.100771	135	21.8942	29.8653	29.5054	28.0606	28.6801	-0.0587411	-0.0357744	0.145455	0.163636	16	23	28.3704	-0.125486	0.0512397	0.200129	0.0356371	
0.375885	0.064606	0.457679	0.510399	0.499741	0.545845	-2.45522	0.14966	0.263514	0.237666	0.35605	1.7	0.973684	0.114572	148	24.6968	38.352	32.3467	35.7724	38.2276	0.127043	-0.12965	0.127273	0.163636	17	26	37	0.471296	0.0446281	0.260937	0.0279545	
0.0502279	0.957833	0.224439	0.18846	0.340695	0.26661	8.64983	0.109827	0.206897	0.193661	0.227501	1.65	0.910526	0.108138	174	32.5778	42.172	38.0292	38.5657	29.9158	0.0169216	0.390045	0.0909091	0.0909091	18	33	34.2407	-0.328593	0.0406612	0.198213	0.0518596	
0.202396	-1.01095	-0.277025	-0.111654	-0.218621	-0.0524786	-7.54882	0.0797101	0.143885	0.1796	0.259906	1.75	0.942105	0.113787	139	23.8991	32.292	30.3797	32.1145	39.6633	0.0685021	-0.42371	0.127273	0.163636	16	33	35.8889	0.592384	0.0446281	0.148533	0.0934158	
-0.101059	0.0649646	0.720298	0.485274	0.820961	0.531498	-4.80943	0.0921986	0.161972	0.157178	0.274535	1.6	0.642105	0.103922	142	20.5191	28.284	31.0353	30.1508	34.9603	-0.0341876	-0.264402	0.2	0.2	18	21	32.5556	0.160171	0.0644628	0.0936879	0.132666	
-0.262754	1.16879	0.390055	0.166835	0.33898	0.106396	2.70909	0.131579	0.202614	0.189143	0.140723	1.5	0.936842	0.094818	153	28.0949	32.696	33.4395	30.9657	28.2566	-0.0887442	0.1385	0.0909091	0.181818	15	29	29.6111	-0.375627	0.0512397	0.148306	0.0645877	
0.231853	3.49637	0.989197	0.835515	1.06773	0.873753	-11.697	0.116959	0.180233	0.214856	0.346337	1.45	0.942105	0.113094	172	26.6389	40.7533	37.5921	40.0404	51.7374	0.0781271	-0.533442	0.163636	0.181818	19	22	45.8889	0.72766	0.061157	0.200406	0.0998991	
1.10895	2.08368	0.894903	1.16918	0.949014	1.23684	9.07542	0.129032	0.216	0.223816	0.302396	1.5	0.918421	0.138896	125	26.8391	38.4733	27.3198	35.8896	26.8141	0.376288	0.564686	0.127273	0.145455	14	17	31.3519	0.479542	0.0558678	0.24782	0.0557265	
0.532372	2.22903	0.21717	0.405113	0.350036	0.519575	10.1704	0.0886076	0.169811	0.179944	0.38949	1.55	0.660526	0.121457	159	26.7102	43.7507	34.7508	39.9556	29.7852	0.179665	0.500811	0.181818	0.2	18	30	34.8704	0.0113051	0.0671074	0.299298	0.0500556	
0.0744418	0.922466	0.33019	0.278039	0.353472	0.289076	-2.52997	0.121212	0.195489	0.199516	0.427809	1.5	0.921053	0.108814	133	17.9904	31.4413	29.0683	29.6795	32.2094	0.0252212	-0.148225	0.145455	0.181818	11	25	30.9444	0.210381	0.0545455	0.275493	0.0336933	
0.458131	2.10936	0.499108	0.578754	0.71042	0.737199	-8.23704	0.151724	0.239726	0.244981	0.307372	1.5	0.452632	0.120267	146	24.9332	35.998	31.9096	36.0296	44.2667	0.154887	-0.440762	0.254545	0.272727	17	23	40.1481	0.845326	0.0902479	0.170732	0.0277549	
0.177176	3.97908	-0.500983	-0.287888	-0.442825	-0.223442	-12.4835	0.0967742	0.160256	0.216985	0.380093	1.35	0.942105	0.11353	156	23.4242	37.7867	34.0952	35.7953	48.2788	0.0598166	-0.62624	0.181818	0.181818	17	40	42.037	0.764892	0.0657851	0.239004	0.0279366	
0.678369	5.25785	0.354738	0.573375	0.61716	0.78307	11.4276	0.0972222	0.172414	0.20476	0.41526	1.3	0.607895	0.124948	145	23.5229	40.228	31.691	37.7508	26.3232	0.22938	0.615593	0.2	0.2	18	24	32.037	0.0357382	0.0770248	0.274585	0.052979	
0.548836	3.74843	1.50843	1.3656	1.69329	1.48168	9.62761	0.0656934	0.108696	0.150735	0.185677	1.35	0.773684	0.125498	138	28.3488	34.8127	30.1611	34.8323	25.2047	0.185787	0.544196	0.109091	0.109091	16	10	30.0185	-0.0154366	0.0552066	0.114467	0.028709	
0.337563	1.17643	0.301682	0.377654	0.561304	0.570134	1.61279	0.0571429	0.0992908	0.133489	0.311426	1.55	0.936842	0.113941	141	25.2069	36.6073	30.8168	33.7508	32.138	0.114213	0.0892762	0.127273	0.127273	20	24	32.9444	0.225687	0.0512397	0.239894	0.0296289	
0.580485	2.60377	0.709872	0.790471	0.798498	0.861706	5.9569	0.109091	0.150602	0.206527	0.281436	1.55	0.915789	0.125137	166	33.0923	46.0533	36.2807	42.2007	36.2438	0.195737	0.281253	0.0909091	0.127273	21	25	39.2222	0.266924	0.0472727	0.234391	0.0473926	
-0.109129	-3.27448	0.256658	0.139706	0.177773	0.0712399	-7.10842	0.102362	0.164062	0.189342	0.28347	1.85	0.971053	0.1033	128	18.7855	26.2173	27.9755	27.1125	34.2209	-0.0370076	-0.432242	0.181818	0.2	16	26	30.6667	0.312953	0.0552066	0.11745	0.11065	
0.926792	-0.469408	0.698513	0.941047	0.795531	1.03589	7.233	0.0935252	0.142857	0.180383	0.15507	1.8	0.942105	0.136118	140	35.1558	41.608	30.5982	38.598	31.365	0.313626	0.403163	0.0545455	0.0727273	21	21	34.9815	0.468107	0.0347107	0.159109	0.0259081	
