

Number of valid iterations:
	TD	Fs	FD*	FF*	FD	FF	H	B	Q	ZA	Fst	Kw	Hw	R2	S	pi_w	pi_b	thetaWatt	thetaTaj	thetaFW	D/Dmin	Hnorm	maxhap	maxhap1	Rm	ThetaFL	ThetaL	ZengE
locus_0	100	100	100	100	100	100	100	100	100	100	100	100	100	100	100	100	100	100	100	100	100	100	100	100	100	100	100	100	100	100	100
average	100	100	100	100	100	100	100	100	100	100	100	100	100	100	100	100	100	100	100	100	100	100	100	100	100	100	100	100	100	100	100
variance	0	0	0	0	0	0	0	0	0	0	0	0	0	0	0	0	0	0	0	0	0	0	0	0	0	0	0	0	0	0	0

PERCENTILES:

locus_0

	TD	Fs	FD*	FF*	FD	FF	H	B	Q	ZA	Fst	Kw	Hw	R2	S	pi_w	pi_b	thetaWatt	thetaTaj	thetaFW	D/Dmin	Hnorm	maxhap	maxhap1	Rm	ThetaFL	ThetaL	ZengE
 0.1%	na	na	na	na	na	na	na	na	na	na	na	na	na	na	na	na	na	na	na	na	na	na	na	na	na	na	na	na	na	na	na
 1.0%	-1.05834	-4.41803	-1.55842	-1.57609	-1.74412	-1.71043	-25.1832	0.0492958	0.0888889	0.114426	0.0601104	1.1	0.452632	0.0717518	94	11.3285	17.2467	20.5445	17.7481	16.7259	-0.35982	-1.53132	0.0545455	0.0727273	7	6	18	-1.0151	0.0347107	0.0503571	0.0196684
 2.5%	-0.792675	-3.36806	-1.09563	-1.18324	-1.45589	-1.44919	-21.8545	0.0577381	0.0950413	0.119533	0.0974543	1.225	0.560526	0.077898	95.5	13.4705	20.542	20.8724	19.6869	17.2906	-0.268518	-1.12492	0.0727273	0.0818182	9	8	18.8241	-0.757425	0.0357025	0.0610718	0.0238203
 5.0%	-0.628686	-3.2543	-0.585685	-0.574255	-0.706269	-0.631539	-20.8054	0.064	0.108696	0.133489	0.111375	1.3	0.607895	0.0850629	107	15.3568	20.9	23.3858	20.4862	19.3643	-0.212964	-0.99301	0.0727273	0.0909091	11	11	22.537	-0.375627	0.0373554	0.0655768	0.0259081
10.0%	-0.424779	-2.09919	-0.440071	-0.483836	-0.492982	-0.546231	-16.5084	0.0736196	0.132812	0.149013	0.140723	1.35	0.710526	0.0898895	113	17.0882	25.028	24.6971	23.9259	21.6875	-0.143355	-0.860806	0.0909091	0.109091	12	14	24.5556	-0.268425	0.04	0.0851178	0.0279545
25.0%	-0.133607	-0.741259	-0.0184404	-0.0551175	-0.0150872	0.0175944	-9.14007	0.0896552	0.153409	0.174432	0.195691	1.45	0.886842	0.100771	128	20.0265	28.6847	27.9755	28.0606	28.6801	-0.0451638	-0.510358	0.109091	0.127273	14	19	30.0185	-0.0154366	0.0459504	0.142736	0.0372404
50.0%	0.186992	0.92662	0.358168	0.385451	0.497394	0.467368	-1.99596	0.109091	0.186047	0.199516	0.304128	1.55	0.931579	0.1116	145	23.9135	33.312	31.691	32.7556	34.0599	0.0631559	-0.125414	0.127273	0.163636	16	26	34.2407	0.296769	0.0519008	0.201344	0.0575247
75.0%	0.535566	2.22018	0.725923	0.756843	0.914553	0.920039	3.84646	0.136986	0.219653	0.232326	0.380093	1.7	0.952632	0.122613	156	26.8391	42.1573	34.0952	38.5657	40.4943	0.181728	0.248278	0.163636	0.181818	18	32	38.5185	0.635192	0.0598347	0.275493	0.0934158
90.0%	0.848284	3.7452	1.12861	1.13203	1.29154	1.23684	8.55286	0.17033	0.263514	0.267594	0.457965	1.75	0.971053	0.132525	173	32.8311	45.9987	37.8107	41.93	51.3973	0.286835	0.453872	0.2	0.2	20	36	45	0.828731	0.0730579	0.344162	0.132666
95.0%	0.932288	5.25785	1.231	1.20322	1.54847	1.3527	9.62761	0.185841	0.283871	0.291416	0.495098	1.75	0.973684	0.137033	176	35.1567	49.1493	38.4663	43.1771	55.8828	0.31459	0.586694	0.218182	0.236364	21	40	49.3333	0.931281	0.077686	0.401855	0.1466
97.5%	1.01791	7.22054	1.43125	1.291	1.6837	1.42068	12.0798	0.209091	0.315789	0.30647	0.530707	1.8	0.973684	0.138382	185	37.2247	51.4707	40.4334	46.9306	59.303	0.343866	0.623444	0.227273	0.236364	22	41.5	51.9722	1.29067	0.0876033	0.422092	0.172932
99.0%	1.10895	7.71071	1.56449	1.3656	1.74855	1.48168	12.8202	0.211429	0.333333	0.317897	0.542375	1.85	0.973684	0.138896	190	38.5316	53.7973	41.5261	50.202	62.6007	0.376288	0.766825	0.236364	0.254545	22	45	52.8889	1.45015	0.0902479	0.451364	0.223564
99.9%	na	na	na	na	na	na	na	na	na	na	na	na	na	na	na	na	na	na	na	na	na	na	na	na	na	na	na	na	na	na	na

average

	TD	Fs	FD*	FF*	FD	FF	H	B	Q	ZA	Fst	Kw	Hw	R2	S	pi_w	pi_b	thetaWatt	thetaTaj	thetaFW	D/Dmin	Hnorm	maxhap	maxhap1	Rm	ThetaFL	ThetaL	ZengE
 0.1%	na	na	na	na	na	na	na	na	na	na	na	na	na	na	na	na	na	na	na	na	na	na	na	na	na	na	na	na	na	na	na
 1.0%	-1.05834	-4.41803	-1.55842	-1.57609	-1.74412	-1.71043	-25.1832	0.0492958	0.0888889	0.114426	0.0601104	1.1	0.452632	0.0717518	94	11.3285	17.2467	20.5445	17.7481	16.7259	-0.35982	-1.53132	0.0545455	0.0727273	7	6	18	-1.0151	0.0347107	0.0503571	0.0196684
 2.5%	-0.792675	-3.36806	-1.09563	-1.18324	-1.45589	-1.44919	-21.8545	0.0577381	0.0950413	0.119533	0.0974543	1.225	0.560526	0.077898	95.5	13.4705	20.542	20.8724	19.6869	17.2906	-0.268518	-1.12492	0.0727273	0.0818182	9	8	18.8241	-0.757425	0.0357025	0.0610718	0.0238203
 5.0%	-0.628686	-3.2543	-0.585685	-0.574255	-0.706269	-0.631539	-20.8054	0.064	0.108696	0.133489	0.111375	1.3	0.607895	0.0850629	107	15.3568	20.9	23.3858	20.4862	19.3643	-0.212964	-0.99301	0.0727273	0.0909091	11	11	22.537	-0.375627	0.0373554	0.0655768	0.0259081
10.0%	-0.424779	-2.09919	-0.440071	-0.483836	-0.492982	-0.546231	-16.5084	0.0736196	0.132812	0.149013	0.140723	1.35	0.710526	0.0898895	113	17.0882	25.028	24.6971	23.9259	21.6875	-0.143355	-0.860806	0.0909091	0.109091	12	14	24.5556	-0.268425	0.04	0.0851178	0.0279545
25.0%	-0.133607	-0.741259	-0.0184404	-0.0551175	-0.0150872	0.0175944	-9.14007	0.0896552	0.153409	0.174432	0.195691	1.45	0.886842	0.100771	128	20.0265	28.6847	27.9755	28.0606	28.6801	-0.0451638	-0.510358	0.109091	0.127273	14	19	30.0185	-0.0154366	0.0459504	0.142736	0.0372404
50.0%	0.186992	0.92662	0.358168	0.385451	0.497394	0.467368	-1.99596	0.109091	0.186047	0.199516	0.304128	1.55	0.931579	0.1116	145	23.9135	33.312	31.691	32.7556	34.0599	0.0631559	-0.125414	0.127273	0.163636	16	26	34.2407	0.296769	0.0519008	0.201344	0.0575247
75.0%	0.535566	2.22018	0.725923	0.756843	0.914553	0.920039	3.84646	0.136986	0.219653	0.232326	0.380093	1.7	0.952632	0.122613	156	26.8391	42.1573	34.0952	38.5657	40.4943	0.181728	0.248278	0.163636	0.181818	18	32	38.5185	0.635192	0.0598347	0.275493	0.0934158
90.0%	0.848284	3.7452	1.12861	1.13203	1.29154	1.23684	8.55286	0.17033	0.263514	0.267594	0.457965	1.75	0.971053	0.132525	173	32.8311	45.9987	37.8107	41.93	51.3973	0.286835	0.453872	0.2	0.2	20	36	45	0.828731	0.0730579	0.344162	0.132666
95.0%	0.932288	5.25785	1.231	1.20322	1.54847	1.3527	9.62761	0.185841	0.283871	0.291416	0.495098	1.75	0.973684	0.137033	176	35.1567	49.1493	38.4663	43.1771	55.8828	0.31459	0.586694	0.218182	0.236364	21	40	49.3333	0.931281	0.077686	0.401855	0.1466
97.5%	1.01791	7.22054	1.43125	1.291	1.6837	1.42068	12.0798	0.209091	0.315789	0.30647	0.530707	1.8	0.973684	0.138382	185	37.2247	51.4707	40.4334	46.9306	59.303	0.343866	0.623444	0.227273	0.236364	22	41.5	51.9722	1.29067	0.0876033	0.422092	0.172932
99.0%	1.10895	7.71071	1.56449	1.3656	1.74855	1.48168	12.8202	0.211429	0.333333	0.317897	0.542375	1.85	0.973684	0.138896	190	38.5316	53.7973	41.5261	50.202	62.6007	0.376288	0.766825	0.236364	0.254545	22	45	52.8889	1.45015	0.0902479	0.451364	0.223564
99.9%	na	na	na	na	na	na	na	na	na	na	na	na	na	na	na	na	na	na	na	na	na	na	na	na	na	na	na	na	na	na	na

variance

	TD	Fs	FD*	FF*	FD	FF	H	B	Q	ZA	Fst	Kw	Hw	R2	S	pi_w	pi_b	thetaWatt	thetaTaj	thetaFW	D/Dmin	Hnorm	maxhap	maxhap1	Rm	ThetaFL	ThetaL	ZengE
 0.1%	na	na	na	na	na	na	na	na	na	na	na	na	na	na	na	na	na	na	na	na	na	na	na	na	na	na	na	na	na	na	na
 1.0%	na	na	na	na	na	na	na	na	na	na	na	na	na	na	na	na	na	na	na	na	na	na	na	na	na	na	na	na	na	na	na
 2.5%	na	na	na	na	na	na	na	na	na	na	na	na	na	na	na	na	na	na	na	na	na	na	na	na	na	na	na	na	na	na	na
 5.0%	na	na	na	na	na	na	na	na	na	na	na	na	na	na	na	na	na	na	na	na	na	na	na	na	na	na	na	na	na	na	na
10.0%	na	na	na	na	na	na	na	na	na	na	na	na	na	na	na	na	na	na	na	na	na	na	na	na	na	na	na	na	na	na	na
25.0%	na	na	na	na	na	na	na	na	na	na	na	na	na	na	na	na	na	na	na	na	na	na	na	na	na	na	na	na	na	na	na
50.0%	na	na	na	na	na	na	na	na	na	na	na	na	na	na	na	na	na	na	na	na	na	na	na	na	na	na	na	na	na	na	na
75.0%	na	na	na	na	na	na	na	na	na	na	na	na	na	na	na	na	na	na	na	na	na	na	na	na	na	na	na	na	na	na	na
90.0%	na	na	na	na	na	na	na	na	na	na	na	na	na	na	na	na	na	na	na	na	na	na	na	na	na	na	na	na	na	na	na
95.0%	na	na	na	na	na	na	na	na	na	na	na	na	na	na	na	na	na	na	na	na	na	na	na	na	na	na	na	na	na	na	na
97.5%	na	na	na	na	na	na	na	na	na	na	na	na	na	na	na	na	na	na	na	na	na	na	na	na	na	na	na	na	na	na	na
99.0%	na	na	na	na	na	na	na	na	na	na	na	na	na	na	na	na	na	na	na	na	na	na	na	na	na	na	na	na	na	na	na
99.9%	na	na	na	na	na	na	na	na	na	na	na	na	na	na	na	na	na	na	na	na	na	na	na	na	na	na	na	na	na	na	na