

Number of valid iterations:
	TD	Fs	FD*	FF*	FD	FF	H	B	Q	ZA	Fst	Kw	Hw	R2	S	pi_w	pi_b	thetaWatt	thetaTaj	thetaFW	D/Dmin	Hnorm	maxhap	maxhap1	Rm	ThetaFL	ThetaL	ZengE
locus_0	998	998	998	998	998	998	1000	996	996	996	0	1000	1000	998	1000	1000	1000	1000	1000	1000	998	998	1000	1000	1000	1000	1000	998	1000	0	998
average	998	998	998	998	998	998	1000	996	996	996	0	1000	1000	998	1000	1000	1000	1000	1000	1000	998	998	1000	1000	1000	1000	1000	998	1000	0	998
variance	0	0	0	0	0	0	0	0	0	0	0	0	0	0	0	0	0	0	0	0	0	0	0	0	0	0	0	0	0	0	0

PERCENTILES:

locus_0

	TD	Fs	FD*	FF*	FD	FF	H	B	Q	ZA	Fst	Kw	Hw	R2	S	pi_w	pi_b	thetaWatt	thetaTaj	thetaFW	D/Dmin	Hnorm	maxhap	maxhap1	Rm	ThetaFL	ThetaL	ZengE
 0.1%	na	na	na	na	na	na	-35.1263	na	na	na	na	0.05	0	na	0	0	0	0	0	0	na	na	0.15	0.2	0	0	0.0526316	na	0.1	na	na
 1.0%	-2.22499	-1.32932	-3.28682	-3.45435	-2.06165	-2.33228	-22.6	0	0	0.0211591	na	0.1	0.194737	0.0868858	2	0	0	0.563739	0.368421	0.0526316	-1	-4.76743	0.2	0.25	0	0	0.368421	-0.897151	0.13	na	0.0936186
 2.5%	-1.97429	-0.23169	-2.60798	-2.85243	-1.3739	-1.7035	-19.3474	0.158125	0.243434	0.308737	na	0.15	0.284211	0.0988316	6	0	0	1.69122	1.2	2.07368	-0.849516	-4.04744	0.2	0.25	0	0	2.15789	-0.0281073	0.145	na	0.114804
 5.0%	-1.37364	0.667472	-1.32087	-1.39097	-0.661433	-0.881702	-15.7368	0.208333	0.32	0.363168	na	0.15	0.415789	0.109334	11	0	0	3.10057	2.55263	5.18947	-0.581018	-3.29367	0.25	0.3	0	0	4.26316	0.408519	0.15	na	0.140689
10.0%	-0.700158	1.64977	-0.593466	-0.566615	-0.16157	-0.241705	-12.2421	0.26087	0.375	0.401726	na	0.2	0.536842	0.124425	16	0	0	4.50991	4	7.33158	-0.289805	-2.61337	0.25	0.3	0	0	6.63158	0.75206	0.175	na	0.190082
25.0%	0.210898	3.60262	0.476409	0.531103	0.739773	0.742346	-7.46316	0.357143	0.473684	0.496183	na	0.25	0.663158	0.15093	22	0	0	6.20113	7.15789	10.5421	0.0854049	-1.49307	0.35	0.4	0	1	9.52632	1.27648	0.21	na	0.293097
50.0%	1.0955	5.71947	1.15856	1.28358	1.34313	1.51595	-3.32632	0.488372	0.589744	0.609395	na	0.3	0.768421	0.177702	29	0	0	8.17422	10.5526	14.6263	0.435203	-0.692679	0.4	0.45	1	2	12.8421	1.78926	0.27	na	0.503979
75.0%	1.77162	8.21372	1.4697	1.73932	1.7168	2.02144	-0.473684	0.636364	0.722222	0.718973	na	0.35	0.831579	0.202899	38	0	0	10.711	13.9263	19.5579	0.7013	-0.103774	0.55	0.6	2	5	16.4737	2.28586	0.37	na	0.940497
90.0%	2.30168	11.0372	1.62535	2.00856	1.89888	2.35217	0.789474	0.785714	0.836022	0.839236	na	0.45	0.868421	0.223039	46	0	0	12.966	17	24.4474	0.919842	0.217531	0.65	0.75	3	9	20	2.72795	0.49	na	1.9349
95.0%	2.57675	13.0675	1.67467	2.15804	1.96797	2.50618	1.65263	0.846154	0.904762	0.894247	na	0.5	0.889474	0.232875	51	0	0	14.3754	19.2368	27.0526	1.02308	0.402433	0.75	0.85	4	11	21.7895	3.01805	0.605	na	3.02516
97.5%	2.86358	15.2217	1.69813	2.2613	2.01	2.60722	2.56842	0.91886	0.944947	0.9502	na	0.5	0.9	0.24417	54	0	0	15.221	21.1684	29.2789	1.15732	0.531471	0.85	0.9	5	14	23.8947	3.36627	0.73	na	4.39138
99.0%	3.0586	16.4826	1.71693	2.37787	2.04494	2.75651	3.57895	0.981481	1	0.996075	na	0.55	0.915789	0.253365	60	0	0	16.9122	24.3368	31.4842	1.24879	0.675579	0.9	0.95	5	16	25.1579	3.77424	0.815	na	6.61511
99.9%	na	na	na	na	na	na	5.72632	na	na	na	na	0.6	0.936842	na	78	0	0	21.9858	25.9158	46.7316	na	na	1	1	7	21	32.2105	na	1	na	na

average

	TD	Fs	FD*	FF*	FD	FF	H	B	Q	ZA	Fst	Kw	Hw	R2	S	pi_w	pi_b	thetaWatt	thetaTaj	thetaFW	D/Dmin	Hnorm	maxhap	maxhap1	Rm	ThetaFL	ThetaL	ZengE
 0.1%	na	na	na	na	na	na	-35.1263	na	na	na	na	0.05	0	na	0	0	0	0	0	0	na	na	0.15	0.2	0	0	0.0526316	na	0.1	na	na
 1.0%	-2.22499	-1.32932	-3.28682	-3.45435	-2.06165	-2.33228	-22.6	0	0	0.0211591	na	0.1	0.194737	0.0868858	2	0	0	0.563739	0.368421	0.0526316	-1	-4.76743	0.2	0.25	0	0	0.368421	-0.897151	0.13	na	0.0936186
 2.5%	-1.97429	-0.23169	-2.60798	-2.85243	-1.3739	-1.7035	-19.3474	0.158125	0.243434	0.308737	na	0.15	0.284211	0.0988316	6	0	0	1.69122	1.2	2.07368	-0.849516	-4.04744	0.2	0.25	0	0	2.15789	-0.0281073	0.145	na	0.114804
 5.0%	-1.37364	0.667472	-1.32087	-1.39097	-0.661433	-0.881702	-15.7368	0.208333	0.32	0.363168	na	0.15	0.415789	0.109334	11	0	0	3.10057	2.55263	5.18947	-0.581018	-3.29367	0.25	0.3	0	0	4.26316	0.408519	0.15	na	0.140689
10.0%	-0.700158	1.64977	-0.593466	-0.566615	-0.16157	-0.241705	-12.2421	0.26087	0.375	0.401726	na	0.2	0.536842	0.124425	16	0	0	4.50991	4	7.33158	-0.289805	-2.61337	0.25	0.3	0	0	6.63158	0.75206	0.175	na	0.190082
25.0%	0.210898	3.60262	0.476409	0.531103	0.739773	0.742346	-7.46316	0.357143	0.473684	0.496183	na	0.25	0.663158	0.15093	22	0	0	6.20113	7.15789	10.5421	0.0854049	-1.49307	0.35	0.4	0	1	9.52632	1.27648	0.21	na	0.293097
50.0%	1.0955	5.71947	1.15856	1.28358	1.34313	1.51595	-3.32632	0.488372	0.589744	0.609395	na	0.3	0.768421	0.177702	29	0	0	8.17422	10.5526	14.6263	0.435203	-0.692679	0.4	0.45	1	2	12.8421	1.78926	0.27	na	0.503979
75.0%	1.77162	8.21372	1.4697	1.73932	1.7168	2.02144	-0.473684	0.636364	0.722222	0.718973	na	0.35	0.831579	0.202899	38	0	0	10.711	13.9263	19.5579	0.7013	-0.103774	0.55	0.6	2	5	16.4737	2.28586	0.37	na	0.940497
90.0%	2.30168	11.0372	1.62535	2.00856	1.89888	2.35217	0.789474	0.785714	0.836022	0.839236	na	0.45	0.868421	0.223039	46	0	0	12.966	17	24.4474	0.919842	0.217531	0.65	0.75	3	9	20	2.72795	0.49	na	1.9349
95.0%	2.57675	13.0675	1.67467	2.15804	1.96797	2.50618	1.65263	0.846154	0.904762	0.894247	na	0.5	0.889474	0.232875	51	0	0	14.3754	19.2368	27.0526	1.02308	0.402433	0.75	0.85	4	11	21.7895	3.01805	0.605	na	3.02516
97.5%	2.86358	15.2217	1.69813	2.2613	2.01	2.60722	2.56842	0.91886	0.944947	0.9502	na	0.5	0.9	0.24417	54	0	0	15.221	21.1684	29.2789	1.15732	0.531471	0.85	0.9	5	14	23.8947	3.36627	0.73	na	4.39138
99.0%	3.0586	16.4826	1.71693	2.37787	2.04494	2.75651	3.57895	0.981481	1	0.996075	na	0.55	0.915789	0.253365	60	0	0	16.9122	24.3368	31.4842	1.24879	0.675579	0.9	0.95	5	16	25.1579	3.77424	0.815	na	6.61511
99.9%	na	na	na	na	na	na	5.72632	na	na	na	na	0.6	0.936842	na	78	0	0	21.9858	25.9158	46.7316	na	na	1	1	7	21	32.2105	na	1	na	na

variance

	TD	Fs	FD*	FF*	FD	FF	H	B	Q	ZA	Fst	Kw	Hw	R2	S	pi_w	pi_b	thetaWatt	thetaTaj	thetaFW	D/Dmin	Hnorm	maxhap	maxhap1	Rm	ThetaFL	ThetaL	ZengE
 0.1%	na	na	na	na	na	na	na	na	na	na	na	na	na	na	na	na	na	na	na	na	na	na	na	na	na	na	na	na	na	na	na
 1.0%	na	na	na	na	na	na	na	na	na	na	na	na	na	na	na	na	na	na	na	na	na	na	na	na	na	na	na	na	na	na	na
 2.5%	na	na	na	na	na	na	na	na	na	na	na	na	na	na	na	na	na	na	na	na	na	na	na	na	na	na	na	na	na	na	na
 5.0%	na	na	na	na	na	na	na	na	na	na	na	na	na	na	na	na	na	na	na	na	na	na	na	na	na	na	na	na	na	na	na
10.0%	na	na	na	na	na	na	na	na	na	na	na	na	na	na	na	na	na	na	na	na	na	na	na	na	na	na	na	na	na	na	na
25.0%	na	na	na	na	na	na	na	na	na	na	na	na	na	na	na	na	na	na	na	na	na	na	na	na	na	na	na	na	na	na	na
50.0%	na	na	na	na	na	na	na	na	na	na	na	na	na	na	na	na	na	na	na	na	na	na	na	na	na	na	na	na	na	na	na
75.0%	na	na	na	na	na	na	na	na	na	na	na	na	na	na	na	na	na	na	na	na	na	na	na	na	na	na	na	na	na	na	na
90.0%	na	na	na	na	na	na	na	na	na	na	na	na	na	na	na	na	na	na	na	na	na	na	na	na	na	na	na	na	na	na	na
95.0%	na	na	na	na	na	na	na	na	na	na	na	na	na	na	na	na	na	na	na	na	na	na	na	na	na	na	na	na	na	na	na
97.5%	na	na	na	na	na	na	na	na	na	na	na	na	na	na	na	na	na	na	na	na	na	na	na	na	na	na	na	na	na	na	na
99.0%	na	na	na	na	na	na	na	na	na	na	na	na	na	na	na	na	na	na	na	na	na	na	na	na	na	na	na	na	na	na	na
99.9%	na	na	na	na	na	na	na	na	na	na	na	na	na	na	na	na	na	na	na	na	na	na	na	na	na	na	na	na	na	na	na