

Number of valid iterations:
	TD	Fs	FD*	FF*	FD	FF	H	B	Q	ZA	Fst	Kw	Hw	R2	S	pi_w	pi_b	thetaWatt	thetaTaj	thetaFW	D/Dmin	Hnorm	maxhap	maxhap1	Rm	ThetaFL	ThetaL	ZengE
locus_0	962	962	962	962	962	962	1000	887	887	887	0	1000	1000	962	1000	1000	1000	1000	1000	1000	962	962	1000	1000	1000	1000	1000	962	1000	0	962
average	962	962	962	962	962	962	1000	887	887	887	0	1000	1000	962	1000	1000	1000	1000	1000	1000	962	962	1000	1000	1000	1000	1000	962	1000	0	962
variance	0	0	0	0	0	0	0	0	0	0	0	0	0	0	0	0	0	0	0	0	0	0	0	0	0	0	0	0	0	0	0

PERCENTILES:

locus_0

	TD	Fs	FD*	FF*	FD	FF	H	B	Q	ZA	Fst	Kw	Hw	R2	S	pi_w	pi_b	thetaWatt	thetaTaj	thetaFW	D/Dmin	Hnorm	maxhap	maxhap1	Rm	ThetaFL	ThetaL	ZengE
 0.1%	na	na	na	na	na	na	-6.6023	na	na	na	na	0.0333333	0	na	0	0	0	0	0	0	na	na	0.3	0.366667	0	0	0.0344828	na	0.175556	na	na
 1.0%	-2.00763	-5.9277	-3.23675	-3.34142	-3.45554	-3.51511	-2.74943	0	0	0.00118906	na	0.0333333	0	0.0609395	0	0	0	0	0	0	-1	-2.66831	0.333333	0.433333	0	0	0.0344828	-1.74059	0.22	na	0.425167
 2.5%	-1.88948	-4.93312	-2.99378	-3.10061	-3.1839	-3.27025	-1.67356	0	0	0.00118906	na	0.0333333	0	0.0643678	0	0	0	0	0	0	-1	-1.80705	0.366667	0.466667	0	0	0.0344828	-1.67433	0.246667	na	0.539074
 5.0%	-1.81855	-4.41067	-2.68759	-2.79394	-2.82614	-2.93873	-1.23218	0	0	0.00118906	na	0.0666667	0.0666667	0.0663765	1	0	0	0.25242	0.0666667	0.00229885	-1	-1.30004	0.4	0.533333	0	0	0.0689655	-1.6016	0.277778	na	0.637842
10.0%	-1.73178	-3.74715	-2.36062	-2.57755	-2.54685	-2.72254	-0.56092	0	0	0.00118906	na	0.0666667	0.131034	0.071342	1	0	0	0.25242	0.133333	0.0045977	-1	-0.602087	0.433333	0.633333	0	0	0.0689655	-1.47939	0.317778	na	0.78027
25.0%	-1.50738	-2.60346	-1.98083	-1.98289	-2.11916	-2.11103	0.0643678	0	0	0.00247215	na	0.1	0.250575	0.0849837	2	0	0	0.50484	0.262069	0.0137931	-0.839114	0.159688	0.533333	0.766667	0	1	0.172414	-1.22752	0.413333	na	1.10548
50.0%	-1.00309	-1.62697	-0.967878	-1.05932	-1.05443	-1.14412	0.248276	0	0	0.0157066	na	0.133333	0.452874	0.100199	3	0	0	0.75726	0.537931	0.114943	-0.525593	0.332828	0.733333	0.9	0	2	0.413793	-0.865648	0.562222	na	1.77551
75.0%	-0.283311	-0.594449	-0.262655	-0.393021	-0.305884	-0.424031	0.441379	0	0	0.095803	na	0.2	0.606897	0.124722	5	0	0	1.2621	0.894253	0.749425	-0.155865	0.487407	0.866667	0.966667	0	3	0.896552	-0.258359	0.757778	na	3.15234
90.0%	0.361434	0.342984	0.59448	0.530872	0.581076	0.534626	0.643678	0.2	0.333333	0.307387	na	0.233333	0.705747	0.167342	6	0	0	1.51452	1.28276	1.5908	0.206644	0.627258	0.933333	1	0	4	1.44828	0.509485	0.873333	na	7.5
95.0%	0.925817	1.04888	0.80615	0.851976	0.805061	0.843143	0.744828	0.333333	0.5	0.419547	na	0.266667	0.747126	0.179505	7	0	0	1.76694	1.57471	1.95172	0.514665	0.6874	0.966667	1	1	4	1.75862	0.974942	0.935556	na	7.76786
97.5%	1.2709	1.58408	0.949814	1.01403	0.954244	1.0037	0.845977	0.5	0.666667	0.534483	na	0.266667	0.777011	0.202299	8	0	0	2.01936	1.87126	2.9977	0.819248	0.741352	1	1	1	5	2.13793	1.403	1	na	15
99.0%	1.63544	1.86525	1.05802	1.26237	1.07504	1.27283	0.947126	0.5	0.733333	0.839286	na	0.3	0.804598	0.248276	9	0	0	2.27178	2.25747	3.63678	1.31428	0.792913	1	1	1	6	2.86207	1.85456	1	na	15
99.9%	na	na	na	na	na	na	1.36092	na	na	na	na	0.333333	0.834483	na	12	0	0	3.02904	3.16322	5.44138	na	na	1	1	1	7	3.55172	na	1	na	na

average

	TD	Fs	FD*	FF*	FD	FF	H	B	Q	ZA	Fst	Kw	Hw	R2	S	pi_w	pi_b	thetaWatt	thetaTaj	thetaFW	D/Dmin	Hnorm	maxhap	maxhap1	Rm	ThetaFL	ThetaL	ZengE
 0.1%	na	na	na	na	na	na	-6.6023	na	na	na	na	0.0333333	0	na	0	0	0	0	0	0	na	na	0.3	0.366667	0	0	0.0344828	na	0.175556	na	na
 1.0%	-2.00763	-5.9277	-3.23675	-3.34142	-3.45554	-3.51511	-2.74943	0	0	0.00118906	na	0.0333333	0	0.0609395	0	0	0	0	0	0	-1	-2.66831	0.333333	0.433333	0	0	0.0344828	-1.74059	0.22	na	0.425167
 2.5%	-1.88948	-4.93312	-2.99378	-3.10061	-3.1839	-3.27025	-1.67356	0	0	0.00118906	na	0.0333333	0	0.0643678	0	0	0	0	0	0	-1	-1.80705	0.366667	0.466667	0	0	0.0344828	-1.67433	0.246667	na	0.539074
 5.0%	-1.81855	-4.41067	-2.68759	-2.79394	-2.82614	-2.93873	-1.23218	0	0	0.00118906	na	0.0666667	0.0666667	0.0663765	1	0	0	0.25242	0.0666667	0.00229885	-1	-1.30004	0.4	0.533333	0	0	0.0689655	-1.6016	0.277778	na	0.637842
10.0%	-1.73178	-3.74715	-2.36062	-2.57755	-2.54685	-2.72254	-0.56092	0	0	0.00118906	na	0.0666667	0.131034	0.071342	1	0	0	0.25242	0.133333	0.0045977	-1	-0.602087	0.433333	0.633333	0	0	0.0689655	-1.47939	0.317778	na	0.78027
25.0%	-1.50738	-2.60346	-1.98083	-1.98289	-2.11916	-2.11103	0.0643678	0	0	0.00247215	na	0.1	0.250575	0.0849837	2	0	0	0.50484	0.262069	0.0137931	-0.839114	0.159688	0.533333	0.766667	0	1	0.172414	-1.22752	0.413333	na	1.10548
50.0%	-1.00309	-1.62697	-0.967878	-1.05932	-1.05443	-1.14412	0.248276	0	0	0.0157066	na	0.133333	0.452874	0.100199	3	0	0	0.75726	0.537931	0.114943	-0.525593	0.332828	0.733333	0.9	0	2	0.413793	-0.865648	0.562222	na	1.77551
75.0%	-0.283311	-0.594449	-0.262655	-0.393021	-0.305884	-0.424031	0.441379	0	0	0.095803	na	0.2	0.606897	0.124722	5	0	0	1.2621	0.894253	0.749425	-0.155865	0.487407	0.866667	0.966667	0	3	0.896552	-0.258359	0.757778	na	3.15234
90.0%	0.361434	0.342984	0.59448	0.530872	0.581076	0.534626	0.643678	0.2	0.333333	0.307387	na	0.233333	0.705747	0.167342	6	0	0	1.51452	1.28276	1.5908	0.206644	0.627258	0.933333	1	0	4	1.44828	0.509485	0.873333	na	7.5
95.0%	0.925817	1.04888	0.80615	0.851976	0.805061	0.843143	0.744828	0.333333	0.5	0.419547	na	0.266667	0.747126	0.179505	7	0	0	1.76694	1.57471	1.95172	0.514665	0.6874	0.966667	1	1	4	1.75862	0.974942	0.935556	na	7.76786
97.5%	1.2709	1.58408	0.949814	1.01403	0.954244	1.0037	0.845977	0.5	0.666667	0.534483	na	0.266667	0.777011	0.202299	8	0	0	2.01936	1.87126	2.9977	0.819248	0.741352	1	1	1	5	2.13793	1.403	1	na	15
99.0%	1.63544	1.86525	1.05802	1.26237	1.07504	1.27283	0.947126	0.5	0.733333	0.839286	na	0.3	0.804598	0.248276	9	0	0	2.27178	2.25747	3.63678	1.31428	0.792913	1	1	1	6	2.86207	1.85456	1	na	15
99.9%	na	na	na	na	na	na	1.36092	na	na	na	na	0.333333	0.834483	na	12	0	0	3.02904	3.16322	5.44138	na	na	1	1	1	7	3.55172	na	1	na	na

variance

	TD	Fs	FD*	FF*	FD	FF	H	B	Q	ZA	Fst	Kw	Hw	R2	S	pi_w	pi_b	thetaWatt	thetaTaj	thetaFW	D/Dmin	Hnorm	maxhap	maxhap1	Rm	ThetaFL	ThetaL	ZengE
 0.1%	na	na	na	na	na	na	na	na	na	na	na	na	na	na	na	na	na	na	na	na	na	na	na	na	na	na	na	na	na	na	na
 1.0%	na	na	na	na	na	na	na	na	na	na	na	na	na	na	na	na	na	na	na	na	na	na	na	na	na	na	na	na	na	na	na
 2.5%	na	na	na	na	na	na	na	na	na	na	na	na	na	na	na	na	na	na	na	na	na	na	na	na	na	na	na	na	na	na	na
 5.0%	na	na	na	na	na	na	na	na	na	na	na	na	na	na	na	na	na	na	na	na	na	na	na	na	na	na	na	na	na	na	na
10.0%	na	na	na	na	na	na	na	na	na	na	na	na	na	na	na	na	na	na	na	na	na	na	na	na	na	na	na	na	na	na	na
25.0%	na	na	na	na	na	na	na	na	na	na	na	na	na	na	na	na	na	na	na	na	na	na	na	na	na	na	na	na	na	na	na
50.0%	na	na	na	na	na	na	na	na	na	na	na	na	na	na	na	na	na	na	na	na	na	na	na	na	na	na	na	na	na	na	na
75.0%	na	na	na	na	na	na	na	na	na	na	na	na	na	na	na	na	na	na	na	na	na	na	na	na	na	na	na	na	na	na	na
90.0%	na	na	na	na	na	na	na	na	na	na	na	na	na	na	na	na	na	na	na	na	na	na	na	na	na	na	na	na	na	na	na
95.0%	na	na	na	na	na	na	na	na	na	na	na	na	na	na	na	na	na	na	na	na	na	na	na	na	na	na	na	na	na	na	na
97.5%	na	na	na	na	na	na	na	na	na	na	na	na	na	na	na	na	na	na	na	na	na	na	na	na	na	na	na	na	na	na	na
99.0%	na	na	na	na	na	na	na	na	na	na	na	na	na	na	na	na	na	na	na	na	na	na	na	na	na	na	na	na	na	na	na
99.9%	na	na	na	na	na	na	na	na	na	na	na	na	na	na	na	na	na	na	na	na	na	na	na	na	na	na	na	na	na	na	na