

Number of valid iterations:
	TD	Fs	FD*	FF*	FD	FF	H	B	Q	ZA	Fst	Kw	Hw	R2	S	pi_w	pi_b	thetaWatt	thetaTaj	thetaFW	D/Dmin	Hnorm	maxhap	maxhap1	Rm	ThetaFL	ThetaL	ZengE
locus_0	648	648	648	648	648	648	1000	560	560	560	0	1000	1000	648	1000	1000	1000	1000	1000	1000	648	648	1000	1000	1000	1000	1000	648	1000	0	648
average	648	648	648	648	648	648	1000	560	560	560	0	1000	1000	648	1000	1000	1000	1000	1000	1000	648	648	1000	1000	1000	1000	1000	648	1000	0	648
variance	0	0	0	0	0	0	0	0	0	0	0	0	0	0	0	0	0	0	0	0	0	0	0	0	0	0	0	0	0	0	0

PERCENTILES:

locus_0

	TD	Fs	FD*	FF*	FD	FF	H	B	Q	ZA	Fst	Kw	Hw	R2	S	pi_w	pi_b	thetaWatt	thetaTaj	thetaFW	D/Dmin	Hnorm	maxhap	maxhap1	Rm	ThetaFL	ThetaL	ZengE
 0.1%	na	na	na	na	na	na	-23.108	na	na	na	na	0.0333333	0	na	0	0	0	0	0	0	na	na	0.533333	0.533333	0	0	0	na	0.395556	na	na
 1.0%	-2.49921	-2.26555	-4.42309	-4.4802	-3.45554	-3.63409	-14.6115	0	0	0.00118906	na	0.0333333	0	0.0607166	0	0	0	0	0	0	-1	-7.49402	0.633333	0.666667	0	0	0.0344828	-1.52374	0.502222	na	0.830888
 2.5%	-2.40122	-1.64778	-4.15828	-4.23174	-3.18444	-3.36369	-12.6805	0	0	0.0650657	na	0.0333333	0	0.0643678	0	0	0	0	0	0	-1	-7.14787	0.766667	0.8	0	0	0.0344828	-1.25607	0.628889	na	1.1008
 5.0%	-2.34058	-1.21145	-3.97758	-4.06023	-2.79451	-3.04809	-10.4368	0	0	0.286564	na	0.0333333	0	0.0643678	0	0	0	0	0	0	-1	-6.58982	0.833333	0.866667	0	0	0.0344828	-0.94542	0.704444	na	1.43571
10.0%	-2.28687	-1.21145	-3.74588	-3.83805	-2.37605	-2.79286	-8.67126	0.25	0.333333	0.435185	na	0.0333333	0	0.0736563	0	0	0	0	0	0	-1	-5.91885	0.9	0.9	0	0	0.0344828	-0.842932	0.813333	na	1.95738
25.0%	-2.09995	-0.395629	-3.35292	-3.53709	-1.72095	-2.04675	-5.34253	0.5	0.625	0.63739	na	0.0333333	0	0.0990985	0	0	0	0	0	0	-1	-4.72219	0.933333	0.933333	0	0	1.06897	0.165683	0.873333	na	4.06542
50.0%	-1.73178	0.85182	-2.28108	-2.38176	-0.875472	-1.48405	-1.48046	1	1	1	na	0.0666667	0.0666667	0.179505	3	0	0	0.75726	0.2	1.93333	-1	-3.3087	0.966667	0.966667	0	1	2.93103	1.69641	0.935556	na	12
75.0%	-1.147	1.77186	-0.87537	-1.27563	0.24381	-0.213855	0	1	1	1	na	0.1	0.131034	0.179505	7	0	0	1.76694	0.6	5.8069	-0.740107	-1.46908	1	1	0	3	4.13793	2.78003	1	na	15
90.0%	-0.767117	2.84788	0.80615	0.44351	0.954244	0.469891	0.0643678	1	1	1	na	0.1	0.193103	0.179505	10	0	0	2.5242	1.11724	9.42759	-0.400736	0.159688	1	1	0	5	6.10345	3.76927	1	na	15
95.0%	-0.290623	3.64009	1.14389	0.667996	1.22128	0.71801	0.0643678	1	1	1	na	0.133333	0.305747	0.179505	13	0	0	3.28146	1.72184	11.6023	-0.137404	0.213465	1	1	0	6	7.2069	4.13292	1	na	15
97.5%	0.630791	5.23607	1.2986	0.900126	1.39229	0.970748	0.193103	1	1	1	na	0.133333	0.383908	0.179505	15	0	0	3.7863	2.1908	13.5425	0.324902	0.296564	1	1	0	8	8.17241	4.58021	1	na	15
99.0%	1.08074	7.32975	1.43948	1.39887	1.54197	1.45547	0.312644	1	1	1	na	0.166667	0.512644	0.186015	17	0	0	4.29114	3.01609	16.5149	0.643923	0.559612	1	1	1	9	10.2069	5.06019	1	na	15
99.9%	na	na	na	na	na	na	0.662069	na	na	na	na	0.2	0.590805	na	22	0	0	5.55324	4.41609	19.3494	na	na	1	1	1	12	10.4483	na	1	na	na

average

	TD	Fs	FD*	FF*	FD	FF	H	B	Q	ZA	Fst	Kw	Hw	R2	S	pi_w	pi_b	thetaWatt	thetaTaj	thetaFW	D/Dmin	Hnorm	maxhap	maxhap1	Rm	ThetaFL	ThetaL	ZengE
 0.1%	na	na	na	na	na	na	-23.108	na	na	na	na	0.0333333	0	na	0	0	0	0	0	0	na	na	0.533333	0.533333	0	0	0	na	0.395556	na	na
 1.0%	-2.49921	-2.26555	-4.42309	-4.4802	-3.45554	-3.63409	-14.6115	0	0	0.00118906	na	0.0333333	0	0.0607166	0	0	0	0	0	0	-1	-7.49402	0.633333	0.666667	0	0	0.0344828	-1.52374	0.502222	na	0.830888
 2.5%	-2.40122	-1.64778	-4.15828	-4.23174	-3.18444	-3.36369	-12.6805	0	0	0.0650657	na	0.0333333	0	0.0643678	0	0	0	0	0	0	-1	-7.14787	0.766667	0.8	0	0	0.0344828	-1.25607	0.628889	na	1.1008
 5.0%	-2.34058	-1.21145	-3.97758	-4.06023	-2.79451	-3.04809	-10.4368	0	0	0.286564	na	0.0333333	0	0.0643678	0	0	0	0	0	0	-1	-6.58982	0.833333	0.866667	0	0	0.0344828	-0.94542	0.704444	na	1.43571
10.0%	-2.28687	-1.21145	-3.74588	-3.83805	-2.37605	-2.79286	-8.67126	0.25	0.333333	0.435185	na	0.0333333	0	0.0736563	0	0	0	0	0	0	-1	-5.91885	0.9	0.9	0	0	0.0344828	-0.842932	0.813333	na	1.95738
25.0%	-2.09995	-0.395629	-3.35292	-3.53709	-1.72095	-2.04675	-5.34253	0.5	0.625	0.63739	na	0.0333333	0	0.0990985	0	0	0	0	0	0	-1	-4.72219	0.933333	0.933333	0	0	1.06897	0.165683	0.873333	na	4.06542
50.0%	-1.73178	0.85182	-2.28108	-2.38176	-0.875472	-1.48405	-1.48046	1	1	1	na	0.0666667	0.0666667	0.179505	3	0	0	0.75726	0.2	1.93333	-1	-3.3087	0.966667	0.966667	0	1	2.93103	1.69641	0.935556	na	12
75.0%	-1.147	1.77186	-0.87537	-1.27563	0.24381	-0.213855	0	1	1	1	na	0.1	0.131034	0.179505	7	0	0	1.76694	0.6	5.8069	-0.740107	-1.46908	1	1	0	3	4.13793	2.78003	1	na	15
90.0%	-0.767117	2.84788	0.80615	0.44351	0.954244	0.469891	0.0643678	1	1	1	na	0.1	0.193103	0.179505	10	0	0	2.5242	1.11724	9.42759	-0.400736	0.159688	1	1	0	5	6.10345	3.76927	1	na	15
95.0%	-0.290623	3.64009	1.14389	0.667996	1.22128	0.71801	0.0643678	1	1	1	na	0.133333	0.305747	0.179505	13	0	0	3.28146	1.72184	11.6023	-0.137404	0.213465	1	1	0	6	7.2069	4.13292	1	na	15
97.5%	0.630791	5.23607	1.2986	0.900126	1.39229	0.970748	0.193103	1	1	1	na	0.133333	0.383908	0.179505	15	0	0	3.7863	2.1908	13.5425	0.324902	0.296564	1	1	0	8	8.17241	4.58021	1	na	15
99.0%	1.08074	7.32975	1.43948	1.39887	1.54197	1.45547	0.312644	1	1	1	na	0.166667	0.512644	0.186015	17	0	0	4.29114	3.01609	16.5149	0.643923	0.559612	1	1	1	9	10.2069	5.06019	1	na	15
99.9%	na	na	na	na	na	na	0.662069	na	na	na	na	0.2	0.590805	na	22	0	0	5.55324	4.41609	19.3494	na	na	1	1	1	12	10.4483	na	1	na	na

variance

	TD	Fs	FD*	FF*	FD	FF	H	B	Q	ZA	Fst	Kw	Hw	R2	S	pi_w	pi_b	thetaWatt	thetaTaj	thetaFW	D/Dmin	Hnorm	maxhap	maxhap1	Rm	ThetaFL	ThetaL	ZengE
 0.1%	na	na	na	na	na	na	na	na	na	na	na	na	na	na	na	na	na	na	na	na	na	na	na	na	na	na	na	na	na	na	na
 1.0%	na	na	na	na	na	na	na	na	na	na	na	na	na	na	na	na	na	na	na	na	na	na	na	na	na	na	na	na	na	na	na
 2.5%	na	na	na	na	na	na	na	na	na	na	na	na	na	na	na	na	na	na	na	na	na	na	na	na	na	na	na	na	na	na	na
 5.0%	na	na	na	na	na	na	na	na	na	na	na	na	na	na	na	na	na	na	na	na	na	na	na	na	na	na	na	na	na	na	na
10.0%	na	na	na	na	na	na	na	na	na	na	na	na	na	na	na	na	na	na	na	na	na	na	na	na	na	na	na	na	na	na	na
25.0%	na	na	na	na	na	na	na	na	na	na	na	na	na	na	na	na	na	na	na	na	na	na	na	na	na	na	na	na	na	na	na
50.0%	na	na	na	na	na	na	na	na	na	na	na	na	na	na	na	na	na	na	na	na	na	na	na	na	na	na	na	na	na	na	na
75.0%	na	na	na	na	na	na	na	na	na	na	na	na	na	na	na	na	na	na	na	na	na	na	na	na	na	na	na	na	na	na	na
90.0%	na	na	na	na	na	na	na	na	na	na	na	na	na	na	na	na	na	na	na	na	na	na	na	na	na	na	na	na	na	na	na
95.0%	na	na	na	na	na	na	na	na	na	na	na	na	na	na	na	na	na	na	na	na	na	na	na	na	na	na	na	na	na	na	na
97.5%	na	na	na	na	na	na	na	na	na	na	na	na	na	na	na	na	na	na	na	na	na	na	na	na	na	na	na	na	na	na	na
99.0%	na	na	na	na	na	na	na	na	na	na	na	na	na	na	na	na	na	na	na	na	na	na	na	na	na	na	na	na	na	na	na
99.9%	na	na	na	na	na	na	na	na	na	na	na	na	na	na	na	na	na	na	na	na	na	na	na	na	na	na	na	na	na	na	na