

Number of valid iterations:
	TD	Fs	FD*	FF*	FD	FF	H	B	Q	ZA	Fst	Kw	Hw	R2	S	pi_w	pi_b	thetaWatt	thetaTaj	thetaFW	D/Dmin	Hnorm	maxhap	maxhap1	Rm	ThetaFL	ThetaL	ZengE
locus_0	1000	1000	1000	1000	1000	1000	1000	1000	1000	1000	0	1000	1000	1000	1000	1000	1000	1000	1000	1000	1000	1000	1000	1000	1000	1000	1000	1000	1000	0	1000
average	1000	1000	1000	1000	1000	1000	1000	1000	1000	1000	0	1000	1000	1000	1000	1000	1000	1000	1000	1000	1000	1000	1000	1000	1000	1000	1000	1000	1000	0	1000
variance	0	0	0	0	0	0	0	0	0	0	0	0	0	0	0	0	0	0	0	0	0	0	0	0	0	0	0	0	0	0	0

PERCENTILES:

locus_0

	TD	Fs	FD*	FF*	FD	FF	H	B	Q	ZA	Fst	Kw	Hw	R2	S	pi_w	pi_b	thetaWatt	thetaTaj	thetaFW	D/Dmin	Hnorm	maxhap	maxhap1	Rm	ThetaFL	ThetaL	ZengE
 0.1%	-2.02839	-11.8318	-3.14014	-3.17586	-3.11913	-3.17871	-12.8828	0	0	0.00461656	na	0.166667	0.411494	0.0566702	6	0	0	1.51452	0.901149	0.0643678	-0.805627	-4.43648	0.0666667	0.133333	0	0	0.482759	-1.97288	0.0511111	na	0.0762088
 1.0%	-1.62698	-9.2464	-2.33757	-2.35239	-2.31823	-2.4495	-7.81609	0	0	0.0169088	na	0.233333	0.675862	0.0660929	8	0	0	2.01936	1.46207	0.301149	-0.648917	-2.30733	0.1	0.133333	0	0	1	-1.61537	0.0644444	na	0.0966237
 2.5%	-1.36234	-8.17006	-1.80411	-1.84217	-1.90765	-1.98246	-6.08736	0	0	0.0284007	na	0.266667	0.721839	0.0712941	9	0	0	2.27178	1.72184	0.641379	-0.55942	-1.86871	0.133333	0.166667	0	1	1.34483	-1.46916	0.0711111	na	0.109876
 5.0%	-1.25815	-6.90991	-1.53434	-1.58446	-1.55198	-1.66133	-4.47816	0	0	0.0462789	na	0.3	0.767816	0.0763776	11	0	0	2.77662	2.0069	0.921839	-0.503842	-1.44962	0.133333	0.166667	0	1	1.72414	-1.29607	0.0755556	na	0.11908
10.0%	-1.02668	-5.79398	-1.14861	-1.2141	-1.22329	-1.30641	-2.97931	0	0	0.0729225	na	0.333333	0.816092	0.0844354	12	0	0	3.02904	2.5931	1.6	-0.412442	-0.911711	0.133333	0.2	1	2	2.31034	-1.08704	0.0822222	na	0.135853
25.0%	-0.577695	-3.99018	-0.556127	-0.573404	-0.676125	-0.652812	-0.947126	0.05	0.0952381	0.131273	na	0.366667	0.871264	0.0996234	15	0	0	3.7863	3.48736	2.82069	-0.230546	-0.319585	0.166667	0.233333	1	3	3.37931	-0.612462	0.0977778	na	0.170254
50.0%	-0.0182063	-2.26444	0.0203593	0.0106732	0.0164126	0.0139401	0.524138	0.105263	0.181818	0.200812	na	0.433333	0.908046	0.119045	19	0	0	4.79598	4.78161	4.47586	-0.00718301	0.169444	0.233333	0.3	2	5	4.72414	-0.0738191	0.122222	na	0.227749
75.0%	0.501294	-0.803873	0.556522	0.611522	0.59891	0.651084	1.57241	0.173913	0.285714	0.274794	na	0.5	0.933333	0.138677	23	0	0	5.80566	6.14943	6.61839	0.193176	0.528428	0.3	0.366667	3	6	6.24138	0.493511	0.157778	na	0.323902
90.0%	0.90428	0.245193	0.912001	1.00201	0.994466	1.0765	2.38161	0.25	0.384615	0.35599	na	0.566667	0.949425	0.154654	28	0	0	7.06776	7.65057	8.7908	0.358395	0.772226	0.366667	0.5	4	8	8	0.951346	0.208889	na	0.464
95.0%	1.18337	0.911209	1.11142	1.17954	1.23891	1.29725	2.83218	0.294118	0.434783	0.401275	na	0.6	0.956322	0.165436	30	0	0	7.5726	8.73103	10.7126	0.461724	0.863287	0.433333	0.566667	4	10	9.03448	1.32305	0.257778	na	0.586253
97.5%	1.43146	1.4	1.25846	1.36689	1.37492	1.49648	3.32874	0.333333	0.470588	0.429018	na	0.633333	0.96092	0.173724	32	0	0	8.07743	9.6023	11.9701	0.549585	0.926898	0.5	0.6	5	11	9.86207	1.71348	0.295556	na	0.709625
99.0%	1.64431	1.80056	1.40961	1.60485	1.54243	1.7451	3.81609	0.409091	0.526316	0.503902	na	0.666667	0.965517	0.18488	34	0	0	8.58227	10.3977	13.5701	0.652862	1.00641	0.533333	0.7	5	12	10.7241	2.04314	0.346667	na	1.06487
99.9%	2.02943	3.57358	1.59856	2.02938	1.81507	2.20745	4.65287	0.5	0.619048	0.579292	na	0.733333	0.97931	0.196912	37	0	0	9.33953	12.0391	17.1402	0.788308	1.1035	0.666667	0.8	7	14	14.2069	3.12023	0.466667	na	2.64921

average

	TD	Fs	FD*	FF*	FD	FF	H	B	Q	ZA	Fst	Kw	Hw	R2	S	pi_w	pi_b	thetaWatt	thetaTaj	thetaFW	D/Dmin	Hnorm	maxhap	maxhap1	Rm	ThetaFL	ThetaL	ZengE
 0.1%	-2.02839	-11.8318	-3.14014	-3.17586	-3.11913	-3.17871	-12.8828	0	0	0.00461656	na	0.166667	0.411494	0.0566702	6	0	0	1.51452	0.901149	0.0643678	-0.805627	-4.43648	0.0666667	0.133333	0	0	0.482759	-1.97288	0.0511111	na	0.0762088
 1.0%	-1.62698	-9.2464	-2.33757	-2.35239	-2.31823	-2.4495	-7.81609	0	0	0.0169088	na	0.233333	0.675862	0.0660929	8	0	0	2.01936	1.46207	0.301149	-0.648917	-2.30733	0.1	0.133333	0	0	1	-1.61537	0.0644444	na	0.0966237
 2.5%	-1.36234	-8.17006	-1.80411	-1.84217	-1.90765	-1.98246	-6.08736	0	0	0.0284007	na	0.266667	0.721839	0.0712941	9	0	0	2.27178	1.72184	0.641379	-0.55942	-1.86871	0.133333	0.166667	0	1	1.34483	-1.46916	0.0711111	na	0.109876
 5.0%	-1.25815	-6.90991	-1.53434	-1.58446	-1.55198	-1.66133	-4.47816	0	0	0.0462789	na	0.3	0.767816	0.0763776	11	0	0	2.77662	2.0069	0.921839	-0.503842	-1.44962	0.133333	0.166667	0	1	1.72414	-1.29607	0.0755556	na	0.11908
10.0%	-1.02668	-5.79398	-1.14861	-1.2141	-1.22329	-1.30641	-2.97931	0	0	0.0729225	na	0.333333	0.816092	0.0844354	12	0	0	3.02904	2.5931	1.6	-0.412442	-0.911711	0.133333	0.2	1	2	2.31034	-1.08704	0.0822222	na	0.135853
25.0%	-0.577695	-3.99018	-0.556127	-0.573404	-0.676125	-0.652812	-0.947126	0.05	0.0952381	0.131273	na	0.366667	0.871264	0.0996234	15	0	0	3.7863	3.48736	2.82069	-0.230546	-0.319585	0.166667	0.233333	1	3	3.37931	-0.612462	0.0977778	na	0.170254
50.0%	-0.0182063	-2.26444	0.0203593	0.0106732	0.0164126	0.0139401	0.524138	0.105263	0.181818	0.200812	na	0.433333	0.908046	0.119045	19	0	0	4.79598	4.78161	4.47586	-0.00718301	0.169444	0.233333	0.3	2	5	4.72414	-0.0738191	0.122222	na	0.227749
75.0%	0.501294	-0.803873	0.556522	0.611522	0.59891	0.651084	1.57241	0.173913	0.285714	0.274794	na	0.5	0.933333	0.138677	23	0	0	5.80566	6.14943	6.61839	0.193176	0.528428	0.3	0.366667	3	6	6.24138	0.493511	0.157778	na	0.323902
90.0%	0.90428	0.245193	0.912001	1.00201	0.994466	1.0765	2.38161	0.25	0.384615	0.35599	na	0.566667	0.949425	0.154654	28	0	0	7.06776	7.65057	8.7908	0.358395	0.772226	0.366667	0.5	4	8	8	0.951346	0.208889	na	0.464
95.0%	1.18337	0.911209	1.11142	1.17954	1.23891	1.29725	2.83218	0.294118	0.434783	0.401275	na	0.6	0.956322	0.165436	30	0	0	7.5726	8.73103	10.7126	0.461724	0.863287	0.433333	0.566667	4	10	9.03448	1.32305	0.257778	na	0.586253
97.5%	1.43146	1.4	1.25846	1.36689	1.37492	1.49648	3.32874	0.333333	0.470588	0.429018	na	0.633333	0.96092	0.173724	32	0	0	8.07743	9.6023	11.9701	0.549585	0.926898	0.5	0.6	5	11	9.86207	1.71348	0.295556	na	0.709625
99.0%	1.64431	1.80056	1.40961	1.60485	1.54243	1.7451	3.81609	0.409091	0.526316	0.503902	na	0.666667	0.965517	0.18488	34	0	0	8.58227	10.3977	13.5701	0.652862	1.00641	0.533333	0.7	5	12	10.7241	2.04314	0.346667	na	1.06487
99.9%	2.02943	3.57358	1.59856	2.02938	1.81507	2.20745	4.65287	0.5	0.619048	0.579292	na	0.733333	0.97931	0.196912	37	0	0	9.33953	12.0391	17.1402	0.788308	1.1035	0.666667	0.8	7	14	14.2069	3.12023	0.466667	na	2.64921

variance

	TD	Fs	FD*	FF*	FD	FF	H	B	Q	ZA	Fst	Kw	Hw	R2	S	pi_w	pi_b	thetaWatt	thetaTaj	thetaFW	D/Dmin	Hnorm	maxhap	maxhap1	Rm	ThetaFL	ThetaL	ZengE
 0.1%	na	na	na	na	na	na	na	na	na	na	na	na	na	na	na	na	na	na	na	na	na	na	na	na	na	na	na	na	na	na	na
 1.0%	na	na	na	na	na	na	na	na	na	na	na	na	na	na	na	na	na	na	na	na	na	na	na	na	na	na	na	na	na	na	na
 2.5%	na	na	na	na	na	na	na	na	na	na	na	na	na	na	na	na	na	na	na	na	na	na	na	na	na	na	na	na	na	na	na
 5.0%	na	na	na	na	na	na	na	na	na	na	na	na	na	na	na	na	na	na	na	na	na	na	na	na	na	na	na	na	na	na	na
10.0%	na	na	na	na	na	na	na	na	na	na	na	na	na	na	na	na	na	na	na	na	na	na	na	na	na	na	na	na	na	na	na
25.0%	na	na	na	na	na	na	na	na	na	na	na	na	na	na	na	na	na	na	na	na	na	na	na	na	na	na	na	na	na	na	na
50.0%	na	na	na	na	na	na	na	na	na	na	na	na	na	na	na	na	na	na	na	na	na	na	na	na	na	na	na	na	na	na	na
75.0%	na	na	na	na	na	na	na	na	na	na	na	na	na	na	na	na	na	na	na	na	na	na	na	na	na	na	na	na	na	na	na
90.0%	na	na	na	na	na	na	na	na	na	na	na	na	na	na	na	na	na	na	na	na	na	na	na	na	na	na	na	na	na	na	na
95.0%	na	na	na	na	na	na	na	na	na	na	na	na	na	na	na	na	na	na	na	na	na	na	na	na	na	na	na	na	na	na	na
97.5%	na	na	na	na	na	na	na	na	na	na	na	na	na	na	na	na	na	na	na	na	na	na	na	na	na	na	na	na	na	na	na
99.0%	na	na	na	na	na	na	na	na	na	na	na	na	na	na	na	na	na	na	na	na	na	na	na	na	na	na	na	na	na	na	na
99.9%	na	na	na	na	na	na	na	na	na	na	na	na	na	na	na	na	na	na	na	na	na	na	na	na	na	na	na	na	na	na	na