

Number of valid iterations:
	TD	Fs	FD*	FF*	FD	FF	H	B	Q	ZA	Fst	Kw	Hw	R2	S	pi_w	pi_b	thetaWatt	thetaTaj	thetaFW	D/Dmin	Hnorm	maxhap	maxhap1	Rm	ThetaFL	ThetaL	ZengE
locus_0	1000	1000	1000	1000	1000	1000	1000	1000	1000	1000	0	1000	1000	1000	1000	1000	1000	1000	1000	1000	1000	1000	1000	1000	1000	1000	1000	1000	1000	0	1000
average	1000	1000	1000	1000	1000	1000	1000	1000	1000	1000	0	1000	1000	1000	1000	1000	1000	1000	1000	1000	1000	1000	1000	1000	1000	1000	1000	1000	1000	0	1000
variance	0	0	0	0	0	0	0	0	0	0	0	0	0	0	0	0	0	0	0	0	0	0	0	0	0	0	0	0	0	0	0

PERCENTILES:

locus_0

	TD	Fs	FD*	FF*	FD	FF	H	B	Q	ZA	Fst	Kw	Hw	R2	S	pi_w	pi_b	thetaWatt	thetaTaj	thetaFW	D/Dmin	Hnorm	maxhap	maxhap1	Rm	ThetaFL	ThetaL	ZengE
 0.1%	-2.12196	-15.1979	-3.05734	-3.12651	-3.66696	-3.66075	-14.1333	0	0	0.0280072	na	0.3	0.673563	0.0493459	32	0	0	8.07743	3.35632	0.8	-0.794252	-2.86017	0.1	0.1	0	0	2.62069	-2.13806	0.0511111	na	0.0812628
 1.0%	-1.58674	-10.331	-2.22223	-2.32497	-2.4383	-2.44228	-10.2621	0	0	0.0496629	na	0.366667	0.816092	0.0642582	32	0	0	8.07743	4.54713	1.86897	-0.593918	-2.07674	0.1	0.133333	1	2	3.93103	-1.62464	0.0577778	na	0.0897833
 2.5%	-1.38526	-8.39243	-1.80467	-1.86176	-1.94683	-1.93384	-8.44138	0	0	0.0725842	na	0.4	0.836782	0.0715387	32	0	0	8.07743	4.9954	2.55402	-0.518503	-1.70829	0.1	0.133333	1	2	4.41379	-1.43548	0.0622222	na	0.0936289
 5.0%	-1.18274	-6.98423	-1.38712	-1.48154	-1.45537	-1.56306	-6.41839	0.0322581	0.0625	0.0838095	na	0.4	0.864368	0.0786234	32	0	0	8.07743	5.44598	3.32414	-0.442701	-1.29889	0.1	0.133333	1	3	4.89655	-1.24633	0.0644444	na	0.0983273
10.0%	-0.938894	-5.85041	-0.969567	-1.1197	-1.20964	-1.27309	-4.57931	0.0322581	0.0625	0.103814	na	0.433333	0.891954	0.0862119	32	0	0	8.07743	5.98851	4.26437	-0.351429	-0.926718	0.133333	0.166667	1	4	5.58621	-0.97611	0.0688889	na	0.103621
25.0%	-0.526629	-3.90203	-0.552013	-0.580206	-0.71817	-0.644317	-1.62759	0.0645161	0.125	0.146928	na	0.5	0.91954	0.100912	32	0	0	8.07743	6.90575	5.8092	-0.197118	-0.329376	0.133333	0.2	2	6	6.68966	-0.543758	0.0777778	na	0.114143
50.0%	-0.0616683	-2.10554	0.0743177	0.0209475	0.0190283	0.0053286	0.708046	0.129032	0.1875	0.201771	na	0.533333	0.94023	0.118023	32	0	0	8.07743	7.94023	7.64828	-0.0230825	0.143288	0.166667	0.233333	3	8	7.96552	-0.0438514	0.0911111	na	0.131858
75.0%	0.426023	-0.77572	0.491871	0.516771	0.510494	0.554619	2.28046	0.16129	0.28125	0.264711	na	0.6	0.954023	0.135796	32	0	0	8.07743	9.02529	9.77931	0.159461	0.461498	0.233333	0.266667	3	11	9.10345	0.402012	0.111111	na	0.167308
90.0%	0.811424	0.323824	0.909425	0.917539	1.00196	1.00755	3.52184	0.225806	0.34375	0.325511	na	0.633333	0.963218	0.149523	32	0	0	8.07743	9.88276	11.8989	0.303717	0.712717	0.3	0.333333	4	13	10.4138	0.915429	0.135556	na	0.268519
95.0%	1.0656	1.03356	1.1182	1.12682	1.24769	1.24023	4.13793	0.290323	0.40625	0.372181	na	0.666667	0.967816	0.16032	32	0	0	8.07743	10.4483	13.8184	0.398856	0.837396	0.333333	0.4	5	14	11.069	1.17214	0.162222	na	0.347444
97.5%	1.26295	2.03539	1.32698	1.33392	1.49343	1.48091	4.54253	0.322581	0.4375	0.403946	na	0.7	0.970115	0.165858	32	0	0	8.07743	10.8874	15.4506	0.472724	0.919274	0.366667	0.433333	5	16	11.8621	1.48289	0.188889	na	0.499617
99.0%	1.4882	2.82453	1.32698	1.48569	1.49343	1.65631	4.95632	0.354839	0.46875	0.443015	na	0.7	0.972414	0.174505	32	0	0	8.07743	11.3885	16.869	0.557035	1.00301	0.4	0.466667	6	18	12.5862	1.76662	0.208889	na	0.683318
99.9%	1.85294	4.42751	1.74453	1.9495	1.98489	2.18473	5.63678	0.419355	0.5625	0.515301	na	0.766667	0.97931	0.190625	32	0	0	8.07743	12.2	20.5264	0.693556	1.14072	0.433333	0.533333	7	21	14.6207	2.56377	0.26	na	1.8125

average

	TD	Fs	FD*	FF*	FD	FF	H	B	Q	ZA	Fst	Kw	Hw	R2	S	pi_w	pi_b	thetaWatt	thetaTaj	thetaFW	D/Dmin	Hnorm	maxhap	maxhap1	Rm	ThetaFL	ThetaL	ZengE
 0.1%	-2.12196	-15.1979	-3.05734	-3.12651	-3.66696	-3.66075	-14.1333	0	0	0.0280072	na	0.3	0.673563	0.0493459	32	0	0	8.07743	3.35632	0.8	-0.794252	-2.86017	0.1	0.1	0	0	2.62069	-2.13806	0.0511111	na	0.0812628
 1.0%	-1.58674	-10.331	-2.22223	-2.32497	-2.4383	-2.44228	-10.2621	0	0	0.0496629	na	0.366667	0.816092	0.0642582	32	0	0	8.07743	4.54713	1.86897	-0.593918	-2.07674	0.1	0.133333	1	2	3.93103	-1.62464	0.0577778	na	0.0897833
 2.5%	-1.38526	-8.39243	-1.80467	-1.86176	-1.94683	-1.93384	-8.44138	0	0	0.0725842	na	0.4	0.836782	0.0715387	32	0	0	8.07743	4.9954	2.55402	-0.518503	-1.70829	0.1	0.133333	1	2	4.41379	-1.43548	0.0622222	na	0.0936289
 5.0%	-1.18274	-6.98423	-1.38712	-1.48154	-1.45537	-1.56306	-6.41839	0.0322581	0.0625	0.0838095	na	0.4	0.864368	0.0786234	32	0	0	8.07743	5.44598	3.32414	-0.442701	-1.29889	0.1	0.133333	1	3	4.89655	-1.24633	0.0644444	na	0.0983273
10.0%	-0.938894	-5.85041	-0.969567	-1.1197	-1.20964	-1.27309	-4.57931	0.0322581	0.0625	0.103814	na	0.433333	0.891954	0.0862119	32	0	0	8.07743	5.98851	4.26437	-0.351429	-0.926718	0.133333	0.166667	1	4	5.58621	-0.97611	0.0688889	na	0.103621
25.0%	-0.526629	-3.90203	-0.552013	-0.580206	-0.71817	-0.644317	-1.62759	0.0645161	0.125	0.146928	na	0.5	0.91954	0.100912	32	0	0	8.07743	6.90575	5.8092	-0.197118	-0.329376	0.133333	0.2	2	6	6.68966	-0.543758	0.0777778	na	0.114143
50.0%	-0.0616683	-2.10554	0.0743177	0.0209475	0.0190283	0.0053286	0.708046	0.129032	0.1875	0.201771	na	0.533333	0.94023	0.118023	32	0	0	8.07743	7.94023	7.64828	-0.0230825	0.143288	0.166667	0.233333	3	8	7.96552	-0.0438514	0.0911111	na	0.131858
75.0%	0.426023	-0.77572	0.491871	0.516771	0.510494	0.554619	2.28046	0.16129	0.28125	0.264711	na	0.6	0.954023	0.135796	32	0	0	8.07743	9.02529	9.77931	0.159461	0.461498	0.233333	0.266667	3	11	9.10345	0.402012	0.111111	na	0.167308
90.0%	0.811424	0.323824	0.909425	0.917539	1.00196	1.00755	3.52184	0.225806	0.34375	0.325511	na	0.633333	0.963218	0.149523	32	0	0	8.07743	9.88276	11.8989	0.303717	0.712717	0.3	0.333333	4	13	10.4138	0.915429	0.135556	na	0.268519
95.0%	1.0656	1.03356	1.1182	1.12682	1.24769	1.24023	4.13793	0.290323	0.40625	0.372181	na	0.666667	0.967816	0.16032	32	0	0	8.07743	10.4483	13.8184	0.398856	0.837396	0.333333	0.4	5	14	11.069	1.17214	0.162222	na	0.347444
97.5%	1.26295	2.03539	1.32698	1.33392	1.49343	1.48091	4.54253	0.322581	0.4375	0.403946	na	0.7	0.970115	0.165858	32	0	0	8.07743	10.8874	15.4506	0.472724	0.919274	0.366667	0.433333	5	16	11.8621	1.48289	0.188889	na	0.499617
99.0%	1.4882	2.82453	1.32698	1.48569	1.49343	1.65631	4.95632	0.354839	0.46875	0.443015	na	0.7	0.972414	0.174505	32	0	0	8.07743	11.3885	16.869	0.557035	1.00301	0.4	0.466667	6	18	12.5862	1.76662	0.208889	na	0.683318
99.9%	1.85294	4.42751	1.74453	1.9495	1.98489	2.18473	5.63678	0.419355	0.5625	0.515301	na	0.766667	0.97931	0.190625	32	0	0	8.07743	12.2	20.5264	0.693556	1.14072	0.433333	0.533333	7	21	14.6207	2.56377	0.26	na	1.8125

variance

	TD	Fs	FD*	FF*	FD	FF	H	B	Q	ZA	Fst	Kw	Hw	R2	S	pi_w	pi_b	thetaWatt	thetaTaj	thetaFW	D/Dmin	Hnorm	maxhap	maxhap1	Rm	ThetaFL	ThetaL	ZengE
 0.1%	na	na	na	na	na	na	na	na	na	na	na	na	na	na	na	na	na	na	na	na	na	na	na	na	na	na	na	na	na	na	na
 1.0%	na	na	na	na	na	na	na	na	na	na	na	na	na	na	na	na	na	na	na	na	na	na	na	na	na	na	na	na	na	na	na
 2.5%	na	na	na	na	na	na	na	na	na	na	na	na	na	na	na	na	na	na	na	na	na	na	na	na	na	na	na	na	na	na	na
 5.0%	na	na	na	na	na	na	na	na	na	na	na	na	na	na	na	na	na	na	na	na	na	na	na	na	na	na	na	na	na	na	na
10.0%	na	na	na	na	na	na	na	na	na	na	na	na	na	na	na	na	na	na	na	na	na	na	na	na	na	na	na	na	na	na	na
25.0%	na	na	na	na	na	na	na	na	na	na	na	na	na	na	na	na	na	na	na	na	na	na	na	na	na	na	na	na	na	na	na
50.0%	na	na	na	na	na	na	na	na	na	na	na	na	na	na	na	na	na	na	na	na	na	na	na	na	na	na	na	na	na	na	na
75.0%	na	na	na	na	na	na	na	na	na	na	na	na	na	na	na	na	na	na	na	na	na	na	na	na	na	na	na	na	na	na	na
90.0%	na	na	na	na	na	na	na	na	na	na	na	na	na	na	na	na	na	na	na	na	na	na	na	na	na	na	na	na	na	na	na
95.0%	na	na	na	na	na	na	na	na	na	na	na	na	na	na	na	na	na	na	na	na	na	na	na	na	na	na	na	na	na	na	na
97.5%	na	na	na	na	na	na	na	na	na	na	na	na	na	na	na	na	na	na	na	na	na	na	na	na	na	na	na	na	na	na	na
99.0%	na	na	na	na	na	na	na	na	na	na	na	na	na	na	na	na	na	na	na	na	na	na	na	na	na	na	na	na	na	na	na
99.9%	na	na	na	na	na	na	na	na	na	na	na	na	na	na	na	na	na	na	na	na	na	na	na	na	na	na	na	na	na	na	na