Ttot[0]	
4.37647	
3.29479	
3.85919	
4.59016	
6.79231	
4.02494	
4.08891	
3.42146	
2.68234	
4.37586	
4.43023	
4.30764	
4.48911	
3.16878	
4.03241	
3.19601	
4.29148	
3.8502	
5.63758	
3.5391	
3.47823	
2.81276	
2.22896	
3.49452	
4.53483	
3.16978	
3.47279	
3.53201	
3.61098	
3.38863	
3.96675	
2.98566	
3.61843	
3.44931	
3.35046	
2.32024	
4.86673	
4.28237	
4.72184	
4.1994	
3.52663	
3.61325	
4.26328	
3.63818	
4.83911	
3.76023	
3.31284	
3.77269	
2.97465	
3.16345	
2.55439	
3.87933	
4.29311	
3.14659	
3.64372	
3.31154	
5.53918	
3.90748	
2.94092	
2.80237	
2.55129	
4.75436	
4.02361	
2.89115	
3.14949	
2.81587	
3.86368	
3.57439	
4.15456	
3.40473	
4.0857	
4.77818	
3.40377	
2.7971	
4.04763	
4.38739	
4.76523	
3.09143	
3.69619	
4.68135	
4.38567	
3.92426	
3.99996	
4.454	
5.14901	
3.35537	
3.61129	
4.82091	
4.18534	
5.19253	
4.24971	
3.65701	
3.65109	
3.13498	
4.22021	
3.38788	
2.95227	
2.75394	
4.1191	
5.10031	
4.49699	
3.09473	
3.42264	
3.71846	
3.38923	
2.92394	
3.29623	
3.62362	
5.00755	
2.85131	
4.56947	
3.24993	
4.21873	
4.24624	
5.0051	
4.40386	
3.22364	
3.14809	
5.03858	
3.44384	
4.673	
3.07823	
3.21838	
4.79316	
3.64763	
3.39917	
4.27385	
2.56437	
3.01065	
4.40205	
3.74878	
3.74207	
4.70095	
3.2396	
3.43735	
5.39124	
3.46112	
4.90338	
3.96505	
3.71916	
3.55228	
3.45144	
3.46171	
4.31205	
4.95796	
3.08945	
3.77624	
5.284	
5.63743	
4.51559	
4.07148	
3.08993	
3.22667	
3.33022	
3.08921	
4.43133	
3.10865	
4.54755	
4.63496	
3.81712	
4.80174	
3.45733	
3.95137	
4.66098	
5.24219	
4.45979	
3.53927	
3.85631	
4.34998	
4.34521	
4.54453	
4.58907	
3.33078	
3.88592	
4.01934	
3.39712	
4.74892	
3.71302	
2.74773	
3.16168	
3.25862	
4.94056	
4.06057	
4.57878	
3.13806	
4.49562	
3.53632	
5.06927	
3.57845	
4.64015	
3.62527	
4.73804	
5.01254	
4.51091	
2.91711	
3.97566	
3.67213	
5.4336	
3.66249	
3.83838	
3.44455	
3.73775	
4.22703	
4.57658	
4.04055	
4.15778	
2.38115	
5.00371	
4.13738	
5.72219	
2.71135	
2.77479	
3.15683	
3.91765	
4.36964	
4.01705	
4.39201	
3.95678	
2.81683	
3.57692	
4.49818	
3.66119	
3.15758	
4.85039	
4.32236	
5.27884	
2.98582	
3.09997	
3.55333	
3.97238	
3.52695	
3.74851	
3.55981	
3.35067	
4.24909	
4.16603	
2.44621	
4.41886	
3.81184	
4.04507	
5.30853	
3.38168	
4.23519	
3.33072	
2.46387	
4.91514	
3.73195	
4.18452	
2.84748	
3.92101	
4.16602	
3.59913	
3.59526	
3.85554	
5.42698	
4.48913	
3.92721	
5.0715	
4.78342	
5.05897	
2.94782	
4.75717	
3.40368	
3.24777	
3.72984	
3.71523	
3.23422	
3.53034	
3.87468	
4.31207	
3.191	
3.31252	
5.70984	
4.39051	
4.12101	
3.87666	
4.18577	
4.94064	
3.64761	
3.1872	
3.92538	
2.59621	
3.01453	
5.75242	
3.81601	
4.07329	
3.79165	
3.32427	
3.649	
4.4958	
3.79256	
4.08443	
4.58778	
5.4396	
3.86437	
2.45113	
5.9195	
3.78238	
3.73733	
3.81424	
3.43477	
5.44274	
4.52742	
4.19666	
4.00065	
2.44925	
4.49498	
3.0507	
4.35683	
2.637	
5.05586	
4.03803	
4.53998	
2.93224	
3.52463	
2.99269	
3.66789	
3.33712	
3.33363	
4.28543	
3.92481	
3.74275	
4.72467	
2.32467	
4.43711	
4.46126	
4.47902	
4.68273	
4.05406	
2.53671	
3.54504	
3.13108	
3.63635	
3.94919	
3.26866	
3.53962	
4.45464	
4.1759	
3.86268	
3.71152	
3.84656	
4.1434	
3.17419	
3.07964	
6.12963	
4.45839	
3.67574	
5.51843	
4.42877	
3.19144	
3.61971	
3.73496	
4.64976	
3.81849	
4.75003	
2.68911	
2.35476	
5.0364	
2.64823	
5.30444	
5.4506	
4.19706	
2.87589	
3.49019	
5.80847	
4.30322	
4.3352	
3.87785	
3.82878	
4.94383	
3.89285	
3.01727	
2.95282	
3.66553	
3.86828	
4.63433	
3.86794	
4.76808	
3.60605	
4.16103	
3.24849	
4.46826	
3.67927	
3.47932	
4.83581	
4.8698	
3.68726	
4.34408	
3.6521	
2.66312	
4.30086	
3.15331	
3.28011	
5.02852	
3.23426	
3.95883	
3.88566	
3.82637	
4.45851	
4.39143	
4.06902	
4.254	
6.09669	
5.28872	
2.35769	
3.57822	
2.92083	
3.19386	
4.57284	
3.90216	
3.59139	
4.02916	
3.28436	
3.98499	
3.84737	
4.71121	
4.4401	
4.35088	
5.22288	
4.12426	
2.44875	
4.24311	
4.75694	
4.24209	
3.43595	
3.68883	
3.18091	
4.63722	
2.39146	
5.28786	
3.85584	
3.70517	
4.60394	
4.39868	
3.47492	
4.4668	
3.29334	
4.87352	
4.44117	
3.81234	
3.53612	
4.05263	
3.31439	
4.92545	
4.39519	
5.34335	
3.05392	
4.00359	
2.79967	
4.65494	
2.42007	
4.18572	
5.60459	
4.24111	
4.20979	
3.88833	
2.8848	
3.40644	
4.18744	
3.03504	
3.8241	
4.77793	
5.94142	
3.77105	
5.1201	
4.12015	
3.99385	
3.78213	
4.95223	
3.12735	
4.92432	
5.49769	
3.68515	
4.68094	
3.8517	
5.02911	
3.12657	
3.87701	
4.36718	
3.59815	
3.04922	
3.64703	
3.78557	
3.25838	
4.00286	
3.54937	
4.58937	
4.42609	
4.29909	
3.2573	
3.87886	
3.81247	
4.96954	
3.58638	
4.89296	
4.79232	
4.20131	
5.56549	
4.07142	
3.72286	
3.60966	
3.52732	
3.65957	
2.75705	
4.29446	
3.9141	
4.93298	
4.24647	
4.08862	
3.96414	
4.007	
4.01832	
4.48596	
3.79383	
4.54031	
4.24073	
3.74185	
3.59276	
2.84238	
3.64546	
4.31146	
4.8996	
4.47371	
4.54225	
3.26805	
4.99811	
2.98601	
4.24921	
4.27227	
4.96849	
3.44356	
3.88201	
4.85308	
3.72239	
3.52005	
3.7684	
3.22794	
3.59259	
4.47529	
3.90875	
3.83233	
3.70864	
3.72123	
4.162	
3.51147	
3.85767	
2.77644	
5.69403	
3.62345	
3.28191	
3.31826	
4.09433	
5.31241	
2.98496	
5.84079	
2.76168	
3.11094	
3.69947	
3.89311	
4.33219	
4.79122	
4.79159	
3.97503	
3.64543	
5.02993	
3.28962	
4.74674	
2.90418	
3.64973	
4.45744	
3.46122	
3.29952	
4.15528	
4.50748	
4.76516	
3.53739	
3.95879	
5.30187	
2.82637	
6.15263	
4.20058	
3.70112	
3.69848	
4.28282	
3.33841	
5.28936	
5.4648	
3.98844	
3.63598	
5.79112	
3.18835	
4.06543	
2.96495	
3.99514	
3.39294	
3.85665	
3.65705	
3.36429	
4.00839	
4.19085	
3.84423	
4.52586	
3.75214	
4.5097	
4.2958	
3.65574	
3.39492	
3.92232	
3.66283	
3.61063	
3.96735	
2.88797	
2.87895	
5.01295	
5.43633	
3.25893	
4.06892	
3.96254	
4.53647	
4.93477	
3.11837	
5.21082	
2.91882	
3.91144	
2.75001	
3.53801	
5.01703	
5.28832	
4.00698	
3.45278	
3.62649	
3.26119	
4.34589	
3.76015	
2.37683	
3.12644	
3.30063	
4.46529	
2.93956	
3.70661	
4.55316	
3.92902	
5.00006	
4.5944	
3.3162	
4.04078	
3.71262	
3.08715	
4.38358	
4.92953	
3.13419	
3.59339	
2.44515	
5.53279	
4.54119	
4.16209	
4.16417	
3.11944	
3.89646	
4.12272	
3.64251	
5.242	
3.35338	
4.24503	
4.77369	
4.08308	
4.02161	
4.34278	
3.54718	
3.52315	
3.34105	
4.79158	
4.12729	
3.9199	
4.08757	
4.99048	
3.78813	
3.61534	
3.88141	
4.6915	
5.27463	
4.09074	
4.37161	
3.68314	
5.22395	
5.32587	
4.65257	
3.97775	
6.52972	
4.18506	
3.44393	
3.868	
3.39773	
2.90247	
3.23383	
3.5618	
5.89864	
3.2625	
3.05927	
4.23456	
4.36166	
3.76716	
3.36624	
5.71385	
3.725	
3.27452	
3.82171	
4.38476	
4.78375	
4.24753	
4.05579	
3.20673	
3.42852	
3.57551	
4.13324	
4.28157	
5.43355	
2.76946	
4.61902	
3.83701	
3.5589	
4.09365	
3.28606	
5.10483	
4.61444	
3.50806	
4.57334	
4.51123	
4.61387	
3.00684	
4.2057	
3.47048	
4.27192	
3.53062	
4.20442	
4.41892	
3.20212	
3.08898	
3.4769	
3.27877	
4.43578	
3.73617	
6.03952	
3.33481	
4.53616	
4.83698	
3.84001	
3.12894	
3.00293	
3.29918	
3.61094	
4.56377	
5.14589	
3.46076	
2.66478	
3.39463	
4.01313	
4.60864	
3.86809	
3.45431	
4.67484	
3.61106	
3.33645	
4.36572	
4.25849	
4.07792	
4.08809	
4.54283	
6.6962	
2.82008	
3.30113	
4.31136	
3.13949	
4.06791	
4.70037	
3.21876	
4.32843	
4.34056	
3.57859	
3.86983	
4.22468	
3.28554	
3.64661	
5.16454	
3.58391	
3.65634	
3.33116	
4.64093	
4.4294	
4.00103	
2.94864	
4.10827	
4.17224	
3.59488	
2.93903	
4.63474	
5.48487	
3.74762	
5.22745	
5.15429	
4.21006	
4.16057	
4.86604	
4.50057	
3.38577	
3.69663	
5.14953	
5.83776	
3.77462	
3.34944	
3.46482	
3.84815	
4.51757	
3.62655	
3.88411	
3.27084	
3.69441	
4.81083	
4.77709	
3.83287	
4.56698	
3.51516	
4.17958	
4.62738	
3.73645	
3.95907	
5.8908	
3.89792	
3.51635	
3.03373	
2.78644	
3.71068	
3.81357	
3.77324	
2.9433	
5.24954	
3.89265	
4.10617	
4.64968	
5.14896	
3.66144	
3.00821	
3.64885	
6.06171	
4.22795	
4.26144	
2.52359	
3.80768	
3.74676	
3.70099	
4.01134	
5.07519	
3.02326	
3.01852	
4.21034	
5.95844	
2.82057	
2.60995	
5.54396	
3.59601	
4.65274	
2.57207	
5.42526	
3.96713	
4.1782	
3.81104	
2.97785	
4.55325	
3.93693	
5.27969	
4.66811	
2.62449	
4.1833	
2.96311	
3.96153	
4.63816	
2.50363	
3.76622	
3.74077	
4.96175	
3.7421	
4.35788	
4.22586	
5.01235	
4.01653	
4.70421	
3.51403	
4.04328	
3.42018	
4.8321	
4.07932	
3.05419	
4.99966	
5.02746	
3.91448	
2.46384	
3.29057	
4.98474	
4.88587	
3.31198	
4.20411	
4.00104	
3.38477	
3.48933	
4.39768	
4.46259	
4.61245	
4.05276	
3.6509	
2.35657	
4.56952	
3.39169	
4.2659	
4.98779	
3.08578	
4.45825	
4.61416	
2.97802	
5.0337	
3.99014	
3.12751	
4.15011	
5.60023	
3.53188	
3.28626	
3.71146	
4.01519	
4.70194	
3.47608	
4.37622	
3.85296	
3.55034	
4.11408	
3.62385	
5.09688	
4.02568	
3.91749	
3.98455	
5.11577	
5.48745	
4.00942	
4.39536	
3.73348	
3.29227	
4.14898	
4.68074	
3.54207	
2.55933	
4.83772	
4.10229	
3.96475	
3.72623	
3.95683	
3.30754	
3.39369	
3.5918	
3.0317	
2.82847	
4.30455	
4.3353	
3.68824	
5.58122	
5.64719	
3.91719	
5.16937	
3.80559	
4.10563	
4.40571	
2.95089	
4.41977	
4.11092	
4.16117	
3.81939	
3.76934	
3.76604	
4.43495	
3.83261	
4.03672	
4.81575	
3.63045	
4.2316	
2.93834	
4.2618	
4.71349	
3.18122	
4.63612	
4.2559	
4.79129	
3.7491	
3.99924	
6.09006	
3.6704	
3.6717	
4.2194	
4.63851	
4.77949	
4.44003	
3.4827	
5.20834	
4.13904	

