thetap[0]	
4.16013	
3.11334	
0.108885	
2.70805	
4.5054	
0.235321	
0.332735	
0.623166	
2.91612	
4.7538	
5.97394	
0.285448	
14.1647	
4.89659	
8.86772	
0.666448	
3.99811	
0.76155	
0.079939	
0.509067	
1.79433	
2.38349	
0.528789	
6.24083	
5.43423	
1.20964	
9.173	
6.9635	
0.118632	
17.4977	
1.73801	
0.195503	
5.6959	
4.15486	
3.72984	
1.47415	
9.14498	
5.72382	
4.43263	
1.48881	
9.39476	
1.28014	
2.68424	
1.13085	
10.1879	
1.56001	
2.52842	
1.2081	
7.15632	
1.62625	
4.46788	
0.122231	
11.1892	
1.90609	
12.1386	
1.44066	
0.751099	
1.15608	
1.84946	
1.82817	
1.56691	
0.280019	
0.298258	
2.51455	
3.69254	
3.97771	
1.25397	
8.59099	
3.09899	
3.5675	
3.66846	
2.01351	
5.69308	
3.61485	
0.169918	
1.52604	
7.84318	
2.27442	
8.18133	
6.55817	
11.6414	
0.422118	
4.66223	
0.577698	
1.5346	
4.04607	
1.23593	
2.55876	
0.0156871	
1.33923	
2.37407	
3.75889	
4.68339	
2.7346	
1.71176	
0.128031	
3.29155	
9.83111	
3.43322	
9.52706	
13.7857	
5.43539	
2.27994	
10.7621	
12.0114	
0.953369	
12.6513	
0.637405	
1.38723	
0.616385	
10.1778	
16.0394	
9.44994	
16.0967	
1.93675	
0.131295	
1.36103	
2.64854	
2.43382	
6.75577	
1.67159	
0.189407	
10.8	
4.49324	
1.31971	
5.78892	
8.25306	
5.9556	
10.3689	
4.92925	
3.18348	
5.74042	
1.29609	
3.84694	
9.47704	
0.75089	
13.8084	
0.644025	
4.80193	
10.9059	
8.11137	
0.0607411	
2.45242	
1.80279	
1.9301	
0.587282	
6.18942	
6.10044	
3.21108	
1.6294	
9.75607	
1.96219	
8.04839	
1.41063	
0.644454	
4.47317	
3.54519	
0.285125	
2.86315	
24.7072	
1.06056	
8.2708	
9.69085	
4.47825	
7.48527	
15.7657	
5.41741	
2.29693	
2.32953	
23.8062	
7.08555	
13.0332	
0.885363	
0.68854	
8.71313	
10.2082	
0.893216	
10.0563	
1.62616	
6.33958	
4.05105	
4.10945	
5.42252	
2.02461	
0.125654	
9.65956	
3.4397	
4.09218	
6.11955	
0.288216	
1.73766	
9.66192	
16.1549	
8.9405	
8.54931	
1.352	
11.1041	
1.79226	
0.384701	
6.41145	
5.64843	
2.49331	
2.29011	
1.76716	
1.02683	
9.24961	
4.77734	
7.1223	
2.09414	
1.30655	
0.736553	
7.54582	
4.25361	
0.654134	
1.24282	
2.7426	
2.59757	
4.31267	
0.291432	
0.889394	
3.29503	
10.6042	
0.495319	
1.19151	
2.07443	
10.0273	
5.08689	
9.12265	
4.11001	
0.587795	
19.2834	
0.76743	
1.07221	
8.16896	
0.631431	
3.87135	
2.05127	
1.1671	
3.11172	
3.29132	
5.4365	
1.57226	
3.7353	
11.17	
9.47182	
10.887	
4.7002	
37.2249	
11.3583	
4.43315	
11.0496	
5.34491	
4.94619	
1.58184	
1.47077	
3.46397	
6.81658	
19.3303	
1.84965	
0.23757	
14.2234	
0.596856	
15.5834	
9.57631	
9.46517	
3.18958	
8.35307	
3.1299	
0.704225	
3.3615	
12.6354	
1.32236	
15.0745	
3.09204	
16.055	
17.7755	
4.19436	
0.860405	
8.09722	
1.93918	
0.21132	
0.196178	
9.29064	
5.97465	
0.339388	
0.450375	
5.26161	
0.30589	
1.13306	
6.50829	
3.18684	
7.35854	
12.5115	
0.796715	
4.38994	
0.577161	
4.56595	
3.1069	
2.3669	
1.68109	
7.54597	
2.46189	
3.93295	
1.2248	
1.9324	
3.1141	
0.390417	
1.89588	
7.59346	
0.489802	
16.6947	
0.222297	
13.1908	
9.27022	
4.13349	
5.3351	
0.26142	
6.99578	
15.2298	
8.86009	
6.8377	
1.99852	
27.5593	
4.56064	
11.137	
2.52631	
0.816639	
1.8984	
4.63689	
0.51932	
2.99152	
3.15633	
5.59223	
10.032	
5.17946	
2.18223	
1.71706	
0.808332	
6.17099	
1.52972	
1.61489	
2.90372	
0.201369	
2.57783	
2.06931	
0.60633	
9.30061	
0.76599	
9.27722	
0.565893	
0.227287	
5.14664	
2.56424	
1.66587	
1.65966	
6.71642	
0.838756	
3.09733	
4.51092	
10.909	
6.45658	
5.76113	
13.4797	
13.8305	
3.58744	
1.85984	
5.53436	
3.11266	
1.08855	
1.71868	
0.123052	
3.45723	
2.85627	
4.76604	
15.6236	
5.58045	
1.13499	
6.55611	
3.56889	
2.19812	
0.719513	
4.24995	
9.30098	
5.99071	
12.5267	
3.26824	
1.32989	
0.706077	
6.60336	
1.6277	
4.85089	
1.1468	
4.39061	
2.53102	
8.34994	
0.320602	
3.77395	
1.16408	
1.31932	
11.6578	
16.4137	
2.83698	
0.493342	
12.9864	
3.68635	
7.20217	
6.37205	
5.373	
4.61758	
1.93256	
0.946787	
2.69172	
10.7521	
1.30005	
2.49508	
5.37521	
3.4897	
0.654056	
0.0293865	
8.10396	
0.10978	
0.0248411	
11.7453	
1.13574	
1.84145	
14.6784	
1.10179	
1.49595	
0.733802	
7.82772	
4.10739	
1.43518	
12.8785	
8.31246	
7.49222	
1.4018	
1.89207	
1.27935	
2.48956	
18.8115	
14.8439	
1.2312	
1.95366	
5.35258	
3.87706	
3.04157	
18.9685	
7.10788	
4.28787	
6.6698	
4.99328	
0.308755	
9.48858	
0.0137184	
7.72259	
0.0490136	
0.0881349	
9.09426	
7.80872	
3.24289	
1.50211	
13.0924	
0.241176	
1.35497	
14.4142	
5.58761	
10.473	
6.34922	
0.346386	
6.48913	
2.40894	
1.4562	
4.99235	
1.50645	
1.1543	
9.57104	
5.84915	
8.10085	
0.336399	
0.714737	
3.6772	
20.6549	
16.3661	
6.65089	
8.05262	
5.46253	
11.6791	
3.03388	
0.719646	
14.0642	
5.42261	
8.62388	
1.63964	
14.6037	
2.82987	
12.1525	
4.1896	
1.57916	
1.6998	
0.319847	
4.3594	
1.55543	
6.44586	
0.615561	
11.2743	
0.229508	
1.25501	
6.84682	
3.70037	
8.1702	
6.70932	
8.77385	
3.23524	
8.46768	
2.77654	
3.82927	
7.7041	
3.75714	
6.68708	
2.14438	
2.64168	
1.74447	
11.0036	
3.79131	
8.12928	
4.28267	
1.94347	
3.73201	
9.94857	
3.97663	
14.2885	
0.174318	
5.53479	
21.201	
14.0966	
4.73816	
6.37995	
1.69191	
4.41466	
10.9355	
19.822	
3.76859	
2.613	
10.8341	
1.59329	
0.0206768	
1.53973	
0.7582	
0.486874	
3.43861	
13.573	
14.4402	
0.430059	
2.02647	
6.52219	
6.12302	
11.7878	
9.58722	
0.280455	
1.04125	
2.66906	
0.350325	
1.30557	
4.78424	
5.3376	
2.42744	
0.244348	
4.25758	
4.55102	
1.93604	
1.94651	
3.44497	
1.0758	
13.0902	
1.52175	
1.48203	
0.214592	
1.68625	
3.02786	
4.60014	
0.32713	
1.23031	
1.45898	
0.376185	
4.41034	
0.75132	
7.60623	
4.20112	
4.99581	
24.4541	
6.93189	
5.50276	
1.59069	
1.53496	
1.16156	
2.99195	
6.63821	
7.82245	
12.4775	
0.203558	
6.11709	
4.43488	
6.85634	
2.70499	
1.52589	
0.315971	
3.81351	
1.52042	
0.0326708	
7.74943	
2.87067	
3.6265	
9.98738	
5.61141	
5.35933	
5.91922	
18.6551	
0.829967	
1.63468	
4.31302	
3.41697	
0.612939	
6.51546	
1.94751	
8.83634	
15.001	
0.28939	
4.05131	
8.07453	
2.04938	
4.15813	
2.13057	
18.7004	
0.716601	
9.96143	
2.92476	
18.9168	
0.83848	
1.87474	
15.3549	
1.27153	
1.1227	
7.7308	
0.784155	
1.87897	
1.40928	
1.0996	
12.2252	
7.53879	
2.77287	
1.61556	
0.309028	
1.85073	
2.37935	
4.04643	
2.2335	
6.40986	
1.01259	
2.84844	
0.580772	
0.261674	
8.98204	
2.63038	
6.60705	
20.6788	
13.459	
1.58666	
10.2706	
0.749896	
11.2158	
4.96604	
0.86035	
1.41615	
10.3302	
2.37395	
0.667275	
6.78556	
2.91604	
4.47434	
0.195449	
1.31105	
3.93836	
5.81812	
10.3551	
4.32196	
18.2561	
4.04098	
7.74986	
0.121877	
0.517293	
8.60815	
10.3591	
1.25357	
2.62467	
1.37753	
1.8763	
17.8121	
15.9695	
2.97064	
0.359783	
6.98851	
7.21899	
2.75665	
5.39165	
8.53576	
0.732928	
1.88544	
5.50723	
1.65667	
0.585713	
3.08732	
0.00820707	
1.1018	
3.75643	
1.37967	
5.04719	
0.309806	
17.2628	
9.80815	
3.06218	
0.208436	
29.606	
2.56495	
4.91832	
13.1375	
8.23112	
12.2716	
21.0275	
0.643996	
6.65141	
7.12465	
2.86198	
1.89114	
1.45706	
13.7645	
0.417895	
6.37467	
2.10557	
2.2116	
7.11966	
9.83552	
1.96961	
1.52751	
6.38587	
3.97685	
4.24978	
1.51125	
2.83033	
3.46116	
9.40262	
4.92573	
3.68852	
1.30096	
4.52181	
3.394	
10.1203	
6.51554	
10.6875	
13.8247	
0.498651	
7.40647	
1.43916	
0.172852	
4.82817	
1.28322	
8.3197	
0.105678	
7.21762	
9.39559	
2.60868	
12.9849	
4.55931	
5.07777	
5.14782	
1.83324	
8.34446	
1.59544	
6.39716	
2.84471	
2.22556	
0.857863	
10.9104	
3.98534	
4.96515	
3.14901	
2.71962	
2.13126	
1.63367	
6.76404	
18.0155	
5.59881	
2.21753	
3.1714	
0.593154	
1.8755	
15.1925	
3.51061	
0.144444	
2.87126	
3.29283	
0.982985	
4.63801	
1.67405	
5.40618	
1.59742	
13.6485	
2.48717	
3.38176	
4.25616	
12.2193	
3.6337	
12.4319	
0.69886	
4.35493	
4.95432	
3.98508	
10.6307	
0.645143	
1.26606	
3.89487	
13.346	
10.1433	
11.7363	
0.711318	
8.13763	
0.55447	
1.32384	
0.163596	
4.90698	
2.3476	
5.1377	
3.70581	
0.516083	
5.69516	
5.74729	
3.50409	
5.81195	
15.8637	
4.08864	
2.16147	
13.6835	
1.17664	
13.0333	
0.570807	
1.05225	
6.68739	
4.28013	
3.0362	
1.36704	
0.605657	
3.13783	
2.33405	
5.78593	
2.04538	
7.89204	
1.83751	
7.52207	
3.15236	
3.92964	
3.55074	
0.0132587	
3.18967	
17.7263	
7.72869	
2.16472	
2.1849	
0.581127	
3.58779	
6.42375	
1.52522	
3.62017	
0.00085886	
1.02046	
2.42411	
1.01972	
2.73321	
9.6485	
1.56586	
1.68359	
4.06888	
3.33434	
2.27716	
5.22207	
5.89449	
4.52866	
4.10124	
3.15072	
1.80758	
1.60017	
5.92101	
1.63466	
1.46663	
0.165528	
13.6	
7.63211	
4.37092	
0.616358	
6.43152	
0.0315758	
1.60223	
7.66493	
0.624789	
3.86906	
5.15928	
4.56736	
3.39864	
2.18436	
0.951404	
4.70085	
0.281897	
2.87751	
2.28578	
2.599	
20.3551	
19.3302	
13.2192	
0.0369751	
1.02429	
3.24227	
5.28063	
0.222095	
1.19413	
12.3903	
9.66574	
2.60895	
8.44052	
3.06113	
4.33323	
1.37632	
1.17856	
5.82475	
1.71488	
4.30757	
1.66653	
1.3184	
10.9577	
1.9969	
14.7212	
2.36652	
2.27763	
3.16588	
8.38601	
1.02098	
1.05856	
3.25658	
12.7233	
6.72024	
5.79349	
7.25558	
8.14248	
3.04021	
1.98095	
10.1981	
0.346432	
1.68193	
6.12938	
1.29214	
2.75702	
0.259505	
1.70061	
3.16163	
2.2093	
4.20054	
7.38094	
3.05197	
2.12166	
1.94947	
2.58843	
13.5133	
9.22205	
17.2868	
25.591	
0.68624	
5.26857	
7.68713	
6.94242	
3.85584	
2.18723	
4.88032	
5.92472	
1.04963	
2.17443	
2.60258	
0.986243	
2.78531	
0.539986	
4.77635	
22.7373	
3.64234	
2.63767	
0.48209	
1.46112	
2.66964	
13.839	
3.72156	
3.06457	
9.30195	
1.88186	
10.1747	
1.2075	

