

Number of valid iterations:
	TD	Fs	FD*	FF*	FD	FF	H	B	Q	ZA	Fst	Kw	Hw	R2	S	pi_w	pi_b	thetaWatt	thetaTaj	thetaFW	D/Dmin	Hnorm	maxhap	maxhap1	Rm	ThetaFL	ThetaL	ZengE
locus_0	951	951	951	951	951	951	1000	901	901	901	0	1000	1000	951	1000	1000	1000	1000	1000	1000	951	951	1000	1000	1000	1000	1000	951	1000	0	951
average	951	951	951	951	951	951	1000	901	901	901	0	1000	1000	951	1000	1000	1000	1000	1000	1000	951	951	1000	1000	1000	1000	1000	951	1000	0	951
variance	0	0	0	0	0	0	0	0	0	0	0	0	0	0	0	0	0	0	0	0	0	0	0	0	0	0	0	0	0	0	0

PERCENTILES:

locus_0

	TD	Fs	FD*	FF*	FD	FF	H	B	Q	ZA	Fst	Kw	Hw	R2	S	pi_w	pi_b	thetaWatt	thetaTaj	thetaFW	D/Dmin	Hnorm	maxhap	maxhap1	Rm	ThetaFL	ThetaL	ZengE
 0.1%	na	na	na	na	na	na	-46.5655	na	na	na	na	0.0333333	0	na	0	0	0	0	0	0	na	na	0.0666667	0.1	0	0	0.0344828	na	0.0444444	na	na
 1.0%	-1.60272	-7.72048	-2.25224	-2.30712	-2.1157	-2.27202	-12.6437	0	0	0.00246305	na	0.0333333	0	0.064509	0	0	0	0	0	0	-1	-3.21693	0.1	0.133333	0	0	0.0344828	-1.47694	0.0511111	na	0.0528172
 2.5%	-1.45199	-6.47393	-1.81035	-1.84361	-1.79008	-1.8315	-7.17241	0	0	0.00659706	na	0.0333333	0	0.0743386	0	0	0	0	0	0	-0.944309	-2.39577	0.1	0.133333	0	0	0.103448	-1.37228	0.06	na	0.0640786
 5.0%	-1.15831	-5.67317	-1.67244	-1.76108	-1.68017	-1.74412	-5.0023	0	0	0.0142521	na	0.0666667	0.0666667	0.0807471	1	0	0	0.25242	0.0666667	0.00229885	-0.625412	-1.75156	0.133333	0.166667	0	0	0.241379	-1.23076	0.0666667	na	0.0782533
10.0%	-0.970263	-4.44237	-1.2128	-1.27085	-1.23344	-1.22964	-2.7954	0	0	0.0344354	na	0.0666667	0.301149	0.0891565	2	0	0	0.50484	0.314943	0.0597701	-0.426414	-1.0331	0.133333	0.166667	0	0	0.551724	-0.978368	0.0755556	na	0.0998623
25.0%	-0.51159	-2.8235	-0.556127	-0.571068	-0.565109	-0.577526	-0.754023	0	0	0.104426	na	0.2	0.678161	0.103439	5	0	0	1.2621	1.24598	0.931034	-0.22051	-0.380983	0.2	0.233333	0	1	1.41379	-0.587577	0.0977778	na	0.165651
50.0%	-0.025103	-1.35971	0.0939431	0.0995426	0.136254	0.125414	0.211494	0.0851449	0.153846	0.192822	na	0.366667	0.866667	0.122242	13	0	0	3.28146	3.14023	2.96552	-0.00955817	0.178581	0.3	0.366667	1	3	3.37931	-0.0230484	0.16	na	0.319618
75.0%	0.513476	-0.21059	0.59448	0.641268	0.669266	0.697643	1.10345	0.172414	0.266667	0.275073	na	0.5	0.933333	0.143689	27	0	0	6.81534	7.03218	6.7908	0.206097	0.552423	0.5	0.666667	3	7	7.24138	0.533707	0.344444	na	0.718415
90.0%	0.93989	0.655639	0.949814	1.01468	1.01582	1.06858	2.4092	0.241582	0.358571	0.344784	na	0.6	0.956322	0.166963	46	0	0	11.6113	11.9908	12.9402	0.419096	0.75377	0.833333	0.966667	4	12	12.6552	1.09789	0.708889	na	1.7126
95.0%	1.29607	1.36795	1.14434	1.22822	1.25755	1.29749	3.51264	0.307692	0.440972	0.404537	na	0.666667	0.965517	0.179986	61	0	0	15.3976	15.6943	16.8736	0.606763	0.836243	0.966667	1	5	15	16.1379	1.51443	0.935556	na	3.48
97.5%	1.57067	1.74593	1.31682	1.40176	1.43774	1.50863	4.42299	0.386128	0.5	0.503851	na	0.7	0.972414	0.204242	70	0	0	17.6694	21.5379	22.2943	0.840169	0.926322	1	1	5	19	20.5862	1.84025	1	na	6.43519
99.0%	1.74802	2.62934	1.3831	1.57832	1.50983	1.72731	5.91264	0.5	0.666667	0.594992	na	0.766667	0.981609	0.237644	102	0	0	25.7468	25.0092	28.8253	1.1998	0.976961	1	1	6	24	28.5517	2.33721	1	na	15
99.9%	na	na	na	na	na	na	9.11264	na	na	na	na	0.866667	0.988506	na	147	0	0	37.1057	37.7379	48.4184	na	na	1	1	7	39	44.3793	na	1	na	na

average

	TD	Fs	FD*	FF*	FD	FF	H	B	Q	ZA	Fst	Kw	Hw	R2	S	pi_w	pi_b	thetaWatt	thetaTaj	thetaFW	D/Dmin	Hnorm	maxhap	maxhap1	Rm	ThetaFL	ThetaL	ZengE
 0.1%	na	na	na	na	na	na	-46.5655	na	na	na	na	0.0333333	0	na	0	0	0	0	0	0	na	na	0.0666667	0.1	0	0	0.0344828	na	0.0444444	na	na
 1.0%	-1.60272	-7.72048	-2.25224	-2.30712	-2.1157	-2.27202	-12.6437	0	0	0.00246305	na	0.0333333	0	0.064509	0	0	0	0	0	0	-1	-3.21693	0.1	0.133333	0	0	0.0344828	-1.47694	0.0511111	na	0.0528172
 2.5%	-1.45199	-6.47393	-1.81035	-1.84361	-1.79008	-1.8315	-7.17241	0	0	0.00659706	na	0.0333333	0	0.0743386	0	0	0	0	0	0	-0.944309	-2.39577	0.1	0.133333	0	0	0.103448	-1.37228	0.06	na	0.0640786
 5.0%	-1.15831	-5.67317	-1.67244	-1.76108	-1.68017	-1.74412	-5.0023	0	0	0.0142521	na	0.0666667	0.0666667	0.0807471	1	0	0	0.25242	0.0666667	0.00229885	-0.625412	-1.75156	0.133333	0.166667	0	0	0.241379	-1.23076	0.0666667	na	0.0782533
10.0%	-0.970263	-4.44237	-1.2128	-1.27085	-1.23344	-1.22964	-2.7954	0	0	0.0344354	na	0.0666667	0.301149	0.0891565	2	0	0	0.50484	0.314943	0.0597701	-0.426414	-1.0331	0.133333	0.166667	0	0	0.551724	-0.978368	0.0755556	na	0.0998623
25.0%	-0.51159	-2.8235	-0.556127	-0.571068	-0.565109	-0.577526	-0.754023	0	0	0.104426	na	0.2	0.678161	0.103439	5	0	0	1.2621	1.24598	0.931034	-0.22051	-0.380983	0.2	0.233333	0	1	1.41379	-0.587577	0.0977778	na	0.165651
50.0%	-0.025103	-1.35971	0.0939431	0.0995426	0.136254	0.125414	0.211494	0.0851449	0.153846	0.192822	na	0.366667	0.866667	0.122242	13	0	0	3.28146	3.14023	2.96552	-0.00955817	0.178581	0.3	0.366667	1	3	3.37931	-0.0230484	0.16	na	0.319618
75.0%	0.513476	-0.21059	0.59448	0.641268	0.669266	0.697643	1.10345	0.172414	0.266667	0.275073	na	0.5	0.933333	0.143689	27	0	0	6.81534	7.03218	6.7908	0.206097	0.552423	0.5	0.666667	3	7	7.24138	0.533707	0.344444	na	0.718415
90.0%	0.93989	0.655639	0.949814	1.01468	1.01582	1.06858	2.4092	0.241582	0.358571	0.344784	na	0.6	0.956322	0.166963	46	0	0	11.6113	11.9908	12.9402	0.419096	0.75377	0.833333	0.966667	4	12	12.6552	1.09789	0.708889	na	1.7126
95.0%	1.29607	1.36795	1.14434	1.22822	1.25755	1.29749	3.51264	0.307692	0.440972	0.404537	na	0.666667	0.965517	0.179986	61	0	0	15.3976	15.6943	16.8736	0.606763	0.836243	0.966667	1	5	15	16.1379	1.51443	0.935556	na	3.48
97.5%	1.57067	1.74593	1.31682	1.40176	1.43774	1.50863	4.42299	0.386128	0.5	0.503851	na	0.7	0.972414	0.204242	70	0	0	17.6694	21.5379	22.2943	0.840169	0.926322	1	1	5	19	20.5862	1.84025	1	na	6.43519
99.0%	1.74802	2.62934	1.3831	1.57832	1.50983	1.72731	5.91264	0.5	0.666667	0.594992	na	0.766667	0.981609	0.237644	102	0	0	25.7468	25.0092	28.8253	1.1998	0.976961	1	1	6	24	28.5517	2.33721	1	na	15
99.9%	na	na	na	na	na	na	9.11264	na	na	na	na	0.866667	0.988506	na	147	0	0	37.1057	37.7379	48.4184	na	na	1	1	7	39	44.3793	na	1	na	na

variance

	TD	Fs	FD*	FF*	FD	FF	H	B	Q	ZA	Fst	Kw	Hw	R2	S	pi_w	pi_b	thetaWatt	thetaTaj	thetaFW	D/Dmin	Hnorm	maxhap	maxhap1	Rm	ThetaFL	ThetaL	ZengE
 0.1%	na	na	na	na	na	na	na	na	na	na	na	na	na	na	na	na	na	na	na	na	na	na	na	na	na	na	na	na	na	na	na
 1.0%	na	na	na	na	na	na	na	na	na	na	na	na	na	na	na	na	na	na	na	na	na	na	na	na	na	na	na	na	na	na	na
 2.5%	na	na	na	na	na	na	na	na	na	na	na	na	na	na	na	na	na	na	na	na	na	na	na	na	na	na	na	na	na	na	na
 5.0%	na	na	na	na	na	na	na	na	na	na	na	na	na	na	na	na	na	na	na	na	na	na	na	na	na	na	na	na	na	na	na
10.0%	na	na	na	na	na	na	na	na	na	na	na	na	na	na	na	na	na	na	na	na	na	na	na	na	na	na	na	na	na	na	na
25.0%	na	na	na	na	na	na	na	na	na	na	na	na	na	na	na	na	na	na	na	na	na	na	na	na	na	na	na	na	na	na	na
50.0%	na	na	na	na	na	na	na	na	na	na	na	na	na	na	na	na	na	na	na	na	na	na	na	na	na	na	na	na	na	na	na
75.0%	na	na	na	na	na	na	na	na	na	na	na	na	na	na	na	na	na	na	na	na	na	na	na	na	na	na	na	na	na	na	na
90.0%	na	na	na	na	na	na	na	na	na	na	na	na	na	na	na	na	na	na	na	na	na	na	na	na	na	na	na	na	na	na	na
95.0%	na	na	na	na	na	na	na	na	na	na	na	na	na	na	na	na	na	na	na	na	na	na	na	na	na	na	na	na	na	na	na
97.5%	na	na	na	na	na	na	na	na	na	na	na	na	na	na	na	na	na	na	na	na	na	na	na	na	na	na	na	na	na	na	na
99.0%	na	na	na	na	na	na	na	na	na	na	na	na	na	na	na	na	na	na	na	na	na	na	na	na	na	na	na	na	na	na	na
99.9%	na	na	na	na	na	na	na	na	na	na	na	na	na	na	na	na	na	na	na	na	na	na	na	na	na	na	na	na	na	na	na