Ttot[0]	
3.85903	
3.55203	
2.91318	
4.29918	
3.50592	
5.57588	
4.06347	
4.2651	
3.28382	
4.42064	
2.67376	
3.18676	
3.50402	
3.93847	
2.91926	
5.56115	
3.94103	
4.61518	
3.55722	
3.01497	
3.57123	
2.90497	
2.85401	
3.36374	
4.11236	
2.68285	
3.70068	
4.05271	
4.94924	
3.52545	
4.89407	
4.13631	
3.42773	
4.02776	
3.13507	
3.26685	
4.17872	
2.88676	
2.76309	
3.39116	
4.22703	
2.46404	
4.90776	
2.76512	
3.58615	
4.09414	
2.97322	
4.95281	
4.29154	
3.70368	
3.95124	
3.8807	
3.8735	
3.74634	
3.34473	
2.31128	
3.57157	
3.3746	
3.99488	
5.22072	
4.10348	
4.19055	
3.11924	
2.62987	
4.54461	
5.17286	
4.70373	
4.56481	
3.59499	
5.18689	
4.23107	
3.67615	
2.44772	
3.70071	
5.13496	
3.50016	
3.807	
2.81233	
3.23942	
2.2598	
3.50546	
2.42557	
3.0652	
2.97484	
5.0832	
3.37084	
4.72305	
3.70665	
2.56175	
3.62316	
3.73007	
3.20502	
4.59991	
3.91718	
4.5893	
3.64736	
4.27075	
4.07785	
4.39436	
3.66897	
3.56136	
3.54916	
3.41616	
2.31446	
4.06682	
3.27888	
3.65275	
4.05027	
5.83102	
3.28613	
2.55586	
6.11323	
5.23747	
2.40462	
3.32497	
6.29944	
2.20085	
4.79104	
4.2913	
4.88848	
4.88742	
3.89381	
4.16859	
4.66056	
3.72453	
4.36655	
3.38394	
3.75499	
3.72191	
5.87168	
3.60602	
4.56611	
2.32308	
2.89838	
4.01392	
3.43748	
3.64058	
2.65157	
2.76801	
4.79956	
3.16605	
3.91904	
5.45459	
3.78448	
4.13457	
3.55555	
3.34859	
4.57186	
4.28857	
3.28829	
3.14307	
2.09422	
3.78743	
3.5233	
3.3107	
3.04877	
4.80345	
4.25499	
3.54893	
5.30102	
3.52822	
4.69157	
3.16705	
3.77766	
4.82025	
3.54479	
4.59637	
3.87425	
4.00278	
2.12036	
3.52716	
1.91297	
3.65571	
3.85926	
3.18666	
2.90728	
3.93781	
4.51755	
4.42259	
3.80644	
1.95245	
3.24496	
1.85708	
4.4298	
3.27908	
4.7976	
2.05074	
5.33401	
3.24103	
4.09983	
3.44389	
3.65405	
3.95812	
3.46538	
3.81406	
4.5129	
4.58982	
3.05704	
4.3067	
4.07658	
3.23063	
4.24584	
4.58119	
3.63578	
2.60824	
2.32732	
4.29171	
2.69237	
2.75616	
3.74141	
4.38524	
3.09425	
2.83838	
3.44187	
3.9892	
4.40531	
3.22286	
4.60468	
3.52303	
3.39114	
3.52303	
4.57542	
4.14444	
3.44842	
5.48415	
3.31898	
3.23622	
4.12904	
3.38054	
3.69559	
4.00563	
3.00167	
2.5574	
3.84827	
2.84366	
3.93746	
3.08398	
2.16286	
2.97826	
3.90782	
3.09039	
4.23599	
3.03799	
4.47252	
3.58151	
6.55683	
3.54224	
4.05049	
3.47195	
2.89732	
3.73483	
3.62961	
4.84214	
4.07589	
4.50575	
2.90098	
3.85371	
3.15489	
3.01717	
3.3559	
3.30492	
3.76571	
3.25377	
2.50181	
5.91497	
4.07216	
2.61194	
3.9096	
4.40254	
3.12011	
3.60993	
5.0043	
2.93048	
4.33785	
3.37149	
4.67299	
4.27613	
2.45379	
3.07531	
3.95108	
5.24502	
4.03974	
4.18378	
3.81263	
3.79133	
2.87252	
4.39409	
2.63986	
3.58732	
2.38465	
5.16676	
4.02804	
3.88937	
6.86971	
3.82175	
2.69629	
4.49186	
3.49426	
4.38206	
3.59795	
4.41083	
4.0733	
2.07427	
4.24869	
3.65651	
4.63976	
5.53673	
3.08582	
3.97473	
2.61186	
3.56751	
3.61315	
3.41482	
2.70554	
4.12354	
4.04912	
5.14539	
3.71648	
3.53611	
3.02522	
4.12845	
4.31225	
4.58159	
4.65165	
3.75114	
3.12614	
4.41398	
3.80206	
3.08422	
3.30496	
3.46933	
4.46822	
3.67551	
2.6302	
3.0372	
5.18295	
3.14474	
3.8038	
3.60706	
3.87149	
3.30112	
4.00346	
3.91948	
4.18385	
5.97976	
3.91903	
3.32966	
3.52012	
2.89527	
2.98365	
2.19274	
2.95206	
3.66942	
4.05066	
2.74305	
4.19021	
3.6863	
6.04149	
2.25203	
4.60687	
5.22377	
4.87961	
3.87289	
3.15229	
4.43779	
3.58173	
3.48743	
2.16465	
2.80644	
5.27882	
2.57475	
2.99034	
4.27485	
3.53522	
4.94264	
3.56381	
3.31333	
3.35835	
3.26115	
4.50513	
4.69115	
3.98557	
3.91512	
4.08511	
5.00346	
4.12562	
2.8067	
3.99416	
3.59041	
3.65308	
3.72441	
3.44748	
3.05015	
5.29499	
4.27953	
5.18953	
2.50822	
4.86868	
3.68399	
3.54904	
5.48206	
3.42738	
2.31772	
3.70532	
4.08009	
2.6519	
3.72274	
4.52281	
3.25881	
4.0637	
3.7671	
3.63576	
3.17351	
4.31309	
4.10043	
3.69363	
3.19886	
5.34267	
3.7553	
3.55389	
3.12451	
4.64619	
3.93352	
3.25508	
3.74487	
3.11192	
4.02357	
5.14279	
2.26177	
3.8268	
3.17725	
2.94907	
3.50373	
3.69415	
4.44659	
3.70881	
3.22912	
4.0163	
3.32078	
5.53262	
4.20906	
3.86414	
4.00242	
4.14382	
5.27049	
2.96631	
2.48495	
3.0569	
3.86479	
4.16289	
3.37849	
3.58915	
3.49104	
3.69373	
4.28188	
4.72728	
3.3479	
3.54993	
4.25651	
4.12942	
5.99029	
3.86225	
4.38624	
3.23323	
3.1402	
4.28286	
3.31124	
3.57648	
3.69135	
4.12974	
4.43108	
5.10529	
4.52091	
2.178	
3.92438	
3.33264	
5.33728	
3.48622	
2.7349	
4.43698	
4.98101	
4.50458	
2.67371	
2.99263	
4.45887	
3.30176	
4.05866	
5.26104	
4.40659	
3.1342	
3.6816	
2.84332	
3.07065	
3.6129	
4.34849	
3.09012	
4.0164	
5.01012	
4.46864	
4.80915	
3.3093	
3.84413	
4.16279	
3.16671	
4.93822	
4.42693	
2.68319	
4.18549	
3.3155	
5.79686	
4.79251	
2.78007	
4.09905	
2.75052	
3.01145	
3.64438	
4.80202	
3.69034	
4.20566	
3.96511	
4.01609	
3.85168	
5.85685	
4.94235	
3.59726	
3.57421	
2.58008	
3.86752	
3.89961	
3.00733	
4.16789	
3.13311	
4.45798	
5.95221	
4.63942	
4.71271	
6.06636	
3.78622	
4.84911	
4.10399	
2.96241	
2.47467	
3.41032	
4.47046	
2.6906	
3.61957	
3.58354	
3.39422	
4.08721	
4.38117	
3.24564	
3.6334	
3.4507	
3.5259	
4.05321	
3.95008	
2.41257	
4.28171	
2.91597	
4.66267	
3.94698	
4.58681	
3.78775	
3.22426	
3.72129	
2.9686	
3.50271	
4.29793	
3.35341	
3.71828	
4.90143	
3.60349	
3.27459	
4.50464	
3.06898	
3.33409	
3.0852	
3.32318	
4.03517	
3.6646	
3.38478	
4.3841	
3.94335	
3.52567	
3.91045	
3.56055	
3.5286	
4.82856	
4.46701	
4.1011	
4.60991	
2.95939	
4.78212	
4.46302	
2.19877	
3.34073	
3.09007	
2.99182	
3.96823	
3.93092	
2.818	
3.85325	
3.28023	
3.17046	
4.23868	
3.46905	
2.62348	
4.50811	
3.88777	
3.07741	
3.5862	
4.69239	
4.38448	
2.18641	
4.8569	
3.27266	
4.57766	
4.15762	
4.01401	
5.32444	
2.46074	
3.91857	
4.62838	
2.63144	
4.08089	
4.82465	
3.07462	
4.36447	
4.09876	
4.61648	
3.43439	
3.01319	
2.88637	
4.94454	
4.2887	
2.99526	
4.27086	
3.97978	
3.48261	
3.17838	
4.27754	
3.33108	
3.1757	
3.88873	
4.01776	
3.25896	
3.90643	
5.06061	
2.96333	
4.24469	
3.08573	
3.66447	
4.73422	
5.56469	
3.31358	
4.18133	
5.09543	
4.29923	
3.89273	
2.706	
3.71994	
4.11054	
4.19514	
3.15774	
3.06914	
4.93244	
2.67521	
4.35004	
3.06541	
5.69077	
2.99278	
3.63895	
3.52491	
4.35173	
3.08068	
4.25714	
4.88284	
3.92131	
4.92613	
3.37969	
2.98398	
2.68843	
3.96842	
2.42336	
4.44437	
3.90012	
3.48237	
4.8547	
3.23075	
3.5693	
2.40659	
3.21973	
3.55333	
4.30165	
3.4589	
5.80836	
4.14495	
3.92832	
4.74315	
3.52859	
3.9527	
3.29795	
3.70267	
3.83063	
4.08222	
3.20042	
3.478	
4.3654	
3.52828	
3.81909	
4.70726	
4.31333	
4.5606	
3.57915	
4.17645	
3.73744	
2.9165	
3.69266	
3.93357	
4.32383	
5.32949	
4.5328	
3.93225	
4.07053	
2.63205	
3.39478	
3.90491	
2.83928	
5.20332	
5.56536	
3.56037	
3.39412	
5.05872	
3.47484	
4.5565	
3.94334	
4.02698	
3.34461	
3.54797	
3.49538	
2.33318	
4.57759	
4.57733	
4.45333	
2.64049	
4.71408	
3.48	
5.97987	
5.14916	
3.9847	
2.93781	
3.15305	
5.56002	
4.84282	
3.94303	
3.55132	
3.654	
5.45621	
3.09735	
3.42142	
3.5781	
3.63214	
3.56055	
3.8698	
3.45056	
4.98359	
3.32682	
3.45302	
3.84284	
4.70573	
3.63829	
4.6063	
3.95579	
3.69789	
4.7507	
4.35496	
4.98894	
1.57437	
3.9478	
2.88667	
5.19441	
3.6063	
3.82914	
2.77904	
3.61791	
3.93902	
5.01492	
3.21198	
4.50767	
5.25123	
4.74207	
3.64701	
4.51011	
3.14975	
3.76946	
5.15141	
4.56569	
3.05713	
4.74618	
4.41503	
3.66222	
3.532	
3.76872	
3.80351	
3.1777	
4.03698	
4.73906	
5.1038	
3.02923	
3.45615	
3.86476	
4.15387	
3.19632	
3.64481	
3.05266	
2.8317	
3.85805	
3.56587	
3.5551	
3.68944	
5.25877	
3.7998	
3.90485	
4.7166	
4.38575	
2.7708	
6.52216	
5.40959	
4.17508	
4.51422	
3.45514	
2.87064	
3.06844	
4.86188	
3.96516	
5.2347	
3.50586	
2.52831	
3.78381	
4.22935	
4.46775	
3.41001	
3.88992	
4.12984	
3.65439	
4.10696	
4.8955	
2.66383	
4.84463	
2.90255	
2.73477	
5.91174	
3.6146	
3.65456	
3.35418	
4.20778	
3.49277	
3.33827	
3.16696	
3.09632	
3.62209	
4.05256	
4.23022	
2.92238	
3.26207	
2.42949	
4.39407	
3.81504	
4.10609	
4.60547	
4.49019	
2.90909	
5.81285	
3.83536	
3.93743	
4.47429	
3.42686	
3.04724	
3.21322	
2.18482	
2.85714	
3.35332	
4.09112	
4.3966	
4.75201	
3.7049	
3.87523	
4.84952	
4.48647	
4.54239	
4.07604	
3.91671	
4.87567	
3.64856	
2.9553	
4.66087	
4.66152	
3.12675	
4.20948	
3.25216	
4.31015	
5.19799	
4.31548	
4.5033	
2.44971	
5.38236	
4.54005	
3.58626	
2.77218	
4.95026	
4.03332	
2.17244	
4.13427	
3.32043	
3.15848	
5.22319	
3.73036	
4.03265	
4.16795	
3.86243	
3.7853	
3.96846	
3.50191	
3.94344	
4.21635	
4.04568	
6.22374	
3.51564	
4.38485	
4.0291	
4.22944	
5.70427	
3.00965	
2.32493	
3.39977	
2.79405	
4.10795	
3.56056	
3.52702	
3.9336	
4.60303	
4.30542	
4.95816	
3.9642	
3.67587	
3.18869	
3.08239	
3.09516	
3.85323	
4.31898	
3.29778	
3.79281	
3.10164	
4.7482	
3.46226	
3.08002	
2.58209	
3.41088	
3.62158	
5.22473	
3.3314	
3.24751	
4.28365	
4.06865	
4.64821	
2.96878	
5.34368	
3.20192	
3.65496	
3.51084	
4.36787	
4.93541	
4.92272	
5.12023	
4.12159	
3.87745	
4.76525	
3.03928	
3.67221	
3.96936	
3.58052	
4.20742	
4.66617	
5.94696	
3.60927	
3.29914	
2.79555	
4.00045	
6.06929	
3.40599	
3.89173	
3.2411	
4.14887	
4.21456	
2.97449	
4.31514	
3.91926	
3.57038	
4.31747	
6.44321	

ratio[0]	
0.153468	
