

Number of valid iterations:
	TD	Fs	FD*	FF*	FD	FF	H	B	Q	ZA	Fst	Kw	Hw	R2	S	pi_w	pi_b	thetaWatt	thetaTaj	thetaFW	D/Dmin	Hnorm	maxhap	maxhap1	Rm	ThetaFL	ThetaL	ZengE
locus_0	1000	1000	1000	1000	1000	1000	1000	1000	1000	1000	0	1000	1000	1000	1000	1000	1000	1000	1000	1000	1000	1000	1000	1000	1000	1000	1000	1000	1000	0	1000
average	1000	1000	1000	1000	1000	1000	1000	1000	1000	1000	0	1000	1000	1000	1000	1000	1000	1000	1000	1000	1000	1000	1000	1000	1000	1000	1000	1000	1000	0	1000
variance	0	0	0	0	0	0	0	0	0	0	0	0	0	0	0	0	0	0	0	0	0	0	0	0	0	0	0	0	0	0	0

PERCENTILES:

locus_0

	TD	Fs	FD*	FF*	FD	FF	H	B	Q	ZA	Fst	Kw	Hw	R2	S	pi_w	pi_b	thetaWatt	thetaTaj	thetaFW	D/Dmin	Hnorm	maxhap	maxhap1	Rm	ThetaFL	ThetaL	ZengE
 0.1%	-1.99384	-12.8193	-3.05734	-3.19647	-3.1755	-3.35302	-14.6391	0	0	0.0214002	na	0.3	0.696552	0.0518837	32	0	0	8.07743	3.64138	1.21379	-0.746295	-2.96252	0.0666667	0.1	0	1	2.86207	-2.04348	0.0488889	na	0.0795101
 1.0%	-1.57744	-10.1446	-2.22223	-2.25106	-2.19257	-2.2016	-10.2621	0	0	0.0473313	na	0.333333	0.806897	0.0638711	32	0	0	8.07743	4.56782	1.68046	-0.590437	-2.07674	0.1	0.133333	0	2	3.86207	-1.65166	0.0555556	na	0.0907574
 2.5%	-1.31086	-8.34603	-1.80467	-1.81749	-1.94683	-1.91519	-8.26667	0	0	0.0633604	na	0.4	0.850575	0.0746011	32	0	0	8.07743	5.16092	2.52874	-0.490657	-1.67293	0.1	0.133333	1	3	4.37931	-1.449	0.06	na	0.0957728
 5.0%	-1.15484	-7.10952	-1.38712	-1.46158	-1.45537	-1.58748	-6.35402	0	0	0.0812394	na	0.4	0.868966	0.0801698	32	0	0	8.07743	5.50805	3.1931	-0.432259	-1.28587	0.1	0.133333	1	4	4.89655	-1.24633	0.0644444	na	0.0991566
10.0%	-0.924428	-5.59113	-1.17834	-1.14184	-1.20964	-1.23402	-4.11954	0.0322581	0.0625	0.103506	na	0.433333	0.889655	0.0872434	32	0	0	8.07743	6.02069	3.93793	-0.346014	-0.833674	0.133333	0.166667	1	4	5.44828	-1.03015	0.0688889	na	0.105149
25.0%	-0.570025	-3.77327	-0.552013	-0.603129	-0.71817	-0.684281	-1.55402	0.0645161	0.125	0.143512	na	0.5	0.914943	0.0991708	32	0	0	8.07743	6.8092	5.44828	-0.213361	-0.314489	0.133333	0.2	2	6	6.51724	-0.611313	0.08	na	0.116967
50.0%	-0.111264	-2.02345	-0.134459	-0.0669924	0.0190283	-0.102576	0.708046	0.0967742	0.1875	0.197957	na	0.533333	0.937931	0.11571	32	0	0	8.07743	7.82989	7.57471	-0.0416463	0.143288	0.166667	0.233333	3	8	7.72414	-0.138428	0.0933333	na	0.136065
75.0%	0.371261	-0.7165	0.491871	0.458869	0.510494	0.487123	2.36322	0.193548	0.28125	0.267112	na	0.6	0.951724	0.13309	32	0	0	8.07743	8.90345	9.65287	0.138964	0.478246	0.233333	0.3	3	11	9.06897	0.388501	0.115556	na	0.176901
90.0%	0.815557	0.361321	0.909425	0.889478	1.00196	0.994228	3.66897	0.225806	0.34375	0.337119	na	0.633333	0.963218	0.149202	32	0	0	8.07743	9.89195	11.8759	0.305264	0.742491	0.3	0.333333	4	13	10.3793	0.901918	0.14	na	0.277689
95.0%	0.992242	1.23267	0.909425	1.07267	1.00196	1.1794	4.25747	0.290323	0.40625	0.392415	na	0.666667	0.967816	0.156352	32	0	0	8.07743	10.2851	13.8345	0.371397	0.861587	0.333333	0.4	5	14	11.069	1.17214	0.16	na	0.374677
97.5%	1.21336	1.90408	1.1182	1.22582	1.24769	1.35791	4.55172	0.354839	0.46875	0.432782	na	0.7	0.972414	0.163656	32	0	0	8.07743	10.777	15.1011	0.454161	0.921135	0.366667	0.433333	5	15	11.6897	1.41534	0.177778	na	0.498282
99.0%	1.41794	2.57713	1.32698	1.43589	1.49343	1.60036	4.91034	0.387097	0.5	0.476864	na	0.733333	0.977011	0.17091	32	0	0	8.07743	11.2322	16.5103	0.530736	0.99371	0.433333	0.466667	6	17	12.2759	1.64502	0.215556	na	0.896538
99.9%	1.77028	4.29926	1.53576	1.72204	1.73916	1.92185	5.44368	0.451613	0.625	0.576849	na	0.766667	0.981609	0.184791	32	0	0	8.07743	12.0161	18.646	0.662616	1.10164	0.5	0.566667	7	20	13.4138	2.09089	0.282222	na	1.45973

average

	TD	Fs	FD*	FF*	FD	FF	H	B	Q	ZA	Fst	Kw	Hw	R2	S	pi_w	pi_b	thetaWatt	thetaTaj	thetaFW	D/Dmin	Hnorm	maxhap	maxhap1	Rm	ThetaFL	ThetaL	ZengE
 0.1%	-1.99384	-12.8193	-3.05734	-3.19647	-3.1755	-3.35302	-14.6391	0	0	0.0214002	na	0.3	0.696552	0.0518837	32	0	0	8.07743	3.64138	1.21379	-0.746295	-2.96252	0.0666667	0.1	0	1	2.86207	-2.04348	0.0488889	na	0.0795101
 1.0%	-1.57744	-10.1446	-2.22223	-2.25106	-2.19257	-2.2016	-10.2621	0	0	0.0473313	na	0.333333	0.806897	0.0638711	32	0	0	8.07743	4.56782	1.68046	-0.590437	-2.07674	0.1	0.133333	0	2	3.86207	-1.65166	0.0555556	na	0.0907574
 2.5%	-1.31086	-8.34603	-1.80467	-1.81749	-1.94683	-1.91519	-8.26667	0	0	0.0633604	na	0.4	0.850575	0.0746011	32	0	0	8.07743	5.16092	2.52874	-0.490657	-1.67293	0.1	0.133333	1	3	4.37931	-1.449	0.06	na	0.0957728
 5.0%	-1.15484	-7.10952	-1.38712	-1.46158	-1.45537	-1.58748	-6.35402	0	0	0.0812394	na	0.4	0.868966	0.0801698	32	0	0	8.07743	5.50805	3.1931	-0.432259	-1.28587	0.1	0.133333	1	4	4.89655	-1.24633	0.0644444	na	0.0991566
10.0%	-0.924428	-5.59113	-1.17834	-1.14184	-1.20964	-1.23402	-4.11954	0.0322581	0.0625	0.103506	na	0.433333	0.889655	0.0872434	32	0	0	8.07743	6.02069	3.93793	-0.346014	-0.833674	0.133333	0.166667	1	4	5.44828	-1.03015	0.0688889	na	0.105149
25.0%	-0.570025	-3.77327	-0.552013	-0.603129	-0.71817	-0.684281	-1.55402	0.0645161	0.125	0.143512	na	0.5	0.914943	0.0991708	32	0	0	8.07743	6.8092	5.44828	-0.213361	-0.314489	0.133333	0.2	2	6	6.51724	-0.611313	0.08	na	0.116967
50.0%	-0.111264	-2.02345	-0.134459	-0.0669924	0.0190283	-0.102576	0.708046	0.0967742	0.1875	0.197957	na	0.533333	0.937931	0.11571	32	0	0	8.07743	7.82989	7.57471	-0.0416463	0.143288	0.166667	0.233333	3	8	7.72414	-0.138428	0.0933333	na	0.136065
75.0%	0.371261	-0.7165	0.491871	0.458869	0.510494	0.487123	2.36322	0.193548	0.28125	0.267112	na	0.6	0.951724	0.13309	32	0	0	8.07743	8.90345	9.65287	0.138964	0.478246	0.233333	0.3	3	11	9.06897	0.388501	0.115556	na	0.176901
90.0%	0.815557	0.361321	0.909425	0.889478	1.00196	0.994228	3.66897	0.225806	0.34375	0.337119	na	0.633333	0.963218	0.149202	32	0	0	8.07743	9.89195	11.8759	0.305264	0.742491	0.3	0.333333	4	13	10.3793	0.901918	0.14	na	0.277689
95.0%	0.992242	1.23267	0.909425	1.07267	1.00196	1.1794	4.25747	0.290323	0.40625	0.392415	na	0.666667	0.967816	0.156352	32	0	0	8.07743	10.2851	13.8345	0.371397	0.861587	0.333333	0.4	5	14	11.069	1.17214	0.16	na	0.374677
97.5%	1.21336	1.90408	1.1182	1.22582	1.24769	1.35791	4.55172	0.354839	0.46875	0.432782	na	0.7	0.972414	0.163656	32	0	0	8.07743	10.777	15.1011	0.454161	0.921135	0.366667	0.433333	5	15	11.6897	1.41534	0.177778	na	0.498282
99.0%	1.41794	2.57713	1.32698	1.43589	1.49343	1.60036	4.91034	0.387097	0.5	0.476864	na	0.733333	0.977011	0.17091	32	0	0	8.07743	11.2322	16.5103	0.530736	0.99371	0.433333	0.466667	6	17	12.2759	1.64502	0.215556	na	0.896538
99.9%	1.77028	4.29926	1.53576	1.72204	1.73916	1.92185	5.44368	0.451613	0.625	0.576849	na	0.766667	0.981609	0.184791	32	0	0	8.07743	12.0161	18.646	0.662616	1.10164	0.5	0.566667	7	20	13.4138	2.09089	0.282222	na	1.45973

variance

	TD	Fs	FD*	FF*	FD	FF	H	B	Q	ZA	Fst	Kw	Hw	R2	S	pi_w	pi_b	thetaWatt	thetaTaj	thetaFW	D/Dmin	Hnorm	maxhap	maxhap1	Rm	ThetaFL	ThetaL	ZengE
 0.1%	na	na	na	na	na	na	na	na	na	na	na	na	na	na	na	na	na	na	na	na	na	na	na	na	na	na	na	na	na	na	na
 1.0%	na	na	na	na	na	na	na	na	na	na	na	na	na	na	na	na	na	na	na	na	na	na	na	na	na	na	na	na	na	na	na
 2.5%	na	na	na	na	na	na	na	na	na	na	na	na	na	na	na	na	na	na	na	na	na	na	na	na	na	na	na	na	na	na	na
 5.0%	na	na	na	na	na	na	na	na	na	na	na	na	na	na	na	na	na	na	na	na	na	na	na	na	na	na	na	na	na	na	na
10.0%	na	na	na	na	na	na	na	na	na	na	na	na	na	na	na	na	na	na	na	na	na	na	na	na	na	na	na	na	na	na	na
25.0%	na	na	na	na	na	na	na	na	na	na	na	na	na	na	na	na	na	na	na	na	na	na	na	na	na	na	na	na	na	na	na
50.0%	na	na	na	na	na	na	na	na	na	na	na	na	na	na	na	na	na	na	na	na	na	na	na	na	na	na	na	na	na	na	na
75.0%	na	na	na	na	na	na	na	na	na	na	na	na	na	na	na	na	na	na	na	na	na	na	na	na	na	na	na	na	na	na	na
90.0%	na	na	na	na	na	na	na	na	na	na	na	na	na	na	na	na	na	na	na	na	na	na	na	na	na	na	na	na	na	na	na
95.0%	na	na	na	na	na	na	na	na	na	na	na	na	na	na	na	na	na	na	na	na	na	na	na	na	na	na	na	na	na	na	na
97.5%	na	na	na	na	na	na	na	na	na	na	na	na	na	na	na	na	na	na	na	na	na	na	na	na	na	na	na	na	na	na	na
99.0%	na	na	na	na	na	na	na	na	na	na	na	na	na	na	na	na	na	na	na	na	na	na	na	na	na	na	na	na	na	na	na
99.9%	na	na	na	na	na	na	na	na	na	na	na	na	na	na	na	na	na	na	na	na	na	na	na	na	na	na	na	na	na	na	na