thetap[0]	
8.87868	
8.7087	
12.1481	
8.0336	
9.15489	
6.49538	
9.77181	
8.76731	
12.6694	
6.86791	
9.9074	
12.2763	
10.0548	
7.40514	
11.1441	
5.74068	
11.273	
8.23425	
9.25365	
10.1497	
8.51617	
12.0662	
10.0297	
10.0786	
7.76659	
12.3701	
10.937	
7.59491	
8.21488	
11.1355	
8.6968	
8.3021	
12.1654	
6.61569	
9.17226	
8.24955	
6.04211	
13.6635	
10.9624	
9.13633	
7.1186	
17.1626	
5.20566	
12.8972	
9.58935	
7.8299	
9.77754	
6.09775	
8.61538	
6.49649	
5.72199	
8.12331	
8.04179	
10.5824	
7.40928	
14.7989	
8.89035	
12.2032	
8.89699	
4.35662	
8.06594	
9.74454	
9.07213	
15.8228	
5.12848	
5.71834	
6.01298	
7.11196	
8.36045	
5.5013	
10.2488	
8.12708	
17.2372	
9.69137	
5.36889	
11.6079	
6.7404	
12.7349	
10.342	
18.4343	
8.50292	
12.0486	
15.0878	
13.0771	
6.38803	
8.94337	
8.28299	
8.65719	
12.8896	
12.0852	
7.26347	
8.07985	
6.02627	
5.61586	
6.20949	
9.07335	
7.99754	
8.74677	
5.53245	
7.73321	
8.83054	
11.3202	
11.2475	
12.1806	
7.50863	
12.0162	
7.72197	
8.00231	
4.75614	
10.265	
12.9045	
4.84479	
5.57543	
14.3453	
8.87218	
6.02884	
11.3524	
6.94811	
7.26349	
6.13027	
7.60285	
10.7333	
9.03141	
8.42151	
7.95802	
7.11335	
6.14446	
10.0056	
9.73883	
5.37774	
10.015	
6.62122	
12.3134	
11.7237	
9.4113	
8.80551	
9.32406	
12.5191	
14.7745	
6.64522	
11.7645	
8.25387	
6.44581	
11.3595	
8.87541	
6.14538	
8.68914	
7.99299	
6.37694	
8.75573	
13.1775	
13.6268	
10.6586	
10.1856	
7.51	
13.4927	
7.58403	
9.67502	
9.70255	
5.5497	
11.6949	
5.93904	
8.71701	
8.38099	
4.96505	
9.78298	
5.91888	
7.18298	
7.36718	
20.2626	
9.51719	
18.2752	
8.31532	
8.20598	
8.41744	
13.0021	
6.29514	
7.21961	
9.45308	
5.50249	
12.3998	
8.37258	
18.141	
9.12401	
10.9806	
5.38589	
22.1553	
5.9428	
8.92695	
6.73253	
9.49279	
7.23669	
6.91651	
9.03233	
9.06286	
5.00687	
5.51327	
10.4943	
7.40893	
7.71533	
7.42437	
9.36147	
6.68464	
7.38472	
11.7556	
13.7835	
4.94932	
9.04018	
12.3997	
9.98243	
6.18897	
11.1158	
13.6586	
10.8844	
9.5824	
8.01385	
12.8731	
7.30609	
10.5684	
7.5185	
10.9477	
8.11411	
9.14425	
9.46465	
6.37903	
10.3142	
9.52139	
5.39285	
10.1074	
5.76035	
6.90679	
9.40331	
14.2564	
10.2844	
11.7249	
10.4164	
11.2077	
13.4196	
8.60665	
8.41637	
9.48249	
10.0595	
8.75135	
9.94812	
8.95818	
5.43759	
7.94357	
10.0381	
7.02485	
12.1259	
14.0892	
6.28273	
6.81001	
5.26733	
6.11143	
10.9942	
10.7454	
9.83953	
13.6043	
8.69561	
10.7729	
11.009	
9.67259	
10.357	
6.50202	
6.85105	
13.1467	
6.30245	
8.18271	
9.5684	
5.46148	
6.11369	
13.9333	
9.74257	
8.31197	
6.3413	
7.94509	
8.86275	
9.4307	
6.92148	
5.22566	
7.78184	
6.4319	
8.91767	
7.50058	
13.5729	
6.07632	
12.6826	
11.1515	
11.0665	
4.89184	
9.5471	
6.9165	
5.53001	
7.53183	
9.70081	
7.09616	
7.84349	
8.49478	
9.31095	
9.25994	
9.66217	
13.583	
8.17607	
10.1539	
9.07539	
6.22712	
10.3535	
7.75907	
16.7989	
12.4221	
10.9223	
8.60983	
10.8899	
7.43484	
7.54982	
4.59637	
7.75022	
7.90169	
14.0174	
7.60467	
6.8575	
9.1128	
7.17175	
6.35893	
9.9428	
5.53233	
6.86916	
9.64168	
16.0112	
9.81253	
6.60779	
8.36393	
11.853	
11.7934	
4.35698	
10.7917	
7.44901	
7.58165	
7.55883	
10.3628	
8.73045	
11.3618	
8.06506	
4.46146	
7.05032	
8.78765	
7.75786	
12.9746	
10.3014	
14.5376	
11.9564	
12.6515	
9.75114	
16.0627	
11.9653	
6.81828	
3.98653	
14.2474	
5.45696	
5.15497	
6.51846	
6.81495	
11.0392	
6.86101	
7.6833	
7.59308	
10.3034	
10.423	
5.23541	
14.4276	
10.366	
5.58311	
8.33955	
7.32648	
9.27741	
6.43158	
9.0392	
6.13197	
5.38668	
9.12489	
6.8653	
7.77845	
8.23263	
6.77539	
10.698	
10.9505	
7.03617	
9.00989	
8.86143	
7.17773	
7.64608	
10.4774	
7.10635	
5.16377	
3.76178	
12.7887	
6.41706	
8.87433	
8.63248	
6.85644	
6.76053	
14.0937	
7.11846	
8.53758	
11.5854	
9.34029	
9.37477	
9.5548	
8.87575	
8.91544	
6.29907	
9.86394	
10.3972	
7.16645	
8.79385	
9.71147	
6.37438	
7.43144	
8.05248	
12.0769	
6.38352	
8.86442	
10.1646	
6.04259	
9.90482	
6.94205	
4.18994	
13.76	
6.44639	
10.7442	
15.1849	
10.2072	
7.68961	
8.78962	
10.4901	
8.72366	
6.89078	
12.4601	
6.63638	
5.24086	
12.4682	
8.89575	
8.49677	
6.03162	
10.1598	
9.99386	
9.19103	
8.32474	
6.68487	
11.4571	
9.42466	
9.51861	
9.52744	
7.76633	
6.00005	
8.88743	
6.6283	
6.13802	
7.36787	
6.33527	
7.81034	
7.22849	
9.8268	
9.67752	
10.3554	
10.5212	
9.53832	
10.1409	
8.1662	
7.25881	
5.68007	
8.95827	
14.126	
8.75061	
10.2839	
6.02168	
8.19516	
9.78274	
9.74651	
6.70097	
8.22538	
11.3027	
7.35264	
8.56406	
8.1106	
10.1165	
5.50718	
6.81395	
10.1769	
8.34049	
9.44124	
12.1935	
10.9868	
7.03753	
9.74493	
8.17614	
8.15512	
8.51316	
6.86933	
9.87368	
8.38371	
7.62266	
10.9329	
4.8735	
6.09626	
11.2031	
10.3255	
12.9613	
4.36159	
7.74735	
12.2151	
7.30436	
10.445	
11.0724	
8.55701	
7.19615	
8.57367	
7.66708	
9.40286	
6.05348	
8.65386	
4.2814	
5.2399	
9.89899	
8.6312	
12.2407	
8.37916	
7.90046	
12.425	
7.87423	
9.68387	
9.58331	
5.59323	
7.06036	
6.88746	
6.4912	
9.48095	
5.79429	
8.24373	
11.3636	
8.78188	
7.70125	
6.17149	
9.25361	
12.1857	
8.52452	
6.42617	
7.10717	
5.48288	
6.6949	
9.83671	
8.85837	
9.70424	
5.02407	
10.2011	
14.8648	
6.71121	
10.7083	
9.0841	
9.65519	
6.68442	
9.82538	
11.6051	
8.93515	
11.391	
7.56016	
6.63731	
7.84865	
9.72849	
11.6176	
10.4508	
8.50754	
8.26788	
12.6065	
10.4519	
8.31837	
9.35115	
9.85972	
7.01508	
8.47915	
7.67418	
8.00738	
8.44245	
11.1005	
11.2792	
10.6229	
5.27332	
6.23617	
5.57037	
8.37308	
10.4816	
6.88784	
8.08368	
17.1291	
7.89601	
10.5841	
11.9131	
10.094	
7.22114	
10.557	
8.73087	
8.96058	
8.45851	
9.58485	
6.39324	
14.8418	
8.84125	
8.48756	
8.98771	
9.96774	
8.22568	
7.91714	
19.0521	
4.78074	
9.45241	
7.16761	
8.66872	
8.08446	
9.80093	
11.7712	
9.09041	
8.84456	
12.1285	
10.1405	
6.71474	
10.2285	
7.44017	
8.44242	
5.9631	
10.2847	
12.0232	
14.175	
6.1512	
7.61174	
10.756	
9.34284	
8.1355	
10.1458	
14.7105	
6.22271	
9.72118	
11.1129	
6.82588	
8.07679	
8.16399	
7.14742	
5.93627	
14.4317	
8.59594	
8.31078	
9.31778	
7.90539	
5.45049	
10.7871	
9.69419	
6.24879	
6.20613	
8.67847	
8.48646	
9.30645	
9.68028	
7.17199	
7.74158	
17.205	
5.24009	
12.4425	
8.75886	
12.9294	
5.62655	
10.5007	
7.84352	
11.1469	
9.88582	
13.0523	
7.28983	
5.81197	
8.17708	
7.96726	
11.9442	
9.9866	
11.326	
7.94403	
13.9322	
5.13448	
12.1013	
8.19438	
7.137	
6.62482	
9.75187	
12.443	
10.2079	
11.2653	
10.5511	
7.22692	
6.55705	
6.02947	
10.4591	
8.10668	
9.69841	
7.26181	
9.69489	
11.2417	
7.16161	
9.32446	
11.6918	
9.62376	
6.9334	
10.7757	
7.86776	
5.99583	
9.13051	
8.79371	
7.86947	
8.2116	
7.683	
10.1197	
8.37475	
12.3494	
10.1368	
5.52298	
9.36851	
7.99267	
9.24714	
12.8331	
8.78278	
8.13576	
9.15022	
7.31703	
6.31813	
13.4844	
11.1777	
6.10374	
8.67321	
6.83171	
10.3793	
7.8514	
11.6913	
9.33263	
9.04803	
17.7563	
8.39337	
7.01108	
11.1607	
13.63	
6.01567	
12.3842	
6.69128	
6.92058	
8.44298	
8.76215	
8.393	
4.4288	
8.03202	
7.96678	
7.93313	
7.39296	
5.84601	
11.0568	
12.3822	
9.68918	
7.03466	
9.85377	
7.47955	
9.08414	
8.24977	
11.0691	
10.4141	
9.65148	
5.89013	
6.95553	
7.09815	
7.05367	
10.2308	
7.20492	
7.92069	
4.93041	
20.479	
8.64061	
12.5689	
6.0879	
12.0851	
6.39938	
14.6959	
8.42694	
9.35488	
6.74247	
13.3927	
8.55482	
7.57985	
6.04882	
9.32328	
6.84979	
8.07178	
12.1196	
8.54877	
7.33632	
13.1714	
6.73525	
5.63943	
10.0089	
7.39239	
6.94171	
7.88597	
9.43135	
6.83704	
7.73382	
5.3318	
6.72199	
7.42602	
7.10379	
9.6576	
11.6922	
8.54628	
10.4174	
11.0376	
8.07545	
8.47038	
11.4602	
9.91745	
5.24128	
9.51784	
7.4208	
4.61313	
6.85927	
10.4464	
5.97001	
6.58407	
7.25618	
6.40984	
9.38652	
9.93206	
7.4918	
7.53179	
8.24527	
6.05406	
7.85398	
11.5414	
7.83498	
6.89945	
8.46753	
6.24291	
7.53146	
5.02227	
11.3869	
5.82046	
7.45811	
13.2536	
6.6099	
11.0601	
12.2659	
5.92522	
10.054	
7.64319	
12.9335	
6.83381	
8.78039	
10.9271	
15.7072	
9.10663	
8.28829	
7.6532	
6.37209	
11.1428	
9.85416	
16.8799	
6.63849	
9.87561	
8.43125	
7.53332	
7.97672	
12.0968	
5.765	
9.11728	
7.49777	
8.9376	
10.1718	
9.39496	
11.0205	
13.9941	
11.6781	
9.26519	
7.25094	
8.0988	
5.01693	
8.5779	
7.8013	
7.55217	
7.04738	
10.9979	
6.97231	
7.46991	
7.92052	
10.4486	
13.9344	
5.59413	
6.53812	
10.0809	
7.71031	
9.29257	
5.49453	
5.8255	
7.3456	
9.60957	
13.5353	
6.63078	
7.92745	
9.89177	
15.0589	
6.10044	
7.15664	
13.2883	
7.09211	
10.5654	
10.8666	
5.07362	
8.62695	
6.35988	
9.82341	
8.2858	
8.37065	
10.7319	
13.0221	
7.08499	
6.88264	
10.4903	
6.18208	
11.4366	
6.82378	
7.509	
6.53731	
6.13673	
13.3108	
9.91333	
8.1901	
11.9542	
9.9492	
11.7494	
9.62047	
7.40035	
8.29858	
10.1268	
7.01701	
8.26418	
12.341	
11.8634	
8.86206	
14.4314	
7.38911	
8.87372	
12.6572	
7.94827	
9.37343	
6.3089	
9.43917	
9.30634	
14.9612	
11.0976	
8.06977	
5.49231	
8.49597	
10.9526	
9.92305	
8.31207	
8.1151	
14.9356	
7.20763	
9.38834	
8.61076	
4.7603	
7.80255	
5.96709	
7.36997	
6.9471	
10.1342	
9.95944	
6.02446	
15.9441	
9.90771	
9.67551	
14.5381	
7.0243	
4.84438	
4.13639	
7.96445	
11.1846	
11.256	
9.19894	
4.59126	
8.62651	
9.51798	
8.19252	
10.315	
5.88259	
18.2001	
9.70323	
9.13082	
7.6403	
7.42651	
5.88413	

ratio[0]	
0.153468	
