

Number of valid iterations:
	TD	Fs	FD*	FF*	FD	FF	H	B	Q	ZA	Fst	Kw	Hw	R2	S	pi_w	pi_b	thetaWatt	thetaTaj	thetaFW	D/Dmin	Hnorm	maxhap	maxhap1	Rm	ThetaFL	ThetaL	ZengE
locus_0	1000	1000	1000	1000	1000	1000	1000	1000	1000	1000	0	1000	1000	1000	1000	1000	1000	1000	1000	1000	1000	1000	1000	1000	1000	1000	1000	1000	1000	0	1000
average	1000	1000	1000	1000	1000	1000	1000	1000	1000	1000	0	1000	1000	1000	1000	1000	1000	1000	1000	1000	1000	1000	1000	1000	1000	1000	1000	1000	1000	0	1000
variance	0	0	0	0	0	0	0	0	0	0	0	0	0	0	0	0	0	0	0	0	0	0	0	0	0	0	0	0	0	0	0

PERCENTILES:

locus_0

	TD	Fs	FD*	FF*	FD	FF	H	B	Q	ZA	Fst	Kw	Hw	R2	S	pi_w	pi_b	thetaWatt	thetaTaj	thetaFW	D/Dmin	Hnorm	maxhap	maxhap1	Rm	ThetaFL	ThetaL	ZengE
 0.1%	-1.8141	-12.3006	-2.90971	-2.79251	-2.70236	-2.69304	-22.8322	0	0	0.01519	na	0.3	0.678161	0.0573408	11	0	0	2.77662	2.13103	0.767816	-0.669256	-3.39244	0.0666667	0.1	0	0	1.75862	-1.99788	0.0488889	na	0.0503589
 1.0%	-1.51259	-9.69371	-2.22223	-2.34452	-2.19257	-2.26871	-13.5172	0	0	0.0465577	na	0.366667	0.8	0.0680375	17	0	0	4.29114	3.48046	1.91954	-0.575414	-2.13881	0.1	0.133333	1	2	3	-1.37639	0.0555556	na	0.0622763
 2.5%	-1.28422	-8.23277	-1.68181	-1.74396	-1.78919	-1.84805	-10.069	0	0	0.0633532	na	0.4	0.836782	0.0745713	20	0	0	5.0484	4.0023	2.62759	-0.488199	-1.61882	0.1	0.133333	1	3	3.89655	-1.27176	0.0577778	na	0.0674314
 5.0%	-1.10717	-7.09797	-1.41447	-1.46066	-1.47608	-1.5548	-7.71494	0	0	0.0826379	na	0.433333	0.866667	0.0822672	22	0	0	5.55324	4.61379	3.33103	-0.411117	-1.32472	0.1	0.133333	1	3	4.37931	-1.05022	0.06	na	0.0755864
10.0%	-0.888437	-5.59219	-0.980325	-1.06081	-1.07814	-1.12951	-5.64598	0.0333333	0.0645161	0.104809	na	0.433333	0.889655	0.0885403	25	0	0	6.3105	5.48046	4.24368	-0.333412	-0.999631	0.133333	0.166667	1	4	5.13793	-0.810882	0.0644444	na	0.0832695
25.0%	-0.46809	-3.62599	-0.500498	-0.515728	-0.528763	-0.525447	-2.53793	0.0740741	0.129032	0.153773	na	0.5	0.921839	0.102427	30	0	0	7.5726	6.87126	6.47356	-0.17561	-0.459891	0.133333	0.166667	2	6	6.89655	-0.390656	0.0733333	na	0.100092
50.0%	-0.0126434	-1.95859	0.0730476	0.0603965	0.0932723	0.0758892	-0.183908	0.117647	0.204082	0.2073	na	0.566667	0.944828	0.118407	36	0	0	9.08711	8.82299	9.37011	-0.00474333	-0.0342342	0.166667	0.2	3	9	9.13793	0.0989944	0.0866667	na	0.134633
75.0%	0.445704	-0.558251	0.491871	0.5494	0.603362	0.620497	1.66437	0.173077	0.28125	0.271746	na	0.6	0.958621	0.135598	42	0	0	10.6016	11.1057	12.7747	0.165096	0.346791	0.233333	0.266667	4	11	11.7931	0.61083	0.108889	na	0.190372
90.0%	0.869286	0.61641	0.856035	0.898244	0.977145	1.0223	3.2	0.230769	0.365385	0.330125	na	0.666667	0.967816	0.150926	48	0	0	12.1162	13.0966	16.3149	0.325375	0.611397	0.266667	0.333333	5	14	14.1034	1.01859	0.137778	na	0.277335
95.0%	1.08509	1.33563	1.08346	1.12775	1.21717	1.28361	3.69655	0.282051	0.419355	0.367868	na	0.7	0.972414	0.159231	52	0	0	13.1258	14.7632	18.8023	0.396922	0.737173	0.333333	0.4	6	16	16.1034	1.29851	0.162222	na	0.361596
97.5%	1.23712	2.05737	1.22218	1.29578	1.42471	1.48102	4.45977	0.317073	0.473684	0.399929	na	0.7	0.974713	0.164278	56	0	0	14.1355	16.0253	21.023	0.461233	0.836401	0.366667	0.433333	6	18	17.4828	1.641	0.188889	na	0.488124
99.0%	1.4367	2.90404	1.32057	1.43153	1.51339	1.66758	5.27816	0.36	0.53125	0.43224	na	0.733333	0.977011	0.170631	59	0	0	14.8928	18.3632	24.0713	0.528892	0.917096	0.433333	0.5	7	21	19.3103	1.89811	0.224444	na	0.6466
99.9%	1.73752	4.14134	1.57026	1.57763	1.78677	1.81247	6.38161	0.404255	0.583333	0.506395	na	0.766667	0.983908	0.182582	67	0	0	16.9121	19.8575	29.9356	0.639209	0.999631	0.5	0.533333	9	25	22.6207	2.13954	0.293333	na	1.21102

average

	TD	Fs	FD*	FF*	FD	FF	H	B	Q	ZA	Fst	Kw	Hw	R2	S	pi_w	pi_b	thetaWatt	thetaTaj	thetaFW	D/Dmin	Hnorm	maxhap	maxhap1	Rm	ThetaFL	ThetaL	ZengE
 0.1%	-1.8141	-12.3006	-2.90971	-2.79251	-2.70236	-2.69304	-22.8322	0	0	0.01519	na	0.3	0.678161	0.0573408	11	0	0	2.77662	2.13103	0.767816	-0.669256	-3.39244	0.0666667	0.1	0	0	1.75862	-1.99788	0.0488889	na	0.0503589
 1.0%	-1.51259	-9.69371	-2.22223	-2.34452	-2.19257	-2.26871	-13.5172	0	0	0.0465577	na	0.366667	0.8	0.0680375	17	0	0	4.29114	3.48046	1.91954	-0.575414	-2.13881	0.1	0.133333	1	2	3	-1.37639	0.0555556	na	0.0622763
 2.5%	-1.28422	-8.23277	-1.68181	-1.74396	-1.78919	-1.84805	-10.069	0	0	0.0633532	na	0.4	0.836782	0.0745713	20	0	0	5.0484	4.0023	2.62759	-0.488199	-1.61882	0.1	0.133333	1	3	3.89655	-1.27176	0.0577778	na	0.0674314
 5.0%	-1.10717	-7.09797	-1.41447	-1.46066	-1.47608	-1.5548	-7.71494	0	0	0.0826379	na	0.433333	0.866667	0.0822672	22	0	0	5.55324	4.61379	3.33103	-0.411117	-1.32472	0.1	0.133333	1	3	4.37931	-1.05022	0.06	na	0.0755864
10.0%	-0.888437	-5.59219	-0.980325	-1.06081	-1.07814	-1.12951	-5.64598	0.0333333	0.0645161	0.104809	na	0.433333	0.889655	0.0885403	25	0	0	6.3105	5.48046	4.24368	-0.333412	-0.999631	0.133333	0.166667	1	4	5.13793	-0.810882	0.0644444	na	0.0832695
25.0%	-0.46809	-3.62599	-0.500498	-0.515728	-0.528763	-0.525447	-2.53793	0.0740741	0.129032	0.153773	na	0.5	0.921839	0.102427	30	0	0	7.5726	6.87126	6.47356	-0.17561	-0.459891	0.133333	0.166667	2	6	6.89655	-0.390656	0.0733333	na	0.100092
50.0%	-0.0126434	-1.95859	0.0730476	0.0603965	0.0932723	0.0758892	-0.183908	0.117647	0.204082	0.2073	na	0.566667	0.944828	0.118407	36	0	0	9.08711	8.82299	9.37011	-0.00474333	-0.0342342	0.166667	0.2	3	9	9.13793	0.0989944	0.0866667	na	0.134633
75.0%	0.445704	-0.558251	0.491871	0.5494	0.603362	0.620497	1.66437	0.173077	0.28125	0.271746	na	0.6	0.958621	0.135598	42	0	0	10.6016	11.1057	12.7747	0.165096	0.346791	0.233333	0.266667	4	11	11.7931	0.61083	0.108889	na	0.190372
90.0%	0.869286	0.61641	0.856035	0.898244	0.977145	1.0223	3.2	0.230769	0.365385	0.330125	na	0.666667	0.967816	0.150926	48	0	0	12.1162	13.0966	16.3149	0.325375	0.611397	0.266667	0.333333	5	14	14.1034	1.01859	0.137778	na	0.277335
95.0%	1.08509	1.33563	1.08346	1.12775	1.21717	1.28361	3.69655	0.282051	0.419355	0.367868	na	0.7	0.972414	0.159231	52	0	0	13.1258	14.7632	18.8023	0.396922	0.737173	0.333333	0.4	6	16	16.1034	1.29851	0.162222	na	0.361596
97.5%	1.23712	2.05737	1.22218	1.29578	1.42471	1.48102	4.45977	0.317073	0.473684	0.399929	na	0.7	0.974713	0.164278	56	0	0	14.1355	16.0253	21.023	0.461233	0.836401	0.366667	0.433333	6	18	17.4828	1.641	0.188889	na	0.488124
99.0%	1.4367	2.90404	1.32057	1.43153	1.51339	1.66758	5.27816	0.36	0.53125	0.43224	na	0.733333	0.977011	0.170631	59	0	0	14.8928	18.3632	24.0713	0.528892	0.917096	0.433333	0.5	7	21	19.3103	1.89811	0.224444	na	0.6466
99.9%	1.73752	4.14134	1.57026	1.57763	1.78677	1.81247	6.38161	0.404255	0.583333	0.506395	na	0.766667	0.983908	0.182582	67	0	0	16.9121	19.8575	29.9356	0.639209	0.999631	0.5	0.533333	9	25	22.6207	2.13954	0.293333	na	1.21102

variance

	TD	Fs	FD*	FF*	FD	FF	H	B	Q	ZA	Fst	Kw	Hw	R2	S	pi_w	pi_b	thetaWatt	thetaTaj	thetaFW	D/Dmin	Hnorm	maxhap	maxhap1	Rm	ThetaFL	ThetaL	ZengE
 0.1%	na	na	na	na	na	na	na	na	na	na	na	na	na	na	na	na	na	na	na	na	na	na	na	na	na	na	na	na	na	na	na
 1.0%	na	na	na	na	na	na	na	na	na	na	na	na	na	na	na	na	na	na	na	na	na	na	na	na	na	na	na	na	na	na	na
 2.5%	na	na	na	na	na	na	na	na	na	na	na	na	na	na	na	na	na	na	na	na	na	na	na	na	na	na	na	na	na	na	na
 5.0%	na	na	na	na	na	na	na	na	na	na	na	na	na	na	na	na	na	na	na	na	na	na	na	na	na	na	na	na	na	na	na
10.0%	na	na	na	na	na	na	na	na	na	na	na	na	na	na	na	na	na	na	na	na	na	na	na	na	na	na	na	na	na	na	na
25.0%	na	na	na	na	na	na	na	na	na	na	na	na	na	na	na	na	na	na	na	na	na	na	na	na	na	na	na	na	na	na	na
50.0%	na	na	na	na	na	na	na	na	na	na	na	na	na	na	na	na	na	na	na	na	na	na	na	na	na	na	na	na	na	na	na
75.0%	na	na	na	na	na	na	na	na	na	na	na	na	na	na	na	na	na	na	na	na	na	na	na	na	na	na	na	na	na	na	na
90.0%	na	na	na	na	na	na	na	na	na	na	na	na	na	na	na	na	na	na	na	na	na	na	na	na	na	na	na	na	na	na	na
95.0%	na	na	na	na	na	na	na	na	na	na	na	na	na	na	na	na	na	na	na	na	na	na	na	na	na	na	na	na	na	na	na
97.5%	na	na	na	na	na	na	na	na	na	na	na	na	na	na	na	na	na	na	na	na	na	na	na	na	na	na	na	na	na	na	na
99.0%	na	na	na	na	na	na	na	na	na	na	na	na	na	na	na	na	na	na	na	na	na	na	na	na	na	na	na	na	na	na	na
99.9%	na	na	na	na	na	na	na	na	na	na	na	na	na	na	na	na	na	na	na	na	na	na	na	na	na	na	na	na	na	na	na