

Number of valid iterations:
	TD	Fs	FD*	FF*	FD	FF	H	B	Q	ZA	Fst	Kw	Hw	R2	S	pi_w	pi_b	thetaWatt	thetaTaj	thetaFW	D/Dmin	Hnorm	maxhap	maxhap1	Rm	ThetaFL	ThetaL	ZengE
locus_0	1000	1000	1000	1000	1000	1000	1000	1000	1000	1000	0	1000	1000	1000	1000	1000	1000	1000	1000	1000	1000	1000	1000	1000	1000	1000	1000	1000	1000	0	1000
average	1000	1000	1000	1000	1000	1000	1000	1000	1000	1000	0	1000	1000	1000	1000	1000	1000	1000	1000	1000	1000	1000	1000	1000	1000	1000	1000	1000	1000	0	1000
variance	0	0	0	0	0	0	0	0	0	0	0	0	0	0	0	0	0	0	0	0	0	0	0	0	0	0	0	0	0	0	0

PERCENTILES:

locus_0

	TD	Fs	FD*	FF*	FD	FF	H	B	Q	ZA	Fst	Kw	Hw	R2	S	pi_w	pi_b	thetaWatt	thetaTaj	thetaFW	D/Dmin	Hnorm	maxhap	maxhap1	Rm	ThetaFL	ThetaL	ZengE
 0.1%	-2.10819	-15.4377	-3.44871	-3.4306	-3.52813	-3.54603	-16.1471	0	0	0.00627969	na	0.166667	0.56092	0.0533256	4	0	0	1.00968	1.15862	0.165517	-0.826738	-4.79755	0.1	0.1	0	0	0.689655	-2.00626	0.0533333	na	0.0849609
 1.0%	-1.63889	-8.87384	-2.22339	-2.36676	-2.52703	-2.53535	-8.47816	0	0	0.0179226	na	0.233333	0.685057	0.0654466	8	0	0	2.01936	1.50115	0.402299	-0.638449	-2.16528	0.1	0.133333	0	0	1.13793	-1.70489	0.0666667	na	0.095332
 2.5%	-1.40364	-7.41958	-1.80198	-1.89981	-1.96434	-2.06103	-6.05977	0	0	0.0331556	na	0.266667	0.737931	0.0709029	9	0	0	2.27178	1.86207	0.616092	-0.553782	-1.82025	0.133333	0.166667	0	1	1.41379	-1.41934	0.0711111	na	0.109848
 5.0%	-1.21641	-6.2681	-1.5165	-1.59771	-1.56534	-1.6467	-4.8092	0	0	0.0505853	na	0.3	0.786207	0.0773759	11	0	0	2.77662	2.2092	1.01149	-0.483751	-1.41625	0.133333	0.166667	0	1	1.86207	-1.22834	0.0777778	na	0.1208
10.0%	-0.939499	-5.30969	-1.05302	-1.0995	-1.14563	-1.19575	-3.38391	0	0	0.0772244	na	0.333333	0.822989	0.0857714	12	0	0	3.02904	2.62069	1.69425	-0.377833	-1.00532	0.133333	0.2	1	2	2.31034	-1.02411	0.0844444	na	0.136023
25.0%	-0.554136	-3.79902	-0.553275	-0.563467	-0.539664	-0.58185	-1.22299	0.047619	0.0909091	0.131235	na	0.366667	0.864368	0.100671	15	0	0	3.7863	3.49425	2.87356	-0.215608	-0.392375	0.2	0.233333	1	3	3.37931	-0.551481	0.1	na	0.172825
50.0%	-0.0302295	-2.19023	0.0665908	0.0589797	0.0853114	0.0840051	0.45977	0.105263	0.181818	0.198939	na	0.433333	0.903448	0.119887	19	0	0	4.79598	4.66207	4.48046	-0.0118873	0.149254	0.233333	0.3	2	5	4.72414	-0.0387705	0.126667	na	0.231014
75.0%	0.482969	-0.813775	0.542096	0.567523	0.59891	0.610681	1.53563	0.171429	0.28	0.273295	na	0.5	0.931034	0.138566	23	0	0	5.80566	6.14713	6.63678	0.189205	0.536778	0.3	0.4	3	7	6.37931	0.536159	0.164444	na	0.32294
90.0%	0.904611	0.261153	0.947199	0.985245	1.03717	1.06619	2.35402	0.25	0.375	0.343296	na	0.566667	0.947126	0.154392	28	0	0	7.06776	7.65517	8.89425	0.356529	0.757991	0.366667	0.5	3	9	7.89655	1.06478	0.204444	na	0.440506
95.0%	1.20121	0.981137	1.14907	1.16261	1.28814	1.27332	2.86897	0.290323	0.428571	0.390136	na	0.566667	0.954023	0.165287	30	0	0	7.5726	8.48506	10.4115	0.458394	0.870415	0.433333	0.533333	4	10	9.10345	1.34451	0.24	na	0.554847
97.5%	1.37319	1.72278	1.28885	1.40634	1.44784	1.54525	3.22759	0.333333	0.466667	0.425094	na	0.6	0.96092	0.173036	33	0	0	8.32985	9.56552	12.3655	0.55193	0.9774	0.5	0.6	4	11	10.1724	1.60223	0.286667	na	0.699732
99.0%	1.5979	2.8145	1.46957	1.64406	1.58232	1.79166	3.82529	0.375	0.521739	0.469371	na	0.633333	0.965517	0.181308	36	0	0	9.08711	10.4897	14.3816	0.62811	1.03518	0.533333	0.666667	5	12	11.6897	1.80163	0.331111	na	0.863095
99.9%	2.0562	4.27041	1.68749	1.87178	1.89566	2.0893	5.26897	0.470588	0.65	0.612795	na	0.733333	0.97931	0.199225	40	0	0	10.0968	11.5195	21.0736	0.801922	1.2055	0.633333	0.733333	6	14	13.4138	2.41332	0.422222	na	1.55172

average

	TD	Fs	FD*	FF*	FD	FF	H	B	Q	ZA	Fst	Kw	Hw	R2	S	pi_w	pi_b	thetaWatt	thetaTaj	thetaFW	D/Dmin	Hnorm	maxhap	maxhap1	Rm	ThetaFL	ThetaL	ZengE
 0.1%	-2.10819	-15.4377	-3.44871	-3.4306	-3.52813	-3.54603	-16.1471	0	0	0.00627969	na	0.166667	0.56092	0.0533256	4	0	0	1.00968	1.15862	0.165517	-0.826738	-4.79755	0.1	0.1	0	0	0.689655	-2.00626	0.0533333	na	0.0849609
 1.0%	-1.63889	-8.87384	-2.22339	-2.36676	-2.52703	-2.53535	-8.47816	0	0	0.0179226	na	0.233333	0.685057	0.0654466	8	0	0	2.01936	1.50115	0.402299	-0.638449	-2.16528	0.1	0.133333	0	0	1.13793	-1.70489	0.0666667	na	0.095332
 2.5%	-1.40364	-7.41958	-1.80198	-1.89981	-1.96434	-2.06103	-6.05977	0	0	0.0331556	na	0.266667	0.737931	0.0709029	9	0	0	2.27178	1.86207	0.616092	-0.553782	-1.82025	0.133333	0.166667	0	1	1.41379	-1.41934	0.0711111	na	0.109848
 5.0%	-1.21641	-6.2681	-1.5165	-1.59771	-1.56534	-1.6467	-4.8092	0	0	0.0505853	na	0.3	0.786207	0.0773759	11	0	0	2.77662	2.2092	1.01149	-0.483751	-1.41625	0.133333	0.166667	0	1	1.86207	-1.22834	0.0777778	na	0.1208
10.0%	-0.939499	-5.30969	-1.05302	-1.0995	-1.14563	-1.19575	-3.38391	0	0	0.0772244	na	0.333333	0.822989	0.0857714	12	0	0	3.02904	2.62069	1.69425	-0.377833	-1.00532	0.133333	0.2	1	2	2.31034	-1.02411	0.0844444	na	0.136023
25.0%	-0.554136	-3.79902	-0.553275	-0.563467	-0.539664	-0.58185	-1.22299	0.047619	0.0909091	0.131235	na	0.366667	0.864368	0.100671	15	0	0	3.7863	3.49425	2.87356	-0.215608	-0.392375	0.2	0.233333	1	3	3.37931	-0.551481	0.1	na	0.172825
50.0%	-0.0302295	-2.19023	0.0665908	0.0589797	0.0853114	0.0840051	0.45977	0.105263	0.181818	0.198939	na	0.433333	0.903448	0.119887	19	0	0	4.79598	4.66207	4.48046	-0.0118873	0.149254	0.233333	0.3	2	5	4.72414	-0.0387705	0.126667	na	0.231014
75.0%	0.482969	-0.813775	0.542096	0.567523	0.59891	0.610681	1.53563	0.171429	0.28	0.273295	na	0.5	0.931034	0.138566	23	0	0	5.80566	6.14713	6.63678	0.189205	0.536778	0.3	0.4	3	7	6.37931	0.536159	0.164444	na	0.32294
90.0%	0.904611	0.261153	0.947199	0.985245	1.03717	1.06619	2.35402	0.25	0.375	0.343296	na	0.566667	0.947126	0.154392	28	0	0	7.06776	7.65517	8.89425	0.356529	0.757991	0.366667	0.5	3	9	7.89655	1.06478	0.204444	na	0.440506
95.0%	1.20121	0.981137	1.14907	1.16261	1.28814	1.27332	2.86897	0.290323	0.428571	0.390136	na	0.566667	0.954023	0.165287	30	0	0	7.5726	8.48506	10.4115	0.458394	0.870415	0.433333	0.533333	4	10	9.10345	1.34451	0.24	na	0.554847
97.5%	1.37319	1.72278	1.28885	1.40634	1.44784	1.54525	3.22759	0.333333	0.466667	0.425094	na	0.6	0.96092	0.173036	33	0	0	8.32985	9.56552	12.3655	0.55193	0.9774	0.5	0.6	4	11	10.1724	1.60223	0.286667	na	0.699732
99.0%	1.5979	2.8145	1.46957	1.64406	1.58232	1.79166	3.82529	0.375	0.521739	0.469371	na	0.633333	0.965517	0.181308	36	0	0	9.08711	10.4897	14.3816	0.62811	1.03518	0.533333	0.666667	5	12	11.6897	1.80163	0.331111	na	0.863095
99.9%	2.0562	4.27041	1.68749	1.87178	1.89566	2.0893	5.26897	0.470588	0.65	0.612795	na	0.733333	0.97931	0.199225	40	0	0	10.0968	11.5195	21.0736	0.801922	1.2055	0.633333	0.733333	6	14	13.4138	2.41332	0.422222	na	1.55172

variance

	TD	Fs	FD*	FF*	FD	FF	H	B	Q	ZA	Fst	Kw	Hw	R2	S	pi_w	pi_b	thetaWatt	thetaTaj	thetaFW	D/Dmin	Hnorm	maxhap	maxhap1	Rm	ThetaFL	ThetaL	ZengE
 0.1%	na	na	na	na	na	na	na	na	na	na	na	na	na	na	na	na	na	na	na	na	na	na	na	na	na	na	na	na	na	na	na
 1.0%	na	na	na	na	na	na	na	na	na	na	na	na	na	na	na	na	na	na	na	na	na	na	na	na	na	na	na	na	na	na	na
 2.5%	na	na	na	na	na	na	na	na	na	na	na	na	na	na	na	na	na	na	na	na	na	na	na	na	na	na	na	na	na	na	na
 5.0%	na	na	na	na	na	na	na	na	na	na	na	na	na	na	na	na	na	na	na	na	na	na	na	na	na	na	na	na	na	na	na
10.0%	na	na	na	na	na	na	na	na	na	na	na	na	na	na	na	na	na	na	na	na	na	na	na	na	na	na	na	na	na	na	na
25.0%	na	na	na	na	na	na	na	na	na	na	na	na	na	na	na	na	na	na	na	na	na	na	na	na	na	na	na	na	na	na	na
50.0%	na	na	na	na	na	na	na	na	na	na	na	na	na	na	na	na	na	na	na	na	na	na	na	na	na	na	na	na	na	na	na
75.0%	na	na	na	na	na	na	na	na	na	na	na	na	na	na	na	na	na	na	na	na	na	na	na	na	na	na	na	na	na	na	na
90.0%	na	na	na	na	na	na	na	na	na	na	na	na	na	na	na	na	na	na	na	na	na	na	na	na	na	na	na	na	na	na	na
95.0%	na	na	na	na	na	na	na	na	na	na	na	na	na	na	na	na	na	na	na	na	na	na	na	na	na	na	na	na	na	na	na
97.5%	na	na	na	na	na	na	na	na	na	na	na	na	na	na	na	na	na	na	na	na	na	na	na	na	na	na	na	na	na	na	na
99.0%	na	na	na	na	na	na	na	na	na	na	na	na	na	na	na	na	na	na	na	na	na	na	na	na	na	na	na	na	na	na	na
99.9%	na	na	na	na	na	na	na	na	na	na	na	na	na	na	na	na	na	na	na	na	na	na	na	na	na	na	na	na	na	na	na