

Number of valid iterations:
	TD	Fs	FD*	FF*	FD	FF	H	B	Q	ZA	Fst	Kw	Hw	R2	S	pi_w	pi_b	thetaWatt	thetaTaj	thetaFW	D/Dmin	Hnorm	maxhap	maxhap1	Rm	ThetaFL	ThetaL	ZengE
locus_0	1000	1000	1000	1000	1000	1000	1000	1000	1000	1000	0	1000	1000	1000	1000	1000	1000	1000	1000	1000	1000	1000	1000	1000	1000	1000	1000	1000	1000	0	1000
average	1000	1000	1000	1000	1000	1000	1000	1000	1000	1000	0	1000	1000	1000	1000	1000	1000	1000	1000	1000	1000	1000	1000	1000	1000	1000	1000	1000	1000	0	1000
variance	0	0	0	0	0	0	0	0	0	0	0	0	0	0	0	0	0	0	0	0	0	0	0	0	0	0	0	0	0	0	0

PERCENTILES:

locus_0

	TD	Fs	FD*	FF*	FD	FF	H	B	Q	ZA	Fst	Kw	Hw	R2	S	pi_w	pi_b	thetaWatt	thetaTaj	thetaFW	D/Dmin	Hnorm	maxhap	maxhap1	Rm	ThetaFL	ThetaL	ZengE
 0.1%	-2.11429	-11.5621	-3.43925	-3.54635	-3.84156	-3.92766	-14.6943	0	0	0.010876	na	0.166667	0.36092	0.0533772	4	0	0	1.00968	0.51954	0.0574713	-0.907181	-3.46472	0.1	0.133333	0	0	0.37931	-2.10557	0.06	na	0.0865499
 1.0%	-1.73536	-8.55355	-2.28233	-2.37752	-2.47514	-2.5369	-8.81839	0	0	0.0246937	na	0.233333	0.664368	0.0674724	7	0	0	1.76694	1.27126	0.243678	-0.73369	-2.17753	0.1	0.166667	0	0	0.896552	-1.70185	0.0666667	na	0.100811
 2.5%	-1.37434	-7.58633	-1.80411	-1.91378	-1.84394	-2.03446	-5.85747	0	0	0.0333485	na	0.266667	0.733333	0.0720064	9	0	0	2.27178	1.78161	0.717241	-0.55679	-1.81009	0.133333	0.166667	0	1	1.48276	-1.49125	0.0711111	na	0.107381
 5.0%	-1.16796	-6.70434	-1.53434	-1.61676	-1.59776	-1.68366	-4.87356	0	0	0.04973	na	0.3	0.788506	0.0770527	11	0	0	2.77662	2.25287	1.13793	-0.467839	-1.35278	0.133333	0.166667	0	1	1.89655	-1.27474	0.0777778	na	0.119637
10.0%	-0.999113	-5.62574	-1.10817	-1.16507	-1.193	-1.29039	-3.11724	0	0	0.074724	na	0.333333	0.82069	0.084665	13	0	0	3.28146	2.73563	1.61379	-0.394709	-0.945981	0.133333	0.2	1	2	2.31034	-1.04784	0.0844444	na	0.139111
25.0%	-0.601419	-3.95985	-0.556127	-0.629314	-0.629084	-0.706861	-1.10345	0.05	0.0952381	0.128177	na	0.366667	0.871264	0.0976607	16	0	0	4.03872	3.51494	2.75402	-0.238886	-0.322183	0.166667	0.233333	1	3	3.34483	-0.640656	0.1	na	0.172756
50.0%	-0.109561	-2.32485	0.0121839	-0.00279144	0.015169	-0.0145412	0.450575	0.1	0.181818	0.188858	na	0.433333	0.908046	0.117099	20	0	0	5.0484	4.66667	4.52874	-0.0429354	0.15015	0.233333	0.3	2	5	4.68966	-0.125851	0.122222	na	0.234375
75.0%	0.434503	-1.02531	0.512736	0.548974	0.55809	0.579538	1.52644	0.173913	0.275862	0.267799	na	0.5	0.931034	0.136814	24	0	0	6.05808	6.18621	6.72184	0.171938	0.519147	0.3	0.366667	3	7	6.34483	0.490696	0.157778	na	0.3125
90.0%	0.805137	0.178665	0.918354	0.964814	1.00196	1.05973	2.34483	0.238095	0.363636	0.339025	na	0.566667	0.947126	0.151756	27	0	0	6.81534	7.52644	8.91724	0.313141	0.763354	0.366667	0.466667	3	9	8	0.937571	0.204444	na	0.435872
95.0%	1.03162	1.0124	1.11142	1.17474	1.23891	1.27878	2.85977	0.285714	0.421053	0.393691	na	0.6	0.954023	0.160112	31	0	0	7.82501	8.5977	10.3034	0.404293	0.849698	0.433333	0.533333	4	10	9.13793	1.22986	0.235556	na	0.596708
97.5%	1.3671	1.73903	1.28864	1.39248	1.41341	1.51777	3.18161	0.333333	0.473684	0.442802	na	0.633333	0.96092	0.172614	32	0	0	8.07743	9.55172	12.2046	0.521403	0.921653	0.466667	0.6	5	11	9.7931	1.50185	0.288889	na	0.751295
99.0%	1.58214	2.42335	1.43948	1.59236	1.58232	1.75107	3.50345	0.388889	0.529412	0.502509	na	0.633333	0.965517	0.181976	34	0	0	8.58227	9.96782	13.7977	0.616675	1.00812	0.566667	0.666667	5	13	11.1724	1.84225	0.355556	na	1.17822
99.9%	2.23267	5.07399	1.6142	1.96714	1.78575	2.16367	4.25747	0.5	0.62963	0.579076	na	0.7	0.970115	0.202518	37	0	0	9.33953	11.531	18.977	0.856375	1.14348	0.766667	0.866667	7	15	13.5517	2.68136	0.602222	na	1.92478

average

	TD	Fs	FD*	FF*	FD	FF	H	B	Q	ZA	Fst	Kw	Hw	R2	S	pi_w	pi_b	thetaWatt	thetaTaj	thetaFW	D/Dmin	Hnorm	maxhap	maxhap1	Rm	ThetaFL	ThetaL	ZengE
 0.1%	-2.11429	-11.5621	-3.43925	-3.54635	-3.84156	-3.92766	-14.6943	0	0	0.010876	na	0.166667	0.36092	0.0533772	4	0	0	1.00968	0.51954	0.0574713	-0.907181	-3.46472	0.1	0.133333	0	0	0.37931	-2.10557	0.06	na	0.0865499
 1.0%	-1.73536	-8.55355	-2.28233	-2.37752	-2.47514	-2.5369	-8.81839	0	0	0.0246937	na	0.233333	0.664368	0.0674724	7	0	0	1.76694	1.27126	0.243678	-0.73369	-2.17753	0.1	0.166667	0	0	0.896552	-1.70185	0.0666667	na	0.100811
 2.5%	-1.37434	-7.58633	-1.80411	-1.91378	-1.84394	-2.03446	-5.85747	0	0	0.0333485	na	0.266667	0.733333	0.0720064	9	0	0	2.27178	1.78161	0.717241	-0.55679	-1.81009	0.133333	0.166667	0	1	1.48276	-1.49125	0.0711111	na	0.107381
 5.0%	-1.16796	-6.70434	-1.53434	-1.61676	-1.59776	-1.68366	-4.87356	0	0	0.04973	na	0.3	0.788506	0.0770527	11	0	0	2.77662	2.25287	1.13793	-0.467839	-1.35278	0.133333	0.166667	0	1	1.89655	-1.27474	0.0777778	na	0.119637
10.0%	-0.999113	-5.62574	-1.10817	-1.16507	-1.193	-1.29039	-3.11724	0	0	0.074724	na	0.333333	0.82069	0.084665	13	0	0	3.28146	2.73563	1.61379	-0.394709	-0.945981	0.133333	0.2	1	2	2.31034	-1.04784	0.0844444	na	0.139111
25.0%	-0.601419	-3.95985	-0.556127	-0.629314	-0.629084	-0.706861	-1.10345	0.05	0.0952381	0.128177	na	0.366667	0.871264	0.0976607	16	0	0	4.03872	3.51494	2.75402	-0.238886	-0.322183	0.166667	0.233333	1	3	3.34483	-0.640656	0.1	na	0.172756
50.0%	-0.109561	-2.32485	0.0121839	-0.00279144	0.015169	-0.0145412	0.450575	0.1	0.181818	0.188858	na	0.433333	0.908046	0.117099	20	0	0	5.0484	4.66667	4.52874	-0.0429354	0.15015	0.233333	0.3	2	5	4.68966	-0.125851	0.122222	na	0.234375
75.0%	0.434503	-1.02531	0.512736	0.548974	0.55809	0.579538	1.52644	0.173913	0.275862	0.267799	na	0.5	0.931034	0.136814	24	0	0	6.05808	6.18621	6.72184	0.171938	0.519147	0.3	0.366667	3	7	6.34483	0.490696	0.157778	na	0.3125
90.0%	0.805137	0.178665	0.918354	0.964814	1.00196	1.05973	2.34483	0.238095	0.363636	0.339025	na	0.566667	0.947126	0.151756	27	0	0	6.81534	7.52644	8.91724	0.313141	0.763354	0.366667	0.466667	3	9	8	0.937571	0.204444	na	0.435872
95.0%	1.03162	1.0124	1.11142	1.17474	1.23891	1.27878	2.85977	0.285714	0.421053	0.393691	na	0.6	0.954023	0.160112	31	0	0	7.82501	8.5977	10.3034	0.404293	0.849698	0.433333	0.533333	4	10	9.13793	1.22986	0.235556	na	0.596708
97.5%	1.3671	1.73903	1.28864	1.39248	1.41341	1.51777	3.18161	0.333333	0.473684	0.442802	na	0.633333	0.96092	0.172614	32	0	0	8.07743	9.55172	12.2046	0.521403	0.921653	0.466667	0.6	5	11	9.7931	1.50185	0.288889	na	0.751295
99.0%	1.58214	2.42335	1.43948	1.59236	1.58232	1.75107	3.50345	0.388889	0.529412	0.502509	na	0.633333	0.965517	0.181976	34	0	0	8.58227	9.96782	13.7977	0.616675	1.00812	0.566667	0.666667	5	13	11.1724	1.84225	0.355556	na	1.17822
99.9%	2.23267	5.07399	1.6142	1.96714	1.78575	2.16367	4.25747	0.5	0.62963	0.579076	na	0.7	0.970115	0.202518	37	0	0	9.33953	11.531	18.977	0.856375	1.14348	0.766667	0.866667	7	15	13.5517	2.68136	0.602222	na	1.92478

variance

	TD	Fs	FD*	FF*	FD	FF	H	B	Q	ZA	Fst	Kw	Hw	R2	S	pi_w	pi_b	thetaWatt	thetaTaj	thetaFW	D/Dmin	Hnorm	maxhap	maxhap1	Rm	ThetaFL	ThetaL	ZengE
 0.1%	na	na	na	na	na	na	na	na	na	na	na	na	na	na	na	na	na	na	na	na	na	na	na	na	na	na	na	na	na	na	na
 1.0%	na	na	na	na	na	na	na	na	na	na	na	na	na	na	na	na	na	na	na	na	na	na	na	na	na	na	na	na	na	na	na
 2.5%	na	na	na	na	na	na	na	na	na	na	na	na	na	na	na	na	na	na	na	na	na	na	na	na	na	na	na	na	na	na	na
 5.0%	na	na	na	na	na	na	na	na	na	na	na	na	na	na	na	na	na	na	na	na	na	na	na	na	na	na	na	na	na	na	na
10.0%	na	na	na	na	na	na	na	na	na	na	na	na	na	na	na	na	na	na	na	na	na	na	na	na	na	na	na	na	na	na	na
25.0%	na	na	na	na	na	na	na	na	na	na	na	na	na	na	na	na	na	na	na	na	na	na	na	na	na	na	na	na	na	na	na
50.0%	na	na	na	na	na	na	na	na	na	na	na	na	na	na	na	na	na	na	na	na	na	na	na	na	na	na	na	na	na	na	na
75.0%	na	na	na	na	na	na	na	na	na	na	na	na	na	na	na	na	na	na	na	na	na	na	na	na	na	na	na	na	na	na	na
90.0%	na	na	na	na	na	na	na	na	na	na	na	na	na	na	na	na	na	na	na	na	na	na	na	na	na	na	na	na	na	na	na
95.0%	na	na	na	na	na	na	na	na	na	na	na	na	na	na	na	na	na	na	na	na	na	na	na	na	na	na	na	na	na	na	na
97.5%	na	na	na	na	na	na	na	na	na	na	na	na	na	na	na	na	na	na	na	na	na	na	na	na	na	na	na	na	na	na	na
99.0%	na	na	na	na	na	na	na	na	na	na	na	na	na	na	na	na	na	na	na	na	na	na	na	na	na	na	na	na	na	na	na
99.9%	na	na	na	na	na	na	na	na	na	na	na	na	na	na	na	na	na	na	na	na	na	na	na	na	na	na	na	na	na	na	na