

Number of valid iterations:
	TD	Fs	FD*	FF*	FD	FF	H	B	Q	ZA	Fst	Kw	Hw	R2	S	pi_w	pi_b	thetaWatt	thetaTaj	thetaFW	D/Dmin	Hnorm	maxhap	maxhap1	Rm	ThetaFL	ThetaL	ZengE
locus_0	1000	1000	1000	1000	1000	1000	1000	1000	1000	1000	0	1000	1000	1000	1000	1000	1000	1000	1000	1000	1000	1000	1000	1000	1000	1000	1000	1000	1000	0	1000
average	1000	1000	1000	1000	1000	1000	1000	1000	1000	1000	0	1000	1000	1000	1000	1000	1000	1000	1000	1000	1000	1000	1000	1000	1000	1000	1000	1000	1000	0	1000
variance	0	0	0	0	0	0	0	0	0	0	0	0	0	0	0	0	0	0	0	0	0	0	0	0	0	0	0	0	0	0	0

PERCENTILES:

locus_0

	TD	Fs	FD*	FF*	FD	FF	H	B	Q	ZA	Fst	Kw	Hw	R2	S	pi_w	pi_b	thetaWatt	thetaTaj	thetaFW	D/Dmin	Hnorm	maxhap	maxhap1	Rm	ThetaFL	ThetaL	ZengE
 0.1%	-2.10872	-14.5222	-3.55123	-3.49609	-3.37485	-3.55371	-25.4529	0	0	0.00890633	na	0.266667	0.721839	0.0473354	10	0	0	2.5242	1.53103	0.124138	-0.843755	-3.7473	0.0666667	0.1	0	0	0.827586	-2.20131	0.0466667	na	0.0514245
 1.0%	-1.75212	-10.8782	-2.80238	-2.90812	-2.42758	-2.54548	-18.9793	0	0	0.0394812	na	0.3	0.774713	0.0626173	17	0	0	4.29114	2.95402	0.977011	-0.651414	-2.35427	0.1	0.1	0	2	2.10345	-1.80315	0.0488889	na	0.0612935
 2.5%	-1.55244	-8.53024	-2.26578	-2.25588	-2.06913	-2.1725	-14.8966	0	0	0.0502236	na	0.333333	0.816092	0.0735328	20	0	0	5.0484	3.65517	1.43448	-0.589019	-2.06598	0.1	0.133333	0	3	3	-1.65675	0.0555556	na	0.0690367
 5.0%	-1.27099	-6.68842	-1.63935	-1.70238	-1.74389	-1.86124	-9.45287	0	0	0.0708661	na	0.366667	0.845977	0.0768456	23	0	0	5.80566	4.32644	2.12184	-0.482106	-1.50227	0.1	0.133333	0	4	3.55172	-1.40968	0.06	na	0.0756653
10.0%	-1.06224	-4.88579	-1.19425	-1.30376	-1.31697	-1.37781	-6.0046	0.0294118	0.0571429	0.0943051	na	0.4	0.873563	0.0845899	25	0	0	6.3105	5.07356	3.25517	-0.39933	-0.9458	0.133333	0.166667	0	5	4.48276	-1.14324	0.0688889	na	0.0875252
25.0%	-0.616107	-2.65969	-0.552243	-0.591413	-0.648784	-0.691154	-1.84828	0.0625	0.115385	0.142344	na	0.433333	0.903448	0.0987582	31	0	0	7.82501	6.95402	5.52184	-0.230418	-0.309964	0.166667	0.2	0	7	6.48276	-0.630008	0.08	na	0.113046
50.0%	-0.100574	-0.870428	0.0322094	0.0139789	-0.0209041	-0.0157473	1.26897	0.117647	0.181818	0.20291	na	0.5	0.931034	0.116306	38	0	0	9.59195	9.34023	8.71264	-0.036665	0.2173	0.2	0.233333	1	9	9.17241	-0.131852	0.1	na	0.176757
75.0%	0.482709	0.727273	0.548514	0.571293	0.59208	0.608408	3.16322	0.184211	0.26087	0.274471	na	0.566667	0.951724	0.136941	47	0	0	11.8637	12.0828	12.6023	0.177914	0.595271	0.233333	0.3	2	13	12.3793	0.441274	0.126667	na	0.385752
90.0%	0.985171	2.30842	0.92879	0.998785	1.03717	1.11047	4.52414	0.276596	0.342857	0.361772	na	0.633333	0.963218	0.154398	55	0	0	13.8831	15.4299	18.0713	0.359158	0.793113	0.3	0.366667	4	16	16.6207	1.00719	0.155556	na	0.916704
95.0%	1.26005	3.60411	1.08346	1.2386	1.22147	1.3821	5.24138	0.322034	0.384615	0.407527	na	0.7	0.970115	0.164587	60	0	0	15.1452	17.9057	22.7655	0.459358	0.887953	0.366667	0.433333	5	19	18.8621	1.25359	0.182222	na	1.32873
97.5%	1.54751	4.62366	1.20434	1.38126	1.37264	1.54889	5.75632	0.372881	0.423077	0.448095	na	0.733333	0.977011	0.174005	65	0	0	16.4073	19.7195	26.7149	0.565285	0.965812	0.4	0.466667	6	20	21.2069	1.51879	0.208889	na	1.75606
99.0%	1.7994	7.27084	1.33978	1.57359	1.53798	1.75389	6.85977	0.416667	0.48	0.493684	na	0.8	0.981609	0.183328	72	0	0	18.1742	23.0529	30.7172	0.649894	1.03029	0.433333	0.5	7	24	24	1.80657	0.244444	na	2.24484
99.9%	1.99733	8.9622	1.67725	1.79309	1.87999	2.04596	8.0092	0.5	0.58	0.576895	na	0.833333	0.986207	0.191916	83	0	0	20.9508	27.3517	38.7931	0.753101	1.14696	0.5	0.566667	9	35	31.7241	2.46516	0.295556	na	2.71288

average

	TD	Fs	FD*	FF*	FD	FF	H	B	Q	ZA	Fst	Kw	Hw	R2	S	pi_w	pi_b	thetaWatt	thetaTaj	thetaFW	D/Dmin	Hnorm	maxhap	maxhap1	Rm	ThetaFL	ThetaL	ZengE
 0.1%	-2.10872	-14.5222	-3.55123	-3.49609	-3.37485	-3.55371	-25.4529	0	0	0.00890633	na	0.266667	0.721839	0.0473354	10	0	0	2.5242	1.53103	0.124138	-0.843755	-3.7473	0.0666667	0.1	0	0	0.827586	-2.20131	0.0466667	na	0.0514245
 1.0%	-1.75212	-10.8782	-2.80238	-2.90812	-2.42758	-2.54548	-18.9793	0	0	0.0394812	na	0.3	0.774713	0.0626173	17	0	0	4.29114	2.95402	0.977011	-0.651414	-2.35427	0.1	0.1	0	2	2.10345	-1.80315	0.0488889	na	0.0612935
 2.5%	-1.55244	-8.53024	-2.26578	-2.25588	-2.06913	-2.1725	-14.8966	0	0	0.0502236	na	0.333333	0.816092	0.0735328	20	0	0	5.0484	3.65517	1.43448	-0.589019	-2.06598	0.1	0.133333	0	3	3	-1.65675	0.0555556	na	0.0690367
 5.0%	-1.27099	-6.68842	-1.63935	-1.70238	-1.74389	-1.86124	-9.45287	0	0	0.0708661	na	0.366667	0.845977	0.0768456	23	0	0	5.80566	4.32644	2.12184	-0.482106	-1.50227	0.1	0.133333	0	4	3.55172	-1.40968	0.06	na	0.0756653
10.0%	-1.06224	-4.88579	-1.19425	-1.30376	-1.31697	-1.37781	-6.0046	0.0294118	0.0571429	0.0943051	na	0.4	0.873563	0.0845899	25	0	0	6.3105	5.07356	3.25517	-0.39933	-0.9458	0.133333	0.166667	0	5	4.48276	-1.14324	0.0688889	na	0.0875252
25.0%	-0.616107	-2.65969	-0.552243	-0.591413	-0.648784	-0.691154	-1.84828	0.0625	0.115385	0.142344	na	0.433333	0.903448	0.0987582	31	0	0	7.82501	6.95402	5.52184	-0.230418	-0.309964	0.166667	0.2	0	7	6.48276	-0.630008	0.08	na	0.113046
50.0%	-0.100574	-0.870428	0.0322094	0.0139789	-0.0209041	-0.0157473	1.26897	0.117647	0.181818	0.20291	na	0.5	0.931034	0.116306	38	0	0	9.59195	9.34023	8.71264	-0.036665	0.2173	0.2	0.233333	1	9	9.17241	-0.131852	0.1	na	0.176757
75.0%	0.482709	0.727273	0.548514	0.571293	0.59208	0.608408	3.16322	0.184211	0.26087	0.274471	na	0.566667	0.951724	0.136941	47	0	0	11.8637	12.0828	12.6023	0.177914	0.595271	0.233333	0.3	2	13	12.3793	0.441274	0.126667	na	0.385752
90.0%	0.985171	2.30842	0.92879	0.998785	1.03717	1.11047	4.52414	0.276596	0.342857	0.361772	na	0.633333	0.963218	0.154398	55	0	0	13.8831	15.4299	18.0713	0.359158	0.793113	0.3	0.366667	4	16	16.6207	1.00719	0.155556	na	0.916704
95.0%	1.26005	3.60411	1.08346	1.2386	1.22147	1.3821	5.24138	0.322034	0.384615	0.407527	na	0.7	0.970115	0.164587	60	0	0	15.1452	17.9057	22.7655	0.459358	0.887953	0.366667	0.433333	5	19	18.8621	1.25359	0.182222	na	1.32873
97.5%	1.54751	4.62366	1.20434	1.38126	1.37264	1.54889	5.75632	0.372881	0.423077	0.448095	na	0.733333	0.977011	0.174005	65	0	0	16.4073	19.7195	26.7149	0.565285	0.965812	0.4	0.466667	6	20	21.2069	1.51879	0.208889	na	1.75606
99.0%	1.7994	7.27084	1.33978	1.57359	1.53798	1.75389	6.85977	0.416667	0.48	0.493684	na	0.8	0.981609	0.183328	72	0	0	18.1742	23.0529	30.7172	0.649894	1.03029	0.433333	0.5	7	24	24	1.80657	0.244444	na	2.24484
99.9%	1.99733	8.9622	1.67725	1.79309	1.87999	2.04596	8.0092	0.5	0.58	0.576895	na	0.833333	0.986207	0.191916	83	0	0	20.9508	27.3517	38.7931	0.753101	1.14696	0.5	0.566667	9	35	31.7241	2.46516	0.295556	na	2.71288

variance

	TD	Fs	FD*	FF*	FD	FF	H	B	Q	ZA	Fst	Kw	Hw	R2	S	pi_w	pi_b	thetaWatt	thetaTaj	thetaFW	D/Dmin	Hnorm	maxhap	maxhap1	Rm	ThetaFL	ThetaL	ZengE
 0.1%	na	na	na	na	na	na	na	na	na	na	na	na	na	na	na	na	na	na	na	na	na	na	na	na	na	na	na	na	na	na	na
 1.0%	na	na	na	na	na	na	na	na	na	na	na	na	na	na	na	na	na	na	na	na	na	na	na	na	na	na	na	na	na	na	na
 2.5%	na	na	na	na	na	na	na	na	na	na	na	na	na	na	na	na	na	na	na	na	na	na	na	na	na	na	na	na	na	na	na
 5.0%	na	na	na	na	na	na	na	na	na	na	na	na	na	na	na	na	na	na	na	na	na	na	na	na	na	na	na	na	na	na	na
10.0%	na	na	na	na	na	na	na	na	na	na	na	na	na	na	na	na	na	na	na	na	na	na	na	na	na	na	na	na	na	na	na
25.0%	na	na	na	na	na	na	na	na	na	na	na	na	na	na	na	na	na	na	na	na	na	na	na	na	na	na	na	na	na	na	na
50.0%	na	na	na	na	na	na	na	na	na	na	na	na	na	na	na	na	na	na	na	na	na	na	na	na	na	na	na	na	na	na	na
75.0%	na	na	na	na	na	na	na	na	na	na	na	na	na	na	na	na	na	na	na	na	na	na	na	na	na	na	na	na	na	na	na
90.0%	na	na	na	na	na	na	na	na	na	na	na	na	na	na	na	na	na	na	na	na	na	na	na	na	na	na	na	na	na	na	na
95.0%	na	na	na	na	na	na	na	na	na	na	na	na	na	na	na	na	na	na	na	na	na	na	na	na	na	na	na	na	na	na	na
97.5%	na	na	na	na	na	na	na	na	na	na	na	na	na	na	na	na	na	na	na	na	na	na	na	na	na	na	na	na	na	na	na
99.0%	na	na	na	na	na	na	na	na	na	na	na	na	na	na	na	na	na	na	na	na	na	na	na	na	na	na	na	na	na	na	na
99.9%	na	na	na	na	na	na	na	na	na	na	na	na	na	na	na	na	na	na	na	na	na	na	na	na	na	na	na	na	na	na	na