Ttot[0]	
4.55856	
2.35937	
2.42736	
2.33526	
2.91873	
4.81428	
4.02076	
4.32621	
2.82057	
4.91693	
4.15651	
4.60802	
3.94243	
4.42622	
4.09551	
6.37621	
3.45939	
3.45132	
3.82345	
2.81682	
4.80469	
4.52849	
3.78145	
1.80197	
3.44793	
3.93647	
4.97346	
3.86968	
3.52041	
4.61797	
7.03831	
3.36714	
5.11022	
4.41607	
2.75323	
5.07421	
3.96933	
2.6483	
2.66886	
4.87017	
2.68857	
4.34622	
3.27309	
3.72367	
5.19854	
3.7013	
1.92345	
4.67996	
5.3306	
3.91894	
4.74441	
5.70307	
4.25982	
3.09456	
4.21407	
4.08933	
4.31868	
2.95419	
5.72914	
3.5076	
2.60995	
5.08976	
4.60194	
3.17858	
3.12361	
2.63209	
4.61635	
2.491	
4.12449	
4.79924	
2.35584	
4.19254	
3.1676	
3.08427	
3.61452	
3.79653	
3.83959	
2.41141	
6.2578	
3.51845	
5.53224	
5.08572	
3.98813	
3.33321	
3.67252	
4.79729	
4.15033	
2.50685	
3.16329	
3.27272	
5.27559	
3.8991	
3.05133	
4.28812	
3.60749	
1.67723	
3.72036	
4.95726	
3.43528	
4.12014	
3.9931	
3.74769	
4.16451	
6.95849	
4.18851	
4.18561	
2.77732	
4.45887	
5.43122	
3.91995	
3.96952	
5.56091	
5.06651	
2.53069	
3.45482	
3.55177	
4.36706	
3.28439	
2.60584	
2.93603	
4.37243	
3.77026	
4.57464	
3.61993	
4.26444	
3.43323	
3.93669	
4.85302	
3.58007	
2.61987	
4.5125	
3.35842	
4.6369	
4.58542	
2.96857	
3.15649	
3.52697	
4.65241	
5.01491	
4.75119	
3.62755	
6.03982	
5.73106	
4.06271	
2.01926	
2.84139	
2.7792	
3.00861	
2.74057	
3.66998	
4.11265	
4.47853	
6.01437	
3.4199	
4.1248	
4.63993	
3.72612	
4.61477	
3.7009	
4.36377	
2.51327	
5.72941	
3.59543	
4.79389	
4.36292	
4.65618	
3.7499	
3.18252	
3.07749	
4.20784	
3.70494	
5.70273	
3.69844	
3.7134	
4.51821	
4.94041	
3.95812	
5.39768	
2.93403	
4.31796	
4.56359	
2.7494	
3.34196	
3.67646	
3.19302	
4.06426	
3.66682	
3.75812	
3.59747	
3.33792	
5.73638	
2.64226	
3.07647	
2.90542	
2.86219	
3.62743	
4.28454	
2.71683	
4.31112	
3.5492	
3.38559	
3.16686	
3.50706	
2.39869	
5.08769	
3.37281	
3.31276	
2.95077	
4.92745	
5.9834	
3.78532	
4.16781	
3.42858	
2.89086	
3.67667	
5.01433	
4.68102	
3.3317	
4.02037	
3.63992	
3.85337	
5.2192	
4.97746	
5.35475	
4.09276	
3.81307	
2.65693	
5.0089	
4.84663	
4.40072	
5.54824	
5.72856	
4.11801	
3.20019	
3.66519	
3.03811	
3.42788	
4.81965	
2.91099	
4.01645	
3.42164	
2.64013	
4.52266	
3.5776	
6.0326	
3.17024	
3.2433	
3.32713	
3.40436	
3.34196	
3.77602	
3.45332	
3.53701	
2.92295	
3.25117	
3.60261	
3.36139	
3.39227	
4.3527	
4.38401	
3.35199	
4.67355	
5.56905	
4.75621	
4.27298	
4.82266	
4.67059	
5.42319	
3.93891	
3.74459	
3.33733	
4.89704	
4.37225	
2.7167	
4.71553	
3.332	
3.8557	
4.14649	
6.80446	
3.20717	
2.69198	
4.14435	
6.85502	
2.62446	
3.61436	
3.23685	
5.07088	
3.54001	
2.3554	
2.9403	
3.54827	
5.64983	
4.22746	
3.6198	
3.51382	
1.92299	
3.53032	
3.09095	
5.27216	
5.39584	
4.1671	
4.15785	
3.60439	
3.80347	
3.91001	
3.25723	
2.67607	
6.58841	
4.29564	
4.26027	
5.61449	
4.64962	
2.82379	
3.54765	
3.59712	
2.58868	
3.08558	
4.48022	
4.14646	
4.62175	
2.29832	
2.933	
2.80681	
3.12853	
3.26517	
2.85288	
3.55329	
2.9827	
4.41185	
2.75865	
3.592	
2.39274	
4.24337	
2.98227	
3.4073	
4.76633	
4.84408	
4.25396	
4.06621	
4.89723	
3.88431	
3.37888	
3.37069	
3.49254	
3.22648	
5.39807	
3.241	
6.05235	
5.56549	
3.93626	
5.82653	
3.78072	
4.06565	
2.76521	
4.97565	
4.23129	
4.41217	
3.3753	
3.3526	
3.15991	
3.47803	
2.82024	
2.50819	
4.42405	
3.35408	
2.93894	
4.64502	
4.52743	
4.41786	
4.75219	
3.64844	
4.6849	
4.38461	
3.90618	
4.83939	
3.33297	
3.23588	
3.52304	
3.13701	
5.79781	
4.74993	
4.52387	
4.02187	
3.20907	
5.9408	
3.1665	
6.27022	
4.29241	
3.14303	
4.54168	
2.14385	
3.3406	
3.45654	
3.36907	
6.09618	
4.46519	
5.42768	
3.7146	
3.46751	
4.3485	
2.95075	
2.57739	
3.76751	
4.41652	
4.53145	
5.19539	
3.99659	
3.49031	
2.86037	
4.01833	
4.01962	
2.59776	
4.94836	
4.98616	
3.00176	
3.08817	
4.58178	
4.56787	
4.71307	
2.3484	
2.60197	
2.88574	
4.03717	
3.94305	
2.79085	
4.00714	
5.44784	
3.81251	
6.40976	
3.15261	
3.37046	
3.41383	
4.65715	
3.60606	
5.7376	
3.7052	
4.36156	
3.92087	
2.21673	
4.23285	
3.27935	
4.03446	
3.47672	
2.59785	
3.54268	
3.10592	
3.40897	
2.93694	
3.51112	
6.08714	
6.10601	
2.99039	
3.78437	
4.40166	
4.57152	
5.51586	
3.07952	
3.62767	
3.45437	
4.78101	
3.90406	
3.48577	
4.18001	
3.04754	
4.60806	
3.31488	
4.19296	
5.31396	
3.25962	
4.56005	
3.08919	
5.14698	
4.73332	
2.08209	
3.11836	
3.8269	
3.28367	
5.92146	
4.54682	
3.63498	
2.30358	
3.62436	
3.73853	
3.65278	
5.34833	
5.02489	
2.28644	
3.22082	
2.34152	
2.07025	
2.7533	
4.72302	
3.97105	
5.33157	
3.35443	
4.37135	
6.45459	
3.10006	
3.27164	
4.61452	
1.85724	
3.38301	
5.62897	
3.63119	
4.31744	
4.3461	
2.36621	
3.51954	
3.78657	
5.20977	
4.05936	
3.11409	
3.50001	
2.72103	
5.25013	
4.32112	
2.93116	
3.83636	
3.47102	
2.85192	
4.46187	
2.86778	
2.92475	
3.61501	
3.24275	
3.61377	
3.29726	
2.94637	
4.93335	
6.22061	
3.30891	
2.70605	
3.95571	
3.18476	
3.4446	
3.32857	
3.80218	
2.98417	
4.10538	
2.36766	
4.01314	
3.87658	
3.1084	
2.96109	
4.95204	
2.41072	
2.34366	
2.22163	
3.41453	
4.615	
3.70716	
5.71539	
3.81875	
4.17793	
4.06581	
2.89069	
6.64795	
3.42042	
3.38849	
4.13549	
4.36291	
4.52439	
2.48117	
6.5061	
3.06139	
5.32605	
1.85657	
4.35908	
5.55503	
4.71882	
4.07599	
2.72549	
4.704	
3.24181	
2.64389	
4.5904	
2.82269	
4.08453	
4.03919	
6.15112	
5.11962	
2.44446	
4.67533	
4.01363	
4.13192	
4.03525	
4.36212	
3.78004	
3.95049	
2.37	
4.2186	
4.21137	
3.83086	
3.88385	
5.02749	
3.97967	
5.06402	
5.36952	
4.47023	
4.22655	
5.30756	
2.49371	
4.21652	
3.52061	
3.86701	
3.52527	
5.47219	
4.64447	
5.33516	
3.51802	
5.4905	
4.2763	
2.9954	
2.94301	
3.49835	
4.47178	
2.55801	
2.87986	
5.06489	
3.49126	
5.39842	
2.57334	
4.71929	
4.37379	
3.61937	
3.82779	
4.82619	
2.98107	
4.96435	
4.02741	
2.13274	
5.20851	
3.71382	
4.47946	
4.34877	
2.90025	
3.84838	
2.59234	
4.82292	
3.7836	
3.8113	
4.29908	
2.75451	
5.55747	
4.60516	
3.96598	
5.04184	
5.77145	
4.93598	
2.57869	
4.22969	
4.42636	
4.39794	
4.39238	
2.50517	
4.35794	
2.47371	
2.88446	
5.71628	
3.83595	
4.54721	
3.9085	
2.89592	
3.92396	
7.35918	
3.40083	
5.12485	
4.08699	
6.179	
4.75333	
4.57022	
4.60666	
2.94792	
4.03086	
3.28364	
3.74066	
4.50036	
3.89958	
3.99307	
3.67324	
2.94844	
5.40487	
3.68235	
3.94893	
4.41874	
2.47173	
4.67539	
3.49427	
3.43429	
3.64652	
4.14503	
4.00811	
5.64309	
4.06515	
4.66061	
4.03952	
4.10449	
5.02051	
3.5117	
4.81785	
4.21501	
5.27301	
3.45374	
4.78723	
5.7023	
5.11103	
3.3987	
2.99899	
3.91428	
4.45776	
4.68554	
2.84931	
3.73235	
3.56365	
4.20768	
4.63985	
5.75162	
5.45633	
3.0955	
3.22131	
3.34927	
4.53459	
4.76281	
4.79186	
3.65666	
3.52054	
3.36138	
3.66338	
3.67656	
5.54448	
6.46913	
4.5706	
2.28539	
3.42709	
6.55476	
3.93836	
4.3877	
4.16345	
5.01085	
4.12689	
5.65651	
4.28868	
3.11293	
2.64297	
4.55942	
5.2032	
3.78434	
5.09741	
5.26897	
2.92332	
5.10442	
4.49365	
2.95438	
4.72198	
3.5379	
5.76214	
2.45877	
3.4218	
4.29904	
3.53639	
3.48261	
3.7744	
4.12028	
5.48195	
4.21548	
3.26621	
2.81357	
4.2382	
3.9043	
3.82404	
3.97727	
3.16734	
4.85604	
3.77396	
2.5735	
3.09043	
4.37799	
2.86994	
2.82983	
7.14228	
5.63048	
3.69523	
2.8456	
2.55604	
4.39082	
5.07715	
5.03025	
4.40364	
3.96417	
2.40742	
3.2564	
2.97796	
4.93757	
4.97634	
2.47361	
2.56944	
4.72138	
4.72987	
4.43761	
3.14434	
2.7961	
3.67153	
2.93418	
4.11432	
4.07689	
4.53388	
4.08397	
4.31792	
3.04049	
5.01286	
4.41613	
4.78802	
3.91495	
4.56248	
4.14045	
4.46851	
3.08022	
3.10278	
5.68597	
3.59232	
3.51749	
4.84723	
2.75506	
2.68816	
4.49606	
2.45838	
3.85766	
3.06998	
3.89621	
4.0809	
3.69955	
3.92626	
4.11782	
3.29534	
3.55897	
3.69652	
4.39613	
4.33544	
2.73464	
2.71632	
4.58781	
5.12836	
3.10779	
2.8984	
3.48476	
6.03378	
4.04469	
2.41804	
3.31106	
3.07506	
3.24675	
7.27426	
4.63481	
4.3067	
3.22374	
3.77336	
5.1802	
3.04016	
2.33921	
3.16334	
3.12688	
4.80806	
3.25006	
4.9489	
3.40134	
4.51255	
3.17486	
3.02919	
6.09064	
4.07457	
3.05916	
4.87867	
2.94444	
3.36516	
3.57573	
3.70364	
2.88593	
3.50893	
3.8101	
3.94174	
6.78473	
3.43766	
3.29014	
2.88925	
2.96343	
2.56359	
4.64172	
3.49761	
4.54766	
4.00306	
4.48801	
3.95603	
4.84668	
3.9483	
3.37716	
3.60268	
2.14005	
2.3255	
5.50318	
4.90017	
4.49331	
3.97213	
3.66113	
3.80166	
3.15533	
4.35393	
3.08063	
4.55632	
4.4994	
2.84322	
4.05057	
4.70556	
2.12229	
2.90977	
3.07669	
4.08226	
2.38422	
2.53833	
4.00459	
3.6582	
5.33696	
3.89538	
2.57271	
2.54953	
1.97746	
4.15261	
4.86974	
3.70394	
4.76756	
4.72129	
4.13338	
4.72045	
4.41347	
3.65288	
2.64714	
5.16092	
3.63089	
4.79867	
3.18176	
3.09906	
6.03805	
3.93695	
2.18031	
2.34966	
3.24164	
2.52279	
4.12427	
3.7435	
2.61867	
3.79777	
3.39737	
4.74879	
3.15955	
3.86911	
3.29295	
3.29494	
2.69881	
4.9862	
3.34761	
3.16901	
3.8883	
5.40503	
2.79028	
2.59252	
6.41692	
3.13881	
3.54038	
3.33179	
3.24757	
3.91645	
6.93031	
3.8152	
4.14515	
3.31089	
3.89157	
2.78104	
3.51228	
4.04693	
3.19247	
3.25167	
2.40747	
3.73992	
5.30604	
3.55296	
3.51448	
4.49828	
3.91554	
4.16899	
2.69595	
3.67636	
3.37705	
4.04999	
6.45493	
4.88061	
4.07383	
2.29266	
5.17536	
3.89248	
6.5657	
2.63759	

