recp[0]	
1.7085	
1.05533	
0.550079	
1.8036	
0.598342	
1.28233	
4.54219	
4.24141	
25.08	
3.61584	
0.504581	
0.390673	
18.6964	
3.51092	
13.4472	
9.41324	
2.86144	
4.95262	
9.62713	
4.08846	
0.00696216	
5.49026	
13.243	
0.225558	
18.0762	
5.46068	
11.094	
2.11477	
1.54457	
9.95657	
0.00364907	
0.0438866	
10.1182	
1.05244	
0.925056	
0.990226	
5.99254	
1.03337	
4.27298	
4.10861	
1.10289	
1.64898	
25.3646	
1.15973	
0.864581	
11.7413	
0.705987	
17.6687	
5.29832	
1.03803	
0.684434	
14.0864	
2.89412	
8.9264	
15.5756	
19.9401	
0.133363	
0.0557869	
0.616519	
12.4297	
3.68978	
1.03043	
1.57779	
6.39791	
3.51486	
1.67908	
2.47576	
5.01999	
0.971108	
0.000748242	
1.48318	
7.54383	
13.3025	
11.6561	
0.169418	
3.40024	
10.5547	
5.81022	
0.076552	
2.45703	
1.10913	
3.84785	
11.5024	
8.45581	
21.084	
0.0248701	
24.0121	
0.78902	
1.53553	
14.8534	
0.00375793	
4.93968	
0.119177	
2.68846	
11.6165	
0.328949	
1.59264	
0.753625	
10.2591	
0.632575	
1.72129	
0.364433	
8.06374	
0.628021	
20.221	
8.2355	
5.36983	
1.34962	
3.1706	
10.5486	
0.736308	
0.0939329	
7.85179	
0.205187	
1.95262	
0.0488123	
6.3984	
2.34316	
0.0946614	
0.0363383	
14.3743	
0.00802879	
8.24476	
1.11653	
9.95597	
1.19179	
2.00119	
2.51754	
0.479002	
1.52224	
1.07275	
20.9106	
2.02348	
0.234724	
1.53357	
2.6919	
11.293	
0.0589161	
0.717967	
0.839804	
2.85248	
0.3027	
4.50054	
5.88932	
0.0791439	
0.14122	
0.968541	
1.60529	
4.46425	
8.463	
19.375	
1.99266	
0.698422	
5.90762	
8.79027	
21.9123	
0.263339	
3.11431	
12.7866	
25.5266	
0.0338956	
1.39513	
1.86948	
2.94097	
2.78257	
3.24392	
0.460199	
16.3953	
0.0922623	
2.70739	
1.24146	
0.0443239	
3.0358	
20.3054	
3.27779	
18.0752	
0.260917	
0.036239	
5.09613	
2.57293	
3.07274	
4.25849	
19.4941	
3.78641	
6.37654	
2.70459	
14.0867	
3.77937	
7.80072	
2.96529	
2.86478	
0.444948	
0.817703	
7.03025	
5.2613	
3.77044	
11.4011	
6.51612	
23.2984	
9.21637	
7.03834	
4.71536	
6.16853	
0.417455	
0.0521271	
1.67916	
3.22598	
20.0095	
29.4508	
6.38003	
3.48097	
5.11882	
0.975809	
0.45503	
0.186955	
15.833	
3.36676	
1.6477	
10.4058	
17.1826	
8.92049	
3.40443	
15.4167	
0.0317234	
3.15559	
41.7049	
1.10671	
0.0203231	
2.47811	
3.988	
1.40805	
1.05017	
2.41557	
0.354895	
0.101951	
0.110072	
3.48748	
3.68824	
2.3883	
8.75585	
4.42319	
0.395185	
28.6794	
2.04168	
0.337335	
1.14845	
0.438722	
2.05561	
1.08389	
3.29946	
8.94344	
12.0953	
8.0489	
0.492097	
1.00085	
15.7829	
0.140659	
2.66425	
0.188706	
8.58038	
1.39245	
4.73302	
8.04213	
0.512976	
0.595975	
6.43604	
0.225907	
6.38385	
2.46089	
7.40033	
0.844013	
2.14674	
5.87485	
4.18336	
0.00621681	
0.300707	
3.06872	
0.176334	
0.0633223	
0.895742	
2.4426	
4.6058	
0.478263	
4.27478	
27.9038	
4.33943	
2.42834	
0.492171	
0.208656	
0.442417	
2.42802	
2.818	
9.1334	
2.8001	
11.3336	
0.00212482	
0.0158708	
1.28114	
3.53338	
11.5091	
2.65958	
3.79829	
0.00397261	
11.487	
23.5178	
6.30277	
3.5468	
4.51796	
18.639	
0.948047	
0.209774	
25.5715	
3.38285	
9.26863	
2.43475	
0.0817309	
0.00945203	
1.65181	
0.0883985	
25.6116	
2.18751	
2.81967	
8.97555	
5.28976	
7.79304	
1.47023	
0.132074	
0.978544	
7.99727	
0.140228	
2.3209	
5.57307	
4.82521	
0.368979	
2.93595	
10.0614	
2.34418	
1.48213	
0.279519	
0.0038474	
5.93804	
5.71118	
13.4932	
1.06698	
4.83632	
0.535435	
0.00174476	
5.1334	
10.3425	
1.6407	
1.813	
0.0128993	
2.24705	
1.60596	
1.32769	
0.999724	
2.3645	
0.545531	
0.580981	
1.67241	
8.13897	
0.756931	
0.0209539	
17.7755	
0.455692	
3.8885	
1.52032	
0.486888	
0.208816	
2.37542	
0.403708	
0.0124195	
22.586	
3.41875	
0.434803	
2.41196	
1.29716	
10.9908	
3.20415	
2.90156	
25.1919	
2.70639	
6.43627	
0.269072	
1.04727	
0.830286	
0.0884217	
0.822562	
0.0608531	
1.19941	
0.0910732	
0.459146	
0.270499	
4.57723	
9.36585	
0.71023	
1.46155	
2.14991	
9.70497	
3.10072	
5.11781	
0.0777039	
0.00213516	
10.2726	
4.4294	
4.57277	
15.4086	
0.000291208	
1.00738	
6.19289	
1.13534	
1.21347	
0.630314	
0.435395	
4.47664	
0.303752	
1.51432	
3.01488	
7.07609	
2.6077	
6.73284	
1.02437	
0.838925	
0.323486	
3.16185	
0.569921	
1.24576	
0.0970481	
0.055442	
4.7405	
0.0345241	
0.788662	
10.3374	
2.54708	
2.60091	
13.77	
0.000857187	
13.7921	
12.1045	
4.10483	
2.3759	
0.0203454	
1.67034	
3.97293	
1.36875	
14.5901	
0.0167989	
27.0259	
0.277196	
4.7014	
1.2328	
2.82014	
2.24244	
5.45946	
5.0273	
1.32446	
0.371698	
0.0984439	
0.322176	
0.00119763	
29.0051	
0.00267258	
7.92177	
9.30581	
8.63188	
2.80671	
14.9696	
1.14204	
6.13178	
0.905569	
2.3716	
0.0693359	
1.12265	
3.31383	
0.970383	
0.965776	
22.8506	
1.52814	
2.6352	
0.68773	
1.4896	
7.60558	
14.2559	
10.4641	
6.62849	
4.40762	
1.4183	
0.00793159	
2.48502	
2.57102	
1.80018	
0.150052	
1.26145	
25.5134	
6.28236	
0.222185	
0.773064	
9.1911	
5.35641	
0.00123058	
1.7715	
1.41726	
0.58069	
2.85957	
11.256	
1.9537	
2.68134	
1.9314	
1.80793	
0.0828916	
3.75549	
14.9726	
6.96089	
0.120661	
5.10293	
0.415825	
0.15794	
3.30105	
62.6929	
0.172885	
2.90836	
0.160556	
7.92029	
0.624141	
6.25572	
18.6632	
12.2769	
2.10066	
3.55543	
5.07454	
9.14683	
4.32142	
4.60913	
0.740201	
1.71371	
0.204153	
16.6489	
2.94983	
0.0695513	
0.139192	
13.643	
30.4686	
27.6852	
8.81073	
0.0238872	
0.258976	
2.86316	
0.766176	
2.88914	
0.00827229	
0.0636862	
0.155868	
7.61033	
6.48521	
0.372259	
0.107173	
0.0557163	
28.5597	
8.51241	
0.353181	
10.3883	
4.23885	
2.53628	
1.00422	
2.69665	
1.03173	
1.30618	
11.2525	
0.163836	
23.6106	
5.91803	
1.86496	
0.208833	
0.00665063	
0.872284	
0.963234	
0.84512	
0.174395	
0.289499	
1.22881	
7.08719	
0.00104386	
16.6453	
5.85057	
1.2243	
0.204485	
5.67925	
17.5609	
2.97961	
10.562	
11.1395	
0.626415	
0.512538	
3.3037	
0.170599	
1.5683	
7.62431	
0.131057	
0.43006	
0.652024	
0.0370116	
0.208512	
6.29082	
4.78925	
22.0377	
0.0705758	
1.77092	
1.06046	
0.821498	
1.67524	
4.92264	
0.599089	
0.235754	
0.971928	
0.751909	
27.584	
3.78758	
0.451028	
0.0116446	
0.305242	
2.13154	
1.84579	
6.61219	
3.31504	
10.2134	
3.80422	
3.95913	
0.0380219	
2.71433	
18.9142	
0.866901	
8.41447	
3.50993	
0.314318	
0.00625053	
3.45757	
5.23003	
4.88921	
3.86575	
4.79306	
1.76741	
3.01445	
0.355358	
3.66622	
2.1278	
3.73693	
2.49783	
9.61131	
5.35556	
1.77814	
2.69538	
0.924638	
2.36435	
16.8299	
2.0163	
26.6308	
0.000171143	
11.5674	
12.5569	
3.58978	
10.1974	
1.01831	
2.29761	
4.73094	
2.98988	
10.3387	
1.95406	
8.56507	
10.4062	
0.187511	
16.5617	
0.872608	
2.18049	
0.0399335	
6.15247	
0.906417	
0.4917	
3.86309	
12.237	
2.83012	
0.274536	
0.233344	
5.61349	
3.79626	
0.433562	
0.135693	
0.00783528	
22.9309	
0.00439648	
1.19993	
17.2561	
1.70234	
2.54912	
12.0349	
7.57897	
0.179583	
3.41534	
0.73869	
8.23106	
1.87325	
14.2819	
1.62988	
3.95405	
1.02307	
0.567956	
0.362564	
14.5414	
2.21232	
13.4368	
0.550968	
12.2625	
6.87695	
0.0719134	
1.79632	
0.000453697	
0.00772053	
0.323143	
2.04954	
0.148383	
4.61977	
5.58364	
2.45782	
0.937288	
0.869294	
3.29027	
0.456624	
8.2877	
0.0395372	
3.5292	
0.711035	
6.14369	
1.52772	
0.978312	
0.589109	
0.00600368	
12.4437	
2.21158	
10.0097	
0.829551	
10.2114	
0.13264	
9.70129	
0.314417	
0.312508	
2.10209	
0.114127	
1.90983	
2.20221	
0.198879	
9.0945	
4.01998	
2.94323	
10.4828	
1.31375	
2.76493	
6.48559	
0.148716	
11.8954	
2.41147	
5.42276	
0.34294	
0.560874	
3.00518	
0.107212	
9.44062	
5.96454	
0.0390182	
11.6213	
0.133457	
15.4548	
16.9179	
9.49938	
18.7934	
11.8597	
1.76202	
0.23642	
4.8556	
2.7501	
5.46692	
0.901501	
9.67673	
5.65026	
5.9573	
1.85	
2.40467	
16.4943	
2.8849	
24.9004	
6.90213	
0.191865	
9.63336	
3.11401	
7.26502	
0.46235	
1.13011	
0.116985	
0.789739	
4.09121	
0.765853	
0.365995	
7.10842	
10.6456	
2.15796	
13.0096	
7.237	
3.49775	
0.588087	
0.346252	
0.0512878	
0.0824946	
4.35891	
8.29793	
27.3985	
8.9777	
17.6932	
8.06425	
7.87902	
6.39283	
0.407422	
2.5549	
19.5595	
1.09098	
0.477839	
0.0939186	
34.3165	
0.0805318	
7.72483	
0.689615	
1.94807	
13.4634	
10.2853	
10.8465	
14.0651	
0.147	
13.4061	
5.9713	
13.104	
1.59316	
6.06895	
3.63369	
23.3483	
1.57843	
11.728	
0.538649	
13.1852	
0.00235709	
12.1361	
35.0604	
1.42895	
11.3423	
8.73465	
1.62909	
0.021801	
1.21841	
1.98575	
0.338575	
12.7367	
2.95155	
1.42611	
2.91926	
0.37262	
1.10314	
0.0012564	
7.17512	
3.83813	
1.11603	
2.566	
0.429842	
1.46452	
6.95333	
10.6529	
5.40787	
0.00529916	
2.48154	
16.4884	
0.000541345	
4.23681	
0.50891	
0.812558	
9.46721	
6.18724	
0.0757968	
0.0115193	
3.25226	
6.55128	
13.8759	
0.742454	
16.0391	
1.62821	
10.704	
1.02783	
1.2807	
1.52921	
2.8973	
0.206719	
0.0127581	
8.9043	
0.910651	
8.01522	
0.0229188	
0.56966	
0.615727	
4.06025	
7.08914	
6.34259	
0.0399648	
0.612009	
0.138334	
1.23814	
0.00221781	
13.8975	
0.731603	
0.320387	
22.6824	
0.465781	
0.408289	
0.0263531	
3.06058	
10.6127	
22.4906	
1.54757	
4.7162	
1.36628	
0.145822	
0.953677	
1.65846	
5.97121	
8.64643	
16.6654	
0.181121	
0.0335529	
0.1372	
7.06062	
13.2414	
2.65048	
5.40428	
5.72174	
0.642882	
0.386389	
5.13543	
4.84814	
0.158377	
0.577069	
7.6939	
0.218524	
22.7616	
0.0751674	
0.741079	
5.18191	
0.299373	
0.00448354	
18.6129	
11.7916	
22.1403	
0.124838	
0.000301096	
0.598585	
9.72293	
0.0891443	
27.3228	
3.05209	
0.0258016	
1.92875	
2.38955	
4.27225	
0.599442	
5.57391	
4.62092	
7.65693	
39.7923	
1.59777	
6.61217	
1.46986	
14.3278	
33.7099	
2.73873	
0.218948	
5.44488	
1.78749	
19.7069	
0.137	
0.0635001	
1.04012	
5.85287	
0.133828	
2.27739E-05	
1.26691	
59.081	
1.76598	
3.0382	
35.2839	
3.72885	
4.79866	
2.2372	
0.607204	
0.804824	
4.94664	
0.118781	
5.56259	
0.0116194	

