recp[0]	
9.92269	
15.0009	
23.8117	
14.284	
0.584447	
2.96453	
7.94502	
3.89798	
4.65947	
8.06278	
9.58295	
4.53646	
51.23	
11.1556	
1.64528	
3.90663	
6.59975	
21.1065	
18.6169	
33.3455	
5.5644	
4.88582	
3.88133	
8.52248	
2.46837	
6.81689	
9.02001	
20.9495	
20.7396	
9.44249	
6.63775	
4.27825	
12.1991	
3.82524	
4.48327	
23.7502	
11.9416	
2.22952	
14.6253	
7.97248	
4.86118	
5.57699	
12.4275	
5.3103	
8.45363	
7.58147	
4.75079	
11.6885	
8.39921	
19.7497	
2.49316	
4.389	
5.00106	
6.92435	
7.73128	
4.80482	
9.34334	
13.0772	
3.50598	
13.5174	
10.0375	
7.54826	
8.77767	
11.3354	
18.7574	
2.91459	
4.17137	
9.08008	
4.09252	
7.57366	
3.04418	
4.99605	
6.55997	
9.81246	
23.1981	
34.2912	
7.1288	
8.32543	
10.1662	
8.17305	
7.4363	
15.0314	
6.29484	
7.85188	
4.97013	
8.49074	
6.91065	
22.1711	
20.1343	
2.1631	
12.4689	
5.22368	
9.94253	
13.8313	
7.23793	
17.5521	
9.29754	
5.93945	
17.8459	
7.77372	
19.7544	
2.88221	
5.97503	
2.02631	
8.65085	
25.6572	
7.4707	
3.8212	
10.0604	
17.4119	
16.3223	
14.4695	
7.93757	
15.3029	
3.94148	
5.74863	
7.09039	
9.31326	
1.7773	
9.72606	
4.09815	
29.9156	
42.6576	
6.08334	
37.6148	
2.47793	
2.97517	
2.86215	
3.09072	
11.8589	
18.3857	
14.7659	
10.2067	
2.5267	
6.09922	
30.3572	
12.5008	
10.8335	
4.37534	
5.41505	
14.4511	
4.57529	
16.8603	
13.8097	
9.59219	
9.05454	
16.3168	
14.207	
4.92673	
12.623	
17.1498	
4.35365	
19.0277	
1.54624	
8.10211	
4.71158	
10.5435	
8.67469	
9.26074	
17.0274	
30.7784	
2.92381	
9.99894	
16.8394	
16.1721	
5.9518	
16.8723	
6.12994	
13.1593	
7.11233	
13.7974	
4.3289	
10.1007	
5.52587	
21.9392	
7.59313	
9.50807	
34.781	
21.3827	
3.74377	
7.14128	
4.53568	
28.2983	
6.0127	
11.7292	
6.31252	
24.2943	
3.50798	
8.92297	
10.6996	
22.4408	
6.31042	
6.48074	
50.3385	
15.685	
12.6432	
14.5006	
5.15895	
5.69867	
0.639198	
13.9399	
14.809	
5.94159	
3.253	
2.83564	
6.50469	
19.3357	
6.13577	
18.981	
5.66475	
7.83504	
10.5377	
4.77247	
30.7231	
11.7901	
2.14636	
5.64179	
7.37652	
8.15503	
0.910481	
2.83972	
11.5483	
4.63721	
4.88377	
13.0744	
7.93007	
13.1685	
14.8876	
9.07319	
6.02713	
2.04601	
11.9211	
14.0945	
36.7163	
29.4236	
25.3939	
8.7407	
4.52556	
17.4897	
9.26755	
16.1217	
3.46025	
17.7156	
4.93553	
6.56939	
18.5763	
5.12993	
6.42046	
9.11375	
5.30025	
27.6485	
45.5867	
5.26211	
3.0446	
10.5647	
5.4337	
16.7136	
4.90629	
11.1221	
36.6727	
12.5452	
12.812	
15.4193	
2.30633	
1.54054	
5.87948	
18.3487	
6.89903	
26.8372	
3.37976	
9.45208	
30.6303	
6.8778	
5.89719	
6.28039	
10.4472	
17.0746	
12.4469	
22.7318	
5.35472	
3.89147	
11.5311	
17.1154	
3.89507	
26.3736	
15.3348	
9.31671	
5.68972	
14.5013	
3.11044	
1.80223	
4.3637	
5.32585	
6.20332	
13.9773	
14.4584	
16.4495	
15.5719	
3.62402	
6.468	
13.3872	
4.07205	
12.4358	
15.7476	
11.1594	
5.26148	
2.26835	
1.30298	
21.1997	
14.4625	
5.31696	
15.613	
6.48993	
7.46177	
5.07744	
2.86846	
11.2309	
30.6192	
9.09994	
16.652	
6.31563	
4.4585	
13.7811	
26.6699	
6.69164	
19.6846	
8.06931	
20.3457	
7.33089	
5.52326	
2.36664	
3.47563	
15.9229	
12.543	
2.37611	
24.8614	
11.1717	
11.2589	
22.3975	
2.57128	
9.38348	
13.8266	
32.1219	
2.92534	
13.138	
22.7181	
10.0538	
16.5813	
3.63376	
9.39934	
8.47121	
17.8562	
12.1008	
2.69406	
7.15119	
15.8055	
9.68428	
9.62466	
30.7845	
20.8843	
6.5884	
21.483	
12.8564	
33.0198	
1.43006	
5.03261	
4.56677	
6.14316	
4.02201	
30.9414	
26.8794	
10.1404	
21.1779	
13.2062	
14.5658	
16.1805	
8.46342	
4.09878	
3.6927	
15.1635	
17.2063	
21.0095	
3.07667	
7.08238	
11.2464	
37.3437	
17.3628	
11.4556	
12.1881	
2.95868	
5.84229	
10.4272	
10.1604	
18.9096	
52.1855	
6.10992	
23.7092	
16.9384	
7.98754	
8.29851	
10.9195	
4.68951	
12.9829	
17.8506	
8.70111	
1.47407	
11.9457	
14.1594	
10.2227	
11.2533	
1.19374	
5.57197	
14.7389	
20.9742	
20.5363	
13.6128	
10.9594	
7.87754	
10.389	
4.72522	
5.76195	
8.18669	
3.50872	
31.1201	
6.20132	
5.70289	
8.50922	
12.3795	
6.61412	
6.65433	
16.0712	
5.12563	
6.40107	
11.5054	
11.7818	
10.8126	
27.2827	
20.8112	
9.44832	
2.14422	
8.74348	
4.6921	
20.1504	
28.9901	
16.7312	
12.0472	
5.10425	
7.10499	
24.3625	
6.36033	
7.7582	
9.86714	
11.722	
4.78829	
14.2807	
2.04855	
8.26375	
33.0879	
17.508	
9.41655	
39.6697	
1.66333	
5.23435	
1.94291	
23.2187	
9.39851	
11.6739	
3.37697	
11.588	
6.54302	
7.52515	
3.36829	
0.790544	
16.6996	
12.4023	
3.40679	
6.89208	
4.66474	
6.33287	
26.6008	
25.8276	
11.0892	
17.7992	
7.03456	
3.13223	
16.5557	
10.9202	
7.30383	
22.2268	
12.5244	
11.412	
25.4833	
2.81796	
5.60709	
3.04511	
16.8978	
28.6317	
10.3759	
8.79608	
46.3371	
7.74916	
14.0173	
2.40693	
21.819	
5.97308	
11.7142	
29.4544	
10.5666	
19.5973	
33.9934	
1.41621	
37.1256	
9.4827	
2.47674	
29.5005	
11.8154	
11.4628	
6.44199	
17.9541	
9.44567	
11.6904	
11.5086	
38.3705	
37.373	
4.77869	
7.62088	
9.6695	
15.9038	
10.9172	
32.0125	
8.78346	
5.00064	
41.3762	
2.54424	
34.1701	
17.2955	
1.52151	
14.0843	
11.3621	
20.9671	
5.3491	
10.9547	
11.3213	
4.10761	
5.30016	
16.9786	
11.9905	
1.372	
18.8983	
1.65869	
7.69176	
18.7639	
2.13223	
10.5872	
18.1804	
14.6833	
2.09209	
11.4866	
17.5568	
5.13789	
17.4824	
7.04832	
6.65331	
14.035	
13.3294	
4.39163	
5.99665	
8.58205	
4.1055	
6.59261	
37.3632	
4.01672	
14.9041	
20.404	
6.25847	
0.870471	
6.97275	
5.23556	
2.59769	
0.810948	
9.14155	
10.5052	
6.91289	
16.4681	
5.1768	
18.5424	
3.92454	
37.1381	
4.11847	
33.5485	
20.943	
14.9234	
32.768	
4.69319	
2.84812	
24.3509	
4.43832	
6.82988	
12.5705	
18.1262	
30.0514	
8.97527	
9.1927	
15.7517	
6.35425	
30.7205	
6.26066	
26.5788	
2.68357	
5.35011	
5.67342	
10.606	
14.9314	
31.2458	
1.15047	
9.1887	
6.49772	
17.0527	
9.36442	
4.78999	
2.38234	
2.91139	
27.8733	
32.4449	
1.23195	
12.4762	
6.43556	
4.29624	
12.3327	
13.0098	
11.3976	
6.3457	
3.86178	
6.7262	
5.97652	
43.8725	
20.1912	
0.927474	
13.8067	
3.61527	
3.80066	
6.023	
12.6957	
18.8325	
42.5202	
3.09123	
14.9769	
12.8681	
12.3217	
13.9129	
9.52873	
21.1868	
3.48473	
7.16223	
11.8422	
20.64	
32.8884	
14.0837	
11.9522	
2.91674	
5.60904	
24.8971	
2.75112	
6.4806	
9.82524	
15.2715	
3.04013	
8.81473	
3.23381	
3.77838	
7.35315	
9.04444	
4.50077	
20.6442	
7.00256	
1.98815	
7.17664	
6.48622	
7.36245	
27.107	
4.74942	
1.82122	
24.9402	
2.00491	
9.6622	
39.1071	
8.87338	
18.0215	
39.2302	
19.2017	
26.2719	
10.375	
3.35149	
10.7804	
3.04172	
29.6159	
9.554	
22.1841	
6.76462	
5.54556	
7.78128	
5.26864	
22.9475	
13.5674	
15.7487	
8.86312	
12.1569	
6.92231	
4.33963	
1.94076	
8.95989	
3.58471	
5.13735	
9.33682	
1.36028	
27.8092	
6.24303	
8.56419	
3.6317	
2.91842	
0.615566	
16.1242	
5.80297	
10.1693	
0.937442	
10.4296	
6.01842	
2.78805	
26.8573	
32.0366	
14.5394	
5.61319	
11.2337	
5.56946	
6.35633	
5.83905	
7.03749	
18.5126	
6.30121	
7.1746	
3.61069	
16.8656	
8.68133	
14.7502	
13.4307	
16.1687	
4.51064	
7.7661	
15.948	
6.91546	
9.6669	
7.07239	
0.860617	
19.3224	
6.90668	
8.03073	
9.57407	
12.9736	
3.31227	
7.5401	
4.21481	
4.35771	
18.8534	
10.5044	
8.38126	
8.40955	
2.76859	
3.16688	
12.9375	
10.1378	
19.0224	
3.96421	
5.20397	
4.48468	
14.7317	
14.8241	
19.5017	
19.669	
2.86728	
10.219	
19.2819	
3.88651	
22.0435	
11.7172	
27.9922	
7.85309	
3.2609	
8.57099	
21.1516	
18.1229	
13.623	
5.68063	
11.9806	
10.9531	
9.93994	
18.2671	
20.3962	
5.70799	
4.14322	
36.9746	
8.9808	
25.3815	
5.57575	
6.0126	
5.75297	
16.9798	
6.93291	
7.44051	
3.7661	
6.08002	
12.8356	
17.759	
39.5573	
4.34752	
4.76896	
14.7507	
20.4143	
11.7396	
15.0037	
8.04662	
7.72914	
1.40893	
15.5322	
24.874	
30.0005	
12.7529	
6.10458	
4.93595	
24.6463	
14.6409	
10.0684	
3.81613	
13.0794	
27.4086	
6.2555	
28.3455	
0.536319	
14.3711	
7.63557	
23.0367	
3.77111	
9.56328	
16.023	
5.61912	
33.2106	
5.70331	
6.77791	
19.0633	
23.9859	
1.65003	
5.53172	
17.3222	
2.87737	
5.10083	
18.3943	
4.82062	
9.28645	
5.54203	
36.9254	
9.40499	
3.79111	
7.07469	
10.9541	
28.8793	
10.0442	
1.30668	
5.19142	
3.53499	
12.6119	
25.5608	
0.877291	
13.0518	
5.22439	
2.2955	
3.4544	
12.6574	
5.92861	
3.61801	
16.7911	
11.6007	
11.9538	
2.80354	
7.69023	
5.91218	
24.2986	
10.2256	
9.79719	
13.2797	
7.70617	
8.44597	
5.80195	
8.11708	
19.408	
19.2346	
1.94021	
15.5199	
7.31074	
4.73385	
27.8149	
6.46301	
19.2752	
7.96358	
1.75297	
4.40493	
13.7119	
8.16719	
11.9095	
6.09497	
20.4613	
7.05929	
10.1473	
34.4064	
15.8643	
24.096	
2.4092	
4.69291	
12.0039	
8.23902	
10.937	
24.2758	
13.4935	
2.16416	
4.88461	
10.2955	
1.17274	
15.4601	
26.6301	
7.17633	
12.8442	
14.9531	
17.3288	
7.52204	
4.5611	
25.6568	
12.5255	
3.49759	
20.4721	
22.4998	
1.31996	
22.8675	
10.0979	
0.964918	
7.26282	
13.1994	
8.11052	
5.93345	
22.0657	
5.01557	
7.9727	
11.2209	
14.9268	
20.4439	
10.9328	
23.2053	
9.75805	
1.72467	
47.5556	
6.24497	
4.62545	
22.1138	
3.14991	
2.30048	
17.7909	
9.39398	
8.47762	
8.55926	
15.66	
7.97437	
2.80198	
5.15751	
11.4728	
2.87698	
23.2438	
24.3713	
22.0908	
23.7239	
2.30445	
13.5537	
18.8076	
4.66675	
15.5097	
3.37188	
18.4665	
8.9409	
5.27881	
27.3159	
1.98922	
34.049	
7.82634	
2.653	
5.35132	
11.0838	
4.7538	
11.5801	
9.29174	
25.3823	
46.4279	
33.4427	
23.9802	
13.6922	

ratio[0]	
0.0927558	
