

Number of valid iterations:
	TD	Fs	FD*	FF*	FD	FF	H	B	Q	ZA	Fst	Kw	Hw	R2	S	pi_w	pi_b	thetaWatt	thetaTaj	thetaFW	D/Dmin	Hnorm	maxhap	maxhap1	Rm	ThetaFL	ThetaL	ZengE
locus_0	1000	1000	1000	1000	1000	1000	1000	1000	1000	1000	0	1000	1000	1000	1000	1000	1000	1000	1000	1000	1000	1000	1000	1000	1000	1000	1000	1000	1000	0	1000
average	1000	1000	1000	1000	1000	1000	1000	1000	1000	1000	0	1000	1000	1000	1000	1000	1000	1000	1000	1000	1000	1000	1000	1000	1000	1000	1000	1000	1000	0	1000
variance	0	0	0	0	0	0	0	0	0	0	0	0	0	0	0	0	0	0	0	0	0	0	0	0	0	0	0	0	0	0	0

PERCENTILES:

locus_0

	TD	Fs	FD*	FF*	FD	FF	H	B	Q	ZA	Fst	Kw	Hw	R2	S	pi_w	pi_b	thetaWatt	thetaTaj	thetaFW	D/Dmin	Hnorm	maxhap	maxhap1	Rm	ThetaFL	ThetaL	ZengE
 0.1%	-1.89627	-15.1576	-3.31644	-3.36357	-2.90146	-2.78834	-20.2851	0	0	0.0225306	na	0.266667	0.754023	0.0545448	14	0	0	3.53388	2.58391	0.450575	-0.687284	-3.45091	0.0666667	0.1	2	0	1.51724	-1.89183	0.0488889	na	0.0435
 1.0%	-1.66707	-12.4854	-2.33757	-2.43661	-2.31276	-2.40105	-14.1517	0	0	0.0499996	na	0.333333	0.822989	0.0656992	17	0	0	4.29114	3.3908	1.45287	-0.629756	-2.27305	0.1	0.133333	2	2	2.93103	-1.60649	0.0555556	na	0.0699357
 2.5%	-1.48208	-10.4779	-2.00341	-2.15156	-1.90067	-2.02511	-10.446	0	0	0.0627273	na	0.366667	0.857471	0.0721676	19	0	0	4.79598	3.89885	2.16322	-0.54778	-1.77005	0.1	0.133333	2	3	3.41379	-1.42734	0.0577778	na	0.0749354
 5.0%	-1.29524	-8.40612	-1.61812	-1.7254	-1.64709	-1.78155	-8.45977	0.0227273	0.0444444	0.0789664	na	0.4	0.871264	0.0749275	21	0	0	5.30082	4.28276	2.76552	-0.482149	-1.46567	0.1	0.133333	2	4	3.89655	-1.23621	0.06	na	0.0850939
10.0%	-1.07273	-6.77195	-1.26912	-1.36132	-1.32666	-1.47897	-6.02299	0.037037	0.0714286	0.102445	na	0.433333	0.889655	0.082086	24	0	0	6.05808	4.89195	3.52644	-0.399044	-1.03151	0.133333	0.166667	2	5	4.58621	-1.0501	0.0666667	na	0.094916
25.0%	-0.710542	-4.10992	-0.713812	-0.765429	-0.796689	-0.821793	-2.28966	0.0714286	0.125	0.14436	na	0.5	0.917241	0.094495	29	0	0	7.32018	6.2023	5.35862	-0.266838	-0.422036	0.133333	0.2	2	7	6.10345	-0.643443	0.0755556	na	0.118496
50.0%	-0.25913	-2.16987	-0.112811	-0.198498	-0.127236	-0.239333	0.450575	0.121212	0.192308	0.194564	na	0.533333	0.94023	0.109848	34	0	0	8.58227	7.89655	7.95632	-0.0978016	0.0986266	0.166667	0.233333	2	9	8.06897	-0.165359	0.0911111	na	0.155468
75.0%	0.221737	-0.543136	0.405059	0.399806	0.427163	0.419352	2.4092	0.185185	0.272727	0.265888	na	0.6	0.956322	0.127999	41	0	0	10.3492	10.0253	11.5425	0.0834012	0.488614	0.233333	0.266667	2	12	10.6207	0.307881	0.113333	na	0.228197
90.0%	0.684314	0.913448	0.756702	0.782522	0.834608	0.855676	3.70575	0.25	0.357143	0.337162	na	0.666667	0.965517	0.144473	49	0	0	12.3686	12.908	16.2115	0.255585	0.724083	0.266667	0.366667	2	15	13.4828	0.813423	0.14	na	0.340776
95.0%	1.01105	1.94222	0.991495	0.994358	1.10259	1.09615	4.52414	0.3	0.410256	0.386163	na	0.7	0.970115	0.156343	53	0	0	13.3783	14.5563	19.1149	0.379676	0.843714	0.333333	0.4	2	17	15.8966	1.10067	0.157778	na	0.50552
97.5%	1.28353	3.15777	1.11119	1.26732	1.26011	1.42853	4.9931	0.358491	0.44898	0.444395	na	0.733333	0.974713	0.165824	59	0	0	14.8928	17.5609	21.5011	0.478068	0.921587	0.366667	0.433333	2	20	18.3103	1.50546	0.171111	na	0.687023
99.0%	1.56039	4.90782	1.26778	1.46254	1.42471	1.63826	5.91264	0.4	0.5	0.469516	na	0.766667	0.977011	0.175309	69	0	0	17.417	21.6207	26.2115	0.572575	0.988043	0.366667	0.466667	2	22	22.4138	1.8891	0.202222	na	0.942834
99.9%	2.23088	8.47677	1.78901	2.02238	2.05694	2.30303	8.32184	0.5	0.592593	0.583982	na	0.8	0.983908	0.19678	86	0	0	21.7081	31.2667	32.5563	0.799097	1.11057	0.433333	0.533333	2	26	30.4483	2.41243	0.242222	na	1.31975

average

	TD	Fs	FD*	FF*	FD	FF	H	B	Q	ZA	Fst	Kw	Hw	R2	S	pi_w	pi_b	thetaWatt	thetaTaj	thetaFW	D/Dmin	Hnorm	maxhap	maxhap1	Rm	ThetaFL	ThetaL	ZengE
 0.1%	-1.89627	-15.1576	-3.31644	-3.36357	-2.90146	-2.78834	-20.2851	0	0	0.0225306	na	0.266667	0.754023	0.0545448	14	0	0	3.53388	2.58391	0.450575	-0.687284	-3.45091	0.0666667	0.1	2	0	1.51724	-1.89183	0.0488889	na	0.0435
 1.0%	-1.66707	-12.4854	-2.33757	-2.43661	-2.31276	-2.40105	-14.1517	0	0	0.0499996	na	0.333333	0.822989	0.0656992	17	0	0	4.29114	3.3908	1.45287	-0.629756	-2.27305	0.1	0.133333	2	2	2.93103	-1.60649	0.0555556	na	0.0699357
 2.5%	-1.48208	-10.4779	-2.00341	-2.15156	-1.90067	-2.02511	-10.446	0	0	0.0627273	na	0.366667	0.857471	0.0721676	19	0	0	4.79598	3.89885	2.16322	-0.54778	-1.77005	0.1	0.133333	2	3	3.41379	-1.42734	0.0577778	na	0.0749354
 5.0%	-1.29524	-8.40612	-1.61812	-1.7254	-1.64709	-1.78155	-8.45977	0.0227273	0.0444444	0.0789664	na	0.4	0.871264	0.0749275	21	0	0	5.30082	4.28276	2.76552	-0.482149	-1.46567	0.1	0.133333	2	4	3.89655	-1.23621	0.06	na	0.0850939
10.0%	-1.07273	-6.77195	-1.26912	-1.36132	-1.32666	-1.47897	-6.02299	0.037037	0.0714286	0.102445	na	0.433333	0.889655	0.082086	24	0	0	6.05808	4.89195	3.52644	-0.399044	-1.03151	0.133333	0.166667	2	5	4.58621	-1.0501	0.0666667	na	0.094916
25.0%	-0.710542	-4.10992	-0.713812	-0.765429	-0.796689	-0.821793	-2.28966	0.0714286	0.125	0.14436	na	0.5	0.917241	0.094495	29	0	0	7.32018	6.2023	5.35862	-0.266838	-0.422036	0.133333	0.2	2	7	6.10345	-0.643443	0.0755556	na	0.118496
50.0%	-0.25913	-2.16987	-0.112811	-0.198498	-0.127236	-0.239333	0.450575	0.121212	0.192308	0.194564	na	0.533333	0.94023	0.109848	34	0	0	8.58227	7.89655	7.95632	-0.0978016	0.0986266	0.166667	0.233333	2	9	8.06897	-0.165359	0.0911111	na	0.155468
75.0%	0.221737	-0.543136	0.405059	0.399806	0.427163	0.419352	2.4092	0.185185	0.272727	0.265888	na	0.6	0.956322	0.127999	41	0	0	10.3492	10.0253	11.5425	0.0834012	0.488614	0.233333	0.266667	2	12	10.6207	0.307881	0.113333	na	0.228197
90.0%	0.684314	0.913448	0.756702	0.782522	0.834608	0.855676	3.70575	0.25	0.357143	0.337162	na	0.666667	0.965517	0.144473	49	0	0	12.3686	12.908	16.2115	0.255585	0.724083	0.266667	0.366667	2	15	13.4828	0.813423	0.14	na	0.340776
95.0%	1.01105	1.94222	0.991495	0.994358	1.10259	1.09615	4.52414	0.3	0.410256	0.386163	na	0.7	0.970115	0.156343	53	0	0	13.3783	14.5563	19.1149	0.379676	0.843714	0.333333	0.4	2	17	15.8966	1.10067	0.157778	na	0.50552
97.5%	1.28353	3.15777	1.11119	1.26732	1.26011	1.42853	4.9931	0.358491	0.44898	0.444395	na	0.733333	0.974713	0.165824	59	0	0	14.8928	17.5609	21.5011	0.478068	0.921587	0.366667	0.433333	2	20	18.3103	1.50546	0.171111	na	0.687023
99.0%	1.56039	4.90782	1.26778	1.46254	1.42471	1.63826	5.91264	0.4	0.5	0.469516	na	0.766667	0.977011	0.175309	69	0	0	17.417	21.6207	26.2115	0.572575	0.988043	0.366667	0.466667	2	22	22.4138	1.8891	0.202222	na	0.942834
99.9%	2.23088	8.47677	1.78901	2.02238	2.05694	2.30303	8.32184	0.5	0.592593	0.583982	na	0.8	0.983908	0.19678	86	0	0	21.7081	31.2667	32.5563	0.799097	1.11057	0.433333	0.533333	2	26	30.4483	2.41243	0.242222	na	1.31975

variance

	TD	Fs	FD*	FF*	FD	FF	H	B	Q	ZA	Fst	Kw	Hw	R2	S	pi_w	pi_b	thetaWatt	thetaTaj	thetaFW	D/Dmin	Hnorm	maxhap	maxhap1	Rm	ThetaFL	ThetaL	ZengE
 0.1%	na	na	na	na	na	na	na	na	na	na	na	na	na	na	na	na	na	na	na	na	na	na	na	na	na	na	na	na	na	na	na
 1.0%	na	na	na	na	na	na	na	na	na	na	na	na	na	na	na	na	na	na	na	na	na	na	na	na	na	na	na	na	na	na	na
 2.5%	na	na	na	na	na	na	na	na	na	na	na	na	na	na	na	na	na	na	na	na	na	na	na	na	na	na	na	na	na	na	na
 5.0%	na	na	na	na	na	na	na	na	na	na	na	na	na	na	na	na	na	na	na	na	na	na	na	na	na	na	na	na	na	na	na
10.0%	na	na	na	na	na	na	na	na	na	na	na	na	na	na	na	na	na	na	na	na	na	na	na	na	na	na	na	na	na	na	na
25.0%	na	na	na	na	na	na	na	na	na	na	na	na	na	na	na	na	na	na	na	na	na	na	na	na	na	na	na	na	na	na	na
50.0%	na	na	na	na	na	na	na	na	na	na	na	na	na	na	na	na	na	na	na	na	na	na	na	na	na	na	na	na	na	na	na
75.0%	na	na	na	na	na	na	na	na	na	na	na	na	na	na	na	na	na	na	na	na	na	na	na	na	na	na	na	na	na	na	na
90.0%	na	na	na	na	na	na	na	na	na	na	na	na	na	na	na	na	na	na	na	na	na	na	na	na	na	na	na	na	na	na	na
95.0%	na	na	na	na	na	na	na	na	na	na	na	na	na	na	na	na	na	na	na	na	na	na	na	na	na	na	na	na	na	na	na
97.5%	na	na	na	na	na	na	na	na	na	na	na	na	na	na	na	na	na	na	na	na	na	na	na	na	na	na	na	na	na	na	na
99.0%	na	na	na	na	na	na	na	na	na	na	na	na	na	na	na	na	na	na	na	na	na	na	na	na	na	na	na	na	na	na	na
99.9%	na	na	na	na	na	na	na	na	na	na	na	na	na	na	na	na	na	na	na	na	na	na	na	na	na	na	na	na	na	na	na