Ttot[0]	
3.4726	
2.93855	
3.25838	
3.90672	
4.34955	
3.43829	
3.69704	
3.76135	
4.50171	
3.21315	
3.93699	
3.9529	
3.32406	
3.96913	
4.01798	
4.05765	
3.57547	
3.7196	
3.84299	
4.49916	
5.10086	
4.91076	
3.07425	
4.86608	
3.20817	
4.04413	
3.58732	
3.16098	
3.00875	
4.18947	
4.09209	
3.71699	
3.55373	
3.90169	
3.8688	
3.88926	
3.45383	
4.16084	
4.60578	
4.05625	
2.8788	
4.85624	
2.9101	
4.3676	
3.63268	
3.18526	
4.30554	
4.0996	
4.13845	
2.75923	
3.83105	
5.03925	
3.66952	
3.91917	
2.5804	
2.57	
3.87204	
3.62805	
5.17854	
3.73566	
3.4444	
3.37768	
3.28824	
3.00441	
3.03777	
4.21938	
6.97647	
4.57579	
3.44813	
2.98054	
5.48796	
3.96567	
2.09235	
3.81297	
2.98942	
3.5223	
2.35671	
3.2777	
3.91089	
4.29572	
4.76388	
2.63397	
3.58388	
3.66866	
4.87115	
3.31658	
2.72935	
4.09131	
2.72364	
3.98065	
4.498	
2.53631	
3.37231	
3.79739	
2.88124	
3.27953	
4.71202	
3.45775	
3.83501	
3.56646	
4.51394	
4.60503	
3.70068	
7.81325	
3.88798	
3.05038	
3.38147	
4.89334	
3.53359	
2.94496	
4.10629	
3.88934	
3.93794	
3.31265	
2.15076	
2.64494	
3.20763	
3.82364	
7.38106	
3.11449	
5.0535	
2.80809	
2.56702	
2.35242	
4.66	
3.10044	
3.75105	
3.899	
6.46596	
3.57123	
3.85291	
2.4165	
2.75551	
2.94505	
3.24548	
3.62043	
4.61292	
3.13117	
5.26714	
4.38324	
3.25863	
3.92571	
3.55455	
3.28583	
3.20353	
3.36888	
3.06308	
3.75612	
3.76869	
2.50729	
3.89832	
4.12683	
3.76712	
5.98148	
3.40016	
2.87639	
3.7385	
4.1933	
3.35571	
3.98253	
3.01125	
5.48098	
3.48138	
3.109	
4.1648	
4.88878	
4.20906	
2.65692	
3.8915	
3.43094	
3.92165	
5.35768	
4.28691	
3.10448	
4.12403	
3.60185	
3.17616	
3.16617	
2.39718	
5.3196	
4.28589	
2.34673	
3.52702	
4.45028	
3.083	
3.63704	
3.34645	
2.64074	
4.56026	
3.6184	
3.285	
3.33379	
5.1784	
3.39158	
2.73378	
3.12877	
3.84533	
2.46765	
6.18399	
4.95244	
3.61416	
4.2016	
4.59371	
3.14984	
5.1171	
3.25037	
2.62189	
5.61736	
3.67686	
3.19389	
2.83865	
4.38737	
3.92089	
3.1184	
2.87938	
3.6493	
5.39098	
4.10822	
3.65198	
2.98004	
3.10569	
3.45221	
4.8439	
3.64636	
3.13601	
4.50075	
3.49085	
3.04513	
4.11167	
3.89902	
4.01469	
2.94483	
4.02571	
2.8496	
3.04913	
3.10107	
5.47699	
3.70898	
3.47275	
5.38996	
3.21925	
3.75877	
3.60011	
3.08189	
6.01507	
3.4284	
3.79328	
4.03425	
2.95235	
4.27934	
2.90863	
3.13807	
4.53671	
3.73614	
3.20784	
4.0149	
4.23486	
4.56031	
4.35964	
3.32796	
2.54122	
2.43943	
3.63507	
3.96333	
4.04715	
3.52861	
3.10734	
3.2554	
3.77792	
3.36976	
3.46743	
3.01722	
2.89297	
4.49799	
2.5974	
3.89429	
3.22968	
2.53197	
3.10028	
3.32403	
4.96327	
2.54686	
3.77398	
3.00835	
3.54732	
3.10986	
3.24192	
4.79531	
3.01908	
5.47706	
2.98073	
4.3123	
3.3438	
3.86545	
3.75975	
2.99208	
4.38792	
3.71857	
4.0301	
5.42133	
2.90272	
3.35756	
2.87093	
3.16333	
3.38669	
2.91714	
4.46243	
5.40639	
3.47609	
2.80948	
3.82173	
3.30856	
3.93648	
3.46368	
3.50501	
2.57859	
3.93406	
3.27294	
2.89552	
2.6845	
3.67259	
4.03675	
4.69204	
3.89293	
3.75217	
4.67157	
2.72796	
3.50936	
3.44904	
3.13964	
3.79073	
2.84556	
3.22285	
2.71984	
4.56362	
3.53795	
5.15623	
3.35896	
3.11313	
2.92668	
4.62506	
3.52402	
3.19659	
3.83918	
4.64637	
3.40052	
3.09161	
3.84116	
3.33377	
4.7283	
3.68775	
3.7803	
3.88202	
3.80896	
3.65641	
4.79791	
4.9481	
2.97863	
3.0512	
3.41222	
3.46044	
3.1095	
2.96188	
3.23136	
4.48302	
3.90886	
3.9189	
3.33836	
5.23247	
2.61566	
2.46072	
3.94713	
2.69152	
3.44077	
3.32309	
2.39911	
4.26186	
4.61951	
3.74843	
4.01268	
2.37357	
3.35209	
5.83631	
4.54179	
3.10151	
3.30973	
3.32701	
3.50255	
3.54026	
6.00978	
3.99052	
3.13311	
4.7702	
2.34781	
3.56207	
5.37852	
4.35197	
3.20548	
4.69149	
2.9673	
3.5487	
3.51641	
3.33509	
3.85788	
3.05817	
7.24074	
3.37052	
3.35938	
3.91706	
3.77132	
6.66374	
5.39941	
3.44352	
3.76813	
4.03453	
4.3715	
4.2508	
2.38349	
3.21846	
5.25108	
3.65621	
3.28342	
4.04742	
2.8981	
2.89276	
4.04929	
2.71748	
3.66371	
3.9224	
3.00753	
2.31679	
4.14755	
4.62397	
2.86764	
4.78592	
3.91758	
3.39237	
3.04922	
3.61747	
4.56294	
2.72271	
2.70446	
4.1092	
3.53344	
3.48869	
3.69529	
3.46361	
4.41546	
3.07936	
3.47071	
2.4822	
2.86407	
4.94972	
4.41055	
3.41836	
3.0454	
2.96712	
2.92866	
3.1014	
3.54806	
3.25364	
4.09872	
3.16378	
6.16531	
3.73455	
3.25859	
3.07264	
5.17714	
3.6587	
3.91363	
3.8973	
3.91928	
3.3182	
2.99761	
3.08838	
3.53133	
2.6612	
3.72476	
5.04426	
3.56708	
3.1067	
2.83439	
3.6025	
3.10182	
4.29772	
2.2487	
3.25221	
4.27271	
2.78981	
3.11447	
4.56612	
3.27811	
4.05407	
4.14345	
4.65829	
2.84605	
3.35572	
4.72012	
4.63456	
3.49587	
4.62918	
2.84721	
2.94078	
3.1463	
3.14293	
3.19244	
3.04089	
3.53407	
3.25173	
2.5759	
4.08091	
3.27664	
3.42222	
3.94921	
2.54772	
2.69028	
3.77327	
4.72424	
3.04866	
3.31548	
2.97251	
3.8535	
3.21857	
3.3719	
3.30769	
3.77702	
5.022	
3.04932	
3.84511	
3.24345	
3.43023	
3.80559	
3.37555	
3.39455	
4.17063	
3.03493	
5.65541	
4.46934	
3.1037	
3.64716	
3.73472	
4.37116	
3.32233	
3.15671	
3.96346	
4.79711	
3.29819	
6.25882	
4.00378	
3.83	
4.14236	
3.62796	
5.25939	
2.97292	
4.26309	
4.40091	
5.97527	
3.30414	
2.88336	
3.68377	
4.13432	
3.36425	
2.82358	
3.0279	
3.29214	
3.50272	
4.6083	
3.22988	
5.25016	
3.51604	
2.90968	
6.36784	
3.96684	
2.82835	
3.79392	
4.55915	
3.39302	
4.8245	
3.71064	
4.69326	
3.34257	
3.49479	
3.58563	
2.9968	
4.6276	
3.63826	
4.68188	
3.36328	
3.21157	
4.24052	
3.4311	
3.03866	
2.73357	
5.56463	
4.13146	
3.34689	
5.64927	
3.52481	
4.11487	
2.88626	
3.91808	
4.50724	
3.30706	
3.5049	
4.00872	
2.76953	
3.5923	
3.18689	
3.29499	
4.09845	
6.09986	
2.50332	
4.02159	
2.57914	
4.07215	
3.89778	
3.98379	
3.46264	
3.06508	
3.56323	
2.50208	
3.93671	
4.48589	
3.47435	
3.61275	
3.22125	
4.53398	
2.86747	
3.01289	
2.81569	
2.92332	
4.57805	
4.0652	
4.15156	
4.32756	
3.54527	
3.80478	
3.81868	
3.67033	
5.78315	
4.72713	
4.08988	
4.69122	
3.48143	
2.8029	
5.93801	
3.68862	
3.03008	
4.03444	
3.59179	
4.37667	
2.70138	
3.77234	
4.1832	
3.3713	
2.82878	
3.64385	
3.56106	
3.36637	
3.57016	
2.97556	
2.85148	
3.636	
3.41928	
3.97777	
3.91665	
4.37354	
3.67125	
5.00587	
3.26546	
5.1351	
4.31081	
5.21428	
3.3263	
3.98703	
4.20388	
3.52775	
4.94787	
5.12867	
3.81405	
3.9433	
5.81941	
3.55742	
3.49996	
3.51985	
2.92915	
3.21725	
4.08784	
2.5351	
3.15909	
3.65305	
6.23186	
3.17931	
2.96056	
5.17425	
3.64204	
3.10162	
3.44094	
3.61452	
3.52318	
4.50288	
4.81709	
2.43087	
3.94171	
4.21013	
4.60523	
2.98598	
3.51404	
3.31808	
4.77134	
3.44875	
4.88444	
3.76172	
3.36862	
4.31916	
3.69369	
4.49461	
3.32177	
3.60142	
3.21182	
6.5347	
4.05258	
4.14817	
2.55563	
6.12745	
4.12431	
2.92698	
4.82814	
4.02667	
2.19976	
3.9887	
4.50764	
3.46109	
4.63137	
3.79542	
3.82189	
2.72416	
3.03192	
3.63304	
3.3171	
5.0396	
3.31415	
3.43476	
3.10399	
3.48392	
3.08884	
3.39558	
2.82147	
2.99565	
3.54307	
3.39874	
3.37264	
5.41138	
2.99373	
4.55059	
4.57055	
3.28862	
4.11874	
2.7853	
2.48661	
5.5311	
3.69569	
3.08494	
3.03754	
3.98048	
3.48347	
4.84341	
4.42269	
3.3614	
3.821	
3.78901	
3.55828	
4.6975	
3.0072	
3.56676	
2.40849	
3.47073	
2.90236	
2.9779	
4.84059	
2.30021	
3.72253	
3.45646	
5.184	
3.81301	
3.97706	
3.99541	
3.73227	
3.84181	
4.54207	
3.40112	
3.02809	
2.90236	
3.38988	
2.42652	
3.28435	
3.30327	
3.45431	
4.00702	
2.94119	
2.72484	
2.86349	
2.57625	
3.86675	
2.34177	
4.46039	
4.51858	
6.01784	
3.97512	
3.99626	
3.34675	
2.97493	
3.68606	
2.76434	
3.3763	
3.49303	
3.38809	
2.92622	
3.86681	
3.11018	
3.03187	
7.39213	
3.6246	
3.58015	
2.95339	
3.39557	
2.1998	
4.20746	
3.95287	
4.13267	
3.0142	
3.93204	
3.95641	
1.89266	
5.61366	
3.92128	
3.71028	
3.08474	
4.07738	
3.19264	
5.00469	
4.11863	
3.60991	
3.52347	
2.71266	
3.65737	
3.54523	
3.38196	
2.95584	
4.49818	
4.02264	
3.94145	
4.32996	
4.07578	
3.03937	
4.14136	
3.96829	
3.60655	
3.91397	
5.52264	
5.05417	
3.16302	
2.5915	
3.25301	
3.24439	
3.93659	
2.42011	
4.44915	
3.60035	
2.46579	
4.8317	
3.84547	
3.91439	
5.12259	
3.11167	
5.25188	
2.58629	
5.48382	
3.24126	
3.8333	
4.2213	
4.63515	
2.08451	
4.76523	
3.17954	
3.77608	
3.18714	
3.16894	
4.54057	
3.54503	
5.01831	
3.85172	
3.57707	
3.24726	
3.43605	
4.71165	
2.07868	
3.92025	
2.68426	
3.47516	
2.50264	
3.49922	
4.00193	
2.97308	
3.00929	
3.81761	
3.79537	
3.17779	
3.72547	
2.83688	
3.7308	
3.16822	
3.74748	
3.43129	
3.3123	
4.71834	
2.23061	
4.70456	
3.75112	
2.88754	
4.0155	
3.07868	
4.15955	
3.33993	
4.70265	
2.68003	
3.63653	
5.91254	
2.71123	
3.132	
2.90566	
3.27497	
2.91503	
2.75019	
4.84903	
4.20037	
2.43058	
2.94373	
4.68018	
2.85403	
3.42218	
2.97346	
2.89056	
3.53382	
3.44041	
5.29899	
3.36019	
4.04115	
3.25329	
3.89756	
3.38381	
3.32908	
3.77591	
3.4405	
4.0404	
3.24977	
2.79168	
3.58902	
4.91103	
2.43111	
3.61388	
4.1715	
3.45707	
2.60759	
3.57556	
4.44018	
3.82715	
3.02994	
5.38507	
4.17759	
3.26901	
4.68833	
3.11731	
3.90905	
3.68858	
4.69368	
3.80709	
2.73231	
3.12327	
4.53656	
4.30033	
3.57758	
3.31925	
4.08569	
3.01363	
3.85975	
2.6896	
3.02011	
3.34286	
3.60095	
4.72425	
3.27607	
3.05121	
3.06879	
3.16245	
3.00774	
3.36027	
2.87395	
3.07723	
3.19322	

ratio[0]	
0.0927558	
