

Number of valid iterations:
	TD	Fs	FD*	FF*	FD	FF	H	B	Q	ZA	Fst	Kw	Hw	R2	S	pi_w	pi_b	thetaWatt	thetaTaj	thetaFW	D/Dmin	Hnorm	maxhap	maxhap1	Rm	ThetaFL	ThetaL	ZengE
locus_0	1000	1000	1000	1000	1000	1000	1000	1000	1000	1000	0	1000	1000	1000	1000	1000	1000	1000	1000	1000	1000	1000	1000	1000	1000	1000	1000	1000	1000	0	1000
average	1000	1000	1000	1000	1000	1000	1000	1000	1000	1000	0	1000	1000	1000	1000	1000	1000	1000	1000	1000	1000	1000	1000	1000	1000	1000	1000	1000	1000	0	1000
variance	0	0	0	0	0	0	0	0	0	0	0	0	0	0	0	0	0	0	0	0	0	0	0	0	0	0	0	0	0	0	0

PERCENTILES:

locus_0

	TD	Fs	FD*	FF*	FD	FF	H	B	Q	ZA	Fst	Kw	Hw	R2	S	pi_w	pi_b	thetaWatt	thetaTaj	thetaFW	D/Dmin	Hnorm	maxhap	maxhap1	Rm	ThetaFL	ThetaL	ZengE
 0.1%	-1.97811	-4.81624	-2.8109	-2.90797	-2.72321	-2.49531	-40.2943	0	0	0.0237862	na	0.433333	0.749425	0.0569264	12	0	0	3.02904	2.72874	0.512644	-0.735864	-4.76995	0.133333	0.133333	2	0	1.62069	-1.72762	0.0911111	na	0.0605259
 1.0%	-1.43487	-3.35636	-2.2722	-2.23702	-2.3091	-2.22367	-15.9632	0	0	0.0536397	na	0.433333	0.802299	0.0756163	17	0	0	4.29114	3.52184	1.66667	-0.539884	-2.63285	0.133333	0.166667	2	2	2.89655	-1.43029	0.0933333	na	0.0706857
 2.5%	-1.26306	-2.5171	-1.81076	-1.87178	-1.77528	-1.88596	-11.9908	0	0	0.079182	na	0.433333	0.825287	0.0822458	20	0	0	5.0484	4.16092	2.38391	-0.467041	-1.90425	0.133333	0.166667	2	2	3.41379	-1.26826	0.0955556	na	0.0797726
 5.0%	-1.04565	-1.90717	-1.40962	-1.38841	-1.40656	-1.48951	-8.5977	0	0	0.098171	na	0.433333	0.832184	0.0868641	22	0	0	5.55324	4.74943	2.84368	-0.3927	-1.45304	0.166667	0.2	2	3	4.24138	-1.01664	0.0977778	na	0.0866707
10.0%	-0.801936	-1.34284	-0.955811	-0.98642	-0.980497	-0.993426	-5.65517	0.0384615	0.0740741	0.123718	na	0.433333	0.857471	0.0940731	24	0	0	6.05808	5.41379	3.89425	-0.305406	-1.0328	0.166667	0.2	2	4	5.10345	-0.800719	0.104444	na	0.0989536
25.0%	-0.329992	-0.430399	-0.257625	-0.283745	-0.326465	-0.330162	-2.23448	0.0869565	0.148148	0.175262	na	0.433333	0.885057	0.108965	28	0	0	7.06776	6.78391	5.69885	-0.123003	-0.388749	0.2	0.233333	2	5	6.65517	-0.384008	0.111111	na	0.124785
50.0%	0.170249	0.657418	0.339084	0.381282	0.368449	0.410474	0.937931	0.142857	0.222222	0.239599	na	0.433333	0.903448	0.12641	35	0	0	8.83469	8.92184	9.04368	0.0648375	0.18234	0.233333	0.3	2	7	9.13793	0.129789	0.126667	na	0.17491
75.0%	0.680596	1.85467	0.776621	0.793108	0.86248	0.873919	2.66667	0.214286	0.3	0.312811	na	0.433333	0.91954	0.145022	43	0	0	10.8541	11.7563	12.8713	0.254758	0.514065	0.3	0.333333	2	10	12.2414	0.674547	0.144444	na	0.274535
90.0%	1.13625	3.15864	1.07686	1.14305	1.20169	1.27859	3.96322	0.282051	0.375	0.376992	na	0.433333	0.926437	0.161024	51	0	0	12.8734	15.1402	17.4391	0.419096	0.739742	0.333333	0.433333	2	13	15.5517	1.21008	0.171111	na	0.442748
95.0%	1.37971	3.92562	1.20547	1.31521	1.37492	1.4744	4.71724	0.333333	0.431373	0.427373	na	0.433333	0.931034	0.169584	56	0	0	14.1355	17.2115	20.6759	0.509604	0.8692	0.4	0.466667	2	15	17.7586	1.48841	0.195556	na	0.630321
97.5%	1.58372	4.51055	1.30608	1.47679	1.49724	1.65604	5.46207	0.382979	0.470588	0.460988	na	0.433333	0.935632	0.175851	62	0	0	15.65	18.8253	22.646	0.582732	0.946554	0.4	0.5	2	18	19.6552	1.73005	0.202222	na	0.857022
99.0%	1.92605	5.83274	1.42072	1.67356	1.63003	1.89612	6.30805	0.424242	0.513514	0.512229	na	0.433333	0.937931	0.187776	69	0	0	17.417	22.5908	27.4552	0.701519	1.01581	0.433333	0.5	2	20	23.3793	2.106	0.224444	na	1.31255
99.9%	2.35907	8.3256	1.63435	1.8631	1.90393	2.1193	8.57011	0.5	0.564103	0.582288	na	0.433333	0.94023	0.201689	85	0	0	21.4557	30.2391	41.2368	0.843718	1.12397	0.466667	0.533333	2	29	33.1034	2.82624	0.246667	na	2.31876

average

	TD	Fs	FD*	FF*	FD	FF	H	B	Q	ZA	Fst	Kw	Hw	R2	S	pi_w	pi_b	thetaWatt	thetaTaj	thetaFW	D/Dmin	Hnorm	maxhap	maxhap1	Rm	ThetaFL	ThetaL	ZengE
 0.1%	-1.97811	-4.81624	-2.8109	-2.90797	-2.72321	-2.49531	-40.2943	0	0	0.0237862	na	0.433333	0.749425	0.0569264	12	0	0	3.02904	2.72874	0.512644	-0.735864	-4.76995	0.133333	0.133333	2	0	1.62069	-1.72762	0.0911111	na	0.0605259
 1.0%	-1.43487	-3.35636	-2.2722	-2.23702	-2.3091	-2.22367	-15.9632	0	0	0.0536397	na	0.433333	0.802299	0.0756163	17	0	0	4.29114	3.52184	1.66667	-0.539884	-2.63285	0.133333	0.166667	2	2	2.89655	-1.43029	0.0933333	na	0.0706857
 2.5%	-1.26306	-2.5171	-1.81076	-1.87178	-1.77528	-1.88596	-11.9908	0	0	0.079182	na	0.433333	0.825287	0.0822458	20	0	0	5.0484	4.16092	2.38391	-0.467041	-1.90425	0.133333	0.166667	2	2	3.41379	-1.26826	0.0955556	na	0.0797726
 5.0%	-1.04565	-1.90717	-1.40962	-1.38841	-1.40656	-1.48951	-8.5977	0	0	0.098171	na	0.433333	0.832184	0.0868641	22	0	0	5.55324	4.74943	2.84368	-0.3927	-1.45304	0.166667	0.2	2	3	4.24138	-1.01664	0.0977778	na	0.0866707
10.0%	-0.801936	-1.34284	-0.955811	-0.98642	-0.980497	-0.993426	-5.65517	0.0384615	0.0740741	0.123718	na	0.433333	0.857471	0.0940731	24	0	0	6.05808	5.41379	3.89425	-0.305406	-1.0328	0.166667	0.2	2	4	5.10345	-0.800719	0.104444	na	0.0989536
25.0%	-0.329992	-0.430399	-0.257625	-0.283745	-0.326465	-0.330162	-2.23448	0.0869565	0.148148	0.175262	na	0.433333	0.885057	0.108965	28	0	0	7.06776	6.78391	5.69885	-0.123003	-0.388749	0.2	0.233333	2	5	6.65517	-0.384008	0.111111	na	0.124785
50.0%	0.170249	0.657418	0.339084	0.381282	0.368449	0.410474	0.937931	0.142857	0.222222	0.239599	na	0.433333	0.903448	0.12641	35	0	0	8.83469	8.92184	9.04368	0.0648375	0.18234	0.233333	0.3	2	7	9.13793	0.129789	0.126667	na	0.17491
75.0%	0.680596	1.85467	0.776621	0.793108	0.86248	0.873919	2.66667	0.214286	0.3	0.312811	na	0.433333	0.91954	0.145022	43	0	0	10.8541	11.7563	12.8713	0.254758	0.514065	0.3	0.333333	2	10	12.2414	0.674547	0.144444	na	0.274535
90.0%	1.13625	3.15864	1.07686	1.14305	1.20169	1.27859	3.96322	0.282051	0.375	0.376992	na	0.433333	0.926437	0.161024	51	0	0	12.8734	15.1402	17.4391	0.419096	0.739742	0.333333	0.433333	2	13	15.5517	1.21008	0.171111	na	0.442748
95.0%	1.37971	3.92562	1.20547	1.31521	1.37492	1.4744	4.71724	0.333333	0.431373	0.427373	na	0.433333	0.931034	0.169584	56	0	0	14.1355	17.2115	20.6759	0.509604	0.8692	0.4	0.466667	2	15	17.7586	1.48841	0.195556	na	0.630321
97.5%	1.58372	4.51055	1.30608	1.47679	1.49724	1.65604	5.46207	0.382979	0.470588	0.460988	na	0.433333	0.935632	0.175851	62	0	0	15.65	18.8253	22.646	0.582732	0.946554	0.4	0.5	2	18	19.6552	1.73005	0.202222	na	0.857022
99.0%	1.92605	5.83274	1.42072	1.67356	1.63003	1.89612	6.30805	0.424242	0.513514	0.512229	na	0.433333	0.937931	0.187776	69	0	0	17.417	22.5908	27.4552	0.701519	1.01581	0.433333	0.5	2	20	23.3793	2.106	0.224444	na	1.31255
99.9%	2.35907	8.3256	1.63435	1.8631	1.90393	2.1193	8.57011	0.5	0.564103	0.582288	na	0.433333	0.94023	0.201689	85	0	0	21.4557	30.2391	41.2368	0.843718	1.12397	0.466667	0.533333	2	29	33.1034	2.82624	0.246667	na	2.31876

variance

	TD	Fs	FD*	FF*	FD	FF	H	B	Q	ZA	Fst	Kw	Hw	R2	S	pi_w	pi_b	thetaWatt	thetaTaj	thetaFW	D/Dmin	Hnorm	maxhap	maxhap1	Rm	ThetaFL	ThetaL	ZengE
 0.1%	na	na	na	na	na	na	na	na	na	na	na	na	na	na	na	na	na	na	na	na	na	na	na	na	na	na	na	na	na	na	na
 1.0%	na	na	na	na	na	na	na	na	na	na	na	na	na	na	na	na	na	na	na	na	na	na	na	na	na	na	na	na	na	na	na
 2.5%	na	na	na	na	na	na	na	na	na	na	na	na	na	na	na	na	na	na	na	na	na	na	na	na	na	na	na	na	na	na	na
 5.0%	na	na	na	na	na	na	na	na	na	na	na	na	na	na	na	na	na	na	na	na	na	na	na	na	na	na	na	na	na	na	na
10.0%	na	na	na	na	na	na	na	na	na	na	na	na	na	na	na	na	na	na	na	na	na	na	na	na	na	na	na	na	na	na	na
25.0%	na	na	na	na	na	na	na	na	na	na	na	na	na	na	na	na	na	na	na	na	na	na	na	na	na	na	na	na	na	na	na
50.0%	na	na	na	na	na	na	na	na	na	na	na	na	na	na	na	na	na	na	na	na	na	na	na	na	na	na	na	na	na	na	na
75.0%	na	na	na	na	na	na	na	na	na	na	na	na	na	na	na	na	na	na	na	na	na	na	na	na	na	na	na	na	na	na	na
90.0%	na	na	na	na	na	na	na	na	na	na	na	na	na	na	na	na	na	na	na	na	na	na	na	na	na	na	na	na	na	na	na
95.0%	na	na	na	na	na	na	na	na	na	na	na	na	na	na	na	na	na	na	na	na	na	na	na	na	na	na	na	na	na	na	na
97.5%	na	na	na	na	na	na	na	na	na	na	na	na	na	na	na	na	na	na	na	na	na	na	na	na	na	na	na	na	na	na	na
99.0%	na	na	na	na	na	na	na	na	na	na	na	na	na	na	na	na	na	na	na	na	na	na	na	na	na	na	na	na	na	na	na
99.9%	na	na	na	na	na	na	na	na	na	na	na	na	na	na	na	na	na	na	na	na	na	na	na	na	na	na	na	na	na	na	na