Ttot[0]	
4.87074	
3.14087	
3.98146	
3.35957	
6.21146	
3.41864	
5.22967	
3.29723	
3.76812	
3.51502	
4.1537	
3.64857	
5.16211	
3.12529	
3.51009	
7.74902	
4.33207	
3.61544	
3.43594	
3.09896	
3.18602	
4.2687	
3.77908	
4.00425	
2.93093	
2.95926	
3.34925	
4.2409	
3.70529	
3.20837	
3.25982	
3.90496	
4.28065	
6.45909	
3.66335	
4.55831	
2.03225	
4.30472	
4.06572	
3.04624	
2.39924	
4.08249	
3.29402	
4.57121	
4.41397	
2.59209	
3.2068	
3.46725	
3.18135	
4.94541	
3.53205	
5.7561	
8.10094	
3.59846	
3.05325	
3.37822	
3.50043	
3.12083	
4.1425	
3.1445	
3.71836	
2.98871	
4.14837	
3.53086	
3.4876	
4.38091	
5.07375	
4.91662	
4.07528	
4.04098	
4.79964	
3.14935	
4.79166	
3.53173	
6.25537	
4.05031	
3.86602	
2.72199	
4.10453	
4.01105	
4.3489	
3.61574	
4.94323	
4.0099	
5.94931	
4.0405	
3.97105	
3.64635	
4.98543	
4.05546	
3.37562	
4.83344	
2.80399	
3.80488	
3.45736	
3.15369	
3.71606	
4.05025	
4.20191	
2.87096	
4.36742	
3.21031	
2.83467	
3.67715	
3.07648	
3.5931	
3.28715	
5.19748	
5.07895	
5.16571	
3.20024	
2.33286	
3.59046	
3.59886	
3.92276	
3.56626	
3.80204	
2.34196	
4.67712	
3.87061	
4.85066	
3.14788	
3.93774	
5.37252	
3.21231	
1.85926	
3.17367	
3.34182	
2.78029	
2.86948	
5.16928	
4.76335	
2.46783	
3.32266	
2.27468	
3.21518	
3.69457	
3.13711	
3.90911	
4.18491	
3.63327	
3.09894	
2.74507	
4.95488	
4.04193	
4.81724	
5.11472	
3.45866	
4.55758	
4.74877	
4.24779	
3.47611	
2.93108	
1.95281	
3.05476	
4.61529	
3.94249	
3.86695	
3.72685	
3.6556	
4.46555	
3.49646	
5.70812	
3.77544	
5.88751	
3.92129	
2.34774	
4.02445	
4.38513	
3.04026	
3.23133	
3.35517	
3.69734	
4.25507	
4.74197	
4.02947	
3.81566	
6.38111	
3.92253	
3.91943	
4.49372	
3.91725	
3.55758	
4.32347	
5.43024	
4.89547	
3.89137	
3.97151	
4.26987	
4.23569	
3.29701	
5.30516	
5.02013	
6.22837	
2.02754	
3.50488	
3.81276	
3.59733	
5.54857	
3.3719	
5.39936	
2.53122	
3.02696	
3.89083	
5.49168	
3.56624	
4.19419	
2.45406	
3.35672	
4.30725	
3.06392	
2.43663	
3.70938	
3.16192	
3.86506	
2.85665	
3.20317	
3.96651	
3.37753	
2.63122	
3.45171	
4.23613	
4.25762	
1.83835	
4.24859	
7.53636	
3.23895	
5.15824	
3.38154	
4.35749	
4.41747	
3.4153	
3.80753	
3.76417	
2.7515	
4.6203	
4.55263	
4.17954	
3.52306	
3.50093	
3.684	
4.26939	
3.48483	
4.90266	
7.01517	
1.94361	
3.8805	
3.27778	
3.88569	
3.9163	
2.72751	
4.21503	
2.61003	
2.44128	
4.11341	
3.92478	
4.19435	
4.30786	
3.14866	
4.64796	
2.86689	
5.52627	
2.89157	
3.99704	
3.13985	
3.91011	
7.47622	
4.56252	
4.51968	
3.47263	
2.48445	
4.23992	
2.78253	
2.25994	
3.23899	
5.20718	
3.14564	
3.83744	
2.43871	
5.52373	
3.68493	
4.94013	
4.97014	
3.30697	
2.88871	
3.26901	
3.85655	
4.4878	
5.8514	
4.66647	
2.92446	
2.1373	
4.66799	
3.62515	
2.49017	
3.1666	
3.07616	
4.36466	
2.94994	
3.12623	
2.33602	
8.91217	
3.34201	
3.03798	
3.36162	
4.16483	
4.40142	
4.38652	
3.84879	
3.17524	
4.24	
3.86359	
2.67683	
3.93507	
2.29402	
3.08548	
4.12617	
3.91003	
3.53662	
3.20188	
4.68247	
2.98282	
4.72776	
3.4483	
3.96636	
4.72329	
3.20529	
5.11275	
4.1726	
4.00799	
3.84585	
2.86647	
4.90335	
2.85071	
4.00675	
2.94786	
4.50812	
2.66312	
4.33014	
3.81318	
3.17689	
2.9707	
4.80374	
3.13035	
3.04305	
4.18044	
3.96193	
3.30128	
8.60718	
4.47419	
3.62688	
3.0276	
3.80454	
4.41353	
2.63307	
4.23199	
4.74644	
2.38914	
3.79579	
3.11057	
2.78169	
3.2263	
4.6063	
2.54607	
3.81519	
3.67209	
3.58297	
3.34874	
4.03587	
4.03971	
5.96462	
3.34273	
5.69946	
4.43413	
3.97835	
5.45927	
4.48763	
2.77165	
2.51816	
4.55078	
3.78649	
3.38129	
5.09662	
3.62471	
4.48767	
6.11637	
4.51308	
3.80602	
4.8412	
3.73213	
3.53132	
4.79875	
3.31779	
4.83226	
2.68108	
3.80954	
3.82885	
2.63511	
3.15397	
4.67566	
4.68215	
2.47635	
3.54352	
2.93689	
3.41586	
4.2183	
4.07499	
5.40436	
3.34643	
5.20525	
3.74277	
3.55844	
3.6791	
3.54127	
4.92008	
3.94223	
3.45131	
3.42644	
4.6148	
6.95858	
2.90578	
2.75835	
4.21847	
3.28017	
3.96032	
3.66486	
3.18561	
2.45862	
3.6291	
4.68039	
3.54148	
2.91024	
4.2248	
3.39704	
3.7196	
3.30294	
6.7353	
3.52229	
4.61071	
5.09525	
2.78865	
3.49459	
4.30934	
4.02033	
2.78361	
3.85466	
4.84152	
2.81912	
2.59673	
5.39151	
3.41113	
3.23453	
3.05381	
2.70723	
2.85746	
4.607	
5.08576	
3.1202	
5.07721	
2.87888	
4.80072	
3.26319	
3.53042	
6.24653	
3.64684	
4.13432	
3.43365	
6.18453	
3.99383	
3.84603	
2.75393	
3.7507	
3.4959	
3.7498	
2.99194	
2.76082	
2.83878	
5.51449	
3.42409	
3.53209	
2.77883	
4.63112	
3.43109	
3.13909	
4.65996	
3.50993	
4.40082	
3.11934	
3.78678	
4.78202	
4.73221	
3.88024	
3.91703	
4.18699	
3.78425	
3.94364	
2.71425	
3.59649	
4.18145	
5.01059	
3.77449	
4.3609	
3.38695	
2.84209	
4.40522	
5.12298	
2.70407	
3.58769	
2.83198	
3.90001	
5.47841	
3.84238	
3.38491	
5.5101	
2.88088	
3.44871	
4.45943	
4.59257	
2.9804	
2.63762	
3.51748	
3.40146	
3.3333	
3.69315	
3.42501	
3.98769	
3.7365	
4.16674	
4.15294	
4.51785	
5.17383	
4.10883	
4.42422	
2.64929	
2.58765	
3.48366	
3.22052	
3.72918	
3.36043	
3.28169	
3.46594	
3.01303	
4.51681	
3.83685	
4.23072	
5.51316	
3.55292	
2.82162	
4.77323	
5.31765	
3.63542	
3.78524	
2.57471	
4.22251	
4.61807	
2.92569	
5.30213	
3.10077	
3.55803	
3.98736	
3.4948	
2.96404	
4.89424	
3.47371	
3.08209	
4.3053	
3.63591	
3.8512	
3.55405	
5.17935	
3.76012	
4.87392	
2.74136	
2.9757	
3.51622	
2.58116	
3.62384	
2.62727	
3.65232	
3.92335	
4.85404	
3.49454	
2.88556	
3.98762	
3.30068	
3.52849	
4.77861	
2.60931	
2.64747	
4.35251	
4.0984	
4.21316	
3.32291	
4.65742	
3.66336	
4.34995	
2.87654	
4.63194	
2.78854	
2.29673	
3.1256	
5.07477	
4.79657	
2.95889	
2.82356	
4.00597	
4.16769	
3.4482	
4.84592	
3.68434	
2.8658	
3.05969	
3.59664	
2.5801	
2.8927	
2.43135	
2.96352	
3.49209	
3.99183	
2.34843	
4.26707	
4.62704	
3.89409	
5.47409	
3.32945	
4.56799	
2.79628	
3.77016	
2.83908	
6.03689	
2.73199	
3.07652	
4.02963	
3.90935	
4.39065	
2.97017	
3.68056	
3.7594	
2.61311	
3.08353	
3.4715	
4.48456	
3.88674	
5.54495	
4.61934	
3.52984	
2.78056	
3.63932	
3.6604	
3.5234	
3.22742	
3.19676	
4.40955	
2.93094	
3.38159	
3.58456	
3.97136	
5.90871	
4.76023	
4.99861	
3.94412	
3.24398	
2.62694	
2.68371	
3.11281	
6.55616	
3.59185	
3.28379	
4.13624	
3.32806	
3.94676	
4.1422	
4.06125	
4.15052	
3.23631	
3.55463	
3.67485	
3.95849	
2.84856	
2.7711	
3.92621	
3.198	
3.56204	
5.25333	
3.96794	
3.60375	
3.80166	
2.37684	
2.30999	
3.75434	
3.36276	
3.67177	
2.34296	
3.46624	
3.82284	
4.20807	
2.96989	
2.93161	
4.95424	
3.75743	
4.50342	
3.90193	
4.64834	
3.00926	
3.92134	
3.93036	
2.72927	
4.06502	
3.29184	
2.59277	
3.09213	
4.26192	
5.54096	
4.16796	
6.01106	
4.43045	
2.9247	
3.29016	
3.63093	
3.05858	
3.93256	
5.36261	
5.19206	
4.52979	
4.01495	
3.86643	
4.10257	
2.45699	
4.00807	
4.62702	
4.36002	
4.34562	
6.98436	
3.44166	
3.42376	
3.68106	
2.62576	
3.29864	
3.47333	
4.34817	
5.52229	
6.012	
3.42819	
3.1278	
2.46457	
3.49644	
3.77685	
5.1669	
3.18571	
2.25804	
5.86539	
3.13451	
4.09895	
4.62977	
3.52246	
4.79204	
3.11894	
2.90761	
3.6042	
2.44407	
2.58227	
3.0133	
4.05094	
4.65549	
2.49539	
3.15879	
3.33504	
3.96526	
4.38409	
3.17886	
4.70036	
3.8027	
4.40668	
7.21234	
5.22654	
3.14794	
3.01375	
5.90205	
3.00621	
3.01735	
5.87677	
2.10229	
3.17119	
3.38657	
4.37938	
3.75492	
3.49099	
4.427	
3.51953	
3.94762	
5.01574	
4.205	
3.7119	
2.8585	
3.13713	
2.97275	
3.31217	
2.88395	
3.45499	
3.53035	
4.3695	
4.12047	
4.20838	
3.15827	
4.30715	
3.71732	
2.34741	
3.71479	
3.31996	
4.0144	
4.54941	
3.55073	
2.91902	
3.13349	
4.69149	
4.34949	
3.76995	
4.71973	
5.20678	
5.00598	
3.2343	
3.40879	
4.26674	
3.12783	
3.31748	
3.05388	
4.96859	
4.67349	
2.88751	
3.61133	
3.88122	
3.43987	
6.33145	
3.60196	
3.48288	
4.86027	
4.2017	
5.1405	
4.79724	
6.80182	
3.30578	
3.95875	
3.98981	
5.19076	
5.05991	
3.64215	
4.15444	
3.6141	
3.3165	
3.04118	
2.86723	
3.86292	
3.9326	
3.29057	
3.66318	
2.7692	
3.13052	
4.67617	
3.2671	
3.05799	
4.30947	
3.44639	
3.16719	
3.76997	
3.39744	
2.45055	
3.44676	
3.66333	
3.45351	
3.16993	
3.27015	
3.94879	
3.53801	
3.23426	
3.46294	
4.50067	
3.65361	
4.90242	
4.43891	
3.91789	
3.94467	
3.35463	
4.3722	
5.09524	
4.29067	
4.2295	
4.02171	
3.11764	
6.93935	
3.01276	
4.02978	
2.78824	
3.57568	
5.23845	
6.52593	
3.17045	
3.14678	
3.33346	
5.90019	
2.14618	
3.22653	
3.57203	
4.31706	
5.58093	
5.19883	
2.89895	
5.08562	
3.4778	
2.60493	
2.9029	
2.8942	
3.53303	
4.49514	
2.918	
3.88675	
2.80051	
3.59136	
4.96352	
3.7019	
2.80491	
3.10157	
3.30351	
2.84846	
2.98123	
6.6829	
3.49622	
4.21567	
3.82873	
3.36318	
3.72131	
3.86666	
4.44026	
3.2744	
3.34093	
3.89027	
5.15549	
3.66291	
2.9204	
3.38955	
4.61474	
5.78673	
3.77171	
3.19724	
3.17739	
5.39694	
6.71264	
3.00594	
5.11836	
4.67174	
4.88799	
4.08778	
3.90789	
4.37452	
4.5239	
3.26711	
2.8219	
3.66706	
3.01253	
3.61729	
4.1109	
3.62145	
2.62394	
3.40219	
3.67536	
3.50894	
4.78451	
4.33878	
3.48947	
4.57383	
4.33996	
3.69241	
3.07801	
2.74072	
3.34094	
3.72545	
3.56804	
3.82303	
4.7822	
2.76983	
3.5833	
3.86768	
5.44451	
4.38154	
4.70252	
3.707	
3.47926	
3.17606	
3.44732	
3.40943	
3.56611	
3.86921	
2.50084	
2.78289	
2.64458	
4.61601	
4.43504	
4.28872	
3.69239	
3.72477	
3.19322	

ratio[0]	
0.0178603	
