recp[0]	
3.38656	
7.28579	
6.51417	
2.02504	
2.3648	
7.20806	
3.157	
6.43718	
10.7593	
1.02522	
4.41768	
2.00298	
2.22545	
1.92569	
3.14448	
0.788703	
1.78786	
6.54044	
6.62449	
1.02349	
4.47377	
4.13091	
3.90789	
2.61657	
2.33546	
2.4229	
10.6703	
8.76955	
2.92876	
2.77374	
4.66625	
5.04127	
2.22221	
0.902398	
5.17472	
4.91861	
2.90121	
2.81318	
3.8222	
2.29843	
3.94471	
1.9893	
4.2398	
4.68997	
0.99327	
7.43471	
12.0458	
5.01697	
4.54806	
5.44365	
13.35	
1.50045	
0.272976	
1.83941	
6.56297	
4.14339	
6.16634	
1.54534	
5.37606	
9.63692	
3.44756	
3.42766	
1.1425	
1.37841	
1.68062	
3.51933	
5.97441	
1.89113	
3.14272	
13.2841	
4.03406	
4.63427	
6.70027	
6.22467	
0.883585	
5.28766	
5.36728	
3.15034	
1.71006	
3.5332	
7.43048	
5.40768	
4.83445	
3.65568	
3.36705	
11.3892	
6.55908	
0.834639	
2.27844	
3.06875	
4.66893	
5.19919	
3.13903	
3.15046	
2.54497	
8.65848	
2.45436	
3.13859	
5.90516	
8.26919	
1.49723	
15.1477	
6.57455	
7.00541	
2.2819	
8.40215	
5.03905	
6.80781	
5.99057	
2.18158	
9.99464	
5.29059	
7.60366	
2.5344	
4.15929	
7.24526	
4.41904	
8.20226	
5.02753	
5.76204	
1.3934	
5.79482	
7.90211	
0.278683	
2.99072	
9.17018	
5.05564	
4.92844	
1.14808	
0.993884	
5.86514	
2.44833	
5.46802	
1.00438	
7.83798	
8.06999	
9.42986	
2.90044	
5.59928	
4.82744	
2.40935	
0.942479	
7.24002	
2.50791	
1.55611	
3.21807	
4.40312	
6.9902	
2.31664	
5.73948	
7.55498	
15.1122	
7.78189	
7.92882	
5.22367	
4.95588	
4.21774	
8.20026	
1.11795	
8.87259	
8.32149	
2.748	
3.32591	
7.56164	
5.82739	
3.23812	
6.02268	
6.11594	
5.21104	
4.34729	
6.13151	
4.56548	
3.83033	
1.49542	
3.85656	
4.16413	
8.72511	
2.00199	
8.55586	
6.98579	
2.27708	
0.829076	
11.5297	
15.1177	
0.314228	
3.11234	
3.73383	
2.43049	
4.11683	
2.47746	
10.6621	
1.41739	
2.70885	
1.58736	
1.56197	
9.65256	
2.14629	
6.57491	
4.09362	
5.94156	
1.51228	
7.23339	
2.21008	
4.70068	
2.62929	
2.56101	
2.35553	
5.20039	
4.01188	
4.30718	
3.16442	
1.87232	
2.88327	
1.92679	
4.65212	
2.83351	
5.34524	
0.510096	
18.8074	
9.73992	
11.8882	
3.31185	
2.65994	
3.00293	
5.09068	
1.85347	
2.6349	
3.31733	
6.84363	
5.79016	
0.878725	
3.64058	
9.12848	
5.24384	
4.3818	
5.05524	
2.4709	
1.01828	
5.92486	
6.50352	
3.45996	
6.02076	
6.99708	
3.60905	
3.92706	
3.54463	
5.69663	
10.2102	
2.80795	
6.15805	
21.8416	
5.08081	
2.70649	
13.0344	
4.84194	
4.10318	
4.51071	
0.54833	
10.7032	
6.04384	
4.87903	
3.40527	
7.72835	
5.35022	
0.872517	
2.63262	
0.728227	
0.443986	
1.79576	
4.77521	
3.81171	
2.66812	
3.02624	
3.10011	
4.24716	
2.3093	
9.02143	
1.17525	
3.56926	
1.52539	
4.51702	
3.03489	
6.4561	
5.31109	
3.88031	
1.83257	
2.61425	
5.0511	
4.72483	
1.42512	
1.54279	
0.833004	
6.1215	
5.51079	
5.45914	
5.72189	
2.9996	
1.51279	
4.54235	
4.91553	
1.9455	
1.38082	
1.41609	
2.6723	
3.18123	
9.72719	
12.691	
3.3387	
5.61455	
2.12655	
4.78042	
8.93273	
8.81825	
2.36345	
4.42984	
2.9737	
2.84573	
1.78783	
2.05521	
5.58193	
0.986694	
15.8039	
3.38133	
4.93104	
2.82581	
1.45122	
8.64916	
4.22582	
6.36262	
6.19551	
2.56169	
3.22592	
2.10127	
2.99837	
10.2968	
1.69293	
1.62743	
12.4713	
2.93895	
7.09766	
6.36281	
8.81816	
2.93676	
4.29814	
5.11675	
2.24251	
1.52357	
3.94143	
0.467973	
8.10452	
1.97918	
4.01499	
2.55345	
17.1272	
0.385131	
4.0673	
5.74198	
5.05267	
4.06603	
4.63661	
1.61878	
2.76702	
1.66363	
12.1783	
5.90983	
1.03363	
0.480575	
7.22425	
2.1755	
2.12555	
5.29961	
1.26437	
1.51288	
6.59712	
4.1959	
3.88241	
1.77852	
1.24	
8.34974	
13.8988	
3.17291	
7.22113	
3.47916	
1.23524	
6.15824	
3.22547	
3.38955	
4.22564	
1.24202	
8.14971	
5.53043	
3.47002	
2.018	
4.43111	
2.17867	
6.57073	
4.25943	
5.78253	
3.41663	
7.57062	
3.02948	
5.4689	
3.20143	
6.17247	
6.73275	
2.79944	
4.44244	
5.55263	
11.3389	
6.93916	
11.9863	
1.4061	
10.3937	
3.18025	
1.9638	
3.35148	
1.77602	
1.15194	
2.83625	
1.8239	
3.62865	
3.88128	
4.19077	
7.45626	
4.87438	
2.83208	
3.77692	
12.8104	
9.96	
7.23111	
1.7276	
4.33692	
1.07314	
12.8773	
3.28249	
3.1787	
1.80196	
2.96674	
2.00369	
4.41107	
1.0088	
7.36179	
9.19152	
1.52271	
1.34018	
0.746439	
7.69413	
4.35193	
2.47498	
2.64529	
12.9228	
5.4362	
4.56351	
8.302	
5.08146	
8.39976	
1.53448	
12.3949	
1.7566	
3.0491	
5.1986	
5.87553	
3.19757	
1.93026	
1.49137	
3.58092	
7.22034	
3.23784	
2.89911	
7.96846	
8.38176	
3.94902	
3.72457	
1.62899	
4.0868	
3.04399	
2.88453	
1.13385	
19.8476	
3.04946	
7.68932	
5.68156	
3.6896	
10.0332	
9.03047	
6.8241	
3.63568	
1.50761	
5.85153	
5.1931	
3.6035	
6.37214	
5.7157	
4.51776	
2.79441	
1.07673	
5.82029	
2.37942	
7.93044	
3.9454	
4.55464	
4.28632	
4.13275	
4.76826	
3.60499	
4.50735	
5.16395	
6.46512	
24.19	
2.29877	
0.464655	
5.07711	
5.58471	
2.4247	
5.65289	
4.57244	
5.60841	
1.59638	
3.23581	
1.57398	
7.24864	
0.984694	
5.76684	
7.28309	
8.08376	
2.17495	
2.83931	
5.91609	
1.21613	
4.02008	
2.15322	
6.05687	
5.0336	
6.0944	
0.540242	
5.4948	
8.367	
4.00793	
8.12938	
9.18029	
6.10799	
11.2257	
5.31434	
9.03499	
4.64482	
4.89872	
4.12183	
6.93202	
8.62099	
0.688423	
3.44889	
6.13281	
2.67023	
3.76884	
1.85814	
1.79029	
2.58206	
3.86852	
8.68573	
5.62286	
8.77879	
5.41618	
0.6712	
4.46058	
11.5887	
5.36879	
3.06442	
8.04308	
3.60913	
1.72087	
5.61526	
5.52355	
14.281	
2.36909	
2.11151	
2.50513	
2.96096	
6.91308	
2.6159	
5.77534	
2.40243	
3.68353	
3.83836	
5.14387	
5.84124	
1.53968	
4.108	
1.25513	
6.9118	
4.33835	
2.76314	
4.18995	
3.34935	
5.06281	
6.51279	
2.79006	
6.18874	
3.25643	
4.1947	
2.43384	
6.91336	
7.23592	
5.66158	
2.09939	
4.63614	
5.13432	
7.38019	
2.50181	
1.96139	
17.6296	
11.2869	
6.9587	
2.86757	
10.1214	
5.4677	
5.01118	
2.96248	
5.91419	
3.31999	
2.5197	
7.9474	
2.14225	
1.68364	
7.37498	
13.9319	
2.26836	
5.87895	
3.89097	
2.51837	
5.18215	
3.44513	
6.45008	
2.85571	
5.15008	
3.46038	
10.1648	
4.17993	
1.76904	
3.12035	
12.0688	
2.10639	
3.36908	
7.41015	
1.70678	
5.99221	
3.6147	
5.32376	
6.03324	
5.91464	
4.93386	
3.62579	
1.08967	
6.2515	
2.59468	
1.94544	
3.84308	
4.944	
4.35589	
10.5192	
2.65671	
7.31935	
5.07764	
2.30264	
2.8458	
7.84497	
1.08437	
6.28161	
4.25893	
5.17523	
15.3612	
5.77971	
3.62758	
6.48667	
2.06165	
2.88507	
4.47523	
6.50335	
0.859759	
2.51737	
4.264	
7.50362	
4.4702	
7.90555	
2.30892	
10.2885	
9.8458	
5.16245	
5.14901	
3.88371	
1.94809	
4.75689	
3.99462	
3.66876	
1.69254	
4.87282	
3.11339	
3.72898	
6.09987	
0.619549	
5.25474	
7.92203	
2.46097	
9.03554	
6.23001	
6.0276	
1.96005	
2.49864	
4.96608	
2.11455	
8.69153	
4.56246	
0.96759	
1.32116	
2.18116	
1.65109	
4.56009	
11.4321	
5.58031	
2.57899	
4.2786	
4.9575	
1.68612	
5.68092	
8.00481	
1.69224	
2.43134	
2.67964	
5.40433	
1.25494	
5.26711	
2.06342	
9.06207	
1.70843	
6.15622	
4.55883	
3.0162	
8.25245	
4.6195	
3.61035	
4.79991	
3.11365	
1.82305	
4.7863	
6.35114	
0.894176	
3.85944	
6.21382	
1.90315	
7.14736	
2.38892	
3.37451	
1.39411	
6.79762	
2.53063	
4.40553	
2.80172	
7.22882	
7.53445	
6.79131	
15.7004	
3.95553	
3.81552	
7.96361	
1.27187	
3.52028	
6.93835	
6.31652	
6.47034	
6.74461	
3.01905	
6.65143	
2.76026	
4.38758	
1.81424	
1.54963	
3.30274	
6.70882	
2.5193	
4.97133	
5.01287	
2.10476	
4.51651	
6.60708	
14.7514	
0.666328	
20.9817	
3.93313	
1.21946	
0.634626	
7.00581	
1.70037	
1.8838	
4.31729	
0.735555	
11.5128	
4.42952	
3.47904	
3.25808	
4.4711	
10.776	
3.81847	
12.2232	
2.3494	
2.26875	
7.28384	
2.20014	
4.8715	
3.90259	
2.51906	
2.04674	
4.68019	
3.87333	
5.53325	
3.35692	
1.2227	
5.98052	
11.3194	
7.31221	
2.24392	
6.22139	
11.8485	
5.09998	
1.58483	
11.9047	
6.3964	
3.61214	
7.31514	
5.11729	
3.75097	
5.17225	
1.76178	
2.95825	
2.72263	
7.32786	
6.79062	
1.65023	
4.49226	
5.84094	
3.12172	
2.91736	
14.3853	
1.17425	
5.59903	
1.81918	
5.02958	
2.07572	
5.72526	
4.80501	
6.16405	
9.47633	
6.18983	
6.00316	
4.80872	
4.62132	
3.05826	
7.6096	
3.29697	
7.03841	
5.24719	
3.31096	
0.997008	
7.22282	
4.27014	
2.2895	
3.63932	
9.3833	
3.29848	
2.53976	
8.65376	
6.63936	
3.3308	
4.23765	
2.68191	
2.92815	
8.69178	
3.08852	
3.15183	
5.93996	
5.41263	
2.72554	
10.0649	
6.42495	
3.51486	
2.11731	
3.74699	
6.34168	
3.93313	
5.63374	
1.32746	
11.3134	
1.8842	
3.99017	
4.03956	
0.755397	
4.16722	
2.25864	
10.0871	
4.2477	
3.08313	
7.9627	
11.9828	
3.78011	
3.98251	
1.02503	
3.82556	
2.93032	
2.8203	
4.60504	
3.22329	
1.84844	
1.97682	
14.7278	
9.44373	
11.595	
6.5962	
7.56597	
5.27431	
4.07924	
3.06468	
7.04101	
6.8502	
6.44792	
9.81022	
4.38182	
2.2916	
2.40355	
5.17103	
5.01426	
3.0844	
8.21608	
7.07931	
4.84091	
2.93439	
2.00612	
3.34841	
3.64194	
6.3835	
12.713	
3.82949	
0.245193	
1.12483	
4.38589	
4.00777	
11.5162	
4.53878	
0.668678	
12.6128	
1.41499	
1.93021	
4.18815	
3.33286	
1.38241	
4.03663	
1.27016	
3.57225	
7.96345	
7.50718	
9.70465	
2.99275	
0.954562	
4.8811	
2.84452	
2.3942	
3.69924	
7.96512	
3.74347	
3.3593	
0.52111	
1.80201	
3.32743	
2.61408	
5.10311	
2.94933	
2.18944	
5.87196	
5.11997	
3.01387	
5.52795	
2.2562	
7.28314	
0.908126	
1.44883	
2.84692	
4.57061	
5.26294	
2.99718	
6.47323	
3.50577	
5.02178	
3.67819	
10.1779	
4.77806	
3.59349	
5.66667	
5.21453	
2.94078	
6.30899	
1.6191	
2.8368	
8.20494	

ratio[0]	
0.0178603	
