

Number of valid iterations:
	TD	Fs	FD*	FF*	FD	FF	H	B	Q	ZA	Fst	Kw	Hw	R2	S	pi_w	pi_b	thetaWatt	thetaTaj	thetaFW	D/Dmin	Hnorm	maxhap	maxhap1	Rm	ThetaFL	ThetaL	ZengE
locus_0	1000	1000	1000	1000	1000	1000	1000	1000	1000	1000	0	1000	1000	1000	1000	1000	1000	1000	1000	1000	1000	1000	1000	1000	1000	1000	1000	1000	1000	0	1000
average	1000	1000	1000	1000	1000	1000	1000	1000	1000	1000	0	1000	1000	1000	1000	1000	1000	1000	1000	1000	1000	1000	1000	1000	1000	1000	1000	1000	1000	0	1000
variance	0	0	0	0	0	0	0	0	0	0	0	0	0	0	0	0	0	0	0	0	0	0	0	0	0	0	0	0	0	0	0

PERCENTILES:

locus_0

	TD	Fs	FD*	FF*	FD	FF	H	B	Q	ZA	Fst	Kw	Hw	R2	S	pi_w	pi_b	thetaWatt	thetaTaj	thetaFW	D/Dmin	Hnorm	maxhap	maxhap1	Rm	ThetaFL	ThetaL	ZengE
 0.1%	-2.05533	-14.7957	-3.57821	-3.63697	-3.49163	-3.44703	-10.023	0	0	0.00653983	na	0.2	0.413793	0.0562104	5	0	0	1.2621	0.85977	0.135632	-0.832926	-3.36865	0.1	0.1	0	0	0.517241	-1.94128	0.0555556	na	0.0756785
 1.0%	-1.61771	-9.48106	-2.25087	-2.20849	-2.11713	-2.28451	-6.56552	0	0	0.0185211	na	0.233333	0.668966	0.0662727	8	0	0	2.01936	1.41839	0.354023	-0.675316	-2.13833	0.1	0.133333	0	0	1.06897	-1.6573	0.0622222	na	0.0978628
 2.5%	-1.43324	-8.35353	-1.80246	-1.87598	-1.79008	-1.94505	-5.48966	0	0	0.0317269	na	0.266667	0.724138	0.0705768	10	0	0	2.5242	1.74713	0.652874	-0.575096	-1.62566	0.133333	0.166667	0	1	1.34483	-1.50366	0.0711111	na	0.105814
 5.0%	-1.24959	-7.06962	-1.43981	-1.53119	-1.55198	-1.62417	-4.32184	0	0	0.0506698	na	0.3	0.77931	0.0774367	11	0	0	2.77662	2.11494	0.965517	-0.496304	-1.33752	0.133333	0.166667	0	1	1.82759	-1.29081	0.0755556	na	0.11882
10.0%	-0.976294	-5.77613	-1.06626	-1.17041	-1.15331	-1.26639	-3.10805	0	0	0.0744872	na	0.333333	0.82069	0.0842096	12	0	0	3.02904	2.62989	1.58161	-0.392209	-1.00061	0.133333	0.2	1	2	2.37931	-1.08226	0.0822222	na	0.134218
25.0%	-0.554282	-3.87067	-0.552243	-0.526322	-0.539664	-0.57814	-1.29655	0.047619	0.0909091	0.12593	na	0.366667	0.871264	0.0998368	16	0	0	4.03872	3.54023	3	-0.218002	-0.415593	0.166667	0.233333	1	3	3.51724	-0.631942	0.0977778	na	0.171058
50.0%	-0.0468117	-2.35749	0.0693824	0.0409411	0.0180226	0.0180264	0.441379	0.1	0.173913	0.192965	na	0.433333	0.908046	0.118297	19	0	0	4.79598	4.75402	4.71264	-0.0180044	0.129982	0.233333	0.3	2	5	4.75862	-0.0303404	0.122222	na	0.2216
75.0%	0.45652	-0.924887	0.542096	0.573856	0.579545	0.612096	1.62759	0.166667	0.263158	0.269185	na	0.5	0.933333	0.137533	24	0	0	6.05808	6.21839	6.57931	0.181205	0.542638	0.3	0.366667	3	6	6.31034	0.503024	0.157778	na	0.3125
90.0%	0.914767	0.250555	0.918354	0.967261	0.986916	1.05238	2.46437	0.235294	0.357143	0.344273	na	0.566667	0.949425	0.154873	28	0	0	7.06776	7.68506	8.58851	0.356627	0.775264	0.366667	0.466667	3	9	7.96552	0.971806	0.206667	na	0.463259
95.0%	1.14291	0.902951	1.11142	1.20669	1.23891	1.30882	2.91494	0.285714	0.411765	0.396966	na	0.6	0.956322	0.163683	30	0	0	7.5726	8.68046	10.1586	0.441785	0.866775	0.433333	0.533333	4	10	8.82759	1.26349	0.246667	na	0.582329
97.5%	1.3865	1.5552	1.31682	1.38505	1.4974	1.53292	3.17241	0.32	0.461538	0.440039	na	0.633333	0.96092	0.173047	33	0	0	8.32985	9.55402	11.4115	0.534162	0.931908	0.5	0.6	4	11	9.82759	1.54336	0.3	na	0.717822
99.0%	1.57057	2.20668	1.52091	1.55579	1.65266	1.69543	3.50345	0.375	0.52381	0.483937	na	0.7	0.970115	0.179082	35	0	0	8.83469	10.446	13.1448	0.612296	1.00775	0.566667	0.666667	5	12	10.7931	1.77	0.351111	na	0.936155
99.9%	2.22529	3.95165	1.66632	1.91455	1.86339	2.13039	4.23908	0.5	0.666667	0.581745	na	0.733333	0.977011	0.204173	42	0	0	10.6016	13.7977	15.8575	0.872659	1.08801	0.666667	0.833333	6	14	14.8276	2.39979	0.462222	na	2.03271

average

	TD	Fs	FD*	FF*	FD	FF	H	B	Q	ZA	Fst	Kw	Hw	R2	S	pi_w	pi_b	thetaWatt	thetaTaj	thetaFW	D/Dmin	Hnorm	maxhap	maxhap1	Rm	ThetaFL	ThetaL	ZengE
 0.1%	-2.05533	-14.7957	-3.57821	-3.63697	-3.49163	-3.44703	-10.023	0	0	0.00653983	na	0.2	0.413793	0.0562104	5	0	0	1.2621	0.85977	0.135632	-0.832926	-3.36865	0.1	0.1	0	0	0.517241	-1.94128	0.0555556	na	0.0756785
 1.0%	-1.61771	-9.48106	-2.25087	-2.20849	-2.11713	-2.28451	-6.56552	0	0	0.0185211	na	0.233333	0.668966	0.0662727	8	0	0	2.01936	1.41839	0.354023	-0.675316	-2.13833	0.1	0.133333	0	0	1.06897	-1.6573	0.0622222	na	0.0978628
 2.5%	-1.43324	-8.35353	-1.80246	-1.87598	-1.79008	-1.94505	-5.48966	0	0	0.0317269	na	0.266667	0.724138	0.0705768	10	0	0	2.5242	1.74713	0.652874	-0.575096	-1.62566	0.133333	0.166667	0	1	1.34483	-1.50366	0.0711111	na	0.105814
 5.0%	-1.24959	-7.06962	-1.43981	-1.53119	-1.55198	-1.62417	-4.32184	0	0	0.0506698	na	0.3	0.77931	0.0774367	11	0	0	2.77662	2.11494	0.965517	-0.496304	-1.33752	0.133333	0.166667	0	1	1.82759	-1.29081	0.0755556	na	0.11882
10.0%	-0.976294	-5.77613	-1.06626	-1.17041	-1.15331	-1.26639	-3.10805	0	0	0.0744872	na	0.333333	0.82069	0.0842096	12	0	0	3.02904	2.62989	1.58161	-0.392209	-1.00061	0.133333	0.2	1	2	2.37931	-1.08226	0.0822222	na	0.134218
25.0%	-0.554282	-3.87067	-0.552243	-0.526322	-0.539664	-0.57814	-1.29655	0.047619	0.0909091	0.12593	na	0.366667	0.871264	0.0998368	16	0	0	4.03872	3.54023	3	-0.218002	-0.415593	0.166667	0.233333	1	3	3.51724	-0.631942	0.0977778	na	0.171058
50.0%	-0.0468117	-2.35749	0.0693824	0.0409411	0.0180226	0.0180264	0.441379	0.1	0.173913	0.192965	na	0.433333	0.908046	0.118297	19	0	0	4.79598	4.75402	4.71264	-0.0180044	0.129982	0.233333	0.3	2	5	4.75862	-0.0303404	0.122222	na	0.2216
75.0%	0.45652	-0.924887	0.542096	0.573856	0.579545	0.612096	1.62759	0.166667	0.263158	0.269185	na	0.5	0.933333	0.137533	24	0	0	6.05808	6.21839	6.57931	0.181205	0.542638	0.3	0.366667	3	6	6.31034	0.503024	0.157778	na	0.3125
90.0%	0.914767	0.250555	0.918354	0.967261	0.986916	1.05238	2.46437	0.235294	0.357143	0.344273	na	0.566667	0.949425	0.154873	28	0	0	7.06776	7.68506	8.58851	0.356627	0.775264	0.366667	0.466667	3	9	7.96552	0.971806	0.206667	na	0.463259
95.0%	1.14291	0.902951	1.11142	1.20669	1.23891	1.30882	2.91494	0.285714	0.411765	0.396966	na	0.6	0.956322	0.163683	30	0	0	7.5726	8.68046	10.1586	0.441785	0.866775	0.433333	0.533333	4	10	8.82759	1.26349	0.246667	na	0.582329
97.5%	1.3865	1.5552	1.31682	1.38505	1.4974	1.53292	3.17241	0.32	0.461538	0.440039	na	0.633333	0.96092	0.173047	33	0	0	8.32985	9.55402	11.4115	0.534162	0.931908	0.5	0.6	4	11	9.82759	1.54336	0.3	na	0.717822
99.0%	1.57057	2.20668	1.52091	1.55579	1.65266	1.69543	3.50345	0.375	0.52381	0.483937	na	0.7	0.970115	0.179082	35	0	0	8.83469	10.446	13.1448	0.612296	1.00775	0.566667	0.666667	5	12	10.7931	1.77	0.351111	na	0.936155
99.9%	2.22529	3.95165	1.66632	1.91455	1.86339	2.13039	4.23908	0.5	0.666667	0.581745	na	0.733333	0.977011	0.204173	42	0	0	10.6016	13.7977	15.8575	0.872659	1.08801	0.666667	0.833333	6	14	14.8276	2.39979	0.462222	na	2.03271

variance

	TD	Fs	FD*	FF*	FD	FF	H	B	Q	ZA	Fst	Kw	Hw	R2	S	pi_w	pi_b	thetaWatt	thetaTaj	thetaFW	D/Dmin	Hnorm	maxhap	maxhap1	Rm	ThetaFL	ThetaL	ZengE
 0.1%	na	na	na	na	na	na	na	na	na	na	na	na	na	na	na	na	na	na	na	na	na	na	na	na	na	na	na	na	na	na	na
 1.0%	na	na	na	na	na	na	na	na	na	na	na	na	na	na	na	na	na	na	na	na	na	na	na	na	na	na	na	na	na	na	na
 2.5%	na	na	na	na	na	na	na	na	na	na	na	na	na	na	na	na	na	na	na	na	na	na	na	na	na	na	na	na	na	na	na
 5.0%	na	na	na	na	na	na	na	na	na	na	na	na	na	na	na	na	na	na	na	na	na	na	na	na	na	na	na	na	na	na	na
10.0%	na	na	na	na	na	na	na	na	na	na	na	na	na	na	na	na	na	na	na	na	na	na	na	na	na	na	na	na	na	na	na
25.0%	na	na	na	na	na	na	na	na	na	na	na	na	na	na	na	na	na	na	na	na	na	na	na	na	na	na	na	na	na	na	na
50.0%	na	na	na	na	na	na	na	na	na	na	na	na	na	na	na	na	na	na	na	na	na	na	na	na	na	na	na	na	na	na	na
75.0%	na	na	na	na	na	na	na	na	na	na	na	na	na	na	na	na	na	na	na	na	na	na	na	na	na	na	na	na	na	na	na
90.0%	na	na	na	na	na	na	na	na	na	na	na	na	na	na	na	na	na	na	na	na	na	na	na	na	na	na	na	na	na	na	na
95.0%	na	na	na	na	na	na	na	na	na	na	na	na	na	na	na	na	na	na	na	na	na	na	na	na	na	na	na	na	na	na	na
97.5%	na	na	na	na	na	na	na	na	na	na	na	na	na	na	na	na	na	na	na	na	na	na	na	na	na	na	na	na	na	na	na
99.0%	na	na	na	na	na	na	na	na	na	na	na	na	na	na	na	na	na	na	na	na	na	na	na	na	na	na	na	na	na	na	na
99.9%	na	na	na	na	na	na	na	na	na	na	na	na	na	na	na	na	na	na	na	na	na	na	na	na	na	na	na	na	na	na	na