recp[0]	
3.46211	
15.9583	
24.5139	
18.8554	
3.08967	
12.1352	
8.44027	
21.2349	
15.7484	
2.5229	
12.7567	
10.371	
9.95206	
8.50194	
22.0542	
7.58339	
8.36827	
4.39929	
5.38705	
10.981	
9.86693	
8.54489	
7.76136	
5.47947	
5.96281	
8.62455	
4.64192	
10.1104	
8.56576	
8.48323	
13.4416	
19.6307	
8.57872	
18.8502	
10.4054	
8.4293	
16.5902	
0.739823	
6.5492	
17.8513	
23.9733	
9.39088	
3.91179	
4.17913	
31.5791	
3.9452	
9.12682	
11.3451	
5.72147	
2.55044	
24.9041	
20.6554	
44.7064	
8.03331	
9.10467	
15.1963	
11.3908	
10.847	
6.64924	
4.67808	
7.19149	
6.56907	
7.2658	
13.1695	
6.17091	
7.49529	
5.22134	
13.1577	
12.389	
13.6969	
10.0646	
30.1322	
15.0173	
12.252	
12.7674	
7.03357	
7.83654	
7.86257	
20.9755	
1.36108	
2.0335	
9.03672	
28.7864	
17.8299	
31.11	
11.2032	
14.1125	
1.9114	
1.50894	
0.216423	
10.7421	
2.20467	
34.052	
7.06923	
12.3058	
17.0307	
10.6673	
4.91956	
0.893318	
7.32689	

ratio[0]	
0.00612107	
