

Number of valid iterations:
	TD	Fs	FD*	FF*	FD	FF	H	B	Q	ZA	Fst	Kw	Hw	R2	S	pi_w	pi_b	thetaWatt	thetaTaj	thetaFW	D/Dmin	Hnorm	maxhap	maxhap1	Rm	ThetaFL	ThetaL	ZengE
locus_0	100	100	100	100	100	100	100	100	100	100	0	100	100	100	100	100	100	100	100	100	100	100	100	100	100	100	100	100	100	0	100
average	100	100	100	100	100	100	100	100	100	100	0	100	100	100	100	100	100	100	100	100	100	100	100	100	100	100	100	100	100	0	100
variance	0	0	0	0	0	0	0	0	0	0	0	0	0	0	0	0	0	0	0	0	0	0	0	0	0	0	0	0	0	0	0

PERCENTILES:

locus_0

	TD	Fs	FD*	FF*	FD	FF	H	B	Q	ZA	Fst	Kw	Hw	R2	S	pi_w	pi_b	thetaWatt	thetaTaj	thetaFW	D/Dmin	Hnorm	maxhap	maxhap1	Rm	ThetaFL	ThetaL	ZengE
 0.1%	na	na	na	na	na	na	na	na	na	na	na	na	na	na	na	na	na	na	na	na	na	na	na	na	na	na	na	na	na	na	na
 1.0%	-1.5058	-15.7943	-2.11364	-2.22622	-2.13038	-2.28279	-9.86667	0	0	0.0494671	na	0.266667	0.767816	0.0688194	20	0	0	5.0484	2.86667	0.696552	-0.587266	-3.02889	0.1	0.133333	2	0	2.10345	-1.69668	0.0533333	na	0.126527
 2.5%	-1.31937	-9.46636	-1.48992	-1.52351	-1.41448	-1.67935	-7.76092	0	0	0.0530858	na	0.316667	0.788506	0.0740088	20	0	0	5.0484	3.13678	1.46322	-0.514558	-2.38246	0.133333	0.15	2	0	2.60345	-1.40861	0.0644444	na	0.136328
 5.0%	-1.09804	-8.06514	-1.17806	-1.38463	-1.41448	-1.44721	-6.11494	0	0	0.0705642	na	0.333333	0.829885	0.0797487	20	0	0	5.0484	3.45747	2.04368	-0.428236	-1.87718	0.133333	0.166667	2	1	3.10345	-1.12055	0.08	na	0.145875
10.0%	-0.809269	-5.45311	-1.17806	-1.10242	-1.05653	-1.22194	-2.78621	0	0	0.0973228	na	0.366667	0.871264	0.0880081	20	0	0	5.0484	3.87586	2.65517	-0.315616	-0.855315	0.133333	0.2	2	2	3.68966	-0.782815	0.0844444	na	0.156306
25.0%	-0.39833	-3.72184	-0.554338	-0.517194	-0.698577	-0.636509	-1.43448	0.0526316	0.1	0.124723	na	0.4	0.889655	0.10783	20	0	0	5.0484	4.47126	3.5977	-0.155349	-0.44036	0.2	0.233333	2	3	4.17241	-0.504682	0.1	na	0.177117
50.0%	-0.0222963	-2.32788	0.0693824	0.117341	0.0173236	0.141447	0.321839	0.105263	0.2	0.195717	na	0.466667	0.910345	0.118333	20	0	0	5.0484	5.01609	4.77241	-0.00869561	0.0987987	0.233333	0.3	2	5	5.13793	0.0515836	0.117778	na	0.203843
75.0%	0.539374	-0.357562	0.693103	0.611067	0.733224	0.645022	1.41609	0.157895	0.25	0.279403	na	0.5	0.926437	0.141601	20	0	0	5.0484	5.82989	6.29885	0.210357	0.434714	0.266667	0.333333	2	7	6.17241	0.647583	0.14	na	0.237965
90.0%	1.0233	0.320106	1.00496	1.11905	1.09117	1.20688	2.36322	0.263158	0.35	0.352224	na	0.533333	0.944828	0.161743	20	0	0	5.0484	6.53103	8.11034	0.399088	0.725465	0.333333	0.366667	2	8	7	1.12438	0.157778	na	0.348837
95.0%	1.38505	1.07072	1.31682	1.42206	1.44912	1.59193	2.78621	0.263158	0.45	0.387718	na	0.566667	0.951724	0.172034	20	0	0	5.0484	7.05517	9.51724	0.540173	0.855315	0.366667	0.433333	2	9	7.55172	1.44225	0.191111	na	0.453834
97.5%	1.57941	1.86377	1.31682	1.5146	1.6281	1.75859	2.91494	0.394737	0.475	0.483963	na	0.616667	0.96092	0.180703	20	0	0	5.0484	7.33678	10.8851	0.615975	0.894834	0.4	0.483333	2	9	8.22414	1.82965	0.213333	na	0.574101
99.0%	1.71031	2.11609	1.31682	1.67397	1.80707	1.8591	3.21839	0.421053	0.55	0.510002	na	0.666667	0.967816	0.188161	20	0	0	5.0484	7.52644	12.7011	0.667025	0.987987	0.433333	0.533333	2	9	9.10345	2.33625	0.251111	na	0.695777
99.9%	na	na	na	na	na	na	na	na	na	na	na	na	na	na	na	na	na	na	na	na	na	na	na	na	na	na	na	na	na	na	na

average

	TD	Fs	FD*	FF*	FD	FF	H	B	Q	ZA	Fst	Kw	Hw	R2	S	pi_w	pi_b	thetaWatt	thetaTaj	thetaFW	D/Dmin	Hnorm	maxhap	maxhap1	Rm	ThetaFL	ThetaL	ZengE
 0.1%	na	na	na	na	na	na	na	na	na	na	na	na	na	na	na	na	na	na	na	na	na	na	na	na	na	na	na	na	na	na	na
 1.0%	-1.5058	-15.7943	-2.11364	-2.22622	-2.13038	-2.28279	-9.86667	0	0	0.0494671	na	0.266667	0.767816	0.0688194	20	0	0	5.0484	2.86667	0.696552	-0.587266	-3.02889	0.1	0.133333	2	0	2.10345	-1.69668	0.0533333	na	0.126527
 2.5%	-1.31937	-9.46636	-1.48992	-1.52351	-1.41448	-1.67935	-7.76092	0	0	0.0530858	na	0.316667	0.788506	0.0740088	20	0	0	5.0484	3.13678	1.46322	-0.514558	-2.38246	0.133333	0.15	2	0	2.60345	-1.40861	0.0644444	na	0.136328
 5.0%	-1.09804	-8.06514	-1.17806	-1.38463	-1.41448	-1.44721	-6.11494	0	0	0.0705642	na	0.333333	0.829885	0.0797487	20	0	0	5.0484	3.45747	2.04368	-0.428236	-1.87718	0.133333	0.166667	2	1	3.10345	-1.12055	0.08	na	0.145875
10.0%	-0.809269	-5.45311	-1.17806	-1.10242	-1.05653	-1.22194	-2.78621	0	0	0.0973228	na	0.366667	0.871264	0.0880081	20	0	0	5.0484	3.87586	2.65517	-0.315616	-0.855315	0.133333	0.2	2	2	3.68966	-0.782815	0.0844444	na	0.156306
25.0%	-0.39833	-3.72184	-0.554338	-0.517194	-0.698577	-0.636509	-1.43448	0.0526316	0.1	0.124723	na	0.4	0.889655	0.10783	20	0	0	5.0484	4.47126	3.5977	-0.155349	-0.44036	0.2	0.233333	2	3	4.17241	-0.504682	0.1	na	0.177117
50.0%	-0.0222963	-2.32788	0.0693824	0.117341	0.0173236	0.141447	0.321839	0.105263	0.2	0.195717	na	0.466667	0.910345	0.118333	20	0	0	5.0484	5.01609	4.77241	-0.00869561	0.0987987	0.233333	0.3	2	5	5.13793	0.0515836	0.117778	na	0.203843
75.0%	0.539374	-0.357562	0.693103	0.611067	0.733224	0.645022	1.41609	0.157895	0.25	0.279403	na	0.5	0.926437	0.141601	20	0	0	5.0484	5.82989	6.29885	0.210357	0.434714	0.266667	0.333333	2	7	6.17241	0.647583	0.14	na	0.237965
90.0%	1.0233	0.320106	1.00496	1.11905	1.09117	1.20688	2.36322	0.263158	0.35	0.352224	na	0.533333	0.944828	0.161743	20	0	0	5.0484	6.53103	8.11034	0.399088	0.725465	0.333333	0.366667	2	8	7	1.12438	0.157778	na	0.348837
95.0%	1.38505	1.07072	1.31682	1.42206	1.44912	1.59193	2.78621	0.263158	0.45	0.387718	na	0.566667	0.951724	0.172034	20	0	0	5.0484	7.05517	9.51724	0.540173	0.855315	0.366667	0.433333	2	9	7.55172	1.44225	0.191111	na	0.453834
97.5%	1.57941	1.86377	1.31682	1.5146	1.6281	1.75859	2.91494	0.394737	0.475	0.483963	na	0.616667	0.96092	0.180703	20	0	0	5.0484	7.33678	10.8851	0.615975	0.894834	0.4	0.483333	2	9	8.22414	1.82965	0.213333	na	0.574101
99.0%	1.71031	2.11609	1.31682	1.67397	1.80707	1.8591	3.21839	0.421053	0.55	0.510002	na	0.666667	0.967816	0.188161	20	0	0	5.0484	7.52644	12.7011	0.667025	0.987987	0.433333	0.533333	2	9	9.10345	2.33625	0.251111	na	0.695777
99.9%	na	na	na	na	na	na	na	na	na	na	na	na	na	na	na	na	na	na	na	na	na	na	na	na	na	na	na	na	na	na	na

variance

	TD	Fs	FD*	FF*	FD	FF	H	B	Q	ZA	Fst	Kw	Hw	R2	S	pi_w	pi_b	thetaWatt	thetaTaj	thetaFW	D/Dmin	Hnorm	maxhap	maxhap1	Rm	ThetaFL	ThetaL	ZengE
 0.1%	na	na	na	na	na	na	na	na	na	na	na	na	na	na	na	na	na	na	na	na	na	na	na	na	na	na	na	na	na	na	na
 1.0%	na	na	na	na	na	na	na	na	na	na	na	na	na	na	na	na	na	na	na	na	na	na	na	na	na	na	na	na	na	na	na
 2.5%	na	na	na	na	na	na	na	na	na	na	na	na	na	na	na	na	na	na	na	na	na	na	na	na	na	na	na	na	na	na	na
 5.0%	na	na	na	na	na	na	na	na	na	na	na	na	na	na	na	na	na	na	na	na	na	na	na	na	na	na	na	na	na	na	na
10.0%	na	na	na	na	na	na	na	na	na	na	na	na	na	na	na	na	na	na	na	na	na	na	na	na	na	na	na	na	na	na	na
25.0%	na	na	na	na	na	na	na	na	na	na	na	na	na	na	na	na	na	na	na	na	na	na	na	na	na	na	na	na	na	na	na
50.0%	na	na	na	na	na	na	na	na	na	na	na	na	na	na	na	na	na	na	na	na	na	na	na	na	na	na	na	na	na	na	na
75.0%	na	na	na	na	na	na	na	na	na	na	na	na	na	na	na	na	na	na	na	na	na	na	na	na	na	na	na	na	na	na	na
90.0%	na	na	na	na	na	na	na	na	na	na	na	na	na	na	na	na	na	na	na	na	na	na	na	na	na	na	na	na	na	na	na
95.0%	na	na	na	na	na	na	na	na	na	na	na	na	na	na	na	na	na	na	na	na	na	na	na	na	na	na	na	na	na	na	na
97.5%	na	na	na	na	na	na	na	na	na	na	na	na	na	na	na	na	na	na	na	na	na	na	na	na	na	na	na	na	na	na	na
99.0%	na	na	na	na	na	na	na	na	na	na	na	na	na	na	na	na	na	na	na	na	na	na	na	na	na	na	na	na	na	na	na
99.9%	na	na	na	na	na	na	na	na	na	na	na	na	na	na	na	na	na	na	na	na	na	na	na	na	na	na	na	na	na	na	na