Ttot[0]	
2.75162	
3.5658	
4.38091	
3.44353	
4.66812	
4.3523	
2.89889	
4.93755	
3.97907	
2.85315	
3.89951	
3.95292	
4.92522	
3.06579	
2.93187	
5.01823	
4.58202	
3.61909	
5.13641	
3.30246	
3.48291	
4.35361	
3.59354	
4.40575	
5.08313	
3.47266	
6.57879	
4.26095	
4.52275	
2.88429	
4.29407	
3.24356	
4.95681	
4.12913	
4.02444	
2.48716	
2.72158	
4.80595	
3.23769	
3.61109	
3.28351	
4.74069	
5.32991	
3.76226	
3.61577	
4.33048	
4.24637	
3.17218	
3.4111	
4.81557	
4.39864	
4.16144	
4.35283	
3.87079	
4.21419	
3.22901	
3.40967	
2.67191	
3.46682	
3.62832	
4.33013	
4.30683	
3.263	
4.41623	
3.6521	
5.13149	
3.55524	
3.70283	
3.62387	
3.59353	
3.23031	
4.93585	
2.56948	
3.99077	
4.09188	
3.78562	
3.49091	
3.24804	
3.1397	
3.73451	
3.34493	
3.41877	
3.08677	
4.38839	
4.0377	
4.06039	
5.28689	
5.23936	
4.68176	
3.38755	
2.86012	
4.1077	
2.5603	
4.86717	
4.34048	
3.94159	
3.58107	
4.29723	
3.42042	
3.8062	

ratio[0]	
0.00612107	
