thetap[0]	
8.81337	
5.74143	
4.55694	
7.00682	
6.58604	
4.20904	
6.35414	
4.62973	
4.03581	
7.48837	
6.62378	
4.05401	
4.85431	
6.71421	
7.41312	
4.97431	
5.36687	
7.21317	
3.15099	
4.55804	
3.84027	
4.6564	
5.85559	
4.51696	
4.74477	
5.06942	
3.6592	
6.60645	
6.02168	
7.26426	
4.10373	
8.96338	
3.69205	
5.06362	
8.65666	
10.1504	
7.03407	
4.75275	
6.6572	
7.43196	
5.60373	
3.95254	
3.46	
6.03383	
5.49525	
5.52863	
4.4653	
4.83238	
6.92536	
4.16374	
4.84843	
5.25375	
4.6705	
4.40387	
4.25779	
5.91546	
8.02763	
8.11421	
6.14885	
3.89546	
3.45868	
7.44653	
5.47134	
4.93465	
6.17955	
3.81507	
6.96776	
5.51089	
9.35662	
8.48689	
4.95571	
6.0701	
8.74007	
7.21887	
4.95145	
4.52429	
6.90382	
7.34806	
7.51889	
7.28608	
7.95343	
6.48967	
4.11218	
7.06908	
4.77638	
3.72361	
4.13611	
5.06178	
3.57227	
6.48466	
6.51857	
5.33588	
7.69959	
5.14147	
6.98891	
6.62402	
5.78005	
4.38567	
5.27235	
5.66319	

ratio[0]	
0.00612107	
