mlcoalsim version 1.39 (20080202)
OUTPUT FILE: date Sat Feb  2 01:58:05 2008 

Input data from the file: ex17.txt

Print_neuttest:        1
Print_matrixpol:       0
Mhits:                 1
Dist_out:              8.000000
Mhratio_sv:            2
Seed2:                 2871
N_iterations:          100
Seed1:                 1121

N_loci:                1
Factorn_chr:           1.000000
N_sites:               1050
N_samples:             30
Range_thetant:         1
Thetant_min:           0.000500
Thetant_max:           0.010000
Mutations:             20
Sfix_allthetas:        1
Method_samp:           1
No_rec_males:          0
Ifgammar:              1
Alpha_gammar:          1
P_gammar:              1
Correct_gammar:        10
Rm:                    2
Nhapl:                 0
Rmfix:                 1
Method_samp:           1

REJECTION ALGORITHM OF TAVARE et al. 1997. Fix S and screening all probable thetas.  Rejection algorithm n. 2.
REJECTION ALGORITHM. Fix Rm (and optionally nhapl) and screening all probable R.

Neutral tests (excluding multiple hits positions)
value(TD)	value(Fs)	value(FD*)	value(FF*)	value(FD)	value(FF)	value(H)	value(B)	value(Q)	value(ZA)	value(Fst)	value(Kw)	value(Hw)	value(R2)	value(S)	value(pi_w)	value(pi_b)	value(ThetaWatt)	value(ThetaTaj)	value(ThetaFW)	value(D/Dmin)	value(Hnorm)	value(maxhap)	value(maxhap1)	value(Rm)	value(theta_fl)	value(theta_l)	value(zeng_E)	value(EW-test)	value(Fstw)	value(Pwh)
0.54096	0.320106	0.693103	0.757818	0.733224	0.806769	-1.92184	0.368421	0.45	0.471287	na	0.366667	0.896552	0.141601	20	0	0	5.0484	5.83218	7.75402	0.210975	-0.58997	0.2	0.3	2	3	6.7931	1.00518	0.133333	na	0.857312	
-0.583966	-6.79396	-0.554338	-0.662756	-0.698577	-0.796946	-0.285057	0.0526316	0.1	0.138644	na	0.566667	0.951724	0.0991753	20	0	0	5.0484	4.2023	4.48736	-0.227748	-0.0875075	0.133333	0.233333	2	7	4.34483	-0.405349	0.08	na	0.237965	
-0.0603757	-3.3976	-1.17806	-0.966359	-1.41448	-1.15056	-0.56092	0.105263	0.2	0.152994	na	0.5	0.935632	0.112891	20	0	0	5.0484	4.96092	5.52184	-0.0235466	-0.172192	0.133333	0.266667	2	9	5.24138	0.111184	0.0955556	na	0.201576	
-1.03774	-4.34785	-0.866198	-1.08251	-0.340627	-0.699374	-6.28966	0.105263	0.2	0.141946	na	0.466667	0.889655	0.0805631	20	0	0	5.0484	3.54483	9.83448	-0.404722	-1.93081	0.266667	0.466667	2	6	6.68966	0.945582	0.14	na	0.282101	
-0.125428	-1.06223	0.693103	0.508282	0.733224	0.531734	-1.92184	0.0526316	0.1	0.1001	na	0.4	0.921839	0.118333	20	0	0	5.0484	4.86667	6.78851	-0.0489171	-0.58997	0.166667	0.3	2	3	5.82759	0.448916	0.108889	na	0.205479	
-0.423716	-3.08042	-1.17806	-1.10242	-1.41448	-1.30052	1.21379	0.105263	0.2	0.132582	na	0.466667	0.908046	0.100239	20	0	0	5.0484	4.43448	3.22069	-0.16525	0.372612	0.2	0.3	2	9	3.82759	-0.703349	0.122222	na	0.225505	
0.372777	-0.519579	1.31682	1.19451	1.80707	1.59193	0.901149	0.0526316	0.1	0.279098	na	0.4	0.896552	0.138337	20	0	0	5.0484	5.58851	4.68736	0.145384	0.276636	0.266667	0.266667	2	0	5.13793	0.0515836	0.133333	na	0.178939	
-0.146054	-4.56022	-0.242478	-0.248942	0.375274	0.238364	-0.947126	0.105263	0.2	0.241854	na	0.533333	0.954023	0.11706	20	0	0	5.0484	4.83678	5.78391	-0.0569614	-0.290751	0.133333	0.2	2	4	5.31034	0.150917	0.0777778	na	0.206749	
0.198246	-9.03384	0.381243	0.379652	0.375274	0.380465	3.29195	0.0526316	0.1	0.157988	na	0.666667	0.967816	0.127859	20	0	0	5.0484	5.33563	2.04368	0.0773164	1.01057	0.133333	0.166667	2	4	3.68966	-0.782815	0.0644444	na	0.187419	
0.759916	-1.52086	0.381243	0.589975	0.375274	0.61228	1.74713	0.105263	0.15	0.193465	na	0.466667	0.905747	0.148048	20	0	0	5.0484	6.14943	4.4023	0.296369	0.536336	0.266667	0.3	2	4	5.27586	0.13105	0.124444	na	0.162617	
0.736117	-0.171842	0.693103	0.830896	0.733224	0.887315	-0.873563	0.263158	0.35	0.294501	na	0.4	0.910345	0.148632	20	0	0	5.0484	6.11494	6.98851	0.287087	-0.268168	0.2	0.3	2	3	6.55172	0.866116	0.12	na	0.163534	
-0.18572	-3.60885	0.381243	0.235871	0.375274	0.221992	1.21379	0.105263	0.2	0.24647	na	0.5	0.924138	0.114817	20	0	0	5.0484	4.77931	3.56552	-0.0724312	0.372612	0.233333	0.3	2	4	4.17241	-0.504682	0.106667	na	0.209235	
0.445762	-1.13338	1.31682	1.22184	1.44912	1.33719	-0.956322	0.263158	0.35	0.379082	na	0.433333	0.924138	0.140976	20	0	0	5.0484	5.69425	6.65057	0.173848	-0.293573	0.2	0.3	2	1	6.17241	0.647583	0.106667	na	0.175616	
-0.144467	-3.53786	-0.554338	-0.498181	-0.698577	-0.615554	1.33333	0	0	0.0847217	na	0.5	0.924138	0.112083	20	0	0	5.0484	4.83908	3.50575	-0.0563426	0.409309	0.166667	0.233333	2	7	4.17241	-0.504682	0.106667	na	0.206651	
0.0253028	-5.3451	-0.866198	-0.684442	-1.05653	-0.830343	-0.450575	0	0	0.133406	na	0.566667	0.885057	0.116638	20	0	0	5.0484	5.08506	5.53563	0.00986814	-0.138318	0.333333	0.366667	2	8	5.31034	0.150917	0.144444	na	0.196655	
-0.19524	0.252341	-0.554338	-0.517194	-0.698577	-0.636509	1.04828	0.210526	0.3	0.284866	na	0.333333	0.882759	0.112534	20	0	0	5.0484	4.76552	3.71724	-0.0761439	0.321802	0.233333	0.233333	2	7	4.24138	-0.464949	0.146667	na	0.209841	
1.0233	0.082532	0.381243	0.688601	0.375274	0.720984	2.23448	0.157895	0.3	0.286393	na	0.4	0.903448	0.158057	20	0	0	5.0484	6.53103	4.29655	0.399088	0.685946	0.233333	0.233333	2	4	5.41379	0.210517	0.126667	na	0.153115	
0.360083	-2.77452	-0.242478	-0.0594134	-0.340627	-0.122456	1.41609	0	0	0.122033	na	0.5	0.933333	0.130791	20	0	0	5.0484	5.57011	4.15402	0.140433	0.434714	0.166667	0.233333	2	6	4.86207	-0.107349	0.0977778	na	0.17953	
0.53144	-0.36366	0.381243	0.50442	0.375274	0.517982	-2.36322	0.157895	0.25	0.29816	na	0.4	0.894253	0.13983	20	0	0	5.0484	5.81839	8.18161	0.207263	-0.725465	0.233333	0.433333	2	4	7	1.12438	0.135556	na	0.171869	
0.149061	-3.07214	0.693103	0.611067	0.733224	0.645022	1.97701	0.0526316	0.1	0.091926	na	0.5	0.912644	0.128147	20	0	0	5.0484	5.26437	3.28736	0.0581339	0.606907	0.266667	0.266667	2	3	4.27586	-0.445082	0.117778	na	0.189956	
0.164927	-1.44226	0.0693824	0.117341	0.0173236	0.0818556	0.781609	0.0526316	0.1	0.211269	na	0.433333	0.910345	0.125245	20	0	0	5.0484	5.28736	4.50575	0.0643218	0.23994	0.233333	0.3	2	5	4.89655	-0.0874828	0.12	na	0.18913	
0.439415	-1.14002	0.0693824	0.220127	0.375274	0.480001	0.542529	0.157895	0.3	0.279343	na	0.433333	0.908046	0.1357	20	0	0	5.0484	5.68506	5.14253	0.171373	0.166546	0.233333	0.3	2	4	5.41379	0.210517	0.122222	na	0.351799	
0.931273	-0.662785	0.381243	0.654142	0.375274	0.683003	2.10575	0.263158	0.4	0.327355	na	0.433333	0.908046	0.154755	20	0	0	5.0484	6.3977	4.29195	0.363198	0.646426	0.2	0.233333	2	4	5.34483	0.170783	0.122222	na	0.156306	
1.15182	0.19166	1.31682	1.48623	1.44912	1.6286	0.468966	0.210526	0.3	0.37429	na	0.4	0.903448	0.166506	20	0	0	5.0484	6.71724	6.24828	0.44921	0.143964	0.233333	0.233333	2	1	6.48276	0.826383	0.126667	na	0.148871	
-0.39833	-3.99972	0.693103	0.406091	0.733224	0.419101	-8.22989	0.0526316	0.1	0.102978	na	0.5	0.926437	0.10783	20	0	0	5.0484	4.47126	12.7011	-0.155349	-2.52643	0.2	0.3	2	3	8.58621	2.03825	0.104444	na	0.22365	
-1.5058	-3.44397	-1.17806	-1.50762	-1.41448	-1.74713	-0.68046	0.105263	0.2	0.160133	na	0.4	0.829885	0.0688194	20	0	0	5.0484	2.86667	3.54713	-0.587266	-0.208889	0.4	0.466667	2	9	3.2069	-1.06095	0.197778	na	0.348837	
-0.0524425	-0.976749	0.381243	0.285778	0.375274	0.276999	-1.43448	0.105263	0.2	0.253187	na	0.4	0.882759	0.118865	20	0	0	5.0484	4.97241	6.4069	-0.0204527	-0.44036	0.266667	0.333333	2	4	5.68966	0.36945	0.146667	na	0.402219	
1.24701	0.270861	0.0693824	0.522541	0.0173236	0.52846	1.02069	0.263158	0.35	0.313145	na	0.4	0.878161	0.164614	20	0	0	5.0484	6.85517	5.83448	0.486338	0.313333	0.3	0.333333	2	5	6.34483	0.746916	0.151111	na	0.145875	
0.155407	0.632258	0.381243	0.36361	0.375274	0.362784	-9.86667	0.263158	0.4	0.352224	na	0.333333	0.850575	0.126979	20	0	0	5.0484	5.27356	15.1402	0.0606091	-3.02889	0.3	0.3	2	4	10.2069	2.97198	0.177778	na	0.189625	
-0.477661	-3.17454	-0.242478	-0.373116	-0.340627	-0.468214	0.91954	0.210526	0.35	0.244077	na	0.466667	0.921839	0.103358	20	0	0	5.0484	4.35632	3.43678	-0.186289	0.282282	0.2	0.3	2	6	3.89655	-0.663615	0.108889	na	0.229551	
-0.464968	-5.23547	-0.554338	-0.618196	-0.698577	-0.747833	1.92184	0	0	0.111429	na	0.533333	0.951724	0.105638	20	0	0	5.0484	4.37471	2.45287	-0.181339	0.58997	0.133333	0.233333	2	7	3.41379	-0.941748	0.08	na	0.228586	
-0.923507	-4.07465	-1.48992	-1.5394	-1.05653	-1.22194	-2.09655	0.0526316	0.1	0.114458	na	0.466667	0.921839	0.086673	20	0	0	5.0484	3.71034	5.8069	-0.360169	-0.643603	0.166667	0.2	2	8	4.75862	-0.166949	0.108889	na	0.269517	
-0.212693	-3.65608	-0.242478	-0.273896	-0.340627	-0.358855	-0.450575	0.105263	0.2	0.181025	na	0.5	0.914943	0.110334	20	0	0	5.0484	4.74023	5.1908	-0.0829506	-0.138318	0.233333	0.3	2	6	4.96552	-0.0477496	0.115556	na	0.21096	
0.980459	0.0455518	1.31682	1.42206	1.44912	1.55788	-2.78621	0.263158	0.45	0.378139	na	0.4	0.898851	0.160309	20	0	0	5.0484	6.46897	9.25517	0.382381	-0.855315	0.233333	0.233333	2	1	7.86207	1.62105	0.131111	na	0.154584	
1.27399	1.71989	0.693103	1.03231	0.733224	1.10931	-0.211494	0.421053	0.55	0.496639	na	0.333333	0.83908	0.168522	20	0	0	5.0484	6.89425	7.10575	0.496857	-0.0649249	0.333333	0.333333	2	3	7	1.12438	0.188889	na	0.435145	
-0.0698955	-4.41462	-0.554338	-0.470257	-0.698577	-0.584777	1.61839	0	0	0.100448	na	0.533333	0.933333	0.115443	20	0	0	5.0484	4.94713	3.32874	-0.0272594	0.496817	0.2	0.3	2	7	4.13793	-0.524549	0.0977778	na	0.202138	
-0.779123	-8.84974	-1.17806	-1.2355	-1.41448	-1.44721	0.321839	0	0	0.0545164	na	0.6	0.947126	0.0880081	20	0	0	5.0484	3.91954	3.5977	-0.303859	0.0987987	0.166667	0.266667	2	9	3.75862	-0.743082	0.0844444	na	0.255132	
1.47549	3.78009	1.00496	1.3576	1.09117	1.47733	-3.83448	0.421053	0.5	0.569954	na	0.266667	0.767816	0.176762	20	0	0	5.0484	7.18621	11.0207	0.575444	-1.17712	0.433333	0.5	2	2	9.10345	2.33625	0.257778	na	0.695777	
0.291858	-2.8677	1.00496	0.914372	1.09117	0.988816	3.21839	0.0526316	0.1	0.13988	na	0.5	0.91954	0.13403	20	0	0	5.0484	5.47126	2.25287	0.113825	0.987987	0.233333	0.233333	2	2	3.86207	-0.683482	0.111111	na	0.182773	
0.258539	0.0437583	0.693103	0.652062	0.733224	0.690207	-2.32644	0.105263	0.15	0.21101	na	0.366667	0.891954	0.132066	20	0	0	5.0484	5.42299	7.74943	0.100831	-0.714174	0.266667	0.266667	2	3	6.58621	0.885983	0.137778	na	0.1844	
0.659958	-0.242088	-0.242478	0.0528779	-0.340627	0.00130969	2.76782	0.105263	0.2	0.210539	na	0.4	0.912644	0.143871	20	0	0	5.0484	6.0046	3.23678	0.257385	0.849669	0.2	0.2	2	6	4.62069	-0.246416	0.117778	na	0.166539	
0.567933	1.05012	-0.554338	-0.231415	-0.340627	-0.0366713	-0.257471	0.157895	0.3	0.313691	na	0.333333	0.802299	0.145613	20	0	0	5.0484	5.87126	6.12874	0.221495	-0.079039	0.4	0.433333	2	6	6	0.54825	0.224444	na	0.510963	
1.97052	-0.478054	1.00496	1.54297	1.09117	1.68164	2.56552	0.105263	0.2	0.387718	na	0.466667	0.924138	0.194653	20	0	0	5.0484	7.90345	5.33793	0.768507	0.787567	0.2	0.233333	2	2	6.62069	0.905849	0.106667	na	0.126527	
-0.380877	-3.00761	0.381243	0.162793	0.375274	0.141447	2.78621	0.0526316	0.1	0.135675	na	0.466667	0.935632	0.10788	20	0	0	5.0484	4.49655	1.71034	-0.148543	0.855315	0.166667	0.233333	2	4	3.10345	-1.12055	0.0955556	na	0.222393	
-0.618872	-9.89888	-0.554338	-0.675827	-0.698577	-0.811353	0.165517	0	0	0.110085	na	0.633333	0.967816	0.0945225	20	0	0	5.0484	4.15172	3.98621	-0.241361	0.0508108	0.133333	0.133333	2	7	4.06897	-0.564282	0.0644444	na	0.240864	
0.0570356	-0.164777	0.693103	0.576607	0.733224	0.607041	-2.97931	0.105263	0.2	0.198445	na	0.366667	0.912644	0.124854	20	0	0	5.0484	5.13103	8.11034	0.022244	-0.914594	0.2	0.366667	2	3	6.62069	0.905849	0.117778	na	0.194892	
1.71031	2.11609	1.62868	1.94519	1.80707	2.14396	-0.533333	0.421053	0.6	0.510002	na	0.333333	0.871264	0.188161	20	0	0	5.0484	7.52644	8.05977	0.667025	-0.163724	0.266667	0.3	2	0	7.7931	1.58131	0.157778	na	0.398595	
-0.0841752	-3.43671	-0.554338	-0.475604	-0.698577	-0.59067	-1.25057	0.0526316	0.1	0.140105	na	0.5	0.873563	0.113482	20	0	0	5.0484	4.92644	6.17701	-0.0328285	-0.383904	0.333333	0.366667	2	7	5.55172	0.289983	0.155556	na	0.202986	
0.926513	0.67433	0.381243	0.652359	0.733224	0.965896	0.091954	0.105263	0.2	0.172935	na	0.366667	0.882759	0.154044	20	0	0	5.0484	6.3908	6.29885	0.361342	0.0282282	0.266667	0.266667	2	3	6.34483	0.746916	0.146667	na	0.156475	
1.50564	0.479831	0.693103	1.11905	0.733224	1.20491	1.28736	0.105263	0.15	0.322146	na	0.4	0.873563	0.176386	20	0	0	5.0484	7.22989	5.94253	0.587201	0.395195	0.266667	0.3	2	3	6.58621	0.885983	0.155556	na	0.138315	
-0.098455	-3.46039	-0.554338	-0.480951	-0.340627	-0.311706	-0.11954	0.0526316	0.1	0.122974	na	0.5	0.935632	0.115166	20	0	0	5.0484	4.90575	5.02529	-0.0383976	-0.0366967	0.166667	0.2	2	6	4.96552	-0.0477496	0.0955556	na	0.203843	
-0.0270563	-5.45311	-0.866198	-0.704049	-1.05653	-0.851953	1.67356	0.0526316	0.1	0.162485	na	0.566667	0.937931	0.114788	20	0	0	5.0484	5.0092	3.33563	-0.010552	0.513753	0.2	0.233333	2	8	4.17241	-0.504682	0.0933333	na	0.199633	
-0.612526	-5.5891	-0.242478	-0.423618	0.0173236	-0.239018	-2.29885	0.157895	0.2	0.221139	na	0.533333	0.933333	0.0995339	20	0	0	5.0484	4.16092	6.45977	-0.238886	-0.705705	0.2	0.3	2	5	5.31034	0.150917	0.0977778	na	0.240331	
0.00943642	-2.41242	0.0693824	0.0591163	0.0173236	0.0176808	0.331034	0.210526	0.35	0.272243	na	0.466667	0.931034	0.121749	20	0	0	5.0484	5.06207	4.73103	0.00368022	0.101622	0.2	0.2	2	5	4.89655	-0.0874828	0.1	na	0.197548	
0.740877	2.00766	0.693103	0.832679	0.733224	0.889279	2.10575	0.157895	0.3	0.29114	na	0.3	0.825287	0.148804	20	0	0	5.0484	6.12184	4.01609	0.288943	0.646426	0.366667	0.366667	2	3	5.06897	0.0118504	0.202222	na	0.16335	
-0.0222963	-4.32635	0.0693824	0.0472337	0.0173236	0.00458391	2.72184	0.0526316	0.1	0.116328	na	0.533333	0.949425	0.119244	20	0	0	5.0484	5.01609	2.29425	-0.00869561	0.835555	0.133333	0.2	2	5	3.65517	-0.802682	0.0822222	na	0.199358	
0.539374	-1.75614	1.00496	1.00706	1.09117	1.09097	0.211494	0.105263	0.2	0.279403	na	0.466667	0.947126	0.142959	20	0	0	5.0484	5.82989	5.61839	0.210357	0.0649249	0.133333	0.2	2	2	5.72414	0.389317	0.0844444	na	0.17153	
-0.168267	-3.57863	-0.554338	-0.507093	-0.340627	-0.340519	0.091954	0.0526316	0.1	0.0974117	na	0.5	0.921839	0.111989	20	0	0	5.0484	4.8046	4.71264	-0.0656245	0.0282282	0.2	0.2	2	6	4.75862	-0.166949	0.108889	na	0.208134	
-0.0810019	-1.74186	0.0693824	0.0252507	0.0173236	-0.0196453	0.965517	0.105263	0.2	0.253075	na	0.433333	0.921839	0.117157	20	0	0	5.0484	4.93103	3.96552	-0.0315909	0.296396	0.166667	0.266667	2	5	4.44828	-0.345749	0.108889	na	0.202797	
-0.991732	-8.06514	-1.17806	-1.31512	-1.41448	-1.53496	2.18851	0.0526316	0.1	0.106075	na	0.566667	0.944828	0.0797487	20	0	0	5.0484	3.61149	1.42299	-0.386777	0.671831	0.166667	0.266667	2	9	2.51724	-1.45828	0.0866667	na	0.276894	
-0.431649	-4.06508	-0.242478	-0.355886	-0.340627	-0.449224	2.36322	0	0	0.10323	na	0.5	0.910345	0.102544	20	0	0	5.0484	4.42299	2.05977	-0.168344	0.725465	0.266667	0.3	2	6	3.24138	-1.04108	0.12	na	0.226091	
0.504467	-1.0726	0.0693824	0.244486	0.0173236	0.221992	1.07586	0.105263	0.2	0.19811	na	0.433333	0.933333	0.138626	20	0	0	5.0484	5.77931	4.70345	0.196743	0.33027	0.166667	0.166667	2	5	5.24138	0.111184	0.0977778	na	0.173031	
-0.618872	-3.43461	-1.48992	-1.42533	-1.41448	-1.38107	-1.62759	0	0	0.0549947	na	0.466667	0.898851	0.0938788	20	0	0	5.0484	4.15172	5.77931	-0.241361	-0.499639	0.266667	0.3	2	9	4.96552	-0.0477496	0.131111	na	0.240864	
-0.290438	-4.85208	0.381243	0.196658	0.375274	0.178773	-2.12414	0.0526316	0.1	0.101889	na	0.533333	0.933333	0.11034	20	0	0	5.0484	4.62759	6.75172	-0.113271	-0.652072	0.2	0.233333	2	4	5.68966	0.36945	0.0977778	na	0.216095	
0.0713153	-2.32788	-0.554338	-0.417379	-0.698577	-0.526495	-1.48966	0.105263	0.2	0.23014	na	0.466667	0.852874	0.120412	20	0	0	5.0484	5.15172	6.64138	0.0278131	-0.457297	0.366667	0.4	2	7	5.89655	0.48865	0.175556	na	0.19411	
0.820208	-0.0957122	1.00496	1.11222	1.09117	1.20688	-0.0091954	0.0526316	0.1	0.229571	na	0.4	0.917241	0.153095	20	0	0	5.0484	6.23678	6.24598	0.319883	-0.00282282	0.2	0.266667	2	2	6.24138	0.687316	0.113333	na	0.160339	
-1.17737	-3.63741	-1.17806	-1.38463	-1.41448	-1.61157	0.478161	0.0526316	0.1	0.0849539	na	0.433333	0.836782	0.0745604	20	0	0	5.0484	3.34253	2.86437	-0.459176	0.146787	0.366667	0.533333	2	9	3.10345	-1.12055	0.191111	na	0.299175	
-0.731524	-3.65771	-0.554338	-0.718011	-0.698577	-0.857847	-1.47126	0	0	0.0978511	na	0.466667	0.889655	0.0932701	20	0	0	5.0484	3.98851	5.45977	-0.285296	-0.451651	0.266667	0.266667	2	7	4.72414	-0.186816	0.14	na	0.25072	
-8.34081e-05	-3.30055	-0.554338	-0.444115	-0.698577	-0.555963	1.26897	0.0526316	0.1	0.13069	na	0.5	0.903448	0.117189	20	0	0	5.0484	5.04828	3.77931	-3.25293e-05	0.389549	0.266667	0.333333	2	7	4.41379	-0.365616	0.126667	na	0.198087	
-0.19048	-1.88572	-0.242478	-0.265578	-0.340627	-0.349687	-3.0069	0.0526316	0.1	0.231485	na	0.433333	0.903448	0.112615	20	0	0	5.0484	4.77241	7.77931	-0.0742875	-0.923063	0.233333	0.333333	2	6	6.27586	0.707183	0.126667	na	0.209538	
-0.399916	-4.00281	-1.17806	-1.0935	-1.05653	-1.00584	-0.303448	0.105263	0.2	0.21532	na	0.5	0.926437	0.108231	20	0	0	5.0484	4.46897	4.77241	-0.155968	-0.0931531	0.2	0.233333	2	8	4.62069	-0.246416	0.104444	na	0.223765	
-0.277745	-3.77271	-0.242478	-0.298255	-0.340627	-0.385704	1.08506	0	0	0.0950993	na	0.5	0.926437	0.108786	20	0	0	5.0484	4.64598	3.56092	-0.108321	0.333093	0.2	0.3	2	6	4.10345	-0.544416	0.104444	na	0.21524	
-0.342797	-4.96341	0.381243	0.177052	0.733224	0.44202	-4.96552	0.105263	0.2	0.146548	na	0.533333	0.937931	0.108466	20	0	0	5.0484	4.55172	9.51724	-0.133692	-1.52432	0.2	0.233333	2	3	7.03448	1.14425	0.0933333	na	0.219697	
0.377536	-1.94157	-0.242478	-0.0528779	-0.340627	-0.115253	1.81149	0.105263	0.2	0.18998	na	0.466667	0.917241	0.132048	20	0	0	5.0484	5.5954	3.78391	0.14724	0.556096	0.2	0.3	2	6	4.68966	-0.206683	0.113333	na	0.178718	
-0.668058	-15.7943	-1.17806	-1.19391	-1.41448	-1.40137	0.367816	0	0	0.0516552	na	0.733333	0.97931	0.0908992	20	0	0	5.0484	4.08046	3.71264	-0.260544	0.112913	0.1	0.133333	2	9	3.89655	-0.663615	0.0533333	na	0.24507	
-0.371357	-2.99165	-0.554338	-0.583143	-0.698577	-0.709197	0.193103	0.105263	0.15	0.230929	na	0.466667	0.901149	0.105673	20	0	0	5.0484	4.51034	4.31724	-0.14483	0.0592792	0.233333	0.4	2	7	4.41379	-0.365616	0.128889	na	0.221713	
-0.344384	-2.10068	0.693103	0.426291	0.733224	0.441366	1.44368	0	0	0.0494671	na	0.433333	0.896552	0.109765	20	0	0	5.0484	4.54943	3.10575	-0.13431	0.443183	0.266667	0.3	2	3	3.82759	-0.703349	0.133333	na	0.219808	
-0.442755	-0.0352489	0.693103	0.389455	0.733224	0.400765	-0.22069	0.157895	0.25	0.21001	na	0.333333	0.896552	0.107018	20	0	0	5.0484	4.4069	4.62759	-0.172675	-0.0677477	0.2	0.266667	2	3	4.51724	-0.306016	0.133333	na	0.453834	
-0.339624	-2.09379	0.693103	0.428074	0.733224	0.44333	-1.37011	0.157895	0.25	0.195717	na	0.433333	0.912644	0.109936	20	0	0	5.0484	4.55632	5.92644	-0.132454	-0.4206	0.233333	0.366667	2	3	5.24138	0.111184	0.117778	na	0.219475	
-1.21545	-2.76291	-0.866198	-1.14906	-0.698577	-1.05757	-6.11494	0.105263	0.2	0.187556	na	0.4	0.774713	0.0734572	20	0	0	5.0484	3.28736	9.4023	-0.474027	-1.87718	0.466667	0.566667	2	7	6.34483	0.746916	0.251111	na	0.304196	
1.02012	-1.26531	1.31682	1.43691	1.80707	1.8591	-2.05057	0.210526	0.25	0.290548	na	0.466667	0.924138	0.161743	20	0	0	5.0484	6.52644	8.57701	0.397851	-0.629489	0.2	0.233333	2	0	7.55172	1.44225	0.106667	na	0.153223	
0.387056	-1.93033	0.0693824	0.20052	0.0173236	0.173534	2.94253	0	0	0.124723	na	0.466667	0.926437	0.13383	20	0	0	5.0484	5.6092	2.66667	0.150953	0.903303	0.166667	0.2	2	5	4.13793	-0.524549	0.104444	na	0.178279	
0.0649688	-5.26503	0.0693824	0.079911	0.0173236	0.0406004	2.35402	0.105263	0.15	0.16413	na	0.566667	0.94023	0.121665	20	0	0	5.0484	5.14253	2.78851	0.0253379	0.722642	0.166667	0.233333	2	5	3.96552	-0.623882	0.0911111	na	0.194457	
-0.341211	-2.09608	-0.866198	-0.821687	-0.698577	-0.696755	-1.44368	0.105263	0.2	0.237893	na	0.433333	0.889655	0.111472	20	0	0	5.0484	4.55402	5.9977	-0.133073	-0.443183	0.3	0.333333	2	7	5.27586	0.13105	0.14	na	0.219586	
-0.809269	-6.10895	-0.866198	-0.996957	-1.05653	-1.17479	2.37241	0.0526316	0.1	0.0705642	na	0.533333	0.937931	0.0883461	20	0	0	5.0484	3.87586	1.50345	-0.315616	0.728288	0.166667	0.3	2	8	2.68966	-1.35895	0.0933333	na	0.258007	
0.761503	-1.51924	1.00496	1.09024	1.09117	1.18265	1.4069	0.157895	0.25	0.323896	na	0.466667	0.917241	0.150976	20	0	0	5.0484	6.15172	4.74483	0.296988	0.431892	0.233333	0.3	2	2	5.44828	0.230383	0.113333	na	0.162556	
1.15816	-1.13806	1.00496	1.23877	1.09117	1.34636	-0.34023	0.157895	0.25	0.348762	na	0.466667	0.944828	0.165802	20	0	0	5.0484	6.72644	7.06667	0.451685	-0.104444	0.133333	0.166667	2	2	6.89655	1.06478	0.0866667	na	0.297334	
0.412442	0.196409	0.381243	0.45986	0.375274	0.468869	0.671264	0.0526316	0.1	0.14769	na	0.366667	0.875862	0.136166	20	0	0	5.0484	5.64598	4.97471	0.160853	0.206066	0.3	0.366667	2	4	5.31034	0.150917	0.153333	na	0.177117	
0.885261	-0.0377887	0.693103	0.886745	0.733224	0.94887	1.21379	0.210526	0.3	0.309293	na	0.4	0.887356	0.154008	20	0	0	5.0484	6.33103	5.11724	0.345253	0.372612	0.266667	0.3	2	3	5.72414	0.389317	0.142222	na	0.157952	
-0.223799	-1.93094	0.693103	0.471445	0.733224	0.491134	2.06897	0	0	0.146587	na	0.433333	0.910345	0.114094	20	0	0	5.0484	4.72414	2.65517	-0.0872822	0.635135	0.233333	0.3	2	3	3.68966	-0.782815	0.12	na	0.211679	
0.0697287	-1.55465	0.693103	0.58136	0.733224	0.61228	1.1954	0.263158	0.45	0.371044	na	0.433333	0.921839	0.124642	20	0	0	5.0484	5.14943	3.95402	0.0271943	0.366967	0.2	0.333333	2	3	4.55172	-0.286149	0.108889	na	0.194196	
0.72977	-0.177647	0.0693824	0.328853	0.0173236	0.31498	0.625287	0.157895	0.25	0.263453	na	0.4	0.887356	0.145508	20	0	0	5.0484	6.10575	5.48046	0.284612	0.191952	0.266667	0.366667	2	5	5.7931	0.42905	0.142222	na	0.16378	
-0.525261	-3.25992	0.0693824	-0.141107	0.0173236	-0.203002	-1.70115	0.157895	0.25	0.202046	na	0.466667	0.875862	0.100592	20	0	0	5.0484	4.28736	5.98851	-0.204853	-0.522222	0.333333	0.366667	2	5	5.13793	0.0515836	0.153333	na	0.233244	
-1.09804	-3.45454	-0.554338	-0.855256	-0.340627	-0.724259	-7.29195	0.263158	0.35	0.326515	na	0.433333	0.905747	0.0808566	20	0	0	5.0484	3.45747	10.7494	-0.428236	-2.2385	0.233333	0.366667	2	6	7.10345	1.18398	0.124444	na	0.578457	
-1.06154	-5.57047	-0.866198	-1.09142	-1.05653	-1.27891	2.81379	0.0526316	0.1	0.0973228	na	0.5	0.924138	0.081821	20	0	0	5.0484	3.51034	0.696552	-0.414004	0.863783	0.233333	0.266667	2	8	2.10345	-1.69668	0.106667	na	0.569745	
0.336284	-3.72184	0.381243	0.431341	0.375274	0.437436	0.864368	0.105263	0.15	0.17032	na	0.533333	0.947126	0.132816	20	0	0	5.0484	5.53563	4.67126	0.131151	0.265345	0.133333	0.166667	2	4	5.10345	0.031717	0.0844444	na	0.180648	
1.65319	1.29342	1.31682	1.67397	1.44912	1.83553	2.88736	0.105263	0.2	0.273705	na	0.366667	0.871264	0.184644	20	0	0	5.0484	7.44368	4.55632	0.644748	0.886366	0.3	0.3	2	1	6	0.54825	0.157778	na	0.134342	
-1.4233	-3.23514	-2.11364	-2.22622	-2.13038	-2.28279	-2.23448	0.105263	0.2	0.162233	na	0.4	0.873563	0.0790813	20	0	0	5.0484	2.98621	5.22069	-0.555089	-0.685946	0.266667	0.4	2	11	4.10345	-0.544416	0.155556	na	0.334873	
0.537787	-0.357562	-0.554338	-0.242704	-0.698577	-0.333971	1.65517	0.105263	0.15	0.171855	na	0.4	0.896552	0.138116	20	0	0	5.0484	5.82759	4.17241	0.209738	0.508108	0.2	0.3	2	7	5	-0.0278829	0.133333	na	0.171598	
1.38505	1.07072	0.693103	1.0739	0.733224	1.15515	-0.717241	0.315789	0.4	0.406143	na	0.366667	0.882759	0.172034	20	0	0	5.0484	7.05517	7.77241	0.540173	-0.22018	0.266667	0.333333	2	3	7.41379	1.36278	0.146667	na	0.14174	
