

Number of valid iterations:
	TD	Fs	FD*	FF*	FD	FF	H	B	Q	ZA	Fst	Kw	Hw	R2	S	pi_w	pi_b	thetaWatt	thetaTaj	thetaFW	D/Dmin	Hnorm	maxhap	maxhap1	Rm	ThetaFL	ThetaL	ZengE
locus_0	1000	1000	1000	1000	1000	1000	1000	1000	1000	1000	0	1000	1000	1000	1000	1000	1000	1000	1000	1000	1000	1000	1000	1000	1000	1000	1000	1000	1000	0	1000
locus_1	1000	1000	1000	1000	1000	1000	1000	998	998	998	0	1000	1000	1000	1000	1000	1000	1000	1000	1000	1000	1000	1000	1000	1000	1000	1000	1000	1000	0	1000
locus_2	1000	1000	1000	1000	1000	1000	1000	1000	1000	1000	0	1000	1000	1000	1000	1000	1000	1000	1000	1000	1000	1000	1000	1000	1000	1000	1000	1000	1000	0	1000
locus_3	1000	1000	1000	1000	1000	1000	1000	1000	1000	1000	0	1000	1000	1000	1000	1000	1000	1000	1000	1000	1000	1000	1000	1000	1000	1000	1000	1000	1000	0	1000
average	1000	1000	1000	1000	1000	1000	1000	1000	1000	1000	0	1000	1000	1000	1000	1000	1000	1000	1000	1000	1000	1000	1000	1000	1000	1000	1000	1000	1000	0	1000
variance	1000	1000	1000	1000	1000	1000	1000	1000	1000	1000	0	1000	1000	1000	1000	1000	1000	1000	1000	1000	1000	1000	1000	1000	1000	1000	1000	1000	1000	0	1000

PERCENTILES:

locus_0

	TD	Fs	FD*	FF*	FD	FF	H	B	Q	ZA	Fst	Kw	Hw	R2	S	pi_w	pi_b	thetaWatt	thetaTaj	thetaFW	D/Dmin	Hnorm	maxhap	maxhap1	Rm	ThetaFL	ThetaL	ZengE
 0.1%	-1.96053	-14.1945	-3.39974	-3.38793	-4.11929	-4.00027	-23.8161	0	0	0.00438926	na	0.333333	0.783908	0.0488417	14	0	0	3.53388	2.05747	0.218391	-0.745819	-3.54427	0.0666667	0.1	0	1	1.13793	-2.04876	0.0444444	na	0.0421104
 1.0%	-1.5356	-9.87823	-2.08972	-2.17711	-2.30991	-2.31705	-12.3862	0	0	0.0409636	na	0.366667	0.834483	0.0672363	18	0	0	4.54356	3.44368	1.23218	-0.586152	-1.91981	0.1	0.1	0	3	2.62069	-1.65246	0.0533333	na	0.055414
 2.5%	-1.39165	-8.11558	-1.81008	-1.88986	-1.92488	-2.0064	-9.95862	0	0	0.0633919	na	0.4	0.864368	0.0709494	21	0	0	5.30082	4.26207	2.0046	-0.519405	-1.55891	0.1	0.133333	1	3	3.44828	-1.4431	0.0555556	na	0.0620719
 5.0%	-1.2558	-6.92135	-1.48992	-1.58569	-1.52726	-1.64885	-7.45747	0.0238095	0.0465116	0.0825042	na	0.433333	0.88046	0.0774542	23	0	0	5.80566	4.71724	2.84598	-0.465519	-1.19521	0.1	0.133333	1	4	4.13793	-1.28114	0.0577778	na	0.0695555
10.0%	-0.995806	-5.70884	-1.09957	-1.15808	-1.22329	-1.28083	-5.25977	0.0357143	0.0666667	0.10981	na	0.466667	0.896552	0.0861727	27	0	0	6.81534	5.53103	3.82759	-0.368507	-0.876523	0.1	0.133333	1	5	5.17241	-1.03811	0.0622222	na	0.0773058
25.0%	-0.547105	-3.65926	-0.551886	-0.580206	-0.616905	-0.669326	-1.85747	0.0714286	0.122449	0.152673	na	0.5	0.924138	0.100076	32	0	0	8.07743	7.17471	6.2046	-0.200446	-0.306522	0.133333	0.166667	2	7	6.96552	-0.601665	0.0733333	na	0.0950612
50.0%	-0.0842218	-1.95515	-0.0492385	-0.0611019	-0.0636814	-0.0631585	0.956322	0.121951	0.2	0.210551	na	0.566667	0.944828	0.116436	39	0	0	9.84437	9.55862	9.09195	-0.0313846	0.168173	0.166667	0.2	3	10	9.44828	-0.153808	0.0866667	na	0.129349
75.0%	0.377179	-0.497002	0.480935	0.467834	0.510494	0.510249	2.74943	0.181818	0.272727	0.266784	na	0.633333	0.958621	0.132437	46	0	0	11.6113	12.0184	12.5172	0.138363	0.489839	0.233333	0.266667	4	13	12.1379	0.387653	0.104444	na	0.187419
90.0%	0.767085	0.613238	0.833971	0.874088	0.929523	0.964686	4.08276	0.235294	0.341463	0.327339	na	0.7	0.970115	0.147114	53	0	0	13.3783	14.4299	16.6437	0.285473	0.712426	0.266667	0.333333	5	16	14.931	0.892146	0.131111	na	0.29029
95.0%	1.03056	1.49059	1.04028	1.11321	1.18503	1.24347	4.69885	0.28	0.381818	0.365144	na	0.7	0.974713	0.155636	57	0	0	14.3879	16.1218	19.292	0.375698	0.828236	0.3	0.366667	6	18	16.7586	1.15509	0.146667	na	0.366779
97.5%	1.24015	2.04045	1.15819	1.27885	1.31919	1.42243	5.21379	0.310345	0.42	0.399633	na	0.733333	0.977011	0.164877	62	0	0	15.65	18.0391	21.2184	0.467603	0.92238	0.333333	0.4	6	20	18.9655	1.40978	0.164444	na	0.463753
99.0%	1.52135	2.97817	1.33447	1.47268	1.52193	1.68076	6.37241	0.333333	0.459459	0.424493	na	0.766667	0.97931	0.175516	67	0	0	16.9121	20.8368	23.6713	0.556934	0.98376	0.366667	0.433333	7	23	20.931	1.63258	0.191111	na	0.654874
99.9%	1.7793	5.77691	1.51164	1.76818	1.73645	2.02403	8.78161	0.381818	0.5	0.460026	na	0.833333	0.986207	0.183908	72	0	0	18.1742	23.7471	29.3402	0.650848	1.03958	0.433333	0.533333	9	27	23.8621	2.06252	0.226667	na	1.23113

locus_1

	TD	Fs	FD*	FF*	FD	FF	H	B	Q	ZA	Fst	Kw	Hw	R2	S	pi_w	pi_b	thetaWatt	thetaTaj	thetaFW	D/Dmin	Hnorm	maxhap	maxhap1	Rm	ThetaFL	ThetaL	ZengE
 0.1%	-2.06269	-7.04324	-2.43631	-2.64296	-2.91358	-3.17489	-26.4889	na	na	na	na	0.2	0.2	0.0722222	1	0	0	0.353486	0.2	0.0222222	-1	-4.9354	0.1	0.2	0	0	0.111111	-2.1817	0.1	na	0.12894
 1.0%	-1.92458	-4.19911	-2.25115	-2.44486	-2.48032	-2.68661	-13.2444	0	0	0.0294312	na	0.3	0.511111	0.0996454	3	0	0	1.06046	0.755556	0.222222	-1	-3.22093	0.2	0.2	0	0	0.666667	-2.00432	0.12	na	0.147541
 2.5%	-1.76515	-3.40736	-2.02458	-2.2227	-2.108	-2.34254	-9.51111	0	0	0.0452675	na	0.3	0.533333	0.106259	4	0	0	1.41394	1.15556	0.355556	-0.921403	-2.73159	0.2	0.2	0	0	0.888889	-1.73432	0.14	na	0.168539
 5.0%	-1.60453	-2.83264	-1.83464	-1.98965	-1.75886	-2.02172	-6.22222	0	0	0.0790883	na	0.4	0.644444	0.113807	5	0	0	1.76743	1.44444	0.533333	-0.820744	-1.95753	0.2	0.3	0	1	1.11111	-1.54054	0.14	na	0.197368
10.0%	-1.33704	-2.13417	-1.51001	-1.6087	-1.41138	-1.62357	-3.64444	0	0	0.128289	na	0.4	0.666667	0.123128	6	0	0	2.12091	1.91111	0.933333	-0.688158	-1.257	0.2	0.3	0	1	1.55556	-1.29268	0.16	na	0.238095
25.0%	-0.756005	-1.14311	-0.767765	-0.833635	-0.89438	-0.977154	-0.888889	0.1	0.181818	0.216677	na	0.5	0.777778	0.142378	9	0	0	3.18137	2.86667	1.97778	-0.391909	-0.284732	0.3	0.4	0	2	2.55556	-0.805977	0.18	na	0.333333
50.0%	-0.105387	0.0235279	0.0311011	0.0157622	-0.0535022	-0.0932568	0.8	0.2	0.307692	0.327267	na	0.6	0.866667	0.165158	13	0	0	4.59531	4.31111	3.8	-0.0516674	0.352065	0.3	0.4	0	4	4.22222	-0.200828	0.22	na	0.535714
75.0%	0.527643	1.18966	0.623123	0.671696	0.604549	0.707003	1.68889	0.35	0.444444	0.46262	na	0.7	0.911111	0.191376	18	0	0	6.36274	6.33333	6.91111	0.277502	0.709701	0.4	0.6	0	7	6.44444	0.520518	0.3	na	0.985401
90.0%	1.10727	2.45839	1.05395	1.12962	1.18223	1.28542	2.4	0.545455	0.6	0.609657	na	0.8	0.933333	0.217176	23	0	0	8.13017	8.66667	10.4222	0.556424	0.910263	0.5	0.7	0	10	9.33333	1.17717	0.4	na	1.51007
95.0%	1.46985	3.43593	1.23914	1.38778	1.36393	1.65169	2.93333	0.633971	0.6875	0.698854	na	0.8	0.955556	0.233197	28	0	0	9.8976	10.5556	13.4444	0.737403	0.988162	0.6	0.7	0	12	11.2222	1.53499	0.42	na	1.95652
97.5%	1.70643	4.68165	1.35854	1.5552	1.5548	1.83677	3.46667	0.717143	0.75	0.775596	na	0.8	0.955556	0.246641	31	0	0	10.9581	12.2444	16.7778	0.8661	1.04199	0.7	0.8	0	13	13.3333	1.94322	0.52	na	2.49186
99.0%	1.98863	5.67309	1.49945	1.73845	1.71785	2.05504	4.08889	0.811404	0.85641	0.852608	na	0.9	0.977778	0.259674	35	0	0	12.372	14.8444	19.3111	1.02697	1.12291	0.7	0.8	0	15	15.8889	2.62072	0.54	na	3.33333
99.9%	2.22784	7.40536	1.5716	1.92096	1.87357	2.34542	6.48889	na	na	na	na	1	1	0.3	45	0	0	15.9069	18.7333	33.9111	1.18416	1.20535	0.9	1	0	19	23	3.56305	0.82	na	5

locus_2

	TD	Fs	FD*	FF*	FD	FF	H	B	Q	ZA	Fst	Kw	Hw	R2	S	pi_w	pi_b	thetaWatt	thetaTaj	thetaFW	D/Dmin	Hnorm	maxhap	maxhap1	Rm	ThetaFL	ThetaL	ZengE
 0.1%	-1.71494	-9.38277	-2.39662	-2.56201	-2.90044	-3.04332	-36.6304	0.010989	0.0217391	0.0944527	na	0.583333	0.927536	0.0649919	70	0	0	18.7452	12.8841	11.3406	-0.630025	-1.75772	0.0416667	0.0833333	3	10	13.3913	-1.36606	0.0416667	na	0.0217563
 1.0%	-1.05558	-6.74255	-1.28699	-1.32473	-1.51224	-1.58624	-25.1522	0.047619	0.0849057	0.116801	na	0.666667	0.949275	0.0864649	84	0	0	22.4942	18.8696	13.058	-0.384225	-1.26775	0.0416667	0.0833333	5	15	17.2174	-1.19972	0.0416667	na	0.0244486
 2.5%	-0.877083	-5.46325	-1.12685	-1.15744	-1.25612	-1.30137	-21.558	0.0612245	0.103093	0.136377	na	0.708333	0.960145	0.0915754	90	0	0	24.101	21.3043	16.6486	-0.319534	-1.07569	0.0833333	0.0833333	6	17	20.0435	-1.02696	0.0451389	na	0.0265334
 5.0%	-0.761918	-4.80141	-0.903354	-0.947392	-1.02126	-1.08106	-15.5362	0.0714286	0.122449	0.153233	na	0.708333	0.963768	0.0950941	96	0	0	25.7077	22.5906	19.6812	-0.276604	-0.857641	0.0833333	0.0833333	6	20	22.1304	-0.852476	0.0451389	na	0.029909
10.0%	-0.603725	-3.75443	-0.663048	-0.707646	-0.719155	-0.806897	-11.8261	0.0878378	0.147541	0.171499	na	0.75	0.971014	0.101846	104	0	0	27.85	25.4167	22.4457	-0.220779	-0.601481	0.0833333	0.0833333	7	23	24.7826	-0.653274	0.0486111	na	0.0354164
25.0%	-0.321257	-2.58068	-0.323368	-0.343545	-0.373646	-0.411464	-4.95652	0.113821	0.181818	0.202332	na	0.791667	0.978261	0.112	116	0	0	31.0635	29.442	28.0978	-0.117038	-0.250794	0.0833333	0.0833333	9	28	29.3043	-0.347888	0.0520833	na	0.0528533
50.0%	-0.0271823	-1.21452	0.0049639	0.000246683	0.00934315	0.00307172	1.02174	0.151515	0.225806	0.240523	na	0.833333	0.985507	0.122504	130	0	0	34.8125	34.6413	34.2717	-0.00987448	0.0509646	0.0833333	0.125	11	34	34.4348	-0.00843813	0.0555556	na	0.0759633
75.0%	0.265228	-0.107014	0.318781	0.330163	0.37204	0.378146	5.31159	0.188976	0.273438	0.285058	na	0.916667	0.98913	0.133602	145	0	0	38.8293	39.8225	41.6413	0.0966877	0.272242	0.125	0.125	12	40	40.3478	0.330337	0.0625	na	0.11112
90.0%	0.554933	0.944726	0.608453	0.648967	0.724576	0.751512	9.24638	0.229885	0.31746	0.32613	na	0.916667	0.992754	0.144623	160	0	0	42.8461	45.0145	48.808	0.201612	0.490004	0.166667	0.166667	14	48	45.9565	0.620319	0.0694444	na	0.155126
95.0%	0.699884	1.50949	0.758299	0.782272	0.908909	0.946542	11.5435	0.255319	0.35	0.347637	na	0.958333	0.996377	0.149833	166	0	0	44.4529	47.6196	54.3152	0.254191	0.576538	0.166667	0.208333	15	52	49.8696	0.812446	0.0763889	na	0.187576
97.5%	0.84	1.89864	0.851766	0.957777	1.01189	1.10528	13.058	0.274074	0.36646	0.369672	na	0.958333	0.996377	0.154877	175	0	0	46.863	50.3949	59.2899	0.304889	0.649489	0.208333	0.208333	16	56	52.2609	0.98399	0.0798611	na	0.229923
99.0%	0.954367	2.43201	1.03433	1.07866	1.21	1.24411	15.413	0.309859	0.384615	0.397602	na	1	1	0.159325	184	0	0	49.2731	53.9674	64.6703	0.347335	0.731082	0.208333	0.25	17	61	54.3913	1.1468	0.0868056	na	0.286406
99.9%	1.14033	3.91796	1.25399	1.33922	1.48665	1.56143	17.1739	0.40566	0.487805	0.492657	na	1	1	0.167391	198	0	0	53.0221	59.3551	70.221	0.413438	0.879764	0.25	0.291667	19	74	61.1304	1.52111	0.0972222	na	0.442662

locus_3

	TD	Fs	FD*	FF*	FD	FF	H	B	Q	ZA	Fst	Kw	Hw	R2	S	pi_w	pi_b	thetaWatt	thetaTaj	thetaFW	D/Dmin	Hnorm	maxhap	maxhap1	Rm	ThetaFL	ThetaL	ZengE
 0.1%	-1.49078	-9.88068	-1.83217	-1.98289	-2.32149	-2.40047	-13.0606	0	0	0.0509589	na	0.583333	0.772727	0.0795755	9	0	0	2.98025	2.48485	1.10606	-0.699069	-2.61968	0.0833333	0.0833333	0	1	2.27273	-1.67708	0.0833333	na	0.0661986
 1.0%	-1.25127	-7.63688	-1.35788	-1.49271	-1.63736	-1.78073	-7.48485	0	0	0.0829862	na	0.666667	0.893939	0.0917207	13	0	0	4.30481	3.81818	2.60606	-0.575216	-1.82044	0.0833333	0.0833333	1	2	3.36364	-1.55292	0.0833333	na	0.0740741
 2.5%	-1.06483	-6.91016	-1.20301	-1.3232	-1.39951	-1.52852	-6.45455	0	0	0.104672	na	0.666667	0.909091	0.0952846	15	0	0	4.96709	4.4697	3.09091	-0.484955	-1.28723	0.0833333	0.0833333	1	3	4.09091	-1.30096	0.0833333	na	0.0812808
 5.0%	-0.902656	-6.21981	-1.01607	-1.08456	-1.18659	-1.34605	-4.9697	0	0	0.124881	na	0.75	0.939394	0.100809	16	0	0	5.29823	4.92424	3.75758	-0.414756	-1.06403	0.0833333	0.0833333	2	4	4.72727	-1.09724	0.0833333	na	0.0891892
10.0%	-0.698286	-5.73698	-0.77635	-0.849807	-0.927712	-1.02099	-3.60606	0.04	0.0769231	0.152043	na	0.75	0.939394	0.111074	18	0	0	5.96051	5.57576	4.54545	-0.315667	-0.796923	0.0833333	0.166667	2	4	5.45455	-0.896416	0.0833333	na	0.0988024
25.0%	-0.370038	-4.41382	-0.403733	-0.438283	-0.490135	-0.522307	-1.66667	0.0810811	0.148148	0.197565	na	0.833333	0.969697	0.125229	21	0	0	6.95392	6.87879	5.93939	-0.167219	-0.370236	0.166667	0.166667	3	6	6.63636	-0.496057	0.0972222	na	0.12
50.0%	-0.0534575	-3.17089	-0.057839	-0.0570827	-0.0127042	-0.0638316	0.393939	0.125	0.222222	0.251765	na	0.916667	0.984848	0.14063	25	0	0	8.27848	8.21212	8.12121	-0.0240845	0.0821474	0.166667	0.166667	4	8	8.27273	-0.0377867	0.0972222	na	0.157895
75.0%	0.280332	-2.00475	0.303069	0.328782	0.370579	0.398487	1.81818	0.1875	0.310345	0.311951	na	0.916667	0.984848	0.156205	29	0	0	9.60304	9.89394	10.6364	0.127698	0.403349	0.166667	0.25	5	11	10.0909	0.413719	0.111111	na	0.231986
90.0%	0.617723	-1.1298	0.666063	0.71636	0.77836	0.861019	3	0.242424	0.390244	0.375376	na	1	1	0.171839	34	0	0	11.2587	11.4848	13.0303	0.279076	0.650333	0.25	0.25	7	14	11.8182	0.907216	0.138889	na	0.305085
95.0%	0.783219	-0.509603	0.797702	0.882133	0.944389	1.04147	3.66667	0.28	0.444444	0.396247	na	1	1	0.182125	37	0	0	12.2522	12.6364	14.4545	0.356703	0.767719	0.25	0.333333	7	15	12.8182	1.10833	0.138889	na	0.369403
97.5%	0.942305	0.00924678	0.908553	1.00245	1.16186	1.27159	4.27273	0.307692	0.482759	0.420513	na	1	1	0.18787	39	0	0	12.9144	13.5758	15.6364	0.427888	0.876665	0.25	0.333333	8	16	14.3636	1.37439	0.166667	na	0.424437
99.0%	1.0171	0.569502	1.09856	1.15172	1.28686	1.43515	4.81818	0.333333	0.52	0.442964	na	1	1	0.193456	43	0	0	14.239	14.803	17.4242	0.456233	0.93975	0.333333	0.416667	9	18	15.5455	1.71637	0.180556	na	0.514286
99.9%	1.41574	1.28423	1.24553	1.45498	1.64962	1.79604	5.27273	0.37037	0.576923	0.507667	na	1	1	0.207805	50	0	0	16.557	16.8636	23.7121	0.639768	1.00319	0.5	0.583333	11	24	18.1818	2.13584	0.291667	na	0.651852

average

	TD	Fs	FD*	FF*	FD	FF	H	B	Q	ZA	Fst	Kw	Hw	R2	S	pi_w	pi_b	thetaWatt	thetaTaj	thetaFW	D/Dmin	Hnorm	maxhap	maxhap1	Rm	ThetaFL	ThetaL	ZengE
 0.1%	-1.02317	-5.55855	-1.23215	-1.30934	-1.34397	-1.51501	-9.4148	0.0238095	0.0374016	0.0797888	na	0.56875	0.769738	0.0968078	33.75	0	0	9.56223	7.04814	6.63188	-0.453915	-1.47679	0.116667	0.141667	2.25	7.25	7.79788	-1.20991	0.0774306	na	0.100929
 1.0%	-0.819914	-4.31806	-0.976577	-1.01525	-0.960611	-1.05957	-7.20864	0.0558405	0.0922153	0.152075	na	0.610417	0.836126	0.108247	38.5	0	0	10.7549	9.88443	8.0745	-0.369639	-0.957344	0.133333	0.1625	2.5	8.25	9.54672	-0.895557	0.0873264	na	0.113063
 2.5%	-0.687804	-3.82481	-0.794321	-0.875989	-0.798465	-0.882715	-6.00003	0.0719708	0.114716	0.168315	na	0.629167	0.858315	0.113896	40.75	0	0	11.3515	10.2208	9.002	-0.321475	-0.804982	0.141667	0.175	3	9	10.0401	-0.766061	0.0910069	na	0.128881
 5.0%	-0.622769	-3.39676	-0.666428	-0.7219	-0.699034	-0.778076	-4.87338	0.0866379	0.139312	0.181917	na	0.645833	0.872814	0.116316	42	0	0	11.7222	10.7325	9.72503	-0.280983	-0.623331	0.145833	0.183333	3.25	10.25	10.6401	-0.668617	0.094375	na	0.138566
10.0%	-0.499864	-2.96337	-0.549602	-0.593624	-0.580639	-0.648856	-3.42714	0.0986374	0.159322	0.197279	na	0.664583	0.895515	0.120556	44.25	0	0	12.3582	11.5958	10.7286	-0.223995	-0.447217	0.15625	0.197917	3.5	11.25	11.3885	-0.524171	0.0982986	na	0.153639
25.0%	-0.317571	-2.37755	-0.311959	-0.338301	-0.355425	-0.399349	-1.65008	0.124677	0.196627	0.227292	na	0.689583	0.920968	0.127518	48	0	0	13.3937	12.8546	12.3236	-0.138618	-0.185789	0.175	0.21875	4	12.75	12.8032	-0.32107	0.107014	na	0.191679
50.0%	-0.0756941	-1.65117	-0.0557772	-0.0664017	-0.0655756	-0.0933349	0.188111	0.158834	0.242623	0.264194	na	0.725	0.940794	0.136829	52	0	0	14.4812	14.3673	14.3002	-0.0402867	0.0531804	0.2	0.247917	4.5	14.5	14.4257	-0.0772448	0.11941	na	0.252633
75.0%	0.168996	-1.04824	0.191969	0.194185	0.197557	0.221642	1.71518	0.203913	0.290404	0.30061	na	0.75625	0.954092	0.146745	56.75	0	0	15.7803	15.946	16.7488	0.0785768	0.258234	0.229167	0.279167	5	16.5	16.2257	0.181582	0.137083	na	0.354259
90.0%	0.392721	-0.436221	0.385259	0.425783	0.433917	0.477805	2.82776	0.245211	0.334569	0.345634	na	0.785417	0.963687	0.154605	60.75	0	0	16.8873	17.6411	19.0432	0.176399	0.405936	0.258333	0.314583	5.75	18.5	17.9957	0.43591	0.159896	na	0.498939
95.0%	0.503905	-0.111789	0.50301	0.55232	0.567516	0.631255	3.49454	0.272817	0.364959	0.366302	na	0.8	0.967597	0.1585	63.25	0	0	17.7255	18.6963	20.6974	0.238076	0.483381	0.279167	0.335417	6	19.75	19.0095	0.562309	0.179722	na	0.601943
97.5%	0.600545	0.293879	0.60045	0.668334	0.678354	0.742616	4.17419	0.296922	0.388896	0.387603	na	0.8125	0.971552	0.163935	66	0	0	18.4272	19.506	21.5609	0.272262	0.55741	0.295833	0.35	6.25	21	19.7916	0.705062	0.192083	na	0.74473
99.0%	0.710799	0.728881	0.717209	0.755401	0.817456	0.896283	4.90753	0.323167	0.40974	0.418568	na	0.825	0.974103	0.168114	69.5	0	0	19.5162	20.4659	22.856	0.320616	0.606798	0.3125	0.3625	6.75	22.25	20.937	0.822703	0.209306	na	0.944752
99.9%	1.01744	1.39403	0.866885	0.934198	1.06502	1.11281	5.70535	0.389704	0.469437	0.458156	na	0.85625	0.981139	0.176604	76.5	0	0	21.4261	22.5611	24.8079	0.437071	0.732582	0.339583	0.402083	8	24.75	22.8137	1.16537	0.257014	na	1.33292

variance

	TD	Fs	FD*	FF*	FD	FF	H	B	Q	ZA	Fst	Kw	Hw	R2	S	pi_w	pi_b	thetaWatt	thetaTaj	thetaFW	D/Dmin	Hnorm	maxhap	maxhap1	Rm	ThetaFL	ThetaL	ZengE
 0.1%	0.00159598	0.0130601	0.00259503	0.00786318	0.00694421	0.0130584	0.0748244	6.86661e-05	8.61768e-06	7.14443e-05	na	0.000833333	1.02865e-05	1.09884e-05	530.25	0	0	28.5099	16.0405	8.69082	0.000326495	0.00252522	0.000277778	0.000341435	2.91667	4.66667	12.0265	0.00595517	0.000252963	na	0.000567384
 1.0%	0.0138164	0.257559	0.0146611	0.0247314	0.0222999	0.0289232	0.504233	0.000297942	0.000490634	0.000504335	na	0.00441551	0.000128026	4.86298e-05	897.583	0	0	54.1961	34.626	18.7026	0.00273003	0.013137	0.000943287	0.00210069	4.91667	20.6667	28.2897	0.025702	0.00072374	na	0.00182433
 2.5%	0.0298814	0.477389	0.0310599	0.0407239	0.043713	0.0583625	0.904739	0.000775581	0.0013245	0.000735173	na	0.00710648	0.00025285	7.62712e-05	1116.33	0	0	70.6047	55.0589	33.0695	0.00480326	0.0207296	0.00117477	0.0032581	6.25	35.5833	45.9669	0.0431784	0.00110372	na	0.00316837
 5.0%	0.0453364	0.747867	0.0532606	0.0636642	0.0683754	0.0886675	1.53461	0.00110968	0.00193723	0.00133682	na	0.00969907	0.000412404	0.000138637	1362.92	0	0	88.0962	65.712	46.683	0.00790759	0.0357314	0.00222222	0.00525463	8.25	48.3333	60.4348	0.0595381	0.00133439	na	0.00473402
10.0%	0.0742247	1.22525	0.0919647	0.0985451	0.110904	0.132577	2.61392	0.00181306	0.00294082	0.00234637	na	0.0141667	0.000664267	0.000212017	1612.92	0	0	103.909	84.6841	66.4188	0.0138566	0.0637053	0.00303241	0.00589699	10	68.25	81.0597	0.0952036	0.00175596	na	0.00753238
25.0%	0.163901	2.48615	0.175716	0.200911	0.236792	0.267922	6.16699	0.00381512	0.00691037	0.00462211	na	0.0230729	0.00143571	0.000432901	2134.25	0	0	140.146	127.478	116.769	0.0308573	0.133685	0.00677662	0.0121296	14	118.25	127.219	0.209317	0.00285803	na	0.0152728
50.0%	0.338736	4.78054	0.374055	0.443301	0.449257	0.541293	14.2	0.00810916	0.01475	0.00963875	na	0.0353414	0.00357571	0.000847833	2803.58	0	0	188.712	188.925	196.036	0.0675332	0.271461	0.0108102	0.0197396	20.6667	186.917	191.901	0.418773	0.00548577	na	0.0488165
75.0%	0.600399	8.71016	0.680831	0.800294	0.808624	0.950883	30.8384	0.0164912	0.0264885	0.0190773	na	0.0500926	0.00862717	0.00159319	3667.67	0	0	249.992	272.93	302.958	0.121886	0.547611	0.0224074	0.0402025	28.25	284.25	283.226	0.730959	0.0113162	na	0.183076
90.0%	0.90202	13.5463	1.08468	1.25357	1.2433	1.54401	60.5812	0.0443213	0.0462214	0.0398181	na	0.0664062	0.0214863	0.00261531	4623	0	0	316.426	361.404	437.292	0.191078	0.975727	0.0405556	0.0687674	38.25	424.917	377.659	1.13008	0.0237335	na	0.480239
95.0%	1.1434	17.4252	1.38664	1.58136	1.6955	1.98344	87.9835	0.0620805	0.0620265	0.0548479	na	0.0772396	0.0285412	0.00332589	5122.92	0	0	353.255	417.638	568.717	0.249646	1.4394	0.0594155	0.0830324	44.9167	498.25	455.783	1.38577	0.0301887	na	0.877838
97.5%	1.33215	20.7717	1.57259	1.81746	2.01616	2.39476	125.556	0.0907554	0.0892824	0.0770021	na	0.0889062	0.0486316	0.00444651	5815.33	0	0	398.774	470.307	671.386	0.305463	2.10459	0.0780324	0.102656	51.3333	563	505.541	1.74673	0.0491763	na	1.34284
99.0%	1.47128	27.9005	1.7333	2.06933	2.34828	2.75669	181.54	0.121326	0.117101	0.105697	na	0.0997859	0.0556545	0.00506921	6346.25	0	0	439.483	541.477	846.478	0.339581	2.8347	0.0905556	0.114259	58	740.917	579.128	2.17536	0.0557578	na	2.37048
99.9%	1.85373	35.2445	2.24923	2.60421	2.77455	3.40594	312.584	0.20515	0.177866	0.157052	na	0.114259	0.144588	0.00727585	7809.67	0	0	540.381	721.544	1108.09	0.468691	5.96361	0.125758	0.163675	72.6667	1088.92	743.031	4.24076	0.132738	na	5.78875