Ttot[0]	Ttot[1]	Ttot[2]	Ttot[3]	
0.770275	0.364743	0.443108	0.330205	
0.773954	0.514749	0.470248	0.437461	
0.586847	0.518091	0.7582	0.372199	
0.629817	0.343683	0.621267	0.366017	
0.549523	0.569227	0.536295	0.480062	
0.775744	0.52849	0.566764	0.360168	
0.732893	0.472611	0.590503	0.358898	
0.66198	0.38759	0.470864	0.409407	
0.561516	0.333032	0.416347	0.571961	
0.913748	0.457715	0.389797	0.376203	
0.625068	0.430907	0.472436	0.325864	
0.639017	0.336992	0.533983	0.462352	
0.816731	0.47848	0.518784	0.431598	
0.844139	0.336654	0.549168	0.500641	
0.810813	0.685521	0.548378	0.415444	
0.530164	0.529299	0.45711	0.495146	
0.818472	0.38536	0.455756	0.40047	
0.555176	0.440386	0.545776	0.42524	
0.84103	0.403631	0.619773	0.442204	
0.674149	0.3574	0.754684	0.450173	
0.654105	0.400667	0.698771	0.504024	
0.780004	0.437254	0.504123	0.341315	
0.729142	0.584209	0.440393	0.37853	
0.615288	0.351112	0.516102	0.463099	
0.626308	0.313116	0.50787	0.390902	
0.516902	0.566631	0.455687	0.425317	
0.627842	0.60843	0.448109	0.46756	
0.719714	0.366762	0.604563	0.457583	
0.635475	0.45948	0.584737	0.284562	
0.850934	0.525935	0.539873	0.452157	
0.686016	0.836609	0.549821	0.488842	
0.667347	0.331785	0.591745	0.317489	
0.771254	0.735909	0.636898	0.479856	
0.703498	0.395222	0.671713	0.332264	
0.663867	0.696496	0.478068	0.335474	
0.749606	1.00996	0.53252	0.409141	
0.762236	0.315441	0.521082	0.549659	
0.560849	0.4837	0.537724	0.396765	
0.676046	0.326494	0.545567	0.358987	
0.834688	0.420425	0.535995	0.394654	
0.680571	0.420465	0.433799	0.371882	
0.602691	0.484367	0.56442	0.302202	
0.512308	0.513552	0.73256	0.349063	
0.79747	0.466013	0.528097	0.331959	
0.91821	0.354387	0.666393	0.385553	
0.609268	0.455541	0.478083	0.407117	
0.800274	0.356352	0.503947	0.370393	
0.692381	0.824886	0.488796	0.28521	
0.601442	0.504868	0.408248	0.338587	
0.546994	0.84293	0.637573	0.36031	
0.672674	0.470783	0.443639	0.446326	
0.713943	0.343042	0.445585	0.414589	
0.801865	0.259767	0.681728	0.401219	
0.485624	0.367937	0.606373	0.48677	
0.718835	0.519224	0.522148	0.301802	
0.767666	0.328917	0.549883	0.356383	
0.618365	0.63124	0.456041	0.298719	
0.775401	0.488535	0.589799	0.352004	
0.587016	0.560277	0.552156	0.423554	
0.653304	0.382842	0.606343	0.357699	
0.782338	0.396363	0.476467	0.423685	
0.717793	0.825518	0.465932	0.493468	
0.798479	0.584168	0.522404	0.355503	
0.471413	0.364254	0.509718	0.547966	
0.802205	0.816509	0.465865	0.439112	
0.745023	0.487597	0.749666	0.30211	
0.60326	0.393234	0.606586	0.3057	
0.688531	0.581372	0.541404	0.325671	
0.649456	0.537687	0.549174	0.493102	
1.01645	0.311812	0.579635	0.333728	
0.674089	0.365306	0.487102	0.436454	
0.735204	0.503911	0.51404	0.313508	
0.651946	0.348474	0.576995	0.355715	
0.757554	0.274859	0.516316	0.265204	
0.661186	0.620515	0.554986	0.353999	
0.773568	0.262549	0.708169	0.435793	
0.607429	0.50955	0.504745	0.315773	
0.854107	0.456997	0.713763	0.302321	
0.688312	0.441861	0.627388	0.369502	
0.646786	0.460222	0.581768	0.440392	
0.805616	0.539799	0.521817	0.362962	
1.02579	0.341197	0.594697	0.384588	
0.78748	0.791523	0.553475	0.351368	
0.656001	0.452559	0.681487	0.469355	
0.815904	0.405006	0.568404	0.296566	
0.705094	0.435533	0.551498	0.352746	
0.655904	0.548854	0.506174	0.44481	
0.702461	0.393708	0.512895	0.348513	
0.795203	0.357098	0.45425	0.481663	
0.575639	0.541835	0.54766	0.303486	
0.6697	0.617163	0.537328	0.486138	
0.772124	0.427784	0.464915	0.421908	
0.663755	0.258904	0.531285	0.387534	
0.626965	0.398694	0.500923	0.379832	
0.64305	0.47383	0.490361	0.429283	
0.498349	0.501154	0.489068	0.355218	
0.778497	0.444374	0.465374	0.325777	
0.795785	0.3914	0.595602	0.432534	
0.615114	0.327215	0.494455	0.358612	
0.718261	0.489585	0.576015	0.258216	
1.14166	0.518901	0.509737	0.530653	
0.807534	0.4719	0.604369	0.524458	
0.723983	0.483671	0.545704	0.309432	
0.583492	0.499881	0.529223	0.408102	
0.672804	0.353014	0.558735	0.44106	
0.692016	0.483215	0.456972	0.355219	
0.563945	0.523985	0.545342	0.410405	
0.70372	0.276346	0.455196	0.265438	
0.679419	0.303259	0.617054	0.394652	
0.655478	0.548892	0.495153	0.732367	
0.573513	0.791615	0.538031	0.430735	
0.770608	0.331694	0.570694	0.396121	
0.566265	0.313972	0.428777	0.368083	
1.12175	0.453485	0.465915	0.351227	
0.795966	0.321935	0.785416	0.310361	
0.686659	0.353718	0.458921	0.360623	
0.812441	0.381064	0.685095	0.37876	
0.667109	0.480017	0.676527	0.433533	
0.626399	0.405195	0.384655	0.452141	
0.639382	0.552084	0.585161	0.382017	
0.630836	0.435943	0.524213	0.277432	
0.636555	0.481555	0.522373	0.386517	
0.82957	0.420871	0.56314	0.345704	
0.630428	0.304126	0.450955	0.426577	
0.68286	0.394734	0.627003	0.472062	
0.704579	0.398991	0.456111	0.355818	
0.69025	0.450708	0.622159	0.3597	
0.736804	0.540223	0.564041	0.478648	
0.598601	0.492588	0.539003	0.344133	
0.825976	0.42572	0.490917	0.429328	
0.854017	0.489397	0.562434	0.277929	
0.622522	0.347346	0.541429	0.509992	
0.756204	0.332929	0.533829	0.331433	
0.91489	0.276663	0.521988	0.390407	
0.667902	0.60086	0.599725	0.429265	
0.840687	0.447776	0.656335	0.391424	
0.617414	0.420042	0.610883	0.407743	
0.562263	0.2503	0.493547	0.442092	
0.566314	0.461987	0.59653	0.437142	
0.655772	0.466	0.539966	0.388226	
0.604449	0.50168	0.552625	0.470234	
0.600337	0.365821	0.487577	0.304684	
0.651526	0.462696	0.60169	0.432165	
0.750308	0.412435	0.737442	0.319706	
0.731196	0.445835	0.514077	0.280499	
0.601192	0.417501	0.504012	0.298938	
0.512099	0.428203	0.483032	0.323178	
0.6313	0.621607	0.50501	0.549958	
0.746159	0.483156	0.448762	0.355126	
0.794275	0.337723	0.520671	0.467522	
0.59394	0.307272	0.667252	0.491105	
1.03962	0.450392	0.63105	0.404261	
0.656089	0.594592	0.775079	0.281589	
0.574704	0.699735	0.57305	0.332738	
0.708047	0.55432	0.6027	0.369191	
0.600303	0.912237	0.608892	0.343186	
0.685282	0.34452	0.675616	0.427995	
0.704148	0.317721	0.522404	0.337424	
0.754874	0.420167	0.6638	0.426019	
0.584287	0.415181	0.462726	0.335891	
0.998423	0.451845	0.517573	0.326397	
0.603514	0.353913	0.453211	0.411718	
0.625761	0.564906	0.4238	0.350084	
0.70841	0.387214	0.493291	0.463429	
0.754448	0.499672	0.488743	0.350781	
0.701167	0.236079	0.610903	0.366501	
0.652511	0.315087	0.462658	0.351249	
0.63756	0.48012	0.598744	0.384404	
0.514266	0.638065	0.59347	0.368153	
0.688478	0.504983	0.747667	0.31288	
0.778078	0.45009	0.589537	0.423269	
0.61485	0.277771	0.527959	0.380689	
0.75726	0.311747	0.522676	0.376213	
0.681174	0.511907	0.513132	0.276141	
0.647498	0.475007	0.401988	0.388788	
0.624301	0.442249	0.450138	0.360434	
0.618126	0.554939	0.649963	0.255312	
0.686557	0.42668	0.493475	0.418333	
0.610748	0.413884	0.614906	0.389522	
0.645454	0.37454	0.485466	0.527789	
0.659708	0.411029	0.445414	0.309712	
0.717176	0.284238	0.523668	0.279941	
0.780774	0.496186	0.400662	0.334187	
0.731142	0.3698	0.41907	0.400592	
0.575832	0.456035	0.417941	0.39841	
0.698301	0.424226	0.462258	0.309987	
0.561881	0.50509	0.541825	0.442445	
0.705637	0.39233	0.420586	0.34665	
0.799485	0.477862	0.661843	0.564919	
0.663686	0.479126	0.433192	0.489601	
0.656682	0.345661	0.626236	0.416405	
0.639727	0.466806	0.49886	0.398064	
0.756305	0.45952	0.566859	0.482195	
0.53588	0.277891	0.497033	0.398604	
0.606734	0.287221	0.535311	0.321598	
0.800884	0.710287	0.411777	0.330132	
0.761318	0.244137	0.430117	0.37676	
0.773612	0.408523	0.564219	0.263315	
0.865743	0.380505	0.574435	0.360338	
0.736183	0.374215	0.658572	0.326872	
0.703745	0.478443	0.501747	0.483329	
0.710595	0.453461	0.580064	0.480703	
0.769655	0.592614	0.505771	0.293398	
0.704894	0.320152	0.506219	0.415971	
0.712758	0.481923	0.507707	0.466642	
0.66067	0.394525	0.471769	0.534281	
0.686234	0.336854	0.524341	0.364168	
0.740659	0.367896	0.51799	0.337079	
0.839387	0.542253	0.592334	0.302329	
0.514141	0.43955	0.526658	0.279493	
0.860386	0.470748	0.493565	0.480872	
0.671789	0.592481	0.534669	0.50793	
0.638238	0.436564	0.550547	0.404726	
0.664625	0.263891	0.504383	0.516992	
0.639135	0.312307	0.507845	0.460973	
0.769079	0.570934	0.510619	0.450019	
0.841707	0.463566	0.653196	0.330287	
0.600488	0.541753	0.506024	0.488933	
0.604439	0.595955	0.511737	0.366224	
0.739434	0.275116	0.475262	0.367491	
0.701449	0.522051	0.45315	0.453822	
0.617642	0.309446	0.613424	0.333494	
0.582066	0.396634	0.600134	0.523118	
0.907752	0.425381	0.678743	0.308714	
0.674591	0.737543	0.498506	0.432307	
0.638967	0.677677	0.411553	0.391365	
0.699971	0.633678	0.539565	0.433103	
0.664742	0.464128	0.494232	0.373882	
0.765248	0.377938	0.627452	0.4179	
0.732177	0.513393	0.49882	0.390818	
0.681345	0.474276	0.588155	0.447056	
0.614087	0.470288	0.538632	0.473648	
0.847824	0.286575	0.538444	0.478865	
0.860431	0.411374	0.54845	0.381246	
0.656974	0.331399	0.513939	0.309632	
0.593145	0.45641	0.565528	0.370036	
0.889887	0.349991	0.711422	0.439028	
0.768585	0.336956	0.544591	0.421263	
0.676328	0.589158	0.541005	0.321046	
0.752523	0.489074	0.594366	0.317749	
0.981585	0.29636	0.442559	0.347974	
0.773062	0.381156	0.582998	0.423849	
0.715885	0.41129	0.535108	0.275443	
0.852629	0.330667	0.493278	0.425544	
1.06006	0.691436	0.518162	0.531768	
0.645753	0.498511	0.485711	0.285888	
0.974388	0.314135	0.447215	0.407226	
0.868748	0.383835	0.434708	0.384786	
0.681696	0.417912	0.489043	0.492397	
0.997917	0.437242	0.558244	0.300591	
0.617975	0.40584	0.570967	0.520886	
0.654013	0.39469	0.582518	0.36468	
0.854726	0.491505	0.498035	0.408241	
0.944953	0.692243	0.478504	0.416258	
0.715236	0.425394	0.501903	0.494464	
0.786784	0.278136	0.510141	0.494693	
0.643517	0.36923	0.596756	0.403764	
0.649642	0.330023	0.459871	0.421192	
0.829107	0.450167	0.516817	0.35366	
0.767234	0.450916	0.531502	0.423969	
0.670364	0.34937	0.761515	0.419578	
0.947891	0.371286	0.494242	0.367463	
0.636766	0.44571	0.47982	0.401885	
0.708651	0.570494	0.419181	0.333039	
0.60445	0.390995	0.633534	0.456894	
0.574501	0.494135	0.589781	0.453747	
0.765995	0.436318	0.501705	0.402715	
0.690942	0.350549	0.463778	0.45247	
0.584667	0.258052	0.786769	0.412566	
0.846612	0.424215	0.406273	0.424598	
0.574693	0.366632	0.454466	0.352175	
0.730201	0.307597	0.499309	0.519858	
0.637494	0.519882	0.471136	0.42376	
0.8047	0.46282	0.431031	0.342544	
0.69201	0.572487	0.528358	0.389622	
0.879355	0.322062	0.51803	0.347136	
0.648439	0.430127	0.60319	0.359223	
0.617218	0.496583	0.59411	0.354814	
0.678321	0.410581	0.604204	0.370844	
0.57358	0.492733	0.529836	0.275058	
0.597108	0.348096	0.672557	0.351645	
0.534776	0.533859	0.525604	0.421715	
0.724568	0.428328	0.599023	0.279864	
0.835437	0.48352	0.63757	0.403142	
0.600269	0.446283	0.604298	0.494008	
0.806204	0.451593	0.555059	0.342602	
0.624001	0.384434	0.410745	0.342758	
0.638273	0.534502	0.42184	0.224378	
0.646244	0.499448	0.561394	0.392389	
0.638644	0.460757	0.543863	0.400581	
0.696892	0.381309	0.552053	0.372064	
0.65021	0.379813	0.540711	0.429693	
0.846447	0.419082	0.519705	0.304728	
0.700626	0.436837	0.493194	0.371711	
0.825409	0.363035	0.60642	0.328484	
0.642086	0.380908	0.475666	0.346114	
0.495498	0.529292	0.613198	0.34721	
0.782153	0.342317	0.533578	0.402528	
1.05609	0.276895	0.497595	0.326068	
0.678975	0.476774	0.368647	0.625013	
0.661573	0.550184	0.608031	0.47159	
0.824864	0.392805	0.651546	0.430803	
0.599517	0.477879	0.468301	0.323488	
0.777091	0.323109	0.489885	0.445402	
0.90379	0.511185	0.63005	0.507162	
0.786014	0.426922	0.430429	0.300627	
0.718628	0.318484	0.511003	0.336978	
0.949725	0.450104	0.650904	0.452806	
0.719277	0.405627	0.470939	0.32899	
0.844732	0.459231	0.414072	0.395311	
0.533965	0.372583	0.852464	0.454002	
0.782682	0.29285	0.486108	0.371963	
0.777913	0.382539	0.699894	0.448253	
0.706121	0.337908	0.472414	0.352353	
0.672764	0.459015	0.698998	0.397013	
0.645208	0.387262	0.402002	0.438305	
0.764162	0.456445	0.447884	0.425322	
0.718494	0.550814	0.524254	0.311982	
0.977647	0.416544	0.493279	0.349	
0.884717	0.398161	0.522201	0.368557	
0.729555	0.360139	0.505529	0.429367	
0.83189	0.417377	0.594871	0.485812	
0.790207	0.441771	0.431503	0.488918	
0.739869	0.485598	0.491716	0.301885	
0.493586	0.362017	0.676422	0.457977	
0.727064	0.352747	0.592038	0.447999	
0.66791	0.446947	0.477376	0.778949	
0.663485	0.312651	0.611535	0.330983	
0.969351	0.335287	0.57993	0.346206	
0.793005	0.540174	0.517317	0.377377	
0.642069	0.375948	0.48056	0.449595	
0.59235	0.412298	0.420787	0.374553	
0.769774	0.362365	0.528163	0.311172	
0.670628	0.464942	0.501891	0.418219	
0.73842	0.42521	0.675509	0.401242	
0.647279	0.508738	0.51399	0.379628	
0.725114	0.571514	0.53232	0.323039	
0.728703	0.5817	0.700628	0.309623	
0.804173	0.598498	0.582033	0.317362	
0.813972	0.307206	0.473985	0.772522	
0.84073	0.386413	0.545685	0.48829	
0.86253	0.344416	0.53644	0.405192	
0.593369	0.399858	0.611123	0.350389	
0.65697	0.609784	0.44713	0.351843	
0.724909	0.388882	0.501786	0.484376	
0.614779	0.305518	0.562192	0.420691	
0.637057	0.351145	0.554159	0.584562	
0.74539	0.414503	0.835399	0.5338	
1.04877	0.33618	0.529394	0.46486	
0.632714	0.364492	0.648868	0.33849	
0.822152	0.281194	0.562399	0.490868	
0.607213	0.443111	0.507377	0.348487	
0.545187	0.63156	0.501462	0.511095	
0.581689	0.469083	0.498728	0.426191	
0.527762	0.507504	0.597553	0.351886	
0.597857	0.383815	0.391961	0.326919	
0.849778	0.465211	0.409339	0.453441	
0.694812	0.61877	0.400594	0.313642	
0.66935	0.547716	0.486861	0.426175	
0.706768	0.541266	0.520632	0.41264	
0.676421	0.359619	0.472083	0.388457	
0.736438	0.547942	0.611557	0.558362	
0.616079	0.418274	0.499248	0.310509	
0.679032	0.590916	0.559825	0.370255	
0.740838	0.511487	0.487575	0.53612	
0.70245	0.547907	0.467376	0.402544	
0.734085	0.31056	0.664965	0.397088	
0.610404	0.441768	0.528801	0.356976	
0.650313	0.426895	0.632965	0.314584	
0.875459	0.548959	0.460994	0.468237	
0.699195	0.469625	0.578321	0.34921	
0.977076	0.301758	0.396175	0.366763	
0.559361	0.463042	0.526951	0.411626	
0.659479	0.371901	0.505384	0.365942	
0.580873	0.449819	0.449946	0.472719	
0.66346	0.525095	0.645592	0.388718	
0.756213	0.585326	0.591895	0.429079	
0.569214	0.46486	0.614743	0.409265	
0.685778	0.411521	0.593945	0.383057	
0.819186	0.360484	0.783948	0.498546	
0.84766	0.376875	0.459567	0.484666	
0.792255	0.468671	0.524772	0.419216	
0.727997	0.356704	0.522533	0.350812	
0.77628	0.361178	0.517021	0.33381	
0.696701	0.271967	0.546573	0.35876	
0.593793	0.35608	0.512623	0.296157	
0.643269	0.3049	0.441653	0.342022	
0.571112	0.39735	0.493834	0.52525	
0.74427	0.653102	0.59427	0.396125	
0.759591	0.516123	0.499083	0.351437	
0.709452	0.244703	0.523973	0.360204	
0.836581	0.479276	0.516981	0.380795	
0.630029	0.402296	0.600576	0.434005	
0.899366	0.456115	0.603266	0.357599	
0.673299	0.422901	0.640878	0.351901	
0.641242	0.425631	0.600129	0.483423	
0.550824	0.460543	0.658996	0.470367	
0.799012	0.312197	0.455986	0.365226	
0.704578	0.510567	0.509148	0.331277	
0.591572	0.490591	0.556092	0.311265	
0.975935	0.650869	0.549797	0.383708	
0.914806	0.514788	0.581268	0.369041	
0.660082	0.4111	0.504683	0.432188	
0.621259	0.366145	0.575791	0.417689	
0.636102	0.503392	0.522295	0.35598	
0.664445	0.524501	0.483648	0.437082	
0.769904	0.490531	0.479628	0.324009	
0.713981	0.350408	0.63306	0.316181	
0.684657	0.398891	0.482775	0.457935	
0.764577	0.320956	0.537921	0.387509	
0.697621	0.551231	0.490567	0.378959	
0.64079	0.52214	0.584431	0.416009	
0.876537	0.428132	0.635813	0.426395	
0.747059	0.460953	0.437153	0.356093	
0.908176	0.573589	0.451199	0.435212	
0.640331	0.516548	0.633303	0.357528	
0.730947	0.37747	0.513496	0.390727	
0.640941	0.385762	0.559642	0.561837	
0.845737	0.544087	0.6343	0.283824	
0.711629	0.323523	0.762142	0.377053	
0.751111	0.422158	0.608088	0.317056	
0.841174	0.517652	0.536539	0.416598	
0.641783	0.320789	0.520155	0.373612	
0.772302	0.698396	0.72181	0.411446	
0.5903	0.434734	0.459823	0.402402	
0.774583	0.426651	0.497228	0.324825	
0.719773	0.594946	0.476479	0.437709	
0.837455	0.575695	0.551766	0.430835	
0.582211	0.461995	0.607858	0.294433	
0.60157	0.468734	0.638293	0.330768	
0.644023	0.342325	0.51286	0.314252	
0.695818	0.310372	0.56803	0.474115	
1.2941	0.541065	0.528073	0.444728	
0.651645	0.298182	0.611614	0.237432	
0.520257	0.430159	0.624807	0.406126	
0.711799	0.358095	0.603093	0.333595	
0.694895	0.536335	0.595418	0.405082	
0.672531	0.33694	0.45136	0.434244	
0.522963	0.335671	0.698367	0.334254	
0.640716	0.428226	0.53177	0.39501	
0.654711	0.320429	0.774595	0.507965	
0.667695	0.509436	0.590806	0.345395	
0.674423	0.330989	0.528182	0.352354	
0.646697	0.438	0.510507	0.392149	
0.508317	0.447364	0.411451	0.520451	
0.505497	0.607988	0.64255	0.387407	
0.692213	0.382923	0.678652	0.454671	
0.602513	0.350717	0.552978	0.337285	
0.683568	0.451599	0.504222	0.426068	
0.715933	0.555767	0.549179	0.421876	
0.71687	0.490757	0.601391	0.499337	
0.752684	0.467378	0.456179	0.448349	
0.540829	0.509057	0.463292	0.429663	
0.633195	0.360498	0.604843	0.33113	
0.713629	0.50852	0.488143	0.329461	
0.633822	0.378927	0.529299	0.326024	
0.541369	0.55032	0.448766	0.320181	
0.526039	0.403274	0.672187	0.400213	
1.12485	0.396175	0.411869	0.387696	
0.639109	0.426597	0.499068	0.422358	
0.678315	0.55928	0.575648	0.373766	
0.62263	0.32286	0.515506	0.401117	
0.733761	0.298808	0.463797	0.440324	
0.811233	0.533095	0.705946	0.372968	
0.648378	0.423452	0.513894	0.328069	
0.663885	0.356769	0.61331	0.41259	
0.548556	0.40086	0.673344	0.418974	
0.608011	0.36978	0.457014	0.553675	
0.949758	0.423109	0.48149	0.291288	
0.497024	0.291837	0.522879	0.369398	
0.602111	0.549549	0.53789	0.344851	
0.720725	0.339596	0.729024	0.290345	
0.705475	0.366584	0.605588	0.484061	
0.897109	0.280823	0.438898	0.333946	
0.707493	0.484972	0.483627	0.399119	
0.690985	0.636756	0.41247	0.225393	
0.720516	0.402449	0.42256	0.394675	
0.612952	0.686477	0.477086	0.54272	
0.606974	0.728588	0.553263	0.361434	
0.642194	0.473362	0.523105	0.420132	
0.554261	0.681483	0.564313	0.355269	
0.985873	0.34566	0.547745	0.334579	
0.852224	0.545199	0.570036	0.39114	
0.588619	0.392085	0.494215	0.410312	
0.656609	0.518842	0.567757	0.428119	
0.538613	0.556774	0.642792	0.406956	
0.657912	0.594234	0.496899	0.391311	
0.674219	0.627856	0.455943	0.463286	
0.71266	0.457902	0.454741	0.394391	
0.633576	0.427726	0.614855	0.397299	
0.472599	0.623083	0.46104	0.409373	
0.689026	0.454507	0.462906	0.350923	
0.894593	0.459706	0.511831	0.322716	
0.567378	0.462535	0.542644	0.446925	
1.0531	0.472911	0.422306	0.349883	
0.639527	0.287503	0.500197	0.372331	
0.730469	0.541442	0.804296	0.321446	
0.632556	0.576526	0.404336	0.371703	
0.574704	0.427947	0.431899	0.424104	
0.559315	0.301727	0.636669	0.35033	
0.825297	0.351639	0.684951	0.401072	
0.560265	0.712107	0.579356	0.372592	
0.584336	0.582335	0.633216	0.421406	
0.797131	0.378333	0.510048	0.354474	
0.732038	0.409846	0.496355	0.247256	
0.598219	0.327711	0.582812	0.308845	
0.819818	0.476889	0.448806	0.395381	
0.726242	0.492357	0.446558	0.343822	
0.689603	0.894008	0.627952	0.296585	
0.585591	0.33035	0.452924	0.344596	
0.735842	0.608638	0.623469	0.411162	
0.669191	0.573277	0.462767	0.403255	
0.607099	0.409526	0.554448	0.320862	
0.743143	0.486909	0.52335	0.276626	
0.740179	0.558869	0.460937	0.419538	
0.905711	0.303778	0.492938	0.44625	
0.685438	0.558562	0.498682	0.373913	
0.80277	0.820784	0.488017	0.445359	
0.773797	0.358819	0.444532	0.287842	
0.782356	0.510451	0.477234	0.298267	
0.564635	0.444251	0.569022	0.46432	
0.790065	0.354855	0.644028	0.378239	
0.704018	0.538022	0.466881	0.404859	
0.785813	0.381269	0.521083	0.410535	
0.719817	0.853425	0.541893	0.310356	
0.91695	0.274045	0.484497	0.338527	
0.745274	0.567313	0.577501	0.512624	
0.69499	0.412913	0.44173	0.516686	
0.503497	0.358343	0.579478	0.389983	
0.731128	0.415857	0.632413	0.36139	
0.704557	0.331663	0.45207	0.371232	
0.639464	0.36022	0.647634	0.442894	
0.602204	0.590125	0.550211	0.390191	
0.692239	0.678211	0.450189	0.450406	
0.742371	0.504945	0.51199	0.542201	
0.789507	0.399569	0.595909	0.32968	
0.601902	0.333441	0.516386	0.35726	
0.676497	0.34216	0.490129	0.38999	
0.526553	0.508484	0.602092	0.268074	
0.789508	0.467128	0.526377	0.38116	
0.662763	0.439586	0.43443	0.433338	
0.796081	0.442583	0.49672	0.351964	
0.689155	0.53434	0.39431	0.312106	
0.691839	0.86196	0.427841	0.575352	
0.654259	0.256468	0.579578	0.313623	
0.81299	0.388003	0.899694	0.450088	
0.822075	0.492402	0.501681	0.334687	
0.691385	0.489854	0.62211	0.383199	
0.861116	0.438867	0.558618	0.381094	
0.726258	0.385984	0.55302	0.3798	
0.724772	0.510045	0.558997	0.300213	
0.698869	0.497681	0.485495	0.339649	
0.811621	0.730372	0.56938	0.432307	
0.920298	0.825868	0.480098	0.321245	
0.630402	0.660467	0.556824	0.341884	
0.735272	0.344508	0.618596	0.525942	
0.761877	0.374429	0.606239	0.429518	
0.602244	0.441025	0.450292	0.286718	
0.638554	0.551676	0.478671	0.352467	
0.759537	0.485632	0.417514	0.318966	
0.582087	0.301517	0.515017	0.389725	
0.612039	0.353384	0.435331	0.477857	
0.914476	0.521499	0.491958	0.310063	
0.709005	0.458025	0.535514	0.427531	
0.720745	0.344617	0.475945	0.43718	
0.605443	0.314196	0.448377	0.313653	
1.10973	0.413841	0.441484	0.421211	
0.592307	0.568361	0.518057	0.359737	
0.685828	0.67779	0.408807	0.356726	
0.690334	0.380853	0.557718	0.38236	
0.497106	0.560611	0.565215	0.317008	
0.640881	0.293939	0.452733	0.451927	
0.811401	0.530478	0.555034	0.397429	
0.626873	0.428392	0.423457	0.433625	
0.821547	0.374466	0.581613	0.349525	
0.695639	0.46358	0.504789	0.395404	
0.6579	0.296621	0.443406	0.331628	
0.732477	0.340679	0.513696	0.429871	
0.747481	0.438297	0.413052	0.32374	
0.749936	0.421007	0.518498	0.401189	
0.677308	0.523071	0.520355	0.341154	
0.741169	0.747238	0.413851	0.45873	
0.876387	0.587023	0.606427	0.407979	
0.600256	0.267087	0.560876	0.322315	
0.654127	0.377872	0.450808	0.349676	
0.787081	0.370624	0.54766	0.324845	
0.588901	0.45091	0.599269	0.423445	
0.69958	0.680707	0.527792	0.358248	
0.861886	0.653613	0.506922	0.265927	
0.843715	0.42937	0.476253	0.320837	
0.755365	0.276489	0.506644	0.388039	
0.734083	0.494236	0.516833	0.390825	
0.623157	0.27195	0.456568	0.374161	
0.738583	0.614656	0.438114	0.355912	
0.76032	0.335958	0.395202	0.338327	
0.782511	0.440713	0.516005	0.326845	
0.88268	0.298321	0.440392	0.365062	
0.818172	0.36974	0.51462	0.347853	
0.491762	0.548808	0.545575	0.315365	
0.725403	0.620714	0.541226	0.451955	
0.803689	0.59798	0.436673	0.357386	
0.654108	0.317236	0.566929	0.445155	
0.675769	0.425547	0.524403	0.332744	
0.550342	0.379253	0.634652	0.288018	
0.752525	0.481264	0.544439	0.362753	
0.72731	0.31373	0.711826	0.364669	
0.627451	0.436294	0.486913	0.341761	
0.64594	0.584416	0.52544	0.359593	
1.00093	0.429586	0.529768	0.474569	
0.792017	0.297451	0.698497	0.383612	
0.790492	0.463867	0.44266	0.390405	
0.599541	0.426877	0.635354	0.360478	
0.662044	0.428168	0.49386	0.415623	
0.786315	0.415049	0.530025	0.656945	
0.890153	0.322502	0.521486	0.458936	
0.615498	0.291779	0.496537	0.334057	
0.695123	0.34327	0.456056	0.387122	
0.686427	0.531174	0.513051	0.354404	
0.72674	0.415028	0.597054	0.272264	
0.743218	0.389437	0.420416	0.327162	
0.677945	0.469735	0.595694	0.301353	
0.777883	0.454199	0.457301	0.36879	
0.627395	0.587157	0.633262	0.483073	
0.875728	0.383459	0.497397	0.506386	
1.28348	0.369583	0.549671	0.354402	
0.652137	0.379142	0.540314	0.555923	
0.65531	0.483177	0.572075	0.403078	
0.917041	0.392058	0.42762	0.36199	
0.517985	0.468102	0.563255	0.383677	
0.755254	0.408055	0.544552	0.355858	
0.676529	0.322498	0.587393	0.420476	
0.737706	0.363196	0.576471	0.398421	
0.57193	0.481536	0.647406	0.438318	
0.591772	0.58013	0.521386	0.380677	
0.61571	0.488963	0.527977	0.539384	
0.561398	0.540612	0.572569	0.357737	
0.6425	0.471351	0.533374	0.399926	
0.694293	0.454001	0.384752	0.330942	
0.610555	0.348781	0.620347	0.251367	
0.674817	0.531776	0.684212	0.409167	
0.883341	0.611073	0.576483	0.31589	
0.837334	0.300716	0.529885	0.479059	
0.883958	0.378555	0.586504	0.315831	
0.490364	0.427899	0.441908	0.483984	
0.984023	0.392692	0.470925	0.306769	
0.627113	0.740548	0.504642	0.422674	
0.787726	0.368447	0.524511	0.347783	
0.663234	0.469692	0.481873	0.488281	
0.603302	0.55855	0.469271	0.382342	
0.634409	0.314473	0.441036	0.39325	
0.554937	0.477578	0.581756	0.331079	
0.768404	0.590201	0.509355	0.377665	
0.868705	0.308168	0.549897	0.361947	
0.5437	0.535218	0.453182	0.356887	
0.644475	0.645224	0.490823	0.361439	
0.592945	0.460279	0.52493	0.517186	
0.772216	0.531986	0.498987	0.349454	
0.65334	0.412174	0.527976	0.339326	
0.643994	0.504984	0.638827	0.39421	
0.730736	0.451099	0.47049	0.482968	
0.5856	0.29458	0.432566	0.51228	
0.891682	0.441685	0.69133	0.42425	
0.71764	0.576919	0.613476	0.346138	
0.789249	0.953869	0.410708	0.355417	
0.72762	0.457522	0.538701	0.447981	
0.761025	0.332353	0.482401	0.330213	
1.09283	0.399068	0.542362	0.344802	
0.720773	0.425471	0.496023	0.445079	
0.758763	0.403448	0.46813	0.461769	
0.975577	0.307156	0.504576	0.332085	
0.78653	0.266005	0.56255	0.388076	
0.840321	0.519919	0.622917	0.37239	
0.696947	0.513	0.644152	0.300953	
0.703845	0.381213	0.515514	0.311047	
0.844735	0.59758	0.444374	0.543851	
1.04153	0.241985	0.46232	0.432833	
0.799391	0.374423	0.517757	0.4585	
0.663297	0.343459	0.528636	0.286894	
0.652167	0.455829	0.412876	0.34563	
0.701856	0.298238	0.597194	0.429567	
0.701462	0.343885	0.523558	0.588993	
0.604595	0.340544	0.529147	0.368478	
0.789947	0.794163	0.516944	0.450594	
0.640847	0.864182	0.471967	0.549748	
0.836763	0.496458	0.415702	0.582511	
0.663901	0.305155	0.504992	0.342981	
0.659667	0.634143	0.470919	0.306665	
0.813131	0.629878	0.602753	0.366877	
0.711243	0.375961	0.567306	0.410643	
0.662786	0.340064	0.64863	0.473892	
0.70321	0.398677	0.666719	0.434553	
0.56098	0.621461	0.419751	0.362097	
0.831576	0.367236	0.608535	0.45245	
0.867602	0.55831	0.538639	0.437277	
0.834547	0.295982	0.481264	0.416	
0.967807	0.303933	0.450531	0.308903	
0.792919	0.427438	0.64863	0.299628	
0.867575	0.353906	0.494174	0.389037	
0.68201	0.373986	0.577301	0.308445	
0.594278	0.304148	0.465533	0.55125	
0.579459	0.659724	0.671521	0.310407	
0.784654	0.385677	0.648207	0.482729	
0.963945	0.600376	0.559654	0.356799	
0.685211	0.428898	0.606969	0.427578	
0.557858	0.514436	0.456876	0.332844	
0.637412	0.297914	0.454877	0.341616	
0.798431	0.65927	0.581067	0.354449	
0.802263	0.451298	0.428834	0.324965	
0.756972	0.429989	0.494621	0.326741	
0.652601	0.847132	0.482124	0.316371	
0.685497	0.409046	0.48877	0.383046	
0.58227	0.473338	0.816933	0.427585	
0.838387	0.416588	0.399449	0.351138	
0.700886	0.439476	0.533837	0.53654	
0.834133	0.554998	0.820264	0.276601	
0.740002	0.324261	0.553691	0.41934	
0.705527	0.50001	0.490509	0.337083	
0.657425	0.551723	0.487513	0.429553	
0.772266	0.535213	0.455112	0.602298	
0.672017	0.354262	0.603969	0.277511	
0.616647	0.554766	0.54678	0.495464	
0.722216	0.37935	0.500808	0.371502	
0.861716	0.587466	0.59229	0.322598	
0.804225	0.278721	0.481272	0.344615	
0.705352	0.509665	0.520188	0.532185	
0.683822	0.536978	0.511627	0.320842	
0.690963	0.567614	0.423855	0.325281	
0.63444	0.394733	0.478176	0.309439	
0.608821	0.485397	0.496426	0.451849	
0.714073	0.289095	0.458667	0.328989	
0.688259	0.408533	0.56503	0.389658	
0.814146	0.606129	0.371697	0.309707	
0.736974	0.466578	0.422918	0.37841	
0.765592	0.429917	0.53907	0.330473	
0.507222	0.385198	0.479854	0.355868	
0.685711	0.321309	0.516972	0.326766	
0.799964	0.453039	0.501887	0.417598	
0.705264	0.509691	0.414535	0.344761	
0.54196	0.544504	0.466073	0.376492	
0.744696	0.345064	0.576241	0.351075	
0.633608	0.345073	0.531116	0.343711	
0.682279	0.467932	0.538076	0.383098	
0.622634	0.472815	0.538812	0.44195	
0.65155	0.494283	0.447695	0.418806	
0.734124	0.58966	0.550076	0.4224	
0.619252	0.314277	0.540753	0.43221	
0.716422	0.552895	0.487737	0.347055	
0.692479	0.430131	0.492313	0.513222	
0.593351	0.352203	0.664848	0.311974	
0.774696	0.388696	0.603042	0.553049	
0.835219	0.342735	0.438383	0.343792	
0.739444	0.680393	0.47537	0.308057	
0.530627	0.419712	0.510872	0.408766	
0.88345	0.403539	0.601647	0.34572	
0.721062	0.430739	0.544213	0.40706	
0.896425	0.393038	0.402703	0.475682	
0.652409	0.401783	0.588683	0.389164	
0.616205	0.445838	0.612281	0.377596	
0.821659	0.387254	0.579309	0.362268	
0.746444	0.379699	0.503175	0.548193	
0.604329	0.463009	0.495353	0.433535	
0.538478	0.294951	0.610726	0.374559	
0.829741	0.714573	0.668172	0.49923	
0.635282	0.551993	0.454981	0.478959	
0.533095	0.426845	0.526697	0.329121	
0.594062	0.635154	0.54836	0.387093	
0.703266	0.627798	0.493765	0.285972	
0.743734	0.828786	0.726008	0.350369	
0.688946	0.410268	0.560539	0.410615	
0.895265	0.321484	0.553883	0.360765	
0.636499	0.416795	0.476319	0.37314	
0.793417	0.579572	0.554021	0.437581	
0.626742	0.434936	0.702702	0.405174	
0.706591	0.474802	0.438433	0.320135	
0.817526	0.475673	0.500095	0.310827	
0.631156	0.381946	0.494952	0.37007	
0.531838	0.389768	0.458772	0.358401	
0.743688	0.680654	0.42475	0.296452	
0.654343	0.314189	0.439997	0.445459	
1.35267	0.402112	0.570438	0.333446	
0.6407	0.366099	0.488268	0.318937	
0.677681	0.482905	0.681104	0.402301	
0.977035	0.288005	0.477896	0.413058	
0.590989	0.831121	0.565877	0.318776	
0.796369	0.430354	0.617305	0.36406	
0.617971	0.44799	0.610115	0.393559	
0.739578	0.655423	0.458059	0.379569	
0.696823	0.524	0.570064	0.46472	
0.559842	0.324339	0.588483	0.380562	
0.726749	0.698215	0.500853	0.401228	
0.774297	0.553167	0.608997	0.506275	
0.610878	0.488858	0.507462	0.233923	
0.586502	0.481091	0.536231	0.496832	
0.71189	0.570879	0.581971	0.32173	
0.784035	0.310464	0.485392	0.50184	
0.909503	0.895804	0.544348	0.566725	
0.663421	0.403242	0.636225	0.388844	
0.667208	0.466691	0.586274	0.42676	
0.748477	0.474812	0.575637	0.394219	
0.709458	0.482824	0.423693	0.467303	
0.756154	0.754254	0.568763	0.446882	
0.694437	0.458754	0.497835	0.401127	
0.742164	0.690861	0.542969	0.410217	
0.896555	0.470745	0.511785	0.456781	
0.685105	0.479074	0.415605	0.428101	
0.703635	0.457324	0.595356	0.480656	
0.810718	0.27989	0.499323	0.367517	
0.757161	0.479462	0.595139	0.489716	
0.735773	0.519667	0.472749	0.381613	
0.913024	0.454971	0.469564	0.389407	
0.795868	0.542446	0.664954	0.290372	
0.603153	0.590131	0.461012	0.399131	
0.718783	0.333644	0.547806	0.349156	
0.55125	0.343958	0.385819	0.414919	
0.907171	0.441157	0.545452	0.390036	
0.833896	0.407717	0.53317	0.411963	
0.698436	0.659989	0.540869	0.304655	
0.667085	0.60798	0.568722	0.408226	
0.797233	0.464699	0.364178	0.335377	
0.75087	0.504466	0.54607	0.325569	
0.858464	0.640949	0.540638	0.371911	
0.558412	0.379429	0.468687	0.497007	
0.734693	0.498515	0.457867	0.367468	
0.740964	0.492796	0.819315	0.407707	
0.774061	0.529726	0.482075	0.532154	
0.676493	0.377563	0.521035	0.473327	
0.750554	0.851149	0.529199	0.367746	
0.712601	0.726399	0.525162	0.411629	
0.963552	0.465168	0.495248	0.396512	
0.57565	0.541394	0.461356	0.327146	
0.555361	0.409703	0.670232	0.484773	
0.733651	0.521543	0.550572	0.455309	
0.652951	0.386738	0.436089	0.404005	
0.734824	0.442538	0.481606	0.355891	
0.773058	0.498578	0.67143	0.323838	
0.680384	0.456141	0.574035	0.351239	
0.71823	0.310053	0.605625	0.370783	
0.61725	0.533208	0.412174	0.373738	
0.86383	0.740202	0.46004	0.471924	
0.667231	0.463402	0.477841	0.373021	
0.699915	0.33768	0.482097	0.471948	
0.533253	0.304675	0.593825	0.350824	
0.708855	0.360321	0.57156	0.271359	
0.550452	0.501659	0.481652	0.451263	
0.634521	0.314045	0.686392	0.420562	
0.608556	0.614467	0.432624	0.459781	
0.582986	0.413727	0.533225	0.466173	
0.681393	0.289644	0.632949	0.409745	
0.669823	0.478979	0.571927	0.332904	
0.637828	0.750825	0.449632	0.460007	
0.549397	0.361918	0.54683	0.366494	
0.612502	0.492119	0.558967	0.329868	
0.732311	0.46693	0.578942	0.284491	
0.703943	0.495642	0.475892	0.441086	
0.603459	0.530034	0.529105	0.353659	
0.677023	0.442342	0.47187	0.343365	
0.778945	0.436415	0.757295	0.404911	
0.683274	0.543326	0.54612	0.336715	
0.746203	0.603393	0.713361	0.383955	
0.712289	0.495881	0.572136	0.41009	
0.820352	0.555257	0.507605	0.362401	
0.76459	0.323658	0.535775	0.399624	
0.85076	0.312323	0.423613	0.351906	
0.718266	0.354213	0.446202	0.369212	
0.575698	0.441535	0.453084	0.412079	
0.960681	0.550849	0.509803	0.259196	
0.601603	0.344889	0.626867	0.383449	
0.556553	0.562223	0.549042	0.403495	
0.700571	0.46349	0.480885	0.367615	
0.535508	0.48717	0.749002	0.310387	
0.647921	0.384372	0.611019	0.368758	
0.738094	0.501316	0.643313	0.379999	
0.743143	0.546796	0.493711	0.505686	
0.644972	0.309861	0.464793	0.396741	
0.721712	0.409603	0.68164	0.286218	
0.797581	0.324153	0.534838	0.370996	
0.651628	0.379759	0.47207	0.383965	
0.73594	0.360268	0.655763	0.35322	
0.852046	0.316549	0.48828	0.268205	
0.615174	0.544332	0.532917	0.336033	
0.580554	0.500086	0.516422	0.384226	
0.58266	0.447634	0.510805	0.558694	
0.709113	0.397207	0.502235	0.423425	
0.660205	0.723691	0.609692	0.280979	
0.624114	0.471155	0.573923	0.373554	
0.902558	0.320085	0.461497	0.545539	
0.64793	0.540903	0.685583	0.314344	
0.686522	0.96744	0.626763	0.478236	
0.686158	0.52156	0.594634	0.356598	
0.676979	0.39234	0.464987	0.328414	
1.04904	0.414647	0.560897	0.435974	
0.635994	0.38557	0.623445	0.564716	
0.608015	0.58339	0.57787	0.367605	
0.718184	0.453901	0.505989	0.44265	
0.766943	0.379743	0.524966	0.381863	
0.669165	0.228142	0.585628	0.399918	
0.591021	0.627506	0.49048	0.519802	
0.696793	0.420013	0.456712	0.345428	
0.621646	0.408405	0.708359	0.470154	
0.700828	0.620834	0.60248	0.534382	
0.614143	0.426868	0.60666	0.546202	
0.792718	0.42347	0.496734	0.466587	
0.865986	0.588126	0.585524	0.326981	
0.748262	0.406028	0.544509	0.318593	
0.8056	0.467028	0.563267	0.364755	
0.654577	0.536795	0.588658	0.405815	
0.655013	0.429417	0.725915	0.344975	
0.743998	0.657257	0.480456	0.320378	
0.813349	0.426215	0.501765	0.544446	
0.609402	0.514968	0.448307	0.373611	
0.962492	0.453815	0.368565	0.301118	
0.752425	0.5183	0.50982	0.461549	
0.572767	0.395283	0.56393	0.431944	
0.65879	0.662148	0.467022	0.429275	
0.706432	0.415763	0.547897	0.456067	
0.721725	0.35472	0.542287	0.406642	
0.6635	0.344978	0.487527	0.424751	
0.678102	0.378572	0.553623	0.357577	
0.619009	0.486605	0.552147	0.412337	
0.815826	0.333541	0.477252	0.352929	
0.64173	0.306304	0.470509	0.33415	
0.682667	0.335882	0.453823	0.478039	
0.790786	0.321815	0.467832	0.330832	
0.840513	0.451103	0.471832	0.451924	
0.758589	0.586681	0.521518	0.443302	
0.869475	0.486166	0.458778	0.450934	
0.608254	0.658473	0.484587	0.395997	
0.828024	0.308753	0.579269	0.44974	
0.519623	0.580173	0.510718	0.377139	
0.778966	0.368322	0.467046	0.388536	
0.806031	0.477526	0.516071	0.408469	
0.607029	0.315586	0.444608	0.367553	
0.840815	0.346513	0.412793	0.482593	
0.661506	0.27696	0.585517	0.418494	
0.697244	0.599287	0.466991	0.444537	
0.933676	0.462281	0.543816	0.383878	
0.734844	0.40067	0.719747	0.360219	
0.50631	0.496212	0.466962	0.351895	
0.790486	0.369982	0.450729	0.436871	
0.669183	0.406653	0.462311	0.403133	
0.592919	0.550777	0.511507	0.473184	
0.672091	0.592712	0.552031	0.35014	
0.560109	0.637669	0.496152	0.400047	
0.629387	0.365302	0.468454	0.508937	
0.819714	0.844941	0.484758	0.495959	
0.570188	0.500601	0.515545	0.416204	
0.754896	0.581472	0.52189	0.377782	
0.610282	0.595825	0.826217	0.385697	
0.633757	0.426061	0.558095	0.384323	
0.797492	0.365647	0.559418	0.416245	
0.88808	0.365711	0.393846	0.433679	
0.920946	0.317185	0.50905	0.331146	
0.708964	0.723662	0.490742	0.3091	
0.68981	0.482466	0.484408	0.363715	
0.684277	0.493133	0.512162	0.405112	
0.600799	0.390053	0.587302	0.348487	
0.683485	0.452551	0.528961	0.344294	
0.613159	0.348202	0.389416	0.375027	
0.631119	0.403554	0.715409	0.405342	
0.759729	0.379354	0.523178	0.422339	
0.628242	0.427622	0.568938	0.398466	
0.69582	0.508807	0.479891	0.365826	
0.585413	0.331758	0.54208	0.396286	
0.520061	0.434838	0.525401	0.409353	
0.948438	0.528639	0.49226	0.597202	
0.787303	0.430272	0.527643	0.444874	
0.88862	0.372869	0.48145	0.274418	
0.669729	0.397845	0.671254	0.417982	
0.593447	0.395133	0.505628	0.477183	
0.626447	0.437477	0.668405	0.375516	
0.602684	0.36118	0.49578	0.401007	
0.6162	0.490811	0.405385	0.376999	
0.651121	0.496545	0.536742	0.385238	
0.685138	0.606189	0.611441	0.607248	
0.733197	0.366287	0.489799	0.416431	
0.891437	0.365176	0.451045	0.439734	
0.719243	0.559985	0.513763	0.362893	
0.704845	0.378202	0.459812	0.371905	
0.90079	0.35618	0.418967	0.374225	
0.755277	0.504185	0.564599	0.359083	
0.681695	0.538923	0.558061	0.435278	
0.737118	0.402164	0.553266	0.376296	
0.613875	0.446013	0.688336	0.397024	
0.5827	0.455953	0.46684	0.401296	
0.800079	0.424247	0.519254	0.354546	
0.719336	0.37821	0.590421	0.42769	
0.634001	0.346433	0.423129	0.475544	
0.745808	0.424978	0.406927	0.324763	
0.771267	0.508233	0.526006	0.342555	
0.547607	0.45781	0.542447	0.44533	
0.706783	0.368662	0.378602	0.333647	
0.662004	0.515824	0.579131	0.295115	
0.682672	0.358984	0.603749	0.429104	
0.682817	0.503179	0.549785	0.238537	
0.832308	0.377558	0.555271	0.416996	
0.708919	0.327428	0.501385	0.399105	
0.67389	0.417409	0.482766	0.334833	
0.731074	0.400761	0.643833	0.464394	
0.931914	0.302264	0.662735	0.452131	
0.757944	0.353207	0.615459	0.694964	

ratio[0]	ratio[1]	ratio[2]	ratio[3]	
0.404858	0.377074	0.335121	0.433463	
