ZnA[0]	ZnA[1]	ZnA[2]	ZnA[3]	
0.157452	0.0537037	0.0350332	0.0918618	
0.218914	0.608025	0.0983884	0.343278	
0.146319	0.134259	0.266077	0.226842	
0.097965	0.29784	0.136449	0.242745	
0.00302412	0.249228	0.133508	0.117109	
0.0516093	0.139771	0.0827053	0.0897211	
0.238312	0.201499	0.145349	0.177968	
0.0500936	0.397707	0.0663693	0.291403	
0.0825479	0.0482253	0.0745818	0.287708	
0.209049	0.0617284	0.116561	0.159101	
0.0728734	0.0823964	0.0562182	0.137948	
0.10661	0.128244	0.101762	0.316005	
0.113387	0.248677	0.108394	0.186777	
0.133163	0.158951	0.105482	0.735227	
0.0666163	0.277778	0.0676487	0.0319215	
0.0331789	0.17554	0.147473	0.10376	
0.12168	0.275077	0.0424899	0.12985	
0.0596965	0.351852	0.0776728	0.228774	
0.18859	0.208025	0.13478	0.08308	
0.0144242	0.209877	0.176116	0.0924931	
0.115832	0.229552	0.147319	0.378734	
0.15828	0.78125	0.0563754	0.165388	
0.00639557	0.363668	0.176932	0.156383	
0.088198	0.248148	0.0260467	0.275224	
0.0103423	0.232804	0.0641491	0.270488	
0.00749657	0.262037	0.0707085	0.17729	
0.116892	0.480159	0.0835612	0.348492	
0.118815	0.357407	0.105223	0.226092	
0.0799805	0.0717593	0.109439	0.324897	
0.0459404	0.498148	0.0787901	0.194499	
0.21943	0.453704	0.121355	0.439986	
0.185386	0.123457	0.161595	0.212239	
0.07642	0.756944	0.0515425	0.289733	
0.16819	0.319478	0.127004	0.199036	
0.0702135	0.38933	0.0600651	0.141509	
0.159766	0.592593	0.0466347	0.109908	
0.0652451	0.0831129	0.0424142	0.163133	
0.0864649	0.212963	0.0596525	0.215749	
0.0329375	0.231173	0.0201615	0.248003	
0.158428	0.451389	0.0645773	0.289542	
0.00694295	0.169478	0.0431762	0.196074	
0.116523	0.135417	0.0346754	0.101483	
0.0517189	0.123843	0.168737	0.235279	
0.158971	0.307705	0.0936933	0.195455	
0.223604	0.0339506	0.140629	0.349829	
0.0899788	0.371914	0.0797612	0.233037	
0.128293	0.149206	0.108126	0.290111	
0.0753014	0.570106	0.131854	0.0468049	
0.0427422	0.559799	0.134497	0.0852789	
0.111155	0.506173	0.176006	0.166446	
0.03639	0.259259	0.0710161	0.0481503	
0.0389036	0.0763889	0.0582558	0.181102	
0.100406	0.114198	0.116062	0.207664	
0.108929	0.288889	0.124968	0.380785	
0.0662375	0.205556	0.101753	0.0917498	
0.0602361	0.216435	0.144685	0.237477	
0.11082	0.541667	0.0471019	0.035183	
0.0560875	0.334877	0.201789	0.0381321	
0.0590391	0.199074	0.0806978	0.287521	
0.0213389	0.0571759	0.236688	0.0137741	
0.232122	0.261684	0.0456957	0.184531	
0.0888157	0.42432	0.106892	0.186872	
0.15236	0.326389	0.0614833	0.188809	
0.0659021	0.187125	0.0477935	0.358811	
0.105913	0.460317	0.0645368	0.0966116	
0.00775382	0.324074	0.210304	0.0865186	
0.076728	0.343915	0.233607	0.135133	
0.155067	0.223765	0.102709	0.237816	
0.08348	0.259039	0.0793502	0.296623	
0.323072	0.0696649	0.0541873	0.146288	
0.0904276	0.25625	0.150027	0.0502361	
0.159699	0.371693	0.0355553	0.183259	
0.0578194	0.087963	0.115234	0.0557851	
0.0117656	0.173611	0.0742451	0.223967	
0.115364	0.705247	0.111138	0.179844	
0.0220174	0.20679	0.112438	0.158884	
0.165458	0.196321	0.0963146	0.315358	
0.150425	0.242063	0.113738	0.10124	
0.105551	0.258157	0.0665008	0.263026	
0.0342826	0.245062	0.164087	0.322941	
0.229322	0.246914	0.137577	0.26281	
0.190846	0.221065	0.0671744	0.158134	
0.0940781	0.378472	0.0730849	0.235196	
0.133771	0.209105	0.152972	0.433171	
0.0459184	0.327822	0.142699	0.166145	
0.0952243	0.149912	0.0748896	0.114002	
0.145928	0.0447531	0.136252	0.203914	
0.152023	0.20679	0.0979536	0.109669	
0.167896	0.221561	0.117996	0.293902	
0.0450902	0.246914	0.132808	0.215024	
0.0405861	0.262346	0.133954	0.245484	
0.0150723	0.328318	0.0461267	0.214784	
0.0143713	0.185957	0.0963016	0.105613	
0.0598785	0.234568	0.0668974	0.220093	
0.11643	0.410714	0.129378	0.24323	
0.120838	0.45216	0.132436	0.0293939	
0.0951233	0.262566	0.0753561	0.180186	
0.0412876	0.223923	0.139928	0.166519	
0.0615281	0.14881	0.114415	0.140973	
0.01236	0.308642	0.0735713	0.0938017	
0.351629	0.0734568	0.0568536	0.303719	
0.0773172	0.311728	0.0802424	0.362486	
0.0281901	0.194577	0.166422	0.283122	
0.120813	0.143827	0.114112	0.257438	
0.110551	0.323765	0.0957095	0.227121	
0.0300928	0.160494	0.192916	0.152342	
0.10744	0.0833333	0.173395	0.329532	
0.124968	0.217593	0.0667488	0.0198519	
0.0196114	0.346065	0.0436265	0.225207	
0.103795	0.253748	0.135292	0.374133	
0.0940056	0.450176	0.0440601	0.293454	
0.0449496	0.256173	0.136294	0.157123	
0.0182829	0.329938	0.0856688	0.155616	
0.24956	0.177028	0.0635171	0.0769146	
0.0899149	0.0363757	0.155662	0.166501	
0.0453089	0.287037	0.0692716	0.350224	
0.124031	0.180886	0.0921943	0.237426	
0.0199057	0.166446	0.16575	0.314962	
0.120421	0.363536	0.0416784	0.243113	
0.0120816	0.157407	0.109855	0.0786757	
0.0128869	0.118166	0.0510374	0.153227	
0.0848312	0.407407	0.127684	0.254342	
0.0990644	0.0735702	0.0545819	0.0982072	
0.0174157	0.264771	0.124181	0.105028	
0.210204	0.25463	0.11143	0.133638	
0.0260091	0.261779	0.0559554	0.284504	
0.128118	0.476852	0.279225	0.0557748	
0.172472	0.191358	0.122236	0.485765	
0.21761	0.21412	0.229767	0.236806	
0.0732608	0.253704	0.0739421	0.149354	
0.0768979	0.134921	0.0644357	0.195196	
0.0899002	0.231481	0.209464	0.213392	
0.120985	0.203263	0.0559019	0.258953	
0.183716	0.0285494	0.0741773	0.304153	
0.0801992	0.250441	0.0856475	0.232789	
0.0147686	0.229497	0.116729	0.180837	
0.0507779	0.262346	0.112525	0.378874	
0.0077573	0.139275	0.028656	0.185627	
0.0921838	0.221561	0.107167	0.311777	
0.0826587	0.237346	0.0643124	0.196066	
0.0286065	0.256173	0.175882	0.200583	
0.00175643	0.239506	0.0843492	0.198209	
0.128649	0.157785	0.172671	0.261932	
0.0837834	0.232716	0.112634	0.124801	
0.0797054	0.133873	0.066499	0.188522	
0.0719561	0.282187	0.0829941	0.0836383	
0.0312235	0.214506	0.0747867	0.159401	
0.0304771	0.442681	0.0721139	0.230854	
0.112795	0.318783	0.0285757	0.285165	
0.0176293	0.157407	0.231931	0.256828	
0.110656	0.0123457	0.100152	0.343241	
0.267145	0.285935	0.106193	0.104706	
0.02466	0.217341	0.222252	0.14735	
0.127896	0.146384	0.0551752	0.0727273	
0.0724204	0.225926	0.209932	0.0685644	
0.0258629	0.369048	0.133062	0.167144	
0.109784	0.246914	0.176815	0.606488	
0.135676	0.245062	0.0703609	0.0778483	
0.20972	0.216049	0.101926	0.251149	
0.0335262	0.231173	0.0684644	0.143292	
0.0758898	0.201411	0.089766	0.0746729	
0.0116928	0.186993	0.0701455	0.194362	
0.0524269	0.512346	0.147613	0.174309	
0.152144	0.161376	0.0305152	0.36056	
0.0400976	0.278825	0.0767512	0.227474	
0.00373829	0.087037	0.0811805	0.133178	
0.161407	0.146384	0.108385	0.237889	
0.012753	0.0380842	0.21053	0.177371	
0.00210659	0.401058	0.155969	0.291669	
0.084534	0.177205	0.291864	0.105844	
0.0268904	0.123457	0.091863	0.0620769	
0.0800834	0.102778	0.132256	0.158353	
0.0860178	0.221914	0.1042	0.162672	
0.0593831	0.595679	0.0823467	0.168317	
0.108003	0.484568	0.068796	0.246281	
0.161244	0.364198	0.10238	0.183041	
0.0321423	0.260306	0.107304	0.163378	
0.029732	0.0656085	0.0319245	0.133569	
0.0601544	0.207672	0.0957368	0.405565	
0.0719832	0.0356261	0.0565152	0.372134	
0.0986269	0.124691	0.126742	0.136226	
0.0146734	0.0950176	0.0960695	0.0769166	
0.0609	0.160494	0.048465	0.317631	
0.0670115	0.17058	0.0315601	0.0926653	
0.0207947	0.447751	0.0716065	0.266431	
0.0250493	0.331294	0.0331625	0.132834	
0.0154854	0.216049	0.077502	0.272956	
0.0582586	0.145944	0.0666607	0.108953	
0.118796	0.216931	0.129194	0.252981	
0.0714013	0.520282	0.0172219	0.329052	
0.0616569	0.438713	0.092134	0.369033	
0.00932886	0.134259	0.0897204	0.196753	
0.0428779	0.41358	0.0745582	0.37688	
0.0568343	0.111111	0.100511	0.138833	
0.0225779	0.274691	0.0881071	0.147163	
0.0059463	0.568254	0.0422151	0.164518	
0.0965809	0.202546	0.0737174	0.209063	
0.0363896	0.177469	0.104639	0.0906061	
0.018493	0.160494	0.110151	0.355234	
0.104298	0.258488	0.099655	0.19814	
0.194841	0.170525	0.0323866	0.0800826	
0.224466	0.119985	0.139293	0.252583	
0.119098	0.251764	0.0591577	0.164197	
0.107305	0.139462	0.047936	0.14331	
0.0452374	0.495811	0.0543783	0.241123	
0.167867	0.095679	0.0797132	0.300517	
0.0919104	0.234568	0.127078	0.00950413	
0.0254359	0.216512	0.108028	0.11333	
0.0576376	0.121252	0.0842174	0.262013	
0.0399138	0.619048	0.14351	0.184804	
0.115152	0.259259	0.189742	0.381543	
0.0147179	0.198148	0.15361	0.160422	
0.0139282	0.122487	0.12734	0.165177	
0.128873	0.127315	0.0493499	0.320799	
0.101072	0.259392	0.0587504	0.1768	
0.0824655	0.042769	0.060204	0.103107	
0.0155909	0.216049	0.177917	0.147949	
0.011996	0.762566	0.13355	0.437611	
0.0116299	0.134921	0.0912777	0.0977961	
0.0469477	0.174151	0.0504429	0.0800915	
0.0235118	0.181481	0.147871	0.476446	
0.0557488	0.333333	0.0982081	0.105052	
0.108459	0.464815	0.131612	0.381405	
0.0416784	0.213404	0.0875126	0.0748485	
0.125651	0.411012	0.103771	0.173338	
0.019501	0.430247	0.0530291	0.122688	
0.124799	0.513889	0.0657041	0.051949	
0.12852	0.204696	0.132965	0.138197	
0.218972	0.394621	0.0895655	0.203094	
0.112879	0.0467372	0.0797055	0.287638	
0.0904156	0.138117	0.154802	0.0876023	
0.0226953	0.234568	0.103967	0.484199	
0.0747304	0.0814815	0.0684836	0.257069	
0.0972815	0.136243	0.0336938	0.199779	
0.0664962	0.0993087	0.0732859	0.219565	
0.17368	0.346914	0.111364	0.213067	
0.125705	0.120988	0.166029	0.229626	
0.0389845	0.276929	0.0818701	0.236527	
0.0379455	0.268959	0.158409	0.280067	
0.0371545	0.648148	0.0456579	0.0679442	
0.269925	0.157407	0.117624	0.106781	
0.00910405	0.058642	0.0893348	0.09939	
0.140484	0.23804	0.0392715	0.0771901	
0.0688801	0.22963	0.0717805	0.438262	
0.332203	0.350694	0.10072	0.135102	
0.113637	0.540741	0.120387	0.246173	
0.16532	0.238536	0.0919381	0.11198	
0.0916587	0.249284	0.106454	0.18577	
0.0749775	0.176312	0.101559	0.488811	
0.283363	0.282344	0.0429702	0.248979	
0.0902335	0.149383	0.108056	0.187456	
0.103882	0.356922	0.0654921	0.0782886	
0.12698	0.14418	0.116362	0.152014	
0.0628552	0.24537	0.0733425	0.264849	
0.219376	0.220459	0.137426	0.180028	
0.071834	0.209877	0.257443	0.180234	
0.0178878	0.184127	0.181971	0.136226	
0.107869	0.0787037	0.0880337	0.170523	
0.148648	0.0720899	0.0844708	0.271694	
0.264526	0.200617	0.188208	0.328245	
0.0917698	0.298611	0.289399	0.107552	
0.102817	0.215112	0.0475597	0.297567	
0.0806649	0.209877	0.0628757	0.289174	
0.065965	0.407407	0.177596	0.208442	
0.0846022	0.156922	0.112403	0.250645	
0.00228141	0.0445326	0.0930364	0.21689	
0.244601	0.524636	0.0399425	0.205543	
0.0216918	0.195106	0.0624218	0.204253	
0.115703	0.207628	0.193234	0.208879	
0.227331	0.133377	0.0599746	0.192861	
0.11547	0.0617284	0.00559819	0.105083	
0.228999	0.155556	0.157123	0.431309	
0.0367256	0.311728	0.0508061	0.269933	
0.310827	0.126543	0.062484	0.35508	
0.137654	0.578472	0.0708201	0.389165	
0.094491	0.233403	0.130944	0.28721	
0.0852031	0.170525	0.129465	0.199845	
0.0250998	0.320988	0.182187	0.145124	
0.0901037	0.513668	0.245863	0.214463	
0.0731879	0.125386	0.0835817	0.145981	
0.11402	0.275132	0.244978	0.241789	
0.0241985	0.283447	0.0669217	0.114209	
0.165351	0.0526266	0.134679	0.0792355	
0.191962	0.0506173	0.134156	0.106132	
0.0446498	0.0563272	0.112347	0.37625	
0.18766	0.114198	0.156419	0.166873	
0.0930562	0.154541	0.0168853	0.0533943	
0.0769521	0.2694	0.0277753	0.104081	
0.0737008	0.165344	0.133692	0.27251	
0.107307	0.217593	0.0937138	0.0789807	
0.199942	0.173016	0.173293	0.414141	
0.0182862	0.152431	0.0421784	0.167518	
0.306681	0.0870811	0.0566	0.170368	
0.137535	0.174603	0.130262	0.222934	
0.184236	0.113536	0.218809	0.233264	
0.0189829	0.226411	0.0743136	0.104941	
0.0246686	0.105853	0.184086	0.0562426	
0.204476	0.152028	0.0535342	0.220248	
0.305042	0.247354	0.0878056	0.185919	
0.100683	0.257716	0.0466174	0.0923967	
0.00476292	0.446208	0.0833547	0.13719	
0.0734445	0.0123457	0.162249	0.27533	
0.124381	0.158179	0.0629967	0.0988154	
0.154016	0.132716	0.0394809	0.249897	
0.133021	0.410935	0.172357	0.132015	
0.0699376	0.0462963	0.0828515	0.0646473	
0.0530807	0.139771	0.0974529	0.155552	
0.153326	0.117725	0.0730324	0.173841	
0.0800075	0.15514	0.0499393	0.121341	
0.0954995	0.408951	0.109181	0.35488	
0.00199848	0.033642	0.272412	0.582645	
0.00857045	0.335262	0.0940238	0.0162879	
0.0116288	0.146605	0.0548548	0.17135	
0.155956	0.144974	0.0519094	0.117314	
0.0652858	0.398526	0.1881	0.202204	
0.0711676	0.464286	0.102666	0.225172	
0.180924	0.246914	0.0828234	0.0311295	
0.0382317	0.118827	0.0956009	0.28294	
0.254702	0.281305	0.0439746	0.0681425	
0.119459	0.33642	0.0704673	0.377663	
0.0428508	0.0154321	0.139781	0.284721	
0.0118037	0.0744599	0.260402	0.0331129	
0.0394867	0.569444	0.0690744	0.334396	
0.0319956	0.470679	0.0326946	0.196074	
0.0183725	0.247266	0.109699	0.310262	
0.152962	0.0511464	0.149263	0.249139	
0.094482	0.148148	0.033966	0.362062	
0.0161837	0.313272	0.0779469	0.13474	
0.354559	0.285218	0.0996083	0.33897	
0.117701	0.273721	0.111905	0.278365	
0.0664151	0.153351	0.0299446	0.322521	
0.0195618	0.158179	0.136993	0.137466	
0.0225308	0.0339506	0.0371495	0.187307	
0.0742922	0.241127	0.133143	0.178773	
0.109754	0.165123	0.129492	0.368638	
0.185441	0.410494	0.0200471	0.171333	
0.00541646	0.0570988	0.0289871	0.134728	
0.0621853	0.441975	0.213282	0.119666	
0.106303	0.259259	0.0574088	0.146071	
0.070569	0.550926	0.0914246	0.145218	
0.0835977	0.459877	0.0918744	0.238606	
0.199622	0.202601	0.165107	0.17939	
0.0739102	0.345679	0.0782941	0.108294	
0.176557	0.433422	0.0714534	0.207918	
0.0030777	0.166667	0.0647369	0.206612	
0.0165246	0.147266	0.113262	0.199439	
0.164681	0.0231481	0.0825897	0.253143	
0.0587548	0.425926	0.113982	0.434044	
0.128806	0.118166	0.136785	0.11402	
0.129064	0.532407	0.193099	0.00950413	
0.162812	0.272994	0.0998096	0.241561	
0.0103411	0.391975	0.0579397	0.134683	
0.0611696	0.540741	0.070598	0.354807	
0.0340868	0.403691	0.0794273	0.0992837	
0.0750133	0.628086	0.150936	0.157927	
0.0379205	0.301389	0.0389912	0.220705	
0.0785152	0.23082	0.117953	0.358747	
0.0468075	0.243519	0.0646164	0.19144	
0.0930318	0.516314	0.20665	0.1491	
0.0209058	0.245139	0.145428	0.264302	
0.0724268	0.243166	0.0544673	0.60679	
0.0655575	0.271076	0.0521622	0.139591	
0.0583607	0.214506	0.132158	0.138011	
0.1297	0.0962963	0.0420081	0.223295	
0.0889298	0.133377	0.121997	0.209369	
0.028938	0.166005	0.0395599	0.184404	
0.0240096	0.274691	0.0896604	0.209563	
0.106609	0.0250772	0.0731527	0.0447658	
0.0585669	0.220018	0.188361	0.0765152	
0.022532	0.462103	0.0788001	0.289242	
0.137981	0.0509259	0.127132	0.228351	
0.074419	0.128858	0.064982	0.0818684	
0.132961	0.252205	0.0810253	0.0641922	
0.176372	0.425397	0.102628	0.274355	
0.0615862	0.265818	0.118003	0.144429	
0.0703891	0.0246914	0.190764	0.421384	
0.104097	0.617284	0.0795773	0.0625935	
0.171594	0.25	0.239518	0.0889291	
0.0851778	0.404541	0.0593116	0.120264	
0.236784	0.239859	0.382426	0.401582	
0.00924372	0.460262	0.0400051	0.216706	
0.197676	0.45679	0.0528222	0.288005	
0.244133	0.0861993	0.0995735	0.183196	
0.0885679	0.0725309	0.105284	0.351309	
0.21601	0.249383	0.0558507	0.136703	
0.0589339	0.1708	0.111924	0.155993	
0.0452215	0.253968	0.0932364	0.433264	
0.118537	0.0793651	0.0811597	0.181051	
0.0424641	0.385802	0.135348	0.343825	
0.164619	0.140432	0.122502	0.0769343	
0.147138	0.2667	0.141634	0.227669	
0.1312	0.121252	0.133023	0.139542	
0.178143	0.319841	0.0836669	0.142459	
0.299179	0.407407	0.077949	0.219783	
0.0314663	0.259259	0.143036	0.195169	
0.0904393	0.04806	0.0831899	0.211	
0.0555955	0.209877	0.0418308	0.139733	
0.100175	0.27381	0.0641154	0.130615	
0.0410299	0.274691	0.136341	0.108707	
0.0922597	0.156904	0.266877	0.126891	
0.0319262	0.272046	0.119135	0.0767562	
0.264508	0.302469	0.0183159	0.194974	
0.179668	0.324074	0.113207	0.360687	
0.0887641	0.282407	0.184913	0.183299	
0.00615553	0.15399	0.113215	0.0765702	
0.0818983	0.104056	0.0774225	0.345598	
0.123432	0.114638	0.0162276	0.219038	
0.185988	0.446914	0.161732	0.171996	
0.0131269	0.318827	0.0928436	0.299001	
0.0550047	0.0695216	0.0633583	0.15656	
0.122783	0.0541698	0.0472397	0.200236	
0.160006	0.290123	0.186397	0.296336	
0.165616	0.382385	0.110509	0.226265	
0.0555604	0.228395	0.0531028	0.142975	
0.242003	0.0401235	0.0779887	0.264234	
0.132623	0.114198	0.113572	0.265291	
0.0361551	0.0526896	0.13018	0.245019	
0.092575	0.145503	0.197074	0.239807	
0.0947323	0.339275	0.150519	0.186182	
0.070839	0.111111	0.0661362	0.125947	
0.041481	0.037037	0.0956449	0.275344	
0.0717427	0.49978	0.0843206	0.417625	
0.0671541	0.213735	0.0991598	0.126143	
0.361122	0.25463	0.229099	0.0776122	
0.0797739	0.183366	0.140003	0.286671	
0.170767	0.320767	0.0704667	0.200103	
0.027717	0.221065	0.109078	0.1804	
0.122834	0.220679	0.100246	0.309153	
0.0115814	0.218827	0.095948	0.263884	
0.0604062	0.315697	0.2072	0.274435	
0.0190737	0.134094	0.102052	0.129824	
0.0321437	0.342593	0.0918583	0.324242	
0.635415	0.332341	0.0752964	0.257438	
0.119817	0.280093	0.130963	0.115134	
0.0024579	0.0793021	0.0922266	0.261598	
0.122597	0.541005	0.053913	0.107025	
0.0898831	0.299162	0.228781	0.269308	
0.0909755	0.265873	0.10921	0.149392	
0.137635	0.245591	0.150963	0.094301	
0.0307071	0.337963	0.154818	0.186944	
0.0957923	0.115741	0.330661	0.121384	
0.116878	0.166667	0.159454	0.362006	
0.0681735	0.279012	0.115708	0.0482094	
0.0124691	0.259259	0.0596572	0.233994	
0.0821867	0.271605	0.0633577	0.201574	
0.0545004	0.394117	0.0399757	0.0590909	
0.0737008	0.0608466	0.19703	0.159465	
0.00840684	0.184954	0.0823797	0.156319	
0.193437	0.121914	0.0764634	0.406426	
0.0458825	0.515608	0.205511	0.183733	
0.16145	0.517196	0.15282	0.590835	
0.0671013	0.188713	0.167171	0.295543	
0.012263	0.199537	0.14705	0.165589	
0.0242747	0.183025	0.097832	0.363689	
0.0279876	0.136144	0.0653115	0.154408	
0.00444414	0.0862434	0.0688024	0.125435	
0.0793362	0.178704	0.102877	0.17834	
0.00419956	0.27284	0.273693	0.248803	
0.175904	0.245679	0.0444961	0.117579	
0.0481863	0.219753	0.0798926	0.174983	
0.0813538	0.349206	0.123353	0.0955785	
0.0434148	0.217207	0.101061	0.173554	
0.116817	0.259259	0.050102	0.13595	
0.172546	0.27888	0.132583	0.17376	
0.0568839	0.179012	0.167849	0.19254	
0.116343	0.182981	0.0378994	0.161574	
0.00843241	0.237654	0.138057	0.342975	
0.073638	0.268519	0.116315	0.193955	
0.0626608	0.716049	0.0275001	0.0252224	
0.0571566	0.0652557	0.086343	0.14022	
0.0565039	0.592593	0.0748413	0.0928719	
0.0296451	0.224427	0.190186	0.164377	
0.0086377	0.0436508	0.12461	0.142288	
0.117049	0.124284	0.0504929	0.102565	
0.0874036	0.581658	0.0467199	0.273582	
0.0371428	0.398148	0.0423297	0.0266736	
0.0752631	0.138889	0.0473388	0.113633	
0.0665417	0.414815	0.0548629	0.250181	
0.0223412	0.155581	0.117079	0.073294	
0.00916373	0.338955	0.0879674	0.284908	
0.0598276	0.572531	0.0801539	0.166738	
0.137347	0.0902778	0.108823	0.106057	
0.0755581	0.274912	0.094583	0.133589	
0.176196	0.0509259	0.0856746	0.0298898	
0.0726304	0.506173	0.0493513	0.106026	
0.0122712	0.399691	0.0639305	0.296873	
0.00371515	0.433359	0.139835	0.19905	
0.17343	0.225309	0.0212119	0.17221	
0.0220052	0.567901	0.042966	0.092011	
0.0297731	0.143519	0.114938	0.0776171	
0.0031948	0.111111	0.0255371	0.120978	
0.0147212	0.0996473	0.0722364	0.159976	
0.159334	0.268519	0.139863	0.0126033	
0.0335486	0.380897	0.0688871	0.197406	
0.0605446	0.279012	0.0517603	0.256431	
0.135241	0.188272	0.0867063	0.198065	
0.111573	0.833333	0.177703	0.238722	
0.148464	0.450617	0.107053	0.263154	
0.0820836	0.311728	0.0306075	0.15563	
0.0676351	0.218695	0.209658	0.0442306	
0.208546	0.0478395	0.231338	0.179339	
0.0182019	0.577778	0.0216321	0.1375	
0.0634714	0.290917	0.143309	0.124795	
0.122003	0.416005	0.0219036	0.0616785	
0.170377	0.246208	0.129558	0.262323	
0.0740063	0.113228	0.189039	0.0711605	
0.0749499	0.396605	0.0893295	0.38292	
0.164864	0.385802	0.0716683	0.0350034	
0.0392096	0.555556	0.0901487	0.00950413	
0.0909292	0.187169	0.061892	0.148709	
0.0982485	0.139771	0.0870415	0.233585	
0.196797	0.348457	0.119278	0.139207	
0.121469	0.359954	0.0613008	0.127459	
0.115445	0.611111	0.0434993	0.0982955	
0.0942005	0.614198	0.138197	0.221798	
0.165665	0.12037	0.123409	0.426407	
0.0160695	0.266667	0.0843013	0.0645041	
0.165395	0.407407	0.066003	0.209328	
0.143053	0.648148	0.0823578	0.300878	
0.110349	0.068287	0.108544	0.224961	
0.0415656	0.127855	0.0869101	0.1568	
0.0439161	0.262566	0.140539	0.129044	
0.0523679	0.0679012	0.0918554	0.0822388	
0.205022	0.15162	0.15959	0.147122	
0.223277	0.416667	0.09244	0.148701	
0.179086	0.143298	0.0748113	0.203402	
0.0261833	0.657407	0.112113	0.253874	
0.0403901	0.305556	0.0742036	0.379304	
0.0150115	0.354497	0.0644332	0.250636	
0.0554214	0.233466	0.145432	0.0483988	
0.171988	0.0189594	0.0887308	0.278809	
0.138981	0.195767	0.210336	0.284917	
0.126695	0.572222	0.0492296	0.317723	
0.0248091	0.425926	0.0553942	0.385248	
0.0403977	0.414815	0.0289055	0.40582	
0.166013	0.308642	0.134782	0.16816	
0.0567492	0.240079	0.0886704	0.227273	
0.350233	0.0906526	0.169302	0.142397	
0.0564324	0.245591	0.0885932	0.167824	
0.112553	0.0432099	0.155356	0.261711	
0.0609507	0.13133	0.0536696	0.111694	
0.164075	0.21864	0.0549116	0.301019	
0.162444	0.232716	0.0882857	0.141639	
0.128527	0.714286	0.0437728	0.428742	
0.00823348	0.137566	0.200919	0.15567	
0.16441	0.231922	0.254546	0.23221	
0.136131	0.295238	0.116902	0.241463	
0.0794942	0.123457	0.0751202	0.306322	
0.0137367	0.219136	0.137361	0.231771	
0.0559742	0.408951	0.103667	0.116686	
0.160089	0.509259	0.104867	0.0575528	
0.020091	0.679894	0.09636	0.469008	
0.124936	0.355489	0.210545	0.114358	
0.23563	0.548413	0.0711163	0.221389	
0.00781753	0.419753	0.0967913	0.125723	
0.0147897	0.165079	0.10436	0.526407	
0.106209	0.172123	0.226383	0.219008	
0.0510971	0.162346	0.0948548	0.208953	
0.0737845	0.509259	0.117868	0.148148	
0.00329083	0.503704	0.05897	0.17137	
0.0772549	0.30657	0.137601	0.168554	
0.0168827	0.259259	0.10313	0.15213	
0.0943963	0.257716	0.0767083	0.168817	
0.0700805	0.0339506	0.0841146	0.15343	
0.0238822	0.368607	0.0556091	0.221547	
0.0620488	0.0853175	0.049009	0.2587	
0.175647	0.592593	0.0249248	0.182952	
0.0320306	0.198137	0.024757	0.207837	
0.120241	0.279762	0.0695493	0.106267	
0.0499993	0.131393	0.0409025	0.157999	
0.0412763	0.242945	0.12471	0.191632	
0.0555911	0.140741	0.0722538	0.197943	
0.0338565	0.0405644	0.126475	0.174563	
0.125719	0.191468	0.042603	0.133471	
0.0686528	0.0154321	0.128867	0.144746	
0.0755883	0.137566	0.0466908	0.255475	
0.112103	0.533951	0.0513074	0.268994	
0.0679565	0.272266	0.0761878	0.177492	
0.196772	0.296296	0.0691926	0.131176	
0.00600342	0.0194004	0.111851	0.20405	
0.0604444	0.421759	0.0339744	0.326566	
0.16289	0.416226	0.140241	0.0941165	
0.195466	0.295767	0.144634	0.280138	
0.0770202	0.0771605	0.106409	0.147501	
0.0288466	0.341711	0.0434129	0.0913223	
0.0989865	0.338889	0.067424	0.123264	
0.0248232	0.260009	0.0436324	0.303899	
0.101476	0.552469	0.11014	0.188567	
0.0655314	0.1	0.0288131	0.26869	
0.153	0.100077	0.0250218	0.321625	
0.0429644	0.0802469	0.102942	0.269376	
0.239295	0.220811	0.0768323	0.220041	
0.038462	0.0291005	0.0481714	0.155647	
0.0178713	0.714286	0.100655	0.150826	
0.0853865	0.358025	0.0279706	0.14285	
0.070339	0.265604	0.171022	0.111	
0.113768	0.222222	0.0877072	0.256696	
0.114896	0.106481	0.124554	0.0870523	
0.0249056	0.24752	0.0909531	0.152737	
0.0198371	0.268739	0.120387	0.376966	
0.0312072	0.277778	0.0782088	0.0994318	
0.00700767	0.240174	0.0958113	0.331696	
0.137618	0.154321	0.0717557	0.0470332	
0.173092	0.0861993	0.0984295	0.123259	
0.14011	0.316358	0.0390444	0.336002	
0.0788116	0.209877	0.100101	0.236777	
0.0273463	0.223986	0.110909	0.162976	
0.0123254	0.37963	0.0392514	0.165263	
0.163285	0.183516	0.0317253	0.221517	
0.0563184	0.22963	0.112602	0.130183	
0.17478	0.21552	0.123082	0.178444	
0.0354112	0.02403	0.109058	0.156556	
0.0835201	0.0379189	0.0622249	0.140658	
0.0385551	0.12963	0.0403386	0.103965	
0.276818	0.433333	0.108898	0.0842149	
0.0735295	0.139275	0.131354	0.376136	
0.0693767	0.162335	0.10695	0.133161	
0.140228	0.388801	0.0976235	0.109253	
0.277917	0.212963	0.103364	0.142885	
0.0601018	0.161596	0.0463817	0.421214	
0.0805257	0.209877	0.071231	0.0706612	
0.0425815	0.148501	0.101539	0.129132	
0.0830301	0.0767747	0.142068	0.387534	
0.0545261	0.315697	0.120698	0.268595	
0.290809	0.0493827	0.094323	0.0614325	
0.0343176	0.166049	0.0652654	0.47396	
0.0749146	0.359347	0.0599114	0.305527	
0.135093	0.0493827	0.0370931	0.319421	
0.0559991	0.297068	0.0672698	0.188159	
0.108562	0.15679	0.167322	0.257886	
0.101047	0.353616	0.350482	0.216773	
0.099115	0.535714	0.061303	0.177883	
0.0603369	0.392306	0.0585125	0.21567	
0.0880395	0.181768	0.122976	0.104692	
0.0138306	0.111111	0.0795553	0.200993	
0.0620707	0.108907	0.0312575	0.320567	
0.0380277	0.234568	0.0809268	0.222993	
0.266651	0.300617	0.117716	0.243251	
0.00684784	0.155864	0.25694	0.111157	
0.0539307	0.214506	0.307367	0.145946	
0.085514	0.90625	0.134456	0.256818	
0.0791721	0.283951	0.0918818	0.332355	
0.179284	0.0216049	0.0850695	0.0392562	
0.00632694	0.132716	0.0658688	0.330638	
0.196837	0.177425	0.130987	0.293275	
0.0605566	0.0684524	0.168	0.193629	
0.0412696	0.0972222	0.14509	0.208316	
0.100377	0.0518519	0.088786	0.34123	
0.237612	0.525926	0.127845	0.160575	
0.0399728	0.171296	0.117655	0.262483	
0.0279726	0.250617	0.189387	0.30825	
0.0637332	0.320459	0.0984146	0.156309	
0.22205	0.177249	0.130527	0.215171	
0.00441407	0.33879	0.0578486	0.243199	
0.0960096	0.540785	0.0897839	0.390702	
0.0671835	0.0524691	0.0611201	0.186177	
0.076004	0.37963	0.0487789	0.140017	
0.104615	0.260802	0.101938	0.390826	
0.0869707	0.220018	0.145195	0.141622	
0.0990346	0.435185	0.0348389	0.10489	
0.0893832	0.126764	0.0673473	0.158454	
0.253324	0.0697531	0.149642	0.0880165	
0.059071	0.17554	0.0666522	0.291322	
0.0653525	1	0.050436	0.215024	
0.179029	0.162169	0.0698317	0.152261	
0.0688683	0.0984568	0.0794948	0.0887643	
0.143582	0.17554	0.216869	0.225041	
0.0928598	0.466711	0.100536	0.10109	
0.0913845	0.155864	0.0881521	0.189974	
0.25696	0.140527	0.0791669	0.102607	
0.132425	0.157407	0.142696	0.15854	
0.0374864	0.358466	0.0699739	0.211726	
0.250342	0.146384	0.150839	0.084573	
0.0557312	0.340829	0.0351342	0.122696	
0.135063	0.185185	0.015909	0.445002	
0.0901842	0.187169	0.0969419	0.118595	
0.0812399	0.283447	0.0729825	0.428822	
0.134477	0.154321	0.114941	0.217924	
0.057655	0.140432	0.0957997	0.11222	
0.107734	0.490741	0.134196	0.374513	
0.0213844	0.25463	0.203988	0.071008	
0.0671418	0.157407	0.051405	0.220381	
0.17841	0.621164	0.0613495	0.254604	
0.0836691	0.569753	0.0694998	0.13859	
0.0485026	0.385802	0.0498948	0.51191	
0.143827	0.123457	0.0620239	0.0746556	
0.0440904	0.273898	0.0945617	0.0525261	
0.141494	0.153219	0.0654098	0.156543	
0.0261932	0.383333	0.0872958	0.143964	
0.120585	0.151235	0.15108	0.31464	
0.0363186	0.135802	0.16852	0.0382527	
0.0840835	0.216711	0.069481	0.16374	
0.0127543	0.068287	0.131963	0.154644	
0.0763296	0.149603	0.0202593	0.226843	
0.186132	0.130864	0.0748156	0.27941	
0.204521	0.126984	0.116866	0.118543	
0.18822	0.145503	0.170246	0.330557	
0.179945	0.388889	0.196516	0.172039	
0.0103735	0.303704	0.118185	0.0742424	
0.0058408	0.121252	0.106005	0.247727	
0.097691	0.462963	0.182845	0.0426309	
0.070951	0.359568	0.123118	0.119063	
0.328409	0.141093	0.115237	0.219425	
0.0731408	0.142416	0.0970187	0.223145	
0.0425338	0.209877	0.0900411	0.121782	
0.0450543	0.0200617	0.106272	0.210141	
0.0348502	0.494268	0.0585133	0.329532	
0.0313898	0.0818673	0.0728724	0.225631	
0.0621583	0.158069	0.10341	0.137603	
0.0032054	0.422134	0.0802293	0.210744	
0.18226	0.111111	0.140269	0.0626722	
0.031766	0.287125	0.378248	0.170282	
0.346093	0.616567	0.10563	0.132519	
0.135651	0.0712522	0.109659	0.164745	
0.403366	0.356481	0.166593	0.0721074	
0.19764	0.583333	0.0590125	0.365124	
0.0934597	0.187831	0.119176	0.130386	
0.0376438	0.270062	0.061415	0.170297	
0.0644194	0.274691	0.063155	0.208469	
0.0857477	0.149746	0.0955073	0.116573	
0.124319	0.135141	0.0328031	0.443698	
0.0802331	0.117284	0.0458445	0.312096	
0.0616767	0.314815	0.0681869	0.237702	
0.0686258	0.0246914	0.119876	0.374656	
0.131518	0.45679	0.0679022	0.442778	
0.0400527	0.4806	0.0305662	0.152418	
0.0591732	0.201885	0.0315042	0.0966598	
0.0217404	0.208333	0.101509	0.0434315	
0.0207948	0.267361	0.0937288	0.136836	
0.0156306	0.192901	0.108796	0.172452	
0.042893	0.0832231	0.0729417	0.147993	
0.129047	0.326279	0.119793	0.215513	
0.0498321	0.495062	0.0324313	0.179181	
0.11378	0.153086	0.0981246	0.0937672	
0.00247742	0.35097	0.142861	0.183587	
0.0745589	0.143827	0.0424458	0.254463	
0.0466518	0.412037	0.0898605	0.118595	
0.0441598	0.232044	0.0494785	0.233419	
0.0840165	0.32124	0.0539677	0.464205	
0.0484734	0.18739	0.101199	0.158895	
0.0196426	0.274471	0.135995	0.117028	
0.184023	0.514275	0.0980457	0.217218	
0.137704	0.0833333	0.114044	0.217631	
0.125132	0.033642	0.0956019	0.244778	
0.0299543	0.1153	0.114149	0.0693871	
0.0430217	0.256173	0.137175	0.232562	
0.172718	0.401235	0.0506637	0.245464	
0.0619808	0.25366	0.0438482	0.373548	
0.00238381	0.229277	0.0725125	0.226171	
0.228025	0.0282187	0.129153	0.500832	
0.0937752	0.123369	0.0910075	0.133471	
0.0168675	0.403175	0.105687	0.0644628	
0.0666731	0.168596	0.105466	0.162348	
0.0708152	0.18351	0.100466	0.144169	
0.00443837	0.351852	0.200656	0.261708	
0.213849	0.12284	0.0894797	0.142824	
0.141161	0.121914	0.164339	0.242732	
0.0178055	0.383069	0.0798108	0.0296143	
0.0138477	0.244709	0.0532798	0.19992	
0.0749982	0.344797	0.117799	0.512144	
0.0255459	0.34149	0.123144	0.022137	
0.143387	0.345836	0.0357322	0.11157	
0.159009	0.453704	0.18492	0.111078	
0.0833094	0.407407	0.0327694	0.273005	
0.0484922	0.286651	0.186181	0.206488	
0.0540534	0.517802	0.234693	0.324466	
0.0912686	0.237213	0.102381	0.233619	
0.129934	0.453175	0.125536	0.204347	
0.106002	0.311382	0.0858407	0.188703	
0.0997847	0.119337	0.0767582	0.173008	
0.0283607	0.155556	0.072207	0.17927	
0.0193562	0.346914	0.0439341	0.380337	
0.0484249	0.271825	0.121877	0.347815	
0.149874	0.242063	0.0481559	0.202548	
0.0326005	0.724206	0.095333	0.185815	
0.0898447	0.212963	0.0830329	0.286587	
0.055997	0.218519	0.105936	0.17235	
0.128058	0.25463	0.0960502	0.142577	
0.035274	0.0673721	0.0280872	0.434234	
0.441209	0.392243	0.0618958	0.0781287	
0.00371631	0.199074	0.221388	0.0295868	
0.183318	0.297663	0.195444	0.26001	
0.342358	0.0608466	0.0769811	0.456009	
0.00768704	0.367901	0.166142	0.300305	
0.110067	0.283179	0.084796	0.157541	
0.109476	0.152116	0.146099	0.0603994	
0.00413157	0.178571	0.0729805	0.28944	
0.103309	0.373016	0.0736481	0.286452	
0.0360538	0.183862	0.127163	0.220283	
0.0492018	0.258251	0.0481572	0.206247	
0.238022	0.406526	0.12485	0.170638	
0.0159491	0.407407	0.119211	0.151149	
0.0535955	0.0652557	0.152745	0.36415	
0.060595	0.387503	0.202175	0.170927	
0.0035962	0.13933	0.0421578	0.105792	
0.20839	0.731481	0.193439	0.241334	
0.0629629	0.112566	0.120626	0.301698	
0.0992424	0.308642	0.162324	0.374926	
0.211599	0.324074	0.130898	0.0956213	
0.0599757	0.208333	0.0772338	0.238843	
0.0886725	0.755556	0.0796918	0.0878478	
0.0118623	0.0781998	0.0918447	0.34922	
0.0554452	0.209877	0.0923783	0.167545	
0.047879	0.449537	0.134186	0.425908	
0.088796	0.355556	0.0687616	0.427879	
0.169847	0.416667	0.163169	0.357231	
0.0080444	0.258488	0.106608	0.165651	
0.180774	0.168808	0.102128	0.199921	
0.0516594	0.314815	0.100829	0.122512	
0.257344	0.308642	0.0726982	0.188244	
0.0524868	0.315256	0.154547	0.370701	
0.0744359	0.429012	0.0315005	0.412166	
0.0832293	0.211585	0.214104	0.038902	
0.0180613	0.115741	0.0242504	0.201119	
0.0796511	0.0787037	0.155566	0.228099	
0.12485	0.222222	0.128035	0.349988	
0.0173615	0.595679	0.156792	0.273067	
0.175553	0.389771	0.0538621	0.168246	
0.0859346	0.195767	0.0312462	0.121281	
0.158178	0.352679	0.223928	0.214041	
0.473215	0.434171	0.140729	0.13206	
0.0822318	0.162919	0.0982263	0.250403	
0.0145959	0.169753	0.0639255	0.456011	
0.278732	0.135802	0.403965	0.255556	
0.0783717	0.26929	0.0134292	0.129326	
0.0201317	0.384877	0.0331896	0.261054	
0.232282	0.144092	0.134829	0.206043	
0.0361307	0.524691	0.188318	0.099208	
0.265158	0.130864	0.0364063	0.128753	
0.0231808	0.121252	0.0534678	0.221584	
0.112007	0.111111	0.1275	0.308698	
0.224921	0.169037	0.107063	0.226109	
0.0139584	0.308642	0.146661	0.237045	
0.0676059	0.170525	0.0850285	0.170976	
0.0696462	0.231041	0.157299	0.103306	
0.106779	0.117284	0.0610687	0.16936	
0.187257	0.148148	0.129584	0.168221	
0.0307505	0.167769	0.0327166	0.187875	
0.191302	0.35582	0.0574125	0.190224	
0.0307415	0.0169753	0.0917034	0.185026	
0.0590088	0.544092	0.0701048	0.0866982	
0.010092	0.274691	0.0980086	0.379236	
0.0205814	0.425617	0.0568887	0.133471	
0.425505	0.357584	0.0428979	0.120992	
0.0145822	0.0185185	0.123043	0.10136	
0.145726	0.114969	0.112097	0.144842	
0.17593	0.462018	0.0668279	0.125467	
0.233267	0.300309	0.0651605	0.197314	
0.0181362	0.709877	0.0942862	0.161132	
0.0494778	0.220018	0.0558441	0.0392562	
0.122763	0.361497	0.0548227	0.416453	
0.118618	0.26358	0.051652	0.155992	
0.118751	0.305335	0.0878397	0.0803852	
0.0231658	0.0891975	0.0542368	0.282851	
0.0376508	0.0462081	0.0861412	0.247862	
0.224443	0.193122	0.129389	0.0488378	
0.0630532	0.359171	0.246806	0.148152	
0.0752963	0.460615	0.0863842	0.233678	
0.00653996	0.234568	0.109579	0.10778	
0.0893169	0.215278	0.0945797	0.311357	
0.0305862	0.199647	0.0856734	0.0202824	
0.331666	0.241182	0.11747	0.142139	
0.123847	0.0618607	0.0702681	0.251154	
0.0710659	0.185494	0.0422838	0.0618979	
0.0809497	0.197531	0.0863897	0.217562	
0.126227	0.230489	0.0550712	0.0922899	
0.0624311	0.349868	0.137388	0.107261	
0.0641604	0.336861	0.105399	0.174634	
0.226878	0.149691	0.118252	0.234435	
0.0698077	0.126268	0.060858	0.0316804	
0.155463	0.216049	0.0841055	0.256129	
0.0492047	0.208554	0.147052	0.317862	
0.0704139	0.345679	0.0882558	0.19178	
0.0166177	0.14321	0.192179	0.238617	
0.0474356	0.0339506	0.183952	0.0917651	
0.0475584	0.160494	0.0571635	0.168819	
0.0825121	0.279012	0.128879	0.381497	
0.170132	0.284414	0.281593	0.1338	
0.164311	0.0551146	0.033749	0.21584	
0.103747	0.446649	0.106265	0.131321	
0.0552878	0.114198	0.115376	0.106589	
0.024543	0.436949	0.147885	0.289669	
0.00408355	0.165237	0.109339	0.259573	
0.0689003	0.822222	0.0896555	0.0757576	
0.00785329	0.026455	0.132367	0.186209	
0.174738	0.328395	0.0310005	0.233589	
0.0482522	0.319555	0.1646	0.197171	
0.0742243	0.611111	0.093005	0.218588	
0.0848735	0.0462963	0.0489124	0.142437	
0.109511	0.0255732	0.0813207	0.13416	
0.0614732	0.297564	0.162123	0.0711998	
0.149346	0.132716	0.0644878	0.332654	
0.0192863	0.536376	0.124594	0.281582	
0.203383	0.220679	0.0483904	0.290272	
0.313639	0.0564374	0.0534601	0.144566	
0.144158	0.0513117	0.112882	0.0833333	
0.0263954	0.217978	0.0531352	0.116047	
0.00159137	0.0612245	0.0571491	0.178604	
0.0639788	0.331481	0.0959318	0.137655	
0.0663183	0.45679	0.0700615	0.371719	
0.0282922	0.164462	0.0562864	0.477745	
0.108027	0.13933	0.0419787	0.0778862	
0.127469	0.537037	0.131116	0.175868	
0.107559	0.13933	0.043678	0.112171	
0.0206525	0.175926	0.142434	0.221798	
0.0634388	0.243011	0.0547347	0.213395	
0.0104903	0.165344	0.256279	0.267599	
0.0841669	0.705247	0.125094	0.167983	
0.0419456	0.400642	0.124271	0.400465	
0.0170793	0.0941358	0.0980719	0.189239	
0.298441	0.362654	0.0331384	0.122602	
0.227034	0.238142	0.131708	0.363192	
0.0363431	0.255897	0.105826	0.269998	
0.0971549	0.451852	0.0445348	0.0567788	
0.0592777	0.0941358	0.0416307	0.172876	
0.0328678	0.0828483	0.183768	0.153865	
0.076424	0.0185185	0.125646	0.23323	
0.0253708	0.182231	0.0944838	0.336863	
0.0239371	0.287037	0.0783811	0.102177	
0.165955	0.0910494	0.0343151	0.148648	
0.0167608	0.220018	0.0557516	0.108516	
0.110305	0.0764991	0.0517546	0.253576	
0.203589	0.207176	0.132004	0.152263	
0.110801	0.404762	0.164568	0.246901	
0.0617045	0.373457	0.160743	0.235877	
0.0742327	0.527778	0.10295	0.111019	
0.0212303	0.260802	0.0286028	0.283079	
0.247613	0.12037	0.123739	0.106467	
0.0609713	0.307143	0.0801858	0.318802	
0.207105	0.326279	0.0221438	0.201692	
0.0364532	0.118827	0.126385	0.114262	
0.0598554	0.155093	0.0877201	0.227204	
0.17218	0.197222	0.122162	0.191165	
0.112626	0.331481	0.0745436	0.137082	
0.0868982	0.312963	0.061157	0.241726	
0.213881	0.276896	0.0620815	0.118302	
0.0891366	0.339947	0.220315	0.0844421	
0.00742522	0.303351	0.0801018	0.0734711	
0.118123	0.068287	0.0904211	0.532659	
0.180689	0.154321	0.075399	0.290496	
0.0125485	0.177469	0.0771597	0.255218	
0.0304273	0.6	0.0703361	0.0524277	
0.067541	0.445635	0.105987	0.355062	
0.164477	0.146605	0.109176	0.281461	
0.0304255	0.222608	0.171484	0.0458506	
0.0125844	0.308642	0.0686026	0.302715	
0.14781	0.428704	0.165542	0.127615	
0.175341	0.115741	0.211559	0.0914945	
0.0179552	0.521164	0.176298	0.289669	
0.510883	0.373148	0.11326	0.224536	
0.122513	0.257716	0.0215474	0.261907	
0.114982	0.323192	0.0780236	0.111088	
0.0674381	0.357143	0.101155	0.0821625	
0.136882	0.21412	0.0547404	0.19539	
0.0912204	0.362963	0.0928411	0.145691	
0.112453	0.124295	0.0699995	0.125344	
0.0685262	0.26929	0.0851448	0.027436	
0.109945	0.0549383	0.117232	0.197211	
0.0223912	0.292108	0.211122	0.180992	
0.225185	0.150441	0.18887	0.197142	
0.0766973	0.218298	0.176137	0.143147	
0.0605502	0.636684	0.139335	0.280051	
0.00711136	0.0410053	0.127272	0.261407	
0.0941486	0.315256	0.0587933	0.131703	
0.0801527	0.195767	0.0443392	0.422949	
0.269555	0.20679	0.0617579	0.26539	
0.361823	0.152116	0.105795	0.0994605	
0.0392976	0.425044	0.16369	0.171918	
0.00562445	0.181217	0.0407587	0.185675	
0.0232945	0.0938272	0.202505	0.248967	
0.0648803	0.0270062	0.124048	0.264006	
0.0650579	0.457231	0.0687922	0.140651	
0.0124681	0.387787	0.0329857	0.0608319	
0.20186	0.599537	0.0745287	0.415858	
0.07637	0.117284	0.134687	0.284435	
0.0754485	0.266667	0.0260254	0.160638	
0.0695268	0.322917	0.0783138	0.0876033	
0.0763963	0.308642	0.018575	0.327102	
0.220749	0.249383	0.0329273	0.108963	
0.0286657	0.438889	0.0481036	0.162121	
0.07919	0.453968	0.184935	0.439929	
0.0240116	0.246561	0.120255	0.154226	
0.15036	0.11552	0.149978	0.104114	
0.0148628	0.171958	0.0509314	0.177713	
0.0483039	0.308642	0.0778045	0.094392	
0.0705721	0.446145	0.1156	0.371956	
0.127586	0.154321	0.125586	0.104095	
0.142846	0.257407	0.110272	0.0979683	
0.0292075	0.122299	0.162819	0.194024	
0.0461171	0.244709	0.050774	0.322107	
0.0569336	0.199295	0.0676181	0.27166	
0.0798346	0.0992063	0.13032	0.158955	
0.0927768	0.151852	0.0643508	0.043199	
0.0629415	0.419753	0.0720171	0.0672727	
0.0730084	0.463404	0.181586	0.188448	
0.0496828	0.17284	0.0433854	0.306214	
0.015225	0.209877	0.127798	0.204132	
0.0556381	0.491182	0.0839694	0.139255	
0.323427	0.236111	0.139623	0.3801	
0.117456	0.390123	0.0469856	0.232673	
