thetap[0]	thetap[1]	thetap[2]	thetap[3]	
34.8905	21.5003	97.106	42.3898	
23.6548	15.9543	97.0995	27.5902	
34.6667	26.8668	71.1504	46.6635	
34.6729	26.3644	92.0478	42.3578	
24.7604	27.5559	97.2034	28.118	
29.3636	26.4242	79.8963	43.9372	
28.5112	21.0052	55.5608	33.5798	
30.1334	17.6633	91.1634	33.0568	
51.7206	20.7801	106.013	30.4276	
35.2349	22.9351	118.091	40.1477	
40.9801	17.339	97.4066	49.078	
37.2552	25.8319	99.9329	36.0232	
23.6248	23.129	83.7764	29.6345	
28.7583	21.0219	72.4356	30.8207	
24.441	10.9103	75.18	39.9604	
34.3989	21.4079	106.289	37.4975	
18.9182	25.7776	97.9894	28.8621	
40.4586	16.7893	65.5939	45.4397	
28.1774	26.1217	65.0497	40.0874	
32.0173	26.4861	52.3225	36.3029	
31.7315	16.7704	65.7604	30.5707	
23.9985	14.5276	84.2135	44.013	
15.9262	14.7271	95.8053	37.3072	
48.2675	22.8716	107.904	39.4347	
32.832	23.8216	97.7626	46.2977	
33.8222	22.8482	110.829	35.8971	
30.8753	16.1583	99.6628	24.0631	
25.4419	17.1235	96.2425	45.1003	
44.8452	22.9882	80.8584	49.5916	
30.7395	15.6918	99.5114	47.1684	
32.5648	12.4253	79.1653	26.9043	
35.1232	21.3124	61.043	47.8722	
35.4152	21.8471	76.6222	38.0638	
30.811	24.9916	60.5617	48.3915	
24.9186	23.4911	104.947	44.8982	
25.5419	8.09862	71.713	29.6293	
29.8888	23.0532	78.4322	32.7718	
47.8064	23.0748	87.3125	25.9372	
41.8546	25.4453	69.7501	39.2758	
24.7681	25.8534	89.0973	43.7356	
30.0982	24.7624	110.692	41.9859	
36.2372	23.0712	65.3315	43.5308	
41.4424	20.4341	63.433	49.6429	
20.2184	16.7198	81.0524	49.0971	
27.0967	22.82	70.1393	29.2687	
37.223	17.4802	97.5097	49.8837	
29.9597	21.425	116.204	37.444	
18.204	15.4308	103.848	47.9394	
32.1743	25.8496	99.3302	49.5832	
40.6122	16.0298	67.3824	44.2008	
32.137	14.1569	88.5094	43.7727	
41.226	24.7678	116.855	44.7184	
26.0567	22.3786	66.7849	32.789	
37.9267	19.669	75.7932	35.565	
30.7807	24.2113	111.165	48.1189	
31.6531	19.4707	75.0258	42.3917	
28.3664	20.5933	98.6239	41.2779	
24.005	19.0868	94.3997	39.436	
39.9857	17.0619	80.9577	33.0032	
29.8677	18.9187	71.3757	45.4822	
21.7828	21.9981	113.286	33.2477	
41.5424	14.3352	110.194	34.1231	
23.8677	14.9258	101.097	36.2759	
34.9237	27.1467	85.202	36.1301	
30.9933	23.9492	95.8266	49.5402	
25.7594	15.6028	67.9129	43.0542	
28.6629	24.1074	80.7181	45.5052	
23.8974	19.0038	80.2384	36.4083	
33.22	12.2379	114.759	29.8731	
23.1005	24.6587	80.9447	35.5708	
27.2768	25.9006	108.602	36.6409	
24.847	21.5191	63.6575	44.7083	
31.7801	20.6087	98.7542	48.5226	
24.9595	21.2207	73.9249	47.6199	
36.8704	11.4712	86.8873	43.768	
22.2716	26.5927	68.3922	38.7955	
41.3852	17.7587	88.7185	45.7386	
24.5949	22.2833	66.557	46.6901	
30.5924	22.9056	85.4427	34.3355	
33.8052	19.2182	88.8392	40.6365	
43.959	20.9184	91.1893	44.1169	
18.2367	27.0995	74.8088	49.2216	
29.4973	14.3787	83.3633	43.7603	
44.3076	18.8588	74.9308	39.7074	
19.532	26.8005	93.1849	47.5991	
25.2916	21.3885	76.6455	45.4959	
33.492	27.4886	101.31	31.7613	
37.1233	20.2974	85.6597	44.9006	
26.2838	15.6621	99.4535	39.9308	
45.4659	27.5637	76.3948	46.1271	
42.6691	24.1165	83.0884	31.8868	
23.4548	21.0308	104.25	46.1832	
32.0118	26.3038	103.691	34.6988	
32.7997	11.1179	90.6439	45.21	
30.3165	21.079	117.906	42.843	
39.0215	24.5568	120.901	46.7299	
23.9656	25.1455	82.3628	41.0256	
37.5963	19.8231	84.3043	39.2381	
36.6208	24.329	74.8123	35.3813	
26.1318	15.8309	84.8184	45.6675	
20.6514	26.8487	85.8294	45.3516	
16.6905	22.5985	76.4508	34.7708	
17.0766	26.5105	91.1939	47.2772	
51.5855	19.734	70.9798	35.6049	
33.2054	26.4875	85.848	41.4031	
31.1859	22.3973	93.8862	40.9813	
40.91	21.4831	87.1633	39.0109	
23.7776	22.6182	111.92	48.9492	
30.3089	24.8348	73.7268	32.3226	
27.3023	20.2301	103.893	30.9307	
30.4964	16.9775	90.29	47.3567	
28.7719	23.5728	88.1335	48.9904	
37.5321	23.007	117.86	43.1747	
12.683	23.8231	84.7974	30.0166	
32.4943	25.0705	62.9933	47.9659	
35.2963	21.0635	116.834	49.3772	
33.46	12.7476	68.2272	36.9971	
31.4569	19.0678	68.4859	49.7941	
27.8603	17.7532	116.25	29.3909	
26.9882	22.5399	67.9625	30.7181	
38.8998	25.6676	76.0925	37.537	
38.0718	18.9787	99.0506	32.4586	
30.5329	19.259	70.4775	45.1005	
33.1398	20.4915	90.8992	43.8931	
37.2772	23.7023	64.2139	38.841	
31.913	19.4858	107.405	46.3472	
25.3914	18.9931	85.5328	45.6599	
35.2554	12.5683	54.6601	34.3742	
39.275	18.5954	89.2049	48.546	
30.7123	24.0162	92.2976	47.1109	
27.8315	15.455	81.5502	43.3037	
23.2771	27.6557	94.0096	37.1445	
26.4947	26.6676	71.2898	34.1977	
24.8554	26.7406	103.599	47.7695	
33.0792	18.2935	80.7521	23.6684	
16.338	24.8448	82.3391	44.624	
42.7498	20.4584	65.9896	49.0161	
42.3416	25.73	104.285	31.9231	
36.3319	19.882	99.7423	31.6844	
24.3427	14.426	84.9293	48.1834	
29.0974	15.9699	71.0276	28.5542	
18.1375	26.9232	88.2882	45.2729	
25.584	21.2343	87.4352	45.3395	
30.3375	22.7776	57.097	31.8146	
23.472	21.9349	99.7387	43.4608	
32.3818	23.4687	80.9816	46.995	
31.9171	21.9231	89.2012	34.7858	
37.4865	18.1228	81.5177	33.7048	
28.5741	22.0795	120.379	41.0902	
18.5411	26.1115	78.7696	49.3767	
24.8771	23.4293	65.5495	39.7367	
17.145	25.0529	73.3452	47.5281	
40.9852	14.3652	55.9535	48.2611	
22.7025	13.066	85.9215	44.6314	
30.4731	18.9266	89.3991	46.5078	
23.4048	9.40105	90.9904	47.3402	
23.031	23.1726	70.5722	34.679	
30.6316	26.6725	105.505	35.7602	
44.8732	15.2058	65.3773	38.1989	
39.9897	20.2019	95.6911	37.313	
19.2615	22.2121	70.8926	42.0096	
50.5047	19.0716	104.054	33.8223	
26.6657	25.5583	114.293	39.1611	
30.1288	25.9551	91.9008	28.9936	
22.802	27.0735	93.9818	42.332	
18.2754	25.4105	81.4552	36.4378	
30.3153	20.4489	114.86	42.8696	
21.0859	10.9168	77.821	46.4969	
48.2691	16.2334	76.0659	31.1078	
27.6831	19.1435	59.9746	48.4146	
18.7559	21.8566	85.2698	35.7976	
31.502	25.7008	102.381	40.4684	
33.0468	23.2498	67.9581	48.904	
36.0236	26.8912	84.6006	44.5736	
38.0999	23.2452	105.903	21.2211	
36.0637	20.6331	102.362	44.3838	
37.6195	21.056	70.1605	48.9071	
27.2686	25.7826	99.5418	45.881	
23.286	20.4554	83.398	49.8066	
35.9877	25.8173	100.27	27.8266	
30.9957	24.865	111.459	35.0639	
27.5217	22.3967	87.1227	48.6802	
34.436	16.8602	111.944	48.7119	
29.8473	22.1435	117.86	39.2944	
31.9672	20.172	111.861	33.9213	
35.7514	19.9192	97.4176	46.1963	
32.5363	11.2304	80.8609	48.6552	
40.4324	18.4653	97.6081	47.2396	
43.8395	17.5746	75.0178	26.361	
28.9252	16.3	83.7535	25.6286	
38.5611	26.8787	75.7616	41.2271	
21.9213	23.5437	86.6303	48.2046	
35.2655	16.9898	86.1079	31.4554	
37.5343	24.3334	94.8884	49.9506	
30.2755	25.8069	87.3423	38.0183	
32.0477	12.8927	105.077	40.7888	
23.2822	23.8025	103.249	38.8886	
21.9963	21.6697	90.066	47.5304	
24.6674	17.6115	82.9703	43.1105	
39.2357	20.3295	79.7915	36.7981	
21.2619	25.2213	79.4164	31.8598	
23.1349	21.5678	86.4558	29.2684	
28.3545	19.7872	78.3521	37.322	
27.194	22.0838	98.8512	29.0701	
26.4013	13.4295	92.4082	29.7713	
32.8037	27.1448	83.9514	24.1325	
25.4715	26.844	78.6749	42.6547	
29.7924	23.9921	87.4388	41.007	
22.8065	20.2522	84.5749	44.6373	
45.33	16.0758	100.04	46.9137	
26.1982	17.2735	69.2783	22.9003	
34.9536	21.5259	76.0756	25.9445	
22.9652	13.8189	89.9767	49.8003	
30.1003	27.5402	102.634	40.8469	
29.8316	26.5682	98.1401	42.5096	
30.8142	21.8907	113.185	34.4079	
24.8855	27.4236	69.8601	37.2306	
37.2819	23.0358	88.1985	26.8639	
35.9124	21.1668	77.4881	49.2294	
34.7331	24.3543	116.002	40.2849	
28.1951	10.6785	119.397	47.4966	
21.2578	27.886	85.5627	36.2823	
22.4262	22.8531	89.6241	28.2072	
26.1863	24.579	79.2882	44.7506	
26.3181	16.3823	104.347	30.0714	
40.0117	15.4969	89.6914	48.7953	
37.6896	13.6101	80.7272	34.8003	
26.2294	25.2505	71.362	29.9342	
22.9679	24.6893	71.7036	32.7294	
26.6295	19.3203	101.288	46.4019	
30.9115	16.7444	65.4125	41.0812	
47.5202	25.8931	91.8988	39.4734	
26.3793	19.5441	85.3333	36.7028	
22.5839	26.6367	78.5466	39.3287	
25.518	20.0426	111.661	43.3745	
40.3341	25.3544	74.7041	44.2846	
15.8592	20.5402	64.4136	38.1501	
19.5214	24.2439	77.647	36.825	
27.156	19.8567	70.3082	42.287	
30.821	14.7146	86.3455	48.3937	
21.7223	18.4188	119.139	35.4722	
28.107	24.2471	77.7083	33.5199	
47.7482	25.8424	104.592	49.155	
24.3105	25.9011	108.468	45.8352	
21.6117	14.8876	87.3306	22.5737	
31.8585	21.3598	120.443	49.913	
17.0682	27.3809	109.607	47.1898	
24.0111	20.5463	118.202	41.081	
25.2118	19.1585	108.011	29.3527	
16.7757	23.3692	87.4699	49.0164	
42.0539	26.5994	92.7635	34.8294	
39.5128	25.7116	68.3469	32.8372	
20.335	21.1882	107.494	39.9783	
24.3034	13.3043	109.832	41.5953	
37.5827	26.9714	89.0517	37.3311	
31.6635	22.3661	101.925	29.8083	
35.2899	26.2711	76.8104	45.1289	
36.2975	27.1663	87.5462	38.6009	
20.5875	21.7394	72.7516	47.9666	
22.4917	17.3278	90.616	39.2935	
30.0561	17.343	72.9518	44.1674	
19.5406	24.8981	107.797	41.6045	
41.0885	18.3569	95.4988	44.2499	
30.7837	20.3382	89.1826	47.2305	
43.8375	23.9711	76.3795	34.7444	
33.1042	23.9832	81.8873	40.2638	
25.4716	27.5987	97.5565	41.7731	
21.4164	27.4658	106.827	38.2468	
33.8042	26.606	55.3021	49.7547	
25.6251	25.9424	119.804	38.8074	
23.0948	21.2136	99.4949	47.7449	
26.1423	24.932	107.677	33.0335	
31.9956	16.8553	87.4931	39.7337	
27.1509	21.9646	105.415	45.909	
19.4708	13.4584	76.1654	46.0568	
24.984	16.8363	99.5193	48.7793	
35.5839	23.7554	53.9559	42.8388	
28.6488	17.7013	67.6617	37.0594	
23.2797	24.1215	79.6395	34.1849	
41.0999	24.4445	93.8397	39.5148	
31.3443	27.4045	72.4403	41.2106	
37.5057	23.5569	86.7731	49.8851	
39.7065	17.5927	78.5959	44.0964	
30.3712	17.4229	68.6677	36.7241	
33.8072	27.4193	78.8335	27.6023	
23.0076	15.5553	67.7053	43.9898	
31.3821	26.8895	102.43	47.9182	
25.2127	24.5191	121.676	45.5422	
46.7026	25.49	71.1083	28.315	
37.6508	15.4428	78.0818	43.9261	
36.6291	26.5209	71.1499	36.0448	
28.9853	20.6313	74.5105	25.0364	
22.0724	25.2625	81.8677	39.1413	
19.9011	22.1609	81.6454	39.5564	
15.9144	22.5469	79.2973	44.0381	
28.5167	26.1564	86.143	47.4587	
38.6616	17.7241	64.0735	46.7709	
28.8506	24.5263	72.4596	46.6873	
25.5962	22.6405	114.846	37.7766	
25.8297	22.5052	114.633	37.5221	
30.7893	15.0071	71.0838	41.7774	
22.2717	24.2263	55.454	25.5056	
44.0325	24.9021	101.815	45.5012	
33.3623	27.3327	94.597	43.4694	
29.527	24.4194	69.4579	31.6888	
19.4806	26.6266	114.725	37.5353	
35.7297	25.7121	107.41	47.576	
22.5587	24.5759	76.6636	32.1264	
23.3414	17.6119	100.427	46.3168	
26.3376	25.4904	111.898	34.9912	
42.2874	17.2917	53.8332	37.944	
37.7807	22.3345	93.0955	33.1516	
26.2992	20.0285	85.7801	29.8372	
29.7032	26.234	99.4325	41.7416	
26.9202	18.8991	84.8717	35.898	
30.7624	26.9785	98.6154	46.1078	
31.504	27.4459	109.748	33.807	
23.8546	26.8188	80.3459	49.2332	
17.6507	15.3398	85.1166	37.8217	
30.2943	22.0704	101.589	41.3951	
29.1013	24.2122	99.2525	26.9576	
25.8209	24.2577	78.6569	39.0894	
34.8131	27.0192	109.4	31.8633	
23.0763	19.7436	70.2836	38.2683	
41.7455	21.968	69.2684	29.814	
38.8112	25.9172	68.1254	36.3549	
28.3628	27.5735	118.357	27.8002	
37.7285	13.5563	92.6067	45.4453	
16.1702	23.8619	85.4312	44.9491	
24.66	26.3267	76.6866	43.0186	
20.7468	24.3523	111.02	35.0586	
26.4759	27.0971	103.144	39.1105	
24.2369	24.6775	70.7096	37.5974	
35.1839	19.4167	84.99	37.32	
39.0593	21.9384	95.7917	46.6777	
38.135	24.1239	98.8851	45.7933	
26.9762	16.5601	106.582	36.4758	
30.7749	20.5689	55.8518	49.3729	
43.5492	25.6815	78.1441	31.0318	
19.1872	26.8132	111.756	21.9365	
15.3175	25.6757	91.5051	31.5904	
22.5419	18.1093	84.8621	49.2369	
41.5747	19.556	64.5735	42.0737	
30.3761	8.63014	90.2275	39.3767	
30.8919	12.5912	79.9679	43.3766	
49.2341	18.8729	94.319	43.1335	
28.8343	20.0014	87.0611	25.89	
35.6231	12.2389	54.6144	33.6827	
22.9301	21.3084	79.2546	44.4091	
44.2631	19.4607	58.6949	47.4095	
29.153	22.881	98.0554	31.1417	
44.0326	23.6933	74.4407	25.8851	
34.1967	17.736	108.577	46.3596	
38.3937	16.0861	82.523	38.251	
48.0356	16.1609	93.1326	43.7448	
30.6307	22.6642	112.71	45.657	
26.9023	20.6992	93.7725	37.5642	
35.0989	14.4941	111.475	40.6828	
17.0818	25.3736	106.545	41.9578	
38.3166	16.9179	89.0814	26.3964	
31.1621	16.6236	102.513	46.4436	
31.8588	21.3359	72.9744	22.7534	
36.0295	27.5627	71.1352	44.6857	
32.7104	21.5292	82.0769	37.0183	
30.4216	19.579	90.3869	31.7191	
20.3342	24.2605	101.55	44.3643	
27.6826	27.5503	70.5598	44.7273	
35.3806	11.3558	83.3084	49.3668	
36.9746	21.5266	67.108	37.9132	
15.465	25.4799	106.164	39.6668	
31.7253	21.8052	70.3798	39.6445	
30.3568	18.7593	106.425	46.9897	
42.4897	19.376	86.6235	30.7834	
26.9985	17.8206	91.6897	35.6528	
42.5242	17.8802	106.161	40.4972	
37.7158	16.6435	88.245	36.3924	
35.7665	25.0566	77.4648	42.9898	
37.5392	27.3995	66.0225	35.5011	
36.5461	26.4595	90.6483	47.3	
23.6739	21.4012	61.805	40.4351	
32.8827	18.4924	109.431	45.5176	
29.1984	18.9996	87.7555	48.5828	
27.8602	26.3787	96.8292	47.6657	
35.3365	15.3212	75.1982	38.1615	
38.0704	26.6562	102.38	39.2932	
41.3968	26.7511	117.512	43.168	
43.4139	25.0764	108.089	45.053	
28.9743	26.8618	99.7187	33.3364	
20.1731	18.7455	83.635	42.5837	
21.7963	12.2123	89.3605	44.3633	
33.9178	19.7363	100.641	38.7012	
31.7582	24.4627	100.896	35.8341	
35.991	19.4275	71.115	46.7245	
15.4775	21.8442	84.6986	36.503	
28.588	27.6617	64.4388	44.6845	
34.5236	18.2685	66.4618	37.2468	
29.8401	27.4867	49.8066	36.9359	
30.0678	23.0234	105.682	43.1309	
26.7762	27.0547	101.21	47.7567	
30.0128	25.5224	77.7596	47.264	
28.3929	17.1112	77.1765	41.1122	
23.9819	27.3878	79.4127	35.0411	
28.8192	18.6252	112.985	31.9672	
43.0419	26.4226	95.0155	48.0286	
31.3301	15.8645	112.969	42.6346	
35.4651	17.2086	90.0484	41.6323	
26.202	20.81	85.7449	25.4085	
29.1466	23.1049	63.1056	44.5692	
31.0667	18.3875	96.4023	45.8651	
30.4803	27.7051	70.5557	39.0326	
27.2792	24.7308	94.6931	48.3693	
34.5001	25.7726	81.1438	37.9583	
22.6502	16.72	79.8186	41.9244	
22.3103	22.306	86.7412	43.7195	
30.9561	18.8567	75.0844	44.8067	
37.8069	11.9511	89.415	35.255	
21.7194	12.1152	103.655	40.1911	
39.117	24.8236	77.8677	27.4569	
26.1162	18.7514	58.0028	42.5122	
35.4734	21.3419	78.3868	47.8884	
36.2375	20.6063	76.4941	46.7061	
29.6917	16.3392	84.4055	45.936	
41.4485	26.4394	78.2123	43.7634	
37.5457	8.48551	71.8311	34.3061	
33.9474	18.0421	111.926	39.822	
47.0055	25.4721	91.3846	46.8881	
35.8479	18.9981	104.224	49.5808	
17.7728	17.2777	79.7388	38.6398	
31.6776	23.8442	74.4618	43.9092	
31.2756	21.7545	58.746	37.4664	
45.903	22.2934	88.5618	49.0231	
29.3757	23.5105	64.2264	36.0163	
27.6324	15.234	87.9564	45.6757	
17.4572	26.4969	82.4672	49.9288	
51.3388	25.1225	105.32	29.9775	
25.9051	27.9979	78.9214	47.4186	
38.1633	21.0527	83.7257	34.421	
36.7809	15.7446	107.018	31.6707	
31.3203	25.0106	68.199	46.6844	
29.8583	25.5977	68.0271	42.2167	
25.0397	20.3389	66.5016	42.5515	
26.8798	18.4931	94.7246	42.8727	
28.7229	19.8407	72.2281	31.3341	
34.3013	21.8874	81.989	29.8915	
39.3069	18.6596	83.2546	43.4527	
38.6557	23.1885	66.6749	46.5278	
27.0994	23.4285	82.756	31.542	
33.7813	23.5735	55.7365	42.6754	
20.3309	22.7693	92.9613	39.4874	
29.2113	15.762	86.6889	49.645	
29.1777	18.0968	103.359	35.1748	
22.9553	24.5002	98.3882	27.8255	
28.8364	16.6679	86.6436	32.2679	
35.0946	18.309	80.8727	47.9391	
31.7318	10.7506	107.122	41.7435	
21.5284	24.1443	81.204	41.5241	
45.9794	16.1403	93.5414	39.9435	
51.8151	23.002	85.579	34.6922	
14.6169	24.2469	107.603	42.6416	
19.9663	19.6445	90.7797	30.7564	
27.26	22.6767	91.693	48.453	
25.6772	26.7094	92.6935	30.5569	
30.1683	26.5337	103.413	40.5078	
28.1403	13.3004	82.4128	48.0082	
28.5362	24.5875	118.911	35.125	
24.8696	20.2096	60.0357	36.2743	
26.9503	21.368	69.476	44.1019	
24.5279	22.354	110.25	34.1001	
14.1223	25.2937	69.088	41.6906	
41.6521	26.609	70.9337	27.9665	
23.9342	20.9561	98.9369	45.7231	
29.639	21.6755	76.85	46.8774	
29.7217	23.8466	65.3153	45.2658	
23.0931	19.5914	111.825	49.9746	
33.2032	25.7141	73.9081	40.1708	
28.7722	19.0698	94.5132	35.8442	
28.433	24.9466	111.16	37.2535	
41.3834	21.6	85.1467	39.3162	
22.9403	18.926	86.4073	34.6325	
29.427	20.8168	113.53	43.9122	
35.8663	8.26691	75.0628	43.1844	
22.401	26.1083	79.9642	46.7502	
24.7549	26.3938	103.207	37.6254	
43.404	18.4652	89.8869	39.9914	
27.9756	23.6015	59.7541	31.3695	
49.0044	18.656	86.7788	37.6585	
23.2031	15.1716	102.165	45.1584	
28.4435	12.9793	95.0131	37.6525	
33.2766	18.309	91.6022	43.1724	
36.393	13.1711	80.8651	31.8883	
34.5328	13.9815	79.7765	34.7286	
33.4105	18.407	103.376	49.4691	
17.5921	20.4182	82.1305	44.2841	
27.3791	20.089	95.132	24.7435	
15.9566	25.7462	98.774	48.1924	
33.0669	25.5376	85.0694	33.8862	
24.1403	9.14686	51.1771	49.9123	
32.672	20.5193	119.289	46.1516	
43.2694	19.8188	76.9841	36.1634	
39.3663	24.577	60.0273	43.5418	
22.3409	27.8249	82.5998	30.9004	
35.6735	22.302	70.4171	31.3566	
47.518	13.5068	91.4713	44.8318	
27.6405	26.7821	103.657	41.7269	
28.5119	11.1919	71.7209	48.6744	
37.98	23.472	75.9335	43.4904	
22.8041	22.6939	91.2775	32.1451	
30.9027	26.4425	92.6404	39.967	
28.5892	6.87101	75.9226	48.2239	
34.3796	13.9614	90.043	40.0648	
30.0166	16.6068	52.9324	33.3081	
32.4941	21.5751	105.632	33.0525	
31.3125	23.6749	91.1206	46.9711	
26.312	22.9808	103.005	43.1991	
25.1422	20.1912	95.0119	36.9768	
20.5733	23.1763	97.3726	44.1133	
25.7446	22.5498	98.1502	40.376	
17.3537	11.7197	104.872	41.0107	
25.6429	22.702	105.913	45.8102	
31.434	24.1425	89.6398	38.2154	
36.8648	19.1584	84.6154	39.2476	
25.0997	22.3741	48.7692	47.6522	
33.3494	20.754	92.4648	37.3598	
27.7078	25.8473	97.1891	21.9723	
23.5627	9.74131	82.2075	42.6996	
19.1126	24.7343	101.033	33.6033	
36.6005	27.5952	75.0639	45.7432	
28.3069	19.6349	98.7243	26.3226	
41.5143	21.4206	88.7901	41.8821	
24.3714	23.3825	71.6604	44.185	
22.1274	27.4956	111.862	45.3916	
31.545	23.2591	68.9914	38.0216	
39.3584	22.4206	72.6563	44.3524	
35.2107	20.3795	116.936	42.004	
27.7686	14.8919	65.9288	32.2047	
33.9392	22.9189	59.8833	47.7313	
32.8413	27.1458	95.3071	36.835	
25.2241	24.4264	97.4554	26.0375	
50.8708	20.2649	79.0992	40.5357	
23.752	26.2559	101.084	43.4814	
47.7614	20.9689	111.738	47.7454	
30.8642	16.0031	75.5496	48.0383	
21.5416	26.3032	97.4345	35.3843	
23.2089	9.88022	91.0538	32.8792	
22.6349	27.6385	55.0193	48.1063	
30.6377	21.7744	66.7274	33.5137	
21.2707	12.483	104.43	46.5766	
37.4817	23.0147	78.3098	38.8198	
21.5306	26.7628	74.0394	38.6826	
23.728	27.8539	104.369	29.8783	
40.493	15.7178	97.4034	38.5056	
27.9557	27.4557	91.7306	38.8646	
30.8939	12.5388	72.4343	45.4811	
21.7609	24.2372	110.97	41.9276	
37.4717	19.8068	75.2705	46.4162	
31.925	21.0243	79.7123	37.497	
37.1502	24.5928	71.8912	30.544	
38.8245	19.9446	112.608	39.1515	
32.3894	20.1285	83.0626	47.3262	
43.4759	27.6453	116.074	47.6312	
37.9984	17.4279	80.7308	45.1473	
30.9047	20.8586	80.9354	45.2494	
12.7623	22.8386	99.6565	38.0438	
19.6696	21.1496	72.3462	47.3842	
27.2459	26.9812	93.9256	37.4214	
23.4252	23.5182	93.9593	44.9557	
21.3603	16.342	112.463	43.2673	
45.6016	24.8015	79.014	47.2583	
35.9538	10.2937	120.661	31.9578	
28.3138	23.2371	76.2621	39.2953	
41.5182	23.2862	77.5318	40.3671	
29.7097	19.5836	95.2021	45.9544	
20.2696	26.5772	74.7412	41.986	
39.6125	17.2819	120.506	43.3704	
29.9443	24.8093	69.7993	44.7125	
29.3506	25.5048	104.308	47.4149	
25.8144	20.9719	110.04	36.614	
34.9776	25.3319	93.517	39.7049	
24.0729	18.5803	113.4	33.5938	
34.8888	20.2943	90.4956	35.7692	
27.6164	22.7613	91.7049	40.4463	
25.6	11.0413	101.82	29.5305	
21.111	25.488	77.1424	47.5202	
41.4832	24.9502	97.2927	41.7757	
31.3149	27.0506	106.878	36.6461	
27.844	17.5078	99.2796	44.3428	
43.7582	22.3499	81.278	39.2078	
35.7718	23.0537	62.6977	41.0915	
28.6227	10.7214	105.119	42.1049	
32.8177	17.1965	108.571	38.9738	
23.7229	25.0951	89.8437	36.0353	
28.9149	24.6604	116.426	43.3365	
38.9923	17.3001	70.9078	39.6232	
20.5912	15.7265	115.26	38.183	
24.2449	26.5941	122.168	43.0615	
17.677	15.9935	82.3266	43.701	
29.2343	18.8963	109.035	49.857	
26.1517	21.4475	107.075	44.9178	
40.5207	20.4419	99.0469	45.1193	
41.733	24.7946	95.4213	38.8378	
23.1649	16.5332	103.194	47.1185	
30.7432	27.4248	77.4617	49.2456	
27.316	14.3121	90.2072	49.0762	
25.4616	12.0005	73.0067	48.0618	
33.3365	27.6497	92.493	49.4818	
28.8974	22.2907	57.4488	31.8168	
29.1177	25.6691	62.5162	40.4999	
22.8327	15.5801	82.9231	47.1065	
17.9931	21.4884	57.5572	45.4953	
24.6242	22.8235	56.5626	34.4707	
33.4159	14.2404	117.528	36.5779	
23.5893	25.8036	70.2648	35.0797	
27.6203	16.1142	94.4872	44.4499	
25.066	24.0806	89.2064	22.7047	
32.1269	24.7469	71.6083	36.3346	
27.8597	26.4864	78.7476	45.2636	
31.1852	25.0294	86.8267	46.8157	
29.4883	18.381	68.0137	47.6016	
25.3076	22.4179	80.3654	47.7825	
39.2758	19.4443	119.431	42.7205	
34.2949	27.3146	81.2872	48.0293	
27.2581	15.7715	108.038	45.5732	
33.4441	19.5991	87.3185	18.7235	
23.7666	25.0128	110.257	48.7999	
24.4458	25.1073	74.725	43.4781	
37.9	27.4506	93.3804	28.5254	
32.0328	9.91339	82.3031	38.6747	
33.1377	22.085	97.6941	47.5341	
42.7194	16.7748	82.0976	43.1911	
26.0422	26.9109	88.204	47.819	
28.5346	21.7247	78.3398	24.783	
36.3325	20.4533	77.9126	41.5386	
43.0763	25.6053	70.1022	29.482	
48.2801	14.1291	93.2697	30.0512	
28.1232	26.8893	109.652	30.3241	
27.4774	9.37727	73.6364	31.5464	
38.4779	25.5732	75.2609	44.5356	
31.4446	25.6578	122.359	48.015	
37.8886	24.0385	70.9885	28.5118	
23.2252	24.0909	73.8303	41.7161	
23.6069	12.6951	89.7597	45.637	
22.3531	21.1476	113.948	40.9614	
26.2497	26.411	80.2742	46.3946	
46.3904	15.6711	89.1112	32.9909	
23.2573	19.592	109.756	41.8182	
36.377	24.2322	114.674	34.726	
19.3936	27.3893	71.534	36.5264	
26.7492	22.8935	99.3503	26.652	
28.2427	24.3884	84.7942	36.436	
37.1663	20.425	106.444	45.7795	
37.3458	23.4307	71.9965	49.889	
34.5014	20.0015	106.45	39.9125	
25.0726	25.8854	87.4593	45.3058	
34.2372	23.8015	113.499	33.9517	
24.3483	13.4529	86.6958	36.3151	
34.4776	23.8263	101.927	45.3134	
35.4989	17.5907	99.5903	46.7575	
38.7465	14.6819	89.8625	47.1566	
26.2162	23.5384	57.3831	39.9689	
26.0199	18.9536	87.8558	44.1888	
42.1161	25.2607	108.792	26.7417	
14.6111	20.1727	61.0196	34.6127	
25.5242	19.8422	81.8158	39.105	
30.5362	12.5923	98.6465	46.1339	
30.8575	21.396	68.1354	38.1521	
34.469	25.7876	95.3634	40.0279	
15.7151	23.4734	71.0621	47.6398	
34.9601	26.8851	96.4512	40.4176	
27.0551	21.9434	99.8615	36.8677	
20.3196	24.2057	92.0161	36.8268	
31.5295	23.9356	82.5387	38.0216	
20.5675	24.2175	73.413	49.0857	
34.6901	15.5541	75.8607	40.8379	
18.938	27.8008	81.4429	41.1576	
20.7238	18.4982	100.286	22.7402	
14.19	20.9915	88.556	28.6467	
19.1426	24.7044	85.8472	33.1012	
26.7666	25.4751	101.686	39.2863	
28.0441	27.7317	119.771	43.4982	
32.1887	27.5548	110.223	40.3734	
50.1149	22.8644	99.1109	22.2798	
34.1394	27.2253	91.7222	34.2352	
29.2689	11.9353	95.3671	38.4092	
31.5156	10.9163	110.64	43.2347	
18.246	16.4162	111.309	40.0207	
21.3623	25.4084	84.0849	43.9139	
45.4365	11.7459	96.6736	36.3152	
19.4054	20.4097	81.8214	38.1661	
30.6259	19.3065	88.3483	30.2668	
28.6712	18.8961	72.0128	43.9559	
36.9705	27.8034	66.6702	34.5018	
36.8983	24.5082	101.296	44.1515	
23.4122	14.5717	75.0778	41.2613	
35.4933	23.4661	110.378	35.0741	
38.0082	19.1988	108.919	27.2772	
16.5101	20.7876	89.1456	44.9658	
30.461	26.3136	69.859	43.7508	
22.1457	15.7777	111.792	45.5075	
29.1206	20.266	83.8836	32.1181	
36.9116	25.5201	100.81	30.6833	
31.6577	16.4506	51.1391	48.6682	
21.6877	18.1523	82.7893	43.592	
28.0064	19.5663	80.7333	33.0444	
19.3897	25.0381	80.4122	39.3603	
33.8278	22.1884	88.8347	47.8371	
34.2111	23.7546	121.81	34.8595	
22.4079	16.4973	60.1075	32.7995	
22.8822	21.2531	108.269	45.74	
26.3627	14.61	92.9568	38.3129	
27.5632	13.2686	91.6239	41.2762	
26.6036	13.4304	100.178	48.2789	
25.5208	14.7755	45.4672	31.4936	
20.5949	20.397	112.739	35.3667	
28.7732	26.9452	87.3407	25.4215	
28.4419	26.2357	59.2551	48.1115	
23.3672	27.0721	83.6078	41.1118	
34.2425	16.9644	98.7793	42.2557	
35.0349	17.1218	86.9847	39.8818	
25.7717	22.1259	97.979	32.286	
25.3937	15.8933	87.8584	47.7614	
33.2159	15.3245	90.5088	41.2713	
22.9103	27.1613	84.0886	39.7604	
28.545	21.774	90.7625	42.7016	
30.1956	24.0333	85.8323	39.3693	
40.71	19.0572	91.5803	27.3553	
45.9395	26.6588	86.0213	43.3547	
40.9225	22.3532	89.2282	47.3674	
28.1115	27.3685	90.0564	48.0837	
35.825	19.3097	97.9011	32.6929	
18.4154	19.6127	91.6704	49.4222	
23.1217	27.1219	95.0424	47.6985	
35.737	14.1697	104.635	47.1181	
24.5978	27.3234	89.4501	42.911	
20.0528	26.2239	83.765	40.9152	
41.0592	23.373	92.179	49.4193	
32.8758	20.5774	97.7017	42.6926	
25.8169	26.7677	97.8508	36.4772	
26.8545	22.0649	88.8925	31.0137	
30.6219	24.8662	97.0272	42.5871	
20.8706	17.9525	81.5026	46.4921	
33.9823	25.8273	104.986	43.8931	
33.0341	22.1364	98.8785	37.7759	
33.2861	27.3298	90.4754	28.5106	
29.4131	19.1565	118.002	46.775	
23.9614	20.9767	62.951	42.3081	
36.3607	21.7234	86.9602	26.9707	
27.8472	19.2421	108.682	36.4162	
22.7459	23.7	88.5877	33.9971	
25.8889	24.2553	73.1406	45.9091	
16.1085	24.8113	72.3106	31.0822	
26.0759	15.0701	105.268	40.7882	
32.6643	17.9408	97.6416	40.0713	
31.4844	26.8431	90.3116	44.6215	
15.6507	25.6641	81.1807	46.9287	
30.6704	27.196	67.832	37.5378	
25.5901	21.9094	111.019	44.7141	
33.1203	17.0845	72.789	41.835	
32.302	27.1045	85.1129	43.5433	
36.8114	27.8983	85.8266	45.4521	
31.1813	27.6054	69.4646	37.3367	
27.7549	18.0173	98.2082	34.8849	
45.7029	26.7271	75.1597	40.9811	
24.0382	13.8054	65.3903	24.8206	
43.4755	20.0777	110.306	41.3227	
30.2746	17.8497	78.456	38.785	
46.8377	23.6844	99.7875	29.197	
32.0888	16.8514	84.217	49.7962	
25.2894	13.0352	67.7781	45.3866	
28.5981	16.6159	83.5826	32.3804	
13.23	27.5423	69.8737	49.5059	
27.1536	21.5567	96.9765	45.9897	
23.6342	20.2513	95.3717	29.2102	
33.8881	22.4823	54.2887	49.795	
19.5065	27.3262	97.1413	41.7687	
27.3511	26.6172	77.6585	39.1043	
14.0757	11.8022	93.1002	25.8165	
41.4338	27.4483	112.045	45.8297	
41.6845	11.4085	113.972	39.264	
26.4423	20.6895	104.025	41.9459	
20.8242	27.6618	115.53	39.8568	
39.0111	19.0935	83.9274	39.7208	
33.6941	21.4072	61.9843	43.6802	
26.9946	20.8202	100.697	30.2869	
29.0052	14.0456	72.1909	47.6926	
28.8288	16.1137	94.844	40.0033	
36.6739	14.2871	73.6979	30.6193	
32.6185	14.1582	106.741	34.6267	
24.768	15.5633	100.07	33.1279	
41.8505	18.6989	82.729	41.9022	
37.5093	13.1525	82.4892	44.0163	
28.2621	21.6717	62.7132	42.4194	
34.302	20.1025	87.7794	46.9406	
38.608	25.9554	64.4524	29.833	
33.6013	20.83	78.1031	32.5619	
40.5408	25.7444	79.7372	40.6375	
18.2196	8.86352	96.0328	34.2268	
34.4858	27.8937	84.3872	37.7914	
28.5264	16.8151	66.0224	36.0123	
20.7009	22.3209	76.3506	47.2887	
32.5803	17.8393	97.3924	35.9575	
27.5689	8.1872	76.6181	34.6718	
24.0283	25.5862	75.0047	46.3136	
33.4059	12.2853	93.4345	29.8911	
30.9989	18.5489	100.727	49.8038	
36.2509	24.3238	105.426	37.8531	
27.944	18.9163	75.5397	31.089	
29.3999	25.2162	86.632	43.7412	
38.5282	23.7836	83.2876	27.7823	
28.2074	18.9542	105.37	46.3513	
22.0669	26.6086	79.9193	41.3794	
22.5765	14.4005	65.6051	45.1712	
23.6268	26.6798	104.367	38.3867	
38.5852	27.5443	78.6672	49.0996	
39.3907	26.8353	104.393	43.5869	
24.8217	14.6419	83.1482	44.1573	
29.9793	13.62	92.0994	45.5598	
31.4072	24.0509	98.6936	29.0171	
27.959	11.8167	80.8338	36.162	
32.9527	14.5241	116.577	42.4559	
24.4863	12.3676	84.8839	42.7608	
28.7869	13.8736	64.7858	44.4345	
41.496	25.252	98.0275	36.9074	
35.3041	16.5595	93.3373	31.5326	
24.3636	25.5016	61.8645	33.2899	
26.6533	19.019	101.921	19.1521	
35.8934	17.8762	88.332	25.8103	
40.5696	10.5957	61.3089	49.5416	
24.1343	18.5753	96.9246	47.5511	
16.2492	21.7505	91.8665	49.3018	
35.5773	17.9275	91.1632	41.2888	
29.0156	21.9813	63.3844	36.6919	
23.8746	18.3265	104.532	30.2822	
40.2386	26.9174	114.673	44.7849	
25.9712	12.6865	113.623	45.2039	
23.3313	18.3879	75.2115	46.7788	
43.73	15.7142	79.5703	49.9309	
26.6738	25.3908	70.2644	39.5129	
30.1611	20.7419	110.842	47.1905	
22.5834	16.3402	111.133	45.0976	
20.7934	15.493	73.3794	34.6085	
31.9153	25.2438	86.2281	41.9116	
39.4889	19.4762	81.9881	47.4775	
23.824	25.8	89.8003	47.6088	
23.1656	13.7237	99.4675	32.6025	
33.526	26.8821	65.029	36.8485	
25.2463	23.3243	105.164	36.9999	
22.7034	18.7325	80.4705	40.2386	
28.5944	26.2241	90.5102	40.7123	
24.0422	23.1938	68.6876	46.2493	
41.2446	17.2059	93.0128	48.8733	
33.8055	24.9672	74.9217	34.0472	
33.216	11.5844	94.53	49.9852	
20.3417	22.0677	103.191	45.196	
31.8506	19.4864	102.634	28.3774	
33.0322	17.4826	114.885	47.1951	
37.4221	23.1654	88.3165	39.6712	
25.4072	26.2158	67.1107	38.1106	
36.5741	17.802	78.0251	49.8831	
30.9922	14.7199	75.8071	40.7512	
31.6153	10.3221	63.7181	45.1067	
29.1221	20.0765	109.86	42.1812	
27.7991	18.1657	91.4754	35.2321	
21.3023	25.2916	113.204	39.3651	
36.7534	24.3791	106.216	43.7631	
40.9216	24.2805	108.704	42.4855	
16.7907	24.708	96.3402	42.02	
27.9787	20.1954	71.5756	32.8757	
19.5779	22.3424	89.5137	44.5866	
28.5827	20.115	113.243	47.4293	
42.3385	20.1595	65.6585	35.7295	
33.4847	27.1179	81.7396	35.0615	
30.7454	17.5575	103.635	35.3449	
23.3526	22.7305	78.2215	34.422	
40.1003	26.545	90.4429	30.4881	
31.939	16.3556	58.4154	41.7767	
24.7928	25.3543	92.2186	32.6675	
41.982	24.6842	109.561	39.129	
26.8621	25.8954	56.0466	46.852	
19.8953	19.3943	111.811	49.8756	
20.4121	17.795	77.5897	46.7071	
31.9672	17.1039	89.4082	46.8403	
31.7093	17.8964	79.8532	25.5086	
43.204	26.3123	101.222	31.0597	
31.0892	16.8763	70.5265	37.5213	
33.9375	23.6908	95.84	48.3117	
20.4141	24.212	99.3124	34.708	
30.5558	22.1387	59.9426	45.4711	
26.1479	10.2916	56.6129	32.4488	
34.0052	18.5559	58.9772	43.1425	
27.8508	24.7915	99.7589	43.47	
20.7879	15.2898	107.141	49.9483	
32.0423	19.6279	76.6931	25.3656	
28.3436	21.6406	86.4797	32.0797	
21.881	22.9966	92.8251	44.6062	
24.5252	24.7521	91.0722	40.1036	
20.5536	27.6386	73.2724	33.1589	
37.6687	23.7151	109.033	37.7878	
32.467	17.6286	83.671	43.7127	
25.7621	22.1756	70.9226	39.2893	
27.262	18.5605	72.1473	27.813	
37.8657	16.9861	86.3088	37.3957	
18.2264	25.6851	102.921	49.0328	
17.776	19.5109	72.4049	47.312	
25.6728	21.9219	96.6048	35.4832	
27.6322	27.7527	92.1209	37.8272	
15.2136	22.5187	68.9184	35.745	
26.7733	25.4928	61.4609	43.9327	
30.607	14.0549	87.68	39.5967	
17.0987	27.4749	65.507	42.3629	
25.469	22.5285	106.977	33.0931	
15.5272	27.194	112.135	38.9815	
29.985	25.3026	100.398	47.7302	
42.0481	21.9955	69.8666	30.4114	
30.7036	16	80.4103	42.2137	
30.7844	27.5975	71.6344	46.3096	
28.3251	25.7966	76.968	48.176	
36.4874	25.8855	96.3171	32.0573	
32.3093	24.9669	76.6155	41.0628	
33.2224	19.8355	79.2337	22.6242	
16.2553	24.8768	101.503	45.5543	
23.0048	23.4487	95.0856	48.6341	
28.9014	25.8367	97.1548	27.2979	
29.5381	27.7156	107.825	44.1065	
31.239	18.2868	88.7083	45.0373	
38.767	17.5639	84.5873	33.7872	
20.9686	17.0456	96.1853	39.3319	
35.3383	20.2026	103.502	30.3792	
37.3611	19.0101	78.3547	43.0722	
38.0903	21.2752	81.3489	48.9913	
37.7847	26.76	91.9587	38.3234	
24.9913	23.997	90.0046	31.178	
30.8184	22.3868	103.358	31.437	
20.7485	21.9422	121.142	24.0043	
25.4747	27.738	78.0171	34.3575	
23.8553	11.4421	102.274	34.1129	
21.7887	26.0666	79.246	44.2447	
33.8128	24.853	71.1363	44.6188	
50.0645	21.1484	94.5993	35.6848	
32.2296	27.9214	92.1409	43.1217	
23.9529	27.4019	94.4853	47.925	
35.9235	16.0838	86.927	42.301	
43.2354	18.0498	118.953	42.5545	
35.1166	19.1634	102.634	32.1052	
40.2538	26.4287	71.2705	38.0726	
27.2719	15.3566	114.304	23.1347	
34.6601	17.6778	88.6621	37.6878	
25.3351	10.4728	96.6742	44.1752	
28.5705	11.8028	61.0755	32.3206	
48.0089	24.8928	71.9256	46.4692	
35.7501	27.9823	86.833	34.3666	
30.5548	20.0476	120.329	47.0605	
28.0396	16.5499	106.703	45.8675	
20.3252	13.4452	103.5	46.8823	
20.107	16.3213	122.104	38.7587	
29.163	15.759	75.032	40.6104	
42.9569	17.2712	80.1783	47.3658	
32.2434	27.9108	86.6035	41.2829	
32.4488	22.6512	116.216	41.0929	
29.4166	20.3179	62.7526	40.0609	
21.7686	26.5181	93.8682	29.7274	
25.9636	19.3784	98.7997	48.8167	
25.0381	26.527	91.3883	45.0348	
24.1921	27.1615	98.7912	45.6942	
16.9836	25.4404	97.451	43.4918	
17.0772	21.7107	100.595	23.8017	
29.2271	19.638	86.9111	33.4116	
19.3735	18.2936	89.2304	48.7199	
32.3707	22.1485	73.0376	45.6452	
32.9626	25.9314	99.5709	37.8957	
24.8851	16.3487	88.4044	48.7946	
41.3347	25.7747	104.242	45.243	
48.2483	22.0804	108.094	31.443	
36.3259	23.9768	67.5733	35.2064	
29.0233	14.4697	72.8205	38.0049	
27.4242	24.8393	109.63	26.9027	
24.2727	24.7381	96.2539	42.3999	
19.0323	17.0834	90.2057	35.0005	
32.3469	23.238	110.971	35.6176	
26.3097	25.6584	95.772	24.9474	
27.0775	8.29866	78.4188	30.4421	
19.8905	20.4005	70.5606	31.8614	
28.5475	20.6896	79.8025	45.9166	
41.0983	15.6636	74.3161	36.4696	
46.692	20.7756	87.6113	43.0013	
33.5281	18.0499	80.4527	25.9793	
34.1171	14.4463	97.9705	34.9742	
31.8407	20.3051	102.637	40.241	
24.0412	27.4729	99.0463	42.6913	
24.0572	18.6626	93.5714	49.5007	
36.0337	22.5699	96.3634	24.9526	
25.4502	27.9063	120.07	40.0594	
22.0997	22.081	91.7208	38.8139	
32.2062	26.9785	67.7123	33.9397	
22.7822	18.2471	85.6952	49.8762	
40.324	25.4216	101.217	44.2767	
30.1507	25.5025	93.6361	38.5387	
35.3214	24.1944	87.9265	45.4686	
30.529	23.9327	64.8113	45.9518	
25.0546	25.8149	67.1755	31.3746	
25.1154	20.5904	72.3259	31.1929	

ratio[0]	ratio[1]	ratio[2]	ratio[3]	
0.404858	0.377074	0.335121	0.433463	
