

Number of valid iterations:
	TD	Fs	FD*	FF*	FD	FF	H	B	Q	ZA	Fst	Kw	Hw	R2	S	pi_w	pi_b	thetaWatt	thetaTaj	thetaFW	D/Dmin	Hnorm	maxhap	maxhap1	Rm	ThetaFL	ThetaL	ZengE
locus_0	1000	1000	1000	1000	1000	1000	1000	1000	1000	1000	0	1000	1000	1000	1000	1000	1000	1000	1000	1000	1000	1000	1000	1000	1000	1000	1000	1000	1000	0	1000
locus_1	1000	1000	1000	1000	1000	1000	1000	1000	1000	1000	0	1000	1000	1000	1000	1000	1000	1000	1000	1000	1000	1000	1000	1000	1000	1000	1000	1000	1000	0	1000
locus_2	1000	1000	1000	1000	1000	1000	1000	1000	1000	1000	0	1000	1000	1000	1000	1000	1000	1000	1000	1000	1000	1000	1000	1000	1000	1000	1000	1000	1000	0	1000
locus_3	1000	1000	1000	1000	1000	1000	1000	1000	1000	1000	0	1000	1000	1000	1000	1000	1000	1000	1000	1000	1000	1000	1000	1000	1000	1000	1000	1000	1000	0	1000
average	1000	1000	1000	1000	1000	1000	1000	1000	1000	1000	0	1000	1000	1000	1000	1000	1000	1000	1000	1000	1000	1000	1000	1000	1000	1000	1000	1000	1000	0	1000
variance	1000	1000	1000	1000	1000	1000	1000	1000	1000	1000	0	1000	1000	1000	1000	1000	1000	1000	1000	1000	1000	1000	1000	1000	1000	1000	1000	1000	1000	0	1000

PERCENTILES:

locus_0

	TD	Fs	FD*	FF*	FD	FF	H	B	Q	ZA	Fst	Kw	Hw	R2	S	pi_w	pi_b	thetaWatt	thetaTaj	thetaFW	D/Dmin	Hnorm	maxhap	maxhap1	Rm	ThetaFL	ThetaL	ZengE
 0.1%	-2.52125	-20.4695	-4.29666	-4.38619	-4.99398	-4.93622	-10.1333	0	0	0.00159137	na	0.266667	0.643678	0.0340849	20	0	0	5.0484	1.3954	0.0666667	-0.983293	-3.11075	0.1	0.166667	0	3	0.793103	-2.45161	0.0644444	na	0.135345
 1.0%	-2.30706	-17.3586	-3.67294	-3.75404	-4.27808	-4.25387	-5.33333	0	0	0.0030777	na	0.333333	0.705747	0.039298	20	0	0	5.0484	1.70575	0.114943	-0.899756	-1.63724	0.133333	0.2	0	4	0.965517	-2.35228	0.0688889	na	0.168344
 2.5%	-2.20075	-15.4795	-3.36108	-3.49351	-3.92013	-3.92841	-3.77011	0	0	0.00541646	na	0.366667	0.754023	0.0420416	20	0	0	5.0484	1.85977	0.190805	-0.858297	-1.15736	0.133333	0.2	0	5	1.10345	-2.27281	0.0755556	na	0.187419
 5.0%	-2.08334	-13.6105	-3.04922	-3.24843	-3.56218	-3.67695	-2.41839	0	0	0.0086377	na	0.4	0.786207	0.0451999	20	0	0	5.0484	2.02989	0.28046	-0.812506	-0.742402	0.133333	0.233333	0	6	1.24138	-2.19335	0.08	na	0.202608
10.0%	-1.95958	-12.3328	-2.73736	-2.98166	-3.20423	-3.37573	-1.38851	0	0	0.0155909	na	0.433333	0.816092	0.0493985	20	0	0	5.0484	2.2092	0.482759	-0.76424	-0.426246	0.166667	0.233333	0	7	1.48276	-2.05428	0.0888889	na	0.223535
25.0%	-1.63432	-9.5727	-2.4255	-2.50635	-2.84628	-2.86626	0.23908	0	0	0.0389845	na	0.466667	0.868966	0.0584913	20	0	0	5.0484	2.68046	1.11034	-0.637388	0.0733934	0.2	0.3	0	9	2.03448	-1.73641	0.104444	na	0.260167
50.0%	-1.23766	-6.72331	-1.80178	-1.86647	-2.13038	-2.15117	1.30575	0.0526316	0.1	0.076424	na	0.5	0.903448	0.0714456	20	0	0	5.0484	3.25517	2.17011	-0.48269	0.400841	0.266667	0.333333	0	11	2.7931	-1.29935	0.126667	na	0.315446
75.0%	-0.775949	-4.14107	-1.17806	-1.21708	-1.41448	-1.41774	1.95862	0.105263	0.15	0.128293	na	0.566667	0.926437	0.0881124	20	0	0	5.0484	3.92414	3.4069	-0.302622	0.601261	0.333333	0.433333	1	13	3.68966	-0.782815	0.16	na	0.387701
90.0%	-0.279332	-2.28077	-0.554338	-0.625623	-0.698577	-0.750452	2.26207	0.157895	0.25	0.191962	na	0.6	0.942529	0.105959	20	0	0	5.0484	4.64368	4.9954	-0.10894	0.694414	0.4	0.5	1	14	4.58621	-0.266283	0.208889	na	0.483871
95.0%	0.0348226	-1.23669	-0.242478	-0.254289	-0.340627	-0.330697	2.49195	0.210526	0.3	0.236784	na	0.6	0.951724	0.118714	20	0	0	5.0484	5.09885	6.15862	0.0135809	0.764985	0.433333	0.533333	2	15	5.24138	0.111184	0.24	na	0.602076
97.5%	0.310898	-0.431425	0.0693824	0.0608987	0.0173236	0.0281583	2.69425	0.210526	0.35	0.283363	na	0.633333	0.956322	0.129011	20	0	0	5.0484	5.49885	7.14023	0.121251	0.827087	0.5	0.566667	2	16	5.89655	0.48865	0.271111	na	0.818952
99.0%	0.855115	0.663014	0.381243	0.318456	0.375274	0.313016	2.85977	0.263158	0.4	0.350233	na	0.633333	0.963218	0.149106	20	0	0	5.0484	6.28736	8.97701	0.333496	0.877897	0.533333	0.6	2	17	6.58621	0.885983	0.308889	na	1.17145
99.9%	1.61511	1.44224	0.693103	0.990421	0.733224	1.05365	3.14483	0.473684	0.5	0.510883	na	0.7	0.965517	0.176327	20	0	0	5.0484	7.38851	10.4483	0.629897	0.965405	0.6	0.666667	3	18	7.96552	1.68065	0.375556	na	2.63238

locus_1

	TD	Fs	FD*	FF*	FD	FF	H	B	Q	ZA	Fst	Kw	Hw	R2	S	pi_w	pi_b	thetaWatt	thetaTaj	thetaFW	D/Dmin	Hnorm	maxhap	maxhap1	Rm	ThetaFL	ThetaL	ZengE
 0.1%	-1.94429	-9.62006	-2.27595	-2.4683	-3.04218	-3.30827	-10.3111	0	0	0.0123457	na	0.2	0.2	0.0597242	11	0	0	3.88834	2.2	0.244444	-1	-4.4342	0.1	0.2	0	0	1.22222	-2.31104	0.1	na	0.196507
 1.0%	-1.94429	-8.04777	-2.27595	-2.4683	-2.61441	-2.93233	-5.15556	0	0	0.0200617	na	0.4	0.6	0.0729794	11	0	0	3.88834	2.2	0.311111	-1	-2.2171	0.1	0.2	0	1	1.33333	-2.21473	0.1	na	0.216346
 2.5%	-1.94429	-5.93689	-2.27595	-2.4683	-2.61441	-2.83208	-4.17778	0	0	0.0339506	na	0.4	0.666667	0.0830497	11	0	0	3.88834	2.2	0.444444	-1	-1.79662	0.2	0.3	0	1	1.55556	-2.0221	0.12	na	0.226131
 5.0%	-1.76515	-5.5314	-1.93522	-2.12993	-2.18663	-2.45614	-3.28889	0	0	0.0493827	na	0.5	0.711111	0.08974	11	0	0	3.88834	2.35556	0.577778	-0.907865	-1.41436	0.2	0.3	0	2	1.66667	-1.92579	0.12	na	0.238095
10.0%	-1.56043	-4.15892	-1.59449	-1.79156	-2.18663	-2.30576	-1.6	0	0	0.0787037	na	0.5	0.777778	0.0960234	11	0	0	3.88834	2.53333	0.866667	-0.802568	-0.688066	0.2	0.3	0	3	2	-1.63685	0.14	na	0.255682
25.0%	-1.15097	-2.97365	-1.25376	-1.35347	-1.33108	-1.5873	-0.177778	0.1	0.181818	0.145503	na	0.6	0.844444	0.114552	11	0	0	3.88834	2.88889	1.64444	-0.591973	-0.0764518	0.2	0.3	0	4	2.33333	-1.34791	0.16	na	0.292208
50.0%	-0.639148	-1.49388	-0.572297	-0.66961	-0.903311	-0.969089	1.06667	0.1	0.181818	0.231481	na	0.7	0.911111	0.135794	11	0	0	3.88834	3.33333	2.51111	-0.328731	0.458711	0.3	0.4	0	6	3.11111	-0.67372	0.18	na	0.351562
75.0%	0.0262192	-0.311145	0.109164	-0.00712352	-0.0477638	-0.142022	1.77778	0.3	0.363636	0.343915	na	0.8	0.933333	0.161805	11	0	0	3.88834	3.91111	3.91111	0.0134852	0.764518	0.4	0.5	0	7	3.88889	0.000472852	0.24	na	0.636792
90.0%	0.691586	0.963511	0.449894	0.580567	0.38001	0.584795	2.13333	0.4	0.454545	0.462103	na	0.8	0.955556	0.189382	11	0	0	3.88834	4.48889	5.11111	0.355701	0.917421	0.5	0.6	0	9	4.55556	0.578352	0.3	na	1.05469
95.0%	0.921906	1.40211	0.790625	0.861945	0.807783	0.935672	2.31111	0.5	0.545455	0.552469	na	0.9	0.977778	0.199351	11	0	0	3.88834	4.68889	6.13333	0.47416	0.993873	0.5	0.6	0	9	4.88889	0.867292	0.36	na	1.36364
97.5%	1.15223	1.99217	0.790625	1.03291	1.23556	1.16959	2.4	0.6	0.636364	0.616567	na	0.9	0.977778	0.216607	11	0	0	3.88834	4.88889	7.35556	0.59262	1.0321	0.6	0.7	0	10	5.33333	1.25254	0.4	na	1.74419
99.0%	1.66405	3.2098	1.13136	1.34991	1.23556	1.54553	2.48889	0.7	0.727273	0.716049	na	0.9	0.977778	0.239939	11	0	0	3.88834	5.33333	8.02222	0.855863	1.07032	0.6	0.8	0	10	5.88889	1.73411	0.44	na	2.27273
99.9%	2.12468	5.2853	1.47209	1.54936	1.66333	1.77945	2.66667	0.9	0.909091	0.90625	na	1	1	0.253994	11	0	0	3.88834	5.73333	9.46667	1.09278	1.14678	0.7	0.8	0	11	6.44444	2.21568	0.52	na	2.9717

locus_2

	TD	Fs	FD*	FF*	FD	FF	H	B	Q	ZA	Fst	Kw	Hw	R2	S	pi_w	pi_b	thetaWatt	thetaTaj	thetaFW	D/Dmin	Hnorm	maxhap	maxhap1	Rm	ThetaFL	ThetaL	ZengE
 0.1%	-2.4279	-25.0623	-3.57174	-3.70236	-4.46574	-4.51475	-14.8478	0	0	0.00559819	na	0.583333	0.884058	0.0324043	46	0	0	12.3183	4.57971	0.492754	-0.912035	-2.07081	0.0416667	0.0833333	0	10	2.86957	-2.66998	0.0416667	na	0.0759285
 1.0%	-2.21874	-19.7988	-3.29852	-3.39166	-3.96362	-3.99645	-9.02174	0	0	0.0201615	na	0.625	0.934783	0.0387264	46	0	0	12.3183	5.24638	0.778986	-0.833464	-1.25825	0.0833333	0.0833333	0	13	3.30435	-2.54712	0.0451389	na	0.0804899
 2.5%	-2.13234	-17.9416	-3.16192	-3.25318	-3.79625	-3.81708	-6.85507	0	0	0.0277753	na	0.666667	0.942029	0.0436812	46	0	0	12.3183	5.52174	1.12319	-0.801011	-0.956068	0.0833333	0.0833333	0	15	3.69565	-2.43655	0.0451389	na	0.0843779
 5.0%	-2.03458	-16.8068	-3.02531	-3.11428	-3.46151	-3.63481	-4.15942	0	0	0.0327694	na	0.708333	0.952899	0.0471462	46	0	0	12.3183	5.83333	1.67391	-0.764288	-0.580109	0.0833333	0.0833333	0	17	4	-2.35055	0.0451389	na	0.0884049
10.0%	-1.91977	-15.1635	-2.7521	-2.84502	-3.29414	-3.40806	-1.98551	0	0	0.0429702	na	0.75	0.963768	0.050532	46	0	0	12.3183	6.19928	2.29348	-0.72116	-0.276916	0.0833333	0.0833333	1	18	4.6087	-2.17854	0.0486111	na	0.0971489
25.0%	-1.66969	-12.174	-2.34228	-2.41729	-2.79203	-2.92264	0.905797	0.0222222	0.0434783	0.0641491	na	0.791667	0.974638	0.0593971	46	0	0	12.3183	6.99638	3.72826	-0.627216	0.12633	0.0833333	0.125	1	22	5.65217	-1.88368	0.0520833	na	0.111335
50.0%	-1.3048	-9.13074	-1.79585	-1.88668	-2.12255	-2.29847	3.03623	0.0444444	0.0869565	0.0942862	na	0.833333	0.985507	0.0717032	46	0	0	12.3183	8.15942	5.70652	-0.490145	0.423459	0.125	0.166667	1	25	7	-1.50282	0.0555556	na	0.13062
75.0%	-0.901254	-6.2948	-1.24942	-1.35067	-1.62044	-1.69025	4.37681	0.0888889	0.130435	0.130527	na	0.875	0.98913	0.0866874	46	0	0	12.3183	9.44565	7.82971	-0.338555	0.610428	0.125	0.166667	2	29	8.43478	-1.09738	0.0659722	na	0.165269
90.0%	-0.453379	-4.25829	-0.839605	-0.835056	-0.950955	-1.07429	5.2971	0.111111	0.195652	0.173293	na	0.916667	0.992754	0.103115	46	0	0	12.3183	10.8732	10.6087	-0.170311	0.73878	0.166667	0.208333	3	32	10.2174	-0.593658	0.0763889	na	0.279494
95.0%	-0.181698	-3.11808	-0.566392	-0.563506	-0.783584	-0.74311	5.68841	0.155556	0.23913	0.20665	na	0.958333	0.996377	0.113649	46	0	0	12.3183	11.7391	12.1449	-0.0682547	0.793354	0.208333	0.25	3	33	11.2609	-0.298796	0.0833333	na	0.402724
97.5%	-0.0327855	-2.30793	-0.293179	-0.370048	-0.448843	-0.522643	5.94203	0.177778	0.26087	0.233607	na	0.958333	0.996377	0.120131	46	0	0	12.3183	12.2138	14.4529	-0.0123158	0.828727	0.208333	0.291667	3	35	12	-0.0899348	0.09375	na	0.582688
99.0%	0.176375	-1.30268	-0.0199659	-0.101414	-0.114102	-0.190008	6.3913	0.222222	0.282609	0.273693	na	0.958333	0.996377	0.128158	46	0	0	12.3183	12.8804	16.8696	0.0662548	0.891387	0.25	0.291667	4	36	13.1304	0.2295	0.104167	na	0.834066
99.9%	0.760658	-0.347693	0.116641	0.247393	0.0532685	0.215633	6.80435	0.355556	0.413043	0.382426	na	1	1	0.148556	46	0	0	12.3183	14.7428	20.4674	0.28574	0.948993	0.333333	0.375	4	37	15.8696	1.00351	0.142361	na	2.18354

locus_3

	TD	Fs	FD*	FF*	FD	FF	H	B	Q	ZA	Fst	Kw	Hw	R2	S	pi_w	pi_b	thetaWatt	thetaTaj	thetaFW	D/Dmin	Hnorm	maxhap	maxhap1	Rm	ThetaFL	ThetaL	ZengE
 0.1%	-2.05014	-10.7976	-2.45306	-2.67162	-3.26638	-3.53494	-9.60606	0	0	0.00950413	na	0.5	0.681818	0.0484655	17	0	0	5.62937	2.9697	0.30303	-0.95123	-2.93749	0.0833333	0.0833333	0	0	1.63636	-2.50727	0.0833333	na	0.1375
 1.0%	-2.05014	-9.93135	-2.45306	-2.67162	-2.95142	-3.22666	-6.57576	0	0	0.0252224	na	0.5	0.772727	0.0618001	17	0	0	5.62937	2.9697	0.393939	-0.95123	-2.01084	0.0833333	0.166667	0	3	1.81818	-2.39311	0.0833333	na	0.152425
 2.5%	-1.86327	-8.91333	-2.20424	-2.40688	-2.63645	-2.9266	-4.33333	0	0	0.038902	na	0.583333	0.833333	0.0663424	17	0	0	5.62937	3.21212	0.575758	-0.864527	-1.32512	0.0833333	0.166667	0	4	2.09091	-2.22186	0.0833333	na	0.160194
 5.0%	-1.7348	-8.04889	-1.95542	-2.16637	-2.63645	-2.79507	-2.81818	0	0	0.0590909	na	0.666667	0.878788	0.0735497	17	0	0	5.62937	3.37879	0.80303	-0.804919	-0.861789	0.0833333	0.166667	0	5	2.27273	-2.10769	0.0833333	na	0.167089
10.0%	-1.55962	-6.87018	-1.70661	-1.90855	-2.32149	-2.48679	-1.30303	0	0	0.0818684	na	0.666667	0.909091	0.0801136	17	0	0	5.62937	3.60606	1.30303	-0.723635	-0.398461	0.166667	0.166667	0	6	2.63636	-1.87936	0.0972222	na	0.178378
25.0%	-1.16252	-5.55134	-1.45779	-1.50192	-1.69156	-1.899	0.333333	0.0625	0.117647	0.129044	na	0.75	0.939394	0.0945456	17	0	0	5.62937	4.12121	2.09091	-0.539391	0.101932	0.166667	0.25	0	7	3.27273	-1.47977	0.0972222	na	0.199396
50.0%	-0.78879	-3.78288	-0.960155	-0.937837	-1.06163	-1.25367	1.63636	0.125	0.176471	0.186177	na	0.833333	0.969697	0.108665	17	0	0	5.62937	4.60606	3.24242	-0.365985	0.500393	0.166667	0.25	1	9	4	-1.02311	0.111111	na	0.228374
75.0%	-0.298266	-2.27867	-0.213702	-0.382402	-0.431701	-0.587786	2.51515	0.1875	0.294118	0.261708	na	0.916667	0.984848	0.129233	17	0	0	5.62937	5.24242	4.59091	-0.13839	0.769123	0.25	0.333333	1	11	4.90909	-0.452273	0.138889	na	0.283262
90.0%	0.133863	-1.18746	0.0351152	0.0553704	-0.116736	-0.0369935	2.9697	0.25	0.411765	0.350224	na	0.916667	0.984848	0.14931	17	0	0	5.62937	5.80303	6.21212	0.0621103	0.908121	0.333333	0.416667	2	13	5.81818	0.118559	0.166667	na	0.483516
95.0%	0.437522	-0.535372	0.283933	0.351256	0.198229	0.341162	3.12121	0.3125	0.411765	0.390826	na	1	1	0.161393	17	0	0	5.62937	6.19697	7.48485	0.203003	0.954454	0.333333	0.416667	2	14	6.45455	0.518142	0.194444	na	0.616822
97.5%	0.694463	-0.000338921	0.53275	0.647142	0.513193	0.682325	3.27273	0.375	0.470588	0.438262	na	1	1	0.175011	17	0	0	5.62937	6.5303	8.48485	0.322219	1.00079	0.416667	0.5	3	14	6.90909	0.803559	0.222222	na	0.864629
99.0%	1.03316	0.659421	0.781568	0.898039	0.828158	0.998825	3.36364	0.375	0.588235	0.488811	na	1	1	0.189209	17	0	0	5.62937	6.9697	10.2879	0.479368	1.02859	0.5	0.583333	3	15	7.36364	1.08898	0.291667	na	1.23134
99.9%	1.43025	1.37496	1.2792	1.41022	1.45809	1.65238	3.60606	0.5625	0.705882	0.60679	na	1	1	0.20701	17	0	0	5.62937	7.48485	13.5758	0.663612	1.10272	0.583333	0.666667	4	16	9.54545	2.45897	0.375	na	1.86792

average

	TD	Fs	FD*	FF*	FD	FF	H	B	Q	ZA	Fst	Kw	Hw	R2	S	pi_w	pi_b	thetaWatt	thetaTaj	thetaFW	D/Dmin	Hnorm	maxhap	maxhap1	Rm	ThetaFL	ThetaL	ZengE
 0.1%	-1.87179	-11.7517	-2.44241	-2.62159	-2.77305	-2.88392	-4.25456	0.0111111	0.0217391	0.0565576	na	0.53125	0.771316	0.0638227	23.5	0	0	6.72109	3.46609	0.867269	-0.811913	-1.65562	0.141667	0.1625	0	7	2.42057	-2.11238	0.0894792	na	0.163186
 1.0%	-1.62898	-10.0516	-2.17305	-2.31901	-2.55139	-2.70939	-2.32799	0.0166667	0.0326087	0.0706693	na	0.595833	0.84143	0.0732955	23.5	0	0	6.72109	3.76675	1.39466	-0.696102	-0.621469	0.15	0.214583	0	9	2.80407	-1.86099	0.0939236	na	0.192854
 2.5%	-1.51078	-8.95043	-2.00453	-2.14526	-2.43086	-2.5662	-1.68516	0.024269	0.0413043	0.0810805	na	0.6125	0.859873	0.0772579	23.5	0	0	6.72109	3.9103	1.73508	-0.653511	-0.354425	0.160417	0.229167	0.25	9.5	3.04264	-1.73078	0.0975694	na	0.206326
 5.0%	-1.44438	-8.10856	-1.88447	-2.00983	-2.28873	-2.40906	-0.901374	0.0343385	0.0630435	0.0882209	na	0.627083	0.872604	0.079676	23.5	0	0	6.72109	4.05912	2.06246	-0.612465	-0.239685	0.170833	0.2375	0.25	10	3.18458	-1.63173	0.100764	na	0.215
10.0%	-1.34063	-7.48422	-1.74684	-1.85146	-2.10219	-2.24234	-0.236887	0.0444444	0.0780632	0.102023	na	0.64375	0.890021	0.084078	23.5	0	0	6.72109	4.25525	2.36676	-0.574382	-0.122304	0.179167	0.25	0.25	10.5	3.43582	-1.52723	0.104826	na	0.22573
25.0%	-1.14677	-6.52195	-1.497	-1.60452	-1.84124	-1.93522	0.557081	0.0673611	0.11202	0.126122	na	0.672917	0.912887	0.0905711	23.5	0	0	6.72109	4.56086	2.97123	-0.496066	0.125403	0.2	0.272917	0.5	11.75	3.88212	-1.30946	0.114132	na	0.248546
50.0%	-0.924309	-5.4558	-1.25247	-1.34103	-1.56989	-1.65904	1.33504	0.0974963	0.156766	0.157262	na	0.708333	0.930842	0.0999783	23.5	0	0	6.72109	4.92258	3.67253	-0.386914	0.339411	0.225	0.302083	0.75	12.75	4.32332	-1.08012	0.128819	na	0.295593
75.0%	-0.687073	-4.35701	-0.97301	-1.0405	-1.23229	-1.29623	1.97276	0.132566	0.200657	0.196829	na	0.741667	0.946934	0.108996	23.5	0	0	6.72109	5.33342	4.44952	-0.275305	0.498339	0.258333	0.341667	1	14	4.82739	-0.819076	0.145868	na	0.388166
90.0%	-0.452846	-3.53207	-0.742285	-0.794859	-0.96023	-1.01943	2.42006	0.169792	0.245763	0.236284	na	0.76875	0.956992	0.117332	23.5	0	0	6.72109	5.72666	5.34552	-0.174533	0.610039	0.291667	0.36875	1.25	15	5.36738	-0.556772	0.166979	na	0.502905
95.0%	-0.337889	-2.91148	-0.576808	-0.612497	-0.789058	-0.805038	2.60733	0.199306	0.270864	0.257276	na	0.783333	0.961267	0.122959	23.5	0	0	6.72109	6.00158	6.00807	-0.129102	0.671426	0.3125	0.383333	1.25	15.5	5.68738	-0.401331	0.182847	na	0.619996
97.5%	-0.217244	-2.34445	-0.462826	-0.49596	-0.6604	-0.664972	2.85311	0.21811	0.293818	0.27932	na	0.8	0.96468	0.128925	23.5	0	0	6.72109	6.20714	6.51153	-0.082535	0.717167	0.327083	0.404167	1.5	16	5.94307	-0.254375	0.19309	na	0.716455
99.0%	-0.0572168	-1.98679	-0.366284	-0.349813	-0.500295	-0.460554	3.0617	0.242288	0.326412	0.316338	na	0.8125	0.967597	0.136068	23.5	0	0	6.72109	6.47625	6.8496	0.00776292	0.771013	0.354167	0.425	1.5	16.5	6.37469	-0.100485	0.211458	na	0.809957
99.9%	0.222636	-1.25087	0.0469123	-0.0177658	-0.0731577	-0.127721	3.40701	0.302431	0.361239	0.34576	na	0.852083	0.97324	0.145635	23.5	0	0	6.72109	6.91642	8.35534	0.12811	0.887461	0.391667	0.472917	2	17	6.88087	0.150361	0.251042	na	1.0992

variance

	TD	Fs	FD*	FF*	FD	FF	H	B	Q	ZA	Fst	Kw	Hw	R2	S	pi_w	pi_b	thetaWatt	thetaTaj	thetaFW	D/Dmin	Hnorm	maxhap	maxhap1	Rm	ThetaFL	ThetaL	ZengE
 0.1%	0.00280575	0.108876	0.0137447	0.00639678	0.00311398	0.0043738	0.01692	0.000116067	0.000124252	5.72838e-05	na	0.00177662	0.000158228	1.57724e-05	239	0	0	14.4475	0.0588207	0.0461913	0.000446252	0.00308293	0.000341435	0.000555556	0	3	0.0826259	0.00019201	3.20521e-05	na	0.00039066
 1.0%	0.0220969	0.893421	0.0713068	0.0728698	0.0942774	0.0983417	0.130107	0.000422738	0.00120925	0.000297056	na	0.005	0.000225332	0.000111953	239	0	0	14.4475	0.813692	0.149941	0.0035186	0.00510584	0.000758102	0.00145255	0	10.25	0.315532	0.0230151	0.000562055	na	0.00108618
 2.5%	0.0428808	1.66843	0.105444	0.120942	0.162911	0.159487	0.228385	0.000587152	0.00150856	0.00080679	na	0.0075	0.000384653	0.000175363	239	0	0	14.4475	1.12844	0.389846	0.00755462	0.0100369	0.00126736	0.00305556	0.25	15.3333	0.525887	0.0408346	0.00077909	na	0.00243998
 5.0%	0.0696356	2.76328	0.157538	0.159667	0.20635	0.21586	0.368471	0.000868538	0.00284554	0.00144707	na	0.0117361	0.000544248	0.000246085	239	0	0	14.4475	1.61763	0.604855	0.0124742	0.0178616	0.00214699	0.00404514	0.25	23.5833	0.737793	0.0655119	0.00101946	na	0.00353689
10.0%	0.115609	4.36438	0.236385	0.245071	0.310456	0.303311	0.716249	0.00147905	0.0036153	0.0021786	na	0.0141435	0.000773645	0.000393496	239	0	0	14.4475	2.13468	1.03775	0.0184132	0.0326027	0.00358218	0.00635995	0.25	33	1.18695	0.110949	0.00137687	na	0.00510768
25.0%	0.223352	9.59167	0.45083	0.522392	0.604639	0.632899	1.52285	0.0030068	0.00779785	0.00503705	na	0.0211111	0.00142542	0.000777615	239	0	0	14.4475	3.3725	2.40082	0.0372285	0.0752761	0.00589699	0.0113657	0.333333	51.3333	2.41959	0.255296	0.00224959	na	0.0095397
50.0%	0.447895	17.6416	0.847269	0.92751	1.07746	1.16066	3.49713	0.00723958	0.0153618	0.0105048	na	0.0295139	0.00288158	0.00139861	239	0	0	14.4475	5.67134	5.04737	0.0745379	0.178871	0.0109259	0.0187731	0.666667	80.9167	4.68287	0.533499	0.00366059	na	0.0208463
75.0%	0.804087	30.2328	1.39296	1.55516	1.83774	1.9914	6.77523	0.016502	0.029406	0.0213659	na	0.0418229	0.00627543	0.00234861	239	0	0	14.4475	9.00113	10.0496	0.142216	0.42134	0.0195081	0.0289525	0.916667	115.333	8.23069	0.941323	0.00683226	na	0.0803093
90.0%	1.20208	44.3132	1.95841	2.18949	2.55644	2.85176	11.6854	0.0327821	0.0516082	0.0402996	na	0.0530324	0.0114572	0.00348154	239	0	0	14.4475	13.3308	18.9598	0.22155	0.896714	0.0308044	0.0418229	2	148.25	12.704	1.39844	0.0127505	na	0.243672
95.0%	1.54799	54.0179	2.33401	2.65166	3.07327	3.32179	18.3042	0.0499638	0.0639535	0.0558619	na	0.0613657	0.0189321	0.00432859	239	0	0	14.4475	16.1387	25.24	0.299773	1.29995	0.0387037	0.0512674	2.25	168.917	16.5056	1.89313	0.020089	na	0.439288
97.5%	1.81278	65.3976	2.6436	3.03357	3.46363	3.85608	23.6839	0.066194	0.081379	0.0672635	na	0.0682407	0.0234785	0.00530781	239	0	0	14.4475	18.9184	36.7451	0.372803	1.81982	0.047147	0.0611285	2.25	181.667	19.9009	2.33397	0.0243374	na	0.718658
99.0%	2.38488	81.499	3.12703	3.38187	3.86737	4.45636	32.7317	0.0977275	0.103611	0.0999385	na	0.0757118	0.0277086	0.00660615	239	0	0	14.4475	22.1742	50.4156	0.470582	2.05297	0.0552778	0.0724769	3	198.333	27.1478	2.94692	0.0301182	na	1.18135
99.9%	3.08442	120.872	4.2324	4.45388	5.48623	5.81124	63.0413	0.155388	0.156219	0.144812	na	0.0881481	0.0505432	0.00844885	239	0	0	14.4475	29.4956	84.9957	0.656917	3.18166	0.0994444	0.104144	4.25	240.917	39.2966	4.3613	0.0486246	na	1.97997