

Number of valid iterations:
	TD	Fs	FD*	FF*	FD	FF	H	B	Q	ZA	Fst	Kw	Hw	R2	S	pi_w	pi_b	thetaWatt	thetaTaj	thetaFW	D/Dmin	Hnorm	maxhap	maxhap1	Rm	ThetaFL	ThetaL	ZengE
locus_0	78	78	78	78	78	78	1000	41	41	41	0	1000	1000	78	1000	1000	1000	1000	1000	1000	78	78	1000	1000	1000	1000	1000	78	1000	0	78
locus_1	125	125	125	125	125	125	1000	24	24	24	0	1000	1000	125	1000	1000	1000	1000	1000	1000	125	125	1000	1000	1000	1000	1000	125	1000	0	125
locus_2	227	227	227	227	227	227	1000	94	94	94	0	1000	1000	227	1000	1000	1000	1000	1000	1000	227	227	1000	1000	1000	1000	1000	227	1000	0	227
locus_3	241	241	241	241	241	241	1000	147	147	147	0	1000	1000	241	1000	1000	1000	1000	1000	1000	241	241	1000	1000	1000	1000	1000	241	1000	0	241
locus_4	261	261	261	261	261	261	1000	178	178	178	0	1000	1000	261	1000	1000	1000	1000	1000	1000	261	261	1000	1000	1000	1000	1000	261	1000	0	261
average	533	533	533	533	533	533	1000	240	240	240	0	1000	1000	533	1000	1000	1000	1000	1000	1000	533	533	1000	1000	1000	1000	1000	533	1000	0	533
variance	120	120	120	120	120	120	1000	77	77	77	0	1000	1000	120	1000	1000	1000	1000	1000	1000	120	120	1000	1000	1000	1000	1000	120	1000	0	120

PERCENTILES:

locus_0

	TD	Fs	FD*	FF*	FD	FF	H	B	Q	ZA	Fst	Kw	Hw	R2	S	pi_w	pi_b	thetaWatt	thetaTaj	thetaFW	D/Dmin	Hnorm	maxhap	maxhap1	Rm	ThetaFL	ThetaL	ZengE
 0.1%	na	na	na	na	na	na	-11.3636	na	na	na	na	0.0833333	0	na	0	0	0	0	0	0	na	na	0.5	0.5	0	0	0	na	0.5	na	na
 1.0%	na	na	na	na	na	na	-5	na	na	na	na	0.0833333	0	na	0	0	0	0	0	0	na	na	0.916667	0.916667	0	0	0.0909091	na	0.847222	na	na
 2.5%	-2.08654	-1.32484	-2.59811	-2.80225	-2.23817	-2.44932	-1.66667	0	0	0.00826446	na	0.0833333	0	0.14254	0	0	0	0	0	0	-1	-5.80302	0.916667	0.916667	0	0	0.0909091	-1.46429	0.847222	na	1.82078
 5.0%	-2.05499	-0.475656	-2.5512	-2.75249	-1.91219	-2.20657	0	0	0	0.17562	na	0.0833333	0	0.168927	0	0	0	0	0	0	-1	-5.53021	0.916667	1	0	0	0.0909091	-1.23351	0.847222	na	2.25347
10.0%	-1.99975	-0.475656	-2.47001	-2.66626	-1.912	-2.09985	0	1	1	1	na	0.0833333	0	0.223485	0	0	0	0	0	0	-1	-4.90736	1	1	0	0	0.0909091	-1.06764	1	na	3.15
25.0%	-1.62929	-0.475656	-1.95374	-2.1151	-1.42122	-1.56732	0	1	1	1	na	0.0833333	0	0.276385	0	0	0	0	0	0	-1	-2.53016	1	1	0	0	0.0909091	-0.90177	1	na	6
50.0%	-1.14053	0.431832	-1.32974	-1.44334	-1.42122	-1.56732	0	1	1	1	na	0.0833333	0	0.276385	0	0	0	0	0	0	-1	0.338215	1	1	0	0	0.0909091	-0.90177	1	na	6
75.0%	-1.14053	1.55876	-1.32974	-1.44334	-0.482752	-0.839941	0	1	1	1	na	0.0833333	0	0.276385	0	0	0	0	0	0	-1	0.338215	1	1	0	0	3.36364	1.35632	1	na	6
90.0%	-1.14053	3.59814	-1.32974	-1.44334	0.946685	0.454917	0	1	1	1	na	0.0833333	0	0.276385	0	0	0	0	0	0	-1	0.449278	1	1	0	0	7.63636	3.16651	1	na	6
95.0%	0.104186	4.34381	0.928471	0.914823	1.10807	0.965485	0	1	1	1	na	0.166667	0.166667	0.276385	1	0	0	0.331139	0.166667	0.0151515	0.151523	0.484876	1	1	0	1	9.81818	3.56443	1	na	6
97.5%	1.03161	4.7917	1.36718	1.21719	1.48501	1.31338	0.151515	1	1	1	na	0.166667	0.166667	0.276385	3	0	0	0.993418	0.5	2.18182	0.704254	0.56463	1	1	0	2	12.3636	4.07695	1	na	6
99.0%	na	na	na	na	na	na	0.151515	na	na	na	na	0.166667	0.166667	na	8	0	0	2.64911	1.45455	5.59091	na	na	1	1	0	3	15.0909	na	1	na	na
99.9%	na	na	na	na	na	na	0.454545	na	na	na	na	0.25	0.484848	na	12	0	0	3.97367	2.42424	12.8939	na	na	1	1	0	6	22.1818	na	1	na	na

locus_1

	TD	Fs	FD*	FF*	FD	FF	H	B	Q	ZA	Fst	Kw	Hw	R2	S	pi_w	pi_b	thetaWatt	thetaTaj	thetaFW	D/Dmin	Hnorm	maxhap	maxhap1	Rm	ThetaFL	ThetaL	ZengE
 0.1%	na	na	na	na	na	na	-11.2121	na	na	na	na	0.0833333	0	na	0	0	0	0	0	0	na	na	0.583333	0.583333	0	0	0	na	0.513889	na	na
 1.0%	-2.05499	-1.32484	-2.5512	-2.75249	-2.0147	-2.32855	-3.18182	na	na	na	na	0.0833333	0	0.168927	0	0	0	0	0	0	-1	-5.13755	0.833333	0.916667	0	0	0.0909091	-1.23351	0.708333	na	2.16508
 2.5%	-1.99975	-1.32484	-2.47001	-2.66626	-1.91219	-2.09985	0	na	na	na	na	0.0833333	0	0.186339	0	0	0	0	0	0	-1	-4.72291	0.916667	1	0	0	0.0909091	-1.23351	0.847222	na	2.72222
 5.0%	-1.91896	-0.475656	-2.35345	-2.54225	-1.71123	-1.99677	0	0	0	0.00826446	na	0.0833333	0	0.204545	0	0	0	0	0	0	-1	-3.81322	0.916667	1	0	0	0.0909091	-0.90177	0.847222	na	3
10.0%	-1.74687	-0.475656	-2.11272	-2.28534	-1.42122	-1.56732	0	0	0	0.00826446	na	0.0833333	0	0.276385	0	0	0	0	0	0	-1	-2.32703	0.916667	1	0	0	0.0909091	-0.90177	0.847222	na	6
25.0%	-1.14053	-0.475656	-1.32974	-1.44334	-1.42122	-1.56732	0	0.75	0.8	0.752066	na	0.0833333	0	0.276385	0	0	0	0	0	0	-1	0.338215	1	1	0	0	0.0909091	-0.90177	1	na	6
50.0%	-1.14053	-0.475656	-1.32974	-1.44334	-1.42122	-1.56732	0	1	1	1	na	0.0833333	0	0.276385	0	0	0	0	0	0	-1	0.338215	1	1	0	0	0.0909091	-0.90177	1	na	6
75.0%	-1.14053	-0.475656	-1.32974	-1.44334	-1.42122	-1.56732	0	1	1	1	na	0.0833333	0	0.276385	0	0	0	0	0	0	-1	0.338215	1	1	0	0	2.54545	-0.90177	1	na	6
90.0%	-1.14053	1.17755	-1.32974	-1.44334	-0.314679	-0.839717	0.151515	1	1	1	na	0.166667	0.166667	0.276385	1	0	0	0.331139	0.166667	0.0151515	-1	0.338215	1	1	0	1	7.36364	0.989223	1	na	6
95.0%	-1.14053	2.58241	-1.32974	-1.44334	0.225422	-0.380195	0.151515	1	1	1	na	0.166667	0.166667	0.276385	1	0	0	0.331139	0.166667	0.0151515	-1	0.338215	1	1	0	1	9.63636	2.4218	1	na	6
97.5%	-0.742544	3.52783	-0.28886	-0.328033	0.703619	0.541436	0.151515	na	na	na	na	0.166667	0.166667	0.276385	1	0	0	0.331139	0.333333	0.030303	-0.585452	0.449278	1	1	0	1	12.1818	2.939	1	na	6
99.0%	0.540555	3.90482	0.928471	0.937393	0.905846	1.0027	0.151515	na	na	na	na	0.166667	0.30303	0.276385	5	0	0	1.6557	1	3.68182	0.473949	0.529033	1	1	0	3	15.0909	3.27428	1	na	6
99.9%	na	na	na	na	na	na	0.30303	na	na	na	na	0.25	0.409091	na	10	0	0	3.31139	1.83333	12.8788	na	na	1	1	0	5	22.1818	na	1	na	na

locus_2

	TD	Fs	FD*	FF*	FD	FF	H	B	Q	ZA	Fst	Kw	Hw	R2	S	pi_w	pi_b	thetaWatt	thetaTaj	thetaFW	D/Dmin	Hnorm	maxhap	maxhap1	Rm	ThetaFL	ThetaL	ZengE
 0.1%	na	na	na	na	na	na	-39.697	na	na	na	na	0.0833333	0	na	0	0	0	0	0	0	na	na	0.5	0.5	0	0	0.0909091	na	0.5	na	na
 1.0%	-2.25626	-1.32484	-2.85841	-3.07747	-2.23817	-2.51705	-23.0303	na	na	na	na	0.0833333	0	0.140526	0	0	0	0	0	0	-1	-5.62818	0.833333	0.833333	0	0	0.0909091	-1.3489	0.708333	na	1.56373
 2.5%	-2.24742	-1.32484	-2.8445	-3.0628	-1.93743	-2.41407	-13.1818	0	0	0.00826446	na	0.0833333	0	0.151515	0	0	0	0	0	0	-1	-5.36617	0.833333	0.916667	0	0	0.0909091	-1.23351	0.708333	na	2
 5.0%	-2.22668	-0.669255	-2.81204	-3.02855	-1.91219	-2.22251	-6.51515	0	0	0.00826446	na	0.0833333	0	0.151515	0	0	0	0	0	0	-1	-4.90736	0.916667	0.916667	0	0	0.0909091	-1.23351	0.847222	na	3
10.0%	-2.19881	-0.475656	-2.76876	-2.98285	-1.67392	-2.09985	0	0	0	0.00826446	na	0.0833333	0	0.186339	0	0	0	0	0	0	-1	-4.50483	0.916667	1	0	0	0.0909091	-0.90177	0.847222	na	3.3
25.0%	-1.89423	-0.475656	-2.31814	-2.50464	-1.42122	-1.56732	0	0.98	0.980769	0.989091	na	0.0833333	0	0.276385	0	0	0	0	0	0	-1	-2.73896	1	1	0	0	0.0909091	-0.90177	1	na	6
50.0%	-1.14053	-0.475656	-1.32974	-1.44334	-1.42122	-1.56732	0	1	1	1	na	0.0833333	0	0.276385	0	0	0	0	0	0	-1	0.338215	1	1	0	0	0.0909091	-0.90177	1	na	6
75.0%	-1.14053	3.11332	-1.32974	-1.44334	-0.830823	-1.52485	0	1	1	1	na	0.0833333	0	0.276385	0	0	0	0	0	0	-1	0.338215	1	1	0	0	3.27273	1.35896	1	na	6
90.0%	-1.14053	7.21818	-1.32974	-1.44334	0.411881	-0.169405	0.151515	1	1	1	na	0.166667	0.166667	0.276385	1	0	0	0.331139	0.166667	0.030303	-1	0.338215	1	1	0	1	7.81818	2.90863	1	na	6
95.0%	-0.348872	8.91611	0.752024	0.668254	0.946685	0.666758	0.151515	1	1	1	na	0.166667	0.166667	0.276385	11	0	0	3.64253	1.83333	7.43939	-0.170904	0.449278	1	1	0	4	12.1818	3.24346	1	na	6
97.5%	-0.194921	10.1945	1.47475	1.13631	1.68964	1.32219	0.151515	1	1	1	na	0.166667	0.318182	0.276385	24	0	0	7.94734	4.16667	18.5455	-0.170904	0.520473	1	1	0	11	15.0909	3.70463	1	na	6
99.0%	1.2137	12.2547	1.57587	1.43059	1.87133	1.73864	0.30303	na	na	na	na	0.25	0.318182	0.276385	29	0	0	9.60304	5.66667	25.9697	0.704254	0.541144	1	1	0	15	18.4545	3.95521	1	na	6
99.9%	na	na	na	na	na	na	0.454545	na	na	na	na	0.333333	0.530303	na	40	0	0	13.2456	11.1515	46.0606	na	na	1	1	0	22	26.3636	na	1	na	na

locus_3

	TD	Fs	FD*	FF*	FD	FF	H	B	Q	ZA	Fst	Kw	Hw	R2	S	pi_w	pi_b	thetaWatt	thetaTaj	thetaFW	D/Dmin	Hnorm	maxhap	maxhap1	Rm	ThetaFL	ThetaL	ZengE
 0.1%	na	na	na	na	na	na	-43.6364	na	na	na	na	0.0833333	0	na	0	0	0	0	0	0	na	na	0.5	0.5	0	0	0.0909091	na	0.458333	na	na
 1.0%	-2.22868	-1.32484	-2.81517	-3.03185	-2.47659	-2.80601	-22.4242	0	0	0.00826446	na	0.0833333	0	0.12316	0	0	0	0	0	0	-1	-5.61809	0.666667	0.75	0	0	0.0909091	-1.23351	0.555556	na	0.909123
 2.5%	-2.2224	-0.475656	-2.80537	-3.02151	-2.1041	-2.55316	-15.7879	0	0	0.0268595	na	0.0833333	0	0.139835	0	0	0	0	0	0	-1	-5.27011	0.833333	0.833333	0	0	0.0909091	-1.13463	0.708333	na	1.39008
 5.0%	-2.2129	-0.475656	-2.79059	-3.00591	-1.91219	-2.2704	-9.39394	0.387363	0.480769	0.463382	na	0.0833333	0	0.151515	0	0	0	0	0	0	-1	-5.04932	0.833333	0.916667	0	0	0.0909091	-0.90177	0.722222	na	1.88571
10.0%	-2.18171	-0.475656	-2.74239	-2.95498	-1.55491	-2.09985	-3.63636	0.718254	0.763889	0.762397	na	0.0833333	0	0.151515	0	0	0	0	0	0	-1	-4.48663	0.916667	0.916667	0	0	0.0909091	-0.90177	0.847222	na	2.75846
25.0%	-2.0434	-0.475656	-2.53402	-2.73425	-1.42122	-1.56732	0	1	1	1	na	0.0833333	0	0.276385	0	0	0	0	0	0	-1	-3.55823	1	1	0	0	0.0909091	-0.90177	1	na	6
50.0%	-1.14053	1.55876	-1.32974	-1.44334	-1.41456	-1.56732	0	1	1	1	na	0.0833333	0	0.276385	0	0	0	0	0	0	-1	-1.77695	1	1	0	0	0.0909091	0.498002	1	na	6
75.0%	-1.14053	4.54514	-1.32974	-1.44334	-0.308311	-0.839941	0	1	1	1	na	0.0833333	0	0.276385	0	0	0	0	0	0	-1	0.338215	1	1	0	0	4	2.22987	1	na	6
90.0%	-0.354892	7.07648	0.752024	0.827099	0.869002	0.881564	0	1	1	1	na	0.166667	0.166667	0.276385	8	0	0	2.64911	1.45455	5.57576	-0.170904	0.338215	1	1	0	2	8	3.01801	1	na	6
95.0%	-0.121206	7.82	1.41036	1.1526	1.55674	1.35195	0.151515	1	1	1	na	0.166667	0.30303	0.276385	15	0	0	4.96709	3	12.9091	-0.101812	0.449278	1	1	0	7	11.8182	3.41778	1	na	6
97.5%	1.06589	8.59462	1.50848	1.31073	1.7348	1.44853	0.151515	1	1	1	na	0.25	0.318182	0.276385	22	0	0	7.28506	4.16667	19.3333	0.934558	0.541144	1	1	0	11	15.0909	3.73382	1	na	6
99.0%	1.81276	11.1194	1.54828	1.66817	1.81444	1.92967	0.242424	1	1	1	na	0.25	0.454545	0.276385	27	0	0	8.94076	5.33333	27.6818	1.07274	0.562603	1	1	0	13	17.7273	3.93848	1	na	6
99.9%	na	na	na	na	na	na	0.393939	na	na	na	na	0.333333	0.560606	na	44	0	0	14.5701	14.7273	39.7121	na	na	1	1	0	21	23.7273	na	1	na	na

locus_4

	TD	Fs	FD*	FF*	FD	FF	H	B	Q	ZA	Fst	Kw	Hw	R2	S	pi_w	pi_b	thetaWatt	thetaTaj	thetaFW	D/Dmin	Hnorm	maxhap	maxhap1	Rm	ThetaFL	ThetaL	ZengE
 0.1%	na	na	na	na	na	na	-28.1818	na	na	na	na	0.0833333	0	na	0	0	0	0	0	0	na	na	0.5	0.5	0	0	0.0909091	na	0.416667	na	na
 1.0%	-2.23945	-1.32484	-2.83201	-3.04962	-2.7437	-2.98328	-17.8788	0	0	0.00826446	na	0.0833333	0	0.12804	0	0	0	0	0	0	-1	-6.36211	0.666667	0.75	0	0	0.0909091	-1.8452	0.555556	na	1.0273
 2.5%	-2.2076	-1.32484	-2.78238	-2.99724	-2.05384	-2.43421	-13.7879	0	0	0.00826446	na	0.0833333	0	0.144683	0	0	0	0	0	0	-1	-5.75986	0.833333	0.833333	0	0	0.0909091	-1.23351	0.708333	na	1.79961
 5.0%	-2.18171	-0.475656	-2.74239	-2.95498	-1.91219	-2.21712	-10.4545	0	0	0.0242424	na	0.0833333	0	0.151515	0	0	0	0	0	0	-1	-5.23649	0.833333	0.916667	0	0	0.0909091	-1.0577	0.722222	na	2.0625
10.0%	-2.14451	-0.475656	-2.68552	-2.89483	-1.68539	-2.09911	-4.84848	0.596875	0.689904	0.687293	na	0.0833333	0	0.151515	0	0	0	0	0	0	-1	-4.93437	0.916667	0.916667	0	0	0.0909091	-0.90177	0.847222	na	2.53436
25.0%	-2.01608	-0.475656	-2.49383	-2.69158	-1.42122	-1.58046	0	1	1	1	na	0.0833333	0	0.263412	0	0	0	0	0	0	-1	-3.72036	0.916667	1	0	0	0.0909091	-0.90177	0.847222	na	4.93846
50.0%	-1.45138	1.8321	-1.72038	-1.86451	-1.05927	-1.56732	0	1	1	1	na	0.0833333	0	0.276385	0	0	0	0	0	0	-1	-1.88314	1	1	0	0	0.0909091	1.09573	1	na	6
75.0%	-1.14053	4.62261	-1.32974	-1.44334	-0.0082959	-0.584732	0	1	1	1	na	0.166667	0.166667	0.276385	1	0	0	0.331139	0.166667	0.0151515	-1	0.338215	1	1	0	0	3.63636	2.39451	1	na	6
90.0%	-0.358078	6.79716	0.974755	0.94847	1.11108	0.990558	0	1	1	1	na	0.166667	0.166667	0.276385	9	0	0	2.98025	1.51515	7.34848	-0.170904	0.338215	1	1	0	3	7.81818	3.29933	1	na	6
95.0%	0.172817	8.21411	1.46934	1.16963	1.66111	1.38405	0.151515	1	1	1	na	0.166667	0.30303	0.276385	15	0	0	4.96709	2.80303	12.9242	0.0696366	0.449278	1	1	0	6	10.2727	3.61967	1	na	6
97.5%	1.44773	9.60026	1.51877	1.53601	1.75481	1.78811	0.151515	1	1	1	na	0.25	0.318182	0.276385	18	0	0	5.96051	3.93939	16.6212	0.83783	0.596424	1	1	0	9	12.7273	4.12528	1	na	6
99.0%	2.13457	12.9414	1.56585	1.89823	1.85018	2.26733	0.30303	1	1	1	na	0.25	0.484848	0.276385	24	0	0	7.94734	5.33333	20.3939	1.21092	0.663079	1	1	0	12	15.4545	4.59013	1	na	6
99.9%	na	na	na	na	na	na	0.969697	na	na	na	na	0.333333	0.590909	na	36	0	0	11.921	11.5152	32.8485	na	na	1	1	0	19	22.1818	na	1	na	na

average

	TD	Fs	FD*	FF*	FD	FF	H	B	Q	ZA	Fst	Kw	Hw	R2	S	pi_w	pi_b	thetaWatt	thetaTaj	thetaFW	D/Dmin	Hnorm	maxhap	maxhap1	Rm	ThetaFL	ThetaL	ZengE
 0.1%	na	na	na	na	na	na	-13.5758	na	na	na	na	0.0833333	0	na	0	0	0	0	0	0	na	na	0.7	0.7	0	0	0.0909091	na	0.7	na	na
 1.0%	-2.18161	-1.32484	-2.7423	-2.95489	-1.91975	-2.34606	-9.0303	0	0	0.00826446	na	0.0833333	0	0.149727	0	0	0	0	0	0	-1	-5.09002	0.866667	0.866667	0	0	0.0909091	-1.23351	0.797222	na	1.88571
 2.5%	-2.1585	-1.32484	-2.70749	-2.918	-1.91219	-2.09985	-7.21212	0	0	0.00826446	na	0.0833333	0	0.151515	0	0	0	0	0	0	-1	-4.70339	0.9	0.916667	0	0	0.0909091	-1.23351	0.833333	na	2.18527
 5.0%	-2.0952	-0.475656	-2.6111	-2.81601	-1.66671	-2.06271	-5.0303	0	0	0.00826446	na	0.0833333	0	0.152529	0	0	0	0	0	0	-1	-4.29269	0.916667	0.95	0	0	0.0909091	-0.926357	0.877778	na	3
10.0%	-1.97959	-0.475656	-2.43745	-2.63138	-1.42122	-1.74559	-3.09091	0.428571	0.5	0.433294	na	0.0833333	0	0.199075	0	0	0	0	0	0	-1	-3.56756	0.95	0.95	0	0	0.0909091	-0.90177	0.908333	na	3.3
25.0%	-1.62929	-0.475656	-1.93552	-2.09318	-1.42122	-1.56732	0	0.9375	0.944444	0.940496	na	0.0833333	0	0.276385	0	0	0	0	0	0	-1	-2.24639	0.966667	1	0	0	0.0909091	-0.90177	0.938889	na	6
50.0%	-1.14053	-0.475656	-1.32974	-1.44334	-1.42122	-1.56732	0	1	1	1	na	0.1	0.0333333	0.276385	0.2	0	0	0.0662279	0.0333333	0.0030303	-1	0.338215	0.983333	1	0	0	0.636364	-0.90177	0.969444	na	6
75.0%	-1.14053	2.5289	-1.32974	-1.44334	-0.757834	-1.25118	0.030303	1	1	1	na	0.116667	0.0666667	0.276385	0.4	0	0	0.132456	0.0666667	0.00909091	-1	0.338215	1	1	0	0.2	3.56364	1.10045	1	na	6
90.0%	-0.672283	4.48321	-0.352618	-0.45147	0.31776	-0.0919814	0.030303	1	1	1	na	0.133333	0.1	0.276385	4.6	0	0	1.52324	0.942424	4.09091	-0.508684	0.338215	1	1	0	1.8	7.27273	2.20946	1	na	6
95.0%	-0.194921	5.79915	0.752024	0.778181	0.854132	0.808611	0.0606061	1	1	1	na	0.15	0.133333	0.276385	7.6	0	0	2.51666	1.43333	6.65758	-0.170904	0.449278	1	1	0	3.8	8.83636	2.79926	1	na	6
97.5%	0.826772	6.8538	1.30524	1.06632	1.44895	1.20566	0.0606061	1	1	1	na	0.15	0.181818	0.276385	10.6	0	0	3.51008	2.06667	8.74242	0.473949	0.530808	1	1	0	5	11.0909	3.14919	1	na	6
99.0%	1.43986	8.37127	1.47749	1.36473	1.6769	1.48079	0.0909091	1	1	1	na	0.166667	0.218182	0.276385	13.6	0	0	4.50349	3.00606	11.1182	0.934558	0.541144	1	1	0	6.4	15.0909	3.46043	1	na	6
99.9%	na	na	na	na	na	na	0.121212	na	na	na	na	0.216667	0.324242	na	16.6	0	0	5.49691	4.78485	15.6788	na	na	1	1	0	7.8	22.1818	na	1	na	na

variance

	TD	Fs	FD*	FF*	FD	FF	H	B	Q	ZA	Fst	Kw	Hw	R2	S	pi_w	pi_b	thetaWatt	thetaTaj	thetaFW	D/Dmin	Hnorm	maxhap	maxhap1	Rm	ThetaFL	ThetaL	ZengE
 0.1%	na	na	na	na	na	na	0	na	na	na	na	1.0842e-18	0	na	0	0	0	0	0	0	na	na	0	0	0	0	0	na	0	na	na
 1.0%	0	0	0	0	0	0	0	na	na	na	na	1.0842e-18	0	0	0	0	0	0	0	0	0	0	0	0	0	0	0	0	0	na	0
 2.5%	0	0	0	0	0	0	0	0	0	0	na	1.0842e-18	0	0	0	0	0	0	0	0	0	0	0	0	0	0	0	0	0	na	0
 5.0%	0	0	0	0	0	0	0	0	0	0	na	1.0842e-18	0	0	0	0	0	0	0	0	0	0	0	0	0	0	0	0	0	na	0
10.0%	0.00150277	0.28296	0.0042863	0.00398729	0.0224612	0.0138777	0	0	0	0	na	1.0842e-18	0	0	0	0	0	0	0	0	0	0.179477	0	0	0	0	0	0.165698	0	na	0
25.0%	0.0160907	2.32855	0.0508664	0.0555691	0.15667	0.122199	0	0	0	0	na	1.0842e-18	0	0	0	0	0	0	0	0	0	0.828278	0	0	0	0	0	0.774402	0	na	0
50.0%	0.0786752	4.74685	0.229188	0.219039	0.378476	0.290308	0.00459137	0	0	3.33067e-16	na	0.00138889	0.00555556	2.08167e-17	0.2	0	0	0.0219306	0.00555556	4.59137e-05	0	2.00952	0.00138889	0	0	0	0	1.78618	0.00466821	na	0
75.0%	0.255527	13.49	0.526667	0.592364	1.19196	0.962566	0.0126722	0.0101393	0.00840622	0.0115248	na	0.00208333	0.00833333	0.00024812	0.3	0	0	0.032896	0.0183655	0.000183655	0	4.31643	0.00208333	0	0	0.2	1.2	3.06229	0.00700231	na	0.609221
90.0%	0.331278	17.7262	1.95148	1.87144	2.2043	2.305	20.1561	0.0733333	0.0362427	0.0433728	na	0.00208333	0.0183655	0.00431795	44	0	0	4.82474	1.68056	33.7803	0.148556	6.20923	0.00555556	0.00208333	0	7.2	15.8678	4.46915	0.0154321	na	4.04486
95.0%	0.723039	24.971	2.50273	2.81565	2.63772	2.95588	51.1019	0.163919	0.121625	0.0957509	na	0.00555556	0.0275482	0.00519753	108	0	0	11.8425	3.65833	78.1165	0.229134	7.88673	0.00833333	0.00555556	0	24.3	29.6793	5.04161	0.0231481	na	5.64245
97.5%	1.71967	36.6353	2.76368	3.17388	2.96267	3.49034	86.1065	0.257491	0.259656	0.276919	na	0.00555556	0.0413223	0.00540901	166.8	0	0	18.2902	5.99913	128.409	0.724175	9.63225	0.0125	0.00833333	0	39.2	45.4322	6.63864	0.0347222	na	6.039
99.0%	3.23898	49.5745	3.09333	3.57177	3.20757	4.05403	130.631	na	na	na	na	0.00833333	0.0619835	0.00576514	217.5	0	0	23.8496	14.585	200.275	1.28251	10.3608	0.0326389	0.01875	0	57.8	68.1884	7.08757	0.0520833	na	6.77732
99.9%	na	na	na	na	na	na	322.619	na	na	na	na	0.0159722	0.0775482	na	488.5	0	0	53.5656	51.9174	467.881	na	na	0.0576389	0.0638889	0	89.8	159.642	na	0.065162	na	na