

Number of valid iterations:
	TD	Fs	FD*	FF*	FD	FF	H	B	Q	ZA	Fst	Kw	Hw	R2	S	pi_w	pi_b	thetaWatt	thetaTaj	thetaFW	D/Dmin	Hnorm	maxhap	maxhap1	Rm	ThetaFL	ThetaL	ZengE
locus_0	100	100	100	100	100	100	100	100	100	100	0	100	100	100	100	100	100	100	100	100	100	100	100	100	100	100	100	100	100	0	100
locus_1	100	100	100	100	100	100	100	100	100	100	0	100	100	100	100	100	100	100	100	100	100	100	100	100	100	100	100	100	100	0	100
average	100	100	100	100	100	100	100	100	100	100	0	100	100	100	100	100	100	100	100	100	100	100	100	100	100	100	100	100	100	0	100
variance	0	0	0	0	0	0	0	0	0	0	0	0	0	0	0	0	0	0	0	0	0	0	0	0	0	0	0	0	0	0	0

PERCENTILES:

locus_0

	TD	Fs	FD*	FF*	FD	FF	H	B	Q	ZA	Fst	Kw	Hw	R2	S	pi_w	pi_b	thetaWatt	thetaTaj	thetaFW	D/Dmin	Hnorm	maxhap	maxhap1	Rm	ThetaFL	ThetaL	ZengE
 0.1%	na	na	na	na	na	na	na	na	na	na	na	na	na	na	na	na	na	na	na	na	na	na	na	na	na	na	na	na	na	na	na
 1.0%	-2.0434	-5.3896	-2.53402	-2.73425	-2.74188	-2.90461	-3.93939	0	0	0.0276899	na	0.166667	0.166667	0.0817024	10	0	0	3.31139	1.66667	0.439394	-1	-1.87453	0.166667	0.25	0	0	1.36364	-1.81653	0.125	na	0.226027
 2.5%	-1.87398	-4.16939	-2.13731	-2.35035	-2.25989	-2.53125	-3.71212	0	0	0.0522199	na	0.25	0.560606	0.0942951	10	0	0	3.31139	1.80303	0.568182	-0.91709	-1.76639	0.166667	0.25	0	0	1.40909	-1.77414	0.138889	na	0.242913
 5.0%	-1.70456	-3.25059	-1.7406	-1.96645	-1.77789	-2.2275	-2.0303	0	0	0.0655298	na	0.333333	0.621212	0.105657	10	0	0	3.31139	1.93939	0.742424	-0.834181	-0.966105	0.25	0.25	0	0	1.72727	-1.4774	0.152778	na	0.259843
10.0%	-1.40338	-2.4866	-1.34389	-1.54389	-1.77789	-1.89211	-1.09091	0	0	0.115564	na	0.333333	0.666667	0.119522	10	0	0	3.31139	2.18182	0.878788	-0.686786	-0.519101	0.25	0.333333	0	1	1.90909	-1.30783	0.152778	na	0.276151
25.0%	-0.65041	-1.32144	-0.550464	-0.654564	-0.813901	-0.879609	0.121212	0.111111	0.2	0.183636	na	0.416667	0.772727	0.131572	10	0	0	3.31139	2.78788	1.65152	-0.318299	0.0576779	0.25	0.333333	0	2	2.36364	-0.883905	0.180556	na	0.295964
50.0%	0.0272588	0.0152908	0.242957	0.146379	0.15009	0.0632812	1.06061	0.111111	0.2	0.260178	na	0.5	0.833333	0.157233	10	0	0	3.31139	3.33333	2.40909	0.01334	0.504682	0.333333	0.416667	0	3	2.81818	-0.459983	0.236111	na	0.375
75.0%	0.384917	0.894743	0.639667	0.613135	0.632085	0.632812	1.57576	0.333333	0.4	0.400433	na	0.583333	0.893939	0.174834	10	0	0	3.31139	3.62121	3.18182	0.188371	0.749813	0.416667	0.5	0	5	3.36364	0.0487239	0.291667	na	0.663317
90.0%	0.949641	2.09591	1.03638	1.23732	1.11408	1.41117	1.9697	0.444444	0.6	0.544781	na	0.666667	0.924242	0.20385	10	0	0	3.31139	4.07576	4.16667	0.464737	0.937266	0.5	0.666667	0	7	3.81818	0.472646	0.375	na	1.03125
95.0%	1.3826	3.29145	1.03638	1.32294	1.11408	1.48078	2.15152	0.555556	0.7	0.591342	na	0.666667	0.924242	0.216919	10	0	0	3.31139	4.42424	5	0.676617	1.02378	0.583333	0.666667	0	7	4.18182	0.811783	0.388889	na	1.32441
97.5%	1.52378	3.95178	1.43309	1.40994	1.59608	1.59785	2.25758	0.666667	0.75	0.700673	na	0.666667	0.931818	0.224812	10	0	0	3.31139	4.53788	5.62879	0.745708	1.07425	0.666667	0.75	0	8	4.45455	1.06614	0.479167	na	1.73309
99.0%	1.74025	4.57659	1.43309	1.45274	1.59608	1.6643	2.36364	0.777778	0.8	0.830688	na	0.75	0.939394	0.259091	10	0	0	3.31139	4.71212	6.33333	0.851648	1.12472	0.666667	0.833333	0	8	5.09091	1.65963	0.486111	na	2.17582
99.9%	na	na	na	na	na	na	na	na	na	na	na	na	na	na	na	na	na	na	na	na	na	na	na	na	na	na	na	na	na	na	na

locus_1

	TD	Fs	FD*	FF*	FD	FF	H	B	Q	ZA	Fst	Kw	Hw	R2	S	pi_w	pi_b	thetaWatt	thetaTaj	thetaFW	D/Dmin	Hnorm	maxhap	maxhap1	Rm	ThetaFL	ThetaL	ZengE
 0.1%	na	na	na	na	na	na	na	na	na	na	na	na	na	na	na	na	na	na	na	na	na	na	na	na	na	na	na	na	na	na	na
 1.0%	-1.83094	-3.94508	-2.22902	-2.40959	-2.66754	-2.90361	-3.12121	0	0	0.00826446	na	0.166667	0.166667	0.0986013	5	0	0	1.6557	0.833333	0.0757576	-1	-2.51604	0.25	0.416667	0	0	0.454545	-1.78538	0.194444	na	0.452055
 2.5%	-1.83094	-2.77902	-2.22902	-2.40959	-1.8699	-2.15923	-2.87879	0	0	0.0157025	na	0.166667	0.363636	0.103601	5	0	0	1.6557	0.833333	0.121212	-1	-2.32062	0.25	0.416667	0	0	0.545455	-1.65025	0.194444	na	0.459936
 5.0%	-1.52733	-2.42327	-1.53109	-1.73296	-1.8699	-2.11171	-2.72727	0	0	0.0247934	na	0.25	0.439394	0.117559	5	0	0	1.6557	0.969697	0.121212	-0.834181	-2.19848	0.25	0.416667	0	0	0.545455	-1.65025	0.208333	na	0.478261
10.0%	-1.29119	-2.1451	-1.53109	-1.66481	-1.8699	-1.95333	-1.84848	0	0	0.0334514	na	0.25	0.530303	0.12594	5	0	0	1.6557	1.07576	0.30303	-0.70521	-1.49008	0.333333	0.416667	0	0	0.818182	-1.24487	0.222222	na	0.515625
25.0%	-0.751454	-1.21374	-0.833171	-0.871345	-1.07226	-1.08753	-0.515152	0	0	0.0757576	na	0.333333	0.636364	0.137169	5	0	0	1.6557	1.31818	0.606061	-0.41042	-0.415268	0.416667	0.5	0	1	1.09091	-0.839493	0.263889	na	0.568966
50.0%	-0.110511	-0.425719	-0.135248	-0.0194714	-0.274629	-0.137261	0.454545	0.25	0.4	0.278788	na	0.416667	0.727273	0.16479	5	0	0	1.6557	1.60606	1.25758	-0.0603575	0.366413	0.5	0.583333	0	2	1.45455	-0.298988	0.319444	na	0.717391
75.0%	0.429231	0.887357	0.562676	0.58901	0.523007	0.580721	0.848485	0.25	0.4	0.425714	na	0.416667	0.80303	0.184245	5	0	0	1.6557	1.84848	2.01515	0.234432	0.683972	0.583333	0.75	0	3	1.90909	0.376643	0.416667	na	1.03125
90.0%	1.13764	2.03301	1.2606	1.31432	1.32064	1.42541	1.09091	0.5	0.8	0.754545	na	0.5	0.848485	0.224242	5	0	0	1.6557	2.16667	3.51515	0.621344	0.879392	0.666667	0.833333	0	4	2.63636	1.45765	0.513889	na	1.66387
95.0%	1.71112	3.00082	1.2606	1.55771	1.32064	1.68937	1.15152	0.75	0.8	0.818182	na	0.5	0.863636	0.25303	5	0	0	1.6557	2.42424	3.95455	0.934558	0.928247	0.75	0.833333	0	4	3	1.99816	0.597222	na	2.44444
97.5%	2.11592	3.1768	1.2606	1.67454	1.32064	1.81607	1.19697	0.875	1	0.964286	na	0.5	0.871212	0.267424	5	0	0	1.6557	2.60606	4.03788	1.15565	0.964888	0.75	0.916667	0	4	3.09091	2.13328	0.611111	na	2.697
99.0%	2.28459	4.4208	1.2606	1.72322	1.32064	1.86887	1.21212	1	1	1	na	0.5	0.878788	0.272727	5	0	0	1.6557	2.68182	4.45455	1.24777	0.977102	0.833333	0.916667	0	4	3.27273	2.40354	0.708333	na	3.09375
99.9%	na	na	na	na	na	na	na	na	na	na	na	na	na	na	na	na	na	na	na	na	na	na	na	na	na	na	na	na	na	na	na

average

	TD	Fs	FD*	FF*	FD	FF	H	B	Q	ZA	Fst	Kw	Hw	R2	S	pi_w	pi_b	thetaWatt	thetaTaj	thetaFW	D/Dmin	Hnorm	maxhap	maxhap1	Rm	ThetaFL	ThetaL	ZengE
 0.1%	na	na	na	na	na	na	na	na	na	na	na	na	na	na	na	na	na	na	na	na	na	na	na	na	na	na	na	na	na	na	na
 1.0%	-1.78536	-3.40554	-2.03256	-2.2336	-2.30589	-2.50816	-3.36364	0	0	0.0306142	na	0.208333	0.30303	0.102129	7.5	0	0	2.48354	1.31818	0.287879	-0.91709	-2.06093	0.25	0.333333	0	0	0.954545	-1.73339	0.1875	na	0.376651
 2.5%	-1.64949	-3.12878	-1.81033	-1.99677	-1.94439	-2.1617	-1.90909	0	0	0.03695	na	0.270833	0.484848	0.107151	7.5	0	0	2.48354	1.45455	0.390152	-0.854908	-1.12977	0.270833	0.375	0	0.25	1.04545	-1.61085	0.1875	na	0.389762
 5.0%	-1.55006	-2.53683	-1.63585	-1.83037	-1.5829	-1.74518	-1.34848	0	0	0.0667503	na	0.291667	0.590909	0.116628	7.5	0	0	2.48354	1.50758	0.689394	-0.801938	-1.00568	0.291667	0.416667	0	0.5	1.31818	-1.41943	0.201389	na	0.405134
10.0%	-1.1842	-1.96776	-1.23913	-1.34841	-1.42508	-1.57002	-1.13636	0	0	0.121023	na	0.333333	0.621212	0.125558	7.5	0	0	2.48354	1.7197	0.901515	-0.631513	-0.756563	0.291667	0.416667	0	1	1.59091	-1.03922	0.208333	na	0.418745
25.0%	-0.540927	-1.0749	-0.644069	-0.660674	-0.859905	-0.892287	-0.212121	0.0555556	0.1	0.163816	na	0.375	0.719697	0.143562	7.5	0	0	2.48354	2.15909	1.32576	-0.286056	-0.28839	0.333333	0.458333	0	1.5	1.81818	-0.726573	0.243056	na	0.487228
50.0%	-0.116174	-0.194023	0.0538546	0.0295728	-0.0622695	0.00237833	0.681818	0.166667	0.3	0.261907	na	0.458333	0.780303	0.160596	7.5	0	0	2.48354	2.44697	1.98485	-0.0603575	0.38712	0.416667	0.541667	0	2.5	2.13636	-0.354315	0.284722	na	0.624643
75.0%	0.379586	0.737153	0.553423	0.588575	0.494369	0.593044	1.07576	0.305556	0.45	0.445363	na	0.5	0.825758	0.179291	7.5	0	0	2.48354	2.73485	2.56061	0.197584	0.62817	0.5	0.583333	0	3.5	2.68182	0.204734	0.340278	na	0.85743
90.0%	0.819996	1.75671	0.950133	0.785116	0.976364	0.840732	1.42424	0.458333	0.6	0.574026	na	0.541667	0.856061	0.211786	7.5	0	0	2.48354	3.09091	3.45455	0.404858	0.817829	0.583333	0.666667	0	5	3	0.677675	0.423611	na	1.03125
95.0%	1.2206	2.18908	1.14849	1.30541	1.21736	1.44696	1.63636	0.597222	0.7	0.677152	na	0.541667	0.871212	0.218987	7.5	0	0	2.48354	3.15152	3.83333	0.639768	0.973217	0.583333	0.75	0	5	3.22727	1.03271	0.451389	na	1.53588
97.5%	1.48572	2.95179	1.14849	1.39263	1.21736	1.53386	1.68182	0.645833	0.8	0.714394	na	0.583333	0.886364	0.236806	7.5	0	0	2.48354	3.42045	4.10985	0.787163	1.00515	0.645833	0.791667	0	5.25	3.54545	1.18903	0.513889	na	1.81188
99.0%	1.74759	3.45041	1.34684	1.51559	1.45836	1.66535	1.72727	0.722222	0.8	0.742883	na	0.583333	0.886364	0.243696	7.5	0	0	2.48354	3.57576	4.5	0.888497	1.02767	0.75	0.833333	0	6	3.68182	1.56527	0.590278	na	3.1875
99.9%	na	na	na	na	na	na	na	na	na	na	na	na	na	na	na	na	na	na	na	na	na	na	na	na	na	na	na	na	na	na	na

variance

	TD	Fs	FD*	FF*	FD	FF	H	B	Q	ZA	Fst	Kw	Hw	R2	S	pi_w	pi_b	thetaWatt	thetaTaj	thetaFW	D/Dmin	Hnorm	maxhap	maxhap1	Rm	ThetaFL	ThetaL	ZengE
 0.1%	na	na	na	na	na	na	na	na	na	na	na	na	na	na	na	na	na	na	na	na	na	na	na	na	na	na	na	na	na	na	na
 1.0%	na	na	na	na	na	na	na	na	na	na	na	na	na	na	na	na	na	na	na	na	na	na	na	na	na	na	na	na	na	na	na
 2.5%	na	na	na	na	na	na	na	na	na	na	na	na	na	na	na	na	na	na	na	na	na	na	na	na	na	na	na	na	na	na	na
 5.0%	na	na	na	na	na	na	na	na	na	na	na	na	na	na	na	na	na	na	na	na	na	na	na	na	na	na	na	na	na	na	na
10.0%	na	na	na	na	na	na	na	na	na	na	na	na	na	na	na	na	na	na	na	na	na	na	na	na	na	na	na	na	na	na	na
25.0%	na	na	na	na	na	na	na	na	na	na	na	na	na	na	na	na	na	na	na	na	na	na	na	na	na	na	na	na	na	na	na
50.0%	na	na	na	na	na	na	na	na	na	na	na	na	na	na	na	na	na	na	na	na	na	na	na	na	na	na	na	na	na	na	na
75.0%	na	na	na	na	na	na	na	na	na	na	na	na	na	na	na	na	na	na	na	na	na	na	na	na	na	na	na	na	na	na	na
90.0%	na	na	na	na	na	na	na	na	na	na	na	na	na	na	na	na	na	na	na	na	na	na	na	na	na	na	na	na	na	na	na
95.0%	na	na	na	na	na	na	na	na	na	na	na	na	na	na	na	na	na	na	na	na	na	na	na	na	na	na	na	na	na	na	na
97.5%	na	na	na	na	na	na	na	na	na	na	na	na	na	na	na	na	na	na	na	na	na	na	na	na	na	na	na	na	na	na	na
99.0%	na	na	na	na	na	na	na	na	na	na	na	na	na	na	na	na	na	na	na	na	na	na	na	na	na	na	na	na	na	na	na
99.9%	na	na	na	na	na	na	na	na	na	na	na	na	na	na	na	na	na	na	na	na	na	na	na	na	na	na	na	na	na	na	na