recp[0]	
3.72251	
5.53205	
1.41473	
0.0668176	
0.288948	
0.333798	
1.13943	
0.0817345	
0.409756	
0.487522	
4.12369	
0.623213	
1.41411	
0.631689	
0.129335	
0.503347	
1.38603	
3.07122	
0.332757	
0.266931	
0.159207	
1.4561	
0.96427	
1.90389	
1.28982	
0.54167	
0.921788	
1.02763	
0.0979705	
1.40007	
0.190598	
0.223199	
1.50616	
1.62083	
0.0633729	
2.18348	
0.0774783	
0.64354	
0.201697	
1.35044	
0.379712	
1.06749	
0.321124	
0.473451	
0.128335	
1.13324	
0.809331	
0.914035	
1.66604	
0.456661	
1.23465	
0.661365	
1.48425	
1.93495	
0.558056	
0.11788	
0.0162315	
0.483966	
0.042098	
0.085185	
2.92872	
1.85915	
0.940765	
0.480221	
0.917643	
2.66125	
0.230999	
1.64491	
0.351527	
0.621993	
2.02717	
1.16385	
0.886873	
1.6554	
0.929829	
0.363057	
0.0631868	
1.72584	
1.51553	
0.30964	
1.93851	
0.203729	
1.17597	
0.492062	
0.674176	
0.770231	
0.0635304	
1.2658	
1.31821	
0.205507	
1.08266	
0.496183	
1.05751	
0.230582	
3.79432	
1.18897	
1.19838	
1.28826	
3.34105	
1.33876	

ratio[0]	
0.00887705	
