Ttot[0]	
4.76435	
1.75479	
3.62636	
2.99858	
3.13988	
2.57147	
2.10189	
1.31252	
2.52643	
3.6067	
3.70329	
2.16102	
3.15526	
3.34229	
2.78501	
3.0769	
2.68824	
1.93099	
1.52133	
3.11169	
3.53746	
2.11485	
2.06248	
1.98414	
2.21324	
1.80912	
2.5265	
1.30022	
1.30719	
2.51817	
3.61706	
4.1365	
1.29804	
4.52507	
2.27599	
3.8763	
2.98912	
2.44961	
2.23228	
3.73609	
2.47482	
2.87299	
3.21056	
3.28554	
3.32629	
3.25926	
4.70733	
4.93842	
3.5267	
2.90793	
2.0514	
2.5176	
2.25294	
3.30367	
2.57662	
4.15143	
2.21591	
3.31495	
2.71457	
2.57009	
3.74194	
3.05533	
2.9254	
3.4898	
2.98573	
1.80266	
2.80995	
2.96626	
3.57289	
3.91267	
4.33968	
2.25442	
2.83075	
2.3086	
3.05802	
1.86804	
3.60348	
2.71538	
2.1412	
2.3392	
1.97855	
1.57077	
2.71976	
3.89878	
2.60494	
2.84748	
2.56142	
2.26309	
4.16515	
2.62231	
2.4892	
2.65037	
3.07883	
2.0642	
2.81138	
2.27773	
2.34947	
2.88735	
3.51563	
2.0979	

ratio[0]	
0.00887705	
