thetap[0]	
8.76003	
10.0878	
7.76723	
9.09991	
9.67912	
12.8258	
10.3757	
12.9906	
11.4334	
8.94688	
8.28714	
9.89925	
10.5912	
9.84754	
12.5499	
7.72994	
7.49663	
11.2142	
11.2719	
7.96075	
7.20296	
10.6238	
13.2932	
9.97168	
11.7215	
12.3137	
9.73813	
13.4413	
12.7568	
11.0277	
10.5235	
7.02011	
11.2399	
6.97166	
10.5087	
9.36766	
9.22369	
7.95979	
13.3984	
9.87067	
11.1116	
11.2156	
6.85642	
9.00947	
10.4796	
6.81413	
8.56363	
9.24664	
7.51032	
7.14593	
9.86173	
7.85927	
12.3557	
8.76516	
9.79407	
9.27656	
11.5832	
10.3039	
9.50712	
8.87019	
6.79616	
11.1728	
9.6703	
8.09476	
9.19969	
13.0432	
7.67113	
9.51677	
8.34175	
6.78117	
9.0446	
12.336	
13.2564	
13.3575	
11.4961	
13.3919	
7.40122	
10.0842	
9.40069	
9.27266	
13.3134	
11.2986	
10.132	
7.00094	
10.7211	
8.95358	
11.2948	
11.8808	
7.06427	
9.36277	
9.495	
13.1262	
11.3922	
9.53431	
9.57958	
9.77346	
11.1961	
10.7881	
8.71659	
11.8801	

ratio[0]	
0.00887705	
