OBSERVED VALUES
	TD	Fs	FD*	FF*	FD	FF	H	B	Q	ZA	Fst	Kw	Hw	R2	S	pi_w	pi_b	thetaWatt	thetaTaj	thetaFW	D/Dmin	Hnorm	maxhap	maxhap1	Rm	ThetaFL	ThetaL	ZengE
locus_0	-1.18213	x	x	x	-1.42122	x	x	x	x	x	x	x	x	x	x	x	x	x	x	x	x	x	x	x	0	x	x	x	x	x	x
locus_1	-1.91896	x	x	x	-1.71123	x	x	x	x	x	x	x	x	x	x	x	x	x	x	x	x	x	x	x	0	x	x	x	x	x	x
locus_2	-2.19236	x	x	x	-1.57737	x	x	x	x	x	x	x	x	x	x	x	x	x	x	x	x	x	x	x	0	x	x	x	x	x	x
locus_3	0.540555	x	x	x	1.59608	x	x	x	x	x	x	x	x	x	x	x	x	x	x	x	x	x	x	x	0	x	x	x	x	x	x
average	-1.18822	x	x	x	-0.778435	x	x	x	x	x	x	x	x	x	x	x	x	x	x	x	x	x	x	x	0	x	x	x	x	x	x
variance	1.51033	x	x	x	2.51997	x	x	x	x	x	x	x	x	x	x	x	x	x	x	x	x	x	x	x	0	x	x	x	x	x	x

PROBABILITY THAT SIMULATED VALUES BE SMALLER OR EQUAL THAN THE OBSERVED VALUE. P(Sim <= Obs): ACCURACY OF +- 1e-6
	TD	Fs	FD*	FF*	FD	FF	H	B	Q	ZA	Fst	Kw	Hw	R2	S	pi_w	pi_b	thetaWatt	thetaTaj	thetaFW	D/Dmin	Hnorm	maxhap	maxhap1	Rm	ThetaFL	ThetaL	ZengE
locus_0	0.049	na	na	na	0.07	na	na	na	na	na	na	na	na	na	na	na	na	na	na	na	na	na	na	na	0.011	na	na	na	na	na	na
locus_1	0.007	na	na	na	0.072	na	na	na	na	na	na	na	na	na	na	na	na	na	na	na	na	na	na	na	1	na	na	na	na	na	na
locus_2	0	na	na	na	0.01	na	na	na	na	na	na	na	na	na	na	na	na	na	na	na	na	na	na	na	0	na	na	na	na	na	na
locus_3	0.845	na	na	na	0.998	na	na	na	na	na	na	na	na	na	na	na	na	na	na	na	na	na	na	na	0.003	na	na	na	na	na	na
average	0	na	na	na	0.04	na	na	na	na	na	na	na	na	na	na	na	na	na	na	na	na	na	na	na	0	na	na	na	na	na	na
variance	0.991	na	na	na	0.995	na	na	na	na	na	na	na	na	na	na	na	na	na	na	na	na	na	na	na	0	na	na	na	na	na	na

PROBABILITY THAT SIMULATED VALUES BE EQUAL THAN THE OBSERVED VALUE. P(Sim = Obs): ACCURACY OF +- 1e-6
	TD	Fs	FD*	FF*	FD	FF	H	B	Q	ZA	Fst	Kw	Hw	R2	S	pi_w	pi_b	thetaWatt	thetaTaj	thetaFW	D/Dmin	Hnorm	maxhap	maxhap1	Rm	ThetaFL	ThetaL	ZengE
locus_0	0	na	na	na	0	na	na	na	na	na	na	na	na	na	na	na	na	na	na	na	na	na	na	na	0.011	na	na	na	na	na	na
locus_1	0	na	na	na	0	na	na	na	na	na	na	na	na	na	na	na	na	na	na	na	na	na	na	na	1	na	na	na	na	na	na
locus_2	0	na	na	na	0	na	na	na	na	na	na	na	na	na	na	na	na	na	na	na	na	na	na	na	0	na	na	na	na	na	na
locus_3	0	na	na	na	0	na	na	na	na	na	na	na	na	na	na	na	na	na	na	na	na	na	na	na	0.003	na	na	na	na	na	na
average	0	na	na	na	0	na	na	na	na	na	na	na	na	na	na	na	na	na	na	na	na	na	na	na	0	na	na	na	na	na	na
variance	0	na	na	na	0	na	na	na	na	na	na	na	na	na	na	na	na	na	na	na	na	na	na	na	0	na	na	na	na	na	na

Number of valid iterations:
	TD	Fs	FD*	FF*	FD	FF	H	B	Q	ZA	Fst	Kw	Hw	R2	S	pi_w	pi_b	thetaWatt	thetaTaj	thetaFW	D/Dmin	Hnorm	maxhap	maxhap1	Rm	ThetaFL	ThetaL	ZengE
locus_0	1000	1000	1000	1000	1000	1000	1000	1000	1000	1000	0	1000	1000	1000	1000	1000	1000	1000	1000	1000	1000	1000	1000	1000	1000	1000	1000	1000	1000	0	1000
locus_1	1000	1000	1000	1000	1000	1000	1000	997	997	997	0	1000	1000	1000	1000	1000	1000	1000	1000	1000	1000	1000	1000	1000	1000	1000	1000	1000	1000	0	1000
locus_2	1000	1000	1000	1000	1000	1000	1000	1000	1000	1000	0	1000	1000	1000	1000	1000	1000	1000	1000	1000	1000	1000	1000	1000	1000	1000	1000	1000	1000	0	1000
locus_3	1000	1000	1000	1000	1000	1000	1000	1000	1000	1000	0	1000	1000	1000	1000	1000	1000	1000	1000	1000	1000	1000	1000	1000	1000	1000	1000	1000	1000	0	1000
average	1000	1000	1000	1000	1000	1000	1000	1000	1000	1000	0	1000	1000	1000	1000	1000	1000	1000	1000	1000	1000	1000	1000	1000	1000	1000	1000	1000	1000	0	1000
variance	1000	1000	1000	1000	1000	1000	1000	1000	1000	1000	0	1000	1000	1000	1000	1000	1000	1000	1000	1000	1000	1000	1000	1000	1000	1000	1000	1000	1000	0	1000

PERCENTILES:

locus_0

	TD	Fs	FD*	FF*	FD	FF	H	B	Q	ZA	Fst	Kw	Hw	R2	S	pi_w	pi_b	thetaWatt	thetaTaj	thetaFW	D/Dmin	Hnorm	maxhap	maxhap1	Rm	ThetaFL	ThetaL	ZengE
 0.1%	-1.96586	-12.3557	-3.06469	-3.15457	-3.52087	-3.29784	-22.308	0	0	0.0213377	na	0.3	0.790805	0.0562307	15	0	0	3.7863	2.17931	0.802299	-0.71966	-3.17003	0.0666667	0.1	0	0	1.89655	-1.92695	0.0466667	na	0.0470219
 1.0%	-1.56539	-10.4048	-2.4078	-2.45663	-2.31451	-2.2722	-13.0759	0	0	0.0428223	na	0.366667	0.836782	0.0673655	19	0	0	4.79598	3.68966	1.7977	-0.603021	-2.22082	0.1	0.1	0	2	3.03448	-1.56117	0.0533333	na	0.0568702
 2.5%	-1.40085	-7.89654	-1.88925	-1.9894	-1.88492	-1.97813	-10.9609	0	0	0.0706739	na	0.4	0.857471	0.0726349	22	0	0	5.55324	4.25977	2.3931	-0.527656	-1.72774	0.1	0.133333	1	3	3.58621	-1.33534	0.0555556	na	0.0620542
 5.0%	-1.16924	-6.64106	-1.38712	-1.4655	-1.55772	-1.67007	-7.64138	0.027027	0.0526316	0.0911679	na	0.433333	0.88046	0.0798202	24	0	0	6.05808	4.82069	3.16782	-0.435808	-1.28564	0.1	0.133333	1	4	4.37931	-1.15882	0.06	na	0.0669849
10.0%	-0.909887	-5.50882	-1.01376	-1.09539	-1.19856	-1.21087	-5.14023	0.04	0.0740741	0.11284	na	0.466667	0.901149	0.0878217	27	0	0	6.81534	5.78621	4.33563	-0.339797	-0.819107	0.1	0.133333	1	5	5.44828	-0.953339	0.0644444	na	0.0747937
25.0%	-0.456354	-3.63643	-0.46653	-0.504913	-0.529134	-0.570199	-1.6	0.0769231	0.133333	0.15572	na	0.533333	0.926437	0.103188	33	0	0	8.32985	7.53793	6.30575	-0.167078	-0.276797	0.133333	0.166667	2	7	7.37931	-0.548914	0.0711111	na	0.0921415
50.0%	-0.0141646	-1.89467	0.0714512	0.0454521	0.0204282	0.028741	1.08506	0.12	0.2	0.211379	na	0.566667	0.944828	0.119517	39	0	0	9.84437	9.78851	9.17701	-0.00525045	0.181671	0.166667	0.2	3	10	9.65517	-0.0870982	0.0866667	na	0.122951
75.0%	0.422241	-0.481521	0.509406	0.515723	0.55809	0.577643	2.73103	0.176471	0.266667	0.266021	na	0.633333	0.96092	0.134676	46	0	0	11.6113	12.354	12.8023	0.156049	0.493124	0.2	0.266667	4	13	12.4483	0.406283	0.104444	na	0.182965
90.0%	0.782192	0.590567	0.814284	0.895704	0.910319	0.987801	4.24828	0.234043	0.333333	0.332495	na	0.666667	0.967816	0.148041	53	0	0	13.3783	14.7954	16.9655	0.290895	0.721997	0.266667	0.333333	5	16	14.8966	0.928136	0.128889	na	0.26761
95.0%	1.08496	1.48216	1.01408	1.06356	1.14644	1.19385	5.05747	0.277778	0.378378	0.362887	na	0.7	0.972414	0.158795	58	0	0	14.6404	16.1149	19.1678	0.394602	0.8239	0.3	0.366667	6	18	16.9655	1.17013	0.148889	na	0.364933
97.5%	1.27708	2.24667	1.14308	1.25381	1.30017	1.40633	5.8023	0.307692	0.409091	0.396205	na	0.733333	0.977011	0.166184	61	0	0	15.3976	17.6828	21.508	0.469714	0.90156	0.333333	0.4	6	20	18.2414	1.32875	0.171111	na	0.482797
99.0%	1.50367	3.28057	1.33447	1.444	1.52716	1.61416	6.50115	0.352941	0.470588	0.434528	na	0.766667	0.97931	0.175015	64	0	0	16.1549	19.377	24.2184	0.558158	0.964191	0.366667	0.433333	7	22	20.0345	1.62527	0.191111	na	0.779011
99.9%	1.72489	4.0624	1.50663	1.74892	1.7475	1.98632	7.5954	0.416667	0.53125	0.491979	na	0.8	0.983908	0.181646	77	0	0	19.4363	22.023	29.4736	0.640486	1.08971	0.433333	0.533333	9	27	23.9655	1.92039	0.228889	na	2.22588

locus_1

	TD	Fs	FD*	FF*	FD	FF	H	B	Q	ZA	Fst	Kw	Hw	R2	S	pi_w	pi_b	thetaWatt	thetaTaj	thetaFW	D/Dmin	Hnorm	maxhap	maxhap1	Rm	ThetaFL	ThetaL	ZengE
 0.1%	-2.00908	-5.89762	-2.35081	-2.54982	-2.98224	-3.24621	-19.2889	na	na	na	na	0.2	0.2	0.0828505	1	0	0	0.353486	0.2	0.0222222	-1	-4.47243	0.1	0.2	0	0	0.111111	-2.29928	0.1	na	0.09375
 1.0%	-1.84469	-4.3267	-2.1466	-2.32204	-2.48032	-2.73222	-13.7778	0	0	0.0217978	na	0.3	0.377778	0.098105	2	0	0	0.706972	0.666667	0.133333	-1	-2.78584	0.2	0.2	0	0	0.444444	-2.0088	0.12	na	0.152542
 2.5%	-1.70779	-3.46248	-1.95079	-2.12993	-2.108	-2.34982	-9.06667	0	0	0.0352917	na	0.3	0.511111	0.109432	3	0	0	1.06046	1	0.244444	-0.873314	-2.32922	0.2	0.2	0	1	0.666667	-1.73703	0.12	na	0.175097
 5.0%	-1.54137	-2.85856	-1.73391	-1.89196	-1.89819	-2.0783	-5.6	0	0	0.0639697	na	0.4	0.6	0.117195	5	0	0	1.76743	1.33333	0.466667	-0.800923	-1.77564	0.2	0.3	0	1	1	-1.52802	0.14	na	0.200893
10.0%	-1.32015	-2.20663	-1.51001	-1.61698	-1.44654	-1.66907	-3.64444	0	0	0.118946	na	0.4	0.666667	0.126429	6	0	0	2.12091	1.88889	1	-0.689749	-1.13232	0.2	0.3	0	1	1.66667	-1.2719	0.14	na	0.236842
25.0%	-0.769388	-1.07293	-0.767765	-0.828718	-0.896179	-0.934111	-0.8	0.097619	0.166667	0.20802	na	0.5	0.8	0.144569	9	0	0	3.18137	2.84444	1.95556	-0.407703	-0.327554	0.3	0.4	0	3	2.55556	-0.807145	0.18	na	0.348837
50.0%	-0.144255	0.0722853	0.0311011	0.0137036	-0.0477638	-0.0700583	0.8	0.214286	0.315789	0.332563	na	0.6	0.866667	0.164401	13	0	0	4.59531	4.37778	3.84444	-0.0733849	0.344262	0.3	0.4	0	4	4.22222	-0.200828	0.22	na	0.567227
75.0%	0.52752	1.22807	0.638077	0.681563	0.659877	0.721233	1.6	0.365152	0.45	0.466018	na	0.7	0.911111	0.190029	18	0	0	6.36274	6.44444	6.75556	0.274096	0.698285	0.4	0.5	0	7	6.55556	0.485367	0.28	na	1.00406
90.0%	1.09625	2.58185	1.02298	1.11466	1.09702	1.27872	2.4	0.5	0.588235	0.591229	na	0.8	0.955556	0.214405	24	0	0	8.48366	8.71111	10.7333	0.548071	0.901688	0.5	0.7	0	10	9.55556	1.14801	0.4	na	1.48352
95.0%	1.4153	3.39725	1.18331	1.33072	1.353	1.54819	2.93333	0.613248	0.666667	0.680083	na	0.8	0.955556	0.231174	28	0	0	9.8976	10.6667	13.3556	0.711853	0.991056	0.6	0.7	0	12	11.5556	1.48552	0.44	na	1.8
97.5%	1.67137	4.4655	1.34598	1.48164	1.54954	1.75565	3.46667	0.688259	0.75	0.753086	na	0.9	0.977778	0.24273	32	0	0	11.3115	12.3778	17.2667	0.851162	1.06774	0.7	0.8	0	14	13.7778	1.85033	0.54	na	2.5
99.0%	1.89437	6.77272	1.43508	1.67047	1.66333	2.01581	4.35556	0.8	0.859606	0.839763	na	0.9	0.977778	0.255556	36	0	0	12.7255	14	20.6444	0.969057	1.13893	0.7	0.9	0	17	15.6667	2.09768	0.58	na	2.91667
99.9%	2.4079	8.858	1.53723	1.84169	1.79707	2.2734	6.48889	na	na	na	na	1	1	0.3	49	0	0	17.3208	19.8	27.7556	1.18784	1.23223	0.9	1	0	25	23.1111	3.27512	0.82	na	5

locus_2

	TD	Fs	FD*	FF*	FD	FF	H	B	Q	ZA	Fst	Kw	Hw	R2	S	pi_w	pi_b	thetaWatt	thetaTaj	thetaFW	D/Dmin	Hnorm	maxhap	maxhap1	Rm	ThetaFL	ThetaL	ZengE
 0.1%	-1.54196	-10.5513	-2.09103	-2.12905	-2.33188	-2.41097	-34.4638	0.0357143	0.0638298	0.110424	na	0.583333	0.894928	0.0730029	71	0	0	19.013	13.6341	7.76812	-0.564454	-1.71929	0.0416667	0.0833333	4	10	13.913	-1.84838	0.0416667	na	0.0184776
 1.0%	-1.13452	-6.92473	-1.44658	-1.53604	-1.6045	-1.64578	-24.2174	0.0535714	0.092437	0.126743	na	0.666667	0.949275	0.0818814	83	0	0	22.2264	18.3623	13.7645	-0.41159	-1.26372	0.0833333	0.0833333	5	14	17.8696	-1.07175	0.0451389	na	0.0246033
 2.5%	-0.989709	-5.52261	-1.21644	-1.28673	-1.37182	-1.4545	-19.3333	0.0642202	0.11039	0.142265	na	0.708333	0.956522	0.086996	88	0	0	23.5654	20.1558	16.9674	-0.362658	-1.00702	0.0833333	0.0833333	5	17	19.8696	-0.957441	0.0451389	na	0.0259301
 5.0%	-0.823098	-4.64347	-0.961686	-1.06939	-1.08611	-1.18107	-16.3841	0.0748299	0.125926	0.156348	na	0.708333	0.963768	0.0941919	96	0	0	25.7077	22.25	19.5652	-0.299178	-0.816357	0.0833333	0.0833333	6	19	22.087	-0.84195	0.0451389	na	0.0293367
10.0%	-0.61373	-3.73601	-0.747619	-0.779253	-0.799518	-0.861192	-11.6159	0.0909091	0.146853	0.172533	na	0.75	0.971014	0.100468	102	0	0	27.3144	25.1449	21.7717	-0.223788	-0.593165	0.0833333	0.0833333	7	23	24.5652	-0.666009	0.0486111	na	0.0352355
25.0%	-0.313857	-2.52989	-0.356098	-0.362503	-0.416457	-0.433863	-4.65217	0.117241	0.186275	0.204184	na	0.791667	0.978261	0.112139	116	0	0	31.0635	29.2935	27.2862	-0.114422	-0.244167	0.0833333	0.0833333	9	28	28.913	-0.352755	0.0520833	na	0.0514206
50.0%	-0.00791354	-1.30514	0.0130052	0.0141218	0.0165845	0.000953367	1.33333	0.148515	0.226415	0.239566	na	0.833333	0.985507	0.123564	130	0	0	34.8125	34.6123	34.471	-0.00288532	0.0719632	0.0833333	0.125	10	34	34.8696	-0.0248937	0.0555556	na	0.0727464
75.0%	0.283544	-0.0738279	0.336795	0.357404	0.385298	0.387645	6.1087	0.183824	0.268116	0.278944	na	0.916667	0.98913	0.134274	145	0	0	38.8293	39.8986	41.7935	0.102858	0.318441	0.125	0.125	12	41	40.6957	0.311492	0.0625	na	0.111066
90.0%	0.572829	0.848076	0.624513	0.652447	0.695755	0.759933	10.0145	0.223022	0.311475	0.317636	na	0.916667	0.992754	0.145411	159	0	0	42.5784	45.2536	48.4239	0.20863	0.527914	0.166667	0.166667	14	48	45.0435	0.575256	0.0694444	na	0.163378
95.0%	0.694197	1.62881	0.771966	0.821338	0.908909	0.950296	12.2536	0.244604	0.335052	0.339225	na	0.958333	0.996377	0.149155	169	0	0	45.2562	48.4855	52.4348	0.252152	0.634616	0.166667	0.208333	15	52	48.5217	0.760754	0.0763889	na	0.207026
97.5%	0.850372	2.22209	0.940876	0.952081	1.09161	1.11058	13.7754	0.267176	0.356164	0.363725	na	0.958333	0.996377	0.15528	175	0	0	46.863	52.2138	56.9022	0.307654	0.695666	0.208333	0.208333	16	55	51.2609	0.9333	0.0833333	na	0.243663
99.0%	1.07763	2.74711	1.04644	1.134	1.23113	1.31651	15.6232	0.295918	0.378788	0.398173	na	0.958333	0.996377	0.16116	193	0	0	51.6832	55.058	65.2174	0.391885	0.774863	0.208333	0.25	17	62	56.6957	1.0992	0.0902778	na	0.282401
99.9%	1.33618	4.59584	1.2337	1.40094	1.46208	1.6372	18.0725	0.33871	0.464	0.424464	na	1	1	0.174175	205	0	0	54.8966	64.8659	71.9239	0.484934	0.891712	0.25	0.333333	20	71	67.087	1.51083	0.111111	na	0.474401

locus_3

	TD	Fs	FD*	FF*	FD	FF	H	B	Q	ZA	Fst	Kw	Hw	R2	S	pi_w	pi_b	thetaWatt	thetaTaj	thetaFW	D/Dmin	Hnorm	maxhap	maxhap1	Rm	ThetaFL	ThetaL	ZengE
 0.1%	-1.72808	-8.51161	-1.93251	-2.13917	-2.26693	-2.4278	-9.51515	0	0	0.0425773	na	0.583333	0.833333	0.0710916	8	0	0	2.64911	2.5	0.939394	-0.789436	-2.23267	0.0833333	0.0833333	0	0	2	-1.81063	0.0833333	na	0.0577933
 1.0%	-1.04697	-7.24142	-1.2423	-1.35258	-1.5132	-1.58525	-6.78788	0	0	0.0954136	na	0.666667	0.893939	0.097315	12	0	0	3.97367	4.22727	2.51515	-0.476581	-1.58529	0.0833333	0.0833333	1	2	3.45455	-1.47054	0.0833333	na	0.0754286
 2.5%	-0.900063	-6.6737	-0.993797	-1.05204	-1.2724	-1.36181	-5.75758	0	0	0.116166	na	0.666667	0.909091	0.103869	15	0	0	4.96709	4.71212	2.93939	-0.406736	-1.2201	0.0833333	0.0833333	1	3	4.18182	-1.23112	0.0833333	na	0.0817844
 5.0%	-0.756218	-6.27659	-0.785913	-0.859057	-1.06394	-1.11916	-4.66667	0	0	0.134943	na	0.75	0.939394	0.108592	16	0	0	5.29823	5.04545	3.51515	-0.340975	-1.03782	0.0833333	0.0833333	2	3	4.45455	-1.05347	0.0833333	na	0.087766
10.0%	-0.594578	-5.59774	-0.617911	-0.71247	-0.802642	-0.897233	-3.57576	0.0434783	0.0833333	0.164516	na	0.75	0.939394	0.115526	18	0	0	5.96051	5.68182	4.33333	-0.268969	-0.732038	0.0833333	0.166667	2	4	5.36364	-0.795981	0.0833333	na	0.0974889
25.0%	-0.314577	-4.32148	-0.365414	-0.400049	-0.398724	-0.45694	-1.45455	0.08	0.142857	0.205839	na	0.833333	0.969697	0.127562	21	0	0	6.95392	6.90909	6.06061	-0.141293	-0.315994	0.166667	0.166667	3	6	6.72727	-0.446103	0.0972222	na	0.115993
50.0%	0.0209756	-3.01665	0.0351152	0.0347513	-0.0110062	0.0447589	0.30303	0.130435	0.228571	0.259002	na	0.916667	0.984848	0.14422	25	0	0	8.27848	8.39394	8.30303	0.00950154	0.0616574	0.166667	0.166667	4	8	8.45455	-0.0286303	0.0972222	na	0.153488
75.0%	0.380152	-1.86395	0.383019	0.412033	0.457324	0.504887	1.78788	0.190476	0.3125	0.3177	na	0.916667	0.984848	0.160455	29	0	0	9.60304	9.87879	10.7273	0.171789	0.393296	0.166667	0.25	6	11	10.1818	0.457832	0.111111	na	0.218543
90.0%	0.681923	-0.877725	0.666063	0.743791	0.828158	0.900404	3.0303	0.25	0.4	0.37891	na	1	1	0.175377	34	0	0	11.2587	11.6818	12.7879	0.308672	0.666915	0.25	0.25	7	13	11.8182	0.909005	0.138889	na	0.30485
95.0%	0.809221	-0.35708	0.846589	0.913431	0.987009	1.10743	3.66667	0.291667	0.457143	0.415865	na	1	1	0.181829	37	0	0	12.2522	12.7424	14.3485	0.367282	0.810429	0.25	0.333333	7	14	13.1818	1.23962	0.138889	na	0.351064
97.5%	0.930327	0.0756995	0.961413	1.03783	1.12483	1.2712	4.15152	0.321429	0.5	0.453383	na	1	1	0.1875	39	0	0	12.9144	13.6667	15.8939	0.420909	0.903384	0.25	0.333333	8	16	14.1818	1.46382	0.166667	na	0.436123
99.0%	1.03597	0.573638	1.06715	1.15528	1.3433	1.40567	4.69697	0.36	0.538462	0.487362	na	1	1	0.191325	43	0	0	14.239	14.5303	17.2879	0.465938	0.983395	0.333333	0.416667	9	18	15.1818	1.7545	0.180556	na	0.503817
99.9%	1.27051	1.28157	1.19098	1.35682	1.61224	1.80282	5.66667	0.461538	0.666667	0.569786	na	1	1	0.204317	48	0	0	15.8947	17.303	18.6515	0.578633	1.07942	0.416667	0.5	11	21	17.0909	2.19687	0.222222	na	0.790419

average

	TD	Fs	FD*	FF*	FD	FF	H	B	Q	ZA	Fst	Kw	Hw	R2	S	pi_w	pi_b	thetaWatt	thetaTaj	thetaFW	D/Dmin	Hnorm	maxhap	maxhap1	Rm	ThetaFL	ThetaL	ZengE
 0.1%	-1.10368	-5.22271	-1.3599	-1.46646	-1.23271	-1.35755	-10.208	0.0247093	0.0346821	0.120743	na	0.58125	0.779866	0.105726	34.25	0	0	9.50191	8.40456	6.95768	-0.471515	-1.57422	0.116667	0.125	2.25	6	8.34338	-1.02673	0.0771875	na	0.0908332
 1.0%	-0.79606	-4.10367	-0.943862	-1.03794	-0.992388	-1.12364	-7.3707	0.0599019	0.0997346	0.144031	na	0.604167	0.828752	0.109628	38.25	0	0	10.7847	10.0359	8.23486	-0.355252	-0.937209	0.13125	0.164583	2.75	8.5	9.44535	-0.855291	0.0865625	na	0.117608
 2.5%	-0.667709	-3.68362	-0.803448	-0.845029	-0.87515	-0.957006	-5.73371	0.0720413	0.116079	0.16127	na	0.622917	0.855668	0.114477	41	0	0	11.4261	10.5202	9.0711	-0.303924	-0.751353	0.139583	0.175	3	9.25	10.1303	-0.697431	0.0904167	na	0.128585
 5.0%	-0.587496	-3.33756	-0.686821	-0.725225	-0.725055	-0.781131	-4.66763	0.0823398	0.135507	0.180154	na	0.639583	0.869688	0.117969	42.25	0	0	11.7658	11.0106	9.80598	-0.265993	-0.59684	0.145833	0.1875	3	9.75	10.7902	-0.606495	0.0937847	na	0.139397
10.0%	-0.463946	-2.9056	-0.514321	-0.552374	-0.570728	-0.628234	-3.32057	0.0999599	0.158833	0.197525	na	0.65625	0.894669	0.122351	44.5	0	0	12.325	11.6796	10.8794	-0.210885	-0.401938	0.15625	0.197917	3.5	10.75	11.5661	-0.501186	0.0988194	na	0.15389
25.0%	-0.256342	-2.30701	-0.276115	-0.305597	-0.308631	-0.344934	-1.469	0.124039	0.197285	0.226399	na	0.6875	0.920391	0.129368	48	0	0	13.3962	12.8866	12.4512	-0.12447	-0.156028	0.177083	0.220833	4	12.5	12.8876	-0.291982	0.107188	na	0.188872
50.0%	-0.0371099	-1.65663	-0.0196144	-0.0169031	-0.0258608	-0.0249458	0.348728	0.161967	0.242431	0.263901	na	0.722917	0.940107	0.138964	52.25	0	0	14.5394	14.5465	14.3823	-0.0181047	0.0773459	0.2	0.247917	4.5	14.75	14.4572	-0.0773813	0.119861	na	0.250971
75.0%	0.201083	-0.899972	0.208616	0.231354	0.218403	0.231938	1.80963	0.202434	0.29251	0.305111	na	0.75625	0.954031	0.14762	56.75	0	0	15.8096	16.2473	16.5471	0.0932492	0.256558	0.227083	0.277083	5.25	16.5	16.197	0.197508	0.137604	na	0.368632
90.0%	0.397066	-0.311439	0.414157	0.440378	0.454959	0.515756	3.00001	0.247396	0.335252	0.346327	na	0.785417	0.962991	0.154778	61	0	0	17.0574	17.7994	18.8436	0.185216	0.390943	0.258333	0.314583	5.75	18.5	17.8383	0.404232	0.160347	na	0.493547
95.0%	0.52585	0.080767	0.542512	0.578192	0.600288	0.65449	3.79509	0.272099	0.364062	0.36804	na	0.802083	0.968607	0.159928	63.75	0	0	17.7455	18.7219	20.3703	0.232921	0.482741	0.275	0.33125	6	19.75	19.1436	0.55989	0.183507	na	0.598251
97.5%	0.602243	0.432968	0.620845	0.681374	0.709029	0.767926	4.32247	0.299056	0.392373	0.390522	na	0.814583	0.972378	0.16357	66.25	0	0	18.5067	20.0952	21.794	0.27307	0.565469	0.295833	0.345833	6.5	21	20.0492	0.707675	0.194757	na	0.73219
99.0%	0.737307	0.889348	0.730731	0.816724	0.8225	0.917867	5.00535	0.330254	0.411693	0.411623	na	0.827083	0.976489	0.168849	70.5	0	0	19.4972	21.7967	23.1698	0.32728	0.614388	0.308333	0.372917	6.75	22.5	21.0988	0.834606	0.217743	na	0.836044
99.9%	1.05747	1.79539	0.793013	0.905637	0.949036	1.10596	5.42847	0.359325	0.454759	0.442925	na	0.870833	0.985162	0.180481	75.25	0	0	20.693	23.0403	25.3747	0.481517	0.755325	0.341667	0.43125	7.25	25.5	24.0296	1.27987	0.253924	na	1.42162

variance

	TD	Fs	FD*	FF*	FD	FF	H	B	Q	ZA	Fst	Kw	Hw	R2	S	pi_w	pi_b	thetaWatt	thetaTaj	thetaFW	D/Dmin	Hnorm	maxhap	maxhap1	Rm	ThetaFL	ThetaL	ZengE
 0.1%	0.00217224	0.0377227	0.00339497	0.00319379	0.00221928	0.00115445	0.0445885	1.12209e-05	0.000136597	2.87691e-05	na	0.00145255	8.56443e-05	1.60435e-05	648.667	0	0	38.5022	18.38	6.44659	0.000823086	0.00286882	0.000277778	0.000277778	4.25	4.33333	4.84119	0.000118642	0.00032678	na	0.00023873
 1.0%	0.0158584	0.170792	0.0176751	0.0156402	0.0166647	0.0218587	0.49918	0.000289328	0.000715398	0.000410883	na	0.0045081	0.000163877	5.3077e-05	866.917	0	0	53.8856	30.705	20.8537	0.00278668	0.0132139	0.000943287	0.00214699	4.66667	19.6667	26.934	0.0170259	0.000657116	na	0.00134385
 2.5%	0.0284651	0.333929	0.0271354	0.0331945	0.0388636	0.0323369	1.0109	0.000559064	0.00138719	0.000666114	na	0.00682292	0.000262371	8.75226e-05	998.917	0	0	61.833	43.0103	31.8334	0.00491854	0.0209421	0.00117477	0.00358218	6.25	29.6667	40.9328	0.0270237	0.00102331	na	0.00257052
 5.0%	0.0481646	0.617529	0.0497043	0.0543665	0.0657891	0.0684705	1.73461	0.0010729	0.00220166	0.00108444	na	0.00990741	0.000403945	0.000133061	1262.25	0	0	79.6949	56.3967	46.0622	0.00903443	0.0402756	0.00247685	0.00490741	8.25	48.6667	57.7565	0.0495845	0.00133071	na	0.00425656
10.0%	0.0734871	1.11379	0.0881802	0.0937138	0.109633	0.132592	2.72295	0.00200487	0.00357216	0.00188063	na	0.013588	0.000683369	0.000205765	1547	0	0	99.7561	81.0257	63.4162	0.0148987	0.0660246	0.00303241	0.00589699	9.58333	72.9167	78.587	0.0907135	0.00180525	na	0.00703347
25.0%	0.165102	2.22863	0.175573	0.207089	0.228938	0.2687	6.62935	0.00405941	0.00705392	0.00434128	na	0.0223148	0.00145548	0.000430217	2108.92	0	0	140.63	127.308	110.283	0.0308345	0.131397	0.00659144	0.0121296	14	118.25	120.595	0.196822	0.00302827	na	0.0171437
50.0%	0.327679	4.70672	0.355243	0.421773	0.437686	0.519948	14.3078	0.00829474	0.01393	0.00977279	na	0.033588	0.00353438	0.000862627	2852.67	0	0	192.424	191.765	193.964	0.0636421	0.269973	0.0111748	0.0196991	20.6667	190.25	196.1	0.417254	0.00557332	na	0.0546605
75.0%	0.5757	8.28393	0.674143	0.796519	0.788047	0.986392	33.1518	0.0173247	0.0261333	0.0194231	na	0.0483333	0.00816358	0.00146314	3657.58	0	0	249.221	270.1	312.613	0.120606	0.502425	0.0219444	0.0358102	28.3333	300.917	278.555	0.723711	0.0108624	na	0.200048
90.0%	0.908679	13.1563	1.03736	1.21114	1.30528	1.46834	63.4873	0.039508	0.0439343	0.0367196	na	0.0663657	0.0195951	0.00238617	4530.25	0	0	309.413	359.387	433.032	0.201842	0.969268	0.0387037	0.0624074	38.6667	428.25	365.727	1.04531	0.0228074	na	0.462424
95.0%	1.11553	17.9089	1.32539	1.49382	1.58985	1.91125	90.8481	0.0584242	0.0608312	0.0553625	na	0.0759896	0.0313136	0.00313758	5156.25	0	0	353.184	439.607	511.001	0.238748	1.33674	0.0572859	0.0830324	44.6667	516.917	432.361	1.26352	0.033168	na	0.737806
97.5%	1.26148	22.1959	1.55753	1.81882	1.99104	2.35727	120.238	0.0758435	0.0785711	0.0699473	na	0.08636	0.0503902	0.00407207	5692.67	0	0	392.702	516.49	617.455	0.268625	1.85685	0.0802546	0.10511	50.6667	588.667	493.762	1.50796	0.051014	na	1.36913
99.0%	1.49768	28.8425	1.89816	2.18202	2.27597	2.64681	168.168	0.0991064	0.106113	0.0966139	na	0.0991435	0.0669901	0.00493742	7005.67	0	0	479.285	571.319	820.719	0.355531	2.40322	0.0934259	0.135278	58.9167	751.583	622.503	1.67746	0.066014	na	1.92521
99.9%	2.31283	40.4813	2.68502	2.77772	2.78367	3.29773	280.343	0.191782	0.159201	0.145124	na	0.117471	0.149951	0.00686248	8203	0	0	572.571	834.176	1001.93	0.478097	5.50957	0.154971	0.196366	83.6667	988.917	842.124	3.12506	0.13748	na	5.72124