

Number of valid iterations:
	TD	Fs	FD*	FF*	FD	FF	H	B	Q	ZA	Fst	Kw	Hw	R2	S	pi_w	pi_b	thetaWatt	thetaTaj	thetaFW	D/Dmin	Hnorm	maxhap	maxhap1	Rm	ThetaFL	ThetaL	ZengE
locus_0	100	100	100	100	100	100	100	100	100	100	0	100	100	100	100	100	100	100	100	100	100	100	100	100	100	100	100	100	100	0	100
average	100	100	100	100	100	100	100	100	100	100	0	100	100	100	100	100	100	100	100	100	100	100	100	100	100	100	100	100	100	0	100
variance	0	0	0	0	0	0	0	0	0	0	0	0	0	0	0	0	0	0	0	0	0	0	0	0	0	0	0	0	0	0	0

PERCENTILES:

locus_0

	TD	Fs	FD*	FF*	FD	FF	H	B	Q	ZA	Fst	Kw	Hw	R2	S	pi_w	pi_b	thetaWatt	thetaTaj	thetaFW	D/Dmin	Hnorm	maxhap	maxhap1	Rm	ThetaFL	ThetaL	ZengE
 0.1%	na	na	na	na	na	na	na	na	na	na	na	na	na	na	na	na	na	na	na	na	na	na	na	na	na	na	na	na	na	na	na
 1.0%	-1.82325	-8.81648	-2.11275	-2.13902	-2.13918	-2.41395	-14.4316	0	0	0.00539197	na	0.3	0.573684	0.0770984	7	0	0	1.97309	0.878947	0.0684211	-0.859438	-3.6685	0.1	0.15	0	0	0.473684	-1.82205	0.07	na	0.0973361
 2.5%	-1.49716	-7.70177	-1.82827	-1.99041	-2.00468	-2.09868	-6.22105	0	0	0.0525331	na	0.3	0.613158	0.08476	7.5	0	0	2.11402	1.59474	0.718421	-0.624315	-2.95595	0.1	0.15	0	0	1.44737	-1.62085	0.0725	na	0.103436
 5.0%	-1.27165	-5.50989	-1.44127	-1.58993	-1.72035	-1.88057	-4.96842	0	0	0.102549	na	0.35	0.742105	0.0897297	9	0	0	2.53683	2.16842	1.46842	-0.580382	-1.58755	0.15	0.15	0	1	2.42105	-1.27857	0.08	na	0.119798
10.0%	-1.06219	-4.31041	-1.35102	-1.48973	-1.29262	-1.406	-3.49474	0	0	0.122339	na	0.4	0.778947	0.0984117	12	0	0	3.38244	2.81053	2.01053	-0.442921	-1.05014	0.15	0.2	1	2	2.94737	-0.859972	0.095	na	0.12934
25.0%	-0.511593	-3.14749	-0.52854	-0.489854	-0.532129	-0.60438	-1.41053	0.0555556	0.105263	0.158267	na	0.5	0.884211	0.113047	15	0	0	4.22804	3.84737	3.43684	-0.212854	-0.536294	0.2	0.25	1	3	3.78947	-0.480636	0.11	na	0.176089
50.0%	0.052053	-2.14632	0.0589871	0.106846	0.0594973	0.0611304	0.178947	0.125	0.208333	0.236103	na	0.55	0.915789	0.132755	18	0	0	5.07365	5.03684	4.8	0.0211397	0.0591765	0.25	0.3	2	5	5.21053	-0.0905593	0.13	na	0.228365
75.0%	0.444916	-0.926557	0.56443	0.588072	0.589736	0.676421	1.95789	0.2	0.315789	0.297523	na	0.65	0.936842	0.150504	22	0	0	6.20113	6.69474	6.86842	0.19672	0.584038	0.3	0.35	2	7	6.57895	0.450228	0.155	na	0.300158
90.0%	0.859333	0.209073	0.93633	1.04609	1.03658	1.11571	2.76842	0.285714	0.454545	0.369978	na	0.7	0.952632	0.165655	26	0	0	7.32861	8.34737	8.46316	0.358333	0.77641	0.4	0.5	3	8	8.26316	0.986327	0.245	na	0.413943
95.0%	0.969301	0.7438	1.17706	1.2075	1.31191	1.36061	3.48421	0.333333	0.521739	0.458227	na	0.7	0.963158	0.170196	29	0	0	8.17422	9.25789	9.72632	0.415389	0.852898	0.45	0.65	4	10	9.36842	1.53295	0.28	na	0.517429
97.5%	1.05106	2.07105	1.29978	1.26153	1.40826	1.42445	3.72632	0.3675	0.556802	0.484894	na	0.775	0.973684	0.178848	32	0	0	9.01983	9.88947	11.7053	0.454309	0.928604	0.575	0.7	4.5	10.5	10.0526	1.71614	0.3625	na	0.635543
99.0%	1.43089	3.12558	1.34244	1.30104	1.49493	1.43864	4.09474	0.454545	0.576923	0.534975	na	0.8	0.978947	0.187543	33	0	0	9.3017	10.2737	15.6	0.574774	0.94938	0.65	0.75	5	13	11.1053	2.33083	0.45	na	0.771313
99.9%	na	na	na	na	na	na	na	na	na	na	na	na	na	na	na	na	na	na	na	na	na	na	na	na	na	na	na	na	na	na	na

average

	TD	Fs	FD*	FF*	FD	FF	H	B	Q	ZA	Fst	Kw	Hw	R2	S	pi_w	pi_b	thetaWatt	thetaTaj	thetaFW	D/Dmin	Hnorm	maxhap	maxhap1	Rm	ThetaFL	ThetaL	ZengE
 0.1%	na	na	na	na	na	na	na	na	na	na	na	na	na	na	na	na	na	na	na	na	na	na	na	na	na	na	na	na	na	na	na
 1.0%	-1.82325	-8.81648	-2.11275	-2.13902	-2.13918	-2.41395	-14.4316	0	0	0.00539197	na	0.3	0.573684	0.0770984	7	0	0	1.97309	0.878947	0.0684211	-0.859438	-3.6685	0.1	0.15	0	0	0.473684	-1.82205	0.07	na	0.0973361
 2.5%	-1.49716	-7.70177	-1.82827	-1.99041	-2.00468	-2.09868	-6.22105	0	0	0.0525331	na	0.3	0.613158	0.08476	7.5	0	0	2.11402	1.59474	0.718421	-0.624315	-2.95595	0.1	0.15	0	0	1.44737	-1.62085	0.0725	na	0.103436
 5.0%	-1.27165	-5.50989	-1.44127	-1.58993	-1.72035	-1.88057	-4.96842	0	0	0.102549	na	0.35	0.742105	0.0897297	9	0	0	2.53683	2.16842	1.46842	-0.580382	-1.58755	0.15	0.15	0	1	2.42105	-1.27857	0.08	na	0.119798
10.0%	-1.06219	-4.31041	-1.35102	-1.48973	-1.29262	-1.406	-3.49474	0	0	0.122339	na	0.4	0.778947	0.0984117	12	0	0	3.38244	2.81053	2.01053	-0.442921	-1.05014	0.15	0.2	1	2	2.94737	-0.859972	0.095	na	0.12934
25.0%	-0.511593	-3.14749	-0.52854	-0.489854	-0.532129	-0.60438	-1.41053	0.0555556	0.105263	0.158267	na	0.5	0.884211	0.113047	15	0	0	4.22804	3.84737	3.43684	-0.212854	-0.536294	0.2	0.25	1	3	3.78947	-0.480636	0.11	na	0.176089
50.0%	0.052053	-2.14632	0.0589871	0.106846	0.0594973	0.0611304	0.178947	0.125	0.208333	0.236103	na	0.55	0.915789	0.132755	18	0	0	5.07365	5.03684	4.8	0.0211397	0.0591765	0.25	0.3	2	5	5.21053	-0.0905593	0.13	na	0.228365
75.0%	0.444916	-0.926557	0.56443	0.588072	0.589736	0.676421	1.95789	0.2	0.315789	0.297523	na	0.65	0.936842	0.150504	22	0	0	6.20113	6.69474	6.86842	0.19672	0.584038	0.3	0.35	2	7	6.57895	0.450228	0.155	na	0.300158
90.0%	0.859333	0.209073	0.93633	1.04609	1.03658	1.11571	2.76842	0.285714	0.454545	0.369978	na	0.7	0.952632	0.165655	26	0	0	7.32861	8.34737	8.46316	0.358333	0.77641	0.4	0.5	3	8	8.26316	0.986327	0.245	na	0.413943
95.0%	0.969301	0.7438	1.17706	1.2075	1.31191	1.36061	3.48421	0.333333	0.521739	0.458227	na	0.7	0.963158	0.170196	29	0	0	8.17422	9.25789	9.72632	0.415389	0.852898	0.45	0.65	4	10	9.36842	1.53295	0.28	na	0.517429
97.5%	1.05106	2.07105	1.29978	1.26153	1.40826	1.42445	3.72632	0.3675	0.556802	0.484894	na	0.775	0.973684	0.178848	32	0	0	9.01983	9.88947	11.7053	0.454309	0.928604	0.575	0.7	4.5	10.5	10.0526	1.71614	0.3625	na	0.635543
99.0%	1.43089	3.12558	1.34244	1.30104	1.49493	1.43864	4.09474	0.454545	0.576923	0.534975	na	0.8	0.978947	0.187543	33	0	0	9.3017	10.2737	15.6	0.574774	0.94938	0.65	0.75	5	13	11.1053	2.33083	0.45	na	0.771313
99.9%	na	na	na	na	na	na	na	na	na	na	na	na	na	na	na	na	na	na	na	na	na	na	na	na	na	na	na	na	na	na	na

variance

	TD	Fs	FD*	FF*	FD	FF	H	B	Q	ZA	Fst	Kw	Hw	R2	S	pi_w	pi_b	thetaWatt	thetaTaj	thetaFW	D/Dmin	Hnorm	maxhap	maxhap1	Rm	ThetaFL	ThetaL	ZengE
 0.1%	na	na	na	na	na	na	na	na	na	na	na	na	na	na	na	na	na	na	na	na	na	na	na	na	na	na	na	na	na	na	na
 1.0%	na	na	na	na	na	na	na	na	na	na	na	na	na	na	na	na	na	na	na	na	na	na	na	na	na	na	na	na	na	na	na
 2.5%	na	na	na	na	na	na	na	na	na	na	na	na	na	na	na	na	na	na	na	na	na	na	na	na	na	na	na	na	na	na	na
 5.0%	na	na	na	na	na	na	na	na	na	na	na	na	na	na	na	na	na	na	na	na	na	na	na	na	na	na	na	na	na	na	na
10.0%	na	na	na	na	na	na	na	na	na	na	na	na	na	na	na	na	na	na	na	na	na	na	na	na	na	na	na	na	na	na	na
25.0%	na	na	na	na	na	na	na	na	na	na	na	na	na	na	na	na	na	na	na	na	na	na	na	na	na	na	na	na	na	na	na
50.0%	na	na	na	na	na	na	na	na	na	na	na	na	na	na	na	na	na	na	na	na	na	na	na	na	na	na	na	na	na	na	na
75.0%	na	na	na	na	na	na	na	na	na	na	na	na	na	na	na	na	na	na	na	na	na	na	na	na	na	na	na	na	na	na	na
90.0%	na	na	na	na	na	na	na	na	na	na	na	na	na	na	na	na	na	na	na	na	na	na	na	na	na	na	na	na	na	na	na
95.0%	na	na	na	na	na	na	na	na	na	na	na	na	na	na	na	na	na	na	na	na	na	na	na	na	na	na	na	na	na	na	na
97.5%	na	na	na	na	na	na	na	na	na	na	na	na	na	na	na	na	na	na	na	na	na	na	na	na	na	na	na	na	na	na	na
99.0%	na	na	na	na	na	na	na	na	na	na	na	na	na	na	na	na	na	na	na	na	na	na	na	na	na	na	na	na	na	na	na
99.9%	na	na	na	na	na	na	na	na	na	na	na	na	na	na	na	na	na	na	na	na	na	na	na	na	na	na	na	na	na	na	na