mlcoalsim version 1.39 (20080202)
OUTPUT FILE: date Sat Feb  2 02:08:06 2008 

Input data from the file: input.txt

Print_neuttest:        1
Print_matrixpol:       0
N_iterations:          100
Seed1:                 111

N_loci:                1
Factorn_chr:           1.000000
N_sites:               1000
N_samples:             20
Mutations:             0
Thetaw:                5
No_rec_males:          0
Recombination:         10


Neutral tests (excluding multiple hits positions)
value(TD)	value(Fs)	value(FD*)	value(FF*)	value(FD)	value(FF)	value(H)	value(B)	value(Q)	value(ZA)	value(Fst)	value(Kw)	value(Hw)	value(R2)	value(S)	value(pi_w)	value(pi_b)	value(ThetaWatt)	value(ThetaTaj)	value(ThetaFW)	value(D/Dmin)	value(Hnorm)	value(maxhap)	value(maxhap1)	value(Rm)	value(theta_fl)	value(theta_l)	value(zeng_E)	value(EW-test)	value(Fstw)	value(Pwh)
-0.740975	-4.03216	-0.0548905	-0.294585	0.297487	-0.0312657	-1.32632	0	0	0.025456	na	0.55	0.931579	0.101536	13	0	0	3.6643	2.91579	4.24211	-0.31659	-0.549628	0.2	0.25	1	3	3.57895	-0.0670716	0.115	na	0.34296	
0.34181	-0.243246	-0.161794	-0.0132668	-0.306672	-0.109596	4.90526	0.102564	0.175	0.183029	na	0.65	0.942105	0.139329	40	0	0	11.2748	12.2421	7.33684	0.132969	0.755021	0.2	0.25	3	13	9.78947	-0.469819	0.105	na	0.326741	
-0.543143	-1.84763	-0.81764	-0.856663	-0.755281	-0.83304	-1.07368	0.315789	0.4	0.344347	na	0.55	0.9	0.113047	20	0	0	5.63739	4.83158	5.90526	-0.221536	-0.308566	0.3	0.35	1	8	5.36842	-0.151757	0.145	na	0.413943	
-0.841488	-0.676577	-1.56302	-1.57027	-1.71672	-1.74047	-0.263158	0.0869565	0.125	0.168956	na	0.5	0.852632	0.109386	24	0	0	6.76487	5.28947	5.55263	-0.338016	-0.0644183	0.35	0.4	2	13	5.42105	-0.654545	0.19	na	0.189055	
-1.45405	-2.56421	-1.22115	-1.50028	-1.00303	-1.39651	-2.04211	0.318182	0.521739	0.369978	na	0.55	0.884211	0.0770984	23	0	0	6.483	4.03158	6.07368	-0.586044	-0.519102	0.3	0.35	1	10	5.05263	-0.721279	0.16	na	0.248042	
1.43089	3.12558	0.93633	1.25921	1.03658	1.41613	2.96842	0.347826	0.5	0.469786	na	0.4	0.847368	0.187543	24	0	0	6.76487	9.27368	6.30526	0.574774	0.726638	0.35	0.35	2	3	7.78947	0.499062	0.195	na	0.215664	
-1.26212	-1.24732	-0.919807	-1.17704	-0.474563	-0.847227	-4.96842	0.142857	0.25	0.286227	na	0.3	0.573684	0.0897297	8	0	0	2.25496	1.41053	6.37895	-0.580382	-3.03282	0.65	0.8	0	3	3.89474	1.82078	0.455	na	0.708955	
-1.53834	-0.0409635	-1.22115	-1.52922	-0.147446	-0.727813	-14.4316	0.454545	0.565217	0.534975	na	0.4	0.757895	0.0957343	23	0	0	6.483	3.88947	18.3211	-0.620016	-3.6685	0.45	0.7	2	7	11.1053	2.33083	0.28	na	0.771313	
0.760234	-1.1393	0.620146	0.769202	0.651123	0.833464	3.49474	0.142857	0.272727	0.226195	na	0.6	0.910526	0.16084	22	0	0	6.20113	7.43158	3.93684	0.307525	0.9239	0.25	0.3	1	4	5.68421	-0.270213	0.135	na	0.134561	
0.108741	-3.29113	0.835939	0.724423	0.894329	0.780803	0.6	0	0	0.239707	na	0.6	0.926316	0.139858	15	0	0	4.22804	4.35263	3.75263	0.0456691	0.220657	0.25	0.3	2	2	4.05263	-0.123789	0.12	na	0.229746	
0.0563897	-4.31041	-0.0175755	0.00485018	-0.115919	-0.0733407	2.28421	0.105263	0.2	0.197896	na	0.7	0.952632	0.13385	20	0	0	5.63739	5.72105	3.43684	0.0230001	0.656459	0.2	0.2	3	6	4.57895	-0.59719	0.095	na	0.174793	
0.573057	-2.50237	0.241396	0.392847	0.194659	0.379966	2.72632	0	0	0.196901	na	0.6	0.931579	0.152231	16	0	0	4.50991	5.20526	2.47895	0.238959	0.94938	0.2	0.2	2	4	3.84211	-0.4486	0.115	na	0.192113	
0.518494	-3.11554	0.499581	0.588072	0.510647	0.625377	1.98947	0.0357143	0.0689655	0.158267	na	0.75	0.973684	0.150504	29	0	0	8.17422	9.25789	7.26842	0.205467	0.41104	0.1	0.15	3	6	8.26316	0.0370387	0.075	na	0.108016	
-0.134025	-7.03424	-0.361289	-0.342239	-0.532129	-0.489596	0.705263	0.0952381	0.181818	0.148709	na	0.8	0.978947	0.12162	22	0	0	6.20113	5.98421	5.27895	-0.0542149	0.18645	0.1	0.2	2	8	5.63158	-0.297725	0.07	na	0.167106	
-0.95913	-3.20812	-0.963312	-1.11861	-1.2539	-1.406	1.91579	0.05	0.0952381	0.122339	na	0.6	0.921053	0.0902746	21	0	0	5.91926	4.43158	2.51579	-0.389521	0.527597	0.25	0.3	0	10	3.47368	-1.32712	0.125	na	0.225653	
0.304975	0.0996262	-0.11593	0.00947567	-0.236316	-0.0741425	-0.505263	0.285714	0.454545	0.358676	na	0.5	0.878947	0.138705	22	0	0	6.20113	6.69474	7.2	0.123366	-0.133576	0.3	0.35	0	7	6.94737	0.390085	0.165	na	0.298742	
-0.555482	-4.60762	-0.305787	-0.439174	-0.0227831	-0.228706	-1.51579	0.153846	0.285714	0.17297	na	0.6	0.952632	0.110988	14	0	0	3.94617	3.34737	4.86316	-0.235179	-0.590649	0.15	0.2	2	4	4.10526	0.118278	0.095	na	0.298742	
0.534695	-2.06617	-0.192607	0.0239277	-0.322257	-0.0588402	2.01053	0.176471	0.333333	0.23521	na	0.6	0.936842	0.148618	18	0	0	5.07365	5.79474	3.78421	0.220269	0.633033	0.2	0.25	2	6	4.78947	-0.174237	0.11	na	0.17257	
0.345069	-1.74066	0.476176	0.509079	0.483931	0.534363	3.17895	0.21875	0.393939	0.278868	na	0.7	0.963158	0.144033	33	0	0	9.3017	10.1158	6.93684	0.135644	0.584038	0.15	0.15	2	7	8.52632	-0.289494	0.085	na	0.0988554	
0.13594	0.486412	-0.18037	-0.10306	0.181869	0.201599	-3.61053	0.272727	0.416667	0.388004	na	0.35	0.763158	0.136393	12	0	0	3.38244	3.51053	7.12105	0.0586918	-1.59794	0.45	0.5	0	3	5.31579	1.6115	0.275	na	0.284858	
-0.331765	-4.21559	0.556479	0.348133	0.558207	0.341936	1.83158	0	0	0.126779	na	0.55	0.931579	0.121754	11	0	0	3.10057	2.81053	0.978947	-0.144979	0.869972	0.2	0.3	1	2	1.89474	-1.0707	0.115	na	0.355805	
1.55985	0.7438	0.785899	1.18109	0.857282	1.32292	1.81053	0.08	0.153846	0.269063	na	0.55	0.905263	0.190501	26	0	0	7.32861	10.2737	8.46316	0.62282	0.412671	0.25	0.3	5	4	9.36842	0.930307	0.14	na	0.0973361	
0.0619309	-2.83818	-0.611413	-0.479369	-0.0971885	-0.0548003	-4.22105	0.307692	0.481481	0.381629	na	0.7	0.963158	0.132725	27	0	0	7.61048	7.73158	11.9526	0.0246614	-0.930092	0.15	0.2	3	8	9.84211	0.986463	0.085	na	0.12934	
0.50333	-1.90188	0.254688	0.381735	0.210592	0.371854	2.76842	0.0869565	0.125	0.193115	na	0.65	0.942105	0.149225	24	0	0	6.76487	7.64737	4.87895	0.202182	0.677681	0.2	0.2	3	6	6.26316	-0.244374	0.105	na	0.261528	
-0.225038	-2.64137	1.01419	0.755859	1.11795	0.832895	-0.347368	0.0555556	0.105263	0.107009	na	0.6	0.942105	0.128261	19	0	0	5.35552	5.03684	5.38421	-0.0922235	-0.104381	0.2	0.3	2	2	5.21053	-0.0852023	0.105	na	0.198537	
-0.777846	-2.32227	-0.52854	-0.697996	-0.711257	-0.883862	-0.273684	0.142857	0.2	0.185848	na	0.5	0.894737	0.0984903	15	0	0	4.22804	3.33684	3.61053	-0.326682	-0.100651	0.25	0.45	1	6	3.47368	-0.532353	0.15	na	0.299685	
0.0762598	-1.80265	0.32029	0.289113	0.288209	0.267071	-3.58947	0.125	0.235294	0.260647	na	0.55	0.915789	0.134123	17	0	0	4.79178	4.88947	8.47895	0.0315967	-1.18701	0.25	0.4	1	4	6.68421	1.21313	0.13	na	0.409042	
0.620404	-1.24923	0.374787	0.520047	0.35531	0.535616	2.93684	0.047619	0.0909091	0.251105	na	0.6	0.9	0.154329	22	0	0	6.20113	7.20526	4.26842	0.250962	0.77641	0.3	0.3	2	5	5.73684	-0.242701	0.145	na	0.138787	
-0.146971	-2.27225	-0.727706	-0.648123	-0.950588	-0.841235	0.978947	0	0	0.151223	na	0.55	0.915789	0.11899	16	0	0	4.50991	4.33158	3.35263	-0.0612853	0.340897	0.2	0.25	1	7	3.84211	-0.4486	0.13	na	0.230863	
-0.32351	-0.595705	1.29975	0.970922	1.37773	1.04204	-1.28421	0.166667	0.285714	0.265758	na	0.3	0.757895	0.127068	7	0	0	1.97309	1.77895	3.06316	-0.152495	-0.867622	0.45	0.65	1	0	2.42105	0.544359	0.28	na	0.56213	
-0.210679	-3.52949	0.310629	0.182028	0.278577	0.144595	-1.41053	0.166667	0.2	0.223975	na	0.7	0.952632	0.123291	25	0	0	7.04674	6.66316	8.07368	-0.0843643	-0.332964	0.2	0.25	1	6	7.36842	0.151529	0.095	na	0.300158	
0.437814	-1.46847	0.933883	0.916222	1.01621	1.00665	-2.45263	0.375	0.529412	0.490645	na	0.55	0.894737	0.152572	17	0	0	4.79178	5.35263	7.80526	0.1814	-0.811066	0.3	0.35	3	2	6.57895	1.14565	0.15	na	0.560472	
1.00602	-1.44222	0.862409	1.04609	0.9011	1.11571	-0.284211	0.125	0.222222	0.237347	na	0.45	0.905263	0.178261	9	0	0	2.53683	3.27895	3.56316	0.45339	-0.158343	0.25	0.25	2	1	3.42105	0.905192	0.14	na	0.304976	
-0.101422	-2.77213	-0.305787	-0.285916	-0.446062	-0.407614	2.09474	0	0	0.0796103	na	0.55	0.931579	0.123121	14	0	0	3.94617	3.83684	1.74211	-0.0429399	0.816245	0.2	0.2	2	5	2.78947	-0.859972	0.115	na	0.260631	
-0.618999	-3.15943	-1.2164	-1.20988	-0.881051	-0.965696	-3.14737	0.111111	0.210526	0.153103	na	0.6	0.905263	0.0995248	19	0	0	5.35552	4.47895	7.62632	-0.253674	-0.945755	0.3	0.35	3	8	6.05263	0.409633	0.14	na	0.223267	
-0.756606	-0.959214	-0.439179	-0.61635	-0.598148	-0.779688	-1.88421	0.166667	0.307692	0.323731	na	0.4	0.647368	0.106796	13	0	0	3.6643	2.9	4.78421	-0.323268	-0.780821	0.6	0.7	2	5	3.84211	0.13971	0.385	na	0.344828	
-0.855598	-7.21072	-1.20776	-1.28267	-1.49378	-1.55938	-0.505263	0.0833333	0.153846	0.133612	na	0.65	0.942105	0.106865	13	0	0	3.6643	2.8	3.30526	-0.365564	-0.209382	0.2	0.25	2	7	3.05263	-0.480636	0.105	na	0.357143	
-0.511593	-1.6843	0.30558	0.0726704	0.273682	0.0162475	2.71579	0.21875	0.363636	0.297523	na	0.65	0.947368	0.112339	33	0	0	9.3017	8.09474	5.37895	-0.201103	0.498946	0.2	0.3	2	8	6.73684	-0.957608	0.1	na	0.123537	
0.27452	-1.43131	0.0556069	0.138426	-0.0227831	0.0848427	-0.147368	0.153846	0.214286	0.246972	na	0.5	0.894737	0.140161	14	0	0	3.94617	4.24211	4.38947	0.116226	-0.0574242	0.25	0.4	2	4	4.31579	0.274798	0.15	na	0.235732	
-1.07825	-3.28976	-1.82728	-1.86806	-1.89579	-1.97854	-1.38947	0.1875	0.294118	0.248629	na	0.55	0.842105	0.0888631	17	0	0	4.79178	3.41053	4.8	-0.446751	-0.459488	0.4	0.45	0	10	4.10526	-0.440089	0.2	na	0.29321	
-0.0963001	-1.09814	0.627087	0.482553	0.652209	0.500956	0.178947	0.125	0.235294	0.275339	na	0.5	0.910526	0.130189	17	0	0	4.79178	4.66842	4.48947	-0.0399001	0.0591765	0.2	0.25	2	3	4.57895	-0.136437	0.135	na	0.42841	
-0.366269	-1.84351	-0.101104	-0.207988	-0.214718	-0.319012	-0.536842	0.222222	0.368421	0.305612	na	0.55	0.921053	0.115282	19	0	0	5.35552	4.83684	5.37368	-0.150102	-0.161316	0.25	0.3	1	6	5.10526	-0.147057	0.125	na	0.206746	
0.969301	-0.2819	0.93475	1.09443	0.988818	1.17795	1.30526	0.333333	0.6	0.458227	na	0.4	0.836842	0.176352	10	0	0	2.8187	3.6	2.29474	0.429596	0.669185	0.35	0.5	1	1	2.94737	0.122316	0.205	na	0.277778	
-0.81913	-1.67847	-1.38997	-1.42052	-1.29262	-1.37962	-1.45263	0.0769231	0.142857	0.118248	na	0.45	0.794737	0.101531	14	0	0	3.94617	3.06316	4.51579	-0.346801	-0.566039	0.45	0.55	1	7	3.78947	-0.116502	0.245	na	0.32646	
0.444916	-3.44279	1.34244	1.25741	1.43632	1.36061	-0.894737	0	0	0.148181	na	0.5	0.921053	0.159539	8	0	0	2.25496	2.55263	3.44737	0.204593	-0.546164	0.2	0.25	1	0	3	0.827281	0.125	na	0.391753	
-1.06219	-0.628594	-1.37377	-1.48973	-1.33234	-1.50659	-1.13684	0.266667	0.3125	0.315842	na	0.4	0.742105	0.120129	16	0	0	4.50991	3.22105	4.35789	-0.442921	-0.39588	0.5	0.55	1	8	3.78947	-0.483955	0.295	na	0.310458	
0.300532	-3.32964	0.39166	0.424052	0.72138	0.710608	-1.14737	0	0	0.146854	na	0.65	0.947368	0.142821	18	0	0	5.07365	5.47895	6.62632	0.123805	-0.36126	0.2	0.25	3	3	6.05263	0.600235	0.1	na	0.182517	
0.052053	-0.260188	0.0589871	0.0662108	-0.0248086	0	-0.210526	0.15	0.238095	0.307437	na	0.5	0.884211	0.133843	21	0	0	5.91926	6	6.21053	0.0211397	-0.0579777	0.25	0.45	1	6	6.10526	0.100935	0.16	na	0.166667	
1.07523	-8.19282	1.13979	1.30104	1.24705	1.43864	0.947368	0.153846	0.214286	0.320474	na	0.8	0.978947	0.179436	14	0	0	3.94617	5.10526	4.15789	0.455227	0.369156	0.1	0.15	3	1	4.63158	0.509577	0.07	na	0.195876	
-0.765702	-2.16489	-0.784969	-0.906656	-0.785973	-0.947901	-2.58947	0.208333	0.36	0.287347	na	0.6	0.921053	0.0973991	25	0	0	7.04674	5.65263	8.24211	-0.306617	-0.611262	0.25	0.3	1	10	6.94737	-0.0468097	0.125	na	0.176909	
0.921485	1.12569	0.151141	0.441229	0.342183	0.64703	-2.38947	0.28	0.384615	0.375766	na	0.5	0.921053	0.166477	26	0	0	7.32861	9.06842	11.4579	0.367933	-0.54463	0.2	0.35	2	6	10.2632	1.33837	0.125	na	0.330818	
-1.18531	-2.17597	-2.11275	-2.13902	-2.13918	-2.21882	-1.08421	0.0769231	0.142857	0.14122	na	0.45	0.831579	0.102168	14	0	0	3.94617	2.66842	3.75263	-0.501833	-0.422478	0.35	0.45	0	9	3.21053	-0.546932	0.21	na	0.374753	
0.902573	-0.736172	1.16354	1.26385	1.31191	1.43277	3.01053	0.130435	0.208333	0.281105	na	0.6	0.926316	0.170196	24	0	0	6.76487	8.34737	5.33684	0.362553	0.736945	0.2	0.25	5	2	6.84211	0.0376193	0.12	na	0.119798	
0.963994	-0.854996	0.39166	0.650036	0.72138	0.967091	-5.04211	0.235294	0.388889	0.362015	na	0.55	0.921053	0.168336	18	0	0	5.07365	6.37368	11.4158	0.397119	-1.58755	0.2	0.3	2	3	8.89474	2.3428	0.125	na	0.156895	
0.859333	-1.33651	0.56443	0.755531	0.576408	0.804731	2.36842	0.0666667	0.125	0.24949	na	0.55	0.931579	0.165655	16	0	0	4.50991	5.55263	3.18421	0.358333	0.824751	0.15	0.3	1	3	4.36842	-0.0950476	0.115	na	0.180095	
-0.118175	-2.35386	0.091509	0.0343167	0.0124394	-0.0367225	2.50526	0.0833333	0.16	0.188478	na	0.65	0.952632	0.126026	25	0	0	7.04674	6.83158	4.32632	-0.0473221	0.591383	0.15	0.15	2	7	5.57895	-0.691412	0.095	na	0.146379	
0.299206	-4.30069	0.481902	0.497803	0.485923	0.516794	1.42105	0.173913	0.333333	0.254261	na	0.75	0.968421	0.143806	24	0	0	6.76487	7.28947	5.86842	0.120188	0.347859	0.15	0.15	4	5	6.57895	-0.0905593	0.08	na	0.274368	
0.208142	-0.926557	0.0589871	0.119644	-0.0248086	0.0611304	1.95789	0.1	0.142857	0.196028	na	0.55	0.868421	0.136927	21	0	0	5.91926	6.24211	4.28421	0.0845303	0.539193	0.35	0.4	1	6	5.26316	-0.356041	0.175	na	0.160202	
-0.506817	-5.50989	-0.86966	-0.886874	-0.711257	-0.780803	-3.12632	0.0714286	0.133333	0.198923	na	0.65	0.910526	0.105393	15	0	0	4.22804	3.64737	6.77368	-0.212854	-1.14974	0.3	0.35	3	6	5.21053	0.693339	0.135	na	0.27417	
-1.82325	-2.66521	-1.82926	-2.11276	-2.11358	-2.41395	0.810526	0	0	0.00539197	na	0.3	0.578947	0.092956	7	0	0	1.97309	0.878947	0.0684211	-0.859438	0.547598	0.65	0.75	0	5	0.473684	-1.82205	0.45	na	1.13772	
-0.109823	-2.50661	0.456545	0.337347	0.451615	0.329116	-3.49474	0.222222	0.315789	0.346719	na	0.6	0.921053	0.128058	19	0	0	5.35552	5.2	8.69474	-0.045007	-1.05014	0.25	0.25	4	4	6.94737	0.935395	0.125	na	0.192308	
0.571218	-2.36984	0.570137	0.66327	0.589736	0.708315	1.92632	0.15	0.238095	0.231285	na	0.65	0.926316	0.154427	21	0	0	5.91926	6.80526	4.87895	0.231982	0.530496	0.25	0.25	2	4	5.84211	-0.0418697	0.12	na	0.146945	
-0.806744	-1.91597	-1.44127	-1.45851	-1.72966	-1.73592	1.38947	0.222222	0.4	0.266059	na	0.4	0.878947	0.110679	10	0	0	2.8187	2.16842	0.778947	-0.35755	0.712359	0.25	0.4	0	6	1.47368	-1.27857	0.165	na	0.461165	
0.108741	-0.504445	1.17706	1.00502	1.29573	1.11269	-2.13684	0.285714	0.466667	0.333468	na	0.45	0.915789	0.142497	15	0	0	4.22804	4.35263	6.48947	0.0456691	-0.78585	0.2	0.35	1	1	5.42105	0.841908	0.13	na	0.229746	
-0.0428519	-4.7223	-0.52854	-0.449267	-0.711257	-0.60438	1.41053	0	0	0.134779	na	0.65	0.952632	0.128447	15	0	0	4.22804	4.17895	2.76842	-0.0179971	0.518739	0.15	0.2	2	6	3.47368	-0.532353	0.095	na	0.239295	
0.415886	0.536153	1.2998	1.2075	1.49493	1.38816	-5.93684	0.466667	0.548387	0.562408	na	0.55	0.915789	0.152938	31	0	0	8.73796	9.66316	15.6	0.164102	-1.15465	0.2	0.2	1	2	12.6316	1.53295	0.13	na	0.517429	
0.952149	4.26861	0.785899	0.971761	0.857282	1.08097	1.62105	0.36	0.576923	0.479142	na	0.35	0.831579	0.169393	26	0	0	7.32861	9.12632	7.50526	0.380176	0.369485	0.35	0.35	1	4	8.31579	0.450228	0.21	na	0.219146	
0.185555	-2.8685	0.785899	0.707696	0.857282	0.77577	4.09474	0.08	0.153846	0.21226	na	0.7	0.963158	0.140823	26	0	0	7.32861	7.67895	3.58421	0.0740889	0.933309	0.15	0.15	3	4	5.63158	-0.773974	0.085	na	0.130226	
-0.389872	-4.9169	-0.081638	-0.199366	-0.18709	-0.303641	2.07368	0	0	0.135555	na	0.65	0.947368	0.115495	16	0	0	4.50991	4.03684	1.96316	-0.162572	0.722115	0.2	0.2	2	5	3	-1.01428	0.1	na	0.247718	
-0.145603	-3.03349	0.0134937	-0.0384087	-0.0757908	-0.118523	-0.157895	0.0625	0.117647	0.117332	na	0.6	0.926316	0.1234	17	0	0	4.79178	4.60526	4.76316	-0.0603277	-0.0522146	0.2	0.25	1	5	4.68421	-0.0689588	0.12	na	0.217143	
-1.20653	-5.19372	-1.35102	-1.52114	-1.71433	-1.88057	2.11579	0.0526316	0.1	0.11749	na	0.65	0.931579	0.0870992	20	0	0	5.63739	3.84737	1.73158	-0.492117	0.608056	0.25	0.35	2	11	2.78947	-1.60684	0.115	na	0.259918	
0.074343	-2.56962	0.417001	0.368313	0.400495	0.359659	1.42105	0	0	0.175455	na	0.55	0.889474	0.135505	14	0	0	3.94617	4.02632	2.60526	0.0314751	0.553734	0.25	0.3	1	3	3.31579	-0.468672	0.155	na	0.248366	
0.707454	0.694999	1.16354	1.19679	1.31191	1.35555	3.48421	0.217391	0.291667	0.315748	na	0.5	0.936842	0.163089	24	0	0	6.76487	8.00526	4.52105	0.284176	0.852898	0.15	0.2	1	2	6.26316	-0.244374	0.11	na	0.124918	
-1.45597	-1.18744	-1.41145	-1.65176	-0.293686	-0.785614	-6.50526	0.181818	0.25	0.237101	na	0.35	0.694737	0.110456	12	0	0	3.38244	2.01053	8.51579	-0.628614	-2.87909	0.55	0.65	1	4	5.26316	1.56763	0.34	na	0.497382	
0.434257	-0.840344	0.241396	0.345764	0.194659	0.32687	0.494737	0.133333	0.25	0.197508	na	0.5	0.905263	0.147042	16	0	0	4.50991	5.03684	4.54211	0.18108	0.172281	0.25	0.3	1	4	4.78947	0.187794	0.14	na	0.198537	
-0.681863	-3.14749	0.216311	-0.0589422	0.163729	-0.141105	-0.926316	0.166667	0.258065	0.248231	na	0.7	0.947368	0.105753	31	0	0	8.73796	7.22105	8.14737	-0.269052	-0.180159	0.2	0.25	4	8	7.68421	-0.414869	0.1	na	0.138484	
0.0428127	-2.70007	0.456889	0.388865	0.457875	0.391569	3.95789	0.148148	0.285714	0.263294	na	0.7	0.952632	0.134687	28	0	0	7.89235	7.97895	4.02105	0.0170056	0.844038	0.2	0.2	1	6	6	-0.811543	0.095	na	0.12533	
0.400139	-2.19165	-0.0758757	0.0761187	-0.193947	0.00202061	-0.715789	0.142857	0.206897	0.318963	na	0.7	0.957895	0.143809	29	0	0	8.17422	9.01053	9.72632	0.158565	-0.147887	0.15	0.15	5	9	9.36842	0.497325	0.09	na	0.221963	
0.37441	0.801622	0.570137	0.595897	0.589736	0.631238	-0.368421	0.2	0.333333	0.286556	na	0.45	0.894737	0.147254	21	0	0	5.91926	6.5	6.86842	0.152055	-0.101461	0.25	0.3	1	4	6.68421	0.415106	0.15	na	0.153846	
0.544072	-0.653476	0.0589871	0.234642	-0.0248086	0.192694	-1.94737	0.2	0.333333	0.352755	na	0.55	0.931579	0.155811	21	0	0	5.91926	6.76316	8.71053	0.220958	-0.536294	0.2	0.2	3	6	7.73684	0.986327	0.115	na	0.29572	
-0.0393936	-2.21758	-0.550952	-0.465617	-0.4356	-0.373623	-1.47368	0	0	0.0817406	na	0.6	0.921053	0.132755	20	0	0	5.63739	5.57895	7.05263	-0.0160678	-0.423522	0.25	0.3	3	7	6.31579	0.382761	0.125	na	0.179245	
0.131756	-3.27564	-0.379928	-0.26696	-0.547885	-0.399847	0.452632	0.0555556	0.105263	0.260543	na	0.65	0.926316	0.130935	19	0	0	5.35552	5.54211	5.08947	0.0539955	0.136012	0.25	0.3	3	7	5.31579	-0.0233479	0.12	na	0.180437	
-1.27165	-1.89106	-1.41145	-1.58993	-1.72035	-1.90169	1.52632	0.0909091	0.166667	0.102549	na	0.4	0.773684	0.0824208	12	0	0	3.38244	2.18421	0.657895	-0.549031	0.675515	0.45	0.5	1	7	1.42105	-1.63487	0.265	na	0.457831	
0.281688	-1.60752	0.0134937	0.106846	-0.0757908	0.0458288	0.726316	0.125	0.235294	0.236103	na	0.55	0.884211	0.14043	17	0	0	4.79178	5.15263	4.42632	0.116712	0.240187	0.3	0.3	2	5	4.78947	-0.00148063	0.16	na	0.194076	
-0.502647	-2.70295	0.56443	0.293531	0.576408	0.28373	2.43158	0.133333	0.25	0.180578	na	0.55	0.931579	0.114692	16	0	0	4.50991	3.9	1.46842	-0.209599	0.846744	0.2	0.3	1	3	2.68421	-1.22641	0.115	na	0.25641	
0.499442	0.209073	1.24068	1.18927	1.38021	1.33062	3.49474	0.0625	0.117647	0.152936	na	0.45	0.905263	0.157334	17	0	0	4.79178	5.43158	1.93684	0.206934	1.15568	0.2	0.4	1	1	3.68421	-0.710002	0.14	na	0.184109	
-0.269264	-8.81648	-0.484741	-0.489854	-0.670135	-0.656294	-0.368421	0	0	0.136485	na	0.8	0.973684	0.118486	18	0	0	5.07365	4.71053	5.07895	-0.110924	-0.116001	0.15	0.2	3	7	4.89474	-0.109698	0.075	na	0.212291	
-0.157929	0.481388	-0.600099	-0.5468	-0.80379	-0.723779	1.6	0.25	0.470588	0.283901	na	0.4	0.778947	0.123522	17	0	0	4.79178	4.58947	2.98947	-0.0654346	0.529107	0.35	0.4	1	7	3.78947	-0.642524	0.26	na	0.21789	
-0.156788	-1.09411	-0.361289	-0.350042	-0.532129	-0.498544	2.63158	0.047619	0.0909091	0.143416	na	0.55	0.915789	0.126653	22	0	0	6.20113	5.94737	3.31579	-0.0634228	0.695708	0.25	0.3	2	8	4.63158	-0.820461	0.13	na	0.168142	
0.0938724	-2.54802	-0.66718	-0.517451	-0.446062	-0.333838	-1.90526	0	0	0.178272	na	0.55	0.905263	0.133269	14	0	0	3.94617	4.04737	5.95263	0.0397435	-0.742413	0.2	0.25	1	5	5	0.783487	0.14	na	0.247074	
1.02689	-0.150192	0.129428	0.458177	0.0594973	0.452525	1.2	0.238095	0.363636	0.375465	na	0.55	0.915789	0.167001	22	0	0	6.20113	7.86316	6.66316	0.415389	0.317243	0.2	0.25	2	6	7.26316	0.555159	0.13	na	0.127175	
-0.154934	-2.14632	0.570137	0.414689	0.897008	0.676421	-2.01053	0.05	0.0952381	0.273981	na	0.6	0.936842	0.128013	21	0	0	5.91926	5.67895	7.68947	-0.0629217	-0.553687	0.2	0.25	3	3	6.68421	0.415106	0.11	na	0.176089	
-0.437311	-2.36607	0.32029	0.114528	0.288209	0.0695334	-3.95789	0.0625	0.117647	0.186048	na	0.55	0.905263	0.115124	17	0	0	4.79178	4.23158	8.18947	-0.181191	-1.30884	0.25	0.3	2	4	6.21053	0.909475	0.14	na	0.236318	
-0.0658205	-3.51253	-0.18742	-0.176442	-0.30986	-0.281229	1.46316	0.0714286	0.133333	0.169257	na	0.6	0.931579	0.130349	15	0	0	4.22804	4.15263	2.68947	-0.0276435	0.538095	0.2	0.25	1	5	3.42105	-0.569495	0.115	na	0.240811	
0.474791	3.01641	1.54748	1.43299	1.74421	1.62139	-0.147368	0.0625	0.117647	0.204861	na	0.3	0.847368	0.158824	17	0	0	4.79178	5.4	5.54737	0.19672	-0.0487336	0.3	0.3	0	0	5.47368	0.437128	0.195	na	0.185185	
-0.843542	-3.83338	0.0556069	-0.23895	-0.0227831	-0.337526	-1.18947	0.0769231	0.142857	0.229356	na	0.55	0.842105	0.0984117	14	0	0	3.94617	3.03684	4.22632	-0.357137	-0.463496	0.4	0.5	1	4	3.63158	-0.233892	0.2	na	0.329289	
0.131709	-2.22894	0.494819	0.451599	0.492933	0.457652	0.968421	0	0	0.155112	na	0.55	0.915789	0.138033	15	0	0	4.22804	4.37895	3.41053	0.0553155	0.356149	0.2	0.35	2	3	3.89474	-0.235216	0.13	na	0.228365	
0.50766	-1.40861	0.627087	0.687865	0.652209	0.733261	2.25263	0.125	0.235294	0.238875	na	0.55	0.894737	0.15269	17	0	0	4.79178	5.44211	3.18947	0.210339	0.744928	0.3	0.35	3	3	4.31579	-0.305133	0.15	na	0.183752	
0.635244	-1.35382	0.820482	0.890985	0.900844	0.990703	2.33684	0.192308	0.296296	0.319513	na	0.65	0.952632	0.15723	27	0	0	7.61048	8.85263	6.51579	0.252959	0.514914	0.15	0.25	2	4	7.68421	0.0325919	0.095	na	0.112961	
0.684959	-3.82502	0.346103	0.513	0.314762	0.510188	1.03158	0	0	0.163716	na	0.55	0.894737	0.161375	9	0	0	2.53683	3.04211	2.01053	0.308694	0.574728	0.3	0.3	2	2	2.52632	-0.0107599	0.15	na	0.32872	
