EW[0]	EW[1]	EW[2]	EW[3]	
0.0822222	0.16	0.0555556	0.0972222	
0.146667	0.42	0.0625	0.375	
0.144444	0.14	0.0694444	0.0972222	
0.197778	0.16	0.0590278	0.194444	
0.162222	0.18	0.0763889	0.180556	
0.0733333	0.18	0.0486111	0.0833333	
0.131111	0.24	0.0659722	0.111111	
0.164444	0.22	0.0486111	0.180556	
0.106667	0.12	0.0590278	0.125	
0.128889	0.22	0.0659722	0.125	
0.155556	0.22	0.0659722	0.0972222	
0.251111	0.12	0.0659722	0.236111	
0.215556	0.2	0.0555556	0.138889	
0.117778	0.24	0.0486111	0.194444	
0.164444	0.16	0.0625	0.111111	
0.177778	0.14	0.0833333	0.152778	
0.168889	0.16	0.0451389	0.125	
0.133333	0.4	0.0555556	0.166667	
0.08	0.14	0.0625	0.0972222	
0.213333	0.16	0.0659722	0.125	
0.146667	0.18	0.0590278	0.138889	
0.124444	0.44	0.0555556	0.125	
0.164444	0.22	0.152778	0.0833333	
0.126667	0.16	0.0590278	0.0972222	
0.0844444	0.18	0.0451389	0.111111	
0.0822222	0.22	0.0694444	0.111111	
0.131111	0.24	0.0555556	0.0833333	
0.197778	0.22	0.104167	0.111111	
0.213333	0.18	0.0486111	0.125	
0.168889	0.32	0.0763889	0.111111	
0.111111	0.3	0.0659722	0.138889	
0.122222	0.1	0.0416667	0.0972222	
0.168889	0.42	0.0659722	0.236111	
0.142222	0.2	0.0694444	0.180556	
0.122222	0.42	0.0763889	0.138889	
0.226667	0.26	0.0763889	0.125	
0.16	0.12	0.0451389	0.0972222	
0.104444	0.12	0.0555556	0.125	
0.115556	0.18	0.0520833	0.111111	
0.0977778	0.2	0.0486111	0.222222	
0.164444	0.12	0.0486111	0.125	
0.166667	0.16	0.0486111	0.0972222	
0.0688889	0.16	0.107639	0.125	
0.213333	0.16	0.0659722	0.222222	
0.228889	0.18	0.0520833	0.125	
0.117778	0.2	0.0486111	0.0972222	
0.146667	0.18	0.0625	0.111111	
0.195556	0.26	0.0486111	0.0972222	
0.12	0.2	0.0625	0.111111	
0.133333	0.52	0.0868056	0.0972222	
0.08	0.24	0.0798611	0.125	
0.122222	0.32	0.0520833	0.138889	
0.115556	0.3	0.0555556	0.0972222	
0.104444	0.28	0.0520833	0.375	
0.173333	0.32	0.0590278	0.111111	
0.106667	0.14	0.0729167	0.0972222	
0.211111	0.26	0.0833333	0.111111	
0.115556	0.18	0.0659722	0.138889	
0.142222	0.22	0.0590278	0.125	
0.104444	0.16	0.0555556	0.138889	
0.148889	0.18	0.0625	0.0972222	
0.117778	0.26	0.0625	0.0972222	
0.164444	0.26	0.0520833	0.0972222	
0.102222	0.18	0.0659722	0.0972222	
0.108889	0.2	0.0555556	0.0972222	
0.115556	0.2	0.0659722	0.0972222	
0.128889	0.3	0.0625	0.111111	
0.275556	0.18	0.0486111	0.166667	
0.184444	0.18	0.0555556	0.138889	
0.146667	0.12	0.0555556	0.0972222	
0.0955556	0.16	0.0555556	0.0972222	
0.122222	0.18	0.0486111	0.166667	
0.0977778	0.12	0.0486111	0.0972222	
0.106667	0.2	0.0486111	0.222222	
0.173333	0.42	0.0520833	0.0972222	
0.12	0.18	0.100694	0.166667	
0.115556	0.16	0.0520833	0.180556	
0.128889	0.2	0.0486111	0.0833333	
0.0888889	0.18	0.0486111	0.0972222	
0.128889	0.24	0.0833333	0.194444	
0.135556	0.3	0.0729167	0.138889	
0.115556	0.14	0.0486111	0.0972222	
0.191111	0.42	0.0694444	0.0972222	
0.102222	0.18	0.0590278	0.0833333	
0.162222	0.2	0.0555556	0.180556	
0.0933333	0.12	0.0729167	0.0972222	
0.177778	0.16	0.0625	0.125	
0.142222	0.16	0.0520833	0.0972222	
0.148889	0.18	0.0659722	0.125	
0.0955556	0.24	0.0555556	0.166667	
0.131111	0.22	0.0555556	0.125	
0.111111	0.16	0.0555556	0.166667	
0.0666667	0.14	0.0798611	0.0972222	
0.124444	0.16	0.0590278	0.0972222	
0.268889	0.22	0.0590278	0.166667	
0.24	0.2	0.0555556	0.0833333	
0.177778	0.12	0.0520833	0.0972222	
0.111111	0.18	0.0486111	0.125	
0.104444	0.18	0.0590278	0.0972222	
0.164444	0.3	0.0520833	0.166667	
0.164444	0.14	0.0555556	0.152778	
0.111111	0.22	0.0555556	0.125	
0.0733333	0.18	0.0555556	0.138889	
0.206667	0.18	0.0694444	0.166667	
0.108889	0.18	0.0555556	0.0972222	
0.14	0.16	0.0590278	0.111111	
0.34	0.14	0.0590278	0.180556	
0.144444	0.14	0.0555556	0.0972222	
0.0977778	0.12	0.0590278	0.180556	
0.153333	0.18	0.0625	0.125	
0.18	0.24	0.0486111	0.111111	
0.124444	0.12	0.0625	0.0972222	
0.0666667	0.2	0.0555556	0.125	
0.168889	0.18	0.0625	0.125	
0.144444	0.12	0.0486111	0.152778	
0.12	0.14	0.0486111	0.166667	
0.157778	0.18	0.0520833	0.0972222	
0.12	0.18	0.0590278	0.111111	
0.0777778	0.16	0.0520833	0.166667	
0.12	0.16	0.0555556	0.0972222	
0.0666667	0.18	0.0625	0.111111	
0.151111	0.4	0.0625	0.0972222	
0.111111	0.14	0.0590278	0.0833333	
0.126667	0.18	0.0833333	0.125	
0.166667	0.3	0.0520833	0.0972222	
0.117778	0.18	0.0520833	0.0972222	
0.0888889	0.26	0.0798611	0.111111	
0.0911111	0.18	0.0659722	0.236111	
0.168889	0.16	0.100694	0.111111	
0.104444	0.16	0.0555556	0.111111	
0.0777778	0.16	0.0659722	0.111111	
0.102222	0.16	0.121528	0.125	
0.0933333	0.16	0.0625	0.222222	
0.155556	0.12	0.0590278	0.138889	
0.102222	0.12	0.0625	0.125	
0.0844444	0.14	0.0659722	0.138889	
0.102222	0.14	0.0520833	0.111111	
0.131111	0.18	0.0486111	0.152778	
0.0711111	0.18	0.0520833	0.111111	
0.0866667	0.2	0.0555556	0.152778	
0.108889	0.22	0.0625	0.0972222	
0.208889	0.22	0.0555556	0.125	
0.0888889	0.18	0.0694444	0.138889	
0.0933333	0.14	0.0590278	0.111111	
0.302222	0.24	0.0590278	0.111111	
0.108889	0.18	0.0520833	0.111111	
0.0977778	0.2	0.0625	0.138889	
0.0955556	0.4	0.0555556	0.152778	
0.0955556	0.24	0.0451389	0.111111	
0.151111	0.1	0.0625	0.0972222	
0.166667	0.12	0.0555556	0.125	
0.253333	0.14	0.0694444	0.0972222	
0.18	0.16	0.0902778	0.111111	
0.1	0.3	0.0694444	0.125	
0.151111	0.18	0.0659722	0.111111	
0.0977778	0.18	0.0555556	0.138889	
0.117778	0.14	0.0555556	0.152778	
0.0933333	0.14	0.0625	0.0972222	
0.124444	0.18	0.0520833	0.125	
0.162222	0.18	0.0555556	0.111111	
0.242222	0.14	0.0555556	0.0972222	
0.0933333	0.24	0.0555556	0.180556	
0.164444	0.22	0.0520833	0.111111	
0.104444	0.22	0.0486111	0.125	
0.0777778	0.14	0.0659722	0.0972222	
0.222222	0.12	0.0520833	0.125	
0.153333	0.12	0.0590278	0.125	
0.0977778	0.14	0.0555556	0.0972222	
0.142222	0.2	0.0590278	0.125	
0.0933333	0.18	0.0625	0.125	
0.0888889	0.18	0.0555556	0.111111	
0.242222	0.18	0.0486111	0.125	
0.195556	0.18	0.0555556	0.138889	
0.0777778	0.4	0.0694444	0.111111	
0.191111	0.28	0.0590278	0.111111	
0.12	0.28	0.0625	0.111111	
0.111111	0.18	0.0520833	0.111111	
0.126667	0.14	0.0520833	0.166667	
0.106667	0.14	0.0590278	0.111111	
0.202222	0.12	0.0555556	0.125	
0.302222	0.22	0.09375	0.111111	
0.0888889	0.14	0.0486111	0.125	
0.124444	0.16	0.0416667	0.125	
0.115556	0.14	0.0486111	0.0833333	
0.175556	0.24	0.0520833	0.111111	
0.108889	0.16	0.0520833	0.222222	
0.142222	0.24	0.0486111	0.111111	
0.144444	0.24	0.0625	0.111111	
0.102222	0.24	0.0451389	0.125	
0.131111	0.28	0.0555556	0.138889	
0.08	0.18	0.0520833	0.125	
0.0911111	0.16	0.0555556	0.222222	
0.137778	0.18	0.0625	0.111111	
0.108889	0.22	0.0520833	0.125	
0.106667	0.24	0.0520833	0.0972222	
0.151111	0.28	0.0555556	0.111111	
0.0777778	0.16	0.0520833	0.125	
0.104444	0.1	0.0729167	0.125	
0.142222	0.18	0.0694444	0.138889	
0.197778	0.2	0.0659722	0.125	
0.173333	0.16	0.0555556	0.138889	
0.184444	0.12	0.0694444	0.111111	
0.135556	0.18	0.0694444	0.138889	
0.0933333	0.16	0.0625	0.111111	
0.128889	0.32	0.0590278	0.125	
0.0866667	0.18	0.0555556	0.0972222	
0.1	0.14	0.0625	0.166667	
0.0888889	0.16	0.0486111	0.166667	
0.142222	0.2	0.0486111	0.111111	
0.12	0.46	0.0555556	0.111111	
0.0911111	0.22	0.0625	0.236111	
0.108889	0.14	0.0520833	0.111111	
0.102222	0.14	0.0694444	0.0972222	
0.148889	0.24	0.0486111	0.138889	
0.226667	0.24	0.0590278	0.208333	
0.222222	0.12	0.0590278	0.111111	
0.193333	0.18	0.0729167	0.138889	
0.12	0.34	0.0486111	0.152778	
0.128889	0.16	0.0833333	0.138889	
0.173333	0.16	0.0555556	0.125	
0.14	0.18	0.0694444	0.222222	
0.193333	0.2	0.0486111	0.0972222	
0.151111	0.18	0.0555556	0.138889	
0.0866667	0.12	0.0590278	0.0972222	
0.0866667	0.2	0.0659722	0.125	
0.0777778	0.24	0.0555556	0.138889	
0.113333	0.32	0.0486111	0.125	
0.284444	0.2	0.0625	0.138889	
0.184444	0.18	0.0555556	0.0972222	
0.0866667	0.3	0.0555556	0.166667	
0.122222	0.14	0.0798611	0.0833333	
0.124444	0.18	0.0868056	0.180556	
0.266667	0.16	0.0520833	0.125	
0.153333	0.18	0.0520833	0.111111	
0.115556	0.18	0.0451389	0.0972222	
0.115556	0.24	0.0972222	0.0972222	
0.131111	0.16	0.0555556	0.111111	
0.113333	0.14	0.0486111	0.0833333	
0.0911111	0.16	0.0659722	0.111111	
0.162222	0.36	0.0555556	0.0972222	
0.128889	0.18	0.0694444	0.0972222	
0.148889	0.16	0.0451389	0.125	
0.186667	0.22	0.0486111	0.111111	
0.166667	0.24	0.0520833	0.180556	
0.213333	0.26	0.0590278	0.0972222	
0.151111	0.34	0.0555556	0.111111	
0.131111	0.14	0.0590278	0.111111	
0.217778	0.22	0.0520833	0.0972222	
0.18	0.12	0.0555556	0.166667	
0.204444	0.22	0.0451389	0.0972222	
0.122222	0.2	0.0555556	0.111111	
0.142222	0.24	0.0520833	0.0833333	
0.24	0.22	0.0520833	0.125	
0.102222	0.24	0.0520833	0.125	
0.173333	0.14	0.0729167	0.125	
0.122222	0.16	0.0694444	0.125	
0.104444	0.18	0.0555556	0.125	
0.0911111	0.18	0.0555556	0.125	
0.164444	0.16	0.0520833	0.125	
0.155556	0.16	0.0486111	0.111111	
0.104444	0.24	0.0763889	0.0972222	
0.228889	0.14	0.0520833	0.111111	
0.111111	0.22	0.0520833	0.166667	
0.0933333	0.52	0.0555556	0.152778	
0.111111	0.18	0.0555556	0.0833333	
0.193333	0.14	0.0659722	0.180556	
0.144444	0.22	0.0520833	0.152778	
0.08	0.14	0.0451389	0.125	
0.162222	0.22	0.0625	0.138889	
0.122222	0.14	0.0520833	0.111111	
0.124444	0.22	0.0520833	0.111111	
0.14	0.24	0.0520833	0.180556	
0.0933333	0.18	0.0520833	0.111111	
0.22	0.12	0.0590278	0.138889	
0.137778	0.18	0.0555556	0.138889	
0.124444	0.14	0.0763889	0.111111	
0.102222	0.16	0.0659722	0.138889	
0.0933333	0.24	0.0625	0.138889	
0.0688889	0.32	0.100694	0.125	
0.224444	0.14	0.0590278	0.0972222	
0.144444	0.24	0.0625	0.111111	
0.108889	0.14	0.0486111	0.125	
0.248889	0.16	0.0451389	0.0972222	
0.133333	0.22	0.0555556	0.0833333	
0.117778	0.24	0.0625	0.152778	
0.126667	0.22	0.0694444	0.0972222	
0.0866667	0.16	0.0555556	0.0972222	
0.0933333	0.14	0.0625	0.0972222	
0.1	0.14	0.0659722	0.125	
0.131111	0.14	0.0486111	0.111111	
0.135556	0.14	0.0833333	0.138889	
0.0911111	0.18	0.0625	0.111111	
0.224444	0.18	0.0625	0.0972222	
0.113333	0.12	0.0590278	0.0833333	
0.126667	0.24	0.0590278	0.222222	
0.104444	0.14	0.0590278	0.0972222	
0.122222	0.14	0.0555556	0.111111	
0.12	0.16	0.0486111	0.138889	
0.211111	0.18	0.0555556	0.125	
0.1	0.22	0.0590278	0.111111	
0.162222	0.22	0.0520833	0.0972222	
0.128889	0.3	0.0486111	0.111111	
0.12	0.14	0.0520833	0.0972222	
0.18	0.14	0.0451389	0.180556	
0.135556	0.24	0.0763889	0.0833333	
0.133333	0.12	0.0555556	0.0833333	
0.186667	0.18	0.0729167	0.111111	
0.12	0.16	0.09375	0.111111	
0.155556	0.14	0.0694444	0.0972222	
0.124444	0.32	0.0590278	0.125	
0.271111	0.12	0.0694444	0.305556	
0.1	0.16	0.0555556	0.0972222	
0.102222	0.16	0.0555556	0.111111	
0.244444	0.22	0.0659722	0.111111	
0.0888889	0.2	0.0763889	0.0972222	
0.0977778	0.24	0.0902778	0.111111	
0.126667	0.18	0.0590278	0.0833333	
0.122222	0.16	0.0590278	0.111111	
0.144444	0.16	0.0520833	0.125	
0.144444	0.18	0.0694444	0.138889	
0.0933333	0.16	0.0590278	0.111111	
0.104444	0.2	0.0798611	0.0972222	
0.0888889	0.26	0.0555556	0.125	
0.0977778	0.26	0.0486111	0.0972222	
0.113333	0.18	0.0486111	0.166667	
0.297778	0.14	0.0625	0.152778	
0.117778	0.14	0.0520833	0.0972222	
0.146667	0.24	0.0520833	0.138889	
0.211111	0.18	0.0590278	0.111111	
0.168889	0.18	0.0798611	0.152778	
0.146667	0.2	0.0416667	0.222222	
0.102222	0.12	0.0798611	0.138889	
0.122222	0.14	0.0520833	0.0972222	
0.131111	0.22	0.0520833	0.0972222	
0.128889	0.18	0.0520833	0.166667	
0.113333	0.24	0.0451389	0.138889	
0.102222	0.3	0.0659722	0.125	
0.0866667	0.34	0.0763889	0.0972222	
0.128889	0.18	0.0590278	0.0972222	
0.115556	0.22	0.0555556	0.111111	
0.126667	0.42	0.0486111	0.125	
0.131111	0.22	0.0833333	0.0972222	
0.126667	0.4	0.0625	0.125	
0.142222	0.2	0.0625	0.152778	
0.162222	0.12	0.0520833	0.111111	
0.1	0.18	0.0659722	0.138889	
0.137778	0.24	0.0798611	0.180556	
0.133333	0.16	0.100694	0.0972222	
0.2	0.18	0.0451389	0.125	
0.0711111	0.2	0.0763889	0.0972222	
0.155556	0.16	0.0555556	0.166667	
0.0911111	0.2	0.0694444	0.125	
0.144444	0.28	0.0555556	0.180556	
0.0822222	0.2	0.0555556	0.111111	
0.0977778	0.24	0.0694444	0.0972222	
0.08	0.16	0.0520833	0.125	
0.133333	0.26	0.0902778	0.263889	
0.12	0.3	0.0590278	0.0833333	
0.106667	0.2	0.0763889	0.111111	
0.0977778	0.24	0.0486111	0.138889	
0.126667	0.14	0.0520833	0.166667	
0.115556	0.22	0.0625	0.0972222	
0.186667	0.24	0.0520833	0.111111	
0.0911111	0.14	0.0555556	0.111111	
0.195556	0.16	0.0625	0.0972222	
0.2	0.22	0.0763889	0.0972222	
0.28	0.16	0.0520833	0.125	
0.0733333	0.12	0.0451389	0.125	
0.133333	0.14	0.0625	0.0972222	
0.137778	0.22	0.0555556	0.125	
0.133333	0.32	0.0694444	0.111111	
0.111111	0.12	0.0590278	0.125	
0.151111	0.18	0.0555556	0.125	
0.168889	0.2	0.0520833	0.111111	
0.1	0.2	0.0590278	0.152778	
0.124444	0.24	0.0590278	0.180556	
0.12	0.34	0.0555556	0.125	
0.117778	0.18	0.0694444	0.0972222	
0.1	0.2	0.0868056	0.0833333	
0.144444	0.16	0.0763889	0.166667	
0.08	0.18	0.0590278	0.111111	
0.142222	0.32	0.0486111	0.111111	
0.117778	0.16	0.0555556	0.125	
0.131111	0.2	0.0555556	0.138889	
0.195556	0.22	0.0520833	0.0972222	
0.102222	0.14	0.0972222	0.0972222	
0.111111	0.22	0.0694444	0.291667	
0.0933333	0.18	0.0625	0.0833333	
0.0733333	0.22	0.0625	0.152778	
0.137778	0.18	0.0520833	0.125	
0.111111	0.12	0.0590278	0.125	
0.135556	0.1	0.0902778	0.125	
0.111111	0.18	0.0486111	0.138889	
0.16	0.4	0.0555556	0.138889	
0.126667	0.22	0.0625	0.138889	
0.124444	0.16	0.0486111	0.0972222	
0.211111	0.4	0.0451389	0.0833333	
0.142222	0.18	0.0416667	0.194444	
0.135556	0.22	0.0590278	0.0833333	
0.0977778	0.2	0.0659722	0.0972222	
0.22	0.22	0.0625	0.0972222	
0.377778	0.18	0.0486111	0.0972222	
0.155556	0.16	0.0625	0.111111	
0.106667	0.18	0.0520833	0.125	
0.0844444	0.16	0.0625	0.111111	
0.12	0.14	0.0520833	0.125	
0.111111	0.14	0.0555556	0.138889	
0.16	0.24	0.0555556	0.0972222	
0.08	0.18	0.0555556	0.138889	
0.268889	0.14	0.0555556	0.111111	
0.0866667	0.14	0.0590278	0.222222	
0.197778	0.28	0.0625	0.305556	
0.148889	0.24	0.0590278	0.111111	
0.195556	0.14	0.0659722	0.138889	
0.104444	0.16	0.0659722	0.111111	
0.102222	0.16	0.0555556	0.180556	
0.115556	0.12	0.128472	0.125	
0.157778	0.18	0.0729167	0.152778	
0.128889	0.14	0.0625	0.111111	
0.14	0.16	0.0520833	0.125	
0.153333	0.18	0.0520833	0.125	
0.117778	0.14	0.0486111	0.138889	
0.113333	0.14	0.0659722	0.111111	
0.264444	0.16	0.0555556	0.0972222	
0.115556	0.12	0.0625	0.138889	
0.0977778	0.18	0.0486111	0.0972222	
0.102222	0.16	0.0659722	0.0972222	
0.1	0.2	0.0555556	0.125	
0.277778	0.22	0.0590278	0.138889	
0.213333	0.4	0.0590278	0.138889	
0.111111	0.14	0.0590278	0.111111	
0.111111	0.18	0.0416667	0.0972222	
0.317778	0.24	0.0590278	0.291667	
0.0866667	0.18	0.0659722	0.0972222	
0.173333	0.14	0.0659722	0.180556	
0.153333	0.2	0.0520833	0.166667	
0.215556	0.14	0.0451389	0.111111	
0.0911111	0.18	0.0520833	0.111111	
0.137778	0.2	0.0625	0.111111	
0.0777778	0.2	0.0520833	0.111111	
0.215556	0.3	0.0729167	0.291667	
0.115556	0.2	0.0555556	0.180556	
0.133333	0.18	0.0486111	0.125	
0.144444	0.42	0.0520833	0.166667	
0.12	0.22	0.0520833	0.111111	
0.208889	0.2	0.0625	0.0972222	
0.144444	0.16	0.0763889	0.222222	
0.0644444	0.14	0.0729167	0.138889	
0.164444	0.2	0.0555556	0.111111	
0.0955556	0.2	0.0833333	0.152778	
0.217778	0.32	0.0694444	0.263889	
0.0822222	0.18	0.0625	0.125	
0.126667	0.14	0.0625	0.152778	
0.128889	0.14	0.0520833	0.125	
0.215556	0.16	0.0451389	0.0972222	
0.182222	0.14	0.0590278	0.111111	
0.104444	0.22	0.0972222	0.138889	
0.122222	0.18	0.0694444	0.152778	
0.148889	0.22	0.0520833	0.111111	
0.168889	0.18	0.0486111	0.0972222	
0.135556	0.3	0.0555556	0.125	
0.113333	0.12	0.0590278	0.138889	
0.142222	0.18	0.0555556	0.0972222	
0.104444	0.18	0.0486111	0.125	
0.0777778	0.12	0.0520833	0.111111	
0.137778	0.16	0.0520833	0.0833333	
0.0755556	0.12	0.0520833	0.166667	
0.12	0.24	0.0520833	0.0972222	
0.12	0.36	0.0520833	0.0972222	
0.124444	0.12	0.0451389	0.111111	
0.164444	0.4	0.0486111	0.138889	
0.111111	0.18	0.0694444	0.111111	
0.117778	0.14	0.0590278	0.111111	
0.135556	0.12	0.0451389	0.0972222	
0.12	0.32	0.0486111	0.111111	
0.128889	0.2	0.0555556	0.111111	
0.34	0.22	0.0694444	0.111111	
0.197778	0.34	0.0486111	0.138889	
0.113333	0.16	0.0451389	0.0833333	
0.191111	0.2	0.0555556	0.180556	
0.108889	0.24	0.0625	0.0972222	
0.215556	0.16	0.0555556	0.0972222	
0.1	0.18	0.0520833	0.0833333	
0.135556	0.12	0.0590278	0.0972222	
0.102222	0.4	0.0590278	0.125	
0.08	0.3	0.0486111	0.166667	
0.213333	0.24	0.0486111	0.166667	
0.144444	0.24	0.0625	0.0972222	
0.142222	0.28	0.0520833	0.0972222	
0.106667	0.18	0.0659722	0.0972222	
0.204444	0.3	0.0520833	0.0972222	
0.0955556	0.14	0.0798611	0.111111	
0.202222	0.22	0.0590278	0.0972222	
0.0688889	0.2	0.0590278	0.125	
0.171111	0.18	0.0520833	0.152778	
0.195556	0.14	0.0555556	0.0972222	
0.131111	0.46	0.0625	0.125	
0.102222	0.24	0.0520833	0.125	
0.0822222	0.22	0.0625	0.111111	
0.14	0.16	0.0590278	0.111111	
0.1	0.16	0.0833333	0.0972222	
0.0911111	0.28	0.0590278	0.0972222	
0.211111	0.2	0.0590278	0.0972222	
0.108889	0.22	0.0451389	0.0972222	
0.215556	0.18	0.09375	0.180556	
0.155556	0.14	0.0555556	0.0972222	
0.104444	0.24	0.0555556	0.180556	
0.182222	0.22	0.0486111	0.111111	
0.12	0.34	0.0520833	0.0972222	
0.12	0.16	0.0625	0.111111	
0.162222	0.32	0.0694444	0.111111	
0.0955556	0.24	0.0555556	0.111111	
0.268889	0.24	0.0555556	0.138889	
0.0933333	0.32	0.0659722	0.0972222	
0.186667	0.52	0.0555556	0.166667	
0.124444	0.12	0.0694444	0.208333	
0.0755556	0.18	0.0486111	0.0972222	
0.164444	0.4	0.0590278	0.138889	
0.0911111	0.36	0.0486111	0.125	
0.111111	0.14	0.0659722	0.0972222	
0.148889	0.24	0.0486111	0.0972222	
0.135556	0.22	0.0972222	0.166667	
0.162222	0.14	0.0520833	0.125	
0.153333	0.12	0.0763889	0.0833333	
0.153333	0.42	0.0520833	0.0972222	
0.137778	0.16	0.0555556	0.138889	
0.1	0.32	0.0590278	0.0972222	
0.131111	0.18	0.0520833	0.305556	
0.0911111	0.24	0.0486111	0.138889	
0.142222	0.18	0.0763889	0.0833333	
0.111111	0.16	0.0555556	0.138889	
0.171111	0.16	0.0451389	0.291667	
0.111111	0.26	0.0520833	0.0972222	
0.0933333	0.26	0.0555556	0.305556	
0.173333	0.32	0.0451389	0.166667	
0.304444	0.52	0.0555556	0.0833333	
0.117778	0.22	0.0625	0.166667	
0.36	0.16	0.0625	0.180556	
0.144444	0.22	0.0590278	0.0972222	
0.122222	0.12	0.0659722	0.111111	
0.1	0.14	0.0763889	0.111111	
0.115556	0.18	0.0486111	0.0972222	
0.148889	0.14	0.0520833	0.125	
0.08	0.36	0.0486111	0.125	
0.115556	0.24	0.100694	0.0972222	
0.175556	0.2	0.0625	0.138889	
0.186667	0.18	0.0625	0.125	
0.0777778	0.16	0.0486111	0.125	
0.12	0.24	0.0590278	0.180556	
0.217778	0.32	0.0625	0.0972222	
0.211111	0.32	0.0520833	0.0972222	
0.0911111	0.26	0.0486111	0.375	
0.153333	0.18	0.0833333	0.125	
0.2	0.24	0.0625	0.138889	
0.117778	0.28	0.0520833	0.111111	
0.166667	0.2	0.0520833	0.305556	
0.113333	0.14	0.0868056	0.222222	
0.117778	0.22	0.0486111	0.166667	
0.113333	0.32	0.0659722	0.166667	
0.0977778	0.42	0.0486111	0.0972222	
0.108889	0.16	0.0590278	0.125	
0.0822222	0.18	0.0555556	0.0972222	
0.0866667	0.16	0.0520833	0.0972222	
0.12	0.16	0.0555556	0.0972222	
0.135556	0.32	0.0520833	0.138889	
0.215556	0.12	0.0625	0.111111	
0.0977778	0.4	0.0555556	0.138889	
0.0711111	0.18	0.0416667	0.125	
0.0888889	0.22	0.0486111	0.0972222	
0.106667	0.16	0.0694444	0.138889	
0.133333	0.24	0.0729167	0.0833333	
0.111111	0.18	0.0520833	0.111111	
0.264444	0.14	0.0451389	0.0972222	
0.222222	0.14	0.0520833	0.138889	
0.108889	0.18	0.0659722	0.0833333	
0.0777778	0.22	0.0486111	0.166667	
0.108889	0.28	0.0451389	0.125	
0.0844444	0.18	0.0625	0.0972222	
0.115556	0.3	0.0555556	0.0972222	
0.16	0.18	0.0590278	0.0833333	
0.106667	0.24	0.0486111	0.111111	
0.148889	0.24	0.0625	0.111111	
0.233333	0.18	0.0590278	0.111111	
0.113333	0.12	0.0451389	0.111111	
0.104444	0.18	0.0555556	0.125	
0.108889	0.24	0.0451389	0.0972222	
0.0911111	0.14	0.0486111	0.236111	
0.104444	0.4	0.0451389	0.138889	
0.148889	0.18	0.0694444	0.125	
0.131111	0.14	0.0451389	0.166667	
0.146667	0.3	0.0590278	0.0833333	
0.22	0.24	0.0520833	0.0972222	
0.117778	0.12	0.0520833	0.166667	
0.0866667	0.36	0.0625	0.0972222	
0.126667	0.3	0.0555556	0.125	
0.0888889	0.2	0.0833333	0.180556	
0.0977778	0.18	0.0451389	0.0972222	
0.1	0.22	0.0520833	0.0972222	
0.131111	0.2	0.09375	0.138889	
0.133333	0.28	0.0590278	0.152778	
0.113333	0.18	0.0555556	0.111111	
0.0844444	0.18	0.0625	0.0972222	
0.0977778	0.22	0.0555556	0.0972222	
0.126667	0.14	0.0729167	0.222222	
0.308889	0.24	0.0694444	0.166667	
0.108889	0.4	0.0486111	0.0972222	
0.126667	0.28	0.0659722	0.125	
0.144444	0.24	0.0520833	0.236111	
0.124444	0.24	0.0486111	0.111111	
0.14	0.18	0.0555556	0.0972222	
0.102222	0.14	0.0694444	0.0972222	
0.177778	0.12	0.0972222	0.0972222	
0.0866667	0.16	0.0555556	0.0972222	
0.217778	0.22	0.0555556	0.0972222	
0.144444	0.18	0.0625	0.125	
0.155556	0.16	0.0520833	0.111111	
0.0955556	0.32	0.0555556	0.0833333	
0.168889	0.22	0.0520833	0.111111	
0.186667	0.18	0.0590278	0.0833333	
0.137778	0.12	0.0520833	0.180556	
0.0866667	0.3	0.0520833	0.111111	
0.106667	0.16	0.0555556	0.0833333	
0.135556	0.14	0.0972222	0.111111	
0.106667	0.18	0.0520833	0.222222	
0.153333	0.16	0.0625	0.125	
0.108889	0.18	0.0590278	0.180556	
0.108889	0.18	0.0659722	0.138889	
0.157778	0.22	0.0590278	0.125	
0.164444	0.24	0.0659722	0.111111	
0.273333	0.18	0.0625	0.111111	
0.148889	0.2	0.0833333	0.166667	
0.0911111	0.24	0.0555556	0.138889	
0.106667	0.32	0.104167	0.152778	
0.0866667	0.12	0.0555556	0.0972222	
0.148889	0.22	0.0520833	0.0972222	
0.137778	0.3	0.0520833	0.152778	
0.126667	0.24	0.0659722	0.208333	
0.253333	0.16	0.0590278	0.111111	
0.12	0.1	0.104167	0.0972222	
0.133333	0.16	0.0868056	0.0833333	
0.102222	0.44	0.0659722	0.125	
0.0933333	0.3	0.0520833	0.0972222	
0.122222	0.16	0.0833333	0.138889	
0.12	0.16	0.0451389	0.125	
0.191111	0.22	0.0520833	0.138889	
0.0888889	0.2	0.0625	0.0972222	
0.128889	0.16	0.0486111	0.180556	
0.0955556	0.16	0.0486111	0.138889	
0.124444	0.28	0.0416667	0.138889	
0.0977778	0.14	0.0590278	0.0972222	
0.1	0.24	0.0486111	0.180556	
0.14	0.18	0.0520833	0.152778	
0.164444	0.14	0.0902778	0.166667	
0.0777778	0.18	0.0625	0.0972222	
0.113333	0.2	0.09375	0.291667	
0.0688889	0.2	0.0520833	0.111111	
0.122222	0.18	0.0520833	0.0972222	
0.16	0.14	0.0590278	0.0972222	
0.173333	0.14	0.0520833	0.138889	
0.122222	0.2	0.0555556	0.0972222	
0.137778	0.14	0.0729167	0.0833333	
0.102222	0.2	0.0520833	0.0972222	
0.0977778	0.4	0.0555556	0.125	
0.104444	0.82	0.0520833	0.111111	
0.137778	0.16	0.0486111	0.111111	
0.0933333	0.14	0.0451389	0.125	
0.144444	0.16	0.0520833	0.152778	
0.226667	0.22	0.0555556	0.111111	
0.146667	0.3	0.0590278	0.152778	
0.164444	0.14	0.0555556	0.0972222	
0.373333	0.22	0.0520833	0.0972222	
0.0844444	0.32	0.0555556	0.111111	
0.193333	0.16	0.0520833	0.0972222	
0.14	0.18	0.0694444	0.111111	
0.133333	0.14	0.0555556	0.222222	
0.0911111	0.14	0.0694444	0.125	
0.133333	0.22	0.0590278	0.152778	
0.102222	0.18	0.0555556	0.0972222	
0.135556	0.3	0.0451389	0.0972222	
0.188889	0.18	0.0659722	0.138889	
0.108889	0.16	0.0590278	0.111111	
0.171111	0.16	0.0520833	0.138889	
0.195556	0.26	0.0416667	0.111111	
0.242222	0.36	0.0451389	0.125	
0.102222	0.4	0.0486111	0.152778	
0.108889	0.14	0.0590278	0.138889	
0.126667	0.18	0.0694444	0.0972222	
0.206667	0.28	0.0486111	0.0972222	
0.0866667	0.18	0.0520833	0.0972222	
0.175556	0.2	0.0590278	0.125	
0.0955556	0.14	0.0798611	0.0833333	
0.102222	0.2	0.0868056	0.111111	
0.102222	0.16	0.0590278	0.111111	
0.113333	0.16	0.0555556	0.0972222	
0.128889	0.12	0.0590278	0.125	
0.113333	0.16	0.0590278	0.0972222	
0.202222	0.3	0.0625	0.166667	
0.124444	0.24	0.0625	0.180556	
0.193333	0.22	0.0590278	0.138889	
0.0844444	0.12	0.0625	0.152778	
0.0977778	0.28	0.0590278	0.111111	
0.108889	0.52	0.0520833	0.125	
0.188889	0.2	0.0520833	0.0972222	
0.0822222	0.14	0.0520833	0.138889	
0.113333	0.16	0.0659722	0.138889	
0.113333	0.16	0.0451389	0.111111	
0.1	0.22	0.0590278	0.111111	
0.133333	0.14	0.0520833	0.111111	
0.133333	0.14	0.0590278	0.0972222	
0.104444	0.16	0.0833333	0.138889	
0.222222	0.3	0.0625	0.125	
0.106667	0.18	0.0798611	0.125	
0.191111	0.26	0.0555556	0.138889	
0.0933333	0.18	0.0486111	0.125	
0.153333	0.22	0.0520833	0.0972222	
0.3	0.4	0.0590278	0.138889	
0.162222	0.14	0.0659722	0.111111	
0.0977778	0.24	0.0486111	0.0972222	
0.188889	0.22	0.0555556	0.0972222	
0.0688889	0.16	0.0659722	0.138889	
0.108889	0.12	0.0451389	0.138889	
0.155556	0.14	0.0451389	0.111111	
0.102222	0.16	0.0694444	0.125	
0.113333	0.12	0.0729167	0.222222	
0.14	0.24	0.0590278	0.138889	
0.213333	0.28	0.0451389	0.138889	
0.244444	0.18	0.0520833	0.111111	
0.1	0.2	0.0590278	0.125	
0.0733333	0.2	0.0486111	0.0972222	
0.0977778	0.14	0.0763889	0.125	
0.0777778	0.16	0.0520833	0.125	
0.126667	0.2	0.0902778	0.111111	
0.0711111	0.28	0.0486111	0.152778	
0.195556	0.22	0.0520833	0.0972222	
0.186667	0.16	0.0555556	0.125	
0.106667	0.18	0.0555556	0.222222	
0.131111	0.24	0.0486111	0.0972222	
0.173333	0.18	0.0590278	0.0972222	
0.113333	0.2	0.0555556	0.152778	
0.12	0.14	0.0590278	0.125	
0.0822222	0.22	0.0694444	0.0972222	
0.177778	0.32	0.0486111	0.0972222	
0.0844444	0.16	0.0625	0.0833333	
0.0955556	0.12	0.0590278	0.0833333	
0.117778	0.18	0.0555556	0.125	
0.0777778	0.3	0.0590278	0.111111	
0.18	0.18	0.0520833	0.125	
0.131111	0.14	0.0486111	0.166667	
0.213333	0.18	0.0520833	0.0972222	
0.144444	0.14	0.0520833	0.152778	
0.0844444	0.12	0.0590278	0.125	
0.0777778	0.32	0.0590278	0.0972222	
0.124444	0.18	0.0590278	0.0972222	
0.1	0.16	0.0590278	0.125	
0.122222	0.2	0.0763889	0.166667	
0.308889	0.18	0.0625	0.138889	
0.102222	0.12	0.0659722	0.111111	
0.126667	0.18	0.0486111	0.0972222	
0.0755556	0.22	0.0659722	0.0972222	
0.12	0.18	0.0520833	0.125	
0.106667	0.18	0.0590278	0.0972222	
0.266667	0.18	0.0659722	0.111111	
0.106667	0.26	0.0555556	0.125	
0.171111	0.3	0.0659722	0.0972222	
0.142222	0.16	0.0520833	0.125	
0.151111	0.2	0.0659722	0.0972222	
0.104444	0.2	0.0486111	0.111111	
0.171111	0.24	0.0659722	0.0972222	
0.135556	0.18	0.0763889	0.0972222	
0.0888889	0.16	0.0555556	0.0972222	
0.128889	0.3	0.0625	0.222222	
0.24	0.22	0.0520833	0.166667	
0.08	0.16	0.0590278	0.125	
0.133333	0.24	0.0590278	0.111111	
0.164444	0.4	0.0659722	0.125	
0.137778	0.16	0.0451389	0.0972222	
0.146667	0.24	0.0451389	0.138889	
0.142222	0.22	0.0590278	0.111111	
0.0955556	0.12	0.0486111	0.125	
0.222222	0.22	0.0486111	0.111111	
0.14	0.14	0.0694444	0.111111	
0.133333	0.16	0.0555556	0.111111	
0.177778	0.16	0.0486111	0.111111	
0.142222	0.22	0.0590278	0.236111	
0.0933333	0.14	0.0555556	0.138889	
0.197778	0.22	0.121528	0.0833333	
0.0844444	0.2	0.0590278	0.138889	
0.213333	0.22	0.0659722	0.125	
0.142222	0.18	0.0555556	0.138889	
0.222222	0.18	0.0590278	0.180556	
0.0955556	0.18	0.0659722	0.111111	
0.193333	0.24	0.0659722	0.111111	
0.146667	0.16	0.0729167	0.125	
0.126667	0.2	0.111111	0.0833333	
0.108889	0.2	0.0520833	0.111111	
0.14	0.3	0.0590278	0.111111	
0.0933333	0.16	0.0590278	0.125	
0.166667	0.4	0.0659722	0.111111	
0.375556	0.28	0.0659722	0.125	
0.14	0.12	0.0625	0.0972222	
0.131111	0.34	0.0590278	0.0972222	
0.104444	0.2	0.0590278	0.152778	
0.14	0.3	0.0520833	0.138889	
0.128889	0.18	0.0694444	0.166667	
0.12	0.22	0.0555556	0.111111	
0.122222	0.28	0.0486111	0.138889	
0.14	0.14	0.0659722	0.111111	
0.111111	0.24	0.0555556	0.0972222	
0.1	0.32	0.0694444	0.125	
0.204444	0.4	0.0486111	0.0972222	
0.12	0.18	0.0694444	0.0972222	
0.166667	0.24	0.0555556	0.236111	
0.12	0.18	0.0694444	0.0833333	
0.12	0.1	0.0451389	0.0972222	
0.135556	0.14	0.0763889	0.0972222	
0.142222	0.16	0.0486111	0.125	
0.0955556	0.32	0.0625	0.138889	
0.0933333	0.3	0.0486111	0.125	
0.131111	0.24	0.0659722	0.125	
0.137778	0.22	0.0868056	0.0972222	
0.157778	0.32	0.0868056	0.0833333	
0.151111	0.12	0.0833333	0.125	
0.0955556	0.18	0.0590278	0.125	
0.197778	0.12	0.104167	0.0972222	
0.144444	0.24	0.0555556	0.111111	
0.124444	0.22	0.0520833	0.166667	
0.117778	0.14	0.0590278	0.111111	
0.0844444	0.52	0.0798611	0.111111	
0.282222	0.14	0.0555556	0.0972222	
0.0666667	0.18	0.0451389	0.138889	
0.12	0.12	0.0868056	0.111111	
0.193333	0.18	0.0659722	0.111111	
0.106667	0.22	0.0486111	0.125	
0.0933333	0.22	0.0625	0.138889	
0.151111	0.24	0.0625	0.111111	
0.115556	0.14	0.0520833	0.125	
0.191111	0.18	0.0694444	0.138889	
0.0933333	0.16	0.0520833	0.0972222	
0.131111	0.16	0.0486111	0.0972222	
0.117778	0.14	0.0833333	0.111111	
0.153333	0.22	0.0590278	0.166667	
0.111111	0.22	0.0451389	0.138889	
0.144444	0.18	0.0555556	0.166667	
0.264444	0.22	0.0520833	0.111111	
0.102222	0.24	0.0625	0.111111	
0.157778	0.16	0.0729167	0.166667	
0.166667	0.2	0.0625	0.138889	
0.131111	0.32	0.0868056	0.180556	
0.0733333	0.28	0.0486111	0.111111	
0.102222	0.14	0.0590278	0.111111	
0.115556	0.18	0.0659722	0.138889	
0.337778	0.24	0.0451389	0.111111	
0.237778	0.16	0.0555556	0.0833333	
0.0777778	0.16	0.0625	0.0972222	
0.106667	0.24	0.0520833	0.222222	
0.26	0.22	0.0763889	0.0972222	
0.0955556	0.2	0.0763889	0.111111	
0.16	0.18	0.0486111	0.166667	
0.128889	0.18	0.0555556	0.0833333	
0.12	0.16	0.0520833	0.138889	
0.0688889	0.28	0.0520833	0.111111	
0.215556	0.18	0.0625	0.125	
0.168889	0.1	0.0520833	0.125	
0.135556	0.22	0.0555556	0.0972222	
0.188889	0.3	0.0590278	0.152778	
0.0933333	0.14	0.0555556	0.0972222	
0.104444	0.18	0.0520833	0.111111	
0.131111	0.24	0.0694444	0.111111	
0.151111	0.2	0.0590278	0.111111	
0.0822222	0.16	0.0555556	0.0833333	
0.106667	0.12	0.0520833	0.0833333	
0.102222	0.18	0.0555556	0.166667	
0.12	0.24	0.0520833	0.0972222	
0.0911111	0.18	0.0625	0.125	
0.0955556	0.16	0.0590278	0.111111	
0.197778	0.18	0.0555556	0.0972222	
0.173333	0.2	0.0868056	0.125	
0.213333	0.26	0.0868056	0.111111	
0.153333	0.14	0.0486111	0.125	
0.155556	0.3	0.0625	0.111111	
0.188889	0.22	0.0833333	0.0972222	
0.148889	0.16	0.0590278	0.0972222	
0.124444	0.16	0.0833333	0.125	
0.133333	0.42	0.0590278	0.111111	
0.108889	0.12	0.0625	0.125	
0.102222	0.18	0.0486111	0.0972222	
0.0866667	0.24	0.0972222	0.111111	
0.104444	0.3	0.0798611	0.125	
0.0977778	0.22	0.0625	0.111111	
0.111111	0.18	0.0486111	0.125	
0.0911111	0.22	0.0798611	0.125	
0.197778	0.16	0.0659722	0.0972222	
0.111111	0.26	0.0520833	0.166667	
0.14	0.32	0.0590278	0.291667	
0.211111	0.1	0.0590278	0.111111	
0.177778	0.12	0.0520833	0.111111	
0.08	0.18	0.0763889	0.138889	
0.266667	0.12	0.0520833	0.0833333	
0.0711111	0.18	0.0798611	0.166667	
0.128889	0.4	0.0520833	0.166667	
0.242222	0.18	0.0486111	0.180556	
0.217778	0.18	0.0520833	0.0972222	
0.102222	0.28	0.0590278	0.111111	
0.164444	0.22	0.0659722	0.125	
0.175556	0.22	0.0555556	0.111111	
0.104444	0.2	0.0555556	0.0972222	
0.1	0.18	0.100694	0.0972222	
0.0911111	0.52	0.0451389	0.111111	
0.1	0.16	0.0555556	0.180556	
0.157778	0.2	0.0486111	0.138889	
0.193333	0.18	0.0451389	0.111111	
0.155556	0.2	0.0590278	0.152778	
0.151111	0.16	0.0659722	0.180556	
0.126667	0.28	0.0486111	0.125	
0.131111	0.16	0.0486111	0.138889	
0.135556	0.12	0.0555556	0.0972222	
0.137778	0.12	0.0451389	0.111111	
0.217778	0.14	0.0555556	0.222222	
0.08	0.16	0.0520833	0.0972222	
0.193333	0.16	0.0798611	0.111111	
0.131111	0.12	0.0451389	0.111111	
0.115556	0.1	0.0486111	0.138889	
0.148889	0.24	0.0520833	0.166667	
0.131111	0.32	0.0694444	0.0972222	
0.162222	0.24	0.0625	0.152778	
0.182222	0.28	0.0555556	0.111111	
0.16	0.16	0.0451389	0.111111	
0.184444	0.24	0.0520833	0.0972222	
0.164444	0.2	0.0590278	0.222222	
0.135556	0.16	0.0520833	0.0972222	
0.106667	0.12	0.0590278	0.138889	
0.1	0.14	0.0590278	0.166667	
0.122222	0.14	0.0486111	0.0972222	
0.142222	0.14	0.0590278	0.166667	
0.142222	0.18	0.0555556	0.180556	
0.162222	0.28	0.0451389	0.0972222	
0.113333	0.18	0.0833333	0.0972222	
0.0933333	0.22	0.0625	0.125	
0.12	0.18	0.0694444	0.180556	
0.271111	0.22	0.0625	0.291667	
0.191111	0.18	0.0659722	0.111111	
0.16	0.24	0.0625	0.180556	
0.117778	0.24	0.0555556	0.152778	
0.117778	0.18	0.0520833	0.111111	
0.144444	0.24	0.0590278	0.0833333	
0.157778	0.4	0.0486111	0.180556	
0.168889	0.24	0.0555556	0.111111	
0.151111	0.18	0.0798611	0.0972222	
0.104444	0.32	0.0763889	0.111111	
0.348889	0.22	0.0590278	0.125	
0.271111	0.16	0.0486111	0.0972222	
0.117778	0.18	0.0972222	0.125	
0.111111	0.28	0.0590278	0.111111	
0.131111	0.16	0.0590278	0.111111	
0.113333	0.34	0.0555556	0.0833333	
0.135556	0.18	0.0868056	0.0972222	
0.117778	0.2	0.0520833	0.0833333	
0.0977778	0.16	0.0590278	0.111111	
0.142222	0.32	0.0798611	0.0972222	
0.131111	0.18	0.0659722	0.138889	
0.102222	0.18	0.0659722	0.0972222	
0.0866667	0.32	0.0659722	0.111111	
0.164444	0.1	0.0520833	0.166667	
0.0911111	0.26	0.0659722	0.0972222	
0.16	0.4	0.0590278	0.152778	
0.248889	0.16	0.0694444	0.125	
0.335556	0.22	0.0659722	0.0972222	
0.104444	0.22	0.0902778	0.111111	
0.146667	0.14	0.0520833	0.166667	
0.104444	0.14	0.142361	0.166667	
0.115556	0.12	0.0659722	0.166667	
0.108889	0.32	0.0555556	0.0833333	
0.128889	0.32	0.0486111	0.0972222	
0.115556	0.34	0.0520833	0.138889	
0.115556	0.12	0.0555556	0.180556	
0.0955556	0.34	0.0486111	0.0972222	
0.115556	0.24	0.0555556	0.0972222	
0.133333	0.4	0.0555556	0.0972222	
0.193333	0.3	0.0555556	0.111111	
0.08	0.3	0.0416667	0.166667	
0.142222	0.22	0.0590278	0.138889	
0.0977778	0.18	0.0590278	0.111111	
0.122222	0.2	0.0590278	0.125	
0.0844444	0.18	0.0520833	0.138889	
0.0955556	0.22	0.0590278	0.125	
0.117778	0.2	0.0694444	0.0972222	
0.124444	0.14	0.0486111	0.111111	
0.151111	0.16	0.0520833	0.0972222	
0.0844444	0.12	0.0763889	0.125	
0.128889	0.22	0.0486111	0.166667	
0.111111	0.2	0.0520833	0.125	
0.0755556	0.24	0.0798611	0.111111	
0.148889	0.18	0.0520833	0.0972222	
0.142222	0.34	0.0451389	0.0833333	
0.155556	0.28	0.0694444	0.125	
0.111111	0.16	0.0798611	0.0972222	
0.0777778	0.22	0.0590278	0.111111	
0.128889	0.24	0.0555556	0.111111	
0.275556	0.18	0.0486111	0.125	
0.0844444	0.32	0.0451389	0.125	
