R2[0]	R2[1]	R2[2]	R2[3]	
0.0956776	0.108251	0.0515832	0.089318	
0.107886	0.244469	0.065224	0.100101	
0.0476354	0.129455	0.0817946	0.135035	
0.0784707	0.0929073	0.0885658	0.129121	
0.0436261	0.12322	0.0625576	0.108804	
0.11176	0.12322	0.0888714	0.128519	
0.142811	0.121305	0.094773	0.138033	
0.0609557	0.172514	0.0671309	0.139254	
0.0547103	0.099591	0.0509639	0.147813	
0.12985	0.0929073	0.054541	0.104498	
0.0659212	0.129388	0.0512658	0.0975152	
0.0705912	0.131348	0.0733915	0.127452	
0.0467856	0.135974	0.0566972	0.0977136	
0.0992971	0.123464	0.0484167	0.163466	
0.0892092	0.164721	0.0604128	0.0903042	
0.0597129	0.114191	0.0918607	0.123294	
0.0863981	0.140109	0.0466386	0.10363	
0.0517085	0.14176	0.0798052	0.122356	
0.111305	0.156956	0.100952	0.0935564	
0.0451999	0.0857635	0.0796111	0.104519	
0.0618607	0.144413	0.0751768	0.204302	
0.0970149	0.185859	0.0554091	0.0987989	
0.0590749	0.125533	0.0551323	0.0783389	
0.0535345	0.116425	0.0739061	0.103748	
0.0466915	0.138767	0.0590498	0.175995	
0.0505968	0.120643	0.0463884	0.109911	
0.0846278	0.149317	0.0808918	0.124962	
0.0659103	0.181998	0.0768072	0.123965	
0.0410881	0.129135	0.0734903	0.118068	
0.0463249	0.19469	0.0731976	0.117548	
0.112829	0.191048	0.0911925	0.152953	
0.0467121	0.074474	0.070909	0.0986923	
0.0594528	0.163901	0.079571	0.127924	
0.102542	0.159804	0.127112	0.110161	
0.0640234	0.198659	0.0921805	0.10326	
0.0842324	0.197319	0.0461721	0.158207	
0.0670731	0.0947397	0.0560009	0.0980433	
0.0527173	0.100889	0.0588511	0.121297	
0.095419	0.13167	0.0697015	0.118984	
0.092908	0.169772	0.0595228	0.102941	
0.0443598	0.11642	0.0616666	0.070735	
0.0565372	0.135839	0.0745863	0.0829164	
0.0629621	0.100828	0.0828078	0.0652072	
0.0744489	0.194341	0.07512	0.111276	
0.0837119	0.102494	0.0632284	0.148002	
0.0576539	0.160923	0.0660397	0.109745	
0.106938	0.111866	0.0721432	0.133037	
0.0549066	0.189382	0.103244	0.0705945	
0.0626053	0.189382	0.0794091	0.076632	
0.0593312	0.216852	0.059551	0.12038	
0.0760702	0.136199	0.0756239	0.114203	
0.0497392	0.146242	0.0622951	0.099136	
0.116824	0.11558	0.103906	0.127249	
0.0637057	0.18677	0.0589174	0.149347	
0.0683065	0.187237	0.0525886	0.123738	
0.0628251	0.107413	0.114863	0.124936	
0.0494538	0.213225	0.0566357	0.100801	
0.0423711	0.171217	0.116147	0.0995877	
0.0438138	0.135342	0.0479308	0.108188	
0.076308	0.108251	0.117192	0.0801136	
0.0840176	0.150189	0.0600343	0.103981	
0.0758805	0.22389	0.0680094	0.147921	
0.110717	0.163901	0.0635424	0.0907287	
0.0541967	0.1296	0.050532	0.138033	
0.0831767	0.162702	0.0621871	0.111804	
0.0614835	0.19258	0.0891543	0.0652072	
0.0764225	0.147989	0.0917112	0.113886	
0.105959	0.114463	0.0824151	0.0950651	
0.0546091	0.147257	0.0656	0.122766	
0.138744	0.10748	0.0500915	0.0737829	
0.0821293	0.14792	0.0903096	0.0945456	
0.132808	0.187515	0.054203	0.129374	
0.050882	0.093847	0.0578458	0.0663424	
0.0726102	0.128199	0.0611351	0.128598	
0.075775	0.244469	0.0708695	0.0929783	
0.077247	0.135384	0.0702817	0.0923396	
0.0613141	0.168856	0.0845137	0.146822	
0.123353	0.154753	0.0845865	0.0723354	
0.0760053	0.155988	0.0653572	0.0836224	
0.0609527	0.145486	0.0945029	0.151602	
0.0859468	0.100828	0.0591601	0.0924718	
0.0814031	0.0960234	0.0679469	0.160272	
0.0724885	0.179858	0.0926281	0.101858	
0.0797	0.104276	0.101177	0.174675	
0.0669992	0.132677	0.103896	0.0884118	
0.0849839	0.0994937	0.0671301	0.0847042	
0.077653	0.0948043	0.0598985	0.103697	
0.0764345	0.0922682	0.081727	0.10895	
0.0824208	0.11964	0.0789448	0.187335	
0.0574394	0.166997	0.0861799	0.117882	
0.066742	0.154931	0.0719922	0.141122	
0.0635303	0.18323	0.0513635	0.135979	
0.0645647	0.114191	0.0638511	0.103537	
0.0540652	0.1131	0.0692771	0.100116	
0.0427862	0.140655	0.0805154	0.138418	
0.0900306	0.169835	0.0684092	0.0652346	
0.0874501	0.126622	0.050517	0.110446	
0.110178	0.129844	0.0657343	0.0998068	
0.0538856	0.127769	0.0649586	0.104477	
0.0419852	0.183852	0.0661995	0.0762175	
0.151196	0.101071	0.0745751	0.105512	
0.0785478	0.158286	0.0644943	0.166099	
0.05786	0.120643	0.0816357	0.113775	
0.0608544	0.123058	0.0869001	0.140995	
0.045712	0.124	0.0708042	0.154394	
0.0460188	0.116582	0.0848287	0.10667	
0.0520377	0.113334	0.0645754	0.110687	
0.0610582	0.0960234	0.065232	0.0827594	
0.0709317	0.0869919	0.0769145	0.106486	
0.0769117	0.14204	0.0768444	0.156989	
0.0987367	0.169835	0.0712533	0.123965	
0.065036	0.0869919	0.0717291	0.113531	
0.0701241	0.170015	0.0632772	0.108464	
0.103883	0.147537	0.0586644	0.106755	
0.0863696	0.0947397	0.11113	0.150011	
0.0446676	0.106253	0.0662393	0.11839	
0.0978235	0.130303	0.0764261	0.118095	
0.0716664	0.147744	0.0867349	0.160809	
0.061783	0.126295	0.0738377	0.12892	
0.048358	0.0821418	0.0637753	0.100801	
0.0495678	0.109637	0.0695295	0.0976292	
0.0507808	0.169832	0.0865597	0.128722	
0.0881124	0.150952	0.0849278	0.114168	
0.0534331	0.103923	0.0907441	0.0798815	
0.104759	0.11558	0.0674162	0.103682	
0.0962721	0.15502	0.0442597	0.127777	
0.0857612	0.165145	0.0548679	0.0812898	
0.123882	0.135689	0.0740221	0.153534	
0.0565723	0.150026	0.0949612	0.135469	
0.0816533	0.153076	0.0636447	0.107448	
0.0784778	0.111629	0.092559	0.10083	
0.104968	0.109091	0.0609065	0.138912	
0.069273	0.117641	0.0501219	0.0948026	
0.127907	0.0960234	0.0528193	0.121928	
0.0673019	0.078203	0.0759448	0.137575	
0.0727987	0.118044	0.0901287	0.0826093	
0.0896358	0.144413	0.0821619	0.137264	
0.0526372	0.128092	0.0656346	0.149294	
0.0856817	0.10748	0.0636734	0.135197	
0.0679537	0.136905	0.0676747	0.123331	
0.051563	0.100265	0.0939871	0.111266	
0.0389601	0.109637	0.0853628	0.0630157	
0.0835751	0.124648	0.0819661	0.155691	
0.102399	0.111249	0.103484	0.0860718	
0.0579422	0.128199	0.0717032	0.137241	
0.0584664	0.169664	0.0716116	0.10478	
0.0472512	0.138207	0.0456282	0.116671	
0.0575333	0.159574	0.0586051	0.14111	
0.0761632	0.169077	0.0401013	0.153871	
0.0577261	0.0713749	0.0928496	0.114655	
0.0475312	0.0755148	0.0570959	0.142114	
0.125722	0.11964	0.0784383	0.0880291	
0.0490631	0.169835	0.103115	0.121594	
0.0911036	0.143963	0.0542326	0.0950807	
0.107462	0.139013	0.121433	0.107804	
0.0703642	0.187515	0.0965843	0.10544	
0.0984559	0.112815	0.125047	0.20701	
0.111367	0.123058	0.0850485	0.0962443	
0.0601438	0.121972	0.0765908	0.123565	
0.0564611	0.143868	0.0668333	0.100931	
0.099256	0.120812	0.0606914	0.067849	
0.0415031	0.12694	0.0662215	0.10113	
0.0386481	0.187879	0.0577119	0.120558	
0.0629436	0.146868	0.0374899	0.0982294	
0.0937623	0.132092	0.0527356	0.105396	
0.0502225	0.0945457	0.0643279	0.13589	
0.0607514	0.0956827	0.0721134	0.116333	
0.0672734	0.104919	0.0990265	0.0881148	
0.0528963	0.198363	0.0808066	0.126672	
0.0892128	0.141825	0.119082	0.0765711	
0.0888732	0.137002	0.0929786	0.106711	
0.0412704	0.142424	0.0703029	0.0924342	
0.0967876	0.157488	0.0753162	0.0991951	
0.0857418	0.135839	0.0800844	0.132414	
0.0503531	0.180093	0.0707216	0.118058	
0.0595636	0.180093	0.0847563	0.100931	
0.0758307	0.155929	0.0733985	0.0824553	
0.0844631	0.130162	0.0594461	0.109659	
0.0658528	0.116425	0.0584039	0.114269	
0.0646232	0.0975415	0.0518445	0.165221	
0.048177	0.122572	0.0717668	0.104362	
0.0664634	0.133245	0.0711364	0.095897	
0.0504631	0.0869919	0.0747189	0.100113	
0.0571035	0.118858	0.0473221	0.072604	
0.0522237	0.140655	0.0386653	0.155656	
0.0750409	0.140655	0.0600352	0.10204	
0.0716875	0.130659	0.0623689	0.115483	
0.0551953	0.118044	0.0751904	0.0709102	
0.0740212	0.148113	0.0840475	0.151371	
0.0647042	0.174736	0.0506654	0.132133	
0.0606565	0.150189	0.0810821	0.125712	
0.0538033	0.169664	0.0742678	0.12305	
0.0569531	0.159314	0.0792448	0.13767	
0.0526832	0.110969	0.0503238	0.120413	
0.0694269	0.139295	0.0802543	0.0900619	
0.0481906	0.198312	0.0535102	0.116755	
0.0816899	0.14571	0.0732539	0.110116	
0.0750492	0.0856444	0.0875583	0.114352	
0.0754899	0.104276	0.074052	0.127768	
0.0782497	0.141922	0.113052	0.116306	
0.0632214	0.122984	0.0578356	0.0947051	
0.140963	0.107095	0.11007	0.101299	
0.069614	0.132092	0.0763876	0.0818789	
0.0960489	0.108885	0.0553024	0.118011	
0.0567205	0.150952	0.0885448	0.0999808	
0.0876409	0.113765	0.0537477	0.187666	
0.0743274	0.127769	0.0763661	0.0739052	
0.0580561	0.122343	0.0627004	0.103748	
0.0603216	0.153715	0.0778679	0.1265	
0.0579295	0.198548	0.101767	0.0971592	
0.109663	0.100828	0.0922535	0.121468	
0.0499059	0.131779	0.0920678	0.0931373	
0.060565	0.092467	0.0992959	0.104347	
0.0878121	0.122984	0.0582356	0.0986813	
0.0699029	0.153056	0.0750501	0.121074	
0.0568659	0.101237	0.0773605	0.135246	
0.0555104	0.140868	0.128158	0.132213	
0.0640831	0.208859	0.0837605	0.188978	
0.039326	0.147537	0.0717036	0.103718	
0.0862155	0.138402	0.0731821	0.117028	
0.073115	0.122643	0.0538768	0.103291	
0.0507414	0.153861	0.0882338	0.0896143	
0.0516138	0.123058	0.052211	0.140995	
0.0807576	0.0866158	0.0881161	0.0606536	
0.0890928	0.163686	0.0411304	0.12892	
0.0589732	0.154931	0.0471872	0.0991951	
0.0681289	0.135839	0.0510471	0.0813204	
0.0790086	0.138767	0.0866546	0.114266	
0.0907282	0.149379	0.106481	0.109626	
0.0957289	0.139064	0.0686946	0.138313	
0.071823	0.135689	0.0839733	0.106178	
0.0626135	0.159864	0.103881	0.141459	
0.0680634	0.118561	0.0589169	0.135049	
0.074144	0.105235	0.048344	0.102999	
0.0599941	0.133952	0.0683377	0.11957	
0.0740001	0.14136	0.0711567	0.0850879	
0.0699118	0.104217	0.0598248	0.132987	
0.0741319	0.178662	0.0658513	0.111237	
0.0535979	0.149502	0.0826264	0.141479	
0.0478936	0.221191	0.0514708	0.0738891	
0.122359	0.120185	0.0676766	0.09881	
0.0494819	0.0821418	0.0596483	0.104911	
0.0652772	0.147367	0.0741476	0.0851847	
0.0901925	0.164572	0.0566167	0.153456	
0.123938	0.203853	0.0571634	0.0852685	
0.0613401	0.228169	0.0646163	0.0975152	
0.11461	0.0881396	0.0467935	0.123738	
0.0668531	0.123315	0.0607328	0.133324	
0.0884074	0.114191	0.0752815	0.185482	
0.153073	0.124468	0.0615295	0.112504	
0.0557136	0.171554	0.0523772	0.139849	
0.107073	0.142557	0.0675871	0.0907911	
0.0855314	0.136592	0.0534628	0.111949	
0.0594152	0.189382	0.0373566	0.103013	
0.0676428	0.1186	0.0939962	0.0795426	
0.0834257	0.0857635	0.0893652	0.0924471	
0.0705169	0.170815	0.104291	0.0792325	
0.0582319	0.112521	0.0751331	0.084135	
0.129675	0.0897797	0.0847332	0.099458	
0.0854701	0.0821418	0.0666788	0.116415	
0.0792325	0.187065	0.128747	0.0891622	
0.0722436	0.104919	0.0623644	0.150408	
0.0957415	0.0949119	0.0755943	0.0882038	
0.104921	0.216852	0.0521987	0.133657	
0.0764504	0.126747	0.0972759	0.135463	
0.0488467	0.11632	0.0743337	0.122924	
0.113724	0.224892	0.0704692	0.135187	
0.0640786	0.105791	0.0664279	0.12434	
0.0490289	0.153565	0.0991683	0.142391	
0.14082	0.111688	0.0478062	0.106286	
0.0652839	0.101413	0.0404897	0.0945456	
0.0862711	0.143765	0.0764466	0.170036	
0.0785533	0.135805	0.0591762	0.100313	
0.11412	0.11485	0.0583449	0.137692	
0.107818	0.234922	0.0656307	0.107371	
0.0803483	0.144783	0.121167	0.169837	
0.0728934	0.114191	0.102393	0.130219	
0.0645639	0.148578	0.120556	0.111326	
0.0657214	0.195402	0.143193	0.0979663	
0.0644465	0.100828	0.0753663	0.111212	
0.090954	0.114912	0.110898	0.152414	
0.0452692	0.110637	0.0514846	0.126474	
0.0784926	0.113334	0.0651726	0.0945456	
0.0815773	0.120643	0.0947046	0.0745673	
0.0510742	0.118095	0.0920107	0.166741	
0.123717	0.108772	0.0771602	0.095157	
0.0767546	0.118858	0.0552025	0.101572	
0.0638089	0.117641	0.0324043	0.0735497	
0.0879905	0.112978	0.0801233	0.13087	
0.0412704	0.118095	0.0428773	0.0988471	
0.129144	0.133578	0.0560778	0.143151	
0.0852501	0.110637	0.0834091	0.0984112	
0.101932	0.12694	0.099	0.0773709	
0.0717436	0.102897	0.0694918	0.0815885	
0.0990781	0.14204	0.0892409	0.111266	
0.0702172	0.117641	0.0572428	0.085747	
0.057317	0.145121	0.118569	0.0925297	
0.101506	0.165894	0.0510506	0.122568	
0.14141	0.117754	0.0743218	0.140952	
0.0633075	0.104276	0.077901	0.107252	
0.0501715	0.160263	0.0700931	0.0820098	
0.101874	0.124979	0.102829	0.144559	
0.0731879	0.114552	0.0750001	0.0791986	
0.134704	0.102494	0.0437197	0.142114	
0.0917248	0.164001	0.0940354	0.11839	
0.0664655	0.08974	0.0600284	0.0960295	
0.0568337	0.132989	0.114079	0.101944	
0.0983576	0.123951	0.0637831	0.138158	
0.0773797	0.124648	0.0580521	0.114766	
0.10413	0.191376	0.0547398	0.146913	
0.0427603	0.0861256	0.113261	0.142334	
0.0561626	0.134798	0.0639255	0.067849	
0.0575399	0.121972	0.0635876	0.139835	
0.113724	0.130319	0.0636182	0.0825889	
0.0635348	0.184429	0.116657	0.074022	
0.0878446	0.196607	0.0700126	0.101546	
0.140788	0.148622	0.0785211	0.067679	
0.0699892	0.0869919	0.0844308	0.10061	
0.133817	0.146618	0.0784437	0.089318	
0.0882006	0.147367	0.0795709	0.151565	
0.0862168	0.0722487	0.0971326	0.156633	
0.0440236	0.155516	0.120163	0.0988743	
0.053698	0.194761	0.0514441	0.151959	
0.0762859	0.149931	0.0478037	0.0665337	
0.0586152	0.138074	0.0796938	0.102941	
0.115965	0.101639	0.095609	0.122139	
0.0772948	0.122884	0.05296	0.167721	
0.0836963	0.16304	0.080937	0.132528	
0.129011	0.137195	0.0754757	0.150588	
0.0515888	0.1296	0.0478023	0.132083	
0.0425873	0.141846	0.0455741	0.0914145	
0.0812906	0.0785804	0.051919	0.0810084	
0.0696997	0.109469	0.0588724	0.111763	
0.0884014	0.135689	0.0676317	0.107654	
0.0580864	0.147367	0.0978792	0.18965	
0.08383	0.187008	0.0651814	0.116015	
0.0420416	0.123033	0.0805935	0.0937694	
0.0686405	0.193594	0.0833092	0.11238	
0.0857507	0.116069	0.0496285	0.119006	
0.07949	0.158286	0.0674114	0.130014	
0.0852286	0.154132	0.0857801	0.167629	
0.0983898	0.124468	0.11216	0.0971929	
0.0440236	0.114552	0.0619231	0.10943	
0.122176	0.169835	0.0875228	0.129999	
0.0407883	0.121128	0.0824213	0.107508	
0.079503	0.162136	0.0856095	0.103368	
0.108522	0.111921	0.0622137	0.133163	
0.0633596	0.164953	0.105908	0.16486	
0.0981533	0.109637	0.0703745	0.144989	
0.0888793	0.142664	0.088745	0.0561709	
0.100168	0.115351	0.0675796	0.149105	
0.0507832	0.18653	0.0624208	0.137426	
0.0592435	0.18486	0.0665706	0.108543	
0.0791412	0.189382	0.0614108	0.0896852	
0.0650516	0.213225	0.0873333	0.104782	
0.075148	0.153246	0.0586782	0.144476	
0.0834378	0.165194	0.058933	0.11561	
0.0729678	0.140836	0.0606994	0.0828745	
0.0962078	0.191967	0.0609284	0.0880381	
0.0580338	0.187515	0.0769875	0.119289	
0.0690708	0.106813	0.0767009	0.221925	
0.0679603	0.181998	0.0629182	0.142014	
0.0590212	0.134491	0.0506395	0.0976292	
0.069362	0.138958	0.0577902	0.1562	
0.0645292	0.118858	0.0816964	0.14222	
0.0469187	0.143797	0.0618182	0.129203	
0.0562253	0.121098	0.0702983	0.103935	
0.0695843	0.0960234	0.0798179	0.0656579	
0.0521123	0.0956401	0.121427	0.0681978	
0.061325	0.18685	0.0888916	0.12372	
0.114568	0.140839	0.10966	0.117204	
0.0952252	0.093847	0.0568363	0.103207	
0.0817347	0.122005	0.0600617	0.0979166	
0.0705771	0.183438	0.0887681	0.110937	
0.05692	0.134157	0.0854447	0.141459	
0.041156	0.108716	0.10866	0.144338	
0.0842432	0.245136	0.0724731	0.09249	
0.0660618	0.205051	0.10206	0.0753897	
0.0788623	0.175717	0.0582038	0.0861536	
0.112765	0.146538	0.148238	0.160962	
0.0596749	0.182594	0.0532128	0.120923	
0.089544	0.18677	0.0484415	0.166741	
0.120831	0.129754	0.103823	0.0745034	
0.086399	0.133795	0.0582854	0.148162	
0.0545665	0.129989	0.076168	0.106458	
0.0717196	0.12322	0.0606884	0.0982739	
0.0594465	0.124648	0.0721946	0.100605	
0.0629846	0.125375	0.0914314	0.0915317	
0.0631666	0.154931	0.068372	0.134782	
0.11294	0.124173	0.102844	0.129574	
0.0617177	0.0956401	0.106145	0.111871	
0.092174	0.0737996	0.0752415	0.109901	
0.0822608	0.193428	0.0494172	0.0824553	
0.0903266	0.164894	0.08247	0.0971142	
0.0826946	0.130303	0.0849033	0.101991	
0.0707927	0.0952499	0.0625293	0.113807	
0.0445432	0.164894	0.0724443	0.096849	
0.0834854	0.126295	0.0442149	0.132601	
0.0626717	0.154931	0.0556175	0.082932	
0.0617347	0.165878	0.130134	0.124146	
0.0699405	0.15215	0.0859359	0.074478	
0.0848947	0.107095	0.0723052	0.100626	
0.0626024	0.0956401	0.104891	0.154032	
0.0610554	0.121972	0.110147	0.0795838	
0.0649276	0.104919	0.0790235	0.0776067	
0.0661951	0.13705	0.0656516	0.147043	
0.0940919	0.109637	0.0564471	0.124812	
0.066836	0.14571	0.107268	0.104961	
0.0520218	0.17178	0.0583947	0.113943	
0.0407124	0.122572	0.0655523	0.108986	
0.0933466	0.122005	0.0504678	0.107643	
0.0606797	0.182594	0.117029	0.110687	
0.0953083	0.146412	0.0791316	0.135625	
0.0507776	0.114996	0.0754208	0.102238	
0.118714	0.116775	0.06424	0.164782	
0.101642	0.0923345	0.0829529	0.130158	
0.0888826	0.108547	0.101385	0.166099	
0.0680427	0.0956401	0.0986087	0.124226	
0.109316	0.137496	0.101745	0.128864	
0.0849839	0.103253	0.0770021	0.0820896	
0.0795962	0.137303	0.0909017	0.0957146	
0.0760794	0.184561	0.0545275	0.146395	
0.0542465	0.121469	0.0670164	0.0884006	
0.119977	0.0829022	0.109362	0.112355	
0.0616759	0.161037	0.0748455	0.103188	
0.0738293	0.136592	0.0509269	0.0798504	
0.0815146	0.0960234	0.052662	0.104993	
0.0831796	0.197319	0.0738694	0.133038	
0.0600544	0.106061	0.0893714	0.102719	
0.0511841	0.140868	0.117447	0.0886966	
0.0648309	0.139064	0.0770181	0.113666	
0.0895983	0.145089	0.0819781	0.125658	
0.18658	0.169664	0.0942077	0.116343	
0.0971892	0.121212	0.0974317	0.0960708	
0.0440749	0.103564	0.0746243	0.100101	
0.094996	0.169835	0.0593971	0.0777243	
0.0654461	0.155988	0.091491	0.10046	
0.0787186	0.138767	0.0686238	0.0995299	
0.0593312	0.162651	0.114472	0.105129	
0.0629153	0.182594	0.0789778	0.102058	
0.082652	0.11558	0.151545	0.0978395	
0.0665575	0.161758	0.071017	0.149432	
0.0632189	0.158186	0.0782263	0.0656564	
0.04272	0.167874	0.0494942	0.0982739	
0.0848644	0.107413	0.0589574	0.148157	
0.0340849	0.174634	0.0673872	0.0709102	
0.0687296	0.141533	0.0857096	0.0913134	
0.0488427	0.129388	0.0935115	0.113387	
0.0622912	0.122984	0.056455	0.184476	
0.104527	0.200298	0.0967068	0.0976973	
0.0498717	0.195402	0.0734371	0.155016	
0.0929266	0.157721	0.0919381	0.118563	
0.0457263	0.129092	0.0966273	0.13884	
0.066614	0.115911	0.07325	0.11109	
0.0427792	0.11248	0.0830212	0.0709102	
0.05457	0.139354	0.0675976	0.127827	
0.0617876	0.106061	0.0805892	0.120473	
0.0434933	0.136592	0.106152	0.15872	
0.0945191	0.162391	0.0436812	0.09249	
0.0623746	0.107513	0.0500055	0.099126	
0.0658877	0.121128	0.0814642	0.11164	
0.0704606	0.127769	0.0760212	0.0876119	
0.0603662	0.120406	0.0780919	0.0795426	
0.0967261	0.178448	0.0899637	0.118068	
0.055442	0.140868	0.0553277	0.111629	
0.0629117	0.145121	0.0635397	0.110542	
0.0551694	0.0909091	0.0806485	0.126374	
0.0732898	0.13323	0.0677503	0.145151	
0.0553187	0.222206	0.0764569	0.0760963	
0.0500993	0.115911	0.0455789	0.0739213	
0.0496754	0.163424	0.0853216	0.0816287	
0.0756972	0.142557	0.115033	0.0996505	
0.0579374	0.102005	0.0616268	0.10301	
0.0743639	0.090808	0.0574321	0.0758741	
0.0724424	0.202487	0.0516409	0.128454	
0.0762952	0.195402	0.0475635	0.0943532	
0.0585343	0.106253	0.0540451	0.136017	
0.0715891	0.189955	0.0624418	0.127223	
0.0532346	0.150952	0.0685543	0.113142	
0.0496919	0.170587	0.0809236	0.129911	
0.0507787	0.143552	0.0942677	0.101531	
0.0881124	0.141356	0.069955	0.109502	
0.0645217	0.136592	0.0811035	0.102349	
0.0775092	0.099591	0.0706331	0.05914	
0.0787186	0.213007	0.0664024	0.089318	
0.0424736	0.114552	0.0620512	0.0865859	
0.046093	0.182272	0.0817398	0.1156	
0.0954146	0.149034	0.0572918	0.126945	
0.0585601	0.134389	0.0420606	0.074022	
0.0615765	0.124898	0.115063	0.084908	
0.0493985	0.159804	0.0584822	0.104372	
0.0719268	0.109096	0.0603878	0.0858361	
0.0642539	0.13323	0.0712278	0.0518526	
0.0849221	0.160428	0.0793675	0.094512	
0.0835386	0.158186	0.0697349	0.117276	
0.0546221	0.1131	0.0526383	0.137322	
0.0716485	0.243954	0.122555	0.127768	
0.0737726	0.175444	0.0472691	0.107114	
0.061398	0.108194	0.0427967	0.14222	
0.0498355	0.144783	0.103897	0.100919	
0.100278	0.0884747	0.0951608	0.0978983	
0.0577344	0.229166	0.0564583	0.066284	
0.0405657	0.154664	0.114212	0.0813069	
0.0986062	0.191967	0.0479512	0.0810893	
0.0778525	0.158653	0.0703324	0.15872	
0.0738877	0.112194	0.106834	0.0629716	
0.0958068	0.118858	0.0608152	0.130619	
0.0712224	0.17724	0.0616676	0.0824878	
0.0640821	0.210239	0.0857442	0.0610891	
0.0640294	0.103923	0.0904846	0.103368	
0.101108	0.155877	0.0748867	0.127932	
0.0917445	0.194341	0.0499053	0.111479	
0.0853777	0.142134	0.0652951	0.123342	
0.0586688	0.135839	0.0603882	0.0665113	
0.074506	0.165878	0.065067	0.0908741	
0.0695048	0.0856444	0.0743409	0.199042	
0.0616032	0.129139	0.0513916	0.0884006	
0.0692427	0.188294	0.0504	0.104911	
0.100291	0.221191	0.0639249	0.0840618	
0.0740585	0.104276	0.0624013	0.0791773	
0.0663226	0.149034	0.060511	0.103574	
0.087803	0.144885	0.109662	0.0966756	
0.0766137	0.102275	0.0479188	0.107208	
0.0982823	0.109469	0.0739262	0.0878564	
0.0954693	0.141792	0.0701178	0.0618001	
0.0688085	0.0952499	0.08274	0.0963928	
0.0870747	0.198363	0.0856768	0.126598	
0.0742148	0.141356	0.0497745	0.141882	
0.057372	0.141129	0.0466097	0.099782	
0.0870681	0.160062	0.0491872	0.0546714	
0.0613129	0.093553	0.0721752	0.155336	
0.0748439	0.12365	0.0507077	0.120228	
0.0900792	0.24295	0.060158	0.102953	
0.0946868	0.225395	0.049258	0.108019	
0.0662994	0.13969	0.052588	0.157065	
0.0674936	0.192633	0.0835762	0.0961297	
0.0509081	0.167156	0.0503162	0.0835095	
0.0769704	0.109655	0.0925116	0.102541	
0.0474331	0.133643	0.0955094	0.0957654	
0.10434	0.110059	0.0953645	0.0835749	
0.0749339	0.140868	0.0561422	0.123564	
0.0898666	0.118858	0.0519536	0.108665	
0.0497749	0.118445	0.0632534	0.111776	
0.0988453	0.194341	0.0523582	0.15872	
0.0609043	0.13167	0.109722	0.122434	
0.089342	0.129844	0.148556	0.147921	
0.0758417	0.172775	0.0607426	0.156754	
0.0751309	0.0931541	0.0787513	0.104102	
0.068766	0.13727	0.116394	0.143699	
0.0655483	0.191376	0.0891479	0.0710487	
0.0937087	0.215736	0.091346	0.0853849	
0.048724	0.234922	0.0494933	0.0992031	
0.094036	0.202285	0.110538	0.0963237	
0.0807265	0.239939	0.0579934	0.111629	
0.0498673	0.216492	0.0739842	0.0694887	
0.0612676	0.145416	0.0853912	0.121594	
0.0711918	0.120406	0.0676692	0.0911828	
0.0703857	0.11628	0.0355767	0.0897616	
0.080941	0.215736	0.0684371	0.11134	
0.0440924	0.215154	0.0717931	0.0955734	
0.0648838	0.149225	0.0725795	0.0942922	
0.0545101	0.116932	0.0543673	0.0844965	
0.0908316	0.0922682	0.0684761	0.140615	
0.0694735	0.0848485	0.0567758	0.106178	
0.0797	0.146868	0.0635638	0.137734	
0.0465343	0.0615913	0.0807124	0.122856	
0.0645246	0.114552	0.0529071	0.131074	
0.047847	0.11964	0.0387264	0.117143	
0.0697401	0.126295	0.0563545	0.0757222	
0.0680699	0.115351	0.0685087	0.104168	
0.069139	0.155595	0.110168	0.0871392	
0.0941568	0.121921	0.0467382	0.141678	
0.0755719	0.108307	0.0674107	0.107837	
0.0552798	0.137496	0.0473242	0.0881407	
0.0875929	0.116122	0.0944263	0.0987537	
0.0756236	0.1446	0.06955	0.117655	
0.0639269	0.180093	0.0447033	0.108986	
0.0606153	0.135794	0.0759406	0.0970007	
0.100402	0.157721	0.0595017	0.135203	
0.045492	0.10182	0.060739	0.117292	
0.0825976	0.122022	0.0479655	0.158363	
0.0682954	0.163074	0.0532748	0.0985282	
0.118599	0.146266	0.0742729	0.143699	
0.0593807	0.108801	0.0580329	0.122217	
0.0475428	0.124468	0.0647407	0.110446	
0.0563601	0.162013	0.0656832	0.0941762	
0.0757219	0.156956	0.0658645	0.133163	
0.0868917	0.157721	0.0595089	0.101679	
0.0591542	0.115633	0.0490268	0.133256	
0.123773	0.134787	0.0641058	0.145609	
0.114439	0.121967	0.0608018	0.0967752	
0.0951149	0.16378	0.0531185	0.085357	
0.0691569	0.103095	0.0547649	0.0867245	
0.0748026	0.194341	0.0454381	0.0742751	
0.0739631	0.147834	0.0597809	0.085696	
0.0797985	0.178491	0.108966	0.111917	
0.0591047	0.106579	0.0520577	0.173355	
0.0989529	0.111921	0.0677053	0.0872815	
0.0576879	0.160428	0.0529225	0.107836	
0.0616759	0.171895	0.106023	0.14307	
0.065192	0.127849	0.070654	0.0829847	
0.0575195	0.142514	0.066311	0.137706	
0.082958	0.13323	0.0801744	0.0799796	
0.0853838	0.109091	0.0663135	0.0862838	
0.0766774	0.114552	0.0701629	0.126681	
0.111702	0.188294	0.0637004	0.0891834	
0.0583986	0.170264	0.0975535	0.126883	
0.0704657	0.194761	0.0800741	0.126607	
0.0893335	0.162579	0.0701235	0.142939	
0.0656965	0.102738	0.0731882	0.0874928	
0.100294	0.113765	0.0873754	0.110211	
0.0743015	0.0865687	0.0747136	0.0952863	
0.0793807	0.115686	0.0567359	0.0885498	
0.0624054	0.121098	0.0792795	0.0949156	
0.102633	0.129139	0.0958326	0.0850762	
0.0834276	0.11642	0.0777562	0.142234	
0.0656048	0.132704	0.0556455	0.0556649	
0.104329	0.154053	0.0945719	0.114227	
0.0867615	0.135342	0.0701407	0.103452	
0.0721478	0.111414	0.0556067	0.112856	
0.0910908	0.13757	0.0966352	0.090826	
0.0801679	0.150464	0.0807198	0.0619846	
0.0709833	0.114552	0.0942902	0.108137	
0.0577034	0.109637	0.0866919	0.0914145	
0.0964608	0.08974	0.114102	0.102003	
0.0517352	0.141782	0.0505539	0.193749	
0.0735415	0.150189	0.0707017	0.147683	
0.107072	0.0985198	0.064872	0.081335	
0.0475497	0.129135	0.0669477	0.105046	
0.046031	0.11628	0.116475	0.110414	
0.0781674	0.163074	0.127431	0.113531	
0.110285	0.193697	0.0519633	0.0873815	
0.0589021	0.171146	0.0602088	0.121774	
0.079129	0.111629	0.0946051	0.0911491	
0.037753	0.131426	0.0487637	0.130679	
0.0719979	0.0956401	0.0761147	0.183594	
0.0862776	0.140109	0.0548913	0.121909	
0.0696274	0.124	0.0991548	0.0860902	
0.0459436	0.0597242	0.130781	0.0749246	
0.0639303	0.103095	0.142588	0.118806	
0.112651	0.177778	0.0869181	0.081335	
0.0924109	0.108194	0.0884622	0.084135	
0.097624	0.103154	0.0656876	0.0723354	
0.0550337	0.0940859	0.0657561	0.168046	
0.109718	0.119025	0.0703755	0.115628	
0.051789	0.173869	0.0880112	0.0860718	
0.0851988	0.132092	0.0608138	0.104357	
0.0886819	0.0908473	0.0567125	0.161029	
0.0734196	0.216607	0.0484673	0.153342	
0.0652627	0.105516	0.0641122	0.106624	
0.0499799	0.129718	0.107292	0.173268	
0.0756693	0.161805	0.0968119	0.107048	
0.106999	0.132092	0.114093	0.10104	
0.0483621	0.154836	0.0750812	0.102655	
0.0494961	0.207255	0.0746862	0.113806	
0.0655113	0.153894	0.065142	0.134815	
0.0631988	0.175444	0.075477	0.100539	
0.0793292	0.0960234	0.0594802	0.0789915	
0.0893151	0.103923	0.107199	0.126982	
0.0720395	0.143552	0.0691003	0.074018	
0.0752596	0.106612	0.0528894	0.0949261	
0.113304	0.135146	0.114288	0.0630157	
0.0566175	0.121553	0.0832913	0.0942595	
0.112027	0.3	0.0584727	0.112038	
0.0604927	0.10101	0.0625277	0.141318	
0.06819	0.115708	0.0605905	0.0843601	
0.124108	0.128199	0.0666032	0.103126	
0.0577643	0.137195	0.0604106	0.125371	
0.0814175	0.116122	0.0814976	0.114765	
0.0864456	0.136592	0.0786696	0.114058	
0.0481459	0.0929073	0.083307	0.0732521	
0.0933925	0.170958	0.0783837	0.126595	
0.0830814	0.0956827	0.128389	0.0644629	
0.040021	0.149317	0.0528787	0.0995259	
0.0953984	0.113765	0.0517198	0.154292	
0.0571505	0.103923	0.0878159	0.0964762	
0.0694614	0.134874	0.054133	0.144338	
0.0553929	0.126686	0.0719862	0.0776617	
0.0584913	0.103923	0.0574351	0.0615361	
0.0457923	0.154931	0.0972655	0.176639	
0.0484361	0.0729794	0.0871029	0.105634	
0.0749759	0.0881396	0.0769506	0.131615	
0.0580846	0.198312	0.0815364	0.11549	
0.0714456	0.204423	0.0712497	0.0760989	
0.073136	0.121553	0.0434783	0.16102	
0.0880522	0.102494	0.0724675	0.111038	
0.0721371	0.160835	0.0745096	0.103974	
0.061533	0.166835	0.0620573	0.079439	
0.070273	0.173491	0.0603719	0.0950651	
0.0789763	0.129186	0.0634148	0.144734	
0.0658049	0.118095	0.101436	0.0680973	
0.070396	0.180359	0.067359	0.0816421	
0.0614123	0.0869919	0.0946714	0.0945456	
0.0749389	0.140836	0.0516516	0.110744	
0.107958	0.0748089	0.0684372	0.124173	
0.127839	0.093553	0.0997539	0.101158	
0.0736483	0.114912	0.11324	0.189209	
0.0901928	0.17178	0.0884613	0.117167	
0.0659979	0.161455	0.0516944	0.0862043	
0.0458134	0.109809	0.0875559	0.175446	
0.0627646	0.198363	0.113649	0.0946296	
0.093211	0.175028	0.0556749	0.118058	
0.106267	0.152856	0.0511161	0.0931778	
0.100863	0.125375	0.089957	0.112104	
0.078565	0.10757	0.0773192	0.099123	
0.0827579	0.0729794	0.063587	0.105719	
0.0736	0.145374	0.0651604	0.149214	
0.0739847	0.106061	0.0881479	0.122808	
0.0711985	0.111629	0.086033	0.0638298	
0.0479585	0.159327	0.0461818	0.126066	
0.141128	0.118182	0.0500867	0.105335	
0.0568836	0.158653	0.0732064	0.0948612	
0.113438	0.17654	0.0584266	0.121386	
0.0939805	0.131779	0.0664099	0.118363	
0.171576	0.100828	0.0815	0.0665337	
0.108555	0.180093	0.0866874	0.15164	
0.0587418	0.123315	0.0943923	0.103291	
0.0464556	0.150678	0.0616556	0.132625	
0.0532551	0.126875	0.0457672	0.156989	
0.0651637	0.15106	0.100995	0.115835	
0.0595473	0.141825	0.0770932	0.178498	
0.0639671	0.114996	0.0523637	0.120259	
0.0696821	0.0940859	0.0690102	0.114493	
0.057629	0.0884747	0.0744879	0.108834	
0.0681144	0.163327	0.0744293	0.165003	
0.05867	0.199586	0.0635179	0.129233	
0.0541089	0.139924	0.0646555	0.0948727	
0.0584533	0.174736	0.0505786	0.0840169	
0.0718603	0.147087	0.0442969	0.110567	
0.0681749	0.121921	0.0590372	0.0978537	
0.0775844	0.118858	0.0935227	0.0918306	
0.0900771	0.125619	0.0595947	0.0963928	
0.0963769	0.163826	0.048302	0.109908	
0.0801963	0.162391	0.0817682	0.0829583	
0.0399531	0.131301	0.0813772	0.101951	
0.0628148	0.123319	0.0638029	0.0817296	
0.0756637	0.123464	0.0637991	0.0954112	
0.0909976	0.175717	0.0705937	0.116755	
0.0718406	0.174736	0.0751987	0.133482	
0.0890342	0.107949	0.0754807	0.140071	
0.0678239	0.192847	0.0802271	0.0959136	
0.0837692	0.134491	0.0657011	0.083189	
0.0998356	0.114191	0.0944949	0.084908	
0.0680801	0.0952392	0.072509	0.155259	
0.0643842	0.127633	0.0822792	0.0919031	
0.0751424	0.0929073	0.111472	0.122034	
0.0990709	0.114552	0.0460937	0.143067	
0.0837954	0.131197	0.0426207	0.158926	
0.0592976	0.150695	0.0842833	0.106718	
0.126327	0.0970643	0.0883452	0.175011	
0.120168	0.12642	0.0613988	0.081335	
0.0658093	0.185146	0.0726654	0.0797981	
0.0613962	0.125533	0.098223	0.136468	
0.0895541	0.144434	0.057377	0.117874	
0.0513059	0.181459	0.0719065	0.120295	
0.076827	0.108941	0.0552679	0.0946999	
0.0509946	0.0672457	0.0754526	0.110099	
0.0676247	0.196389	0.0570747	0.0725438	
0.0670528	0.13323	0.0923303	0.114907	
0.0536808	0.126767	0.0755865	0.135411	
0.0866288	0.143935	0.0893977	0.0714848	
0.0408213	0.136592	0.0785272	0.0968767	
0.0941839	0.174634	0.102919	0.119081	
0.0568836	0.143452	0.0562499	0.101141	
0.0584117	0.128521	0.101406	0.105316	
0.0449918	0.197229	0.0755647	0.131341	
0.0886587	0.165256	0.0472109	0.0972542	
0.0701078	0.200553	0.0821747	0.107459	
0.0589837	0.164013	0.0682621	0.109133	
0.102303	0.140219	0.0821526	0.113712	
0.086399	0.133337	0.0912161	0.091063	
0.0458976	0.158653	0.0807682	0.107836	
0.0893967	0.132677	0.102919	0.137176	
0.0986062	0.1431	0.0759597	0.13	
0.0795106	0.210239	0.103692	0.141551	
0.0568659	0.100889	0.0360321	0.122979	
0.0519509	0.149594	0.0656755	0.115793	
0.0766445	0.108772	0.0716967	0.0885498	
0.0769409	0.0787944	0.0618128	0.197726	
0.161885	0.18476	0.0730056	0.103418	
0.0491722	0.139836	0.1176	0.0816287	
0.0735874	0.163749	0.0867378	0.114259	
0.150012	0.111414	0.0667437	0.135625	
0.0364959	0.182292	0.0873856	0.104529	
0.0917977	0.170815	0.0826258	0.108412	
0.0539246	0.106813	0.0571734	0.0948727	
0.0510705	0.16872	0.0769791	0.122895	
0.0706787	0.175993	0.0708205	0.144512	
0.0387744	0.141356	0.0552544	0.111394	
0.0694014	0.15502	0.0807069	0.148157	
0.097798	0.192442	0.0458563	0.101546	
0.0577861	0.131348	0.106709	0.108423	
0.0493256	0.122622	0.0670656	0.190216	
0.09335	0.163074	0.120134	0.0989867	
0.0446637	0.132677	0.0498995	0.126066	
0.0915361	0.235925	0.104801	0.135891	
0.0744335	0.106061	0.0936095	0.156663	
0.0820738	0.188294	0.10193	0.116307	
0.050901	0.187414	0.0975506	0.104388	
0.0476885	0.099591	0.0565502	0.0972389	
0.0814184	0.252989	0.0511593	0.0954362	
0.0809926	0.158393	0.0647547	0.133043	
0.078502	0.159804	0.0707886	0.115229	
0.0843755	0.191456	0.122712	0.175012	
0.0999487	0.183905	0.0685186	0.176094	
0.0969249	0.139277	0.11445	0.105482	
0.0688236	0.121128	0.0911576	0.113429	
0.0893735	0.149502	0.0550199	0.12008	
0.0878245	0.180093	0.0860269	0.086768	
0.152866	0.188294	0.043239	0.157854	
0.0800682	0.150332	0.11932	0.108615	
0.0531133	0.198659	0.0482125	0.174623	
0.0628331	0.127633	0.104822	0.0713959	
0.0619545	0.0713749	0.0403969	0.0981	
0.10205	0.10757	0.078703	0.0853512	
0.075765	0.0985198	0.0887235	0.196265	
0.0594742	0.191048	0.105276	0.0846995	
0.0658021	0.141129	0.0710173	0.0981536	
0.0948667	0.118802	0.0499095	0.0875938	
0.0825396	0.182828	0.100857	0.11158	
0.175818	0.172562	0.074887	0.103537	
0.0707585	0.0842572	0.0905132	0.125934	
0.0492926	0.159864	0.0667116	0.14784	
0.107303	0.093847	0.137953	0.093515	
0.078314	0.128199	0.0501751	0.113943	
0.0650867	0.102916	0.0680988	0.104477	
0.0944281	0.160835	0.0929298	0.101158	
0.0751386	0.147834	0.120131	0.0867245	
0.0680643	0.148622	0.0449327	0.0753054	
0.0639131	0.117093	0.0714049	0.108986	
0.059808	0.0755148	0.112146	0.13634	
0.0930113	0.12636	0.0852785	0.104605	
0.0635441	0.131426	0.0848142	0.13884	
0.100571	0.114552	0.0972006	0.111889	
0.115973	0.13969	0.0923025	0.117241	
0.070229	0.108194	0.0849221	0.0773439	
0.106277	0.130659	0.0878541	0.100626	
0.0394492	0.151878	0.0473416	0.103447	
0.0814574	0.149317	0.0489879	0.101991	
0.058131	0.0916524	0.0915563	0.0933279	
0.0765779	0.193703	0.0659813	0.0910193	
0.0641715	0.118095	0.0685179	0.172606	
0.0581457	0.126323	0.0766783	0.0881407	
0.120902	0.158393	0.069905	0.112342	
0.0782174	0.122522	0.0785973	0.107756	
0.0977241	0.108716	0.0768539	0.118076	
0.0531466	0.198849	0.0678618	0.124173	
0.0953592	0.145012	0.0754352	0.0847124	
0.0516665	0.180093	0.110331	0.0987205	
0.0545596	0.136636	0.0448191	0.0762175	
0.0637711	0.107095	0.0586352	0.166552	
0.0450916	0.131197	0.0760899	0.0957862	
0.0689279	0.138207	0.0896101	0.103169	
0.0795326	0.0861256	0.0913592	0.137605	
0.0848894	0.132184	0.0577406	0.106033	
0.089404	0.169616	0.0833927	0.105021	
0.0820991	0.189485	0.113761	0.112176	
0.0609654	0.18789	0.0679304	0.104217	
0.057706	0.120185	0.0929756	0.104939	
0.0668655	0.174736	0.0841719	0.137154	
0.0841068	0.147496	0.0619756	0.09745	
0.127173	0.160835	0.0877285	0.103974	
0.0770789	0.0830497	0.0848201	0.114842	
0.0650713	0.158621	0.0491722	0.102425	
0.0486052	0.116122	0.0919482	0.137176	
0.0699952	0.162136	0.0597854	0.0789148	
0.0835572	0.136592	0.0809916	0.10746	
0.0558012	0.164001	0.089698	0.10935	
0.0793404	0.145959	0.0561178	0.077367	
0.0561144	0.125533	0.0910898	0.0814411	
0.123029	0.0922682	0.0769648	0.100001	
0.116674	0.13793	0.0673286	0.107326	
0.085	0.108716	0.0757832	0.150076	
0.0564696	0.121506	0.0781982	0.143914	
0.0728904	0.074474	0.101801	0.0947103	
0.0670165	0.128521	0.0591831	0.0949888	
0.061546	0.168856	0.0846085	0.102382	
0.0873241	0.167655	0.115421	0.11639	
0.116112	0.106612	0.0584031	0.0866272	
0.102756	0.155595	0.0833071	0.111649	
0.045185	0.129577	0.096968	0.0818789	
0.0442106	0.155595	0.0774943	0.131615	
0.0491013	0.171794	0.103755	0.0897616	
0.05836	0.253994	0.0783365	0.0764296	
0.0392032	0.0866158	0.110224	0.129661	
0.149106	0.123468	0.051908	0.110179	
0.0750695	0.191456	0.0532983	0.102967	
0.0914102	0.243954	0.0900338	0.12008	
0.0905692	0.106579	0.0616398	0.0965492	
0.0826109	0.125533	0.0452431	0.10109	
0.122676	0.132034	0.101054	0.108225	
0.0792529	0.093847	0.0590927	0.142566	
0.0799115	0.201851	0.0721896	0.149778	
0.0952498	0.121553	0.045282	0.134108	
0.159357	0.0861374	0.0716609	0.104939	
0.0907575	0.109469	0.101028	0.0739858	
0.0591415	0.141317	0.036248	0.125934	
0.0392485	0.083814	0.0471462	0.085082	
0.0649414	0.165083	0.0890783	0.101362	
0.0941436	0.128199	0.0681936	0.117279	
0.043733	0.13167	0.0675869	0.161393	
0.0547732	0.122005	0.062967	0.1156	
0.0706023	0.198363	0.112008	0.0919819	
0.100296	0.0956827	0.0761872	0.137241	
0.0552333	0.141356	0.0994011	0.0941573	
0.0651997	0.146868	0.0624955	0.116518	
0.0634979	0.137496	0.119551	0.135625	
0.0708463	0.244469	0.064773	0.0915317	
0.072127	0.193349	0.10537	0.159228	
0.0752917	0.149034	0.057058	0.130679	
0.176327	0.118044	0.0413263	0.105543	
0.120972	0.190374	0.123795	0.166957	
0.0478653	0.164671	0.109069	0.125934	
0.0593145	0.208299	0.0595394	0.0933279	
0.0490355	0.11485	0.0697635	0.127329	
0.0568536	0.092467	0.103769	0.141797	
0.060553	0.0821418	0.0901289	0.14084	
0.0516548	0.1457	0.0696825	0.131528	
0.0752015	0.106253	0.0629949	0.0986501	
0.0770882	0.128438	0.0709698	0.113058	
0.0541379	0.0897797	0.0359552	0.106307	
0.11226	0.0715462	0.0422723	0.153342	
0.103376	0.111921	0.0692426	0.0916271	
0.0735623	0.160177	0.102086	0.107696	
0.0561452	0.175444	0.0713385	0.142934	
0.105452	0.157783	0.0485966	0.118896	
0.0435451	0.0922682	0.0427264	0.11541	
0.100225	0.109259	0.0724721	0.102349	
0.0561418	0.199305	0.0745701	0.105967	
0.0895022	0.141129	0.0536264	0.100791	
0.0989506	0.0729794	0.0675401	0.113666	
0.0599935	0.103154	0.0560717	0.0934395	
0.0835016	0.102916	0.060503	0.130958	
0.0570474	0.120643	0.0557956	0.121081	
0.0748396	0.136289	0.0462325	0.152313	
0.117231	0.158344	0.0654337	0.104811	
0.0914586	0.141533	0.100036	0.110139	
0.052989	0.130448	0.0687334	0.0665337	
0.0656183	0.100828	0.0876552	0.205683	
0.0543596	0.135384	0.0780039	0.16089	
0.0559698	0.147537	0.0770561	0.121386	
0.0561626	0.199351	0.0741129	0.0809863	
0.0722357	0.188986	0.0929695	0.138209	
0.119848	0.117328	0.0563738	0.170867	
0.100347	0.128171	0.0881778	0.092275	
0.0623317	0.149102	0.0530354	0.12248	
0.120856	0.15106	0.048911	0.100942	
0.0611587	0.108194	0.126926	0.0899737	
0.0390788	0.17768	0.104727	0.141169	
0.0607591	0.135342	0.0610416	0.143914	
0.0512142	0.157462	0.0482404	0.105591	
0.108098	0.123951	0.0660377	0.0761863	
0.0616441	0.210239	0.0608981	0.0875938	
0.0980544	0.116069	0.0539572	0.128629	
0.0786298	0.20636	0.074019	0.0660559	
0.085621	0.147537	0.0668198	0.083331	
0.0646785	0.134465	0.0715266	0.0774517	
0.0783644	0.103564	0.0750149	0.145397	
0.058762	0.135974	0.0562964	0.0893347	
0.110232	0.160835	0.0863128	0.117028	
0.0677914	0.161199	0.0725143	0.086339	
0.0490175	0.160263	0.0819434	0.115901	
0.0651289	0.0900181	0.0654149	0.134832	
0.105256	0.175028	0.0642882	0.117143	
0.0920447	0.128886	0.0736995	0.179399	
0.128314	0.146336	0.0641987	0.128853	
0.124777	0.126686	0.0610353	0.085747	
0.0830299	0.15502	0.0632279	0.129661	
0.039298	0.128509	0.0570878	0.0914482	
0.0723942	0.0902897	0.0876123	0.0783389	
0.0569683	0.0869919	0.0692643	0.127249	
0.0577912	0.174394	0.0717711	0.0878394	
0.0598603	0.146336	0.0580614	0.0952946	
0.108574	0.184793	0.078413	0.172171	
0.0666941	0.0916524	0.0668083	0.121248	
0.115639	0.190076	0.0548059	0.144295	
0.0899314	0.135839	0.0832498	0.0643612	
0.0744322	0.164894	0.0511444	0.121594	
0.117913	0.136498	0.0472416	0.114838	
0.0898625	0.149594	0.0363551	0.0862043	
0.0561333	0.200492	0.0843965	0.124108	
0.0807568	0.14792	0.0822556	0.129055	
0.134583	0.155733	0.100404	0.126066	
0.0640045	0.114912	0.049814	0.127179	
0.0683566	0.167874	0.074356	0.0847042	
0.0806459	0.189382	0.0903885	0.133841	
0.093129	0.140868	0.059615	0.104332	
0.0779589	0.121557	0.0407688	0.0768959	
0.0646249	0.0929073	0.0982465	0.114983	
0.0680541	0.114289	0.0630507	0.14931	
0.0474535	0.15444	0.0737546	0.106948	
0.0736196	0.131111	0.0786985	0.102186	
0.097463	0.121557	0.0710188	0.0776936	
0.0497518	0.220276	0.0538321	0.0484655	
0.0935303	0.183577	0.12364	0.127249	
0.0732006	0.110059	0.0554253	0.183594	
0.0687546	0.110969	0.0789446	0.0694887	
0.0453313	0.163074	0.0710254	0.117204	
0.0865945	0.150678	0.0783458	0.138631	
0.0799479	0.182225	0.0738886	0.166624	
