Pwh[0]	Pwh[1]	Pwh[2]	Pwh[3]	
0.240199	0.314685	0.147279	0.461538	
0.218154	2.9717	0.128253	0.48	
0.444331	0.272727	0.112286	0.179348	
0.275491	0.75	0.105223	0.501901	
0.47541	0.298013	0.144654	0.218543	
0.20974	0.298013	0.104151	0.192982	
0.169063	0.316901	0.196791	0.186969	
0.343331	0.895522	0.131994	0.181818	
0.406162	0.314685	0.160465	0.34555	
0.182696	0.375	0.144882	0.228374	
0.337995	0.296053	0.159353	0.222973	
1.46629	0.269461	0.247756	0.186969	
0.46875	0.298013	0.144806	0.228374	
0.23126	0.375	0.169429	1.22872	
0.261575	0.466321	0.140173	0.23913	
0.358911	0.3	0.0995312	0.64918	
0.271536	0.28481	0.155143	0.229965	
0.395455	0.849057	0.108066	0.616822	
0.214286	0.243243	0.188847	0.228374	
0.465739	0.454545	1.34062	0.552301	
0.346614	0.261628	0.118353	0.141026	
0.22751	1.95652	0.141321	0.225256	
0.380577	0.276074	0.819964	0.238267	
0.362802	0.310345	0.122503	0.441472	
0.412322	0.263158	0.129944	0.152074	
0.391539	0.348837	0.165072	0.229965	
0.270019	0.326087	0.111066	0.191304	
0.345787	0.218447	0.112469	0.189112	
0.547859	0.288462	0.115336	0.197605	
0.464744	1.73077	0.31328	0.19469	
0.206749	1.19469	0.101807	0.168367	
0.537701	0.394737	0.121319	0.212219	
0.367089	1.86391	0.109437	0.381503	
0.225857	0.263158	0.0764755	0.420382	
0.334358	1.38462	0.195191	0.222973	
0.257854	1.28571	0.152318	0.163366	
0.676516	0.328467	0.142415	0.24812	
0.409991	0.849057	0.136296	0.196429	
0.238749	0.326087	0.12713	0.432787	
0.243561	0.743802	0.134372	0.666667	
0.488764	0.3125	0.132565	0.321951	
0.384276	0.290323	0.119532	0.235714	
0.339844	0.335821	0.22549	0.561702	
0.294516	0.217391	0.118303	0.673469	
0.266055	0.394737	0.279494	0.170543	
0.364017	0.248619	0.124661	0.211538	
0.208034	0.323741	0.236707	0.186969	
0.370844	1.33663	0.17698	0.238267	
0.328302	0.222772	0.112286	0.267206	
0.434132	2.27273	0.351816	0.204969	
0.289421	0.276074	0.229141	0.219269	
0.432836	0.319149	0.132884	0.24	
0.195242	0.39823	0.0913302	0.191304	
0.435435	0.853081	0.60972	1.2878	
0.307638	0.222772	0.308208	0.192982	
0.327068	0.316901	0.0824373	0.185393	
0.418672	1.19469	0.156285	0.223729	
0.454071	0.703125	0.257303	0.214984	
0.482797	0.79646	0.158712	0.229965	
0.292535	0.314685	0.0823881	0.30137	
0.828046	0.758427	0.290679	0.423077	
0.28827	0.196507	0.129882	0.165829	
0.207736	1.06509	0.136837	0.469751	
0.388393	0.292208	0.154795	0.186969	
0.540709	1.02857	0.1347	0.203077	
0.354235	1.4876	0.31591	0.280851	
0.281371	0.666667	0.809978	0.208202	
0.214497	0.90604	0.11293	0.240876	
0.372751	0.266272	0.126316	0.441472	
0.17491	0.340909	0.153163	0.273859	
0.27584	0.286624	0.829763	0.230769	
0.178792	0.649038	0.149109	0.429967	
0.411932	0.330882	0.135961	0.276151	
0.301664	0.304054	0.133527	1.2878	
0.302503	2.9717	0.122503	0.227586	
0.27707	0.517241	0.123214	0.235714	
0.341712	0.238095	0.10832	1.79186	
0.184478	0.326087	0.109307	0.308411	
0.280103	0.244565	0.128551	0.259843	
0.32318	0.697674	0.201681	0.543956	
0.253201	0.671642	0.137313	0.256809	
0.267363	0.354331	0.131805	0.324324	
0.308074	0.72973	0.0980114	0.227586	
0.270354	0.354331	0.373984	0.153132	
0.326087	0.588235	0.0914816	0.267206	
0.255732	0.340909	0.130558	0.236559	
0.272386	0.371901	0.136095	0.450512	
0.278668	0.335821	0.107519	0.22	
0.278668	0.647482	0.113208	0.151376	
0.373711	0.697674	0.104943	0.205607	
0.327314	0.241935	0.117798	0.177898	
0.330046	0.226131	0.154104	0.183844	
0.337995	0.3	0.125227	0.208202	
0.376298	0.283019	0.124605	0.229167	
0.536375	1.40625	0.110932	0.177898	
0.253644	1.18421	0.244681	0.298643	
0.250288	0.277778	0.172285	0.213592	
0.210043	0.625	0.124661	0.229965	
0.413498	0.692308	0.137656	0.216393	
0.458377	2.27273	0.123435	0.308411	
0.156926	0.308219	0.121532	0.503817	
0.267363	1.27358	0.25879	0.15942	
0.353084	0.319149	0.111335	0.208861	
0.369584	0.292208	0.109307	1.68367	
0.465739	0.308219	0.234494	0.168798	
0.455497	0.276074	0.530361	0.252874	
0.550633	0.302013	0.130496	0.675768	
0.360099	0.354331	0.128432	0.262948	
0.314534	0.354331	0.11582	0.295964	
0.289421	0.261628	0.113955	0.157518	
0.233244	0.947368	0.242637	0.189112	
0.32294	0.354331	0.141611	0.204334	
0.306987	0.737705	0.134046	0.217105	
0.692308	0.252809	0.549436	0.221477	
0.847403	0.328467	0.0861692	0.174603	
0.47541	0.298013	0.257103	0.197015	
0.230769	0.283019	0.115336	0.20122	
0.30083	0.261628	0.540752	0.163366	
0.37116	0.882353	0.121212	0.188571	
0.481195	0.39823	0.130992	0.223729	
0.387011	0.405405	0.124436	0.218543	
0.486034	0.909091	0.10192	0.192982	
0.256033	0.260116	0.105103	0.212219	
0.387355	0.36	0.319568	0.286957	
0.219475	0.39823	0.121747	0.207547	
0.230403	0.245902	0.179688	0.188034	
0.256033	0.75	0.294243	0.26087	
0.187905	0.272727	0.119326	0.181818	
0.478548	0.523256	1.92762	0.181319	
0.277423	0.244565	0.133851	0.20625	
0.286561	0.306122	0.0974232	0.213592	
0.218373	0.3125	0.144125	0.185393	
0.315217	0.292208	0.15853	0.325123	
0.180948	0.354331	0.146264	0.404908	
0.330798	0.357143	0.117048	0.178862	
0.299381	0.328467	0.106481	0.272727	
0.245763	0.261628	0.107686	0.364641	
0.430693	0.302013	0.12597	0.184358	
0.261733	0.340909	0.134634	0.868421	
0.316134	0.330882	0.127837	0.580645	
0.414286	0.39823	0.102412	0.196429	
0.63783	0.306122	0.104466	0.311321	
0.262681	0.277778	0.219048	0.167513	
0.229309	0.737705	0.0915119	0.241758	
0.397623	0.304054	0.119377	0.184874	
0.349678	0.233161	0.12207	0.22	
0.453597	0.559006	0.193956	0.203704	
0.37307	1.22449	0.142709	0.218543	
0.284314	0.762712	0.387097	0.163772	
0.355392	0.39823	0.0983957	0.383721	
0.426053	0.454545	0.148069	0.178378	
0.187339	0.323741	0.223935	0.238267	
0.42815	0.236842	0.187819	0.203077	
0.246879	0.365854	0.167985	0.643902	
0.217174	0.252809	0.31588	0.213592	
0.310936	0.649038	0.196023	0.241758	
0.233745	0.357143	0.0777027	1.06883	
0.21045	0.292208	0.107143	0.215686	
0.356265	0.314685	0.111741	0.189655	
0.37695	0.258621	0.122776	0.220736	
0.885947	0.298013	0.148069	0.283262	
0.474891	0.573248	0.140601	0.23741	
0.610098	1.57895	0.140888	0.197605	
0.347167	0.588235	0.197849	0.23913	
0.236028	0.279503	0.15082	0.222973	
0.42233	0.328467	0.128551	0.180822	
0.450777	0.365854	0.127601	0.203704	
0.330798	0.323741	0.0952381	0.245353	
0.553435	0.205479	0.116702	0.19242	
0.253054	0.252809	0.661078	0.3	
0.246599	0.394737	0.0967403	0.212219	
0.55203	0.283019	0.125	0.226027	
0.457173	0.283019	0.119274	0.229167	
0.264438	1.74194	0.335223	0.183844	
0.509965	0.661765	0.12438	0.20122	
0.358911	0.882353	0.10815	0.662207	
0.294317	0.321429	0.126027	0.251908	
0.272556	0.294118	0.138069	0.233216	
0.724396	0.310345	0.146186	0.258824	
0.318915	0.354331	0.162162	0.314286	
0.420696	0.310345	0.130373	0.933962	
0.310271	0.266272	0.250454	0.23741	
0.465241	0.354331	0.120209	0.694737	
0.389088	0.308219	0.166868	0.23913	
0.429418	1.125	0.182419	0.161369	
0.283388	0.84375	0.336175	0.236559	
0.314989	0.661765	0.133462	0.194118	
0.465241	0.328467	0.123989	0.578947	
0.295316	0.405405	0.104625	0.162562	
0.330798	1.38462	0.163993	0.188571	
0.360697	0.758427	0.113254	0.183844	
0.372751	0.233161	0.120735	0.190751	
0.368644	1.18421	0.114002	0.184874	
0.388046	0.454545	0.164973	0.197605	
0.315446	0.283019	0.110666	0.286957	
0.524096	1.06635	0.322618	0.210863	
0.255282	0.279503	0.12349	0.201835	
0.277423	0.371901	0.107143	0.214984	
0.291165	0.354331	0.119171	0.362637	
0.311828	0.596026	0.0869839	0.212903	
0.707893	0.335821	0.1436	0.23741	
0.496575	0.319149	0.175294	0.217105	
0.302083	0.279503	0.116456	0.26087	
0.230892	0.335821	0.185235	0.279661	
0.370213	0.780347	0.102755	0.214286	
0.25232	0.298013	0.156729	0.14442	
0.284872	0.56962	0.237522	0.336735	
0.360398	0.3	0.127837	0.220736	
0.35685	0.381356	0.115723	0.202454	
0.389088	1.52174	0.180924	0.220736	
0.211165	0.671642	0.103139	0.325123	
0.403525	0.264706	0.102184	0.24	
0.363409	0.335821	0.0943267	0.215686	
0.250576	0.335821	0.276969	0.622642	
0.301664	0.671642	0.116505	0.209524	
0.374355	0.310345	0.111425	0.178378	
0.382923	0.254237	0.0764967	0.188034	
0.334101	1.47196	0.105103	0.573913	
0.507585	0.252809	0.12678	0.243542	
0.25101	0.267857	0.116456	0.211538	
0.284128	0.277778	0.150409	0.230769	
0.461294	0.267857	0.103293	0.245353	
0.500575	0.292208	0.148228	2.02041	
0.266218	0.365854	0.211171	0.298643	
0.252174	1.02273	0.366777	0.188571	
0.34689	0.725806	0.175573	0.215686	
0.339049	1.74194	0.15	0.255814	
0.295316	0.294118	0.103139	0.207547	
0.732734	0.25	0.180984	0.202454	
0.236799	0.714286	0.258306	0.197605	
0.308511	0.272727	0.107519	0.216393	
0.314761	0.718085	0.182419	0.179837	
0.373711	0.286624	0.142048	0.181818	
0.290581	0.357143	0.360313	0.219269	
0.341981	0.288462	0.128731	0.189112	
0.640177	0.629371	0.669091	0.254826	
0.307856	0.323741	0.149512	0.1875	
0.286561	0.226131	0.247534	0.425806	
0.383598	0.483871	0.448598	0.342857	
0.402405	1.34615	0.153078	0.255814	
0.187016	0.283019	0.126897	0.202454	
0.407303	0.39823	0.13314	0.225256	
0.340909	0.272727	0.116801	0.264	
0.243017	0.782609	0.143302	0.176471	
0.573123	0.215311	0.151067	0.232394	
0.359207	0.93361	0.271386	0.222973	
0.197548	0.357143	0.181102	0.192982	
0.320324	0.3125	0.137177	0.181319	
0.248998	0.3	0.113347	0.438053	
0.472313	0.584416	0.135228	0.45993	
0.430693	0.697674	0.305987	0.364641	
0.21045	0.381356	0.262357	0.227586	
0.263317	0.271084	0.15215	0.207547	
0.344146	0.222772	0.187246	0.528	
0.335131	0.304054	0.0971489	0.540984	
0.270522	0.454545	0.106358	0.251908	
0.32056	0.235602	0.0924933	0.311321	
0.367089	0.323741	0.113861	0.256809	
0.181856	0.346154	0.106935	0.421725	
0.771961	0.39823	0.132756	0.2	
0.269684	0.221675	0.393162	0.235714	
0.303136	0.323741	0.135693	0.332494	
0.237575	0.454545	0.116407	0.246269	
0.22003	2.27273	0.155932	0.195266	
0.295316	0.290323	0.0955017	0.178862	
0.567145	0.298013	0.117898	0.194118	
0.402778	1.17391	0.117148	0.186969	
0.334101	0.302013	0.127013	0.202454	
0.440729	0.279503	0.582688	0.336735	
0.168019	0.616438	0.160652	0.208202	
0.381914	0.375	0.173585	0.461538	
0.32127	0.859873	0.116308	0.152074	
0.287318	0.849057	0.270721	0.290749	
0.61673	0.316901	0.141176	0.363636	
0.213654	0.75	0.127601	0.217105	
0.282835	0.257143	0.0818991	0.314286	
0.29612	0.3	0.0933378	0.367688	
0.345787	0.789474	0.0800696	0.246269	
0.332315	1.04167	0.139288	0.253846	
0.384956	0.335821	0.236707	0.208861	
0.253349	0.340909	0.085396	0.167089	
0.451245	0.306122	0.154969	0.195846	
0.353371	0.302013	0.132884	0.230769	
0.292732	0.348837	0.199711	0.238267	
0.452653	0.371901	0.0993878	0.161369	
0.561532	0.424528	1.08661	0.259843	
0.278668	0.308219	0.142562	0.212219	
0.335389	0.292208	0.194778	0.275	
0.256637	0.3	0.236403	0.372881	
0.55203	0.371901	0.174132	0.276151	
0.181704	0.261628	0.312925	0.177898	
0.260167	0.306122	0.110312	0.217105	
0.89969	0.286624	0.189756	0.275	
0.31005	0.306122	0.120682	0.235714	
0.234249	0.261628	0.199062	0.255814	
0.316364	0.292208	0.142709	0.242647	
0.382923	0.266272	0.0818991	0.241758	
0.232496	0.238095	0.168498	0.194118	
0.168019	0.288462	0.112286	0.175066	
0.344418	0.354331	0.11358	0.44898	
0.404275	0.491803	0.120629	0.295964	
0.219144	0.454545	0.0887745	0.174142	
0.305263	0.319149	0.112424	0.262948	
0.176113	0.394737	0.165965	0.178378	
0.243017	0.810811	0.0966725	0.197015	
0.321508	0.348837	0.145877	0.217105	
0.380577	0.277778	0.0856611	0.211538	
0.2216	0.381356	0.128912	0.172775	
0.28675	0.277778	0.140888	0.202454	
0.214709	1.69811	0.154535	0.165829	
0.586253	0.368852	0.252979	1.50685	
0.372432	0.286624	0.131429	0.283262	
0.3625	0.314685	0.132501	0.179348	
0.200184	0.580645	0.130558	0.256809	
0.323902	0.228426	0.0843779	0.278481	
0.258621	0.878049	0.258669	0.215686	
0.167051	0.260116	0.116113	0.276151	
0.32342	0.354331	0.108619	0.208861	
0.352369	0.245902	0.113721	0.230769	
0.24957	0.272727	0.112378	0.882353	
0.258621	0.424528	0.094359	0.162162	
0.452653	0.271084	0.0819964	0.226027	
0.371795	0.853081	0.15664	1.07755	
0.288653	1.66667	0.171642	0.321951	
0.349398	0.276074	0.113955	0.222222	
0.790909	0.333333	0.0997831	0.20625	
0.289807	0.28125	0.154795	0.162963	
0.259392	1.19469	0.108066	0.184874	
0.180798	0.28481	0.115	0.167939	
0.516627	0.292208	0.165269	0.184874	
0.570118	0.335821	0.162832	1.23134	
0.27307	0.351562	0.161782	0.298643	
0.30873	0.333333	0.1436	0.199396	
0.27707	0.272727	0.124718	0.205607	
0.392954	0.272727	0.0919693	0.567742	
0.264277	2.12264	0.127837	0.189655	
0.480132	0.424528	0.112286	0.221477	
0.313175	0.430622	0.669632	0.220736	
0.262681	0.671642	0.156997	0.210191	
0.285808	1.27358	0.126258	0.188034	
0.26189	0.584416	0.107686	0.160194	
0.230769	0.292208	0.253134	0.229167	
0.481728	1.2766	0.149351	0.22449	
0.193678	1.18421	0.106523	0.197015	
0.580774	0.28481	0.109048	0.521739	
0.274448	0.243243	0.212063	0.218543	
0.207836	0.354331	0.139464	0.189655	
0.795974	0.478723	0.0884899	0.15493	
0.243971	0.405405	0.120366	0.173684	
0.261418	0.27439	0.220183	0.336735	
0.223077	0.294118	0.268613	0.170543	
0.417066	0.217391	0.148467	0.189655	
0.354812	0.215311	0.123822	0.662207	
0.283388	0.891089	0.132121	0.229965	
0.348558	1.19469	0.103604	0.231579	
0.283019	0.520231	0.141829	0.338462	
0.256033	0.608108	0.146032	0.219269	
0.289807	0.277778	0.146109	0.250951	
0.227392	1.52542	0.14473	0.273859	
0.383936	0.649038	0.115723	0.199396	
0.316134	0.316901	0.117949	0.26506	
0.347167	0.65534	0.134634	0.188571	
0.410765	0.271084	0.151482	0.218543	
0.303136	0.514286	0.138624	0.162562	
0.325355	0.308219	0.1104	0.173684	
0.480663	0.304054	0.136028	0.360656	
0.389436	0.348837	0.122124	0.207547	
0.314306	0.354331	0.112378	0.268293	
0.382923	0.36	0.0803493	0.286957	
0.728033	0.46875	0.101883	0.413793	
0.198812	0.629371	0.086277	0.198795	
0.452653	0.330882	0.149837	0.213592	
0.272727	0.566038	0.142415	0.24	
1.17145	0.229592	0.101695	0.208861	
0.381245	0.6	0.109916	0.179837	
0.494318	0.335821	0.0877026	0.194118	
0.271197	2.76316	0.230866	0.230769	
0.674942	0.221675	0.185422	0.257812	
0.283388	0.459184	0.17016	0.242647	
0.413302	0.27439	0.27132	1.12628	
0.350242	0.665025	0.158439	0.183333	
0.259547	0.853081	0.150409	0.161369	
0.191377	0.298013	0.0916944	0.26087	
0.255732	0.298013	0.139253	1.14783	
1.22881	0.276074	0.115336	0.199396	
0.300622	0.298013	0.143228	0.222973	
0.337471	0.555556	0.124436	0.483516	
0.340376	0.304054	0.103681	0.226027	
0.332061	0.241935	0.254613	0.375	
0.207637	0.330882	0.0924623	0.19186	
0.379581	0.36	0.0924933	0.519685	
0.243153	0.381356	0.117347	0.20625	
0.260635	0.841121	0.305141	0.503817	
0.2513	0.909091	0.212963	0.223729	
0.259392	1.21622	0.215121	0.22	
0.306554	0.326087	0.254613	0.192982	
0.460317	0.909091	0.118863	0.22	
0.278668	0.882353	0.157175	0.442953	
0.355102	0.241935	0.156285	0.225256	
0.34689	0.758427	0.0759285	0.19242	
0.638298	0.491803	0.105626	0.292035	
2.63238	1.2766	0.243386	0.244444	
0.37116	0.36	0.0911493	0.171875	
0.350242	0.314685	0.351704	0.283262	
0.343331	0.323741	0.107268	0.568966	
0.317982	0.260116	0.121265	0.34555	
0.233997	0.405405	0.142931	0.488889	
0.325843	0.251397	0.0872589	0.218543	
0.420696	0.240642	0.15376	0.203704	
0.50173	0.314685	0.13536	0.434211	
0.243697	0.283019	0.154969	0.509653	
1.0754	0.44335	0.0814159	1.12628	
0.238618	0.5625	0.111111	0.175532	
0.501152	0.314685	0.119584	0.222222	
0.193419	0.333333	0.141032	0.157518	
0.227987	0.424528	0.518797	0.381503	
0.25394	0.296053	0.0952381	0.156398	
0.368332	0.36	0.0950413	0.487085	
0.212818	0.269461	0.0925864	0.19186	
0.255732	0.454545	0.115918	0.269388	
0.2845	0.306122	0.194778	0.311321	
0.286561	0.219512	0.15115	1.40053	
0.807799	0.302013	0.131491	0.241758	
0.198178	0.424528	0.0879261	0.212219	
0.339578	0.248619	0.11685	0.490706	
0.291751	0.271084	0.317606	0.304147	
0.280826	0.354331	0.153163	0.226804	
0.270186	0.214286	0.123989	0.190202	
0.990888	0.348837	0.100145	0.229965	
0.423152	0.566038	0.0809859	0.258824	
0.317982	0.277778	0.329094	0.204334	
0.252028	0.351562	0.105869	0.197015	
0.389669	0.233161	0.0970805	0.336735	
0.230281	0.3	0.0945205	0.222973	
0.550633	0.326087	0.119844	0.48	
0.230647	1.18421	0.139043	0.536585	
0.339844	0.244565	0.0974921	0.25	
0.280284	0.263158	0.127896	0.228374	
0.361296	0.245902	0.0830825	0.205607	
0.333333	0.44335	0.11553	0.231579	
0.263636	0.39823	0.131931	0.498113	
0.328054	0.596026	0.129032	0.352	
0.345238	0.923077	0.10922	0.262948	
0.483871	0.789474	0.182419	0.222973	
0.274448	0.316901	0.141321	0.167513	
0.586253	0.710526	0.257583	0.289474	
0.312276	0.532544	0.41834	0.24	
0.408835	0.296053	0.201386	0.227586	
0.380911	0.335821	0.143675	0.595937	
0.219586	0.422535	0.0971147	0.241758	
0.426053	1.04167	0.117397	0.377143	
0.237965	0.238095	0.101807	0.193548	
0.462766	0.269461	0.0961003	0.177419	
0.315675	0.296053	0.114952	0.217105	
0.486577	0.304054	0.107226	0.289474	
0.404651	0.286624	0.129517	0.1875	
0.339578	0.697674	0.109611	0.1875	
0.454545	0.542169	0.656473	0.164589	
0.237575	0.695876	0.16819	0.272727	
0.329296	0.343511	0.154969	0.694737	
0.345512	0.692308	0.112104	0.211538	
0.314761	0.28481	0.228193	0.242647	
0.356557	0.302013	0.113627	0.270492	
0.234501	0.231959	0.101025	0.197605	
0.350806	0.254237	0.147436	0.212903	
0.340109	0.266272	0.129821	0.204969	
0.387701	0.3125	0.333199	0.557746	
0.305478	0.283019	0.126143	0.177898	
0.394379	1.74419	0.1169	0.269388	
0.447992	0.296053	0.166969	0.268293	
0.457413	1.27358	0.10372	0.254826	
0.293127	0.381356	0.253521	0.22449	
0.368957	0.381356	0.274627	0.217105	
0.305692	0.340909	0.136095	0.283262	
0.312052	0.205479	0.158895	0.37931	
0.28675	1.04167	0.15853	0.238267	
0.735418	0.298013	0.15	0.181319	
0.333333	0.439024	0.126722	0.185393	
0.413498	0.260116	0.121053	0.214984	
0.427308	0.491803	0.113347	0.88	
0.406542	1.38037	0.0987831	0.206897	
0.256033	0.288462	0.254495	0.206897	
0.331808	0.542169	0.112286	0.205607	
0.279743	0.314685	0.118151	0.286957	
0.280284	2.72727	0.514925	0.545455	
0.462274	0.957447	0.130558	0.25	
0.478548	0.909091	0.105223	0.197605	
0.231014	1.1157	0.2944	0.20625	
0.359207	0.604027	0.165269	0.278481	
0.333333	0.371901	0.0818748	0.278481	
0.456933	1.36364	0.293305	0.212219	
0.309829	0.310345	0.471526	0.252874	
0.340376	0.283019	0.126489	0.295964	
0.261104	0.257143	0.334275	0.222973	
0.269017	0.923077	0.123104	0.429967	
0.415076	0.319149	0.155756	0.179837	
0.304196	1.62651	0.0804899	0.181319	
0.30083	1.10294	0.489073	0.210863	
0.361596	0.39823	0.170476	0.173684	
0.415076	0.257143	0.275357	0.217822	
0.226681	0.351562	2.43785	0.223729	
0.381914	1.1157	0.147043	0.292035	
0.522837	0.254237	0.254691	0.245353	
0.236542	1.52542	0.154709	0.250951	
0.283203	0.473684	0.119481	0.164589	
0.288653	0.302013	0.0851852	0.266129	
0.233369	0.616438	0.140102	0.975369	
0.972429	0.671642	0.13576	0.247191	
0.340642	0.991189	0.103759	0.336735	
0.334358	0.36	0.106195	0.218543	
0.219033	0.714286	0.117148	0.197015	
0.247581	0.217391	0.163798	0.207547	
0.25072	0.75	0.125113	0.197015	
0.448454	1.74194	0.150573	0.284483	
0.285246	0.505618	0.124549	0.270492	
0.308949	0.371901	0.116407	0.819876	
0.319853	0.310345	0.151732	0.241758	
0.44938	1.81818	0.15963	0.225256	
0.217718	1.34615	0.131805	0.252874	
0.305049	0.354331	0.280345	0.242647	
0.304835	0.269461	0.133205	0.212219	
0.251882	0.277778	0.0857942	0.243542	
0.289614	0.330882	0.164286	0.202454	
0.240464	0.333333	0.123878	0.234043	
0.23539	1.45161	0.125284	0.270492	
0.305478	0.326087	0.108833	0.234043	
0.267692	1.23288	0.113955	0.189112	
0.305049	0.258621	0.179922	0.538043	
0.368644	0.789474	0.161498	0.22	
0.258929	0.25	0.545814	0.267206	
0.377932	0.381356	0.115048	0.326733	
0.301038	0.333333	0.147515	0.573913	
0.243561	1.08871	0.285862	0.231579	
0.237186	2.10938	0.156109	0.714801	
0.34306	0.697674	0.147673	0.161765	
0.31775	1.36364	0.107855	0.210863	
0.431548	0.243243	0.165072	0.280851	
2.07002	0.290323	0.298594	0.476534	
0.421512	0.272727	0.0984308	0.234875	
0.218373	0.330882	0.0998192	0.253846	
0.283757	0.254237	0.466479	0.525896	
0.736041	0.616438	0.151648	0.211538	
1.28067	0.368852	0.277946	0.441472	
0.232869	1.52174	0.148867	0.329177	
0.343602	0.326087	0.08832	0.188034	
0.483602	0.625	0.205255	0.175532	
0.278489	0.233161	0.143825	0.163772	
0.288845	0.333333	0.110356	0.72	
0.300622	0.277778	0.0857143	0.175066	
0.326822	1.69811	0.102374	0.247191	
0.238226	2.54717	0.100546	0.253846	
0.392954	0.375	0.159445	0.86087	
0.469762	0.209302	0.086385	0.223729	
0.283203	0.55102	0.142562	0.232394	
0.438066	1.97368	0.123435	0.280851	
0.34225	0.269461	0.110533	0.421725	
0.291165	0.302013	0.543842	0.547718	
0.301247	0.308219	0.190608	0.270492	
0.270859	2.54717	0.12976	0.233216	
0.466238	0.803571	0.122395	0.246269	
0.323661	0.254237	0.121532	0.273859	
0.373391	0.306122	0.14534	0.229167	
0.247581	1.00746	0.129093	0.180822	
0.319853	0.394737	0.14927	0.216393	
0.270354	0.526316	0.128372	0.351064	
0.44938	0.381356	0.1104	0.197605	
0.325599	1.2766	0.154018	0.189112	
0.402778	0.323741	0.174352	0.195266	
0.313627	0.882353	0.143825	0.276151	
0.304196	0.294118	0.140816	0.226027	
0.305478	0.505618	0.259074	0.230769	
0.239274	0.343511	0.168088	0.175066	
0.288462	0.338346	0.13314	0.411215	
0.401292	0.269461	0.158439	0.336735	
0.24618	0.424528	0.100218	0.212903	
0.287129	0.263158	0.124436	0.201835	
0.341981	0.882353	0.161972	0.217105	
0.338521	0.276074	0.110666	0.218543	
0.23126	0.714286	0.139253	0.176	
0.522837	0.405405	0.790831	0.195266	
0.263796	0.298013	0.153163	0.321168	
0.308949	0.725806	0.331731	0.230769	
0.199267	0.271084	0.124157	0.175066	
0.353946	0.292208	0.135493	0.19186	
0.438066	0.292208	0.127013	0.213592	
0.377604	0.247253	0.123159	0.231579	
0.298969	0.243243	0.126547	0.189655	
0.255582	0.952381	0.283222	0.216393	
0.346338	0.310345	0.162448	0.189112	
0.380079	0.27439	0.132184	0.170103	
0.202608	0.3125	0.134897	0.226027	
0.240331	0.473684	0.157534	0.532258	
0.321033	0.328467	0.144276	0.26087	
0.29	1.52174	0.168911	0.277311	
0.292142	0.375	0.2875	0.23741	
0.271197	0.471204	0.179629	0.22	
0.36802	0.348837	0.144578	0.154206	
0.223881	0.708661	0.129699	0.258824	
0.339314	0.514286	0.305141	0.210191	
0.339578	0.692308	0.0884049	0.348285	
0.375	0.3	0.123822	0.26506	
0.363712	0.271084	0.125398	0.371831	
0.271028	0.566038	0.107309	0.254826	
0.260948	0.3125	0.128852	0.250951	
0.298764	0.957447	0.124774	0.236559	
0.207439	1.81818	0.133721	0.24	
0.35832	0.731707	0.0986419	0.195266	
0.315217	0.853081	0.112653	0.19186	
0.251591	0.54878	0.126547	0.18232	
0.319853	0.391304	0.128791	0.234875	
0.225389	0.298013	0.106195	0.215686	
0.29	0.36	0.117297	0.229167	
0.279563	0.338346	0.141611	0.227586	
0.350242	0.348837	0.110932	0.229965	
0.22469	0.310345	0.0978376	0.241758	
0.258929	0.3125	0.448598	0.181319	
0.339049	0.304054	0.145493	0.280851	
0.214075	0.494505	0.0985011	0.206897	
0.265406	0.79646	0.121372	0.203704	
0.302083	0.304054	0.149837	0.450512	
0.23888	0.454545	0.0971147	0.251908	
0.297131	0.240642	0.109829	0.295964	
0.313853	0.319149	0.2878	0.221477	
0.399449	0.405405	0.101695	0.246269	
0.747851	0.348837	0.084507	0.26087	
0.428994	0.584416	0.151316	0.284483	
0.298764	1.01124	0.117297	0.178862	
0.214603	0.348837	0.134241	0.336735	
0.442974	1.15385	0.127189	0.220736	
0.471289	0.308219	0.0876469	0.233216	
0.280103	0.483871	0.164188	0.204334	
0.205966	0.668317	0.152234	0.238267	
0.348279	0.48913	0.139959	0.406154	
0.279923	0.306122	0.100145	0.235714	
0.536375	0.909091	0.168293	0.189655	
0.302714	0.36	0.119844	0.14966	
0.254833	0.28481	0.298863	0.864629	
0.313627	0.308219	0.096	0.466431	
0.466238	0.424528	0.834066	0.257812	
0.321746	0.328467	0.138207	0.189655	
0.20195	2.30114	0.117447	0.336735	
0.244795	1.19469	0.103062	0.256809	
0.231876	0.371901	0.271921	0.308411	
0.400184	0.394737	0.127601	0.160194	
0.408835	0.323741	0.258669	0.20122	
0.385297	0.251397	0.106236	0.241758	
0.255132	0.279503	0.142931	0.223729	
0.255882	0.343511	0.295503	0.159806	
0.302293	2.34783	0.147594	0.167089	
0.328054	0.351562	0.144654	0.203077	
0.405784	0.308219	0.0844295	0.15566	
0.292339	0.236842	0.0977337	0.485294	
0.205286	0.279503	0.167222	0.253846	
0.441176	1.07784	0.239896	0.229965	
0.418269	0.409091	0.123269	0.521739	
0.355102	0.661765	0.128492	0.186969	
0.331808	0.661765	0.119274	0.218543	
0.279743	0.354331	0.138	0.251908	
0.246599	0.36	0.0895232	0.19469	
0.299381	1.10429	0.127778	0.25	
0.290581	0.346154	0.151565	0.222222	
0.20734	0.294118	0.0837633	0.311321	
0.399449	0.957447	0.104903	0.235714	
0.206749	5	0.140888	0.210863	
0.352798	0.335821	0.132884	0.176944	
0.309388	0.3125	0.132184	0.23741	
0.187581	0.304054	1.00303	0.236559	
0.37307	0.28481	0.130435	0.190751	
0.264277	0.424528	0.111515	0.238267	
0.268519	0.271084	0.115869	0.203704	
0.568627	0.75	0.107351	0.251908	
0.237705	0.514286	0.112013	0.195846	
0.271705	0.365854	0.0776371	0.278481	
0.514793	0.326087	0.15	0.219269	
0.233745	0.298013	0.162257	0.653465	
0.37116	0.36	0.104585	0.233216	
0.307203	0.283019	0.158621	0.857143	
0.381579	0.321429	0.256148	0.26087	
0.392245	0.36	0.142341	0.277311	
0.535055	0.241935	0.0995671	0.295964	
0.434132	0.375	0.104151	0.200608	
0.292535	0.357143	0.112241	0.366667	
0.36802	1.06635	0.108405	0.204969	
0.291165	0.81448	0.117397	0.521739	
0.304835	0.957447	0.171429	0.324324	
0.253792	0.789474	0.11974	0.231579	
0.324627	0.47619	0.118863	0.212219	
0.366162	0.473684	0.128912	0.276151	
0.305049	0.668317	0.275724	0.853448	
0.279923	0.338346	0.142783	0.178378	
0.353946	0.371901	0.195398	0.269388	
0.316824	0.459184	0.125626	0.255814	
0.341444	0.354331	0.101545	0.428571	
0.293522	0.277778	0.161972	0.197015	
0.212922	0.391304	0.125512	0.195846	
0.183467	0.381356	0.0939415	0.229167	
0.305478	0.340909	0.169377	0.284483	
0.248005	0.240642	0.106523	0.39759	
0.33105	0.466321	0.156997	0.311321	
0.444785	0.381356	0.111201	0.307692	
0.334101	1.23288	0.0840694	0.226027	
0.236028	0.72	0.144503	0.20122	
0.218593	0.28125	0.149512	0.236559	
0.226681	0.304054	0.100109	0.206897	
0.292142	0.314685	0.114618	0.22	
0.255132	0.375	0.134766	0.275	
0.294317	0.260116	0.126085	0.164589	
0.273585	0.348837	0.101958	0.188034	
0.298149	0.306122	0.212635	0.286957	
0.474373	0.247253	0.534884	0.196429	
0.168344	0.454545	0.173694	0.226027	
0.36647	0.236842	0.776371	0.220736	
0.209235	0.576923	0.146575	0.192982	
0.245347	0.264706	0.128074	0.416404	
0.284221	0.671642	0.220712	0.321951	
0.213026	0.882353	0.106399	0.169666	
0.358025	0.625	0.0966048	0.230769	
0.890481	0.703125	0.133462	0.176471	
0.399083	0.283019	0.155318	0.166247	
0.32855	0.272727	0.0916639	0.197015	
0.344146	0.252809	0.115192	0.302752	
0.350524	0.314685	0.143154	0.191304	
0.303983	0.394737	0.376535	0.252874	
0.374033	0.351562	0.12483	0.245353	
0.332823	0.692308	0.238034	0.325926	
0.359504	0.833333	0.124549	0.205607	
0.46875	0.279503	0.133527	0.232394	
0.358911	0.230769	0.155581	0.238267	
0.321033	0.576923	0.158986	0.20122	
0.303771	0.286624	0.423313	0.220736	
0.285996	0.308219	0.0993878	0.270492	
0.245902	0.308219	0.145493	0.253846	
0.241801	0.257143	0.162928	0.23741	
0.287889	0.463918	0.109177	0.256809	
0.546482	0.328467	0.111066	0.214984	
0.333845	0.310345	0.133269	0.264	
0.294118	0.375	0.127483	0.235714	
0.245902	0.229592	0.126838	0.210863	
0.294915	0.461538	0.112195	0.783383	
0.257244	0.294118	0.115385	0.178378	
0.322222	0.227273	0.112515	0.226027	
0.261575	0.304054	0.124268	0.25	
0.225857	0.3	0.0966387	0.556962	
0.326822	0.368852	0.117647	0.167939	
0.319618	0.288462	0.541601	0.225256	
0.286939	0.375	0.0865475	0.82243	
0.224111	0.638298	0.170265	0.172775	
0.268187	0.28125	0.175684	0.168798	
1.1967	0.319149	0.106358	0.211538	
0.187419	0.357143	0.102071	0.308411	
0.193419	0.27439	0.2875	0.336735	
0.331808	0.223881	0.122558	0.24	
0.34996	0.36	0.0926485	0.174603	
0.249713	0.28481	0.154276	0.280851	
0.427729	0.463918	0.124045	0.561702	
0.602076	0.308219	0.290986	0.483516	
0.425636	0.351562	0.386916	0.20625	
0.335389	0.414747	0.14791	0.259843	
0.319383	0.319149	0.0980114	0.421725	
0.419884	0.3	0.115869	0.390533	
0.260167	0.72	0.103837	0.559322	
0.48441	0.271084	0.110932	0.234875	
0.238356	0.947368	0.0897269	0.208202	
0.36647	0.909091	0.138	0.216393	
0.373711	0.286624	0.27683	0.238267	
0.482262	1.8	0.6339	0.177898	
0.253349	0.241935	0.169325	0.528	
0.310936	0.62212	0.11156	0.214984	
0.38326	0.240642	0.300654	0.199396	
0.220812	0.264706	0.107268	0.196429	
0.255732	0.354331	0.101284	0.597285	
0.460805	0.473684	0.111786	0.210191	
0.241667	0.294118	0.089873	0.564103	
0.236542	0.288462	0.118966	0.382609	
0.282835	0.807175	0.0938776	0.177419	
0.374355	0.424528	0.189171	0.184358	
0.449845	0.254237	0.126374	0.204969	
0.292142	0.849057	0.12234	0.227586	
0.304196	0.354331	0.133462	0.55814	
0.147859	0.235602	0.121053	0.214984	
0.446612	0.298013	0.0835857	0.267206	
0.310936	0.46875	0.529547	0.210863	
0.159049	0.304054	0.265768	0.391691	
0.552732	1.06635	0.316393	0.23741	
0.249856	0.235602	0.105828	0.55	
0.417466	0.316901	0.329356	0.212903	
0.430267	0.234375	0.117747	0.204969	
0.303347	0.957447	0.118608	0.166247	
0.499426	0.258621	0.151648	0.215686	
0.313627	0.737705	0.109829	0.167513	
0.228947	0.633803	0.807608	0.215686	
0.38598	0.371901	0.0904621	0.234043	
0.457895	0.338346	0.153333	0.144737	
0.242475	0.483871	0.577751	0.217105	
0.472826	0.588235	0.163121	0.196429	
0.255432	1.30705	0.0915119	0.178378	
0.29372	0.319149	0.100693	1.22222	
0.272727	1.81818	0.0910891	0.204334	
0.716639	0.217391	0.186486	0.210863	
0.466738	0.314685	0.138973	0.219269	
0.273757	1.22093	0.328181	0.217105	
0.277247	0.248619	0.130868	0.185915	
0.281008	1.36364	0.237522	0.421725	
0.252028	0.636792	0.080326	0.154567	
0.229189	0.216346	0.127601	0.15566	
0.236028	1.05469	0.0822163	0.910345	
0.329047	0.28481	0.1	0.204969	
1.04067	0.258621	0.146109	0.198198	
0.255882	0.882353	0.10177	0.236559	
0.154749	1.81818	0.183267	0.165414	
0.274795	0.264706	0.485773	0.204334	
0.420696	1.38462	0.474771	0.307692	
0.348279	0.288462	0.0877305	0.246269	
0.346062	0.39823	0.169014	0.455172	
0.225155	0.314685	0.10948	0.828452	
0.282651	0.348837	0.100656	0.1375	
0.360398	1.99115	0.0935276	0.273859	
0.313175	0.789474	0.120366	0.226804	
0.247722	0.306122	0.15917	0.251908	
0.273413	0.994475	0.2786	0.208202	
0.818952	0.72973	0.237931	0.208202	
0.331555	0.381356	0.105143	0.4	
0.425636	0.239362	0.251366	0.404908	
0.84507	0.330882	1.68471	0.235714	
0.263636	0.912162	0.164776	0.203704	
0.3227	0.328467	0.124436	0.216393	
0.25	0.238095	0.19294	0.458333	
0.295316	0.375	0.163701	0.24	
1.78767	0.260116	0.160558	0.545455	
0.334873	0.381356	0.116358	0.217105	
0.368644	0.454545	0.0875079	0.182825	
0.238618	0.323741	0.107101	0.222973	
0.3625	0.909091	0.10879	0.177419	
0.229068	0.319149	0.0946827	0.206897	
0.204802	0.818182	0.103448	0.198795	
0.295717	0.79646	0.106523	0.280851	
0.206553	0.330882	0.107268	0.488889	
0.459831	0.258621	0.191534	0.228374	
0.267199	0.326087	0.158712	0.22	
0.344146	0.39823	0.208302	0.244444	
0.280826	1.42857	0.128193	0.675768	
0.352798	0.371901	0.124661	0.152425	
0.443425	0.304054	0.117547	0.673469	
0.944831	0.248619	0.122449	0.211538	
0.286561	0.39823	0.110843	0.220736	
0.232248	0.335821	0.117297	0.190202	
0.523466	0.661765	0.128972	0.195846	
0.236413	0.3	0.351592	0.568966	
0.392954	0.882353	0.0872589	0.220736	
0.37307	0.762712	0.172285	0.308411	
0.329047	1.2766	0.141321	0.160584	
0.591033	0.28125	0.113861	0.250951	
0.306338	0.279503	0.103916	0.204334	
0.272045	0.368852	0.102947	0.176471	
0.267035	0.323741	0.146032	0.466431	
0.975883	0.508475	0.105626	0.222222	
0.268353	0.857143	0.0844553	0.251908	
0.37695	0.229592	0.25391	0.272727	
0.384276	0.283019	0.1	0.20625	
0.332823	0.923077	0.107981	0.179348	
0.267528	0.292208	0.138763	0.255814	
0.36478	0.238095	0.10162	0.212219	
0.276542	0.335821	0.107435	0.202454	
0.870871	0.267857	0.169951	0.209524	
0.467742	0.424528	0.0993521	0.752137	
0.318915	0.243243	0.14096	0.247191	
0.265082	0.271084	0.11215	0.210863	
0.387701	0.810811	0.305874	0.195266	
0.596299	0.6	0.148228	0.298643	
0.387701	0.36	0.10192	0.278481	
0.192393	0.335821	0.115966	0.23741	
0.198903	0.304054	0.124045	0.222973	
0.254237	0.671642	0.11805	0.163772	
0.363409	0.346154	0.623377	0.171875	
0.296928	0.394737	0.0920921	0.254826	
0.325355	0.286624	0.14053	0.225256	
0.450311	0.47619	0.10677	0.219269	
0.246739	0.245902	0.259155	0.208202	
0.201017	0.346154	0.135961	0.266129	
0.216095	0.505618	0.108533	0.219269	
0.479603	0.849057	0.101025	0.24	
0.492639	0.252809	0.116407	0.183333	
0.444785	0.234375	0.0920614	0.540984	
0.343602	1.56371	0.114523	0.30137	
0.478022	0.365854	0.0854489	0.188034	
0.15847	0.276074	0.310112	0.194118	
0.303559	0.212264	0.894942	0.234043	
0.252028	0.903614	0.196862	0.198198	
0.254237	0.348837	0.139113	0.235714	
0.271028	0.36	0.350476	0.231579	
0.196123	0.308219	0.187947	0.204969	
0.295918	0.330882	0.134766	0.175532	
0.276366	0.869565	0.117148	0.202454	
0.23667	0.638298	0.166566	0.546961	
0.454229	0.326087	0.122558	0.240876	
0.240597	0.333333	0.0927108	0.289474	
0.338785	0.39823	0.186992	0.2	
0.658094	0.333333	0.165468	0.23741	
0.323661	1.10656	0.105747	0.452055	
0.243697	1.21622	0.127189	1.25714	
0.515403	0.326087	0.254613	1.5	
0.517857	0.566038	0.135961	0.197605	
0.300414	1.23288	0.0857676	0.240876	
0.221939	0.365854	0.117597	0.184874	
0.398352	0.258621	0.0951724	0.280851	
0.321508	0.263158	0.137793	0.413793	
0.352227	0.538922	0.329356	0.351064	
0.308292	2.9717	0.402724	0.226027	
0.299793	0.436893	0.088632	0.159806	
0.297131	0.269461	0.139535	0.37931	
0.135345	0.328467	0.181579	0.218543	
0.193247	0.221675	0.0806782	0.157143	
0.446612	0.254237	0.0875635	0.214286	
0.375648	0.4	0.13062	0.244444	
0.435	0.316901	0.239272	0.19186	
0.4039	0.335821	0.1814	0.174142	
0.375	0.39823	0.10162	0.438538	
0.436309	0.255682	0.123822	0.365651	
0.282835	0.298013	0.136296	0.206897	
1.53892	0.316901	0.123656	0.205607	
0.379581	0.346154	0.188396	0.217105	
0.210348	0.338346	0.174023	0.167089	
0.647643	0.354331	0.120104	0.244444	
0.321746	0.483871	0.0950086	0.197605	
0.390135	1.10294	0.415454	0.354839	
0.212195	1.32353	0.527725	0.196429	
0.441624	1.00746	0.169014	0.205607	
0.228466	0.375	0.117697	0.205607	
0.364322	0.636792	0.24698	1.0102	
0.793313	0.263158	0.153589	0.219269	
0.234754	0.375	0.127778	0.204334	
0.386323	0.371901	0.162162	0.233216	
0.283203	0.656934	0.131931	0.175066	
0.416268	0.348837	0.156285	0.392857	
0.278133	0.514286	0.156374	0.332494	
0.195594	0.505618	0.124436	0.201835	
0.255432	0.532544	0.191202	0.221477	
0.411542	0.381356	0.125455	0.321951	
0.629978	0.335821	0.106032	0.806517	
0.399449	0.517241	0.113674	1.86792	
0.373711	0.252809	0.11524	0.192982	
0.372432	1.02273	0.119948	0.280851	
0.282101	0.658537	0.10051	0.377143	
0.197279	0.330882	0.143079	0.153846	
0.223535	0.319149	0.104506	0.22449	
0.367399	0.454545	0.156109	0.184358	
0.197907	0.697674	0.172716	0.236559	
0.377277	0.39823	0.0781206	0.22449	
0.494318	1.13636	0.0898145	0.456747	
3.07692	0.538922	0.146186	0.171875	
0.493197	0.629371	0.154018	0.214286	
0.215347	0.381356	0.132565	0.286957	
0.326087	0.605381	0.519122	0.251908	
0.238226	0.335821	0.146887	0.373938	
0.274968	0.403587	0.121801	0.277311	
0.255432	0.252809	0.131429	0.269388	
0.324385	0.319149	0.123159	0.250951	
0.280464	0.326087	0.11805	0.174603	
0.348558	0.89404	1.80392	0.238267	
0.208733	0.47619	0.104466	0.211538	
0.310493	0.244565	0.12438	0.225256	
0.393665	0.983607	0.105263	0.208202	
0.341444	0.316901	0.128432	0.178862	
0.222165	0.276074	0.127189	0.195266	
0.241935	0.588235	0.118303	0.438053	
0.923959	0.267857	0.13062	0.195846	
0.187581	0.321429	0.277946	0.242647	
0.272898	1.22951	0.921536	0.188034	
0.509368	0.54878	0.155231	0.278481	
0.291946	0.346154	2.18354	0.258824	
0.387701	0.354331	0.487633	0.382609	
0.352798	0.454545	0.125512	0.231579	
0.37307	0.535714	0.136837	0.222973	
0.211576	0.647482	0.112883	0.611111	
0.314306	0.39823	0.130435	0.578947	
0.1971	0.5625	0.153078	0.172324	
0.271366	1.16129	0.109742	0.267206	
0.2845	0.909091	0.153163	0.203077	
0.192393	0.306122	0.156374	0.20625	
0.254982	0.762712	0.186486	0.311321	
0.382923	0.215311	0.202792	0.206897	
0.268187	0.257143	0.108619	0.186441	
0.178352	0.264706	0.0958666	0.392857	
0.328054	0.340909	0.173585	0.184874	
0.30742	0.238095	0.117597	0.236559	
0.274102	0.891089	0.100546	0.186441	
0.243017	0.254237	0.140673	0.206897	
0.280826	0.296053	0.184492	0.252874	
0.338258	0.375	0.098081	0.245353	
0.314761	0.316901	0.276	0.174603	
0.48495	0.656934	0.116407	0.272727	
0.292535	0.277778	0.110444	0.498113	
0.232248	0.592105	0.120104	0.255814	
0.426889	1.97368	0.146341	0.308411	
0.234754	0.441176	0.710526	0.382609	
0.319149	0.330882	0.154622	0.14966	
0.317982	0.454545	0.114618	0.280851	
0.505814	0.725806	0.235595	0.198795	
2.21093	0.351562	0.11147	0.19186	
0.294118	0.62069	0.114097	0.312796	
