ZengE[0]	ZengE[1]	ZengE[2]	ZengE[3]	
-0.226549	-0.962659	-2.35055	-1.36561	
0.945582	1.6378	-2.17854	-0.281024	
-2.13375	-1.15529	0.0574965	-1.13727	
-1.33908	-2.0221	-1.65025	0.289809	
-2.25295	0.385726	-1.07281	-1.59394	
-0.00801628	-0.38478	-1.31853	-0.680607	
0.0913169	-1.63685	-0.937665	0.0614761	
-1.93508	0.000472852	-1.67482	0.403976	
-2.09401	-1.54054	-2.32598	-0.56644	
-0.186816	-1.44423	-2.09254	-1.19436	
-1.73641	-1.44423	-1.93283	-0.56644	
0.42905	-0.770033	-1.36767	-0.851856	
-1.27948	0.000472852	-1.9574	-0.851856	
-1.06095	-0.866346	-1.06052	2.51606	
-0.862282	-0.192154	-1.89597	-1.70811	
-0.445082	-1.44423	-1.23253	-1.19436	
-0.524549	-0.67372	-1.89597	-1.30852	
-1.99468	-2.21473	-1.24481	-0.39519	
-0.961615	-0.770033	-0.544515	-1.42269	
-1.35895	-2.31104	-0.298796	-0.509357	
-1.18015	-0.67372	-0.605944	0.232726	
-0.365616	2.02305	-1.79768	-1.42269	
-1.69668	-0.770033	-1.18338	-1.65102	
-1.77615	-1.34791	-2.01883	-0.966023	
-2.09401	-0.577406	-1.93283	-0.109774	
-2.01455	-0.577406	-2.10483	-1.65102	
-1.33908	0.867292	-1.57653	-0.166857	
-0.921882	0.289413	-1.1711	0.0614761	
-2.35228	-0.67372	-1.4291	-0.452273	
-2.23308	0.674665	-0.67966	-0.73769	
-0.365616	0.193099	-1.18338	0.118559	
-1.77615	-2.0221	-1.69939	-0.966023	
-0.902015	2.11936	-1.24481	-0.452273	
-1.16028	-0.962659	-0.372511	-0.90894	
-1.73641	0.482039	-1.3431	-1.47977	
-0.464949	1.44517	-1.76082	-0.452273	
-0.842415	-1.73317	-1.12195	-1.70811	
-1.89535	-2.21473	-1.96968	-1.36561	
-1.39868	-0.67372	-2.11712	-1.65102	
-0.961615	0.385726	-1.53968	-0.39519	
-2.23308	-1.63685	-2.1294	-2.45019	
-1.87548	0.193099	-1.45367	-1.59394	
-1.71655	-0.67372	0.155784	-1.08019	
-1.37881	0.578352	-1.55196	-0.22394	
-1.10068	-1.2516	-1.30624	0.632309	
-1.85561	-0.38478	-1.76082	-1.59394	
-0.504682	-1.54054	-1.80997	-0.39519	
-1.85561	2.02305	-0.839377	-1.76519	
-1.53775	1.44517	-1.44139	-0.966023	
-2.07415	0.000472852	-1.89597	-0.338107	
-1.53775	-0.770033	-1.37996	-1.19436	
-2.09401	0.000472852	-2.19083	-1.30852	
-0.683482	-2.11842	-0.949951	1.31731	
-1.61721	0.385726	-1.78539	1.43147	
-1.16028	0.0967861	-1.33081	-1.25144	
-1.59735	-0.866346	-0.458513	-0.56644	
-1.69668	0.674665	-1.80997	-1.42269	
-2.19335	-1.05897	-0.360226	-1.19436	
-2.21321	-1.54054	-1.65025	0.175643	
-1.10068	-1.54054	-0.507657	-1.99352	
-1.12055	0.482039	-1.8714	-1.02311	
-1.29935	0.770979	-2.11712	-0.56644	
-0.286149	2.11936	-1.72396	-1.87936	
-2.03441	-1.2516	-2.2154	-0.966023	
-0.862282	1.15623	-1.4291	-0.73769	
-1.55761	0.385726	-0.495371	-2.22186	
-1.51788	-1.73317	-1.12195	-1.08019	
-0.246416	0.193099	-1.93283	0.575226	
-0.306016	-0.962659	-1.82225	-1.08019	
0.647583	-1.82948	-2.10483	-1.87936	
-1.61721	-1.34791	-1.01138	-1.47977	
-0.544416	0.867292	-2.14169	-1.65102	
-2.07415	-1.63685	-1.12195	-0.966023	
-1.08081	1.25254	-1.50282	-0.39519	
-1.67681	0.867292	-1.60111	-1.25144	
-0.882148	-0.288467	-1.3431	-0.338107	
-1.89535	-0.770033	-1.71168	0.974809	
-0.365616	0.674665	-0.519943	-1.36561	
-0.902015	0.674665	-1.30624	-2.05061	
-1.55761	-0.192154	-0.34794	0.689392	
-1.12055	-1.2516	-2.1294	-1.42269	
-0.663615	-1.92579	-1.36767	-0.623523	
-1.39868	1.73411	-1.24481	-1.47977	
-1.10068	-1.34791	-0.777948	0.403976	
-1.87548	-0.962659	-1.10967	-0.39519	
-0.822549	-1.05897	-0.925379	-1.53686	
-0.902015	-1.73317	-1.80997	-1.42269	
-1.06095	-0.67372	-1.28167	-1.70811	
-0.941748	0.578352	-1.58882	0.346893	
-1.87548	0.193099	-1.36767	-0.73769	
-0.743082	-0.288467	-1.65025	0.0614761	
-1.47815	-0.192154	-1.8714	-0.623523	
-1.73641	-1.05897	-1.56425	-1.30852	
-1.43841	-0.962659	-1.82225	-1.36561	
-1.77615	0.289413	-1.56425	0.403976	
-1.02121	0.289413	-1.24481	-1.76519	
-0.762949	0.289413	-1.98197	-0.623523	
-0.306016	-1.63685	-1.68711	-1.53686	
-1.99468	-1.05897	-1.82225	-1.65102	
-1.18015	0.770979	-1.80997	-2.39311	
0.389317	-1.2516	-1.89597	-0.794773	
-1.29935	-1.44423	-1.23253	0.232726	
-1.79601	-0.192154	-0.986809	-1.13727	
-1.29935	-0.288467	-1.69939	-1.36561	
-2.15361	-1.44423	-1.56425	-0.281024	
-2.05428	-0.770033	-0.925379	-1.99352	
-2.35228	-1.15529	-1.55196	-0.0526904	
-1.91521	-1.92579	-1.69939	-1.65102	
-1.85561	-1.34791	-1.74854	0.289809	
-1.29935	-0.866346	-1.41682	0.0614761	
-1.21988	0.674665	-1.92054	-0.851856	
-1.73641	-1.92579	-1.06052	-0.966023	
-1.69668	0.482039	-1.4291	-1.70811	
0.925716	-0.67372	-2.60855	0.346893	
-1.20001	-1.15529	-0.642802	-0.680607	
-2.25295	-0.962659	-1.92054	-0.281024	
-0.0278829	-1.15529	-1.37996	-1.13727	
-1.75628	-0.288467	-0.458513	0.118559	
-1.95495	0.193099	-1.45367	-0.452273	
-2.23308	-0.962659	-0.716518	-1.65102	
-1.67681	-2.11842	-1.80997	-1.59394	
-2.05428	-0.770033	-1.24481	0.232726	
-0.981482	0.000472852	-1.29396	-1.42269	
-1.97481	-1.92579	-1.50282	-1.25144	
-0.365616	-1.54054	-1.60111	-1.47977	
-1.16028	-0.962659	-2.00654	-0.851856	
-1.25961	-0.288467	0.0820683	-1.42269	
0.0515836	-0.577406	-0.888521	1.08898	
-2.13375	-0.67372	0.217214	-0.680607	
-1.35895	-0.481093	-1.14653	-1.02311	
-1.12055	-0.962659	-1.28167	-0.966023	
-0.961615	-1.05897	-2.16626	-1.02311	
-1.35895	-0.288467	-2.16626	-0.966023	
-0.0477496	-1.92579	-2.14169	0.118559	
-1.06095	-1.63685	-1.80997	-0.509357	
-1.49801	-1.73317	-1.31853	-0.452273	
-1.08081	-1.05897	-1.23253	-0.452273	
-2.07415	-1.54054	-1.84682	-0.794773	
-1.35895	-0.67372	-1.61339	-0.452273	
-1.27948	-1.63685	-2.01883	0.632309	
-1.59735	-2.11842	-0.765662	-0.90894	
-1.99468	-1.15529	-1.29396	-1.47977	
-1.23975	-0.481093	-0.237366	-0.452273	
-0.782815	-1.82948	-0.974523	-1.65102	
-1.67681	-0.481093	-1.76082	-0.966023	
-1.47815	-0.192154	-1.28167	-0.794773	
-2.21321	-0.577406	-1.60111	-0.109774	
-1.95495	-1.54054	-2.00654	-0.56644	
-1.04108	0.289413	-2.44884	-0.623523	
-1.43841	-2.11842	-0.962237	-0.90894	
-1.89535	-2.31104	-1.56425	-0.22394	
0.0714503	-1.73317	-1.23253	-1.87936	
-1.67681	-0.481093	-1.40453	-1.42269	
-0.723215	-1.15529	-0.74109	-0.73769	
-0.822549	-0.481093	-0.323368	-1.65102	
-1.69668	-0.0958404	-0.827091	-1.76519	
-1.25961	-1.44423	-0.458513	1.03189	
-0.822549	-1.05897	-1.41682	-0.680607	
-1.53775	-1.54054	-1.31853	0.00439286	
-1.00135	-0.866346	-1.3431	-0.851856	
-0.683482	-1.34791	-2.3014	-1.65102	
-2.19335	-1.15529	-1.82225	-1.70811	
-2.41188	-0.481093	-1.92054	-1.13727	
-1.93508	-1.34791	-2.2154	-0.452273	
-0.902015	-0.192154	-1.78539	-1.36561	
-0.842415	-1.54054	-1.69939	-0.623523	
-0.544416	-1.54054	-1.8714	-0.56644	
-0.782815	-0.577406	-1.14653	-0.73769	
-1.79601	0.193099	-0.863949	-0.0526904	
-1.53775	-0.67372	-0.0899348	-1.59394	
-0.882148	-1.2516	-0.863949	-1.30852	
-2.35228	-1.15529	-1.1711	-0.90894	
-0.623882	-0.962659	-1.85911	-1.13727	
-1.53775	0.770979	-1.90825	-0.73769	
-2.29268	0.289413	-1.84682	-0.56644	
-1.27948	0.0967861	-1.5151	-1.30852	
-1.63708	-0.67372	-1.36767	-2.05061	
-1.39868	-0.962659	-2.11712	-0.0526904	
-1.93508	-1.54054	-0.556801	0.175643	
-1.55761	-0.962659	-1.90825	-0.22394	
-1.35895	-0.577406	-1.30624	-2.39311	
-1.35895	0.000472852	-1.93283	-1.70811	
-2.09401	-1.92579	-1.90825	-0.851856	
-1.67681	-0.481093	-2.42426	-1.70811	
-1.33908	-0.288467	-2.60855	-0.39519	
-1.49801	-1.44423	-2.25226	-0.966023	
-1.69668	0.0967861	-1.78539	-0.452273	
-2.09401	-0.962659	-2.10483	-2.27894	
-1.06095	0.963605	-1.44139	-0.338107	
-1.41855	0.385726	-2.46112	0.689392	
-1.95495	0.482039	-0.642802	-0.623523	
-1.81588	-0.192154	-1.93283	-0.794773	
-1.79601	-1.2516	-1.74854	0.860642	
-1.93508	-1.54054	-2.48569	-1.25144	
-1.81588	-0.577406	-1.61339	-1.93644	
-1.16028	0.770979	-2.38741	-0.509357	
-1.08081	-0.962659	-1.69939	-0.623523	
-1.39868	-1.73317	-1.46596	-1.65102	
-0.286149	0.000472852	-1.66254	-0.56644	
-0.266283	-1.15529	-0.200508	-0.56644	
-0.345749	-1.2516	-2.08026	-1.82227	
0.19065	-1.73317	-0.765662	-1.02311	
-1.23975	-0.962659	-1.66254	-1.76519	
-1.16028	-1.63685	-2.08026	-1.02311	
-1.29935	0.385726	-1.31853	-0.680607	
-1.12055	-0.962659	-1.74854	0.632309	
-1.57748	-1.05897	-0.630516	-1.36561	
-1.37881	-0.866346	-1.55196	-1.53686	
-1.93508	-2.0221	-1.40453	-1.47977	
-1.87548	0.578352	-0.691946	0.0614761	
-1.00135	0.482039	-1.1711	-0.73769	
-1.79601	-0.67372	-1.23253	-1.42269	
-1.97481	-1.2516	-1.09738	-1.36561	
-0.921882	-1.82948	-1.89597	0.346893	
-1.00135	-1.63685	-1.55196	-1.30852	
-1.51788	-1.54054	-1.72396	-0.794773	
-1.99468	-0.192154	-0.212794	-1.19436	
-1.75628	0.289413	-1.61339	0.118559	
-2.29268	-0.288467	-1.45367	-1.76519	
-0.385482	-0.866346	-1.61339	-1.02311	
-1.41855	-0.866346	-1.74854	-0.22394	
-1.77615	-1.05897	-1.14653	-1.87936	
-2.25295	-0.288467	-0.605944	0.917725	
-0.723215	-1.92579	-1.46596	-2.33602	
-1.49801	1.25254	-1.62568	-0.56644	
-1.91521	-0.288467	-2.54712	-1.13727	
-1.18015	1.34886	-1.88368	-1.13727	
-0.425216	0.193099	-0.753376	-1.59394	
-0.385482	-0.67372	-0.974523	-0.452273	
-0.743082	-0.866346	-1.52739	-0.109774	
-1.35895	-0.577406	-1.06052	-0.73769	
-1.67681	0.0967861	-1.09738	0.632309	
-1.16028	-1.15529	-1.82225	-0.509357	
-0.743082	-1.05897	-2.39969	-0.966023	
-1.63708	-1.44423	-1.98197	-0.623523	
-1.77615	-0.38478	-1.53968	-0.509357	
-1.33908	-1.54054	-1.49053	-1.02311	
-1.47815	-0.192154	-1.76082	-1.59394	
-1.99468	-0.0958404	-0.839377	-0.39519	
-2.05428	0.867292	-1.60111	-1.25144	
0.389317	-1.15529	-1.33081	-0.90894	
-1.16028	-2.11842	-1.06052	-1.76519	
-1.55761	-1.15529	-1.89597	-2.16477	
-0.842415	-1.92579	-1.61339	0.118559	
0.528383	0.000472852	-1.62568	-0.794773	
-1.81588	0.963605	-1.39224	-0.794773	
0.111184	-1.82948	-2.62084	-1.13727	
-1.55761	-0.288467	-1.90825	0.118559	
-0.464949	-1.05897	-1.67482	0.461059	
0.25025	0.0967861	-1.99426	-1.65102	
-1.95495	0.578352	-2.42426	0.232726	
-0.425216	-1.2516	-1.41682	-1.13727	
0.746916	-0.866346	-1.39224	-0.90894	
-1.04108	-0.481093	-2.25226	0.00439286	
-0.246416	-1.44423	-0.839377	-2.16477	
-1.27948	-2.31104	-0.913093	-1.93644	
-1.81588	0.578352	-1.04824	-1.25144	
-1.89535	-1.34791	-1.78539	0.0614761	
-0.246416	-0.67372	-1.45367	-1.08019	
-0.782815	0.578352	-1.65025	0.00439286	
-1.29935	-0.38478	-0.139079	-1.25144	
-1.06095	-0.577406	-1.98197	-0.166857	
-1.06095	-2.31104	-1.57653	-1.13727	
-0.902015	-1.54054	-2.10483	-1.36561	
-1.65695	-1.34791	-0.999094	-0.73769	
-1.81588	-0.38478	-1.20796	-1.13727	
-0.325883	0.674665	-1.49053	-0.623523	
-1.79601	-1.15529	-2.09254	-0.56644	
-2.17348	-0.770033	-1.09738	-0.452273	
0.0515836	-0.481093	-2.37512	-1.30852	
-2.01455	-1.44423	-2.52255	-1.36561	
-0.683482	-0.38478	-1.82225	0.346893	
-1.23975	-0.67372	-1.55196	-1.53686	
0.30985	-1.63685	-1.03595	-0.851856	
-0.484816	0.867292	-1.4291	-1.02311	
-0.445082	-0.770033	-0.605944	0.803559	
-1.49801	-0.481093	-0.519943	-0.509357	
-1.87548	-0.481093	-0.495371	-1.59394	
-1.73641	0.482039	0.0943543	-1.70811	
-1.75628	-1.82948	-1.14653	-1.36561	
-1.25961	-0.288467	-0.139079	0.518142	
-2.15361	-0.770033	-2.23997	-1.30852	
-0.107349	-1.15529	-1.13424	-1.82227	
-1.16028	-0.192154	-1.29396	-1.53686	
-2.21321	-0.38478	-0.716518	0.632309	
-0.524549	-0.67372	-0.212794	-1.47977	
-1.41855	0.0967861	-1.88368	-0.966023	
-1.61721	-0.288467	-2.48569	-1.36561	
-0.186816	-1.44423	-1.33081	-0.56644	
-2.35228	-0.38478	-2.55941	-1.30852	
-0.365616	-0.866346	-0.704232	-1.08019	
-1.51788	-0.770033	-1.53968	-1.25144	
0.42905	-0.962659	-1.18338	-1.59394	
-1.37881	-1.15529	-1.62568	-1.02311	
-1.10068	-0.866346	-0.298796	-0.90894	
-1.37881	-1.05897	-1.56425	-1.93644	
-1.43841	-0.962659	-0.728804	-1.53686	
-0.782815	-0.38478	-1.56425	-0.794773	
0.766783	-1.05897	-1.07281	-0.281024	
-1.93508	-1.92579	-1.76082	-1.82227	
-1.71655	0.578352	-1.98197	-2.33602	
-0.782815	-1.54054	-0.863949	-0.623523	
-1.14041	-1.15529	-1.57653	-2.10769	
-0.0874828	-0.288467	-2.53484	-0.109774	
-1.00135	-1.34791	-1.30624	-0.966023	
-1.57748	-1.54054	-1.58882	-1.59394	
-1.77615	-0.866346	-0.999094	-1.47977	
-0.663615	-0.481093	-1.45367	-0.56644	
-0.464949	-1.2516	-1.65025	-1.47977	
-0.723215	-1.44423	-2.37512	-0.109774	
-2.39201	-1.05897	-0.200508	-0.851856	
-1.12055	-1.15529	-2.10483	-1.65102	
-1.95495	-1.15529	-1.01138	-0.452273	
-0.0676162	-1.15529	-1.53968	-1.99352	
-1.73641	0.385726	0.364645	-1.19436	
-0.961615	0.770979	-1.36767	-1.36561	
0.270117	-0.962659	-1.28167	-1.76519	
-1.57748	0.770979	-1.35539	-1.13727	
0.846249	-0.577406	-1.67482	-1.25144	
-0.902015	-0.577406	-1.68711	-0.109774	
-1.23975	-2.21473	-0.937665	-0.281024	
-2.05428	-0.481093	-0.360226	-1.47977	
-1.99468	0.578352	-2.44884	0.860642	
-1.14041	2.02305	-2.35055	-2.45019	
-1.89535	-0.38478	-1.41682	-0.623523	
-0.445082	-1.34791	-0.949951	-1.13727	
-1.69668	-0.866346	-1.94511	1.20314	
-1.29935	-0.577406	-1.61339	-0.851856	
-0.445082	-1.44423	-1.49053	-0.39519	
-2.31255	-1.05897	-2.00654	-0.281024	
-2.37215	-1.63685	-2.28912	-1.59394	
-1.14041	-1.63685	-1.80997	-0.166857	
-1.77615	-1.54054	-2.1294	-1.08019	
-1.35895	-0.577406	-1.35539	-0.166857	
-2.05428	-0.962659	-1.18338	0.175643	
-0.0874828	0.867292	-1.99426	-0.794773	
-2.11388	-0.866346	-1.58882	-1.70811	
-1.02121	0.193099	-0.00393324	-1.53686	
-1.31921	-1.2516	-1.61339	-1.13727	
-1.00135	-1.44423	-1.90825	-1.19436	
-1.29935	-0.67372	-1.55196	-0.109774	
-0.743082	0.867292	-0.593658	-1.47977	
-1.89535	1.15623	-1.41682	-1.70811	
-0.206683	0.674665	-1.50282	-0.39519	
-2.37215	-1.05897	-1.60111	-2.10769	
-1.41855	-0.577406	-1.62568	-1.25144	
-0.306016	-0.770033	-1.74854	1.03189	
-1.57748	-0.67372	-0.839377	0.803559	
-1.14041	-1.34791	-1.10967	-0.56644	
-1.20001	0.482039	-1.30624	-2.50727	
-0.683482	-1.15529	-1.92054	-0.73769	
-1.81588	0.385726	-1.28167	-1.02311	
-1.91521	0.193099	-1.67482	0.175643	
-1.37881	0.867292	-1.94511	-1.65102	
-1.08081	0.867292	-1.46596	-1.65102	
-1.49801	-0.962659	-2.27683	-0.56644	
-1.14041	0.0967861	-2.25226	-0.623523	
-1.41855	-1.2516	-2.36283	-1.76519	
-0.584149	0.289413	-0.913093	-2.10769	
-1.53775	0.0967861	-1.45367	-0.281024	
-1.67681	-1.63685	-1.63796	1.71689	
-1.85561	0.0967861	-1.80997	-0.90894	
-2.05428	-0.67372	-2.17854	-1.36561	
-1.53775	-0.577406	-1.67482	-0.338107	
-0.584149	-1.2516	-1.44139	-0.338107	
-0.703349	-1.05897	-1.72396	-0.794773	
-2.05428	-0.192154	-0.777948	-1.36561	
-1.75628	-1.92579	-1.46596	-1.70811	
-1.91521	-1.92579	-0.642802	-1.25144	
-1.77615	1.05992	-1.47825	0.518142	
-0.00801628	0.000472852	-0.716518	-0.90894	
-0.882148	-1.2516	-1.98197	-1.42269	
-1.37881	-0.192154	-1.56425	-0.73769	
-1.99468	0.0967861	-1.46596	-1.36561	
-1.97481	-1.05897	-1.8714	-0.0526904	
-1.79601	-1.2516	-0.274224	-0.56644	
-1.12055	1.05992	-1.65025	-1.36561	
-1.85561	0.193099	-0.814805	-1.13727	
-1.61721	-0.481093	-2.27683	-1.93644	
0.13105	-1.2516	0.389217	-0.39519	
-1.16028	0.578352	-1.78539	-0.680607	
-0.206683	0.385726	-1.84682	0.746476	
-0.266283	-1.54054	-1.19567	-1.65102	
-1.25961	-1.34791	-1.90825	-0.680607	
-1.04108	-0.770033	-1.60111	-1.19436	
-1.25961	-0.962659	-2.06797	-0.338107	
-1.41855	-0.0958404	-1.98197	0.0614761	
-1.71655	-1.05897	-1.22024	0.461059	
-1.75628	-0.288467	-0.753376	-0.90894	
-0.186816	-1.2516	-1.28167	-0.794773	
-2.03441	-1.92579	-0.728804	-0.338107	
-1.02121	-1.63685	-1.41682	-0.90894	
-1.25961	0.289413	-1.79768	0.00439286	
-1.37881	-0.770033	-1.26939	-1.30852	
-0.743082	-0.962659	-1.02367	-1.13727	
-1.21988	-0.866346	-1.29396	-0.90894	
-1.85561	0.000472852	-1.46596	-1.59394	
-1.10068	0.193099	-1.5151	-1.47977	
-1.45828	-0.288467	-2.35055	-1.42269	
-1.83575	-0.67372	0.143498	-0.966023	
-0.147083	-0.577406	-1.33081	-2.27894	
0.885983	-0.577406	-1.68711	-1.25144	
-1.79601	-0.770033	-1.19567	0.461059	
-1.91521	-0.962659	-1.0851	-1.76519	
-1.37881	-1.34791	-1.15881	-1.82227	
-1.31921	-0.770033	-1.53968	0.00439286	
-0.981482	0.193099	-2.09254	-1.70811	
-0.862282	-0.38478	-1.03595	-1.25144	
-2.11388	-0.577406	-1.50282	-0.22394	
-1.33908	-1.54054	-1.77311	-1.47977	
-0.464949	-1.34791	-2.09254	-0.623523	
-1.21988	0.000472852	-0.458513	1.20314	
-0.504682	-0.288467	-1.09738	-0.56644	
-1.71655	-1.15529	-1.93283	-1.53686	
-0.266283	-1.73317	-2.23997	-0.39519	
-1.16028	-1.44423	-1.19567	-0.338107	
-1.29935	-1.44423	-0.925379	-0.109774	
-0.743082	-1.54054	-0.384797	0.632309	
-0.802682	-0.962659	-1.37996	-0.90894	
-1.25961	-1.54054	-1.50282	-1.87936	
-1.25961	-1.54054	-1.19567	-0.109774	
-1.23975	0.000472852	-0.777948	0.746476	
-2.05428	-1.34791	-1.52739	-1.99352	
-0.147083	-2.21473	-0.323368	-1.08019	
-1.77615	-0.192154	-1.76082	-0.73769	
-1.18015	-0.866346	-2.25226	-2.33602	
-0.703349	-1.34791	-1.53968	-1.76519	
-0.445082	0.289413	-1.61339	-0.281024	
-2.27281	-1.15529	-1.26939	-1.19436	
-1.67681	-0.962659	-0.237366	-1.76519	
-1.71655	-1.05897	-1.3431	-1.42269	
-0.802682	-0.0958404	-1.30624	-1.30852	
1.95878	0.193099	-1.35539	-0.22394	
0.289983	-1.44423	-0.925379	-1.47977	
-2.35228	0.289413	-0.593658	-1.08019	
-0.683482	1.44517	-1.37996	-1.82227	
-0.961615	-0.288467	-0.593658	-0.22394	
-1.47815	-0.770033	-2.08026	-1.53686	
-1.67681	-0.577406	-0.851663	-1.42269	
-1.81588	0.193099	-1.10967	-1.53686	
-0.365616	-1.54054	0.548934	-1.53686	
-1.12055	0.193099	-0.839377	-0.851856	
-1.95495	0.000472852	-1.4291	-1.76519	
-2.01455	0.000472852	-2.06797	-1.59394	
-1.37881	-1.44423	-1.8714	-0.338107	
-2.39201	-0.0958404	-1.20796	-1.70811	
-1.65695	-1.15529	-1.20796	-1.65102	
-2.03441	-1.2516	-1.23253	-1.47977	
-1.23975	-1.2516	-2.11712	0.0614761	
-1.02121	0.000472852	-0.630516	-1.19436	
-2.17348	0.867292	-1.18338	0.917725	
-0.961615	-0.38478	-1.2571	0.289809	
-2.23308	-0.192154	-1.04824	0.118559	
-1.27948	-1.2516	-1.18338	-0.680607	
-1.79601	-1.44423	-1.58882	-1.93644	
-1.21988	-1.15529	-1.74854	-0.90894	
-1.81588	-0.577406	-1.46596	-0.794773	
-1.41855	-0.0958404	0.806939	-0.166857	
-0.147083	-0.0958404	-2.41198	-1.59394	
-1.49801	-1.54054	-1.13424	-1.87936	
-1.37881	0.289413	-0.949951	-1.13727	
-1.20001	-1.2516	-1.67482	-1.02311	
-1.59735	-0.770033	-1.77311	-1.82227	
-0.425216	-0.67372	-0.876235	-0.680607	
-1.67681	-0.577406	-1.3431	-1.36561	
-1.57748	-0.192154	-1.98197	-1.13727	
-2.03441	-1.2516	-0.937665	-0.509357	
-0.00801628	-0.577406	-1.76082	-0.851856	
-0.782815	1.34886	-1.69939	-2.10769	
-1.73641	-1.2516	-1.50282	-1.70811	
-2.21321	-0.0958404	-1.15881	-1.99352	
-1.47815	0.289413	-0.28651	-1.47977	
-2.01455	0.289413	-1.53968	-0.794773	
-0.186816	-1.82948	-2.10483	-1.42269	
-1.83575	0.963605	-2.16626	-0.56644	
-1.53775	0.0967861	-2.33826	-1.87936	
-1.21988	-1.15529	-2.08026	-0.680607	
-1.45828	0.385726	-1.71168	-0.90894	
-1.67681	-0.38478	-1.98197	-1.19436	
-1.91521	0.000472852	-1.33081	0.118559	
-1.91521	0.385726	-1.44139	-1.42269	
-0.822549	-1.44423	-1.37996	-0.73769	
-1.61721	-0.0958404	-0.851663	-0.73769	
0.0118504	-1.54054	-1.63796	-1.93644	
-1.31921	0.770979	-0.900807	0.232726	
-2.21321	0.000472852	-1.71168	-0.680607	
-1.85561	0.482039	-1.30624	-1.13727	
-0.464949	0.385726	-1.99426	-0.56644	
-1.25961	0.193099	-2.25226	-2.22186	
-1.77615	-0.962659	-0.716518	-1.08019	
-2.19335	-2.31104	-2.25226	-0.73769	
-1.47815	-0.962659	-2.27683	-1.65102	
-0.723215	-0.577406	-1.36767	-1.76519	
-1.47815	-1.15529	-0.814805	-1.25144	
-0.941748	0.000472852	-1.98197	-0.851856	
-1.51788	-1.54054	-1.88368	-0.509357	
-1.43841	1.73411	-0.053077	-0.794773	
-0.842415	0.289413	-1.79768	-1.42269	
-1.65695	-2.11842	-2.16626	-0.56644	
-0.882148	-0.38478	-0.323368	-1.42269	
-0.782815	-1.82948	-0.249652	-1.19436	
-1.53775	1.05992	-2.01883	-2.27894	
-1.87548	-0.962659	-0.544515	-1.76519	
0.329717	-0.481093	-1.83454	-1.53686	
-0.882148	-0.288467	-1.73625	-0.509357	
-1.33908	-1.15529	-0.409369	-1.70811	
-0.961615	-0.67372	-2.08026	-0.166857	
-0.484816	0.000472852	-2.26455	-1.76519	
-1.93508	0.770979	-1.31853	-1.93644	
-1.65695	-1.92579	-0.74109	-1.47977	
-0.564282	0.674665	-1.3431	-0.851856	
-1.10068	0.000472852	-1.30624	-1.47977	
-0.385482	-2.0221	-2.00654	-0.851856	
-2.19335	0.770979	-2.28912	-2.05061	
-1.29935	0.482039	-0.974523	-0.452273	
-1.16028	-1.73317	-1.45367	0.632309	
-1.59735	-1.34791	-1.67482	-1.99352	
0.111184	0.000472852	-2.43655	-0.851856	
-0.842415	1.25254	-2.08026	-1.30852	
-1.00135	-1.92579	-1.77311	-1.02311	
-1.25961	-0.192154	-1.88368	-1.30852	
-1.18015	-0.866346	-0.814805	-1.87936	
-1.55761	-1.63685	-2.49798	-1.25144	
-0.226549	-1.73317	-1.66254	-1.59394	
0.031717	-0.962659	-1.8714	-1.47977	
-1.12055	-1.63685	-1.41682	-1.59394	
-1.61721	0.385726	-1.19567	-0.39519	
-0.246416	-0.67372	-0.999094	0.00439286	
-1.63708	0.385726	-2.36283	-1.59394	
-0.604015	0.0967861	-1.18338	-2.10769	
-1.77615	-1.63685	-1.84682	-0.22394	
-0.703349	-0.962659	-1.13424	-1.82227	
-0.405349	1.05992	-1.65025	-0.623523	
0.0714503	3.56406	-1.78539	0.860642	
-1.59735	0.193099	-1.79768	0.575226	
0.0515836	-1.54054	-1.10967	-1.30852	
-2.15361	-0.577406	-0.925379	-2.22186	
0.846249	-1.15529	-0.839377	0.746476	
-1.91521	-0.770033	-0.876235	-1.08019	
-0.564282	-1.44423	-0.716518	-0.794773	
-1.21988	0.193099	-1.69939	-1.42269	
-0.703349	-0.481093	-2.39969	-1.02311	
-1.10068	-0.288467	-2.08026	-1.08019	
-0.564282	0.578352	-1.85911	0.175643	
-1.87548	-1.44423	-0.863949	-0.966023	
-0.107349	-0.481093	0.696365	-0.680607	
-1.51788	0.193099	-1.89597	-0.509357	
-1.31921	-1.73317	-1.50282	-0.39519	
-1.29935	-0.288467	-0.630516	-0.73769	
-1.61721	0.867292	-1.44139	-1.65102	
0.866116	-1.44423	-1.23253	-2.05061	
-1.06095	0.867292	-2.48569	-1.93644	
-0.762949	0.578352	-0.691946	-0.966023	
-0.0874828	0.963605	-2.10483	-1.13727	
-2.13375	1.83042	-1.78539	-1.30852	
-1.57748	-1.15529	-1.30624	2.45897	
-1.35895	-1.15529	-0.139079	0.0614761	
-1.75628	-0.481093	-2.66998	-1.36561	
-1.39868	-1.44423	-1.96968	-1.76519	
-1.73641	0.482039	-1.77311	-0.56644	
-1.71655	-0.577406	-1.52739	-2.22186	
-1.73641	-1.15529	-2.26455	-1.47977	
-0.902015	-1.2516	-1.98197	-0.851856	
-1.63708	-1.05897	-1.69939	-1.30852	
-1.14041	0.000472852	-1.88368	-0.680607	
-1.39868	-2.0221	-1.46596	-1.13727	
-0.882148	-0.577406	-2.22769	-0.39519	
-2.07415	-0.770033	-2.43655	-1.13727	
-1.14041	-0.962659	-2.06797	-2.22186	
-1.59735	-1.15529	-1.56425	-1.47977	
-1.27948	-0.288467	-0.900807	-1.70811	
-1.31921	-1.54054	-2.05569	-0.39519	
-1.23975	-0.577406	-1.28167	-0.851856	
-0.683482	-1.15529	-2.42426	-2.50727	
-0.941748	-0.67372	-0.532229	-1.13727	
-1.18015	-0.577406	-1.02367	-1.08019	
-1.87548	0.0967861	-2.20312	-1.02311	
-1.81588	0.385726	-1.5151	-1.59394	
-0.425216	0.385726	-2.05569	-0.39519	
-2.27281	-2.11842	-1.39224	-1.02311	
-1.29935	0.000472852	-2.37512	-0.166857	
-1.20001	-0.866346	-2.47341	-1.70811	
-0.663615	-1.05897	-1.67482	0.0614761	
-1.49801	-1.05897	-1.94511	-0.56644	
-2.17348	-1.44423	-1.89597	-0.851856	
-1.43841	-0.67372	-1.94511	-1.76519	
-1.61721	-0.192154	-1.94511	0.00439286	
-1.39868	-0.192154	-2.23997	-0.623523	
-1.27948	-1.34791	-2.0434	-0.966023	
-0.306016	-1.05897	-2.10483	-0.338107	
-0.464949	-0.866346	-1.36767	-1.13727	
-0.405349	-0.288467	-2.44884	1.14606	
-1.45828	-1.73317	-1.52739	-1.76519	
-1.59735	0.578352	-2.35055	-2.05061	
-1.57748	-1.2516	-2.08026	-1.70811	
-1.23975	-0.192154	-0.102221	-1.47977	
-0.921882	-1.73317	-1.96968	-0.338107	
-0.584149	-1.34791	-1.58882	-1.99352	
-1.67681	-0.577406	-1.28167	-0.90894	
-1.29935	1.25254	-0.802519	-0.39519	
-1.20001	-1.2516	-1.99426	-1.99352	
-0.723215	-0.866346	-1.84682	-0.966023	
-1.25961	-0.38478	-1.24481	-1.19436	
-1.14041	-1.63685	-1.3431	-0.966023	
-1.00135	-0.577406	-1.22024	-0.0526904	
-0.743082	-1.54054	-1.3431	-1.87936	
-1.87548	1.15623	-1.46596	-0.794773	
-1.35895	0.385726	-1.76082	-0.338107	
-1.10068	-1.05897	-1.77311	-0.680607	
-1.35895	-1.92579	-0.421655	-1.30852	
-0.762949	-1.34791	-1.30624	-1.02311	
-1.16028	-0.38478	-1.06052	-1.59394	
-1.00135	0.000472852	-2.14169	-1.59394	
-1.23975	-1.73317	-1.49053	-0.73769	
0.54825	-1.34791	-1.33081	-1.30852	
-0.921882	-1.63685	-1.40453	0.346893	
-0.902015	-0.481093	-2.19083	-1.19436	
-0.524549	0.289413	-1.36767	-1.30852	
-0.782815	-1.34791	-1.26939	-1.02311	
-1.59735	-1.44423	-2.27683	-1.30852	
-1.02121	-0.770033	-1.19567	-1.70811	
-0.762949	-0.38478	-1.33081	-1.87936	
-1.20001	0.000472852	-1.15881	-0.680607	
-2.05428	-2.11842	-1.24481	0.00439286	
1.04492	-1.73317	-0.655088	-2.10769	
-2.15361	-1.05897	-1.26939	0.917725	
-1.31921	0.482039	-1.65025	-0.851856	
-0.981482	-0.577406	-2.20312	-1.93644	
-2.19335	-0.0958404	-1.90825	-1.30852	
-1.25961	-0.481093	-1.06052	-0.851856	
-1.53775	0.289413	0.548934	-0.623523	
-0.723215	1.25254	-2.16626	-1.76519	
-1.69668	-0.0958404	-1.88368	-1.19436	
-1.39868	-0.770033	0.10664	-1.13727	
-2.33241	-1.54054	-1.5151	-1.25144	
-1.61721	-0.38478	-1.50282	-0.39519	
-1.21988	-0.481093	-1.4291	-0.623523	
-1.25961	0.0967861	-1.40453	-1.30852	
-2.13375	-1.44423	-0.0653629	-1.13727	
-1.47815	-0.962659	0.2295	-0.794773	
-0.564282	2.21568	-0.655088	-2.50727	
-1.37881	-0.962659	-1.39224	-0.73769	
-0.882148	-1.92579	-1.09738	-1.93644	
-2.09401	-2.0221	-1.92054	0.575226	
-0.564282	-1.54054	-1.56425	0.689392	
-2.01455	-0.577406	-0.581372	-1.30852	
-1.02121	-0.770033	-2.11712	-1.53686	
-0.842415	-0.770033	-1.93283	0.175643	
-1.29935	0.385726	-2.10483	-0.281024	
-1.43841	-1.82948	-2.3014	-0.623523	
-1.27948	-1.2516	-0.593658	-0.22394	
-1.35895	-0.288467	-1.24481	-0.680607	
-0.464949	-0.962659	-0.470799	-0.56644	
-2.19335	1.54148	-1.99426	-1.76519	
-2.11388	0.482039	-2.09254	-1.30852	
-1.81588	-1.2516	-1.9574	-0.73769	
-1.57748	0.482039	-1.78539	-1.59394	
-1.45828	-1.92579	-1.90825	-1.93644	
-1.00135	-1.15529	-1.15881	-0.966023	
-1.69668	0.385726	-1.5151	-1.93644	
-0.822549	-1.82948	-1.79768	-1.42269	
-0.643749	-1.15529	-0.691946	-2.05061	
-2.01455	-1.15529	-1.20796	-1.13727	
-0.921882	0.770979	-2.19083	-0.281024	
-1.97481	-1.63685	-1.62568	-0.0526904	
-1.67681	-1.44423	-1.73625	-1.13727	
-0.544416	-1.05897	-0.593658	-1.53686	
-0.762949	-0.866346	-1.98197	-0.90894	
-1.16028	-1.63685	-1.37996	-1.19436	
0.905849	-0.866346	-1.76082	-1.13727	
0.25025	-2.0221	-1.35539	-2.05061	
-0.683482	-0.38478	-1.78539	-0.39519	
-0.623882	-1.54054	-0.74109	-2.10769	
-2.29268	-1.63685	-2.25226	-1.65102	
-0.703349	-1.15529	-2.0434	-0.109774	
-1.59735	-1.92579	-1.20796	-1.53686	
-1.43841	-0.962659	-2.08026	0.175643	
-1.91521	-1.63685	-1.20796	-1.65102	
-2.05428	-0.962659	-1.20796	-1.70811	
-2.33241	-0.481093	-1.02367	0.232726	
-2.15361	-0.866346	-0.876235	-1.30852	
-1.45828	-1.63685	-1.57653	-0.794773	
-0.246416	1.15623	-1.36767	0.346893	
-1.43841	0.578352	-1.69939	-2.10769	
-0.862282	0.000472852	-2.03111	0.518142	
-0.842415	-1.2516	-1.74854	-1.53686	
-1.43841	-0.38478	-1.68711	-1.53686	
-1.08081	-0.481093	-1.89597	-2.22186	
-0.643749	0.0967861	-1.19567	-1.02311	
-0.762949	-1.73317	-0.397083	0.461059	
-1.14041	-0.192154	-1.03595	-1.99352	
-1.73641	-0.288467	-1.65025	-1.82227	
-1.63708	-1.34791	-0.630516	-1.36561	
-0.405349	-0.0958404	-1.5151	-1.19436	
-0.862282	-1.92579	-1.57653	-0.966023	
-0.306016	-2.0221	-1.14653	-1.82227	
0.150917	-1.44423	-0.544515	0.346893	
-1.12055	-0.577406	-1.28167	-1.13727	
-1.35895	-0.192154	-2.20312	-2.39311	
-2.07415	-2.0221	-1.63796	0.289809	
-1.75628	0.770979	-0.34794	-1.59394	
-1.06095	0.000472852	-1.93283	-1.25144	
0.54825	-1.05897	-1.56425	-1.87936	
-0.226549	-1.44423	-1.01138	-0.39519	
-1.29935	-1.34791	-1.39224	-0.56644	
-1.21988	-1.44423	-2.08026	-2.16477	
-1.27948	-0.38478	-1.60111	-0.281024	
-1.35895	-0.38478	-1.2571	-1.08019	
-1.10068	-1.54054	-0.728804	-1.47977	
-2.17348	-0.0958404	-2.17854	-0.794773	
0.627716	-0.770033	-1.99426	-0.794773	
-1.49801	-0.288467	-0.298796	-1.42269	
0.329717	-1.44423	-2.36283	-0.680607	
-1.18015	-0.67372	-1.74854	-0.966023	
0.806516	0.482039	-0.544515	-2.45019	
0.349583	0.482039	-1.76082	-0.509357	
-1.73641	-1.2516	-0.863949	-1.70811	
-2.05428	-1.82948	-2.08026	-0.338107	
-1.23975	-0.38478	-2.23997	-0.39519	
-1.27948	-1.34791	-0.937665	-1.08019	
-1.83575	-0.67372	-1.3431	0.803559	
-1.33908	-0.38478	-2.25226	-0.851856	
-1.45828	-2.0221	-1.60111	-1.99352	
-1.77615	-1.82948	-1.55196	-0.73769	
-1.18015	0.000472852	-1.28167	0.746476	
-1.59735	0.0967861	-1.73625	-1.08019	
-1.63708	-1.34791	-1.94511	-1.25144	
-1.16028	0.193099	-2.00654	-1.53686	
-1.77615	0.482039	-2.22769	-0.794773	
-1.63708	-1.15529	-1.73625	-1.42269	
-1.02121	0.0967861	-1.40453	-1.93644	
-0.623882	-0.481093	-1.50282	-1.82227	
-1.25961	-0.192154	-1.68711	-1.36561	
0.170783	-0.0958404	-1.31853	-1.30852	
-2.35228	-0.962659	-1.50282	-1.65102	
-1.37881	-1.34791	-1.8714	-1.70811	
-1.61721	-2.0221	-1.94511	-1.82227	
-0.743082	-0.288467	-1.76082	-1.42269	
-1.57748	-0.38478	-1.41682	-0.623523	
-0.902015	-1.34791	-1.63796	-0.452273	
-1.35895	-0.481093	-1.37996	-1.36561	
-0.584149	0.674665	-1.23253	-1.25144	
-0.762949	-1.44423	-1.04824	-1.65102	
-0.941748	-1.82948	-1.66254	-0.0526904	
-1.77615	-0.0958404	-1.49053	-0.966023	
-1.47815	-1.44423	-1.03595	-0.166857	
-0.544416	0.000472852	-2.48569	-0.794773	
-1.47815	-1.2516	-2.38741	-0.166857	
-2.37215	0.000472852	-1.57653	-1.13727	
-0.107349	-0.288467	-0.827091	-0.338107	
-0.544416	-0.866346	-1.66254	-2.50727	
-1.37881	-0.192154	-1.90825	-1.87936	
-1.81588	-1.54054	-0.814805	-0.680607	
-0.325883	-1.05897	-1.35539	-1.65102	
-1.85561	-0.288467	-0.716518	-0.166857	
-0.584149	-1.2516	-1.99426	-1.08019	
-2.15361	-1.82948	-0.655088	-0.680607	
-1.45828	0.770979	-1.04824	-1.59394	
-1.20001	-1.54054	-1.04824	-1.30852	
-1.59735	-0.481093	-1.63796	-0.452273	
-1.23975	-0.770033	-1.66254	-1.36561	
-2.23308	-0.866346	-1.29396	-1.76519	
-0.186816	0.289413	-0.704232	-0.73769	
-1.65695	-2.31104	-1.61339	-1.08019	
-1.79601	-0.962659	-0.74109	-1.53686	
-2.23308	1.15623	-0.446227	-0.166857	
-1.14041	-0.481093	-1.41682	-1.47977	
-0.186816	0.385726	-0.483085	-1.65102	
-2.05428	-0.770033	-0.704232	-0.851856	
0.30985	-1.05897	-1.28167	-1.13727	
-0.981482	-0.577406	-1.2571	-1.08019	
-2.23308	-0.288467	-1.20796	-1.13727	
-1.08081	-0.38478	-0.913093	-0.281024	
-0.703349	-0.866346	-1.41682	-0.623523	
-1.31921	0.385726	-0.581372	-0.794773	
-1.43841	-0.67372	-1.79768	-0.452273	
-1.73641	-0.577406	-1.53968	-1.25144	
-0.425216	-0.67372	-1.9574	-1.59394	
-1.67681	-1.73317	-2.08026	0.518142	
0.746916	0.000472852	-1.85911	-1.30852	
-2.19335	-1.34791	0.0329246	-2.10769	
-1.02121	-0.481093	-0.507657	-1.19436	
0.0913169	-1.44423	-0.495371	-0.281024	
-2.29268	0.385726	-0.913093	-1.59394	
-0.266283	-0.577406	-1.26939	-1.02311	
-2.11388	-1.2516	-1.22024	-1.25144	
-1.45828	-0.481093	-1.73625	-0.109774	
-1.55761	0.193099	-1.37996	-0.166857	
-2.29268	-0.67372	-2.32598	-0.794773	
-1.73641	-0.192154	-1.40453	0.118559	
-1.31921	0.578352	-0.446227	-0.452273	
-1.73641	-1.92579	-1.18338	-1.82227	
-2.19335	-1.73317	-1.29396	0.689392	
-1.39868	0.674665	-0.0653629	-1.47977	
-2.23308	-1.54054	-2.15397	-0.452273	
-0.504682	0.963605	-0.507657	0.232726	
-1.65695	-1.15529	-1.13424	0.346893	
-0.425216	-1.54054	-0.704232	-1.08019	
-1.93508	0.193099	-0.925379	-1.42269	
-1.59735	-1.54054	-2.08026	-0.966023	
-1.53775	1.44517	-1.71168	-0.452273	
-0.743082	-0.577406	-1.96968	-0.0526904	
-1.59735	0.770979	-1.09738	-0.623523	
-1.04108	0.289413	-0.433941	0.289809	
-0.524549	0.0967861	-2.0434	0.346893	
-1.14041	0.0967861	-0.249652	-0.90894	
-1.27948	-1.2516	-1.26939	-1.25144	
-1.75628	-0.288467	-1.67482	-0.966023	
-1.27948	0.674665	-1.29396	-1.65102	
0.727049	0.770979	-2.42426	-0.281024	
-1.14041	-0.481093	-0.249652	-0.966023	
-1.87548	-1.05897	-1.88368	0.0614761	
-1.93508	-0.67372	-0.532229	-1.47977	
-1.77615	-2.11842	-2.53484	-1.59394	
-0.723215	-1.15529	-1.15881	-2.10769	
-1.10068	-1.54054	-1.19567	0.917725	
-1.97481	1.54148	-0.667374	-2.10769	
-1.18015	0.000472852	-1.74854	-0.851856	
-1.00135	-0.962659	-2.15397	-1.36561	
-1.37881	-1.15529	0.62265	-1.08019	
1.08465	0.385726	-0.507657	-1.42269	
-1.55761	-2.0221	-1.2571	-0.338107	
-2.03441	-0.481093	-2.08026	-0.90894	
1.04492	-1.2516	1.31066	-1.47977	
-0.802682	-0.481093	-2.06797	-1.25144	
-1.71655	-1.54054	-1.58882	-1.42269	
-0.882148	-0.38478	-1.15881	-1.13727	
-1.45828	-0.288467	-0.188222	-1.87936	
-0.723215	-0.38478	-2.2154	-2.16477	
-1.81588	0.289413	-1.66254	-1.36561	
0.19065	-2.31104	-0.704232	-0.0526904	
-0.623882	-1.73317	-0.986809	-1.13727	
-1.51788	-1.54054	-1.18338	-0.452273	
-1.02121	0.578352	-0.74109	-1.42269	
-0.683482	-0.962659	-1.24481	-1.13727	
-1.57748	0.193099	-1.45367	-2.22186	
-0.405349	-1.63685	-1.50282	-1.13727	
-1.67681	-0.481093	-1.8714	-0.281024	
-1.55761	0.0967861	-2.31369	-1.47977	
-1.83575	-2.11842	-1.73625	-1.93644	
-1.25961	-1.63685	-1.62568	-1.42269	
-1.93508	-0.577406	-1.5151	-0.281024	
-2.17348	0.0967861	-1.83454	-2.50727	
0.30985	0.385726	-1.5151	-1.02311	
-1.16028	-1.54054	-1.68711	-0.966023	
-1.10068	-1.2516	-1.57653	-0.509357	
-2.29268	0.867292	-1.78539	-0.73769	
-0.882148	-1.2516	-1.2571	-1.36561	
-1.85561	0.482039	-0.765662	-0.509357	
-1.95495	0.289413	-2.39969	-1.82227	
-1.87548	-0.577406	-2.28912	-0.281024	
-2.39201	-1.2516	-1.73625	-0.73769	
-1.43841	-1.34791	-1.29396	-1.08019	
-0.782815	-1.82948	-1.20796	-0.22394	
-1.53775	-0.770033	-1.49053	1.65981	
-0.266283	-0.38478	-1.06052	-0.966023	
-1.14041	0.0967861	-0.433941	-0.794773	
-2.03441	0.482039	-1.39224	-1.02311	
-1.47815	-1.15529	-0.925379	-1.25144	
-0.663615	0.000472852	-1.5151	-0.109774	
-1.51788	-0.67372	-1.2571	-1.59394	
1.68065	0.000472852	-1.29396	-1.19436	
-1.06095	-1.63685	-1.45367	-0.338107	
-1.53775	-0.866346	-1.63796	-1.53686	
-1.83575	-0.0958404	-1.31853	-0.0526904	
-1.12055	-0.38478	-1.41682	-1.76519	
-1.37881	-0.481093	-1.20796	-1.30852	
-1.87548	-1.34791	-1.33081	-1.13727	
-0.186816	-0.67372	-2.22769	-2.33602	
-2.03441	-1.92579	-1.29396	-1.87936	
-0.385482	-1.2516	-1.63796	-1.70811	
-0.743082	-1.2516	-1.40453	0.118559	
-1.10068	-1.2516	-1.68711	-0.166857	
-1.85561	-1.63685	-1.01138	-0.452273	
-1.18015	-1.82948	-0.249652	-1.87936	
-1.49801	-1.15529	-1.29396	-1.53686	
-2.03441	0.385726	-1.01138	-0.509357	
-0.941748	-0.577406	1.00351	-1.42269	
-0.921882	-1.82948	-2.10483	-2.16477	
-0.703349	-0.288467	-1.0851	-1.65102	
-2.25295	0.0967861	-1.53968	-1.87936	
-2.25295	0.482039	-1.10967	-1.02311	
-1.83575	-0.481093	-1.02367	-1.82227	
-1.63708	1.54148	-1.44139	-2.33602	
-2.23308	-1.15529	-0.28651	0.289809	
0.289983	-0.770033	-2.08026	-0.680607	
-1.18015	0.0967861	-0.188222	-1.25144	
-0.00801628	0.770979	-1.22024	-0.966023	
-1.53775	-1.34791	-1.63796	-1.47977	
-0.464949	0.385726	-2.41198	-1.19436	
-0.802682	0.0967861	-0.495371	-1.25144	
-0.524549	-1.63685	-1.56425	0.346893	
-1.51788	0.193099	-1.76082	-0.22394	
-0.564282	0.000472852	-1.94511	-0.452273	
0.647583	-1.2516	-1.78539	-1.13727	
-0.683482	-0.577406	-0.249652	-2.16477	
-1.75628	-1.34791	-2.64541	-1.25144	
-2.45161	-1.34791	-2.37512	-1.47977	
-1.47815	-0.288467	-0.335654	-0.794773	
-1.14041	1.83042	-1.68711	-1.08019	
-1.79601	-1.44423	-1.61339	1.14606	
-1.20001	-0.962659	-1.61339	-1.25144	
-0.921882	0.385726	-0.67966	-1.82227	
-1.00135	-1.54054	-1.01138	-1.30852	
-1.35895	-0.866346	-0.556801	0.175643	
-1.53775	-0.962659	-1.0851	0.0614761	
-1.73641	-0.962659	-0.384797	-0.90894	
-1.69668	-1.44423	-1.39224	-1.36561	
0.13105	0.289413	-0.67966	0.860642	
-0.604015	-0.770033	-2.27683	-0.452273	
1.02505	-1.34791	-2.62084	-1.47977	
-0.623882	0.193099	-0.74109	0.232726	
-1.79601	-0.577406	-0.876235	-1.13727	
-1.79601	0.578352	-1.96968	-1.02311	
-2.11388	-0.866346	-1.62568	-0.452273	
-1.41855	-1.2516	-0.790233	-0.39519	
-1.91521	-2.11842	-1.41682	-0.966023	
-1.93508	-0.866346	-1.37996	-0.281024	
-1.16028	-1.15529	-1.57653	-1.19436	
-0.00801628	-1.63685	-1.76082	-1.42269	
-1.67681	-1.44423	-2.2154	-1.02311	
-0.604015	-1.34791	-2.54712	-0.73769	
0.25025	-0.770033	-1.41682	-1.70811	
-0.445082	-0.0958404	-0.839377	-0.452273	
-0.544416	0.674665	-0.814805	-0.56644	
-0.484816	1.6378	-2.2154	-1.13727	
-1.45828	-0.0958404	-2.01883	-1.08019	
-0.762949	-0.866346	-1.06052	-1.42269	
-1.20001	0.0967861	-0.962237	-1.93644	
0.409183	0.000472852	-2.38741	-0.281024	
-1.06095	-0.866346	-0.851663	-1.30852	
-1.35895	-1.92579	-1.09738	-1.30852	
-1.16028	-1.54054	-1.88368	-0.39519	
-1.93508	-1.73317	-1.53968	-1.02311	
-1.35895	-0.192154	-2.41198	-0.623523	
-0.286149	-0.0958404	-1.58882	-0.73769	
-1.41855	0.385726	-0.421655	-0.22394	
-2.09401	-1.44423	-1.29396	-2.45019	
-1.33908	-1.2516	-1.2571	0.632309	
-1.29935	-0.67372	-1.41682	0.803559	
-0.762949	-0.288467	-1.67482	-0.90894	
-0.643749	0.674665	-1.52739	-1.53686	
-1.16028	0.000472852	-1.07281	0.346893	
-0.663615	-1.63685	-1.69939	-0.166857	
-0.524549	-1.15529	-1.52739	-1.59394	
-1.95495	-1.54054	-2.22769	-0.56644	
-0.484816	0.578352	-0.655088	-1.87936	
-1.06095	-2.11842	-0.397083	-1.13727	
-2.23308	0.289413	-0.200508	-1.76519	
0.48865	-0.962659	-2.22769	0.689392	
-1.39868	0.000472852	-2.32598	-1.47977	
-0.604015	-2.0221	-0.827091	-2.27894	
-1.67681	0.578352	-1.2571	-2.05061	
-0.723215	-1.2516	-1.55196	-0.623523	
-1.55761	0.770979	-1.09738	-2.16477	
-1.10068	-0.67372	-1.56425	-0.966023	
-1.45828	-1.73317	-1.62568	-1.99352	
-1.61721	-1.44423	-1.83454	-0.90894	
-1.43841	-0.770033	0.340073	-1.42269	
0.111184	-0.38478	-1.24481	-1.36561	
-1.65695	-0.67372	-1.06052	-1.42269	
-1.33908	0.578352	-1.1711	-1.65102	
-1.08081	-1.63685	-1.35539	-0.166857	
-0.683482	-0.770033	-2.03111	-0.794773	
-0.762949	-0.962659	-2.01883	0.232726	
0.270117	-1.2516	-2.11712	-0.39519	
-0.147083	-0.866346	-2.15397	-1.59394	
-1.39868	-0.192154	-0.175936	-0.166857	
-2.19335	-1.05897	-1.93283	-1.30852	
-1.23975	-1.63685	-0.67966	-0.966023	
-2.07415	-1.34791	-1.5151	-0.0526904	
-1.41855	1.25254	-1.50282	-1.30852	
-1.75628	-0.866346	-1.94511	-1.13727	
-0.643749	0.963605	-1.2571	0.232726	
-1.47815	0.000472852	-1.85911	-1.59394	
-0.425216	-0.288467	-2.09254	-0.966023	
-1.10068	0.193099	-1.33081	-2.10769	
-1.25961	-1.54054	-2.39969	0.0614761	
-0.345749	-1.15529	-2.26455	-1.36561	
-0.564282	-0.577406	-2.10483	-2.39311	
-0.604015	0.385726	-1.12195	0.860642	
-1.27948	-0.577406	-0.986809	-1.25144	
0.925716	0.482039	0.118926	-1.36561	
-1.79601	-1.2516	-2.54712	-0.851856	
-1.29935	-0.38478	-1.47825	-1.65102	
-1.06095	0.0967861	-0.74109	0.803559	
-1.08081	0.193099	-1.68711	-0.851856	
-1.53775	-1.05897	-2.22769	-1.08019	
-0.762949	-1.2516	-0.974523	-0.966023	
-1.63708	-0.481093	-1.78539	-0.680607	
-2.25295	-1.73317	-1.77311	-1.02311	
-1.25961	-0.288467	-1.69939	-1.99352	
-1.10068	-1.05897	-1.12195	-1.47977	
-2.13375	0.289413	-2.10483	-2.39311	
-0.822549	1.25254	-0.0162192	-0.623523	
-1.61721	-1.63685	-2.01883	-0.39519	
-1.39868	-2.31104	-1.9574	-2.22186	
-2.27281	-0.0958404	-1.57653	-1.25144	
-0.663615	-1.82948	-1.36767	-0.452273	
-0.822549	-0.962659	-1.55196	0.689392	
