ThetaTaj[0]	ThetaTaj[1]	ThetaTaj[2]	ThetaTaj[3]	
4.16322	3.17778	6.78986	4.33333	
4.58391	2.35556	7.7971	4.16667	
2.25057	3.66667	8.9058	5.57576	
3.62989	2.66667	9.50362	3.98485	
2.10345	3.35556	6.91304	4.57576	
4.76782	3.35556	9.60145	5.18182	
5.91494	3.15556	10.163	5.34848	
2.91264	4.46667	7.57609	5.5	
2.46207	3.17778	6.23188	5.78788	
5.47356	2.66667	6.90217	4.37879	
2.95862	3.37778	6.27536	4.48485	
2.04598	3.71111	8.07246	5.34848	
2.13333	3.35556	6.9058	4.37879	
4.32414	2.66667	5.90217	5.69697	
3.82299	4.28889	7.13406	4.18182	
2.78621	3.33333	10.0471	4.62121	
3.68276	3.51111	6.44565	4.34848	
2.52874	2.35556	9.25362	4.86364	
4.66667	4.11111	10.5906	4.37879	
2.14713	2.2	5.96739	3.62121	
2.88506	3.82222	8.44928	7.09091	
4.3954	4.08889	7.07609	4.43939	
2.62759	3.62222	6.09783	4.19697	
2.75632	3.22222	8.16304	4.5303	
2.42529	3.8	7.69565	6.57576	
2.55402	2.86667	6.05797	4.34848	
3.70345	3.06667	9.00362	5.22727	
2.89195	4.57778	8.8913	5.28788	
1.82529	3.46667	8.67029	5.06061	
2.15172	2.88889	6.38406	5.13636	
4.83678	2.51111	9.82246	5.93939	
1.85977	2.53333	8.24275	4.71212	
2.72414	3.75556	9.13768	5.24242	
4.42759	3.8	13.0761	4.75758	
2.9908	2.88889	10.2464	4.48485	
3.87816	4.66667	6.56522	6.12121	
2.95632	3.04444	7.02174	4.0303	
2.43908	2.35556	7.33696	5.09091	
4.18851	3.06667	7.86594	4.62121	
4.10575	2.68889	7.44203	4.5	
2.04598	3.2	7.54348	3.10606	
2.6023	3.44444	8.36594	4.24242	
2.94253	2.97778	8.86957	3.56061	
3.3954	4.6	8.4529	2.9697	
3.75862	2.53333	7.1558	5.86364	
2.74713	4.02222	8.02174	4.72727	
4.8069	3.08889	8.44928	5.34848	
2.69655	4.48889	11.3007	4.19697	
3.04598	4.48889	8.9058	3.74242	
2.30345	2.2	5.68478	4.87879	
3.45517	3.62222	8.72826	4.56061	
2.31034	3.13333	7.52536	4.16667	
5.12184	2.51111	10.9493	5.22727	
2.29655	4.68889	4.92029	3.10606	
3.25057	4.48889	6.48913	5.18182	
3.05747	3.15556	12.1304	5.39394	
2.38851	5.02222	6.39855	4.4697	
2.2023	2.84444	11.6594	4.65152	
2.07126	2.51111	6.30072	4.34848	
3.41839	3.17778	12.1377	3.31818	
3.62299	3.95556	6.88043	4.72727	
3.46897	5.08889	7.69928	6.0303	
4.81379	3.75556	7.30797	4.25758	
2.57471	3.42222	6.46014	5.34848	
3.69885	3.88889	7.42391	4.92424	
2.82299	2.68889	9.49638	3.56061	
3.55402	3	9.87681	4.80303	
4.66207	3.31111	8.85507	4.15152	
2.68276	3.75556	7.91667	4.5303	
5.71724	2.93333	6.52899	3.65152	
3.62529	3.48889	9.6413	4.33333	
5.5931	4.62222	6.70652	4.65152	
2.42759	3.02222	7.35507	3.62121	
3.31494	3.28889	7.48913	3.10606	
3.30575	2.35556	8.16304	4.39394	
3.6092	3.86667	8.11594	4.24242	
2.92644	4.2	9.23188	3.34848	
5.42069	3.06667	9.14855	3.24242	
3.57011	4.08889	7.77899	3.84848	
3.09425	2.86667	9.91667	5.51515	
3.94943	2.97778	7.28261	3.89394	
3.74023	2.82222	7.58696	6.16667	
3.24598	4.11111	10.2029	4.39394	
3.69885	2.82222	10.6957	6.5303	
3.06667	3.4	10.9312	3.74242	
3.91034	2.93333	7.65942	4.22727	
3.67126	2.68889	7.34783	4.43939	
3.58851	2.97778	9.30072	4.54545	
3.58851	3.08889	8.83333	6.60606	
2.67586	2.86667	9.52899	4.86364	
3.05517	4.13333	8.48913	5.62121	
3.02989	4.42222	6.48913	5.43939	
2.95862	3.33333	7.98551	4.80303	
2.65747	3.53333	8.02536	4.36364	
1.86437	3.55556	9.01449	5.62121	
3.94253	4.22222	8.17391	3.34848	
3.9954	3.6	5.80435	4.68182	
4.76092	3.2	8.02174	4.34848	
2.41839	2.88889	7.26449	4.62121	
2.18161	2.2	8.10145	3.24242	
6.37241	3.24444	8.22826	3.9697	
3.74023	2.35556	7.72826	6.27273	
2.83218	3.13333	8.98188	4.78788	
2.70575	3.42222	9.14855	2.9697	
2.14713	3.24444	8.52899	5.92424	
2.1954	3.62222	9.42754	3.95455	
1.81609	3.31111	7.66304	4.43939	
2.77701	2.82222	7.78623	3.80303	
3.17931	2.82222	8.63406	3.37879	
3.45517	3.82222	8.77536	6.34848	
4.28736	4.22222	8.24275	5.28788	
3.09655	2.82222	7.06159	4.89394	
3.25747	2.71111	7.46014	4.60606	
4.33333	3.95556	5.46014	4.51515	
3.54023	3.04444	11.6051	5.72727	
2.10345	3.35556	7.77899	5.07576	
4.33333	3.53333	8.67029	4.9697	
3.32414	3.82222	9.24638	6.12121	
2.69425	3.4	8.25	5.30303	
2.07816	2.51111	7.63406	4.4697	
2.58391	2.46667	8.03623	4.57576	
2.05747	2.2	9.81159	5.18182	
3.90575	3.84444	9.51449	4.71212	
2.58161	2.77778	9.38768	3.48485	
4.55632	2.51111	8.21377	4.81818	
4.34023	4.06667	5.56522	5.31818	
3.90575	4	6.7971	3.83333	
5.32184	3.66667	8.38043	5.5	
2.08966	3.82222	5.70652	5.51515	
3.6046	4.08889	7.47101	4.84848	
3.48966	3.26667	10.2645	4.68182	
4.57931	3.2	6.93841	5.39394	
3.17241	3.42222	6.30797	3.07576	
5.52644	2.82222	6.83696	4.93939	
3.02299	2.8	8.54348	5.59091	
3.34023	3.04444	9.3913	3.66667	
4.06897	3.82222	9.28623	5.48485	
2.32184	3.31111	7.93841	5.42424	
3.82069	2.93333	7.42754	5.75758	
3.16322	3.02222	7.82246	5.16667	
2.41379	2.51111	9.76449	5.09091	
1.56782	3.26667	9.57246	3.21212	
3.8069	3.6	9.13043	5.9697	
4.36092	2.71111	10.9275	4.13636	
2.51494	3.28889	8.37681	5.40909	
2.85977	4.28889	8.19203	4.54545	
2.2046	3.57778	5.1558	4.90909	
2.68046	3.26667	7.00725	4.57576	
3.51724	2.62222	5.16667	6.10606	
2.81379	2.51111	10.163	5.21212	
2.34713	2.2	6.75362	5.60606	
5.33793	3.08889	8.93116	4.19697	
2.33563	4.22222	10.6486	4.92424	
4.05057	2.73333	5.9529	3.10606	
4.6046	3.95556	12.663	4.68182	
3.21609	4.62222	10.2029	4.13636	
4.27816	2.8	12.8696	7.48485	
4.75172	3.42222	9.33333	4.63636	
2.8069	3.17778	8.94928	5.27273	
2.65287	3.86667	8.14493	4.5303	
4.51494	3.35556	6.75362	3.5303	
2.10575	3.48889	7.11232	4.21212	
1.63908	2.53333	7.09783	5.06061	
2.88046	3.4	5.05435	4.18182	
4.23678	3.57778	6.63043	4.48485	
2.36782	3.04444	7.77899	5.5303	
2.21839	2.73333	7.83696	4.90909	
3.02299	3.08889	10.5	4.07576	
1.8069	4.86667	8.56884	5.19697	
3.95172	3.95556	12.1014	3.33333	
4.05517	2.53333	10.337	4.71212	
1.81149	3.53333	8	4.42424	
4.37471	3.53333	8.38406	4.36364	
3.78161	3.44444	8.94928	5.43939	
1.96092	4.53333	8.03986	4.9697	
2.78621	4.53333	9.24638	4.5303	
3.3977	3.11111	7.93478	3.9697	
3.66897	3.4	7.24275	4.28788	
2.76092	3.22222	6.84058	3.86364	
3.13563	2.82222	6.16667	6.36364	
2.37701	3.22222	7.67029	3.21212	
3.22299	3.75556	7.98551	4.21212	
2.14943	2.82222	8.31884	4.31818	
2.57011	3.24444	5.99275	4.18182	
2.32874	3.55556	5.48188	6.19697	
3.52874	3.55556	5.94928	4.22727	
3.17471	3.02222	7.49275	5.15152	
2.14943	3.04444	8.06522	3.45455	
3.38621	2.46667	9.55797	6.15152	
3.02299	4.33333	6.09783	5.30303	
2.77241	3.95556	8.82971	5.43939	
2.68276	4.28889	8.28261	5.24242	
2.71264	2.53333	8.77174	5.40909	
2.57701	2.2	6.06159	5.06061	
3.17011	3.53333	9.03623	3.48485	
1.90805	4.68889	6.19928	4.74242	
3.91724	3.57778	8.09783	4.95455	
3.6046	2.68889	9.33333	4.65152	
3.43448	2.82222	8.3913	5.51515	
3.2069	3.35556	11.4964	4.69697	
2.82529	2.97778	6.96377	4.21212	
6.04138	3.13333	11.4094	4.60606	
3.31034	3.57778	8.58696	3.83333	
4.33103	2.97778	5.39855	3.57576	
2.70115	3.84444	9.73188	4.66667	
3.96322	3.35556	6.38043	6.92424	
3.51034	3.51111	8.42029	2.9697	
2.77471	3.33333	7.82246	4.5303	
2.8023	2.62222	8.6413	4.93939	
2.57011	4.6	11.0543	4.5303	
4.73563	2.97778	9.69565	3.07576	
2.47816	3.77778	9.78623	4.16667	
2.75172	2.97778	10.6014	4.63636	
3.9908	2.97778	7.22101	3.21212	
3.31494	2.97778	8.58333	4.77273	
2.67126	3.22222	8.97464	5.60606	
2.61149	3.93333	13.0725	5.31818	
2.9931	4.75556	9.51449	6.9697	
1.97011	3.95556	7.88768	4.10606	
3.98391	3.73333	8.58696	4.72727	
3.51954	3.6	6.64855	4.33333	
2.16782	3.73333	9.68116	4.07576	
1.9977	3.42222	6.74638	2.9697	
3.75632	2.73333	9.47101	3.34848	
3.96552	3.91111	5.4529	5.30303	
2.88276	4.13333	5.69565	4.63636	
2.94943	3.44444	6.66667	3.90909	
3.38621	3.4	9.69565	4.81818	
4.09425	4	11.0507	4.93939	
4.22299	2.8	7.74275	5.06061	
3.24138	3.66667	9.30072	4.62121	
3.17701	4.17778	10.9638	5.56061	
2.67586	3.48889	7.03986	5.5	
3.44138	2.8	5.55072	4.56061	
2.92414	3.46667	7.76812	5.28788	
3.12414	3.17778	5.97826	3.92424	
3.24828	3.08889	6.68841	5.33333	
3.48966	4.42222	8.07971	4.69697	
2.6069	4.13333	8.91667	5.83333	
2.48506	5.2	6.53261	3.90909	
5.34713	3.53333	7.88043	4.93939	
2.45517	2.51111	7.51087	4.43939	
2.93333	3.66667	8.56159	3.78788	
4.11494	2.55556	6.97826	5.66667	
5.23448	4.64444	6.61957	4.30303	
2.78391	5.35556	7.36957	4.48485	
5.06207	2.8	5.52174	5.18182	
3.12184	3.2	7.28986	5.51515	
4.01609	3.33333	8.82246	6.84848	
6.35172	3.42222	7.39493	4.34848	
2.32184	2.86667	6.53623	5.48485	
4.75172	2.62222	7.62319	4.39394	
3.7977	3.68889	6.57246	4.81818	
2.90575	4.48889	5.34058	3.78788	
2.98391	3.28889	10.2935	3.69697	
3.69655	2.2	9.40217	3.9697	
3.11954	4.24444	10.8116	3.21212	
2.72414	3.08889	8.78261	3.89394	
5.49885	2.88889	9.35145	4.74242	
2.5908	2.51111	7.53261	5	
3.70805	4.51111	12.7174	4.24242	
3.29885	3.08889	7.36957	6.01515	
4.2092	2.2	8.59058	4.06061	
4.54483	2.2	6.41304	5.12121	
3.38621	3.44444	10.471	5.59091	
1.76322	3.35556	8.48188	5.15152	
4.96552	5.11111	8.53623	5.34848	
2.9931	3.31111	7.87319	4.93939	
2.26897	3.57778	10.2971	5.93939	
5.95172	3.24444	6.22464	4.80303	
2.61839	2.66667	5.76087	4.33333	
3.11264	3.48889	8.59783	6.57576	
3.48046	2.35556	7.38768	3.43939	
4.86437	3.15556	7.08333	5.5	
4.68046	5.33333	7.83696	4.60606	
3.53563	3.88889	12.2101	6.36364	
3.37701	3.33333	10.7138	5.43939	
2.89195	2.53333	12.4891	4.06061	
3.0092	4.8	14.3587	3.93939	
2.5977	2.97778	8.44928	4.78788	
3.94713	2.93333	11.7101	5.98485	
2.21609	3.26667	6.4529	5.10606	
2.82989	3.31111	7.52536	4.33333	
3.41609	2.86667	10.0145	4.19697	
2.2092	2.68889	10.0616	6.19697	
5.34253	2.35556	7.36232	3.84848	
3.58851	3.24444	7.01449	4.71212	
2.98161	3.42222	5.13406	3.63636	
3.89655	3.33333	8.46014	5.36364	
1.81149	2.68889	5.74275	3.62121	
5.50345	3.82222	6.3913	5.62121	
3.84368	3.26667	9.06522	4.60606	
4.44598	3.48889	10.5399	3.63636	
3.22529	3.26667	8.28623	4.24242	
4.26897	3.82222	10.0471	3.90909	
3.16092	3.42222	7.00725	4.12121	
2.61149	3.75556	12.2101	4.13636	
4.30115	4.2	5.93478	5.15152	
5.95172	3.46667	8.9058	5.71212	
2.90345	2.82222	8.80435	4.45455	
2.47356	4.06667	8.28986	3.37879	
4.56322	2.2	11.2645	5.74242	
3.27586	3.13333	8.89493	3.80303	
5.67816	2.53333	6.02536	5.60606	
4.11494	2.46667	10.3442	5.07576	
3.11034	2.86667	6.85507	4.60606	
2.62759	3.6	11.6739	4.72727	
4.51264	2.62222	7.75725	5.78788	
3.48736	3.6	7.09783	4.93939	
4.65747	2.35556	6.47101	6.0303	
1.70575	2.71111	11.8587	3.31818	
2.68506	3.48889	7.6087	3.5303	
2.75862	3.17778	7.5471	5.57576	
4.9954	3.44444	7.65942	3.89394	
3.08736	4.37778	11.8514	3.59091	
3.86667	4.55556	7.73188	4.63636	
5.98621	3.84444	8.61232	3.62121	
3.09195	2.82222	9.20652	4.78788	
5.67586	4.06667	8.79348	4.33333	
4.0069	3.66667	8.89855	5.66667	
3.86667	2.35556	10.5978	6.16667	
2.2092	3.68889	12.1957	4.42424	
2.68966	4.68889	6.38406	3.71212	
3.46437	3.6	5.82609	3.10606	
2.86207	3.62222	8.77536	4.5	
5.05747	3	10.0217	4.84848	
3.45057	3.55556	6.46014	6.13636	
3.85517	2.51111	9.25362	5.40909	
5.53103	3.51111	8.69565	5.95455	
1.93563	3.42222	6.05072	5.40909	
1.75402	2.97778	6.1413	4.06061	
3.66207	2.84444	6.18116	3.34848	
3.23908	3	6.96377	5.01515	
3.6092	3.66667	8.01812	4.86364	
2.54483	3.66667	10.8732	7.04545	
3.78391	2.35556	7.82246	5.27273	
2.08276	2.35556	8.9058	4.51515	
3.1931	4.64444	8.96014	4.5303	
3.8069	2.97778	6.36957	4.75758	
3.49885	2.35556	7.92029	5.31818	
3.81839	3.42222	9.28623	6.24242	
4.33333	3.42222	11.8514	4.36364	
2.07586	3.13333	6.69565	4.45455	
5.16322	4.22222	9.38768	5.07576	
1.72184	3.51111	9.17029	3.83333	
3.64368	4.11111	9.43116	4.57576	
4.81149	2.82222	7.17029	5.27273	
2.51264	4.17778	11.3007	6.45455	
4.09885	2.46667	8.30797	5.75758	
3.82529	3.64444	9.08333	2.9697	
4.48276	3.4	7.44565	5.86364	
2.3977	4.6	6.73551	5.27273	
2.81839	4.64444	8.07609	4.5303	
3.52874	4.48889	7.56884	4.34848	
2.86897	5.02222	9.65217	4.31818	
3.53333	3.84444	7.05072	5.90909	
3.90575	3.28889	6.84783	4.56061	
3.45057	3.6	6.8442	3.98485	
4.3977	2.62222	6.90942	3.65152	
2.6046	4.62222	8.6413	5.01515	
3.16322	3.15556	8.47826	7.54545	
2.88046	4.57778	7.42754	5.30303	
2.43448	3.68889	6.60145	4.57576	
3.29885	3.88889	7.21377	6.15152	
3.07356	3.24444	9.05797	5.75758	
2.08046	3.28889	7.35145	5.54545	
2.56782	2.86667	8.18841	4.81818	
3.18161	2.82222	8.89855	3.72727	
2.61149	2.77778	12.4457	3.48485	
2.74713	4.26667	9.81522	4.83333	
5.02989	3.17778	11.5906	5.0303	
4.41839	3.02222	6.67391	4.68182	
3.66667	3.53333	7.02174	4.16667	
2.56092	4.35556	9.83333	4.78788	
2.62299	3.33333	9.09783	5.56061	
2.02299	2.97778	11.4022	5.15152	
3.68736	2.53333	8.66304	4.33333	
2.96322	4.51111	10.7862	3.87879	
3.52874	4.35556	5.87681	4.12121	
4.83908	3.64444	14.7428	4.43939	
2.85517	4.51111	6.31159	5.45455	
3.85287	4.68889	6.64855	6.19697	
5.22529	3.35556	10.9058	3.83333	
3.91034	3.35556	7.18116	3.48485	
2.44138	3.62222	8.67029	5.01515	
3.32644	3.35556	6.98188	4.48485	
2.96322	3.6	8.03623	4.13636	
2.93793	3.28889	9.64493	4.42424	
3.01149	4.13333	7.85507	5.33333	
4.81609	3.02222	10.8152	5.21212	
2.63448	2.77778	10.8116	3.84848	
4.11264	2.62222	8.52174	4.84848	
3.83678	4.75556	6.55435	3.9697	
3.97931	2.2	9.3913	4.4697	
3.85517	2.46667	9.2971	4.54545	
3.26207	3.06667	7.85507	5.18182	
2.17241	2.2	8.41304	4.54545	
3.58851	3.4	6.36232	4.51515	
2.81609	4.13333	6.39855	4.43939	
2.88276	3.95556	13.1703	5.19697	
3.13333	4.06667	9.46739	3.42424	
1.51954	3.13333	8.21739	4.09091	
2.69425	2.77778	10.971	5.81818	
2.85517	3.17778	11.3732	3.5303	
2.91264	3.08889	9.32246	3.51515	
3.14483	3.84444	8.24638	5.78788	
4.27356	2.46667	6.99638	4.09091	
3.06897	3.97778	11.4601	4.57576	
2.37701	4.15556	6.50362	4.90909	
1.9931	3.17778	7.38768	4.60606	
4.10345	3.53333	6.4529	3.92424	
1.85977	4.51111	12.2826	4.43939	
4.1908	3.55556	9	5.69697	
1.9954	3.17778	8.36232	4.5	
5.17011	3	7.09058	6.34848	
4.38621	2.35556	9.63768	5.24242	
3.93793	3.37778	10.5	6.39394	
2.71494	2.77778	10.5217	4.10606	
4.69885	3.71111	10.8007	5.21212	
3.91034	2.2	8.62681	3.71212	
3.51494	3.26667	10.2681	3.21212	
3.48966	4.55556	6.61594	5.71212	
2.47586	3.31111	7.60507	4.13636	
5.04598	2.35556	11.3732	4.71212	
2.94483	4.02222	8.55797	4.07576	
3.42759	3.68889	6.2971	3.28788	
3.56092	2.82222	6.52899	4.40909	
3.70115	4.66667	8.06522	5.25758	
2.01839	2.86667	9.98551	4.34848	
2.36322	3.53333	12.3478	3.86364	
3.14483	3.6	9.11594	4.89394	
3.96782	2.84444	9.44565	5.07576	
7.69885	4.28889	10.3007	2.9697	
4.34253	3.33333	10.5797	4.48485	
1.81609	3.06667	8.3442	4.16667	
4.33563	4.22222	7.19203	3.72727	
2.94253	4.08889	10.2572	4	
3.56782	3.8	7.81884	4.37879	
2.76782	4.06667	12.0362	4.86364	
3	4.51111	8.6558	4.31818	
3.7931	2.51111	15.1594	4.01515	
3.04828	3.35556	7.75	5.68182	
2.89655	4.33333	9.1558	3.80303	
2.06667	3.8	5.48188	4.48485	
3.64368	3.15556	7.07609	5.9697	
1.70575	4.22222	7.76449	3.45455	
3.2023	3.75556	9.56159	4.16667	
2.44598	3.37778	9.93116	4.39394	
2.62529	2.97778	6.96014	6.71212	
4.55402	4.73333	10.2971	4.13636	
2.34713	4.8	8.51812	5.30303	
4.2023	4.2	9.82246	5.16667	
2.16092	3.71111	10.4058	5.63636	
3.16782	3.37778	8.69928	4.60606	
2.05517	3.28889	9.32609	3.45455	
2.47126	3.48889	7.72101	5.33333	
2.94483	2.86667	9.12319	5.33333	
2.2	3.68889	10.663	6.07576	
4.2092	4.31111	5.94565	3.66667	
3.03678	2.91111	6.4529	4.31818	
2.89425	2.88889	8.92029	4.72727	
3.17701	3.51111	8.76449	4.12121	
2.8046	3.31111	8.80072	3.69697	
4.26437	4.31111	9.89855	5.06061	
2.85057	3.93333	6.78261	4.69697	
2.94023	3.75556	7.7029	4.87879	
2.57931	3.2	9.00362	5.37879	
3.27356	3.53333	7.92754	5.62121	
2.53563	2.86667	8.55435	3.71212	
2.23218	3.37778	5.98913	3.72727	
2.18621	2.35556	9.6413	3.92424	
3.41149	2.62222	11.8333	4.45455	
2.71034	2.62222	7.28261	4.60606	
3.27126	2.93333	7.34783	3.5303	
3.2046	4.86667	6.29348	5.27273	
3.48736	4.8	6.30797	4.19697	
2.71954	3.35556	6.66667	5.51515	
3	4.55556	7.8913	5.39394	
2.41839	3.84444	8.26087	4.65152	
2.34023	4.06667	8.82246	4.54545	
2.45977	3.62222	10.1232	4.83333	
3.90575	3.46667	7.8587	4.83333	
3.01379	3.68889	8.9058	4.86364	
3.57471	3.17778	8.46377	3.48485	
3.56782	2.2	5.82609	3.66667	
2.16322	3.13333	7.65942	4	
2.08966	4.4	9.50362	5.06061	
4.32874	2.68889	6.79348	4.84848	
2.78391	3.31111	6.05072	3.59091	
3	2.68889	12.2138	3.59091	
2.18851	2.2	6.81884	4.71212	
3.22759	3.22222	6.36232	3.95455	
2.93793	3.53333	7.9058	3.37879	
3.82989	3.88889	8.97464	4.48485	
3.71724	4.33333	8.12319	4.65152	
2.4092	3.13333	6.42029	5.56061	
3.28736	5.53333	12.4239	5.51515	
3.32414	4.53333	6.13406	4.74242	
2.76552	2.51111	5.86594	5.75758	
2.4092	3.88889	10.8949	4.59091	
4.41149	2.84444	5.74275	4.4697	
2.61839	5.37778	6.80072	3.42424	
1.91264	3.93333	11.779	4.07576	
4.22759	2.62222	6.46377	3.98485	
3.53103	4.22222	8.36957	6.07576	
3.46437	3.31111	11.7391	3.75758	
4.28506	3.24444	7.13768	3.07576	
3.08506	4.46667	7.36594	4.04545	
2.93563	5.04444	9.63768	2.9697	
2.9908	2.77778	9.41667	4.57576	
4.56552	2.8	8.53623	5.07576	
4.03908	4.6	6.10507	4.81818	
3.98851	2.66667	7.99275	5.07576	
2.22989	3.44444	6.6413	3.51515	
3.50575	3.95556	8.02899	3.69697	
3.23678	2.68889	8.59058	7.31818	
3.12644	3.22222	6.59058	4.13636	
2.22529	2.2	6.26449	4.43939	
4.5931	5.2	7.58696	3.95455	
3.27816	2.82222	7.13406	4.12121	
3.28046	3.71111	7.50725	4.71212	
3.97011	3.6	11.6558	4.10606	
3.45287	3.02222	6.08696	4.93939	
4.15862	3	8.07246	4.27273	
4.24828	3.44444	7.98188	3.69697	
3.27356	3.06667	9.18841	4.27273	
3.73563	4.86667	8.77536	5.28788	
3.27816	3.86667	5.55797	5.57576	
2.71264	3.8	6.19203	4.54545	
3.86207	4	5.49638	3.74242	
2.64598	2.62222	8.69203	6.12121	
3.32184	3	6.77899	3.48485	
4.10575	5.51111	6.99638	4.31818	
4.21609	2.84444	6.4058	4.19697	
2.91494	2.86667	6.77174	6.18182	
3.14713	2.2	9.27174	4.74242	
2.31724	4.11111	6.05797	3.56061	
3.38161	3.44444	10.0471	4.19697	
2.37241	3.66667	10.1594	4.25758	
4.57931	3.02222	10.0181	3.93939	
3.52414	3.93333	6.43116	3.80303	
4.07586	3.24444	6.5942	4.72727	
2.34253	2.71111	7.19565	4.5303	
4.29425	4.6	6.71739	6.07576	
2.91034	3.06667	11.3225	5.31818	
4.13563	3.2	14.6159	5.69697	
3.5908	4.28889	6.9529	6.10606	
3.46207	3	9.06159	4.16667	
3.32644	3.6	11.6667	5.71212	
3.05977	2.35556	9.76812	4.04545	
4.1977	2.35556	9.94565	3.93939	
2.54483	5.33333	6.27174	3.48485	
4.25747	4.77778	11.5761	4.4697	
3.53103	5.44444	7.01449	4.30303	
2.28276	2.53333	8.10145	3.56061	
2.92184	3.71111	9.0471	4.74242	
3.43448	3.31111	7.35507	3.65152	
3.31954	3.24444	5.24638	3.69697	
3.69195	2.35556	7.70652	4.28788	
2.14483	4.97778	8.17029	4.06061	
3.08966	3.93333	8.22826	3.65152	
2.67816	3.26667	6.88043	4.36364	
4.03908	2.97778	7.74638	5.5303	
3.12644	2.53333	6.69928	4.62121	
3.69885	3.8	7.78986	5.69697	
2.22529	2.62222	9.05797	5.06061	
3.07126	3.13333	6.49275	5.28788	
2.48276	3.08889	5.73551	5.12121	
3.18851	3.4	6.9529	3.62121	
3.28736	3.4	7.10145	4.42424	
3.27356	3.95556	11.5797	4.33333	
4.17931	2.91111	5.94928	5.71212	
3.46667	2.95556	7.51087	4.86364	
2.49195	3.71111	6.31159	2.9697	
4.06207	2.35556	9.97826	4.69697	
3.48276	3.8	8.03623	4.95455	
2.92414	4.53333	6.17391	4.60606	
2.95402	3.62222	9.03623	4.57576	
4.32414	4.2	7.18116	5.68182	
1.91264	2.46667	5.05797	5.12121	
3.7908	3.35556	6.52899	6.22727	
3.23678	4.13333	6.02899	4.33333	
5.01839	3.68889	8.05435	5.71212	
2.82529	3.42222	7.38043	5.21212	
2.28276	3.42222	7.87319	4.68182	
2.64828	4.04444	8.11957	4.31818	
3.34483	4.11111	7.90217	5.27273	
3.91264	4.2	7.06159	4.62121	
2.88736	3.22222	6.1558	5.28788	
5.26207	3.64444	7.56522	5.87879	
4.93563	3.2	7.41304	4.42424	
4.16092	4.22222	6.34783	3.75758	
3.11494	3.04444	6.93116	3.83333	
3.44828	4.6	5.92029	3.60606	
3.42299	2.66667	6.95652	4.21212	
3.68736	4.24444	11.1341	4.54545	
2.71724	2.86667	6.91667	6.48485	
4.46667	2.82222	7.71014	3.86364	
2.94713	3.88889	6.55435	4.75758	
2.94483	2.88889	11.3116	5.74242	
2.66667	3.33333	8.07609	3.77273	
2.74943	3.68889	7.97464	5.37879	
3.68966	3.53333	9.31884	3.92424	
3.83218	3.2	7.76087	3.98485	
3.34713	3.13333	8.01449	4.22727	
4.82069	2.2	7.47826	4.16667	
2.7908	2.73333	10.1377	5.12121	
3.17241	4.68889	8.87681	5.21212	
3.97471	3.64444	7.90217	5.48485	
3.12644	2.55556	7.76449	4.25758	
4.43678	3.35556	9.41667	4.63636	
3.44828	2.77778	8.52536	4.36364	
3.57701	2.95556	7.06159	4.39394	
2.85517	2.86667	9.01449	4.34848	
4.45057	3.22222	10.221	4.13636	
3.86207	3.2	8.91667	5.51515	
2.94943	3.28889	6.87319	3.56061	
4.67126	4.04444	10.1522	4.83333	
3.76782	2.51111	8.23913	4.90909	
3.31034	3.28889	6.67391	4.43939	
4.18621	2.2	10.2971	3.9697	
3.36552	4.15556	9.10507	3.37879	
3.18621	3.13333	10.4239	4.51515	
2.50345	2.46667	9.83333	4.06061	
4.01149	2.86667	11.8333	3.83333	
2.33103	3.42222	6.6087	7.0303	
3.34713	3.95556	8.52536	5.59091	
4.65977	2.86667	7.44928	2.9697	
2.25747	3.46667	7.86232	4.5303	
2.12184	3.24444	11.4094	4.28788	
3.57011	4.13333	12.1812	4.89394	
4.85517	4.48889	6.56884	4.19697	
2.87126	4.08889	7.14493	4.92424	
3.57241	3.26667	9.98551	4.24242	
1.86437	2.2	5.94203	5.27273	
3.30345	2.77778	8.3442	6.68182	
3.92414	3.51111	6.69203	3.4697	
3.18851	3.24444	10.4167	4.28788	
2.14483	2.35556	13.1884	3.87879	
3.10805	3.04444	14.471	5.27273	
4.95172	3.91111	8.51449	2.9697	
4.08506	2.51111	9.7029	3.89394	
4.31264	2.68889	7.35507	3.24242	
2.49885	2.53333	7.83696	6.24242	
4.89195	3.08889	7.73188	4.9697	
2.5954	3.97778	9.41304	4.13636	
3.91954	3.57778	6.99638	4.4697	
3.90805	2.91111	6.76812	6.25758	
3.30805	2.55556	6.77536	5.98485	
3.04828	2.84444	6.91304	4.92424	
2.46437	3.24444	11.8442	6.42424	
3.42069	4.22222	10.2319	4.12121	
4.87126	3.57778	11.9601	3.93939	
2.26667	3.71111	8.33696	4.34848	
2.3908	4.88889	8.11232	3.83333	
2.81609	3.02222	7.78261	5.34848	
3.01379	4.53333	8.38406	4.57576	
3.57471	2.82222	7.24638	3.9697	
4.05517	2.77778	11.1703	5.13636	
3.34023	3.62222	7.82609	4	
3.44138	2.88889	6.59783	4.5	
4.82299	3.4	11.9384	3.21212	
2.50345	3.13333	9.53261	4.24242	
4.83678	2.2	7.09783	4.74242	
2.83448	2.97778	7.52536	5.65152	
3.23218	3.2	7.56522	4.21212	
5.33103	3.28889	5.98188	4.22727	
2.68046	3.51111	7.66667	5.24242	
3.78391	2.35556	8.96739	4.19697	
3.72414	3.68889	8.63043	4.90909	
1.75862	2.66667	9.31522	3.9697	
4.2069	3.88889	8.92754	5.10606	
3.68046	2.73333	12.8804	3.59091	
1.94253	3.06667	6.66667	4.56061	
4.27816	3.35556	6.16304	6.12121	
2.69425	2.77778	9.56159	4.28788	
3.25517	3.53333	6.30435	5.83333	
2.62069	3.11111	7.80797	3.83333	
2.54943	2.77778	7.02536	3.60606	
1.86897	4.13333	10.0435	6.75758	
2.30345	2.66667	9.60145	4.98485	
3.41839	2.8	8.90942	5.45455	
2.71724	4.68889	9.22464	4.87879	
3.43448	4.91111	8.51812	3.83333	
3.28046	3.13333	5.83333	6.16667	
3.94023	2.53333	8.35145	4.31818	
3.08046	4.2	8.41304	4.71212	
2.73103	4.22222	7.75725	3.62121	
3.27816	4.48889	7.25362	3.51515	
3.57241	2.95556	7.00362	5.60606	
2.82529	2.68889	10.2355	3.71212	
3.15632	4.35556	7.96014	3.90909	
2.92874	2.82222	9.84783	4.66667	
3.4069	3.6	6.17391	5.07576	
4.69655	2.55556	7.96739	5.10606	
5.45057	2.62222	10.6449	4.36364	
3.27356	2.93333	11.808	7.0303	
4.03218	4.15556	9.38768	5.0303	
3.02069	4.28889	6.36957	3.21212	
2.24828	2.62222	8.99275	6.5	
2.9931	4.86667	11.8949	4.42424	
4.23678	2.77778	6.92029	4.9697	
4.57471	3.55556	6.68841	4.22727	
4.41149	3.28889	9.98913	4.83333	
3.42299	3.17778	8.72464	4.54545	
3.91954	2.66667	7.42029	3.63636	
3.3977	3.84444	7.93116	6.07576	
3.65517	2.86667	9.80797	5.31818	
3.35402	3.26667	9.4058	3.48485	
2.10805	4.04444	5.6087	5.09091	
5.94023	2.2	5.75725	4.42424	
2.72874	4.22222	7.72826	4.5303	
4.77931	3.46667	6.82246	5.18182	
4.07586	3.77778	7.80797	4.80303	
7.03678	2.97778	9.06159	3.10606	
4.69425	4.53333	9.39855	5.89394	
2.7931	3.2	10.3514	4.33333	
2.24598	2.84444	7.49275	5.66667	
2.50575	3.53333	6.43841	6.01515	
3.04368	3.66667	10.9094	5.07576	
2.90575	3.95556	8.68116	6.60606	
2.85287	3.17778	6.98551	5.22727	
3.28966	2.53333	7.96739	3.95455	
2.67356	2.84444	8.01087	4.07576	
3.0046	4.33333	8.40217	6.13636	
2.78161	4.8	8.02899	4.86364	
2.13333	3.57778	7.48913	4.30303	
2.78621	4.33333	6.42754	4.19697	
3.11494	3.46667	6.28986	4.9697	
3.29195	3.48889	7.08696	4.5303	
3.49655	3.24444	10.0616	3.69697	
4.06667	3.24444	6.87319	3.93939	
4.13563	3.88889	6.13768	4.21212	
3.47356	4.31111	9.15942	3.89394	
1.82989	3.04444	9.00362	4.65152	
2.9954	3.22222	7.50362	3.78788	
3.4	2.66667	7.8442	4.24242	
4.06667	4.35556	7.88406	4.74242	
3.3908	4.33333	8.91304	5.10606	
3.88736	3.4	8.66667	5.60606	
3.10345	4.4	8.88768	4.42424	
3.82299	3.28889	8.0471	4	
4.42759	3.33333	10.3478	3.59091	
3.05977	2.71111	8.5	5.95455	
3.12874	3.46667	9.23188	4.43939	
3.48506	2.66667	11.5543	4.86364	
4.46207	3.13333	5.87319	5.78788	
3.72874	3.55556	5.69203	5.92424	
1.67126	3.13333	9.40217	4.72727	
5.33563	2.8	9.7971	6.48485	
5.17011	3.64444	6.95652	2.9697	
3.01379	4.46667	8.15942	4.16667	
2.85747	2.77778	10.7935	5.72727	
4.0046	3.51111	6.48188	3.56061	
2.33793	4.31111	8.06159	3.56061	
3.32184	3.24444	6.87319	4.13636	
2.34943	2.84444	7.75362	4.84848	
2.98161	4.82222	6.76087	3.84848	
3.13103	3.13333	10.2029	4.74242	
2.38161	3.33333	8.63043	5.12121	
3.84368	2.77778	9.63043	3.57576	
2.06437	3.68889	9.01449	4.25758	
4.1954	4.22222	11.1449	4.80303	
2.72874	2.2	7.24638	4.62121	
2.67586	3.48889	10.837	4.19697	
2.07356	2.77778	7.88768	5.62121	
3.94713	4.13333	5.9058	3.78788	
3.21609	4.82222	8.96377	4.65152	
2.6092	4.15556	6.65217	5.01515	
4.52874	3.77778	9.32246	5.09091	
3.91034	2.82222	9.87319	3.34848	
2.17011	4.22222	8.94565	4.75758	
4.13793	3.4	11.1268	5.31818	
4.22759	3.46667	8.4058	5.22727	
3.53563	4.95556	10.6522	5.63636	
2.67126	2.35556	5.28623	5.42424	
2.22299	3.93333	7.91304	4.87879	
3.42299	2.35556	8.17391	4.39394	
3.28736	2.82222	7.49275	7.16667	
6.76322	4.24444	8.26087	4.65152	
2.23908	3.35556	11.9638	3.74242	
3.21609	4.26667	9.44203	4.74242	
6.28736	3.28889	7.52536	5.10606	
1.8092	4.68889	9.48188	4.21212	
4.0023	4.24444	9.44928	3.63636	
2.3954	3.15556	6.07246	4.69697	
2.32414	4.26667	8.49275	4.87879	
3.29655	3.13333	8.43116	6.01515	
2.0023	3.86667	6.5942	4.63636	
3.18851	4.06667	9.10507	5.9697	
4.36782	4.73333	4.9529	4.63636	
2.5908	2.68889	11.0543	4.27273	
2.18391	2.95556	6.52174	6.90909	
4.12414	4.13333	12.1159	4.60606	
2.11494	3.4	6.13043	5.09091	
3.91494	5.35556	10.9275	5.60606	
3.4046	3.13333	9.93116	4.09091	
3.66667	2.2	10.9783	4.89394	
1.3954	4.6	10.7246	4.74242	
2.14253	3.17778	7.19565	4.56061	
3.65287	5.73333	6.0942	4.60606	
3.6069	4.02222	7.6413	5.37879	
3.55862	2.2	8.42029	4.74242	
3.96782	4.71111	12.4493	6.4697	
4.36322	4.62222	7.83696	6.42424	
4.23678	2.84444	12.163	4.39394	
3.03908	3.51111	10	4.87879	
2.88276	3.86667	6.8442	5.04545	
3.90805	4.53333	9.82609	4.22727	
6.46207	2.2	5.45652	6.04545	
3.63908	3.77778	12.3514	4.89394	
2.37701	2.88889	6.31884	6.5	
2.87126	3.46667	11.3986	4.06061	
2.88966	2.51111	5.91667	4.39394	
4.44138	3.17778	9.13406	3.62121	
3.53793	2.86667	9.93478	7.27273	
2.77471	2.51111	10.692	3.65152	
3.1931	3.8	8.30797	4.40909	
4.03678	3.26667	6.28261	3.9697	
3.65747	4.02222	10.7681	4.80303	
7.32644	4.11111	8.4058	4.80303	
3.01609	2.62222	9.51087	5	
2.34943	4.17778	7.95652	4.93939	
4.73333	3.02222	13.6522	4.24242	
3.7931	3.28889	6.06884	4.90909	
3.09885	3.04444	8.03623	4.62121	
4	4.2	10.3659	4.36364	
3.38621	2.66667	12.2174	4.16667	
1.67816	3.84444	6.22826	3.66667	
2.98621	2.62222	8.5942	4.60606	
2.71264	2.2	11.4275	5.4697	
4.1908	3.08889	9.33696	4.48485	
2.75862	2.2	9.19203	5.63636	
4.36552	3.13333	10.5616	4.83333	
4.88276	3.66667	9.66667	5.0303	
3.38161	2.51111	9.38768	3.56061	
4.84138	3.02222	9.32246	4.09091	
2.17471	3.86667	5.22101	4.37879	
3.74253	3.06667	6.30072	4.54545	
2.90575	2.51111	9.60145	4.09091	
3.56092	2.8	7.80072	4.43939	
2.83448	2.68889	8.02174	6.56061	
2.25517	3.28889	8.50725	2.9697	
5.29195	4.02222	8.16667	4.72727	
3.48966	2.51111	9.02174	4.5303	
4.30575	2.97778	8.52536	5.25758	
1.91034	4.53333	7.75362	5.10606	
4.22989	3.33333	8.53261	3.51515	
2.54483	4.53333	11.4601	4.5303	
2.68046	2.62222	5.80435	3.24242	
3.03908	3.13333	7.07609	6.22727	
1.69195	3.55556	8.78261	3.98485	
3.26437	3.57778	9.62319	4.89394	
3.67586	2.71111	9.71377	5.66667	
3.74483	3.08889	6.84783	4.28788	
4.09885	3.93333	9.46739	4.5	
3.72644	4.66667	11.8406	3.9697	
2.65287	4.35556	7.87681	3.66667	
2.6023	3.53333	10	4.84848	
3.0046	4.33333	9.26087	5.57576	
3.73793	3.42222	7.20652	3.90909	
5.48276	4.2	9.84058	4.71212	
3.61609	2.97778	9.30797	4.93939	
2.29655	3.73333	5.88406	4.77273	
2.13793	2.35556	10.0652	5.31818	
3.13563	4.11111	7.0942	4.04545	
3.77241	3.68889	8.91667	4.74242	
2.57931	2.46667	9.80797	5.12121	
3.35402	3.33333	6.74638	3.34848	
2.57931	2.77778	9.81159	3.59091	
5.1977	2.97778	8.62319	4.21212	
5.02759	3.28889	8.06159	4.48485	
3.93333	2.97778	8.47101	6.10606	
2.75172	2.88889	6.41667	5.81818	
3.36782	2.53333	10.8587	3.92424	
3.07356	3.48889	7.11594	4.43939	
2.22069	4.2	9.36594	4.56061	
4.05287	4.06667	11.5761	4.80303	
4.97471	2.88889	7.35507	3.75758	
4.62759	3.95556	9.21377	4.56061	
2.08506	2.35556	9.89855	4.16667	
2.02989	3.95556	8.59058	5.45455	
2.24828	4.26667	10.8623	3.69697	
2.91034	5.75556	8.73188	3.31818	
2.09195	2.73333	11.7029	5.31818	
6.31034	3.62222	6.44928	5.15152	
3.29425	4.71111	5.58696	4.27273	
3.96782	5.53333	10.1594	5.04545	
3.93333	2.86667	7.18841	4.24242	
3.68966	2.77778	5.70652	4.31818	
5.09885	3.24444	10.6413	4.87879	
3.37931	3.02222	7.42029	5.69697	
3.61839	4.6	8.53623	4.93939	
4.22529	3.13333	6.00362	5.48485	
6.6046	3.06667	8.15942	4.15152	
4.15632	3	10.7862	3.45455	
2.95172	2.51111	5.34783	5	
1.51954	3	6.04348	4.21212	
3.08966	2.71111	9.45652	4.42424	
4.10345	3.28889	7.86232	4.77273	
1.94023	3.06667	7.85507	3.33333	
1.93103	3.53333	7.35507	5.06061	
3.32874	4.86667	11.6594	4.15152	
4.50575	2.73333	8.50362	5.40909	
2.51034	3.86667	10.5072	3.56061	
3.11034	3.8	7.25725	4.83333	
2.83908	3.71111	12.1449	5.69697	
3.24368	2.35556	7.44928	4.42424	
3.33563	4.57778	11.2826	6.25758	
3.36552	3.71111	7.16667	5.27273	
7.38851	3.04444	5.50725	4.57576	
5.17471	4.51111	12.3949	6.36364	
2.23908	3.93333	11.4203	4.66667	
2.66207	5	7.6558	4.09091	
2.29885	3.15556	8.3587	5.21212	
2.47586	2.97778	11.0254	5.74242	
2.66667	2.51111	9.84058	4.56061	
2.29195	3.91111	8.07609	5.4697	
3.53563	3.35556	7.33696	4.83333	
1.94943	3.15556	8.08696	4.86364	
2.63448	2.88889	5.30797	4.60606	
4.75402	2.95556	5.74638	5.98485	
4.63218	2.82222	8.32609	4.09091	
3.10805	4.13333	10.5254	5.06061	
2.56322	4.53333	7.22101	5.63636	
4.71264	3.77778	5.68478	5.09091	
2.26437	2.97778	5.91667	4.86364	
4.37701	2.66667	8.49638	4.86364	
2.74483	4.71111	8.09783	2.9697	
3.78161	3.8	6.51087	4.56061	
4.25977	2.66667	7.82609	4.89394	
2.58851	2.68889	6.16667	4.28788	
3.53103	3.04444	7.57971	5.71212	
2.4023	2.86667	6.39855	5.09091	
3.5954	3.88889	6.39493	6.01515	
5.11264	3.95556	8.03623	4.95455	
3.91494	3.75556	10.4601	4.51515	
2.42989	2.62222	7.97101	3.10606	
3.17471	2.97778	9.43116	7.43939	
2.50345	3.86667	8.7971	3.21212	
2.67586	3.95556	8.67754	5.18182	
2.68506	4.88889	8.33696	3.56061	
3.54483	4.55556	9.94928	5.30303	
5.06897	3.02222	6.98913	6.5	
4.47356	3.13333	9.56884	4.45455	
2.72184	2.2	6.4058	5.42424	
5.05287	2.86667	5.78986	4.22727	
2.65057	2.51111	12.8007	4.45455	
2.02299	4.4	11.1341	4.37879	
2.6	3.71111	6.84058	5.81818	
2.02759	3.17778	6.49275	4.66667	
4.64368	2.62222	7.54348	3.48485	
3.06667	4.95556	5.77899	3.9697	
4.1977	2.97778	6.80797	5.34848	
3.63678	4.95556	8.21014	3.60606	
3.91494	3.95556	7.6087	3.71212	
3.08276	3.13333	8.11957	3.98485	
3.56552	3.06667	8.47101	5.72727	
2.86897	3.35556	6.09783	4.19697	
4.7908	4.2	9.57246	4.72727	
3.22069	4.08889	8.03986	4.43939	
2.54023	4.06667	9.5	4.80303	
2.92874	3.15556	7.78623	5.59091	
4.50115	3.62222	7.86232	5.12121	
4.13333	3.4	8.4529	6.84848	
5.41149	3.73333	7.6558	5.10606	
5.33103	3.11111	7.19565	4.12121	
3.66437	4.06667	6.51087	5.31818	
1.96322	3.64444	6.44203	3.59091	
3.42529	2.88889	4.57971	3.86364	
2.57931	2.82222	8.2029	5.22727	
2.83448	4.4	7.96739	4.31818	
2.68046	3.73333	7.30797	4.48485	
4.72644	3.08889	8.8587	6.54545	
3.18161	2.51111	7.66667	3.45455	
5.07356	3.55556	6.53261	5.80303	
3.68506	3.44444	9.11232	3.74242	
3.51494	2.2	6.52899	4.92424	
5.1977	3.26667	6.39493	4.84848	
3.92184	3.93333	5.36232	3.21212	
2.61149	4.64444	9.86232	4.83333	
3.72874	3.88889	9.20652	5.36364	
5.6069	3.77778	10.4312	5.09091	
3.04828	2.93333	5.76087	5.40909	
3.25287	4.2	8.50362	4.22727	
3.64828	4.48889	9.94565	5.36364	
4.11494	3.93333	7.1087	4.83333	
3.56092	3.37778	5.42029	3.95455	
2.95632	2.66667	10.1957	4.07576	
3.17701	3.15556	7.24638	5.72727	
2.06207	3.04444	8.59058	3.66667	
3.41839	3.6	9.05435	4.01515	
4.30575	3.37778	8.32609	3.90909	
2.34253	2.53333	6.83333	3.24242	
4.25977	4.53333	12.6667	5.22727	
3.13333	3.02222	6.46739	6.68182	
3.14483	2.2	8.72464	3.56061	
1.97701	4.13333	8.48913	5.0303	
1.8092	2.84444	8.97101	5.21212	
3.4	3.22222	8.76449	6.39394	
