ThetaFW[0]	ThetaFW[1]	ThetaFW[2]	ThetaFW[3]	
5.14713	2.37778	1.21014	2.57576	
8.7954	9.2	1.42029	6.19697	
0.43908	1.44444	16.1377	2.06061	
1.81839	0.444444	3.4529	8.19697	
0.172414	5.31111	10.1304	1.60606	
5.30115	3.53333	5.7029	3.90909	
4.49885	0.844444	7.83696	6.10606	
0.466667	3.31111	5.20652	7.04545	
0.365517	1.04444	1.94203	3.66667	
3.97471	1.77778	2.92391	3.07576	
1.11034	1.06667	4.68116	4.9697	
9.54023	2.28889	6.88406	3.19697	
3.52184	4.42222	3.87681	4.16667	
2.08966	3.11111	11.2283	13.5758	
3.28046	3.04444	4.08333	1.63636	
5.76552	1.11111	5.86594	2.83333	
4.5931	2.71111	4.77174	2.74242	
0.643678	0.311111	6.57246	5.13636	
2.09195	1.88889	10.192	2.34848	
3.23218	0.244444	16.5543	6.01515	
3.11494	2.4	11.8986	4.90909	
4.43218	8.35556	4.83696	2.28788	
1.57931	2.37778	10.163	1.80303	
1.17471	1.44444	2.18478	3.65152	
0.402299	2.64444	3.26087	4.33333	
0.549425	3.57778	3.68116	1.65152	
1.74483	6.71111	4.47464	5.5	
4.0046	3.86667	7.45652	6.16667	
0.105747	2.75556	5.85145	4.75758	
0.193103	6.44444	13.442	3.77273	
3.9908	5.71111	6.43841	5.69697	
2.07126	0.577778	4.36594	3.4697	
4.24138	8.91111	6.68841	4.57576	
1.64138	1.75556	8.92391	3.60606	
1.07816	6	4.88406	2.06061	
4.6046	6.44444	5.6087	3.69697	
4.21609	0.733333	9.67391	1.78788	
1.07816	0.311111	3.3587	1.81818	
1.05287	3.15556	1.78623	1.37879	
2.65287	5.97778	6.2971	5.5	
0.298851	0.8	2.02174	0.348485	
0.983908	4.77778	5.98188	1.93939	
1.1954	3.24444	16.8696	4.25758	
1.91494	4.51111	5.19928	7.57576	
2.51724	2.35556	8.23551	7.40909	
0.908046	2.86667	4.15217	1.45455	
3.53793	1.13333	3.37681	4.65152	
0.958621	7.95556	7.39493	1.43939	
1.71264	6.62222	5.52899	4.43939	
0.593103	5.57778	5.53261	5.30303	
1.30345	2.37778	6.1413	2.89394	
0.517241	4.64444	1.60507	2.92424	
2.6023	0.377778	6.96377	10.2273	
2.18621	3.97778	7.07971	12.7121	
2.81839	3.51111	8.72826	2.09091	
1.49425	2.62222	9.26087	4.06061	
1.81839	4.31111	5.42754	2.25758	
0.28046	2.48889	10.4275	2.80303	
0.342529	1.71111	6.6558	7.4697	
2.85747	1.04444	8.9058	1.59091	
2.58391	4.93333	4.51087	3.27273	
2.11724	4.46667	1.9529	3.42424	
4.28966	8.91111	5.12681	1.01515	
0.45977	1.46667	2.49638	2.83333	
3.4046	6.55556	7.09783	3.98485	
1.86667	5.97778	11.6341	0.621212	
1.27356	0.777778	6.81884	3.01515	
4.57931	4.91111	2.10145	8.93939	
6.35172	1.8	3.82246	3.28788	
6.62759	0.622222	3.21014	1.62121	
0.857471	1.17778	7.83696	2.21212	
2.61379	5.15556	2.77174	1.34848	
0.468966	0.977778	9.34058	4.56061	
3.02989	7.37778	6.51087	6.89394	
0.970115	7.42222	5.1413	2.87879	
3.42529	3.24444	7.01449	5.93939	
0.590805	1.8	3.28986	11.0152	
3.4069	6.26667	11.808	3.66667	
3.3954	5.24444	7.61232	0.878788	
1.5954	4.46667	12.2572	7.93939	
2.25747	1.91111	2.28261	2.83333	
4.05287	0.511111	7.36957	3.10606	
1.9954	7.66667	5.62319	2.15152	
2.57701	1.84444	8.43478	6.01515	
0.51954	2.15556	5.85145	6.25758	
3.33103	2.4	10.4275	2.13636	
3.29425	1.08889	4.47826	2.28788	
2.82529	3.24444	6.26449	1.27273	
3.23908	6.02222	4.55797	5.75758	
0.910345	5.35556	5.42754	4.04545	
4.46207	2.97778	4.46739	5.83333	
1.93563	2.91111	4.90217	3.83333	
1.11034	2	5.57971	2.28788	
2.44598	2.02222	3.71377	2.54545	
2.06667	4.88889	4.55072	6.92424	
2.6092	4.22222	7.65217	2.28788	
3.45287	4.84444	4.80435	4.59091	
4.27356	0.8	4.67391	2.01515	
0.754023	2.44444	4.47464	1.37879	
3.81839	7.35556	3.72464	0.393939	
5.07586	1.64444	2.98913	4.75758	
1.84598	2.08889	8.18478	5.72727	
1.02989	4.2	8.67029	2.84848	
2.88046	3.68889	3.46014	3.93939	
0.473563	1.2	5.03623	4.43939	
0.770115	2.37778	8.65942	0.954545	
0.114943	1.8	5.98913	6.65152	
0.671264	0.511111	4.82246	2.19697	
0.475862	1.84444	3.62681	8.80303	
2.13103	1.95556	5.83333	5.10606	
1.57471	5.11111	2.80072	3.25758	
0.972414	0.511111	10.0688	3.28788	
0.949425	6.17778	7.06159	1.21212	
8.97701	2.26667	0.713768	7.84848	
2.3908	2.06667	8.48188	3.36364	
0.172414	2.2	3.26449	5.28788	
5.66667	1.57778	6.19928	2.66667	
0.675862	3.28889	12.1449	5.51515	
0.616092	4.82222	6.09783	4.51515	
0.266667	3.04444	11.9312	1.5303	
1.69195	0.422222	3.78986	1.60606	
0.908046	3.8	6.01449	6.81818	
2.78391	3.93333	5.96377	2.01515	
0.65977	0.555556	4.61232	3.78788	
4.27126	1.71111	5.09058	1.72727	
1.72874	1.48889	4.86957	3.22727	
1.81839	3.11111	18.4203	2.89394	
4.95402	2.77778	9.96739	9.22727	
0.6	2.4	20.4674	3.57576	
1.77471	2.57778	9.05072	3.15152	
2.71724	2.28889	5.30072	3.5	
2.17931	2.13333	2.36594	2.60606	
2.2069	3.68889	2.99638	5.10606	
4.4046	0.511111	2.6413	6.69697	
3.3908	1.2	3.28261	4.04545	
1.55632	0.733333	5.91304	6.15152	
2.27586	1.51111	6.62681	4.33333	
0.574713	0.911111	3.62681	3.30303	
1.55862	3.28889	5.78986	4.06061	
2.49195	0.977778	2.52536	8.10606	
2.13793	0.377778	9.4529	3.27273	
1.6046	1.84444	5.9058	3.33333	
1.98621	3.06667	13.8261	3.84848	
3.01839	0.844444	6.81159	1.86364	
1.76092	3.37778	3.7971	2.77273	
2.10575	3.04444	7.37319	4.18182	
0.209195	2.86667	8.14855	6	
0.629885	0.955556	3.42754	4.87879	
2.96552	5.82222	2.13768	3.16667	
2.28966	0.377778	7.66304	3.15152	
1.17011	0.244444	6.81159	4.93939	
5.0069	0.688889	6.98188	1.07576	
1.94023	2.44444	4.0471	1.80303	
3.53563	2.37778	13.4384	5.80303	
2.63678	2.71111	9.68478	1.31818	
0.990805	2.93333	8.57971	1.5	
1.44598	1.64444	8.52174	7.06061	
2.48966	1.91111	5.27536	4.45455	
1.95172	1.04444	6.35507	6	
3.96782	1.91111	6.98551	4.01515	
3.2092	1.31111	1.5942	2.4697	
0.377011	1.62222	4.62681	1.60606	
0.0850575	4.13333	3.94565	2.57576	
0.498851	1.26667	3.90217	5.63636	
2.72874	3.75556	5.36957	2.42424	
4.8046	1.17778	4.82971	3.74242	
5.98851	1.48889	3.55435	4.54545	
4.35632	3.35556	6.02174	4.83333	
2.05517	3.35556	9.9529	5.89394	
0.806897	2.26667	11.8986	2.84848	
2.97931	2.35556	8.18478	2.37879	
0.11954	1.57778	8.34783	3.93939	
3.55632	2.02222	3.0942	3.27273	
0.977011	6.11111	2.18116	3.4697	
0.177011	3.91111	3.52536	4.48485	
2.86897	3.46667	4.66667	2.56061	
1.01609	3.11111	7.02174	0.757576	
1.57241	2.15556	2.40942	6.80303	
0.618391	1	13.8551	7.95455	
1.55402	2.73333	4.96377	4.18182	
3.0023	3.22222	7.72101	0.424242	
2.15632	4.02222	2.97101	1.60606	
0.678161	0.511111	2.81159	4.22727	
1.70575	3.42222	1.48551	1.63636	
3.11954	3.55556	0.692029	3.80303	
1.36782	0.888889	2.74638	3.95455	
1.03218	4.97778	4.50725	4.66667	
0.678161	2.51111	1.67391	0.545455	
3.02759	7.53333	4.87681	4.0303	
2.14943	4.33333	1.11957	8.15152	
0.537931	4.93333	11.2572	3.83333	
1.11034	3.04444	2.67391	3.48485	
1.14943	2.35556	3.48913	8.59091	
0.802299	2.02222	0.981884	2.21212	
0.622989	2.91111	4.18116	1.60606	
4.16092	4.86667	1.53986	4.89394	
2.42759	1.97778	4.51087	4.31818	
1.63678	1.08889	4.92754	1.34848	
5.66897	4.95556	4.47826	3.93939	
5.96552	1.75556	11.721	4.75758	
6.07126	1.91111	2.94928	1.24242	
4.71724	0.644444	7.80797	3.39394	
2.48276	1.97778	4.28261	1.80303	
1.73793	1.02222	4.51449	4.42424	
2.88506	4.82222	5.57246	4.42424	
2.24368	2.2	5.88043	6.34848	
1.11034	1.82222	11.7536	3.93939	
2.53563	2.44444	5.82971	1.83333	
0.577011	0.488889	6.05435	1.60606	
1.01609	4.51111	8.68478	6.92424	
1.88506	5.91111	6.65217	5.83333	
1.38391	2.44444	6.12681	2.56061	
0.489655	1.91111	6.26812	2.27273	
2.90575	0.577778	3.99638	9.15152	
3.30575	1.02222	5.06884	2.31818	
2.15632	1	3.46014	3.12121	
0.56092	3.4	10.058	2.13636	
1.0069	3.68889	3.7029	4.66667	
0.167816	3.15556	6.46014	1.5303	
4.77471	2.04444	4.63043	3.27273	
1.65287	2.17778	5.61232	6.21212	
1.76322	1.6	6.84058	1.19697	
0.278161	3.68889	13.6014	11.2121	
3.82989	0.6	4.78986	0.469697	
0.931034	6.75556	7.67754	4.15152	
0.565517	2.97778	0.913043	3	
3.05057	7.44444	4.63768	3.72727	
5.23448	4.82222	9.6087	1.36364	
4.66437	2.22222	6.68841	4.87879	
3.29425	2.97778	6.08333	5.84848	
2.13793	2.77778	7.82971	4.28788	
1.09885	3.82222	5.9058	7.71212	
3.3931	1.62222	4.69928	4.13636	
4.07586	2.53333	2.10145	3.62121	
1.48966	0.977778	2.84058	3.98485	
0.806897	3.71111	7.76087	5.71212	
2.2	1.13333	7.39855	2.66667	
1.47586	2.91111	4.0942	1.48485	
0.565517	3.42222	9.77899	4.16667	
0.48046	4.57778	6.77174	3.36364	
6.10115	1.57778	7.33696	3.42424	
3.61379	0.377778	9.61957	1.19697	
1.75632	1.44444	2.6558	0.575758	
3.05747	0.777778	6.23913	5.9697	
6.69655	3.13333	6.51087	4.42424	
1.0092	4.64444	7.41304	4.24242	
5.42069	0.755556	0.565217	2.45455	
1.56782	3.91111	3.84058	6.12121	
4.46667	2	3.96014	5.87879	
4.61379	4.57778	3.12681	1.65152	
0.988506	6.24444	0.942029	6.51515	
3.86897	2.26667	6.98551	3.24242	
8.89195	2.08889	8.21014	3.54545	
3.57701	2.17778	3.35507	7.48485	
6.25747	1.15556	8.40217	0.666667	
1.95862	0.244444	8.77174	1.12121	
0.673563	4.86667	6.4058	4.06061	
0.793103	1.57778	3.21739	7.56061	
3.74253	3.33333	4.99638	3.07576	
4.78851	6.6	5.42391	6.27273	
1.87816	2.37778	10.9348	3.0303	
3.11494	3.35556	3.23913	4.71212	
2.2046	0.244444	4.88768	3.57576	
2.42069	2.02222	3.32609	1.78788	
0.958621	1.22222	7.0942	3.31818	
2.02989	3.53333	7.60507	2.48485	
4	4.22222	5.55072	3.92424	
0.868966	1.8	1.9529	4.51515	
0.282759	2.42222	6.57246	3.87879	
4.32414	3.42222	1.60145	2.28788	
0.485057	1.77778	1.02174	2.57576	
4.61149	3.4	3.1413	5.78788	
2.31264	3.86667	6.26449	2.92424	
6.30805	0.844444	10.221	3.04545	
3.73333	4.44444	6.68478	3.39394	
5.01609	2.11111	8.13768	7.45455	
1.51954	3.33333	10.2428	4.19697	
0.694253	4.13333	8.6413	2.12121	
1.05977	4.08889	10.9457	1.87879	
1.4023	0.577778	8.07246	2.12121	
1.77701	4.17778	11.942	6.92424	
0.404598	2.73333	2.32971	1.98485	
6.89425	1.8	9.08333	1.12121	
2.65287	4.46667	5.46377	2.16667	
0.204598	4.2	9.50362	7.07576	
2.93333	3.86667	15.7681	2.69697	
1.58391	4.75556	4.28986	3.4697	
1.50115	3.68889	1.90942	3.27273	
5.55172	1.11111	6.75725	4.09091	
0.11954	4.2	0.778986	3.4697	
3.32414	1.95556	13.2609	2.19697	
0.983908	2.73333	4.67391	2.66667	
7.14023	2.06667	5.72101	2.54545	
2.08506	1.84444	4.8442	3.75758	
2.0069	1.95556	12.4746	4.45455	
2.14943	1.91111	6.55797	0.969697	
2.49195	1.8	7.26812	2.22727	
3.07816	2.68889	7.63043	3.57576	
6.8069	1.86667	8.13768	4.65152	
0.475862	0.511111	3.36957	1	
1.66437	5.04444	2.31884	0.439394	
2.81609	2.02222	7.25725	3.5303	
2.86207	1.97778	4.58333	0.742424	
4.11494	4.57778	0.67029	5.30303	
2.50575	2.2	5.0471	3.10606	
1.51034	1.35556	6.53623	1.57576	
1.30345	2.17778	5.8913	1.81818	
3.28046	4.04444	6.59058	3.66667	
4.9954	1.28889	5.8587	1.60606	
2.92874	2.08889	1.35507	4.87879	
0.0873563	2.62222	11.3587	5.22727	
3.52184	1.62222	2.13043	2.4697	
0.551724	1.93333	9.93116	4.24242	
4.86667	1.66667	6.07971	1.01515	
0.981609	4.28889	15.3659	3.86364	
2.89195	5	7.22464	2.27273	
5.04828	1.71111	6.9529	2.01515	
1.52874	6.73333	5.83696	2.84848	
7.35862	2.37778	3.98913	2.93939	
2.95862	2.77778	3.7971	5.24242	
1.92644	0.311111	7.40217	4.19697	
0.756322	2.97778	9.8913	2.12121	
0.482759	4.42222	0.92029	10.2879	
2.67356	8.84444	2.17391	0.348485	
0.655172	3.26667	5.83333	4.77273	
3.49425	1.66667	7.8913	2.78788	
0.756322	2.22222	4.40942	8.95455	
1.73103	3.93333	3.96377	3.13636	
3.02069	0.933333	5.3913	4.04545	
0.133333	1.91111	4.38406	4.95455	
0.108046	1.02222	2.29348	2.12121	
2.47586	1.15556	5.64493	7.37879	
0.691954	1.22222	2.60145	2.80303	
1.77011	2.77778	7.02536	5.86364	
0.42069	1.88889	5.38768	4.77273	
6.0092	7.42222	2.69928	3.45455	
0.675862	3.42222	4.48551	1.30303	
3.35862	3.57778	15.6486	1.83333	
1.71034	1.91111	6.84783	2.87879	
3.12184	2.08889	3.21014	2.13636	
1.76782	2.8	4.36594	4.66667	
3.18391	6.35556	8.58333	2.18182	
1.44138	7.31111	7.91304	1.36364	
4.21609	5.11111	4.61232	4.92424	
0.14023	1.82222	4.13406	0.712121	
1.52874	2.33333	3.69928	2.69697	
4.22299	3.17778	5.09058	9.27273	
2.10805	2.04444	7.39493	7.36364	
2.03908	2.2	8.47464	3.69697	
2.10575	5.24444	6.30797	0.30303	
3.24138	1.71111	3.59783	3.04545	
1.3954	4.06667	8.82971	2.72727	
0.629885	3.57778	4.70652	7.28788	
1.78161	5.28889	3.30072	1.65152	
3.47586	4.75556	4.6087	1.68182	
1.36322	1.71111	1.47101	3.54545	
2.23218	4.71111	1.84783	4.71212	
1.72184	1.28889	1.06884	1.65152	
3.67126	5.82222	11.2645	0.893939	
2.15402	3.37778	5.70652	5.34848	
1.11264	0.844444	4.56522	9.18182	
0.774713	3.42222	4.39855	3.06061	
0.531034	2.53333	2.61594	2.33333	
1.45977	2.55556	5.56884	4.0303	
4.9954	1.64444	5.37681	4.42424	
5.57471	2.04444	5.08333	3.18182	
0.397701	4.46667	10.942	2.09091	
0.818391	0.511111	5.36232	2.09091	
0.836782	0.555556	7.6413	3.78788	
1.18391	5.95556	4.3587	8.07576	
5.03908	4.6	7.97464	3.33333	
2.61609	1.86667	3.93478	2.04545	
1.64368	3.8	6.54348	4.74242	
0.611494	3.64444	4.42754	2.12121	
0.618391	2	2.29348	5.5303	
1.83908	1.91111	11.2935	4.30303	
2.51954	7.68889	4.29348	2.57576	
0.691954	3.71111	8.08333	3.75758	
0.954023	2.31111	2.64493	0.969697	
5.71264	1.24444	12.6486	5.56061	
3.21379	4.6	5.68841	3.63636	
5.52644	3.97778	4.91667	7.43939	
3.94713	0.866667	5.26812	2.16667	
1.81379	1.31111	3.94928	5.60606	
4.04138	2.37778	4.63406	2.43939	
2.3977	2.2	3.01812	5.69697	
2.2092	3.95556	2.57246	7.31818	
1.2	2.04444	6.35507	8.30303	
0.988506	2.97778	11.4493	3.0303	
4.63218	1.86667	4.75	3.51515	
0.4	0.555556	8.66667	6.33333	
2.43908	1.37778	6.08696	3.51515	
1.88736	3.68889	5.3587	7.30303	
1.33103	3.8	6.26087	2.62121	
3.66207	3.08889	8.0942	3.09091	
2.6	2.71111	7.62319	3.18182	
1.48276	5.57778	5.84783	1.63636	
2.68736	4.82222	7.55072	2.0303	
2.21839	2.97778	1.60145	2.28788	
0.841379	2.26667	12.4819	2.98485	
6.45287	2.37778	5.75	0.575758	
11.6529	3.31111	4.47826	3.18182	
1.16782	3.22222	5.2029	6.90909	
0.593103	2.37778	5.58333	2.10606	
2.3977	1.57778	7.11232	1.93939	
2.37241	2.15556	5.49275	5.48485	
2.41609	5.75556	2.82971	1.72727	
4.03448	2.91111	5.8442	2.69697	
0.381609	2.28889	7.49638	5.63636	
3.45517	1.04444	4.69928	1.93939	
4.37931	1.13333	3.37319	5.34848	
4.0023	3.26667	9.1087	10.6515	
4.15402	3.55556	7.86957	3.75758	
2.14253	1.93333	2.5942	1.86364	
4.0023	0.777778	1.69203	3.65152	
1.68276	2.08889	6.53623	4.93939	
1.64828	1.06667	7.58696	4.51515	
4.8023	1.44444	11.3913	9.16667	
2.61149	1.84444	4.06884	3.15152	
1.81379	2.02222	5.37319	1.56061	
2.2092	0.955556	5.9058	7.69697	
2.30345	3.22222	12.5145	7.92424	
0.489655	1.35556	6.22101	0.772727	
4.54023	0.311111	10.9746	3.10606	
0.986207	3.31111	3.61594	4.83333	
2.57241	2.08889	2.39855	0.530303	
4.09425	1.84444	7.21014	1.22727	
4.85057	3.77778	5.15217	5.10606	
0.188506	2.24444	5.66667	3.10606	
1.91264	2.02222	10.6087	1.77273	
0.993103	1.73333	6.01449	1.83333	
3.34253	4.71111	5.94565	2.01515	
9.1977	3.93333	4.74275	7.57576	
6.76092	1.11111	7.50725	2.06061	
0.114943	5.37778	12.0906	3.65152	
3.38851	6.88889	7.67754	1.72727	
3.81609	3.02222	10.1775	6.54545	
1.3977	2.2	2.0942	1.98485	
1.50805	2.37778	6.57246	1.86364	
0.793103	3.71111	8.12681	2.04545	
5.03448	1.71111	13.3623	2.34848	
3.15862	4.86667	10.9457	2.86364	
0.413793	3.44444	5.36594	1.83333	
1.03678	3.97778	4.51812	1.69697	
1.66667	1.28889	4.31522	4.21212	
0.0873563	3.33333	8.32246	2.36364	
1.14253	1.35556	6.52536	1.83333	
0.588506	1.51111	5.98188	2.15152	
3.16782	1.91111	2.69203	4.74242	
1.9977	3.04444	9.87681	3.31818	
0.204598	4.97778	7.74275	8.87879	
2.55632	2.68889	5.91667	7.01515	
0.183908	3.62222	6.81159	6	
2.48736	1.51111	7.56159	4.48485	
1.8069	1.15556	4.06522	1.63636	
3.3908	1.62222	4.53986	3.0303	
0.848276	3.57778	5.13768	3.39394	
2.97241	3.86667	19.6848	4.65152	
5.37701	3.24444	1.61957	2.51515	
1.85977	1.31111	10.1558	0.954545	
2.41609	5.55556	8.99275	2.90909	
2.75402	1.37778	4.01812	3.87879	
1.74713	2.68889	3.28623	1.75758	
4.35632	1.91111	8.53623	4.0303	
1.42529	2.51111	8.34783	2.21212	
1.68046	3.57778	2.9058	2.75758	
0.455172	1.68889	8.99638	4.25758	
6.7954	2.91111	4.24638	2.92424	
4.84368	8.02222	4.05435	0.833333	
1.83678	1.51111	8.01087	2.09091	
0.227586	5.2	6.79348	0.984848	
1.55402	5.82222	10.7754	2.09091	
0.393103	5.82222	6.45652	4.12121	
6.17701	0.622222	2.3913	3.19697	
0.51954	5.13333	3.01087	4.18182	
1.27126	3.2	1.77899	1.07576	
3.14253	1.75556	3.24638	3.57576	
2.03448	4.11111	4.63043	2.9697	
1.85747	3.04444	2.34783	2.80303	
1.10805	3.71111	6.39493	7.09091	
0.988506	5.04444	4.31159	1.89394	
3.33563	0.977778	7.01087	4.07576	
1.46897	3.86667	9.7029	4.04545	
6.56322	1.04444	4.57971	1.60606	
1.94943	7.35556	12.4348	8.33333	
0.250575	4.64444	4.86232	5.09091	
1.56552	4.48889	5.88768	2.57576	
4.15402	5.97778	3.72826	4.60606	
2.94023	4.91111	2.64493	0.590909	
0.931034	2.86667	7.35145	4.22727	
0.294253	0.244444	1.87681	4.19697	
1.73793	2.33333	2.15942	2.04545	
4.64828	2.91111	7.05072	2.25758	
1.13563	1.22222	9.89493	2.78788	
3.11034	3.44444	2.48551	3.89394	
2.41839	1.08889	4.88406	4.07576	
1.81609	6.24444	11.837	3.21212	
3.84828	3.91111	5.77899	1.98485	
1.57931	0.377778	3.43841	3.69697	
4.62529	3	11.4529	2.13636	
2.96782	0.711111	17.1268	2.98485	
2.14023	4.84444	3.5471	0.575758	
1.67356	1.62222	9.00362	1.56061	
7.01379	4.04444	5.18841	2.37879	
3.50345	2.88889	3.97826	3.56061	
1.98391	1.8	10	2.06061	
2.47356	2.97778	2.77536	7.65152	
5.32874	3.31111	1.24275	1.59091	
0.443678	4.51111	5.66667	2.12121	
1.35402	0.555556	9.97464	1.9697	
3.57241	6.53333	6.5942	3.4697	
2.23678	3.17778	9.28623	1.72727	
4.77011	0.444444	2.44203	3.4697	
0.252874	6.11111	1.79348	1.21212	
2.08046	4.93333	9.71014	6.12121	
2.83218	1.08889	5.75725	5.95455	
1.42529	1.44444	6.19203	0.772727	
8.25747	5.57778	1.12681	4.10606	
2.57931	5.46667	2.32609	3.13636	
3.34253	0.511111	4.9529	3.87879	
2.44368	3.62222	3.7971	2.37879	
2.02989	2.17778	7.21377	1.16667	
1.23678	0.977778	0.869565	2.33333	
5.15172	0.777778	4.7971	1.90909	
5.95862	2.11111	3.40942	2.84848	
2.93333	0.933333	5.42029	1.90909	
0.747126	3.8	7.39855	4.71212	
5.96322	2.35556	12.0072	5.69697	
1.70115	4.86667	1.72101	1.63636	
4.13793	4	10.7645	0.80303	
1.28506	1.37778	2.87319	4.42424	
4.33333	2.55556	9.82971	1.9697	
4.58391	4.71111	5.96014	4.95455	
6.12874	13.1556	5.5942	9.80303	
1.63678	5.35556	5.1413	6.90909	
7.12874	2.02222	7.51087	2.34848	
0.303448	2.33333	12.029	0.621212	
9.65287	1.66667	8.64855	9.43939	
1.07586	2.33333	8.27536	3.56061	
3.55862	1.42222	9.5471	4.78788	
2.33793	4.28889	6.17754	2.92424	
3.57931	3.42222	1.05797	3.27273	
3.93333	4.4	2.71739	3.28788	
3.84368	4.51111	4.76087	5.74242	
0.675862	1.37778	7.19928	2.86364	
5.58851	3.46667	14.9493	3.39394	
1.23678	3.93333	4.26449	3.5303	
2.05517	0.777778	4.93841	5.83333	
2.25977	3.51111	8.50725	3.19697	
1.42299	7.42222	4.66667	1.95455	
8.90575	2.08889	5.96739	0.787879	
3.86897	4.44444	0.771739	1.60606	
3.1908	4.33333	8.16304	3.71212	
6.26207	4.55556	2.72464	3.33333	
0.406897	9.46667	3.89855	3.5303	
1.69885	1.4	6.3442	14.3485	
1.94483	1.8	16.2971	7.80303	
0.68046	3.42222	0.492754	3.21212	
1.54943	2.08889	2.98913	1.34848	
1.92414	3.91111	3.91667	5.39394	
1.04828	2.51111	5.59783	0.530303	
1.3908	1.84444	1.72826	2.18182	
2.92644	1.91111	2.86232	3.01515	
1.28736	2.8	5.90942	2.4697	
2.43908	3.97778	3.51449	3.39394	
3.01609	0.488889	5.2029	2.57576	
3.96322	3.31111	2.37681	4.71212	
0.413793	2.91111	1.6558	2.51515	
2.94943	2.15556	3.0471	0.560606	
1.26437	1.71111	6.46377	2.12121	
2.38161	3.15556	6.68116	1.48485	
1.33793	1.31111	4.13768	4.28788	
2.32644	3.48889	8.05435	3.68182	
5.23218	1.4	1.16667	0.30303	
2.76552	3.86667	10.8913	2.93939	
2.51724	2.64444	9.35507	2.86364	
0.662069	3.46667	2.86957	3.39394	
0.83908	5.04444	4.87681	1.60606	
4.29655	4.46667	2.9058	4.31818	
0.294253	0.422222	9.72464	2.87879	
1.7954	4.42222	1.2971	4.5	
2.69425	1.64444	1.10145	1.48485	
2.77471	1.64444	4.72826	5.74242	
2.07126	1.91111	3.48913	4.24242	
0.268966	1.02222	3.3442	3.86364	
2.45517	2.17778	2.75	1.31818	
1.13793	3.22222	2.96739	6	
1.32874	3.13333	1.72101	4.65152	
2.76782	1.44444	4.01812	2.89394	
3.77241	1.68889	2.17391	4.30303	
3.54713	2.57778	7.54348	3.21212	
4.52874	2.88889	0.956522	11.1515	
1.91954	0.733333	6.89493	1.80303	
1.10345	4.51111	2.07971	1.12121	
1.1977	2.22222	2.95652	1.60606	
2.10575	3.08889	12.779	2	
4.17931	0.911111	3.77899	3.69697	
3.6023	1.84444	5.68116	1.04545	
1.32874	2.55556	9.01087	3.60606	
2.64138	7.77778	7.64493	4.25758	
3.26437	1.55556	2.44565	1.13636	
4.83678	2.08889	3.59058	2.80303	
2.03448	3.35556	6.50725	3.5303	
2.30575	0.8	7.36957	4.19697	
3.27356	3.31111	7.98551	6.86364	
2.69655	2.02222	7.65217	1.10606	
0.795402	7.71111	4.12319	3.60606	
2.2069	3.97778	3.2971	4.9697	
2.30115	1.68889	4.18478	3.60606	
2.25287	0.777778	13.8877	2.83333	
3.01149	1.31111	5.97464	3.36364	
2.62069	4.11111	8.60507	1.81818	
3.04368	4.82222	2.41667	1.78788	
2.93793	0.911111	5.07246	4.56061	
7.54943	1.44444	4.99638	2.95455	
3.03448	0.8	5.77899	6.84848	
4.01609	3.37778	2.25725	3.89394	
3.6046	4.4	4.80435	2.25758	
3.61149	2.15556	7.41304	3.09091	
1.24138	1.15556	1.84783	2.65152	
2.36552	3.8	5.87681	1.84848	
4.08276	2.73333	6.11232	1.89394	
2.74483	4.64444	6.01087	4.57576	
0.462069	0.422222	5.99275	7.21212	
9.71264	0.911111	8.16667	0.712121	
0.289655	1.91111	9.04348	7.15152	
2.17011	4.93333	4.43116	2.95455	
2.02989	3.57778	1.5942	2.12121	
0.225287	4.08889	3.26812	2.56061	
3.6023	3.42222	5.72101	4.25758	
1.18851	4.31111	16.3406	4.37879	
2.73103	6.17778	2.73551	1.43939	
1.33563	3.46667	4.15942	2.5303	
1.66897	2.73333	15.4058	3.39394	
0.135632	2.02222	7.97101	2	
1.17931	4.11111	5.6558	3.31818	
1.93793	3.15556	7.82971	5.80303	
2.53563	4.75556	4.27899	2.80303	
0.544828	2.08889	10.9855	3.75758	
1.85747	2.51111	11.7899	3.45455	
3.18621	8.97778	11.4855	0.30303	
1.22529	3.04444	5.07971	5.01515	
2.72184	0.644444	9.51449	1.84848	
0.328736	0.577778	3.20652	6.84848	
3.24598	1.13333	5.83333	8.48485	
0.508046	2.46667	11.1087	2.95455	
2.63218	2.42222	2.6558	1.89394	
3.26437	3.08889	4.18841	5.56061	
2.27816	6.11111	2.96377	4.37879	
2.05517	0.711111	1.43478	4.34848	
3.1908	1.64444	8.59058	4.12121	
1.95862	2.88889	5.5942	4.9697	
3.61149	1.97778	9.3442	5.51515	
0.216092	7.62222	2.18478	1.28788	
0.367816	4	1.71377	3.25758	
0.977011	1.86667	3	3.56061	
1.6069	4.35556	3.61594	1.60606	
1.45977	0.511111	3.88406	1.12121	
2.56552	2.33333	5.26449	3.04545	
0.866667	5.04444	6.08696	1.09091	
3.8	0.666667	5.31522	2.22727	
3.03908	1.71111	7.80072	1.51515	
0.6	1.97778	6.55435	3.39394	
2.05977	7.35556	2.03261	5.62121	
0.406897	1.02222	5.60507	5.43939	
1.04368	1.24444	4.78261	3.42424	
2.87586	2.04444	14.4529	2.13636	
4.76782	2.26667	2.94203	3.12121	
2.28506	1.64444	5.90217	3.25758	
9.51724	2.08889	3.54348	2.72727	
9.2069	0.444444	5.72826	0.757576	
3.51724	3	3.07246	4.89394	
4.25057	1.48889	6.51087	0.954545	
0.195402	0.933333	2.02899	1.43939	
3.37701	1.75556	4.01087	4.78788	
1.85747	0.555556	6.52536	2.07576	
1.84828	2.02222	3.6087	5.98485	
0.827586	0.888889	8.27899	2.16667	
0.416092	2.77778	9.06159	2.21212	
0.131034	2.53333	7.34783	5.24242	
0.317241	3.11111	8.83333	2.10606	
1.61609	1.2	4.56884	3.27273	
6.52414	5.75556	5.73188	7.48485	
1.66897	4.2	4.09058	0.712121	
3.82299	4.64444	4.42754	6.74242	
3.23218	2.35556	3.90942	2.04545	
2.02299	2.68889	4.28261	1.65152	
3.61379	2.44444	3.46014	0.560606	
4.58391	3.51111	8.92029	4.48485	
3.87586	0.822222	14.8225	7.12121	
3.31264	4.64444	7.06884	1.19697	
0.912644	2.75556	4.99638	1.54545	
1.48506	1.84444	10.3261	2.24242	
5.28276	3.95556	7.73913	2.37879	
2.4069	0.777778	5.51087	3.07576	
3.58391	0.488889	5.87681	1.09091	
7.34713	1.51111	8.97464	5.33333	
2.17471	2.28889	6.17754	2.60606	
2.35862	3.04444	2.67391	0.424242	
0.648276	0.488889	4.05072	5.68182	
1.0069	4.68889	10.279	1.75758	
2.17701	5	4.03623	2.30303	
7.42529	1.77778	6.87681	1.04545	
4.89885	1.15556	7.48913	5.16667	
2.16322	1.48889	6.05797	4.90909	
1.94253	1.77778	2.49275	0.727273	
2.25747	3.04444	5.37319	4.28788	
1.72414	4.02222	5.93116	2.5	
2.92184	0.955556	10.0725	3.06061	
0.443678	3.51111	3.6087	3.63636	
6.33563	3.8	4.76449	4.30303	
2.16782	2.88889	14.7935	2.19697	
6.46207	0.977778	1.09058	3.90909	
1.92414	2.44444	4.4529	3.37879	
5.85977	5.91111	11.721	0.348485	
6.61609	4.35556	2.77536	3.74242	
1.27586	1.68889	8.17029	1.48485	
0.71954	0.711111	2.42029	4.51515	
3.28736	3.35556	2.3442	3.98485	
2.61149	1	7.09058	2.74242	
0.818391	2.26667	6.44928	7.21212	
2.5954	3.71111	1.71014	3.31818	
1.74483	0.577778	5.33696	0.954545	
1.25747	0.711111	5.6413	4.83333	
2.9954	3.44444	7.16304	7.5	
1.77011	3.2	4.31884	2.95455	
2.28046	1.08889	3.38043	2.9697	
3.28276	3.88889	4.00725	2.16667	
0.816092	5.42222	2.57971	3.75758	
1.12184	1.62222	5.26087	2.19697	
3.05517	4.75556	4.63406	1.39394	
3.86437	3.42222	7.12681	1.51515	
1.58851	3.44444	6.55797	2.69697	
7.21609	3.24444	6.14493	3.19697	
0.101149	2.51111	4.99638	1.34848	
2.31494	1.44444	3.88768	2.0303	
1.08276	0.444444	3.02536	1.21212	
3.45057	2.75556	4.28986	1.98485	
1.22989	2.55556	5.69565	4.16667	
3.07816	1.26667	4.37681	4.21212	
2.27586	2.26667	5.98188	2.48485	
4.24598	6.04444	7.86594	3.27273	
3.02069	1.11111	6.86957	2.40909	
3.76782	0.844444	4.36957	5.13636	
0.802299	4.08889	4.85507	3.74242	
1.48046	1.77778	5.75	5.86364	
3.74483	4.64444	1.17029	2.93939	
1.23678	1.33333	2.0471	4.80303	
0.190805	4.64444	4.07609	2.90909	
4.38851	4.31111	8.98551	3.69697	
3.03678	2.13333	5.91304	0.30303	
2.29655	2.86667	2.97101	1.10606	
0.935632	1.44444	8.07609	3.36364	
4.96092	1.82222	8.56159	2.43939	
1.31724	2.8	11.5036	7.16667	
4.74713	1.64444	3.64855	3.68182	
0.271264	0.711111	12.2464	4.24242	
2.05287	4.73333	10.4565	2.33333	
2.8	1.08889	7.01449	2.34848	
2.17011	3.33333	4.41304	4.69697	
1.94943	3.22222	3.23913	3.33333	
0.28046	2.08889	6.46377	1.37879	
5.25287	4.22222	8.50725	4.10606	
1.61609	0.244444	5.97101	3.19697	
1.18621	2.06667	8.55435	2.16667	
0.271264	7.66667	13.5906	5.10606	
2.1908	2.53333	8.7029	2.75758	
6.23218	3.84444	12.2536	1.34848	
0.356322	1.84444	13	3.5303	
6.64368	1.55556	6.24275	2.54545	
2.77931	3.62222	5.86594	4.4697	
0.174713	2.88889	7.1413	2.87879	
2.2069	3.48889	7.0471	5.04545	
3.42759	2.31111	6.2029	4.04545	
1.98161	3.71111	9.86957	3.09091	
2.43218	3.86667	6.62681	4.39394	
1.84598	2.51111	5.82609	2.39394	
5.1977	3.86667	2.6087	1.78788	
0.988506	0.955556	2.42029	5.74242	
5.92644	3.53333	3.21739	2.43939	
0.243678	1.31111	12.9058	0.80303	
3.33563	2.4	11.6014	2.71212	
4.12644	1.15556	13.6051	5.25758	
0.328736	3.97778	8.69203	1.9697	
5.17011	2.2	6.2029	4.36364	
0.363218	1.73333	9.92754	2.57576	
2.71034	2.4	3.85507	6.0303	
1.3931	5.08889	6.43841	4.71212	
0.135632	2.35556	1.57971	4.09091	
0.88046	3.26667	5.59058	5.66667	
1.14943	4.37778	16.5254	5.18182	
1.47816	0.644444	5.20652	1.18182	
0.298851	0.822222	8.95652	6.54545	
1.11724	5.2	12.058	1.93939	
0.229885	0.822222	3.26087	4.72727	
4.42989	4.64444	10.1159	6.39394	
0.94023	1.97778	6.67754	8.27273	
4.95402	2.02222	8.67391	2.92424	
1.98391	3.62222	7.36232	1.98485	
2.4092	1.04444	2.71739	3.62121	
1.10575	5.37778	6.42754	5.21212	
3.91034	2.42222	3.05435	5.71212	
0.993103	7.35556	8.44928	4.5303	
2.51494	3.73333	9.11594	5.71212	
3.91264	3.37778	2.33696	5.93939	
1.90115	5.15556	10.7065	3.9697	
2.61609	1.37778	5.65217	2.39394	
1.11724	3.24444	5.93841	3.13636	
1.74713	4.8	5.65217	1.77273	
6.15862	7.35556	2.02174	4.31818	
2.49885	2.88889	10.5181	3.28788	
1.2092	2.44444	4.98551	4.95455	
0.508046	2.75556	9.47101	2.48485	
1.04138	0.377778	0.778986	1.78788	
3.14483	1.93333	7.30072	0.924242	
2.73793	1.35556	6.23913	6.90909	
0.466667	8.82222	9.22101	0.893939	
2.8069	3.97778	3.9529	4.13636	
2.58391	2.28889	3.1087	2.93939	
1.65287	1.08889	18.2754	3.01515	
6.53563	4.55556	12.6377	1.92424	
1.67356	0.488889	6.22826	5.18182	
0.685057	2.48889	1.95652	3.42424	
8.9908	1.86667	20.2609	2.30303	
3.51724	3.37778	3.93116	2.36364	
1.03908	1.17778	5.35507	2.10606	
3.03448	2.68889	6.06884	3.27273	
1.64828	4.44444	11.087	1.10606	
5.90805	3.04444	2.72826	0.69697	
0.806897	5.82222	4.27536	2.30303	
8.04598	0.244444	8.22464	5.62121	
3.74023	0.688889	8.31522	3.15152	
2.06897	2.02222	7.06884	4.18182	
2.18621	5.97778	8.82971	1.89394	
2.84138	1.88889	6.15942	2.60606	
1.23908	5.71111	4.96014	0.621212	
3.84828	0.977778	4.67754	3.54545	
2.10115	2.8	6.17029	5.98485	
0.947126	4.93333	1.96014	2	
0.818391	0.377778	2.74638	1	
2.16322	1.2	5.32971	2.28788	
0.544828	3.75556	5.8913	3.80303	
0.296552	4.71111	3.14493	0.30303	
5.88046	4.64444	5.74638	3.27273	
2.57931	1.71111	3.67391	3.65152	
1.97011	1.91111	4.9529	4.37879	
0.227586	5.24444	4.24638	3.80303	
2.8046	1.55556	7.20652	3.39394	
1.11034	4.35556	7.75725	5.10606	
0.629885	5.82222	1.84783	2.21212	
0.547126	3.31111	1.3587	4.13636	
0.101149	1.33333	3.56522	4.92424	
1.83908	1.08889	5.85507	2.92424	
3.70345	0.844444	6.37319	4.87879	
1.01379	2.91111	7.23913	12.2576	
5.07356	2.95556	7.66304	3.68182	
2.41149	3.33333	9.72464	4.75758	
0.381609	4.53333	6.9058	4.33333	
2.36322	1.57778	8.08696	2.42424	
4.78851	3.44444	4.65217	5.33333	
1.08966	2.8	8.53261	2.27273	
10.4483	3.57778	5.63768	2.74242	
2.7977	1.02222	5.03986	5.24242	
2.46207	2.04444	7.15942	1.59091	
1.58621	5.2	5.23913	5.77273	
3.07126	2.77778	7.51449	1.59091	
1.53793	2.97778	7.17029	2.34848	
1.0069	2.2	5.40942	2.51515	
6.09425	2.88889	2.12319	0.469697	
0.455172	0.555556	5.66667	1.68182	
3.56092	1.91111	4.42029	1.60606	
2.48966	1.6	6.63406	7.15152	
2.34253	1.91111	4.22464	4.62121	
0.903448	1.11111	11.0616	4	
2.63218	1.02222	12.0109	1.34848	
1.82299	1.62222	8.36232	1.92424	
0.813793	4.46667	8.11232	5.07576	
2.77471	2.37778	20.163	1.92424	
1.92184	0.666667	2.38406	0.606061	
3.02759	3.15556	7.74275	1.43939	
0.190805	5.64444	3.84058	1.10606	
0.245977	4.93333	8.19203	2.54545	
1.47586	2.4	6.52899	1.75758	
1.50345	5.57778	5.7029	0.5	
0.252874	2.37778	10.9058	6.86364	
4.7931	2.37778	3.46377	3.93939	
2.70575	3.28889	17.7174	3	
6.10115	4.02222	5.84058	3.13636	
0.825287	1.8	5.85507	2.30303	
4.7931	5.88889	1.8587	3.13636	
2.21149	4.75556	10.4891	2.39394	
4.89655	0.977778	6.14493	6.66667	
1.2092	3.62222	3.63768	5.60606	
3.91264	4.64444	4.86594	4.33333	
5.74023	1.82222	3.84058	3.48485	
3.56782	3.44444	12.0833	0.909091	
1.04828	2.15556	0.565217	2.27273	
0.0666667	1.66667	1.78261	2.33333	
1.87586	4.4	12.8043	4.30303	
2.03448	8.71111	4.83333	3.04545	
1.92184	1.37778	5.36232	11.5758	
4	2.02222	5.86232	2.21212	
3.56782	3.8	8.16667	1.30303	
2.11494	1.48889	8.97464	1.68182	
2.86897	1.91111	10.1884	8.25758	
1.64828	1.75556	9.69928	6.62121	
1.22989	1.84444	9.76812	2.66667	
0.963218	2.08889	7.33333	2.48485	
7.21609	3.86667	8.54348	7.74242	
4.63448	2.28889	1.35507	4.54545	
6.26667	1.62222	0.57971	1.9697	
2.75632	3.71111	6.99638	5.63636	
1.62299	2.51111	7.01449	2.9697	
1.2	4.11111	3.03986	3.90909	
0.45977	2.62222	4.77174	4.60606	
2.69655	1.91111	8.01812	4.25758	
0.781609	0.377778	4.76812	3.62121	
1.08736	1.86667	6.79348	4.89394	
2.53333	1.75556	6.1413	2.62121	
8.11954	0.844444	4.08696	1.86364	
1.64138	1.55556	3.64855	3.39394	
3.24598	1.71111	0.862319	2.92424	
6.33333	3.17778	6.28261	1.72727	
5.44368	3.42222	8.17029	4.75758	
5.64368	4.8	11.6486	3.81818	
3.70115	7.77778	3.27174	2.54545	
2.77011	4.57778	4.43116	2.95455	
3.07126	3.11111	8.63406	1.86364	
3.18621	3.28889	9.72826	2.12121	
7.73563	3.97778	1.22826	5.80303	
2.15402	3.11111	10.7826	2.19697	
2.7908	0.644444	10.7029	2.80303	
2.53793	1.17778	3.72464	4.28788	
0.977011	0.911111	7.34058	2.90909	
1.78391	3.44444	1.17029	3.25758	
3.9908	3.6	5.35507	3.95455	
1.25747	4.91111	11.192	6.0303	
0.397701	1.82222	7.50725	0.348485	
2.27356	1.91111	6.30797	5.83333	
3.08276	2.35556	5.81159	10.6061	
4.77241	3.15556	4.10507	3.18182	
5.17701	4.44444	5.48913	2.80303	
2.52414	3.22222	7.0942	7.06061	
2.72414	0.977778	5.61957	4.22727	
3.8023	1.97778	4.25725	1.72727	
0.588506	2.02222	2.46377	4.0303	
3.36092	6.24444	14.2101	1.04545	
3.76322	0.377778	9.02536	3.18182	
0.321839	4.04444	12.0833	1.25758	
9.1931	1.84444	2.02899	7.63636	
3.21379	4.6	1.68116	1.87879	
3.35632	0.488889	11.2391	0.515152	
1.2092	4.15556	9.96014	0.757576	
3.38851	1.91111	6.8442	3.92424	
1.05287	4.6	8.65942	0.757576	
2.36092	2.26667	5.95652	4.4697	
1.95172	0.644444	5.01087	0.924242	
0.917241	1.37778	3.18116	2.63636	
2.23448	2.64444	20.9457	2.5303	
5.69195	2.68889	6.25362	2.18182	
1.12414	2.13333	9.09058	2.28788	
2.90805	5.04444	6.84783	1.19697	
3.41609	0.844444	7.25725	5.13636	
3.22299	2.37778	2.39855	3.60606	
3.31494	2.15556	1.89493	5.15152	
5.62299	1.15556	1.99638	4.89394	
4.25517	2.66667	2.19565	2.06061	
1.57701	3.26667	16.8804	5.40909	
0.51954	1.68889	4.51449	3.5	
2.36782	1.11111	15.2464	4.31818	
0.317241	1.84444	5.71014	5.86364	
2.33793	6.26667	6.03261	2.77273	
1.31954	2.04444	3.56159	3.15152	
3.13563	6.91111	6.88043	5.45455	
1.78391	5.26667	3.81159	2.72727	
3.54713	3.55556	3.29348	2.37879	
2.5908	4.77778	6.10507	0.80303	
2.2092	2.02222	1.12319	6.5303	
3.69885	1.84444	2.21377	2.06061	
4.21609	2.51111	4.37681	0.424242	
5.38851	4.02222	6.83333	9.16667	
1.92644	2.55556	8.44565	1.90909	
7.70345	5.11111	15.0471	1.81818	
0.813793	1.95556	0.847826	3.13636	
2.33333	2.68889	5.67029	1.77273	
2.76552	3.51111	9.44565	8.45455	
2.22989	4.28889	5.58696	3.71212	
1.1977	1.95556	3.44928	3.86364	
4.49195	2.22222	7.54348	4.10606	
1.23678	3.51111	4.75362	3.36364	
0.213793	0.733333	3.49638	4.33333	
2.30575	3.51111	3.55435	0.893939	
1.97011	1.95556	8.36957	2.63636	
0.347126	5.91111	2.9058	0.393939	
2.98161	6.13333	11.8551	4.04545	
1.34943	0.977778	3.88043	3.31818	
2.09655	0.244444	2.05797	0.621212	
0.229885	3.42222	4.98913	2.24242	
5.98391	0.711111	5.98551	4.60606	
3.84138	2.33333	4.88768	7.06061	
