Fs[0]	Fs[1]	Fs[2]	Fs[3]	
-5.58514	-3.36005	-12.5521	-6.20577	
-2.06639	0.963749	-7.36033	0.536979	
-12.6645	-2.89625	-6.35773	-5.03555	
-3.19789	-3.97101	-5.89807	-0.604139	
-15.4795	-1.74369	-5.30284	-1.29524	
-7.11589	-1.74369	-11.4195	-7.98487	
-0.978084	-0.694708	-4.16453	-3.39171	
-8.42174	0.123085	-13.8524	-0.796439	
-9.93857	-5.28867	-11.2084	-3.11007	
-2.04274	-2.38564	-10.2255	-2.63889	
-6.82513	-1.72602	-9.17667	-6.03749	
-5.36336	-4.665	-5.6074	0.15401	
-9.54208	-0.548629	-12.3764	-2.63889	
-3.2141	-1.10177	-16.7131	1.37496	
-2.93281	-1.11119	-8.07705	-4.34906	
-5.92014	-3.20177	-4.23094	-1.26777	
-3.12309	-1.62319	-18.7015	-4.18868	
-9.69009	-0.230334	-9.55894	-1.12703	
-4.79591	-2.54661	-3.93062	-6.15438	
-9.48474	-4.69764	-9.629	-4.96781	
-7.0198	-1.40218	-8.42636	-0.138039	
-4.10296	4.12202	-12.126	-4.10506	
-6.33598	-1.54139	-2.68598	-9.18337	
-12.4049	-1.8531	-7.00502	-5.98864	
-15.9238	-1.41717	-16.5428	-2.67916	
-17.494	-2.17768	-9.49236	-4.18868	
-3.09429	-0.763024	-9.80484	-7.93757	
-4.46422	0.180704	-3.78198	-3.43335	
-10.9727	-1.65688	-12.433	-3.59627	
-9.46575	0.235427	-5.84051	-3.54074	
-1.82649	-1.25027	-4.36345	-1.69384	
-12.7047	-9.21338	-19.2883	-5.80031	
-7.47286	2.14202	-7.78257	0.102545	
-0.720746	-0.255575	-2.8397	-1.18746	
-9.78918	1.45377	-4.11761	-2.55976	
-2.861	1.38995	-10.7009	-2.91741	
-4.33388	-5.46881	-17.6398	-6.56982	
-11.8193	-6.61788	-11.7592	-2.15533	
-4.4002	-1.98877	-11.0715	-3.94539	
-4.526	-1.08141	-14.047	-1.34181	
-13.6965	-5.2597	-13.8993	-5.67667	
-9.42643	-1.67394	-12.8003	-6.31097	
-13.6144	-3.58093	-2.77374	-5.04328	
-5.80543	-0.938654	-5.30003	-2.59806	
-2.14548	-2.53669	-12.0118	-1.73111	
-8.93719	-0.122365	-13.2401	-5.7851	
-3.5759	-1.96882	-6.74458	-3.39171	
-7.55455	1.29118	-9.90824	-6.36482	
-13.2178	0.134718	-6.35773	-4.82236	
-7.31593	0.806707	-6.6738	-5.63696	
-8.45585	-0.368142	-6.50422	-2.50491	
-10.5409	0.423273	-11.506	-2.80601	
-3.22098	-1.25027	-6.40931	-5.32107	
-8.895	1.40211	-18.9831	-0.207428	
-4.88829	1.29118	-10.8133	-3.50802	
-11.3022	-3.38358	-3.20871	-5.18101	
-10.224	1.58007	-7.30586	-4.07777	
-14.9378	-2.19978	-3.41183	-2.44085	
-13.5617	-2.56294	-11.1004	-2.66202	
-7.08292	-3.36005	-5.69702	-3.62649	
-2.31044	-1.31455	-8.37963	-5.7851	
-4.4801	1.61471	-5.93335	-4.70167	
-1.10587	0.851486	-11.799	-6.2932	
-11.2645	-1.69115	-10.8567	-5.21855	
-4.09298	-0.201349	-11.6411	-5.59385	
-10.3472	-1.08141	-4.56539	-7.22057	
-4.33213	-0.815767	-5.63488	-3.79502	
-1.99013	-1.7795	-12.2193	-2.81843	
-10.8507	-1.4475	-8.9841	-2.52669	
-0.431425	-5.62782	-12.964	-7.08526	
-6.61872	-1.63996	-7.35875	-6.20577	
-1.94345	-0.926889	-15.2119	-0.204459	
-11.8683	-5.49994	-14.1759	-7.12982	
-7.33156	-0.596215	-13.9781	-2.452	
-4.7811	0.963749	-10.715	-6.13743	
-6.65334	-1.37253	-4.30264	-2.7449	
-6.90938	-1.1634	-9.57991	-2.21365	
-2.08774	-0.763024	-11.8931	-10.7976	
-9.73942	-1.23066	-13.5673	-6.80806	
-11.178	-0.92545	-4.30725	0.232952	
-5.96906	-0.833649	-7.90753	-3.04046	
-5.1354	-3.7682	-13.8369	-4.60895	
-6.13026	2.39783	-5.41829	-6.13743	
-9.39722	-2.22213	-6.57836	-6.7954	
-4.12062	-0.517483	-8.14275	-1.87411	
-7.38509	-5.62782	-5.96971	-6.32882	
-4.13734	-3.94101	-11.7443	-4.10506	
-6.69821	-3.58093	-9.51376	-5.97252	
-4.27377	-1.96882	-5.01511	-1.39225	
-10.8764	-0.92545	-7.45013	-2.29829	
-6.58049	-1.20348	-8.38684	-3.21292	
-6.64341	-1.03539	-13.029	-1.95329	
-11.6469	-3.20177	-7.17412	-5.71016	
-10.9455	-3.01341	-8.86559	-6.17142	
-10.7736	-0.411879	-7.89201	-1.85513	
-0.441121	-0.00874211	-8.70762	-10.5875	
-3.64798	-4.7837	-14.2444	-5.83094	
-3.63099	-1.87193	-13.2401	-4.18868	
-10.1066	-2.15581	-9.75182	-5.8931	
-12.9979	-1.58448	-13.1358	-3.71491	
0.663014	-3.29086	-10.6393	-1.70003	
-7.76204	-2.75623	-11.2437	-1.53746	
-14.0589	-1.92951	-7.92138	-2.34814	
-4.86849	-1.69115	-3.62612	-4.06043	
-13.1699	-1.83445	-10.3019	-4.77604	
-11.035	-2.9346	-7.53418	-4.58401	
-6.12601	-3.22371	-9.27069	-1.37982	
-10.5083	-3.7682	-11.1707	-6.87018	
-7.67597	-5.79568	-8.24557	-2.18558	
-5.6817	-1.40218	-6.46488	-1.50353	
-2.37509	-0.00874211	-12.9546	-3.43335	
-11.1703	-5.79568	-8.16177	-5.62252	
-10.6507	-1.06126	-11.5926	-2.47265	
-0.802622	-1.31455	-10.4559	-4.03734	
-3.32883	-5.46881	-9.67432	-0.68965	
-17.7175	-3.18004	-13.5673	-2.16457	
-2.32508	-1.60655	-10.1496	-5.55134	
-5.9575	-1.40218	-7.68796	-2.91741	
-10.8081	-1.70851	-10.6143	-2.03005	
-9.77667	-4.19163	-11.3642	-6.05394	
-19.693	-2.61643	-7.12519	-3.9844	
-9.86688	-0.385452	-7.22345	-5.36044	
-6.05161	-2.74935	-7.46205	-8.51161	
-9.49951	-2.26755	-2.50561	-5.14034	
-3.88739	-1.25027	-10.6561	-5.69538	
-6.53659	-1.2444	-14.718	-5.24385	
-6.05161	1.00454	-8.48287	-4.71779	
-3.95847	-1.50959	-5.35676	0.225869	
-6.58261	-1.40218	-6.64544	-3.28083	
-6.66328	-2.56276	-9.4976	-3.75877	
-8.36742	-3.26826	-6.88156	-3.89428	
-4.92257	-3.33675	-4.06347	-3.36095	
-9.23386	-3.11607	-9.13074	-2.48366	
-0.562891	-5.79568	-10.3148	-2.24957	
-9.68727	-5.83039	-6.66199	-3.23212	
-10.3976	-3.50497	-4.63302	-3.25536	
-5.7504	-2.76717	-9.52762	-3.30061	
-10.4934	-1.7795	-13.3508	-0.833233	
-10.7463	-2.11275	-11.6363	-3.12843	
-10.9505	-0.798037	-11.1254	-0.963242	
-11.9275	-2.56294	-5.71231	-5.44079	
-16.7425	-1.81596	-9.2599	-5.51721	
-6.24397	-1.55748	-6.17915	-1.67912	
-4.15087	-3.91135	-6.42354	-4.39449	
-6.65512	-0.596215	-8.49896	-3.35079	
-12.008	-1.11119	-10.6813	-4.01074	
-12.8852	-0.397202	-11.0087	-2.26893	
-9.15768	0.520512	-12.2262	-1.29524	
-6.85588	-1.14311	-21.6063	-2.92581	
-7.21566	-9.26209	-5.44413	-5.33413	
-10.3899	-6.94415	-12.6079	-1.86314	
-0.0159116	-3.45565	-6.3372	-6.36482	
-8.74964	-1.15021	-2.84853	-3.69951	
-4.6122	-1.0413	-7.88363	-5.67667	
-1.28496	-1.31455	-2.99498	-3.89428	
-6.19804	-0.926889	-6.92659	-2.83092	
-3.27147	-3.79617	-5.31453	-0.000338921	
-3.64212	-3.11607	-6.024	-5.87744	
-8.74596	-1.89094	-12.1128	-3.44388	
-6.26716	-1.37253	-10.7362	-4.02401	
-1.3651	-3.18004	-10.4307	-7.26678	
-17.7034	-0.456509	-9.9463	-1.52875	
-16.218	-1.22838	-12.0947	-3.59627	
-8.51858	-0.517483	-18.6382	-4.34906	
-8.13905	-2.97365	-8.69535	-6.03749	
-7.10562	-5.46881	-11.1798	-1.90363	
-7.60738	-5.93689	-7.32034	-3.71125	
-8.10133	-3.45565	-6.7134	-6.5127	
-9.28157	0.324527	-8.30868	-2.09177	
-4.77157	-1.31455	-4.3592	-5.34413	
-8.5356	-2.53669	-8.60261	-3.8691	
-11.0443	-1.60655	-13.2688	-4.11882	
-2.28077	-0.426654	-8.49166	-2.65042	
-7.66797	0.645182	-4.93237	-3.33059	
-10.305	1.31612	-8.84998	-3.66462	
-7.29348	1.31612	-6.0898	-4.02401	
-7.13172	-1.94907	-10.9871	-4.56772	
-4.14107	-3.13719	-11.8894	-2.70901	
-7.36584	-3.31369	-10.3098	-4.68376	
-6.38549	-5.79568	-13.5772	-1.49681	
-7.07626	-1.8531	-3.50982	-5.51721	
-9.08737	-2.82153	-13.288	-2.76915	
-11.2426	-3.7682	-19.1748	-4.21714	
-11.2827	-3.29086	-16.5301	-9.20489	
-7.23229	-0.411879	-17.6163	-2.87585	
-6.83011	-1.59006	-13.9706	-1.51849	
-6.29353	-0.798037	-13.9728	-3.52978	
-7.85584	-0.780457	-7.09746	-5.18004	
-5.82476	-1.29478	-14.1142	-2.90069	
-6.66071	1.20251	-11.424	-2.03005	
-12.3418	-1.31455	-9.98221	-3.33059	
-12.6998	-1.11119	-8.59484	-0.924182	
-7.50675	-2.53669	-6.4679	-3.35079	
-11.2555	-2.96819	-13.7648	-3.59627	
-10.9281	-0.426654	-9.77217	-7.33716	
-12.4406	1.40211	-11.2602	-3.84416	
-10.4883	-1.5737	-13.1405	-3.67619	
-9.646	-8.88784	-4.67089	-2.44085	
-4.54177	-2.22213	-5.3482	-1.91183	
-2.88223	-0.548629	-3.48551	-2.40951	
-5.82321	-2.07058	-10.1423	-2.76915	
-0.892472	-5.34749	-3.52556	-3.95833	
-7.34288	-1.5737	-6.62436	-3.09591	
-5.3054	-3.58093	-15.0654	-5.02424	
-9.08842	0.907989	-5.73507	-3.90696	
-5.94329	-1.74369	-13.2093	-4.1463	
-8.31498	-3.03356	-6.7703	-4.06043	
-12.3328	-3.20177	-13.5076	-1.32306	
-7.24795	-1.14311	-12.4672	-3.68782	
-7.94531	4.55484	-8.0524	-4.02401	
-5.86609	-2.07058	-5.76052	-1.29426	
-13.5814	-2.80326	-9.06799	-4.36412	
-8.92226	-3.58093	-5.16902	-5.87744	
-3.65446	-0.833649	-14.3791	-3.75115	
-3.68281	-0.833649	-8.29459	-0.138389	
-4.94816	-5.23102	-7.92793	-3.2225	
-7.81437	-1.32889	-2.84102	-2.02138	
-8.18639	2.83253	-11.5078	-0.182054	
-16.2649	-2.66246	-5.76559	-2.8561	
-4.71898	-1.46284	-10.239	-2.38886	
-6.85071	-1.55748	-7.00875	-1.44802	
-7.78847	-0.297122	-11.3397	-6.5127	
-10.1347	-1.69115	-12.6192	-4.06043	
-10.9235	-5.93689	-7.49798	-7.5564	
-5.93901	-0.187994	-12.5667	-2.03005	
-11.9225	-0.0585579	-12.1146	-2.4514	
-5.52859	0.645182	-15.2802	-4.63345	
-1.00001	-0.517483	-7.31515	-2.32806	
-2.59476	-1.28619	-8.05503	-5.57962	
-8.16825	-0.982556	-9.17906	0.0119251	
-6.14063	-2.89625	-3.53743	-8.62235	
-7.682	-1.17667	-2.70861	-0.767446	
-1.90734	-3.0539	-12.1785	-3.2907	
-7.02923	-2.24471	-14.7476	-3.99754	
-8.38754	-1.65688	-16.4329	-5.26936	
-6.41287	-0.67797	-7.84895	-6.70684	
-9.01538	-3.45565	-12.7095	-3.40205	
-6.91824	-2.3329	-13.1641	-8.52985	
-11.1388	-2.53057	-6.34892	-3.08281	
-11.6266	3.11424	-12.9581	-6.72686	
-2.98878	-1.60655	-7.27709	-5.57962	
-11.7513	-4.19163	-16.8297	-2.59333	
-8.36032	-1.50959	-12.562	-4.76961	
-3.48361	-1.20673	-12.2688	0.302803	
-0.0896569	1.37774	-8.7095	-6.24047	
-5.92591	3.2098	-9.62112	-4.06422	
-1.62812	-3.79617	-12.4356	-3.50802	
-5.15007	-1.87193	-11.824	-5.08322	
-2.68841	-5.09182	-9.98971	-0.226905	
1.37023	-0.502077	-17.0148	-6.18855	
-8.80055	-0.92545	-10.7435	-3.30061	
-3.64212	-1.14311	-11.3783	-8.91333	
-5.03329	-0.325257	-12.8937	-2.32806	
-10.0663	0.134718	-17.9416	-4.76961	
-5.45015	-3.24588	-3.0149	-4.87607	
-7.86308	-4.69764	-5.97263	-4.56772	
-6.42387	-1.13712	-8.23203	-5.51721	
-12.5326	-1.96882	-10.0312	-4.65012	
-0.582318	-3.68615	-9.4655	-3.84416	
-3.98275	-4.19163	-13.915	-3.64162	
-7.83632	0.146296	-1.22296	-6.31097	
-2.74624	-3.45565	-11.7147	-2.97693	
-2.46208	-2.96819	-10.235	-2.8944	
-4.97368	0.806707	-10.9277	-0.987024	
-8.63673	-1.67394	-8.49523	-7.57963	
-9.49044	-3.18004	-6.71582	-0.97114	
-2.5062	1.62619	-10.294	-0.870663	
-9.78185	-3.22371	-16.2762	-2.24957	
-12.5779	-1.5737	-4.08937	-1.69384	
-2.43907	-3.29086	-13.4757	-3.79502	
-6.36125	-2.38564	-17.0066	-4.20287	
-4.03534	-0.456509	-10.2272	-0.331091	
-6.9392	-2.75623	-11.6901	-5.20009	
-0.365473	-5.31793	-9.98407	-1.92005	
-2.80121	0.541059	-9.07262	-2.47265	
-3.33569	-2.71416	-2.21608	-2.7871	
-7.18098	-3.20177	-3.86624	-1.95329	
-8.48381	-1.22838	-4.17761	-1.63417	
-13.3566	1.46234	-0.762984	-2.99972	
-5.12361	-3.58093	-8.42636	-5.725	
-2.7735	-0.869882	-4.55308	-2.99423	
-12.8294	-3.26826	-15.6567	-2.14614	
-3.51101	-3.22371	-16.8068	-6.20577	
-2.58121	-2.17768	-7.06716	-9.18337	
-10.9738	-1.08141	-5.51069	-0.484126	
-1.39847	-2.75623	-7.8188	-6.80806	
-9.68943	-1.83445	-12.2156	-5.80031	
-9.81859	-3.11607	-15.6486	-7.10747	
-4.86339	-3.20177	-5.2944	-1.99559	
-12.9779	-3.94101	-17.0449	-4.96781	
-1.27429	-2.76717	-7.31474	-0.738835	
-7.52976	-1.81596	-6.23024	-3.95833	
-0.00295589	-1.63996	-5.20649	-7.10747	
-6.17708	-5.17452	-8.59112	-9.11949	
-3.28307	-0.241896	-7.04252	-1.74508	
-7.72438	-3.11607	-10.0843	-6.4565	
-7.81437	-2.82153	-5.6574	-4.39449	
-2.36	-1.1634	-16.6468	-2.11878	
-0.276209	-1.65688	-9.90395	-3.15625	
-10.0739	-2.22213	-8.08431	-4.09138	
-11.6743	-0.0966308	-10.5687	-7.5066	
-2.93121	-1.58448	-9.93674	-3.13766	
-4.8388	-3.40736	-12.174	-6.87018	
-0.457954	-4.15892	-19.5626	-0.745953	
-4.51181	-1.29478	-4.06337	-8.09762	
-6.44594	-5.72743	-10.2898	-8.6411	
-9.33824	-1.55748	-3.40537	-3.8566	
-3.94463	-2.43481	-7.40064	-3.11007	
-4.44761	-2.95404	-6.51734	-5.57962	
-3.75828	-0.230334	-10.8404	-1.64999	
-9.7763	-5.97321	-4.47816	-0.0415013	
-9.14223	-1.63996	-11.397	-7.26678	
-10.5738	-1.89094	-11.4774	-3.24178	
-0.265515	-0.486781	-7.50102	-4.65012	
-13.0643	0.0759838	-3.32732	-7.17492	
-7.47944	1.32853	-2.49604	-3.93252	
-1.6387	-1.3873	-6.60256	-10.0868	
-6.49038	-3.7682	-7.72244	-3.80721	
-0.459521	-2.57905	-10.0198	-4.20287	
-4.68183	-1.50959	-4.96834	-0.71762	
-7.47944	-4.43274	-6.64537	-2.89238	
-12.8628	-0.325257	-1.38734	-6.10378	
-10.8251	1.40211	-10.9719	-3.21082	
-6.97608	0.750084	-16.8699	-7.97915	
-8.57463	-1.54139	-12.3107	-2.54868	
0.474002	-3.55534	-5.53715	-1.13556	
-4.51287	-2.99344	-13.0767	-4.62928	
-3.85141	-1.25027	-9.55894	-1.9701	
0.815451	-1.62319	-8.18667	-3.01167	
-10.4246	-1.69115	-9.50318	-0.840667	
-13.3159	-0.833649	-23.1444	-1.63417	
-5.27841	-5.76137	-9.3114	-3.59195	
-6.14582	-3.55534	-12.2902	-5.50941	
-3.22764	-1.50959	-10.8864	-5.65146	
-8.02686	-1.50959	-8.18584	-0.154449	
-5.05757	-1.4105	-16.3515	-2.0475	
-15.5971	-1.4105	-7.99057	-4.03734	
-9.17352	2.75994	-3.73952	-5.98864	
-3.92428	-2.07058	-10.994	-5.75491	
-5.59341	-2.75623	-11.0048	-3.41244	
-4.99714	1.88958	-11.7455	-1.55119	
-2.32508	-1.69115	-3.32732	-6.17142	
-13.5374	0.423273	-8.61123	-2.58208	
-1.54322	-0.00874211	-4.63538	-1.01107	
-15.644	-4.8826	-11.8696	-4.71779	
-6.57944	-1.21703	-5.95119	-2.49411	
-3.57044	-0.963344	-8.0352	-0.908755	
-8.13237	-1.17667	-1.6955	-4.42323	
-1.01597	-2.61643	-15.6581	-3.12843	
-9.07781	-0.353754	-2.66	-8.23786	
-3.02365	-3.13719	-9.52824	-1.73111	
-11.9971	0.192067	-8.56045	-2.0475	
-5.84017	1.37774	-10.8173	-1.32306	
-6.83011	0.134718	-11.4489	-4.18868	
-8.55355	1.58007	-3.34186	-6.22308	
-9.84053	-1.3873	-12.1627	-1.70866	
-4.84794	0.536396	-5.36541	0.772161	
-7.0079	-0.382624	-10.3048	-9.49492	
-5.19913	-1.14311	-5.30629	-4.93077	
-9.41837	0.203378	-12.4672	-2.20193	
-5.06408	-3.38358	-10.3576	1.05623	
-5.68984	0.180704	-7.74732	-5.25658	
-5.54175	-0.325257	-12.8472	-3.9844	
-8.87383	-2.71416	-9.81596	-2.90069	
-5.25268	-1.83445	-6.23595	-4.89715	
-8.116	-0.596215	-6.26156	-5.05929	
-5.1971	-3.71319	-10.6855	-3.78288	
-9.20697	-5.79568	-14.8893	-4.84015	
-11.121	-3.82447	-4.19748	-7.33716	
-6.01918	1.16381	-7.22062	-2.31809	
-2.44336	0.456066	-3.44272	-3.61884	
-5.16668	-5.49994	-8.63913	-2.4199	
-3.14567	-1.60655	-12.205	-2.80601	
-4.04654	0.064063	-9.02658	-3.80721	
-11.0767	-0.564373	-7.81772	-0.767446	
-15.9455	-0.833649	-6.12312	-0.97114	
-5.23161	1.1346	-10.1573	-4.20287	
-5.49704	0.146296	-3.82897	-6.76723	
-6.83011	0.064063	-6.42915	-9.29205	
-2.63356	-2.91534	-1.43201	-1.37982	
-12.0252	-0.986429	-11.0834	-3.32055	
-2.03608	1.40211	-15.3114	-2.87585	
-2.26025	-1.74369	-6.43782	-4.71779	
-3.76994	-0.548629	-9.85755	-3.4421	
-5.52322	-0.368142	-10.1496	-5.50941	
-8.79797	-3.18004	-6.63927	-6.03749	
-9.87779	-1.55748	-5.63794	-0.507187	
-8.34675	-1.79765	-5.7964	-8.87331	
-13.3479	-1.20348	-7.30227	-0.878228	
-2.6573	-2.02927	-8.2293	-2.08284	
-6.31711	-5.86548	-5.04394	-3.08192	
-5.67306	-9.02415	-2.06015	-2.30817	
-6.18499	-0.857727	-15.4758	-2.97294	
-2.7335	-0.385452	-9.42787	-2.57089	
-6.14905	-2.61643	-6.05129	-2.51578	
-6.09417	-3.48018	-13.4632	-5.36044	
-11.1381	-0.385452	-15.5156	-8.71703	
-3.25767	-1.70851	-22.6588	-0.280966	
-5.84583	-1.20348	-9.00505	-8.85344	
-8.51161	-0.161516	-2.80546	-5.34726	
-3.99762	-0.0966308	-5.92455	-7.43307	
-5.85107	-1.92951	-12.9868	-6.49386	
-7.56141	-3.82447	-3.73587	-3.09186	
-10.2365	-1.89094	-7.8259	-5.08174	
-10.0434	-3.45565	-7.62279	-5.10115	
-7.76708	-2.74935	-10.6185	-1.76907	
-6.65934	-4.25829	-10.0988	-2.8688	
-5.26259	-0.148391	-6.08787	-5.94052	
-14.0544	-0.0460042	-13.0053	-2.26893	
-10.1557	-3.36005	-9.59887	-3.95833	
-4.52955	-3.01341	-10.8676	-1.73373	
-9.03782	1.30367	-4.2731	0.701566	
-2.48292	-0.411879	-7.90504	-3.1656	
-10.1452	-3.36005	-5.37108	-2.54868	
-3.1698	-2.04982	-6.52486	-2.79502	
-4.11568	-4.43274	-7.36167	0.102545	
-7.32633	-5.03802	-1.20263	-2.77135	
-3.72966	-2.26755	-3.96717	-1.60199	
-2.7813	-2.85856	-5.05031	-3.48645	
-6.04286	-4.69764	-10.1961	-4.85806	
-3.36674	-1.81596	-8.65862	-5.51721	
-8.36742	-2.24783	-15.3679	-1.80775	
-11.6648	-3.22371	-9.33826	-4.39449	
0.465455	-4.43274	-6.14086	-5.80031	
-9.93753	-4.35878	-6.64941	-2.88156	
-7.06138	-1.49388	-15.9423	-7.65795	
-6.75866	-3.7682	-10.7542	-6.12056	
-6.45868	0.225846	-8.82277	-2.05628	
-5.44802	-2.17768	-7.08917	-2.66202	
-8.6491	0.705575	-5.58323	-3.06802	
-9.31521	-2.95404	-7.80171	-3.72305	
-4.74519	-2.19978	-17.6491	-5.45439	
4.18788	0.0279395	-5.35558	-1.39094	
-5.28689	-1.76151	-5.18221	-6.03749	
-11.0204	-3.48018	-6.8385	-1.55983	
-4.18641	-0.00874211	-14.4237	-3.19615	
-5.54445	-2.56276	-13.3737	-4.53542	
-8.17172	-1.41717	-11.1299	-4.16051	
-7.34601	-0.0966308	-4.39075	-3.74681	
-11.5007	0.146296	-10.165	-4.21714	
-2.97241	-1.25027	-3.15204	-0.584421	
-6.59757	-0.548629	-9.1708	-0.710594	
-8.46996	-1.0856	-11.8853	-4.75223	
-13.586	2.17471	-14.8898	-2.55976	
-5.31277	-1.91013	-12.126	-3.00294	
-15.7528	-0.00874211	-7.39329	-7.38482	
-9.14689	-1.4475	-4.52405	-1.55983	
-20.4695	-3.15851	-3.19515	-2.62741	
-5.05693	-0.833649	-12.2955	-2.61254	
-4.95999	0.259172	-3.01315	-1.58081	
-7.1723	1.46234	-6.68408	1.17646	
-8.21233	-1.1634	-5.67216	-3.51888	
-13.1007	-2.85856	-5.28936	-0.731741	
-6.30963	-3.15851	-10.1188	-3.95833	
-9.87698	-3.24588	-14.3776	-7.38482	
-6.78469	-3.0539	-7.43758	-3.40205	
-9.93753	-2.17768	-3.64115	-2.01275	
-14.95	-1.49388	-2.84194	-0.535372	
-4.36939	0.0400417	-16.6248	-4.91243	
-8.06249	-2.13417	-15.6567	-6.22308	
-8.47689	-0.906761	-7.97732	-2.38886	
-6.28817	-4.8826	-8.1216	-2.84348	
-5.87427	-1.7795	-10.0123	-7.01941	
-5.41439	-1.09835	-11.1268	-3.59627	
-13.9832	-4.44261	-12.5633	-3.88166	
-6.8731	-1.4475	-11.276	-8.31635	
-13.1337	-5.2597	-9.80484	-0.855613	
-4.84328	-0.426654	-10.996	-5.00031	
-9.66491	1.43458	-10.2743	-6.99771	
-10.8731	-5.03802	-19.6407	-4.84015	
-11.076	-0.230334	-11.3795	-3.01322	
-5.77178	-2.43481	-4.49084	-4.09138	
-9.05788	-4.03212	-9.72908	-3.95833	
-3.75595	-5.62782	-17.0912	-7.26678	
-6.22438	1.49804	-15.9491	-3.44388	
-4.44761	0.292061	-13.332	-4.33409	
-3.72064	-1.74369	-8.64846	-3.28083	
-4.24797	2.7012	-13.4141	-1.97856	
-10.1066	-1.3873	-15.7228	-8.58509	
-7.19471	-0.0966308	-9.98971	-1.31374	
-13.6655	-0.368142	-5.47014	-5.68067	
-3.77666	-1.65688	-9.04834	-5.68067	
-9.71623	-1.49388	-9.90395	-8.3337	
-5.44415	-5.28867	-8.41195	-7.33716	
-5.45751	-0.385452	-9.84851	-4.91243	
-17.3586	-0.71158	-13.734	-2.94646	
-9.72709	1.24078	-11.519	-2.17385	
-3.20842	-1.08141	-8.4874	-5.66603	
-8.81881	0.552191	-16.4149	-7.17492	
-9.7599	-2.36149	-5.65543	-7.17492	
-7.71366	-1.58448	-12.5078	-5.80031	
-7.55088	-3.31369	-9.055	-4.58401	
-5.55506	-0.426654	-8.99609	-7.5066	
-10.7213	-0.201349	-6.30222	-4.06422	
-3.07523	-1.0856	-10.7617	-1.24966	
-5.61038	-3.40736	-10.9168	-5.04739	
-4.81651	5.2853	-4.20746	-1.91183	
-8.80425	0.157819	-13.635	-3.84416	
-10.5492	-2.56294	-11.8138	-3.12843	
-10.1425	-2.71416	-4.99549	-3.97133	
-5.17747	-3.74054	-6.59857	-6.05394	
-14.9907	1.7615	-10.3649	-7.43307	
-12.4159	-0.174716	-4.51816	-6.5127	
-2.44139	-1.14311	-18.6661	-6.6279	
-5.52946	-1.15021	-6.81565	-0.535372	
-4.48826	-3.22371	-5.92231	-6.93339	
-4.25853	-0.62854	-9.91345	-2.48366	
-3.07215	0.123085	-14.1597	-4.48765	
-6.88517	3.01715	-9.20065	-8.23786	
-8.19298	-3.82447	-5.9619	-3.9844	
-2.92861	0.163641	-6.66829	-3.58507	
-4.63041	0.192067	-11.4121	-3.78288	
-1.88551	-1.10177	-10.9169	-2.16457	
-10.8831	0.645182	-8.68124	-7.29009	
-6.88177	2.28748	-10.8734	-3.22557	
-6.15102	-6.00995	-6.62124	2.11081	
-14.9268	-1.8531	-15.4122	-6.43796	
-4.85213	-0.385452	-11.157	-2.59333	
-6.09705	3.11424	-13.8369	-4.58401	
-4.83434	-3.7682	-6.47989	-6.4565	
-7.41708	-0.311145	-13.9517	-5.80031	
-3.68379	-1.55748	-3.41345	-2.8561	
-3.46167	-3.53002	-13.7191	-3.68782	
-0.96019	-5.5314	-4.33436	-9.07743	
-3.30931	1.90684	-10.93	-7.01941	
-4.84328	-3.48018	-7.7382	-2.72091	
-4.03465	1.49804	-8.11141	-5.26936	
-7.42283	-1.37253	-14.7328	1.3149	
-10.7403	-0.255575	-16.1407	-2.51578	
-3.84112	-1.28619	-8.54958	-9.88068	
-7.70756	-4.03212	-10.1265	-1.60706	
-2.71317	-3.55534	-18.0718	-0.956963	
-4.526	1.82754	-12.2421	-6.22308	
-5.49505	0.199785	-13.1669	0.555688	
-4.41714	0.217667	-18.0851	-1.57893	
-3.97269	0.806707	-7.66614	-8.47537	
-8.81761	-0.0711797	-9.49236	-3.36257	
-0.263266	-3.09515	-5.52029	-1.53906	
-12.1078	-0.33946	-6.95865	-6.2932	
-2.07094	-5.49994	-4.24775	-4.6004	
-8.28028	-2.67955	-7.26607	-4.75223	
-3.53648	-1.83445	-15.4058	-5.7851	
-7.18723	-3.91135	-11.9554	-2.52669	
-8.01892	2.73064	-15.1933	-1.62841	
-10.051	-0.763024	-0.912952	-5.24385	
-3.45596	-0.661365	-3.33392	-1.81557	
-3.25432	-1.11119	-8.29142	-1.61415	
-10.0409	-3.55534	-11.9881	-4.36412	
-7.30335	-0.382624	-4.57532	-0.696609	
-5.28247	-0.230334	-5.70979	-6.55068	
-5.52618	-0.230334	-8.9291	-6.68694	
-17.5413	1.73925	-15.9898	0.0818882	
-1.60811	-0.846431	-3.44926	-4.07777	
-1.60497	0.590115	-8.21757	-2.69717	
-12.5135	-0.0649397	-10.7873	-5.04328	
-8.39437	-0.311145	-9.76132	0.875405	
-7.04528	-3.22371	-3.73678	-1.9479	
-8.81685	-1.83445	-18.1651	-3.22557	
-7.87383	-0.230334	-9.22053	-2.70901	
-15.2487	4.85913	-13.0469	-6.53163	
-9.48106	-2.67955	-6.94439	-4.93077	
-12.7186	-1.81596	-10.2551	-6.17142	
-5.80409	-3.58093	-11.2208	-5.07123	
-7.81629	-4.15892	-10.5075	-5.8931	
-5.21051	0.879863	-11.1661	-1.81557	
-9.16931	-6.12281	-6.23595	-3.59627	
-9.5373	0.423273	-10.8079	-2.03876	
-17.8665	-1.96882	-24.1001	-2.13698	
-9.18688	-1.70851	-14.8021	-7.12982	
-12.3605	-3.13719	-5.12747	-2.60463	
-7.43434	-0.161516	-2.45403	-8.99457	
-4.41398	-2.13417	-16.6174	-3.15625	
-1.67985	-3.60681	-16.8297	-5.65146	
-5.38973	-2.85856	-13.3259	-4.06043	
-7.06962	-2.75623	-4.271	-8.52985	
-9.98209	-0.255575	-13.221	-1.07656	
-6.91546	1.31612	-19.249	-2.47265	
-11.6633	-1.54139	-9.77217	-5.94052	
-2.33502	-0.0210972	-9.85755	-4.95399	
-10.5353	-2.61643	-13.3674	-8.04889	
-6.27604	-0.548629	-15.5206	-2.85944	
-9.048	-0.0585579	-9.53575	-4.20287	
-0.940304	-1.49388	-7.10784	-3.15625	
-10.3392	-4.98523	-17.0383	-3.48645	
-12.5135	-1.69115	-11.0626	-3.89428	
-9.26697	-0.109462	-15.9201	-6.22308	
-5.91282	-2.54661	-13.3994	0.117351	
-6.03848	1.12469	-17.5708	-2.462	
-10.1277	-1.8531	-9.34821	-3.43335	
-1.46255	-2.91534	-16.7442	-1.7236	
-1.00621	-0.661365	-9.56786	-8.87331	
-2.5171	-0.00874211	-13.2643	-6.93339	
-6.43489	-5.46881	-12.3386	-3.09591	
-10.0803	2.73064	-14.0246	-7.1523	
-5.7479	-1.10177	-10.1521	-4.31919	
-7.88459	0.00354848	-0.976688	-1.31374	
-7.49317	-2.17768	-17.8242	-4.40443	
-5.09193	-2.22213	-13.6628	-6.78759	
-9.93003	-0.201349	-8.79512	-2.3684	
-8.32647	0.235427	-4.76248	-0.682713	
-6.23004	-1.76151	-8.81114	-4.78708	
-16.5385	-1.49388	-8.92058	-5.19347	
-5.22738	-0.426654	-9.49648	-6.70684	
-7.5551	-3.33675	-5.87777	-1.68891	
-2.67719	-0.71158	-5.65637	-2.75699	
-3.55955	-0.385452	-13.9939	-6.40119	
-10.4596	0.108441	-4.17895	-3.55175	
-6.29889	1.40211	-9.93364	0.0876569	
-2.73918	0.779398	-13.3994	-3.30061	
-7.81629	-2.51076	-9.15432	-6.2932	
-4.04628	-3.18004	-4.61658	-5.87744	
-4.51698	-5.86548	-5.2441	-6.17142	
-6.72331	-2.09156	-12.147	-6.13743	
-5.75048	-2.17768	-7.89201	-6.18855	
-3.06139	-1.8531	-5.4066	-4.39449	
-4.92185	-1.87193	-9.89285	-3.28083	
-8.31298	0.536396	-10.265	-10.1935	
-3.74103	-1.25823	-8.7543	-3.7708	
-1.34498	-2.56294	-8.63967	-8.28187	
-4.77229	-5.14668	-12.7323	-1.37982	
-6.82485	-1.58448	-8.63496	-4.56772	
-4.66815	-2.51467	-7.81131	-10.5292	
-6.26681	-3.40736	-2.95266	-4.03734	
-9.78324	-2.61643	-9.02658	-1.63417	
-0.377944	-3.71319	-7.5166	-3.09591	
-10.4556	-1.69115	-10.6375	0.866591	
-7.25295	-1.31455	-8.35117	-1.87117	
-1.23669	-2.17768	-9.52385	-5.8937	
-10.7639	-0.471592	-9.04431	-4.02401	
-7.95845	-1.83445	-3.52556	-4.24591	
-5.45305	-0.0585579	-1.39205	-2.27867	
-4.53557	1.29118	-12.8995	-2.78137	
-10.1819	1.05847	-5.0881	-1.09325	
-6.73339	-5.17452	-7.08917	-6.31097	
-14.7337	-2.96819	-16.6321	-5.2822	
-4.78551	-1.00195	-10.5071	-0.290016	
-6.01668	-0.44153	-8.61587	-0.968574	
-2.91017	-1.83445	-5.28257	-4.24591	
-11.2637	-9.62006	-0.347693	-6.76723	
-7.86593	-3.50497	-0.73415	-7.89086	
-5.53676	3.96515	-5.25244	-5.8937	
-7.02341	-1.25027	-9.14202	-6.74699	
-3.22835	-3.94101	-6.25801	-3.71491	
-8.17819	-4.15892	-16.3299	-1.55119	
-2.57965	-1.96882	-11.2391	-2.23039	
-13.0647	-0.148391	-5.96458	-6.43796	
-3.75655	-2.97365	-14.7319	-1.36073	
-4.84409	-3.65941	-15.1074	-1.54431	
-5.99254	-0.0450542	-21.8098	-1.67179	
-8.03033	-3.74054	-10.2107	-5.59385	
-11.7127	-0.62854	-9.49718	-0.391075	
-4.56672	-1.15021	-8.68834	-1.59137	
-2.60064	-2.97365	-2.30793	-2.99972	
-14.6019	-0.311145	-6.84505	-6.18855	
-12.0271	0.335258	-3.21702	-0.705357	
-12.1731	-0.798037	-11.1752	-3.39171	
-8.12737	-0.974377	-10.4622	-5.94052	
-3.27785	-3.7682	-9.77465	-6.64747	
-3.5648	-3.82447	-7.96883	-2.12786	
-7.2697	-0.368142	-9.0848	-6.60843	
-5.70995	-3.68615	-8.73789	-8.77493	
-1.83908	-0.517483	-7.44871	-7.78867	
-9.78324	0.423273	-7.44716	-2.7449	
-4.56022	4.29175	-12.0947	-3.84416	
-7.15804	-3.58093	-13.9255	-3.19387	
-12.5486	-3.33675	-16.7442	-4.31919	
-1.40754	-1.79765	-13.9103	-1.51849	
-4.92676	-0.44153	-11.3223	-3.46507	
-6.28984	-1.4105	-7.93448	-1.53906	
-3.06574	-2.87732	-8.24906	-5.60816	
-7.85015	-2.38564	-9.49993	-6.64747	
-6.78516	0.935869	-7.9707	-3.5628	
-4.12249	-3.88205	-6.8811	-7.17492	
-16.436	-1.98877	-8.64846	-3.99754	
-3.27147	-3.18004	-11.3182	-0.516017	
-12.653	-3.82447	-4.52405	-2.70901	
-7.48066	-0.426654	-11.0947	-0.641545	
-9.36217	-1.94907	-9.10516	-6.82865	
-6.55517	-1.00195	-17.6335	-7.1523	
-10.7505	-1.20348	-4.23303	-1.32953	
-12.418	-3.97101	-7.39098	-3.65309	
-4.57089	-3.79617	-12.1577	-1.94493	
-6.09639	1.40211	-17.9273	-3.7349	
-5.72415	2.93265	-15.3757	-4.71779	
-7.41708	0.423273	-16.8548	-0.496828	
-4.79053	-4.15892	-8.52461	-2.68539	
-4.09483	-1.1634	-5.33113	-5.80031	
-4.81106	1.13778	-13.5973	-7.12982	
-8.93135	-0.998556	-11.8742	-7.29009	
-3.28122	-0.851686	-8.23053	-1.86314	
-8.68831	-3.94101	-1.30268	-9.93135	
-6.33658	0.064063	-5.70283	-4.63345	
-9.99023	-3.7682	-7.19516	-3.90696	
-8.58189	-1.55748	-13.5645	-5.45439	
-2.78378	-6.23977	-8.92849	-2.14614	
-2.06222	-4.03212	-6.61298	-6.17142	
-2.78304	-0.869882	-4.50356	-1.22134	
-4.64137	-0.0460042	-4.63538	-1.0354	
-5.36803	0.0279395	-10.994	-3.75115	
-16.8692	-6.12281	-4.90181	-0.360887	
-8.18639	1.49804	-5.83271	-4.11882	
-5.4603	1.35689	-12.3548	-2.23039	
-1.31144	-0.411879	-12.7095	-6.32882	
-5.17747	-3.24588	-8.89183	-2.31809	
-4.56255	-3.36005	-5.09436	-2.51578	
-6.02539	-3.97101	-16.974	-4.94924	
-10.227	-1.3873	-8.96815	-2.94272	
-7.96049	-3.71319	-9.04884	-3.41244	
-7.23626	-3.26826	-7.55238	-7.33716	
-13.3694	-1.25823	-8.37804	-2.15533	
1.09681	-1.58448	-9.95836	-4.11882	
-14.4975	-1.15021	-4.59617	-4.02401	
-0.431861	0.660396	-10.3348	-2.10073	
-3.53648	-1.43227	-13.5275	-2.33808	
1.06003	-2.07058	-9.74688	-7.97915	
-0.499516	1.31612	-5.97532	-1.71612	
-5.90289	-3.33675	-5.32347	-4.20287	
-14.7084	-0.94431	-13.9728	-4.9655	
-8.15524	-1.60655	-13.1126	-4.71217	
-13.2264	-1.50959	-6.43544	-2.16457	
-8.44236	-4.42139	-15.1635	-1.39225	
-7.10734	-3.36005	-17.7029	-3.47574	
-8.89933	-4.15892	-5.6966	-4.58401	
-12.7374	-5.76137	-4.3798	-1.62339	
-5.40376	0.0520825	-8.47344	-1.59999	
-5.93168	1.46234	-16.0492	-1.12703	
-7.91546	-1.5737	-11.554	-4.23148	
-10.4758	0.0520825	-10.9058	-4.33409	
-9.40452	-0.471592	-15.9559	-5.55134	
-12.3451	-3.0539	-9.97933	-4.02401	
-8.34989	-3.29086	-8.83027	-4.87607	
-3.54904	-0.62854	-5.34096	-4.6004	
-8.35665	0.935869	-16.2451	-1.52875	
-3.42972	-1.09835	-9.65037	-6.74699	
-12.8727	-2.00892	-7.90178	-3.91971	
-9.77452	-1.8531	-11.5347	-1.83815	
-7.12628	-1.10177	-13.478	-6.31097	
-2.62749	-1.07293	-9.02015	-5.76997	
-10.2473	0.0520825	-7.98394	-0.99501	
-3.80366	-3.13719	-6.5562	-1.86314	
-13.0053	1.24078	-4.9761	-6.10378	
-6.21212	0.536396	-13.2067	-6.60843	
-6.38021	-3.20177	-5.32575	-10.1399	
-9.5727	-5.97321	-8.37611	-7.25433	
-9.36314	-1.65688	-7.70047	-4.10506	
-9.97559	-1.10177	-4.63344	-3.74681	
-1.4134	-1.92951	-14.1131	-3.11007	
-3.05944	-2.99344	-17.1532	-1.70124	
-9.95417	-1.92951	-9.41765	-5.7851	
-0.0175361	-3.79617	-11.2253	-0.366892	
-4.13643	-4.73558	-8.28705	-5.8937	
-9.71623	1.27865	-8.72283	-6.40119	
-7.09475	-2.26755	-5.05456	-4.91975	
-5.86684	-3.03356	-10.8241	-3.36257	
-10.4274	0.0400417	-4.34234	-2.02428	
-1.85579	-1.83445	-8.38853	-2.83092	
-10.3806	-5.76137	-5.88427	-3.75877	
-8.21944	-0.82403	-15.1196	-6.80806	
-11.0558	-0.71158	-6.92659	-5.76997	
-10.2513	-1.76151	-10.1922	-2.13698	
-4.95338	-2.26755	-7.36752	-7.19768	
-11.6432	-1.49388	-7.89201	-4.27498	
-4.3899	1.13778	-6.28329	-2.33808	
-7.45937	-1.58448	-9.77465	-5.8931	
-10.8764	-3.0539	-8.21296	-2.78137	
-11.5988	-1.00195	-5.76559	-5.00031	
-4.77915	-0.0585579	-16.7057	-4.76961	
-4.95678	1.47428	-4.92216	-5.86187	
-7.82157	-1.19003	-7.00457	-5.50941	
-4.99775	-2.80326	-7.62279	-5.44079	
-3.76994	-0.963344	-5.63736	-2.21365	
-9.39032	-0.00874211	-9.86337	-2.3684	
-6.91867	-1.70851	-6.2948	-2.02138	
-2.44139	-0.471592	-6.78321	-3.47574	
-3.33569	1.54512	-3.89827	-1.84716	
-7.63052	-4.43274	-21.2952	-5.15625	
-10.9132	-0.174716	-16.2175	-2.28846	
-3.50836	-2.75623	-8.70762	-4.14654	
-7.39986	-5.79568	-13.9728	-2.40457	
0.899272	1.15082	-12.9317	-3.91971	
-10.8431	-3.18004	-4.42615	-4.82236	
-4.95678	-2.43693	-9.38033	-3.84416	
0.610401	-3.24588	-13.9255	-3.5628	
-17.3091	0.237005	-7.48898	-0.460184	
-5.87106	-2.45224	-9.37357	-3.28551	
-7.01804	-1.91013	-4.86118	-8.52985	
-14.3124	0.0157754	-8.38326	-2.28846	
-4.79876	-0.71158	-8.44442	-2.97693	
-13.9346	-1.37253	-12.8588	-2.4514	
-5.01241	-1.2444	-7.81131	-0.581199	
-5.24644	-0.869088	-13.5955	-3.93252	
-5.14046	-1.08141	-3.69478	-4.2604	
-11.0863	-2.09156	-8.83842	-1.26871	
-3.47129	-0.0585579	0.0551392	-8.6411	
-15.4148	-0.517483	-13.6414	-3.57391	
-3.76324	3.2098	-4.9767	-3.2225	
-8.58796	-3.40736	-5.59795	-4.44068	
-2.2563	-0.385452	-4.94767	-3.72305	
-7.96059	1.35322	-6.55871	-3.84416	
-11.2743	-5.28867	-9.83903	-5.95648	
-4.16723	3.43593	-11.4299	-5.90883	
-4.24301	-0.122365	-9.29594	-0.855613	
-4.3243	-1.58448	-12.7332	-2.37861	
-7.26339	-0.880514	-2.13111	0.647166	
-2.29301	0.203378	-9.07262	-2.75571	
-2.43109	0.199785	-9.26958	-2.62741	
-5.32755	-3.03356	-4.25829	-3.7349	
-4.48321	-0.214784	-12.4692	-5.48178	
-4.84409	1.31612	-5.66967	-4.30437	
1.44224	-0.385452	-17.6738	-4.6912	
-6.58923	-1.43227	-3.11808	-5.62252	
-8.59945	0.235427	-13.3135	0.659421	
-7.05714	-1.65688	-4.71571	-9.38103	
-8.49075	-9.26209	-19.7988	-6.13743	
-2.21075	-3.36005	-7.78576	-7.12982	
-5.51588	-3.71319	-11.0921	-2.3589	
-10.5165	-0.0849915	-3.87751	-3.27039	
-9.17352	-0.255575	-12.8724	-4.13264	
-4.63406	-0.612316	-11.1286	-4.56772	
-5.28697	1.01811	-2.79463	-5.71016	
1.2268	1.07182	-4.09837	-8.40389	
-5.37821	-6.12281	-2.44548	-2.21138	
-12.2098	-1.17667	-8.94036	-2.24957	
-1.1735	-5.49994	-0.951558	-6.31097	
-6.27144	-0.596215	-11.4715	-3.71125	
-7.89091	-2.00892	-10.8647	-2.462	
-4.69294	-2.48322	-6.80835	-4.17456	
-7.15903	1.2575	-1.38028	-4.36412	
-6.655	-2.74935	-13.4694	-7.06318	
-13.4446	-2.43481	-15.276	-2.47265	
-7.50675	-6.94415	-2.51476	-3.31056	
-2.48292	-1.96882	-4.66852	-4.06422	
-8.89995	-2.96819	-11.8462	-3.20337	
-5.2501	-1.92951	-5.19323	-2.31809	
-1.7849	-0.33946	-4.45846	-3.61884	
-8.64898	-4.19163	-9.43128	-5.04328	
-1.82231	-2.02927	-3.52497	-2.8688	
-17.291	-1.37253	-15.4523	-6.15438	
-4.02382	-1.98877	-15.9356	-5.97252	
-10.0663	-4.19163	-2.40208	-4.44068	
-5.47091	-0.982556	-9.11332	-2.59333	
-5.80071	-2.36149	-16.0596	-1.41145	
-10.7738	-1.79765	-8.36897	-4.06043	
-0.0485237	-0.122365	-13.0516	-3.8566	
-5.61185	-1.25027	-6.26464	-4.02401	
-2.35499	-2.07058	-5.2441	-2.05628	
-12.4283	0.157819	-5.88427	-2.14614	
-2.43881	0.567899	-4.01275	-2.0635	
-15.3351	1.31612	-9.7845	-4.02401	
-12.7092	-4.03212	-11.9211	-5.47306	
-8.05605	-1.92951	-9.99354	-0.471496	
-8.14697	-0.411879	-15.0343	-4.55153	
-7.45745	-1.5737	-7.37337	-8.29907	
-12.9988	-3.91135	-5.74778	-4.9655	
-5.12714	-0.745735	-12.4637	-1.47794	
-1.7685	0.963511	-4.58391	-6.02113	
-9.32616	0.225846	-2.353	-4.56772	
-4.99132	0.064063	-13.4337	-3.25536	
-6.4058	-1.60655	-7.07815	-8.35113	
-5.40376	-1.0856	-9.55196	-1.87924	
-9.29678	0.629889	-11.9401	-4.63345	
-0.593701	-1.1634	-9.02024	-3.8691	
-5.36484	-8.34635	-9.50684	-3.68782	
-8.895	-0.297122	-14.0926	-5.73992	
-11.2955	-1.4105	-7.02889	-0.885819	
-7.79163	-2.54661	-9.96988	-6.55068	
-7.68874	-1.49388	-9.89285	-3.84416	
-9.50768	-1.29478	-5.68216	-3.55175	
-1.81575	-0.564373	-10.4409	-5.32314	
-11.2464	-3.82447	-7.22345	-10.1399	
-3.14091	-5.5632	-10.1999	-9.16197	
-3.32328	-1.79765	-10.8345	-2.55976	
-4.80195	-0.833649	-10.3656	-4.64976	
-10.5986	-2.15581	-8.98024	-1.7538	
-10.3152	-4.15892	-6.46893	-4.61688	
-5.25268	-1.63996	-12.0687	-6.08708	
-7.59929	-0.0210972	-4.64954	-3.99754	
-3.56796	1.04507	-0.829371	-3.79502	
-0.974917	-3.68615	-14.1759	-3.16708	
-2.85917	-0.161516	-6.11474	-3.99754	
-11.5437	-2.75623	-1.43573	-6.40119	
-13.7835	-1.31455	-8.28756	-5.1317	
-10.8034	-1.12411	-1.86067	-4.87607	
-10.051	5.44928	-8.15232	-5.36526	
-17.788	-5.93689	-4.55677	-3.41244	
-1.4091	-1.54139	-15.6632	-5.38699	
-6.0228	0.248113	-8.41082	-4.2604	
-2.74772	3.31724	-5.44649	-3.60753	
-8.81705	-2.17768	-8.01439	-4.28964	
-4.10771	-2.26755	-17.1221	-4.21714	
-1.59696	-0.62854	-1.94801	-2.28846	
-1.78468	-3.53002	-9.55904	-4.94253	
-5.36048	1.35322	-10.294	-0.0502897	
-3.33871	0.423273	-11.5797	0.218768	
0.804397	-8.19407	-7.00841	-4.37927	
-3.42853	-5.5314	-8.25117	-5.18004	
-13.5783	-2.56294	-12.7714	-2.21138	
-14.8601	-5.5314	-13.7977	-9.16197	
-13.0558	-2.3376	-2.47185	-2.60463	
-1.76372	0.536396	-13.4533	-1.17872	
-8.68476	-1.98877	-13.4632	-2.22783	
-8.72407	-1.60655	-11.7344	-5.46805	
-8.79168	1.49804	-4.57904	-4.37927	
-2.99696	-2.31399	-5.26079	-3.35079	
-6.6686	-0.214784	-8.46658	-5.04328	
-9.41837	-0.255575	-9.76094	-5.68067	
-10.2916	-1.4783	-1.40388	-4.94253	
-9.02841	0.963749	-16.9275	-4.11882	
-8.77288	-0.95049	-6.1968	-0.458935	
-4.66815	-0.311145	-14.463	-2.0475	
0.56587	-2.00892	-20.7443	-3.9844	
-0.819446	0.146296	-4.22082	-0.415517	
-10.8431	-1.32889	-3.52052	-1.24066	
-9.2199	1.56845	-13.7391	-4.44068	
-12.4391	-1.91013	-12.8092	-2.08284	
-8.25538	-5.5632	-6.35985	-4.90843	
-7.64444	-6.32015	-13.8056	-3.99754	
-7.3544	-2.69679	-10.8173	-0.811082	
-9.83417	-3.18004	-11.7592	-5.68067	
-7.08168	-1.91013	-7.07676	-3.74681	
-9.31439	-5.69386	-21.2397	-3.95833	
-1.90287	-8.38541	-17.0372	-1.67179	
-3.79011	-0.963344	-12.8498	-1.61267	
-5.17913	1.08511	-5.21536	-5.46805	
-7.96744	0.157819	-7.97715	-0.731741	
-1.94181	0.865707	-14.4777	-3.57391	
-14.6136	-3.58093	-19.7988	-3.74681	
-1.49279	-1.10177	-10.3376	-5.65146	
-10.6234	0.248113	-8.78797	-2.59806	
-2.11842	-1.41717	-12.9935	-5.95648	
-2.40551	-6.04713	-7.33121	-2.27867	
-9.47506	-3.94101	-11.3124	-2.70901	
-5.52946	-3.50497	-13.8473	-4.93112	
-6.99637	-3.71319	-9.00505	-1.00303	
-5.40431	-1.35787	-13.185	-0.561443	
-1.58536	0.977245	-16.0388	-5.56545	
-6.03411	-1.4475	-2.0218	-6.00485	
-11.8585	-1.14311	-7.1882	-5.67667	
-7.68803	-2.07058	-4.60721	1.01802	
-6.68889	-1.37253	-8.09107	-1.17595	
-7.61662	-1.31455	-6.54698	-3.50802	
-7.58895	0.335258	-6.84505	-2.02428	
-8.2286	1.32853	-7.11683	-0.893437	
-2.40583	-2.02927	-12.2528	-2.7171	
-3.03438	-0.71158	-7.41751	-8.83367	
-4.83184	-0.385452	-15.742	-0.833233	
-3.29552	-0.92545	-14.2723	-4.30437	
-6.27337	-2.56294	-2.011	-6.07047	
-18.2218	1.24078	-3.65597	-4.16051	
-1.19159	-1.4783	-10.3098	-1.7538	
-8.32392	-1.89094	-15.5851	-5.84637	
-3.7756	-2.43481	-6.07728	-5.14034	
-9.55143	1.54512	-11.9658	-4.56772	
-1.66752	-2.07058	-10.3548	-3.39171	
-6.59414	2.96095	-8.66977	-10.1133	
-6.03411	-1.31455	-4.6918	-6.99771	
-7.9349	-0.71158	-10.7659	-9.49492	
-8.17738	-3.48018	-8.40477	-3.14694	
-11.9737	0.583521	-6.16295	-6.36482	
-1.86868	-1.1634	-5.84822	-2.38886	
-10.7662	-1.23066	-5.63488	-6.08708	
-13.3038	1.04507	-7.474	-3.79502	
-5.57635	-8.04777	-13.5573	-0.753094	
-3.00228	0.764776	-7.29506	-5.41377	
-3.45902	0.614515	-8.42275	-0.226905	
-0.644578	-1.46284	-7.50478	-2.14614	
1.41931	-0.728588	-9.83903	-6.4565	
-5.27413	-0.0966308	-5.70509	-3.41244	
-16.3074	-2.91534	-13.1066	-3.33145	
-7.06676	-3.68615	-6.79142	-3.06802	
-9.50768	-5.79568	-8.67732	-2.07395	
-10.3074	1.24078	-8.92849	-9.01513	
-7.60277	0.837202	-14.2467	-6.03749	
-3.6729	1.62246	-9.95227	-1.41789	
-9.20697	-6.32015	-9.26649	-2.11692	
-4.25435	1.99217	-15.5142	-4.86359	
-1.43324	-0.486781	-9.69664	-6.95471	
-5.56132	-0.385452	-12.964	-5.59385	
-1.51483	-0.612316	-13.185	-3.75877	
-8.84428	-0.174716	-25.0623	-3.75115	
-9.39422	1.37774	-7.18389	-2.31809	
-6.40175	-1.35787	-7.72244	-3.38141	
-0.50685	-0.269339	-5.27354	-2.15533	
-11.3336	-2.11275	-14.3284	-1.9701	
-12.4776	-0.0210972	-8.37254	-4.30437	
-6.56967	0.134718	-4.29014	-5.20599	
-3.48361	-2.67955	-14.5535	-3.7708	
-5.47091	-3.15851	-17.7567	-6.66715	
-8.29281	-6.04713	-3.06248	-4.45625	
-9.2204	-1.91013	-14.3402	-1.79995	
-13.6105	-0.780457	-10.235	-3.25536	
-10.1666	-0.382624	-6.23881	-4.51941	
-3.23693	-1.72602	-10.5275	-6.72686	
-14.2218	1.1346	-17.9732	-10.7976	
-3.2947	1.31612	-2.99358	-3.47574	
-9.34941	-3.53002	-5.75103	-4.28545	
-9.31521	-2.96819	-8.15917	-5.04328	
-14.0757	-0.0585579	-10.3456	-3.61884	
-3.63164	-2.19978	-12.0885	-2.08284	
-7.12628	0.488475	-15.0572	-1.48344	
