FF[0]	FF[1]	FF[2]	FF[3]	
-0.808079	-1.06099	-3.23062	-1.80857	
-0.118527	-0.994152	-2.42901	-1.03993	
-3.63177	-0.501253	-1.0801	-0.386377	
-2.09943	-2.00501	-1.2672	-1.36054	
-3.10397	-0.618212	-2.14666	-1.47152	
-0.350997	-0.618212	-1.38759	-0.493247	
0.545486	-1.44528	-1.57953	0.637111	
-2.30374	0.175439	-1.65786	-0.406929	
-2.71695	-1.43692	-3.83884	-0.0575455	
0.134898	-2.00501	-3.48251	-0.711098	
-2.57551	-0.985797	-3.43272	-1.2249	
-2.26576	-0.484544	-1.59162	-1.26189	
-3.38031	-0.618212	-3.48203	-1.25367	
-1.33195	-2.00501	-2.94875	1.27422	
-0.335281	0.108605	-3.05125	-2.12096	
-2.62462	-1.00251	-1.86189	-0.645331	
-1.51466	-0.935672	-3.27655	-1.53318	
-2.98282	-2.87385	-2.10121	-0.308279	
0.189905	0.0417711	-1.12216	-1.79624	
-3.37638	-3.30827	-3.07349	-1.45919	
-2.88132	-0.0668337	-1.94166	1.65238	
-1.59651	1.53718	-3.45931	-2.05108	
-2.38495	-0.893901	-2.92264	-2.38814	
-3.20285	-1.42022	-1.71297	-0.941279	
-3.29714	-0.827067	-3.24319	0.698766	
-2.97562	-1.92982	-3.59516	-1.80446	
-0.939048	-0.726817	-2.00113	-0.752201	
-2.87935	0.21721	-2.81676	-0.73576	
-3.1832	-0.200501	-2.57937	-0.52613	
-3.09021	-1.16959	-3.01789	-1.04815	
-0.901067	-1.31161	-2.0253	0.254844	
-3.74309	-2.80702	-2.36954	-1.70581	
-2.07258	1.03592	-2.11668	-0.476805	
-1.30249	-0.0751879	-0.657051	-1.15091	
-2.28148	-1.16959	-2.10218	-1.2249	
-1.74385	1.00251	-3.9278	0.304169	
-2.00644	-1.48705	-2.53247	-2.43335	
-2.7235	-2.87385	-2.62385	-0.789195	
-0.800875	-1.4787	-2.41982	-0.916617	
-1.10931	-1.24478	-2.74327	-0.9495	
-4.25977	-1.05263	-2.99662	-3.22666	
-3.24672	0.167084	-1.95278	-2.37581	
-2.29523	-1.13617	-1.08493	-2.56077	
-1.88137	0.977443	-2.74182	-2.44979	
-2.63248	-2.43108	-2.2477	-0.0369935	
-2.92061	-0.367585	-2.66591	-1.43042	
-1.47929	-1.84628	-2.7423	-0.448033	
-2.65016	0.935672	-1.56116	-2.38814	
-2.55062	0.935672	-2.14762	-1.96888	
-3.61671	-2.18045	-2.71088	-0.304169	
-1.57949	-1.26984	-2.43819	-1.74692	
-3.32989	-0.701754	-2.73215	-2.12507	
-0.819866	-2.43943	-1.07429	-0.20963	
-2.7641	0.258981	-4.01386	-1.59894	
-2.7772	0.183793	-2.73699	-0.764533	
-2.8322	-1.06934	-1.317	-0.706987	
-3.30762	1.13617	-3.41628	-1.50029	
-3.36066	-1.56224	-0.178888	-1.45097	
-3.96771	-2.43943	-3.56277	-1.26189	
-1.58996	-1.06099	-0.782272	-3.16911	
-0.67711	-0.0167084	-2.28445	-1.15913	
-2.14527	1.53718	-2.17518	-0.263065	
-0.622758	1.03592	-1.96052	-1.82912	
-2.96972	-1.34503	-3.40806	0.094539	
-1.22521	0.710108	-2.87913	-0.834409	
-1.75957	-1.24478	-1.26817	-2.56077	
-2.4059	-1.8797	-1.75117	-1.13858	
-1.80541	-0.63492	-1.08687	-0.772753	
-2.65409	-0.0918964	-2.94682	-1.21257	
0.774027	-1.52882	-2.99855	-2.8074	
-1.53103	-0.192147	-1.11539	-2.35114	
0.16895	0.609858	-2.4411	-1.17968	
-2.72677	-1.87134	-2.75487	-2.00176	
-1.90429	-0.267335	-2.4701	-2.68408	
-1.90691	-1.37009	-1.97985	-1.52084	
-1.82047	-0.802005	-2.78678	-1.56195	
-2.58467	0.451128	-1.43691	-1.53318	
-1.01959	-0.726817	-1.31458	-2.64709	
-2.11646	0.0334169	-3.09863	-2.21139	
-2.82173	-1.17794	-1.07865	0.682325	
-2.57812	-1.13617	-3.03143	-1.65649	
-1.78314	-1.57059	-1.92329	0.0452143	
-1.35422	1.16959	-1.8411	-1.52084	
-2.36465	-1.57059	-0.974698	0.957721	
-1.97501	-0.225564	-0.943271	-1.42631	
-2.01954	-1.15288	-2.44738	-2.10863	
-2.65736	-2.3726	-2.75584	-1.7798	
-2.11122	-1.13617	-2.22836	-0.665883	
-2.39608	-1.0944	-2.29073	1.24956	
-2.65605	-1.55388	-1.66414	-0.850851	
-1.97829	-0.325814	-2.73699	-0.10276	
-3.12492	0.53467	-3.00387	-0.152084	
-1.72093	-1.00251	-2.93763	-1.40986	
-2.66129	-1.30326	-2.66543	-2.07164	
-3.17207	0.208855	-1.99968	-0.374046	
-2.29523	0.459482	-2.91249	-2.61832	
-1.71046	-0.526316	-3.62901	-0.62889	
-0.637819	-1.05263	-2.9328	-2.07575	
-2.72939	-1.92147	-2.2332	-1.45919	
-3.36656	-1.80451	-3.18904	-2.91838	
0.106085	-1.7878	-1.70427	-1.63594	
-2.35286	-2.49791	-2.83852	0.345273	
-2.61152	-1.07769	-1.73715	-1.41397	
-2.64754	-0.969089	-1.18114	-2.99236	
-4.23095	-1.41186	-2.86511	0.250734	
-3.36263	-1.26984	-1.81112	-2.18262	
-3.75554	-1.01086	-2.71378	-0.42337	
-2.9121	-1.57059	-2.29702	-2.22372	
-1.37321	-1.57059	-2.18388	-1.79624	
-1.86434	-0.442773	-2.29847	-0.176747	
-1.62729	0.459482	-2.10266	-1.00705	
-2.53621	-1.57059	-2.79404	-0.84263	
-1.92066	-1.23642	-2.07365	-0.920727	
0.0949525	-0.392648	-3.94182	-0.94539	
-2.40983	-1.48705	-0.853344	-0.073987	
-2.81911	-1.37009	-2.43143	-1.06459	
-1.32934	-0.551378	-1.91217	-1.09336	
-1.90167	-0.442773	-1.43497	0.304169	
-2.36595	-0.225564	-1.83481	-1.00294	
-4.2506	-2.43943	-2.58421	-1.50029	
-2.9671	-2.83208	-2.3971	-1.47152	
-3.40192	-2.55639	-2.16019	-0.221961	
-1.16628	-0.0584795	-2.0664	-1.16324	
-3.53747	-1.96324	-1.01579	-2.31004	
-1.26582	-2.43943	-2.64029	-1.13447	
-1.32737	0.0250626	-3.9278	-0.456253	
-1.45114	0.37594	-2.69589	-1.94421	
-0.478037	-0.501253	-2.08429	0.9495	
-3.67761	-0.0668337	-2.70798	-0.402818	
-1.53692	-0.342523	-2.60596	-1.39753	
-0.999948	-1.02757	-1.69944	-1.71403	
-0.689552	-1.05263	-2.41015	-0.164416	
-2.22975	-0.969089	-3.5618	-2.96359	
-0.989471	-1.57059	-3.35778	-0.287727	
-1.41774	-2.33083	-2.06253	-0.382266	
-2.4668	-1.48705	-1.01531	-1.71814	
-1.97436	-0.0668337	-1.82998	-0.139753	
-3.04175	-0.63492	-2.54359	-0.427481	
-1.47537	-1.52882	-2.21144	-0.608338	
-1.94751	-1.4954	-2.29218	-0.768643	
-3.30042	-2.43943	-0.69863	-1.06048	
-4.68083	-1.77945	-1.92522	-2.9266	
-2.04901	-0.902255	-1.85077	0.263065	
-0.182047	-2.36424	-1.0772	-2.13329	
-2.13218	-0.267335	-2.75197	-0.160305	
-2.60366	0.108605	-1.84255	-1.20845	
-3.07515	-0.53467	-3.71555	-0.83852	
-2.65474	-1.40351	-2.53441	-1.20023	
-1.84666	-1.26984	-4.51475	-0.242513	
-3.18648	-2.43943	-1.84641	-1.0276	
-3.60427	-3.30827	-3.10201	-0.378156	
-0.188595	-1.0944	-2.41112	-1.57428	
-2.75297	0.459482	-0.714101	-0.563123	
-1.40988	-1.97995	-3.47574	-2.4128	
-1.25206	-0.768588	-0.979049	-0.900175	
-1.93245	0.609858	-1.17389	-2.40458	
-0.775336	-2.33083	-0.684609	1.21668	
-0.355581	-1.34503	-1.69025	-1.45508	
-2.61873	-1.43692	-2.4087	-1.01116	
-2.09288	-0.426065	-2.78292	-0.941279	
-1.84732	-1.37009	-3.10201	-2.84028	
-3.67303	-0.944026	-2.38695	-2.38403	
-4.09082	-2.05514	-3.32296	-0.52613	
-2.31291	-1.35338	-3.99597	-1.3071	
-1.35684	-0.53467	-3.25189	-2.03875	
-3.02866	-1.86299	-3.23207	-0.398708	
-1.93179	-2.35589	-1.88993	-0.567234	
-1.41774	-1.0944	-1.40113	-1.60716	
-3.75816	0.701754	-1.39194	-0.217851	
-1.15318	-0.392648	-0.386785	-2.89371	
-1.69343	-2.43108	-1.82321	-1.43453	
-3.75685	-0.551378	-1.73473	-2.0552	
-1.88726	-0.927318	-1.55004	-1.52907	
-1.4865	0.167084	-1.87494	-0.965942	
-3.71428	0.200501	-1.72941	-0.822078	
-2.33976	0.200501	-2.10218	-0.941279	
-1.59586	-1.08605	-2.41064	-1.63594	
-1.23373	-0.977443	-3.03674	-1.54962	
-2.63182	-1.42022	-2.42321	-0.850851	
-2.52508	-1.94653	-3.44722	0.369935	
-2.74118	-1.42022	-2.84625	-3.19788	
-2.78506	-0.467836	-2.40387	-1.84145	
-3.37573	-1.57059	-1.69218	-1.5414	
-2.97103	-0.659983	-3.73731	-2.12096	
-2.75493	0.208855	-3.80548	0.0534351	
-2.12825	0.208855	-3.47623	-1.83734	
-2.22909	-1.4954	-2.60306	-1.04404	
-3.37573	-1.48705	-1.3257	-2.86083	
-2.16885	-1.32832	-1.92716	-0.230182	
-2.84203	0.501253	-2.92264	-0.189078	
-2.34369	-0.0167084	-1.62401	-0.965942	
-3.50866	0.108605	-1.9639	-0.748091	
-2.93043	-2.43108	-1.89863	0.110981	
-2.96907	-2.93233	-3.19436	-1.0687	
-1.66069	-1.30326	-1.86334	-2.58133	
-3.72934	1.01086	-3.97663	-0.612448	
-2.30243	-0.15873	-2.92264	-1.09747	
-2.67635	-2.3726	-1.69025	-0.637111	
-2.43995	-1.19465	-1.9494	-0.94539	
-0.795637	-0.618212	-0.600967	-1.16735	
-2.61349	-1.13617	-2.27333	-1.57017	
-0.27307	-0.701754	-1.01289	-1.4633	
-2.76017	-0.53467	-2.05673	-2.48679	
-1.32999	-1.88805	-3.54972	-2.28538	
-2.93371	-0.0584795	-1.63707	-1.17557	
-1.71962	-1.37009	-3.55213	0.793305	
-2.41834	-0.935672	-1.81209	-2.99236	
-2.34304	-0.626566	-2.95939	-0.941279	
-3.18975	-2.39766	-1.78259	-0.0164416	
-2.40132	0.977443	-1.59404	-1.21257	
-0.92988	-1.13617	-0.974698	-2.69231	
-3.56694	-0.835421	-1.09605	-2.12507	
-2.9193	-1.88805	-1.38759	-1.18379	
-1.42691	-1.13617	-3.03965	-2.11274	
-2.474	-1.88805	-2.05721	-1.68937	
-2.08765	-1.42022	-2.27188	-0.649442	
-3.52896	-0.401002	-0.524093	-0.456253	
-2.85054	1.41186	-2.0664	0.805637	
-3.71166	-0.392648	-2.15004	-2.14151	
-1.71373	-0.47619	-2.59049	-0.887844	
-2.70058	-1.27819	-2.98259	-1.266	
-3.37049	0.275689	-1.64384	-2.42102	
-3.98866	-0.969089	-2.96954	-1.90722	
-1.77856	-2.35589	-1.53844	-2.8896	
-1.43411	0.718462	-3.54247	-1.00294	
-2.59712	-0.325814	-3.37663	-1.45508	
-1.72355	0.167084	-3.64738	-2.19495	
-1.31427	-0.225564	-1.90878	-1.13447	
-1.6823	-0.37594	-0.927317	-0.830299	
-1.07591	-1.95489	-2.5697	-0.52613	
-2.49496	-0.501253	-1.82804	-0.916617	
-3.36787	0.0668337	-1.47268	-0.119201	
-2.65605	-1.31997	-2.6635	-0.406929	
-2.15313	-1.95489	-3.66285	-1.47563	
-3.15504	-0.576441	-1.89911	-0.73576	
-2.52836	-1.06099	-3.20548	-1.91955	
-1.92328	-1.84628	-2.71039	-0.180857	
-2.13938	0.53467	-3.0585	-1.16735	
-3.24541	-0.325814	-1.47897	-0.587786	
-3.28012	1.20301	-3.26495	-1.92366	
-0.755691	-1.30326	-2.28445	-1.64416	
-3.57349	-2.43943	-2.60064	-1.23723	
-1.72814	-0.501253	-2.32699	-1.68526	
-2.24612	-2.79866	-2.80516	-0.0904286	
0.0667942	1.37009	-2.98646	-1.54551	
-3.19499	1.26149	-3.01982	-1.2249	
-1.12175	-2.33083	-3.80016	-0.764533	
-2.52901	-1.05263	-2.4967	-0.402818	
-1.98942	-1.00251	-2.42562	0.772753	
0.669906	-0.21721	-3.01644	-1.80446	
-3.04175	-0.802005	-2.86414	0.131532	
-1.21015	-2.02172	-2.98598	-1.79213	
-1.19706	-0.492899	-2.85931	-1.40575	
-2.30571	0.935672	-3.95778	-1.95655	
-1.42887	-1.39515	-1.82901	-2.52378	
-1.79558	-3.30827	-1.01386	-2.17851	
-2.24481	0.467836	-0.692345	-2.65531	
-2.35744	-1.0944	-2.43094	-1.65649	
-0.142756	-1.54553	-1.82127	-1.69759	
-2.39542	-1.68755	-1.66366	-0.542572	
-2.07717	0.568087	0.0957292	-1.56195	
-1.90887	-1.0944	-2.75294	0.00411039	
-1.3647	-3.30827	-1.9228	-1.0687	
-0.699374	-2.93233	-3.01402	-0.238403	
-1.88399	-0.584795	-1.80532	-0.382266	
-3.20088	-0.618212	-2.20419	-0.772753	
-0.864395	1.54553	-2.59726	-0.448033	
-2.56568	-1.01086	-2.28541	-0.559013	
-3.34167	-0.910609	-0.760999	-0.559013	
-0.0137517	-0.659983	-3.57292	-1.40986	
-3.527	-2.00501	-3.76825	-1.53729	
-2.24677	-1.31997	-1.92184	0.156195	
-1.85714	-2.12197	-3.0174	-2.86494	
-0.323493	-1.06934	-2.52425	-0.135643	
-1.51531	1.62907	-2.42369	-1.73458	
-1.27171	-0.417711	-0.23884	0.641221	
-1.88661	-1.00251	-1.23916	-0.965942	
-2.5945	-2.05514	-1.00226	-1.0687	
-1.70653	0.676691	-0.219017	-2.18673	
-2.96317	-1.13617	-1.80822	-1.41397	
-1.15449	-1.52882	-1.1062	-0.275396	
-3.64159	-1.40351	-2.74182	-0.513799	
-1.7576	-1.01086	-2.06495	-1.53729	
-0.166331	-1.17794	-1.06559	-2.38814	
-2.50413	-1.62072	-1.59307	0.596007	
-0.472143	-2.12197	-2.35359	-2.21139	
-1.82636	-0.659983	-3.33408	-1.70581	
-1.99924	-0.969089	-4.11877	-2.54022	
-1.1689	-1.37845	-2.34053	-0.715208	
-3.75685	-1.62072	-3.63723	-2.00176	
-0.141447	-0.818713	-2.34972	-0.10276	
-1.46882	-1.40351	-2.39323	-1.4633	
-1.01239	-0.944026	-1.26237	-2.81151	
-1.92983	-1.40351	-2.49718	-1.83323	
-0.777956	-0.442773	-2.12877	-1.65238	
-2.23302	-0.969089	-2.80129	-2.1374	
-2.38953	-0.467836	-0.639162	-2.13329	
-0.768788	0.0751879	-3.07784	-1.31532	
-0.0137517	-1.32832	-2.54794	-0.349383	
-1.73665	-1.57059	-2.2946	-0.961831	
-2.71368	0.0250626	-2.4967	-2.6101	
-1.54871	-2.93233	-1.69944	-0.0698766	
-1.34571	-0.701754	-2.5494	-2.22372	
-0.0916783	-2.05514	-3.19919	-0.378156	
-1.39155	-2.45614	-2.08912	-1.06459	
-3.102	-2.30576	-1.88751	-1.73458	
-1.53037	-0.526316	-0.577276	-1.7017	
-1.84797	-1.64578	-2.56777	-0.600117	
-1.85518	-0.902255	-3.05608	-0.830299	
-1.52186	-2.49791	-3.40661	-0.534351	
-3.50211	-1.9883	-0.952941	-2.62654	
-2.65343	-0.568087	-2.45415	-2.84028	
-2.34762	-1.43692	-2.72925	-0.115091	
-1.14074	-1.33667	-2.71426	-1.92777	
-2.53883	0.893901	-0.553586	-2.28127	
-2.03198	0.960735	-2.57115	-1.18379	
-0.288787	-0.434419	-2.18678	-2.27305	
-1.96781	-0.818713	-1.70717	-1.68526	
-0.377191	-0.350877	-1.76229	-1.80857	
-1.42232	-0.501253	-2.01515	0.452143	
-1.17741	-2.87385	-1.65496	0.0452143	
-3.92841	-0.116959	-0.507655	-1.24134	
-3.22184	0.63492	-3.01789	-1.16324	
-1.57687	0.601503	-3.35923	-3.22666	
-2.88787	-0.893901	-1.49782	-0.678214	
-0.838202	-1.8797	-1.06463	-0.854961	
-1.29594	-0.918964	-2.60741	0.850851	
-2.03526	-1.68755	-2.50153	-0.431591	
-0.418446	-0.183793	-2.17566	-0.0123312	
-3.15177	-1.34503	-3.46269	-0.702877	
-3.77322	-1.88805	-2.7834	-1.0687	
-2.09027	-1.93818	-2.37776	-2.07575	
-1.9259	-1.50376	-2.94053	-1.08103	
-2.67504	-0.501253	-2.26608	-0.850851	
-2.97823	-0.501253	-1.88509	0.826188	
-1.48584	-1.37009	-2.42562	-1.28244	
-3.96443	-2.49791	-1.61386	-1.75925	
-1.939	0.242272	-1.33973	-1.21257	
-1.19444	-1.13617	-2.88638	-0.0657662	
-1.28219	-2.49791	-2.94633	-0.456253	
-1.76088	-0.969089	-1.42965	0.0657662	
-1.04448	-0.593149	-1.22079	-2.07164	
-3.39668	-0.701754	-3.10975	-1.77569	
0.046494	0.459482	-1.41612	-0.793305	
-4.3521	-0.935672	-1.57857	-2.2155	
-2.38036	0.0417711	-1.6772	-1.47152	
-1.19313	-1.57059	-2.11233	0.073987	
-3.27226	0.0668337	-1.42772	0.123312	
0.0281583	-2.45614	-2.62772	-0.0657662	
-0.619483	-0.133667	-0.522643	-3.53494	
-1.85649	-1.35338	-2.20902	-0.308279	
-3.02015	0.601503	-2.43723	-0.468584	
-3.18517	0.242272	-2.92554	-0.669994	
-1.27367	0.935672	-3.26011	-1.80446	
-1.46161	1.13617	-1.91458	-1.27011	
-2.12694	0.31746	-2.79549	-0.295948	
-2.30571	-0.643275	-3.48977	-1.20434	
-2.43537	-0.150376	-2.55616	-2.1744	
-1.59586	-1.26984	-2.14714	-2.8074	
-3.24607	0.609858	-2.18292	-0.538461	
-2.23237	-1.44528	-1.80435	2.04697	
-2.02805	0.21721	-2.61176	-0.731649	
-3.00967	-0.868838	-3.3892	-1.47152	
-2.76345	-0.417711	-3.17405	0.0411039	
-2.54276	-0.659983	-1.86043	-0.337052	
-3.11051	-1.39515	-2.62192	-0.665883	
-3.5414	-1.55388	-1.97647	-1.40575	
-1.94227	-1.57059	-2.01515	-2.24427	
-3.2441	-1.96324	-0.607736	-2.31004	
-2.06604	1.22807	-1.75939	-0.0452143	
-0.84606	-0.685046	-1.9228	-1.07692	
-1.87482	-1.87134	-2.57889	-1.44275	
-1.8041	-0.927318	-2.66591	-1.85379	
-3.54337	0.885547	-1.89041	-1.14269	
-3.24083	-1.00251	-1.32135	0.152084	
-3.98146	-1.13617	-1.28074	-0.772753	
-0.943632	-1.30326	-2.98066	-1.80857	
-3.14391	1.69591	-1.62981	-2.47445	
-1.55853	0.509607	-3.35246	-1.59483	
-0.330697	-0.509607	-0.0343272	-1.50851	
-2.32012	0.568087	-3.69476	-1.23312	
-0.611625	0.258981	-3.51636	0.596007	
-0.50554	-0.618212	-1.0801	-2.48679	
-1.73468	-1.37009	-2.64464	-2.03875	
-1.86827	-1.26984	-1.91217	-1.35232	
-1.90101	-0.618212	-3.205	-0.953611	
-3.42877	-0.902255	-1.86334	-1.31944	
-3.15111	-1.39515	-1.11491	-1.24134	
-2.56044	-0.325814	-1.88751	-0.452143	
-0.337245	-1.87134	-0.958743	-0.21374	
-2.09812	-1.96324	-0.558904	-1.66882	
-1.10734	-2.39766	-3.2664	-1.12625	
-2.0405	0.659983	-3.39549	-1.63594	
-0.860466	-2.55639	-2.08284	-1.22901	
-2.03526	-2.45614	-1.69508	-1.20845	
-3.05878	-1.4787	-2.95504	-1.03582	
-3.65403	-2.18045	-2.48026	-1.47974	
-0.402075	-0.225564	-3.42111	-2.03053	
-1.76153	-0.325814	-3.01595	-2.05108	
-2.59712	-0.0167084	-0.377599	-0.760422	
-1.10145	-0.350877	-1.8058	-2.86905	
-2.70058	-0.701754	-2.37292	-1.87434	
-3.50539	-1.96324	-1.07139	0.493247	
-2.32012	-1.43692	-0.617405	-2.84028	
-2.01889	-1.0944	-3.02611	-2.30182	
-2.23761	-0.434419	-3.30314	-0.328831	
-1.63122	-1.70426	-3.3365	-2.41691	
-3.11379	-0.760234	-1.27301	-0.928948	
-3.02604	0.434419	-3.00193	-0.567234	
-3.42026	-1.06099	-2.75052	-1.19201	
-0.825105	-0.927318	-3.40902	-2.19084	
-3.45824	0.568087	-1.02981	-0.42337	
-1.36994	0.208855	-2.40193	-0.624779	
-3.98932	-1.43692	-2.0867	-1.76336	
-0.806114	-1.50376	-2.12297	0.365825	
-0.459701	-2.49791	-2.45028	-0.476805	
-1.15711	-0.985797	-1.40113	0.378156	
-3.21463	-1.96324	-1.26479	-0.513799	
-0.370642	-0.484544	-1.09412	-1.0276	
-2.01954	-2.93233	-1.91797	-2.79096	
-1.56246	-1.40351	-2.09927	-2.11274	
-2.42424	0.584795	-2.72006	0.193188	
-3.28274	-0.63492	-2.58807	-1.31944	
0.0130969	-2.87385	-0.884287	-1.70581	
-2.29458	0.384294	-2.19404	-1.87845	
-2.15706	-0.492899	-3.29637	-3.17733	
-0.694791	-1.57059	-3.39887	-1.51673	
-2.07913	1.00251	-1.3257	-0.201409	
-3.69791	-1.92982	-2.00355	-1.26189	
-3.59968	-0.927318	-1.15455	-1.93599	
-2.52246	-0.526316	-2.65334	-1.11392	
-1.1486	-1.1863	-2.34247	-0.52202	
1.05365	0.108605	-1.6946	-2.44979	
-1.32672	-1.00251	-1.92425	-1.76747	
-3.47068	-1.10276	-2.08912	-1.03993	
-1.8984	0.459482	-2.50975	-2.24427	
-1.44066	0.0334169	-1.83384	-1.899	
-1.5474	-0.827067	-2.15923	-1.79624	
-2.62986	-0.350877	-1.19613	-1.39342	
-2.27886	0.568087	-1.64722	-2.08397	
-1.76808	-2.43943	-0.112168	-1.89489	
-2.26511	-0.618212	-1.50121	0.184968	
-2.02347	-0.250626	-2.38114	-2.49501	
-4.25387	-0.451128	-3.40516	-1.49618	
-1.24093	-1.06934	-2.25834	-0.279507	
-3.50211	0.459482	-2.29992	-2.58955	
-2.22123	-0.0918964	-1.92667	-2.39636	
-3.29125	-0.985797	-1.21015	-1.79213	
-2.95532	-1.13617	-3.07446	1.00705	
-0.981613	1.02757	-1.4282	-1.31944	
-2.17998	0.676691	-2.3328	-0.460364	
-1.36666	-0.300752	-1.22466	-0.768643	
-2.80274	-0.484544	-1.4137	-0.369935	
-2.51591	-0.985797	-2.5755	-0.920727	
-3.11772	-1.01921	-1.9581	-2.86083	
-3.56891	-0.944026	-2.97292	-0.723429	
-3.14915	-1.92982	-2.65238	-0.994714	
-3.07646	-0.492899	-0.178404	0.291838	
-1.07984	-0.258981	-3.61015	-2.26071	
-2.8381	-2.28905	-3.40902	-1.27011	
-2.30898	-1.54553	-1.47848	-0.887844	
-2.5133	-0.935672	-2.5668	-1.86612	
-3.1891	-1.01086	-2.16164	-2.52378	
-1.06412	0.492899	-1.48139	-0.797416	
-2.89114	-0.401002	-2.43094	-1.43864	
-2.29589	-0.467836	-2.57502	-0.84674	
-2.3987	-1.80451	-1.86769	-0.982383	
-1.0615	-1.30326	-2.67848	-0.10276	
-2.98085	-0.802005	-1.7942	-2.51967	
-3.35215	-0.985797	-2.67027	-2.24427	
-2.79553	-2.12197	-2.04948	-2.19084	
-2.16164	-1.26984	-0.689444	-1.23312	
-2.36137	-1.26984	-2.49766	-0.920727	
-1.06216	-1.52882	-3.02272	-2.56899	
-1.93572	0.701754	-2.89653	-0.468584	
-2.14003	0.676691	-3.42836	-1.57428	
-2.92847	-1.37009	-2.98018	-0.131532	
-1.994	0.208855	-3.08364	-0.706987	
-3.29911	-0.0584795	-2.36712	-1.45097	
-3.89109	0.776942	-1.49154	-0.937169	
-3.28732	0.233918	-1.45141	-1.40164	
-1.16628	-0.200501	-1.75359	-1.13036	
-2.55979	-0.492899	-1.88074	-1.39342	
-1.83029	-1.43692	-2.74037	-2.58133	
-1.5474	-1.80451	-3.22579	-1.71814	
-3.65665	-0.701754	-2.71426	-1.35643	
-3.39275	0.526316	-2.60161	-0.797416	
-1.6155	-1.24478	-2.82981	-1.12625	
-3.19499	-0.63492	-3.99645	-2.55255	
-3.13343	-1.99666	-1.30588	-2.00998	
-3.36459	-3.30827	-2.55955	-1.70581	
-1.64432	-1.42022	-3.82143	-2.72519	
-2.86626	-1.30326	-2.68139	-2.33881	
-1.47275	0.334169	-2.13844	-1.2249	
-2.07455	-0.250626	-2.11861	-0.908396	
-3.30173	-1.82957	-3.14649	-0.119201	
-2.48186	1.70426	-0.343755	-0.94539	
-2.18653	0.200501	-3.45157	-1.15502	
-1.49108	-2.43943	-3.75423	-0.337052	
-3.30173	-0.417711	-1.08155	-1.46741	
-1.02221	-1.93818	-2.97002	-1.50029	
-2.67242	1.26984	-3.36261	-2.86905	
-3.72803	-0.0250626	-0.830137	-2.14973	
-0.504885	-1.64578	-3.14069	-1.90311	
-1.55788	-0.292398	-2.88638	0.291838	
-3.00115	-1.3868	-1.90298	-2.77862	
-1.34309	-0.659983	-2.78388	-2.42102	
-0.830343	0.175439	-2.08622	-1.88667	
-2.01234	0.768588	-2.04996	-3.26365	
-2.56634	-1.96324	-0.745044	-1.47152	
-1.54805	-1.20301	-2.19694	-0.52202	
-1.41316	0.977443	-3.18856	-0.863182	
-2.56699	-2.00501	-2.80322	-0.52202	
-3.06795	0.167084	-3.78421	-3.11568	
-2.13479	-0.0167084	-2.53151	-1.98121	
-2.21141	-2.3726	-2.72345	0.900175	
-3.09742	-1.79616	-3.52409	-1.31944	
-2.7844	-2.18045	-3.43417	-1.23723	
-1.82505	1.20301	-2.59049	-2.4539	
-1.91477	-1.57059	-2.65093	-1.59483	
-3.05354	-0.108605	-2.73457	-1.16324	
-1.71766	-0.526316	-1.38034	-1.87023	
-2.14986	-1.87134	-3.32442	-1.64416	
-0.239673	-1.50376	-1.59162	-1.82501	
-1.06871	0.167084	-2.00403	-2.52378	
-2.77065	-1.85464	-2.24335	-2.36758	
-0.360165	0.701754	-2.69879	-0.73576	
-1.62991	-0.802005	-3.395	-0.115091	
-3.50015	-0.451128	-3.84416	-1.47974	
-1.17872	0.37594	-3.13634	-2.51145	
-2.94942	-2.39766	-2.84335	0.0328831	
-2.18718	-1.8797	-3.23207	-2.58133	
-1.67902	1.69591	-2.40242	-1.27011	
-1.07787	0.6934	-3.28187	-0.489136	
-2.58795	-1.55388	-3.36648	0.0493247	
-2.23695	-2.93233	-2.23223	-1.42631	
-2.18849	0.0417711	-2.66108	-2.83206	
-1.03073	-1.33667	-1.595	-0.760422	
-3.31221	-0.877193	-1.17969	-1.28655	
-0.974409	-1.87134	-1.06511	-1.91544	
-2.12956	-0.401002	-3.81225	-2.22372	
-1.40268	-0.659983	-3.12329	-0.616559	
-2.18129	-1.61236	-2.77615	-0.941279	
-0.770753	0.977443	-2.97341	0.291838	
-2.3044	-1.85464	-0.891055	-0.998825	
-1.95537	-1.05263	0.215633	0.189078	
-2.68028	0.484544	-2.80854	0.0287727	
-1.57752	-1.50376	-2.52716	-1.03993	
-2.75559	-0.902255	-0.177921	-0.0780974	
-2.26183	-1.37009	-1.63223	-2.42924	
-1.36797	-2.49791	-1.74198	-2.18673	
-2.97823	1.62907	-2.89944	-2.58133	
-1.92066	1.04428	-1.12409	-0.957721	
-1.84273	1.67084	-2.93376	-1.54551	
-3.6226	-0.927318	-1.32087	-2.56077	
-2.87084	-0.108605	-1.06124	-0.0698766	
-2.72481	-1.01086	-1.28703	-1.99354	
-1.90298	-1.41186	-4.10379	-2.52378	
-2.08175	-2.49791	-2.84142	-1.8209	
-3.66189	0.743525	-2.64609	-1.88256	
-2.53818	-0.0250626	-2.23803	-1.99354	
-2.6554	-1.77945	-3.61886	-2.07164	
-1.41316	-1.13617	-2.1689	-0.127422	
-2.24284	-2.43108	-2.70894	-0.916617	
-2.36465	-0.451128	-2.8303	-0.624779	
-3.35412	-2.39766	-2.12732	-0.797416	
-2.25856	-0.701754	-3.13682	-0.73576	
-3.28077	-1.0944	-4.17196	-1.05226	
-1.94031	-0.225564	-2.54166	-2.27305	
-2.48186	-1.35338	-1.85463	-2.0552	
-2.20093	-0.0167084	-1.25705	-2.07986	
-1.37321	-2.28905	-3.34279	-0.0780974	
-2.43078	-1.52047	-1.53312	-1.39342	
-2.70844	-0.484544	-3.56132	-3.53494	
-1.97632	-2.12197	-1.20387	-1.98121	
-1.57163	-0.827067	-1.99678	-0.826188	
-2.58533	0.200501	-3.17937	-1.19201	
-3.14653	-0.142022	-2.66398	-1.20023	
-0.76224	-0.300752	-3.1784	-0.62889	
-4.01289	-2.83208	-3.72861	-0.780974	
-1.76874	-0.994152	-3.39887	0.0616559	
-2.21141	0.0501253	-3.59903	-1.80857	
0.00523876	-0.868838	-1.59404	-0.0780974	
-3.1832	-1.34503	-3.15181	-0.756312	
-3.33774	-0.969089	-3.08606	-0.900175	
-1.80934	0.392648	-2.7863	-1.5414	
-1.61092	0.0417711	-2.54843	-0.468584	
-1.44917	-0.300752	-1.99339	-1.45919	
-2.88066	-1.79616	-3.58211	-0.73576	
-0.495063	-0.509607	-2.45995	-0.304169	
-0.588051	-1.80451	-2.88058	-1.51262	
-1.09359	-0.292398	-3.55649	-1.15091	
-2.53098	-1.48705	-3.07832	-2.2155	
-1.58145	0.977443	-3.4801	-2.54844	
-1.87351	-1.62907	-2.54118	-2.38403	
-2.08306	0.843776	-1.31652	-2.02231	
-1.78969	-2.30576	-3.2137	0.674104	
-1.86107	-1.57059	-2.44061	-2.20728	
-3.43335	0.334169	-2.86172	-1.4222	
-2.29458	-0.417711	-1.42627	-0.612448	
-2.37381	-1.00251	-2.1249	-2.77451	
-2.35024	-0.492899	-2.80564	-0.711098	
-1.22783	-1.30326	-2.35939	-2.19084	
-1.18723	-1.05263	-2.83417	-2.1744	
-1.89512	-0.701754	-2.53344	-1.83734	
-0.905651	-2.93233	-2.20467	-1.31121	
-2.62331	-0.85213	-0.915713	-0.509688	
-2.22975	0.63492	-1.88461	-1.0276	
-2.00121	-0.509607	-1.74778	-0.411039	
-2.5277	-2.79866	-2.29992	-1.82912	
-1.29987	-1.37009	-1.41225	-1.45508	
-2.15117	-1.21136	-2.06495	-1.52907	
-2.11449	-1.14453	-2.79404	-2.06342	
-2.32012	-2.30576	-2.26656	-1.53318	
-0.726223	-1.79616	-1.30492	-1.31944	
-2.31815	-1.05263	-2.01273	-0.131532	
-1.43869	-1.01921	-3.08606	-2.28949	
-1.23307	0.0167084	-1.44754	-0.587786	
-1.20557	-2.06349	-2.50346	-1.10981	
-2.47531	-1.39515	-3.11265	-1.23723	
-1.6561	-2.55639	-1.29476	-1.90722	
-0.180737	-0.31746	-1.98759	-2.6101	
-1.6561	-0.701754	-2.21193	-0.674104	
-3.27488	-2.83208	-2.29073	-0.52613	
0.288132	-2.30576	-0.822885	-2.2155	
-3.32399	-1.34503	-3.12135	1.09336	
-1.61026	-0.0167084	-2.73215	-0.382266	
-0.95149	-1.92982	-2.34198	-3.26365	
-2.77523	-0.200501	-2.55375	-1.48385	
-2.52901	-1.41186	0.188074	-1.54962	
-2.11646	0.0501253	-0.64303	-0.571344	
-0.895828	0.935672	-3.52699	-2.11685	
-3.1701	0.0334169	-2.91636	-1.10569	
-1.26123	-1.02757	-1.06946	-1.29066	
-3.74178	-2.93233	-3.34375	-0.73987	
-2.47728	-1.96324	-1.42192	0.998825	
-2.01561	-0.559732	-2.70991	-2.31415	
-2.22516	-0.659983	-1.41225	-2.09219	
-3.66189	-2.49791	-0.375181	-1.93188	
-2.8178	-1.48705	-0.604351	-1.01116	
-0.868324	1.47034	-1.26575	-3.53494	
-1.1152	-2.43943	-1.64093	-1.65649	
-1.62009	-2.3726	-1.82079	-2.91838	
-2.42162	-2.80702	-2.29025	0.608338	
-1.17021	-1.84628	-1.37019	-0.822078	
-3.24869	1.11946	-1.41273	-1.86201	
-2.01692	-0.53467	-3.46994	-1.77158	
-1.45048	-1.91312	-2.8332	0.0698766	
-2.19111	-1.67084	-3.76632	-0.00411039	
-2.54997	-1.93818	-2.14666	-1.10569	
-2.7163	-1.7878	-1.75552	0.657662	
-2.44388	0.0835421	-1.03658	-1.59483	
-1.74582	-0.53467	-1.07284	-2.18673	
-3.05747	0.643275	-1.95665	-2.07575	
-3.30697	1.08605	-1.98662	-1.67293	
-2.33125	-1.87134	-2.69782	-0.719318	
-3.1295	0.200501	-1.81692	-1.47152	
-2.11515	-1.57059	-3.03626	-2.17851	
-1.97829	-1.5873	-0.911362	-1.04815	
-1.89709	0.233918	-2.02482	-1.899	
-2.15313	-1.92147	-3.38969	-1.22079	
-1.18985	-1.35338	-0.942304	-3.19788	
-2.42031	-0.701754	-2.4643	-1.29066	
-0.616209	-1.80451	-2.65576	-0.883734	
-2.04115	-1.88805	-2.73215	-0.365825	
-2.21272	-1.42857	-2.99371	-1.84145	
-0.475417	-0.267335	-2.67123	-2.10863	
-2.9396	-0.183793	-3.24706	-0.748091	
-1.7707	-2.87385	-2.1394	-1.57428	
-0.648297	-0.492899	-1.51716	-1.10981	
-2.91733	-2.00501	-2.22643	-1.90722	
-1.65021	-0.417711	-2.14472	-0.242513	
-0.945596	-2.35589	-0.149396	-2.82384	
-4.00438	-1.85464	-3.64738	-1.20434	
-1.91477	-1.37009	-3.31426	-0.238403	
-1.79624	-1.96324	-1.79323	-1.54962	
-3.06075	-0.927318	-3.82917	-0.3165	
-3.24148	-1.46199	-2.29412	-1.94421	
-3.26178	-1.96324	-2.26511	-2.54844	
-3.74047	-0.325814	-1.06172	0.476805	
-2.76214	-2.00501	-1.78791	-1.36054	
-1.87482	-2.33083	-2.41402	-0.41926	
-2.35941	1.01086	-1.70475	-0.304169	
-2.43995	0.718462	-2.86656	-2.2155	
-1.62925	-0.701754	-2.8245	-0.226071	
-1.72617	-2.43108	-2.2216	-1.5414	
-1.68623	0.0751879	-2.34682	-1.43453	
-2.92519	0.0835421	-3.10153	-2.27305	
-2.48448	0.183793	-2.50153	-2.5731	
-2.40066	-1.89641	-2.00113	-0.10687	
-2.61349	-1.62072	-0.368896	-2.51967	
-1.37976	0.509607	-3.07446	-2.73752	
-2.86888	-1.57059	-0.68751	-1.71814	
-1.59324	-0.150376	-3.17937	-1.33588	
-0.941012	-2.79866	-2.94005	-0.513799	
-0.156508	-2.39766	-1.38179	-1.52907	
-1.63122	-1.52882	-0.95971	0.822078	
-1.69998	0.434419	-1.28268	-1.34821	
-1.41839	-0.267335	-3.01982	-3.19788	
-3.63243	-2.39766	-0.53473	0.678214	
-2.56568	0.701754	-0.948106	-1.78391	
-1.6417	-1.21136	-2.54601	-0.822078	
-0.406004	-0.918964	-3.3776	-1.83734	
-0.737355	-1.39515	-1.86962	-0.859072	
-1.58865	-1.43692	-2.1718	-1.20845	
-2.30178	-2.00501	-3.14649	-2.81151	
-1.59586	-0.0584795	-3.21176	-0.250734	
-2.66194	-1.55388	-1.76035	-0.727539	
-1.89316	-1.02757	-1.68058	-2.58133	
-3.95723	0.0167084	-2.85447	-0.517909	
-0.017026	-2.55639	-3.36841	-1.51262	
-2.35613	-0.292398	-0.836906	-2.02642	
-0.0628651	-0.576441	-2.15874	-0.764533	
-1.11782	-0.835421	-2.561	-0.596007	
1.14991	-1.13617	-1.72651	-3.22666	
-0.65681	0.200501	-1.54811	0.242513	
-3.19237	-1.05263	-1.82127	-1.53729	
-3.91794	-1.93818	-2.7365	-0.633	
-2.13479	-1.30326	-3.81128	0.275396	
-2.55128	0.250626	-1.34649	-1.33588	
-2.87542	-0.392648	-2.04416	0.706987	
-3.17534	-1.06099	-3.33795	-0.752201	
-1.91149	-2.80702	-2.94005	-2.18262	
-2.94156	-1.93818	-2.26704	-1.33588	
-1.13812	-0.250626	-1.94794	0.579565	
-3.4805	0.676691	-3.06527	-0.579565	
-3.38031	-0.15873	-2.33666	-1.54551	
-2.90948	0.501253	-3.67929	-2.11685	
-1.10669	-0.200501	-4.09798	-1.36465	
-2.48055	-0.568087	-2.65721	-2.02642	
-2.13741	-0.659983	-1.32619	-2.79507	
-1.69015	-0.659983	-2.15197	-1.91544	
-0.531079	-0.79365	-3.58453	-1.84145	
-1.00453	-0.258981	-1.98034	-2.19906	
-2.89703	-1.48705	-2.00113	-1.17968	
-2.56503	-1.42022	-2.46817	-1.68526	
-1.88006	-2.00501	-2.82305	-1.56195	
-1.69015	0.509607	-2.55085	-0.612448	
-2.16754	0.501253	-2.68042	0.300058	
-0.88666	-1.35338	-2.31297	-0.378156	
-1.96453	1.27819	-2.15004	-1.24134	
-1.47471	-0.267335	-2.66253	-1.62771	
-1.01763	-1.00251	-1.68832	-2.28127	
-1.97698	-2.36424	-2.46865	0.258955	
-2.8119	-0.576441	-1.97067	-1.50851	
-2.14069	-2.00501	-0.860113	-0.0369935	
-2.14724	-0.701754	-3.35294	-0.328831	
-2.07127	-0.543024	-3.51056	0.52202	
-4.93622	-1.07769	-1.94794	-1.15913	
-0.18925	-1.57895	-1.62836	0.674104	
-0.521257	-0.885547	-2.40774	-3.53494	
-2.27493	0.551378	-2.5141	-2.12507	
-3.17403	-1.96324	-1.76229	-0.616559	
-1.13812	-1.31161	-3.27172	-2.56077	
-3.89174	0.868838	-1.85995	-2.0182	
-0.762894	-1.7878	-2.95262	-1.04815	
-2.74904	-1.93818	-2.03449	-1.39753	
-2.2841	0.685046	-2.83417	-2.21139	
-2.52639	-1.82957	-1.70765	-1.15502	
-3.02473	-1.00251	-2.18437	-1.05226	
-1.18396	-1.5873	-1.38372	-2.82795	
-3.68481	-0.492899	-2.53344	-1.82912	
-1.08377	0.459482	-1.58195	-1.40986	
-2.35613	-3.30827	-3.57002	-1.1879	
-2.08634	-0.568087	-1.4896	-0.760422	
-3.11248	-0.459482	-0.949073	-0.645331	
-1.43935	-0.325814	-2.94827	-2.22783	
-2.21731	0.685046	-1.87301	-1.17968	
-2.67504	0.0584795	-2.98211	-1.35232	
-0.988816	-0.459482	-2.3589	-1.33177	
-1.73468	-1.94653	-1.48477	-2.8896	
-2.80012	-0.292398	-1.60854	-1.4222	
-1.95471	-0.225564	-1.58437	0.0863182	
-0.504885	-1.32832	-1.81402	-0.20963	
-2.12628	1.11111	-0.580177	-0.0986494	
-2.08765	-2.12197	-3.83159	-0.698766	
-2.78506	-0.776942	-2.54698	-1.11803	
-1.3038	-2.12197	-1.84496	-2.06342	
-1.05757	-2.32247	-2.46962	1.13036	
0.217409	0.467836	-2.36712	-1.99354	
-3.63504	-1.37009	-0.405157	-2.24016	
-2.50216	0.100251	-1.40886	-0.612448	
0.366713	-1.39515	-1.93151	0.300058	
-4.61207	0.258981	-1.40355	-1.84145	
-0.853918	0.467836	-2.60886	-2.26894	
-3.0208	-1.44528	-3.05947	-1.43864	
-3.0411	0.100251	-2.0693	-0.575455	
-2.47924	-1.07769	-3.0116	-0.538461	
-2.84792	-0.802005	-2.45608	-0.641221	
-2.79488	0.0250626	-2.12103	-0.279507	
-1.31951	0.651629	-3.47574	-0.912507	
-3.25	-2.3726	-0.793392	-1.82501	
-3.3659	-1.89641	-3.53328	1.06048	
-1.10407	0.0501253	-0.518292	-1.73458	
-3.38555	-0.225564	-3.18517	-0.517909	
-0.878802	1.63743	-0.943755	-0.378156	
-2.16361	-1.45363	-1.07671	-1.33177	
-1.51924	-2.93233	-1.60419	-1.3852	
-4.72995	0.225564	-2.03836	-1.15502	
-3.66255	-1.43692	-3.30991	-1.47563	
-1.80803	1.77945	-3.32345	-1.4633	
-1.25141	0.00835421	-2.18292	-0.711098	
-1.55002	-1.80451	-2.34585	-1.15502	
-2.00317	0.643275	-0.473811	0.398708	
-1.03596	0.233918	-2.15681	0.928948	
-1.07198	-1.56224	-1.17921	-1.79213	
-1.98287	-0.935672	-1.86817	-1.38931	
-2.88197	-0.426065	-3.08993	-0.801526	
-2.0202	0.200501	-2.15826	-1.83734	
0.131624	-1.80451	-3.2751	0.283617	
-1.81196	0.292398	-0.753747	-1.3852	
-2.74118	-1.54553	-3.29347	0.135643	
-2.60039	-0.576441	-1.68155	-2.42513	
-2.88001	-2.43943	-3.74746	-1.24956	
-1.29856	-1.43692	-2.78437	-2.54433	
-2.69534	-2.30576	-1.87687	0.887844	
-2.62789	-0.935672	-0.7083	-2.8074	
-2.79357	-0.451128	-2.36084	-1.78802	
-0.559238	-1.02757	-3.56519	-1.90722	
-1.80672	1.51211	-1.36535	-1.40986	
0.662703	0.79365	-2.21434	-1.40986	
-1.70456	-2.39766	-0.999355	-0.542572	
-3.60361	0.0668337	-2.54118	-1.37287	
-0.930535	-1.87134	0.220467	-1.83323	
-2.62265	-0.267335	-3.32683	-0.83852	
-2.53556	-1.86299	-2.53054	-1.45919	
-1.42429	0.0751879	-1.95278	-1.52907	
-2.16885	-2.00501	-0.638195	-2.12507	
-3.50997	-0.434419	-3.97276	-2.532	
-1.99793	-1.26984	-2.72296	-1.19201	
-2.36072	-3.30827	-0.610153	-0.415149	
-1.65479	-1.0944	-1.82321	-0.682325	
-3.20219	-2.93233	-1.30878	-0.369935	
-0.750452	-0.701754	-1.79323	-0.859072	
-0.0333971	-0.877193	-1.11201	-0.805637	
-2.45501	-1.31161	-1.683	-2.56077	
-1.75433	-1.87134	-1.0245	-1.87434	
-3.93824	-0.0501253	-3.57341	-1.25367	
-1.78249	-1.10276	-3.29589	-1.20845	
-2.87542	-2.43943	-1.25415	-1.87434	
-2.40394	-2.33083	-2.29508	-1.50851	
-1.18658	-1.99666	-2.9328	0.42337	
-3.3456	-1.01921	-1.66704	-3.53494	
-1.05626	0.00835421	-2.11281	-1.43042	
-1.28481	-2.43943	-2.66591	-1.48385	
-1.05234	-1.13617	-2.19839	-1.01527	
-4.2984	1.32832	-2.30137	-0.513799	
-1.3588	-1.37845	-2.19742	-2.30182	
-2.69338	0.200501	-0.739242	-1.21257	
-2.65474	-1.26984	-3.22869	-2.64709	
-2.55259	-0.701754	-2.25834	0.332942	
-4.07576	-0.543024	-2.03062	-1.63182	
-2.20355	-0.53467	-1.25125	-1.3852	
-2.08634	-2.36424	-1.3726	-0.0904286	
-1.49698	-1.84628	-2.55568	-0.73576	
-1.96584	0.726817	-2.33956	-1.49207	
-1.78707	0.626566	-0.955358	-1.63594	
-2.37774	0.885547	-2.01805	-2.26071	
-2.67701	-1.30326	-1.73473	-1.66882	
-2.56241	0.501253	-2.23368	-0.386377	
-1.21408	-1.34503	-1.97405	-2.19495	
-0.432198	0.0751879	-1.88944	-1.43453	
-2.10336	-1.88805	-1.56019	-1.10158	
-3.61867	-0.85213	-3.61837	-1.1468	
-3.379	-2.12197	-1.72603	0.0863182	
-1.10079	0.0417711	-2.5228	-1.88667	
-1.48912	-0.492899	-1.87929	-1.42631	
-2.96841	-2.45614	-1.76035	-1.32355	
-1.32344	-0.626566	-2.70266	-2.8896	
-3.25327	-1.96324	-1.35955	-2.55255	
0.0563167	-1.13617	-1.91845	-2.11274	
-0.846715	-1.39515	-2.6606	-0.682325	
-1.72814	-1.13617	-1.67188	-0.242513	
-3.20416	-2.29741	-2.47977	-0.32061	
-1.60437	-2.80702	-1.21982	-2.19084	
-2.82762	-0.568087	-3.18711	-1.7798	
-3.92514	0.451128	-1.95278	-1.20434	
-2.54866	-0.350877	-0.190008	-1.13858	
-0.576918	-1.92147	-3.28864	-1.96477	
-1.81523	-0.0167084	-1.83965	-1.74692	
-3.1092	-1.74603	-0.814182	-1.85379	
-3.69464	-0.0167084	-1.52248	-0.41926	
-2.77785	0.47619	-1.21934	-2.52378	
-3.44383	1.7878	-1.90395	-3.16911	
-3.67695	-1.97995	-1.24061	-0.727539	
0.0884041	-1.26984	-3.80983	-1.31532	
-0.770753	0.643275	-2.59049	-1.82501	
-0.578883	1.70426	-2.5141	-0.801526	
-0.588706	-2.30576	-2.64367	-1.83323	
-1.51269	-0.835421	-4.04238	-1.5414	
0.313016	-0.659983	-1.24883	-1.38931	
-0.746523	-1.87134	-3.14649	-0.353494	
-1.53299	1.35338	-2.7307	-1.10158	
-1.36011	-0.701754	-3.8693	-0.682325	
0.741939	-1.85464	-1.98034	-1.31532	
-1.94947	-1.50376	-1.22949	-3.13212	
-2.86233	-2.06349	-4.22369	-0.271286	
-4.40973	-1.8797	-3.06334	-1.57017	
-2.25332	-1.61236	-1.54037	-2.0552	
-1.39482	-0.267335	-3.08751	-0.332942	
-2.8656	-1.85464	-2.42127	-1.53729	
-3.15308	-0.927318	-2.48799	-0.797416	
-1.90036	0.701754	-0.979532	-1.31532	
-1.28022	-2.35589	-2.33473	-0.160305	
-3.55777	-0.802005	-1.13328	-1.74692	
-3.102	-0.451128	-1.96728	-0.3165	
-2.60956	-0.484544	-0.380983	-0.624779	
-2.20945	-2.49791	-1.94166	-1.78391	
-1.61354	0.969089	-1.2967	0.341162	
-1.03531	-0.484544	-2.91346	-0.73987	
0.395526	-1.48705	-3.80209	-1.20023	
-0.519947	0.944026	-0.214182	0.369935	
-3.06533	0.726817	-1.14488	-1.71814	
-3.51455	0.751879	-3.38195	-1.87434	
-3.90288	-1.06934	-2.62095	-0.21374	
-2.99788	-1.88805	-1.19758	-0.341162	
-3.22839	-2.43943	-1.62256	-1.20434	
-3.61998	-0.409357	-1.99146	-0.686435	
-2.12628	-1.37009	-3.4245	-1.40164	
-2.86298	-1.06934	-2.92409	-1.39342	
-3.23755	-1.92147	-4.22901	-0.920727	
-0.639784	-1.89641	-3.77018	-0.00411039	
-1.24421	-1.57059	-2.75874	-2.14562	
-2.53294	-0.325814	-0.997421	-1.33999	
-3.25785	0.200501	-2.37244	-0.369935	
-1.50614	0.668337	-3.7784	-0.789195	
-3.34298	-1.13617	-3.48058	-1.12214	
-1.88661	-2.00501	-2.46914	-1.39342	
-2.92126	1.01921	-1.72168	-3.26365	
-0.0622103	-0.451128	-2.86753	-1.20434	
-1.63515	-2.00501	-2.15826	-1.11392	
-2.68094	-2.3726	-2.91346	-1.54962	
-2.12759	-1.86299	-2.85834	-0.891955	
-3.01884	-1.92982	-3.28284	-1.33177	
-2.67897	-0.79365	-3.81708	0.00411039	
-1.3922	-0.392648	-2.79742	-1.36876	
-0.309087	-0.0918964	-1.00612	-0.402818	
-3.01098	-2.39766	-2.13892	-3.22666	
-2.22909	-1.13617	-1.6772	1.20434	
-2.99002	-0.802005	-1.89525	-1.84145	
-2.65605	-0.392648	-2.04464	-0.764533	
-2.65343	0.710108	-2.09009	-2.56077	
-2.97823	0.584795	-1.34118	-0.460364	
0.0196453	-1.87134	-2.80371	0.406929	
-1.28939	-0.701754	-1.65882	-1.77569	
-2.3581	-2.93233	-2.88155	-1.24134	
0.299919	-0.802005	-3.4975	-1.56606	
-2.66325	-2.43943	-0.293473	-2.04697	
-3.98146	0.526316	-1.31652	-1.25367	
-0.398801	-0.860484	-2.82353	-0.0493247	
-3.12558	-0.685046	-3.67059	-1.44686	
-0.671216	-2.39766	-1.92909	-2.58133	
-3.11444	1.11111	-3.49895	-1.90722	
-1.36797	-1.13617	-3.09476	-0.448033	
-2.09747	0.735171	-1.57325	-2.54844	
-2.30309	-0.392648	-2.18727	-1.9771	
-2.825	-0.701754	-1.98566	-1.90311	
-1.83291	-1.85464	-2.20564	-0.345273	
-2.8859	-0.618212	-1.98856	-1.84557	
-0.914164	0.0751879	-2.32554	-1.15913	
-2.50085	0.0334169	-1.59597	-2.05108	
-3.2644	0.0250626	-2.60209	-0.596007	
-1.44459	-1.44528	-2.43046	-0.653552	
-0.426959	-0.893901	-2.82063	-1.05226	
-1.95602	-1.35338	-2.07462	0.230182	
0.117217	-0.100251	-2.71475	0.0287727	
-0.475417	-1.46199	-2.77615	-2.1374	
-1.5199	0.0250626	-2.73409	-0.727539	
-4.28334	-0.509607	-2.60983	-2.28127	
-2.44257	-2.29741	-3.52554	-1.93599	
-2.68355	-1.57059	-2.90862	-0.752201	
-2.32601	0.526316	-1.87252	-1.5414	
-3.79417	-0.100251	-3.02804	-1.49618	
-0.647642	0.0334169	-2.02047	0.41926	
-3.0817	-1.68755	-2.17953	-2.86083	
-0.833618	-0.918964	-3.13151	-0.0534351	
-0.944286	0.167084	-1.45286	-2.51145	
-2.41703	-2.93233	-3.39887	-0.291838	
-1.08311	-1.77945	-3.5502	-0.854961	
-0.59198	-0.776942	-3.95487	-3.19788	
-2.67439	0.994152	-2.68719	-0.587786	
-2.07127	-0.79365	-1.97405	-0.443922	
0.457737	0.292398	-0.74311	-0.517909	
-2.26511	-1.52882	-3.63481	-0.974163	
-2.77654	-0.300752	-2.33473	-2.10863	
-2.37905	0.935672	-1.87542	0.0986494	
-1.10669	-0.401002	-2.38743	-1.13036	
-2.11908	-1.36174	-3.68026	-2.4539	
-2.57616	-1.62907	-1.04142	-2.14973	
-2.5133	-1.44528	-1.83529	-0.345273	
-3.40061	-1.48705	-2.59001	-1.98943	
-2.15968	-0.902255	-2.1278	-1.6236	
-1.62205	-1.36174	-2.49186	-2.19495	
-3.03586	-1.6792	-3.09138	-2.91838	
-2.20486	0.576441	-0.578243	-0.752201	
-1.95602	-1.87134	-3.40709	0.998825	
-1.95275	-3.30827	-1.63803	-2.56077	
-3.7097	0.0501253	-2.4701	-1.07692	
-3.7575	-1.93818	-2.53924	0.328831	
-0.455772	-1.79616	-2.43336	0.378156	
