ThetaFL[0]	ThetaFL[1]	ThetaFL[2]	ThetaFL[3]	
7	6	31	11	
5	5	26	8	
15	5	17	7	
11	8	19	9	
13	5	23	10	
6	5	20	7	
4	7	22	3	
11	4	20	7	
12	7	35	6	
5	8	33	7	
12	6	32	9	
10	5	20	10	
14	5	33	9	
9	8	28	1	
5	4	30	12	
12	6	24	7	
9	6	31	10	
13	10	25	6	
4	4	19	11	
14	11	29	9	
13	4	23	1	
10	0	33	12	
11	6	28	13	
14	7	21	8	
14	6	32	4	
13	8	33	11	
7	5	24	8	
13	4	30	8	
13	4	28	7	
13	6	29	9	
8	6	25	5	
15	10	26	11	
10	1	25	7	
9	4	18	9	
11	6	26	9	
10	2	36	5	
10	7	26	13	
12	10	27	8	
7	7	26	8	
8	6	28	8	
17	6	30	15	
14	3	23	13	
11	6	17	13	
10	2	29	12	
13	9	24	6	
13	5	28	10	
10	8	29	7	
12	2	23	13	
12	2	25	11	
15	8	26	6	
9	7	27	11	
14	5	28	12	
8	9	19	6	
12	4	35	9	
13	4	27	8	
13	6	22	8	
14	2	32	10	
14	7	13	10	
16	9	33	9	
9	6	18	15	
6	4	24	9	
11	1	24	7	
7	1	22	11	
13	7	32	5	
8	2	29	8	
9	6	19	13	
12	8	23	9	
11	5	17	7	
12	4	30	9	
3	7	29	14	
9	4	18	13	
5	3	25	9	
12	8	28	11	
10	4	26	13	
10	6	23	10	
10	6	29	10	
12	3	20	9	
9	5	19	13	
11	4	31	12	
13	6	18	3	
13	6	30	10	
10	7	22	6	
8	1	24	10	
12	7	18	3	
10	4	18	9	
11	6	26	12	
13	9	28	11	
11	6	26	7	
12	6	26	2	
12	7	22	8	
10	5	29	6	
14	3	29	6	
9	6	30	10	
12	7	28	12	
13	3	24	7	
12	3	30	13	
10	5	33	7	
7	6	30	12	
12	8	24	10	
14	7	32	14	
6	8	21	10	
12	9	29	5	
12	6	22	10	
12	6	18	14	
17	7	30	5	
14	7	23	12	
15	6	28	6	
13	7	25	12	
8	7	25	10	
10	5	26	7	
10	3	24	9	
12	7	28	8	
10	6	23	8	
4	5	35	8	
12	7	18	6	
12	7	26	9	
9	5	23	9	
10	5	20	5	
11	4	22	9	
17	9	27	10	
13	10	26	10	
14	9	26	6	
8	4	25	9	
15	8	17	12	
9	9	28	9	
9	4	35	7	
9	3	27	11	
7	5	24	2	
15	4	26	7	
9	5	27	10	
7	6	23	11	
7	6	25	6	
11	6	33	14	
9	7	32	6	
8	9	24	7	
12	7	17	10	
11	4	23	6	
13	5	27	7	
9	7	24	8	
10	7	25	8	
14	9	15	9	
18	8	24	14	
11	6	23	5	
5	9	19	12	
10	4	29	6	
12	4	22	9	
13	5	33	8	
12	7	26	9	
10	6	39	7	
14	9	24	9	
15	11	30	7	
6	6	27	10	
12	3	16	7	
9	8	32	12	
9	6	20	8	
10	3	19	13	
7	9	18	3	
6	7	22	10	
12	7	27	9	
10	5	29	8	
11	7	30	14	
15	6	25	13	
16	8	32	7	
11	7	35	9	
9	5	31	12	
13	8	32	7	
9	9	22	7	
8	6	21	10	
15	3	19	6	
8	5	15	14	
10	9	24	10	
15	5	21	12	
11	6	20	10	
9	3	23	9	
15	4	21	8	
11	4	25	8	
9	6	26	10	
8	6	30	10	
12	7	25	7	
12	8	32	5	
12	7	29	15	
13	5	26	11	
14	7	21	10	
13	5	34	12	
12	3	34	6	
11	3	32	11	
11	7	27	9	
14	7	18	14	
11	6	24	7	
13	3	28	6	
11	4	21	9	
15	4	23	8	
13	9	23	5	
13	10	30	9	
9	7	23	13	
15	2	36	7	
12	4	30	9	
13	9	22	7	
12	6	23	9	
6	5	16	9	
12	6	24	10	
7	5	19	10	
13	5	24	13	
9	8	32	12	
13	4	22	9	
10	7	33	4	
12	6	22	14	
11	5	30	8	
14	9	22	5	
11	2	23	9	
8	6	17	13	
15	6	18	12	
13	8	21	9	
9	6	30	11	
12	8	24	11	
10	7	26	8	
15	5	17	7	
13	1	25	4	
15	5	24	12	
10	5	28	8	
13	7	29	9	
14	3	22	13	
16	6	29	10	
10	9	21	14	
9	2	32	9	
12	5	31	10	
9	3	34	12	
8	4	24	9	
10	5	18	8	
8	8	27	7	
12	5	23	8	
15	4	22	6	
12	7	27	7	
11	8	33	10	
14	5	22	8	
12	6	30	11	
10	8	27	6	
11	3	31	9	
14	5	20	8	
14	2	31	11	
8	7	25	11	
15	9	27	9	
9	5	26	10	
12	10	28	6	
5	1	29	10	
14	2	30	9	
9	9	34	8	
12	6	26	7	
11	6	27	4	
4	4	30	11	
13	5	28	5	
9	8	30	11	
8	5	28	10	
11	2	35	11	
8	7	24	13	
10	11	17	12	
11	3	16	13	
11	6	27	10	
6	7	23	11	
11	7	20	7	
11	3	12	10	
10	6	28	6	
9	11	23	8	
7	10	29	6	
10	5	24	7	
13	5	25	8	
8	1	28	7	
12	6	25	7	
14	6	16	8	
6	5	33	10	
15	8	34	10	
11	7	23	6	
10	8	30	14	
6	6	26	6	
10	1	26	11	
8	5	14	4	
10	6	20	9	
12	8	20	8	
9	3	16	12	
13	6	22	10	
8	7	20	7	
15	7	27	7	
9	6	23	10	
4	6	18	13	
11	7	22	4	
7	8	25	12	
10	5	32	11	
10	6	36	13	
8	7	26	8	
15	7	33	11	
6	6	24	6	
9	7	27	10	
8	6	20	14	
10	7	27	11	
7	5	26	10	
11	6	28	12	
11	5	17	12	
7	4	29	10	
6	7	28	7	
9	7	26	8	
12	4	27	13	
10	10	24	6	
8	5	28	12	
6	8	30	7	
9	9	26	9	
14	9	21	11	
8	5	16	11	
11	7	27	8	
10	6	30	8	
10	9	32	8	
14	8	19	13	
12	5	26	14	
11	7	28	6	
9	7	28	11	
12	2	16	12	
11	2	27	9	
7	5	25	12	
10	5	22	11	
7	5	22	11	
9	5	24	4	
8	10	23	6	
16	4	16	9	
14	3	29	8	
9	2	31	15	
13	6	20	7	
8	8	18	8	
8	6	26	3	
11	7	28	7	
7	4	25	6	
13	7	32	8	
15	8	27	8	
11	8	24	11	
10	7	29	9	
13	5	25	8	
13	5	25	4	
9	6	26	10	
16	9	21	11	
10	4	19	9	
8	6	28	5	
8	9	30	7	
10	6	20	6	
8	5	21	12	
14	5	30	11	
5	3	20	8	
17	6	21	12	
12	4	22	10	
9	7	23	5	
14	4	22	6	
4	9	28	6	
6	4	13	16	
11	7	24	7	
13	3	25	7	
14	4	30	7	
8	2	32	11	
8	2	24	9	
11	3	28	7	
12	5	33	9	
12	4	26	12	
10	6	23	14	
14	3	25	7	
11	7	22	0	
10	4	27	8	
13	6	32	10	
13	5	31	6	
12	5	23	7	
13	7	27	8	
15	7	23	10	
10	7	24	12	
14	8	17	12	
10	1	23	5	
8	5	26	9	
11	8	26	10	
10	6	27	11	
15	2	24	9	
14	6	19	5	
16	6	21	8	
7	6	31	11	
14	0	23	13	
9	3	31	10	
6	5	15	10	
11	3	34	10	
6	4	33	4	
7	5	19	13	
10	7	27	11	
9	7	23	10	
10	5	31	8	
15	6	22	9	
14	7	18	9	
12	5	22	7	
6	8	18	6	
10	8	15	10	
8	9	33	9	
11	3	32	10	
7	9	25	9	
11	9	22	9	
14	7	30	9	
15	8	27	10	
5	4	32	12	
9	5	29	12	
12	4	16	8	
7	5	23	14	
11	5	26	11	
15	8	19	4	
11	7	16	14	
10	6	32	12	
11	5	33	7	
10	7	32	13	
14	6	21	8	
13	3	29	7	
14	6	28	9	
7	6	32	12	
14	3	20	6	
9	3	27	8	
16	7	24	11	
8	7	23	5	
6	9	28	7	
8	6	21	5	
14	8	20	6	
6	5	19	9	
11	10	23	14	
9	7	26	11	
12	3	27	5	
14	5	27	9	
5	10	18	11	
11	3	25	11	
11	5	31	15	
6	7	32	10	
11	2	18	6	
15	8	25	9	
15	6	21	11	
12	5	29	9	
8	6	27	7	
4	4	23	12	
9	6	25	11	
14	6	24	8	
11	3	26	12	
8	4	24	11	
9	6	24	11	
12	5	21	10	
11	3	21	12	
10	9	16	11	
11	5	19	5	
10	5	27	13	
17	5	31	10	
8	6	24	7	
14	3	25	13	
11	4	24	13	
14	6	19	11	
13	6	30	3	
8	2	21	9	
10	3	26	7	
9	5	19	8	
12	5	21	7	
12	6	28	8	
13	6	24	14	
15	6	30	8	
14	8	29	9	
13	5	12	5	
8	5	33	12	
13	9	32	9	
11	7	20	8	
12	6	28	11	
14	6	25	13	
8	3	21	8	
13	5	25	10	
11	5	27	8	
11	8	23	9	
7	7	28	6	
13	5	22	13	
14	6	26	12	
12	8	25	12	
11	6	17	9	
11	6	26	8	
7	7	30	13	
10	3	28	7	
11	3	32	10	
13	7	29	6	
10	4	31	8	
14	4	26	10	
16	2	20	8	
14	3	21	10	
8	4	21	9	
12	5	23	10	
10	7	29	13	
9	7	30	10	
15	5	28	9	
14	3	29	8	
10	6	28	9	
14	5	36	13	
14	8	22	11	
14	11	26	11	
9	7	35	14	
13	7	28	12	
9	3	25	9	
11	5	24	8	
14	8	30	6	
12	1	15	9	
11	4	32	9	
8	9	34	7	
14	5	19	10	
8	8	28	10	
12	2	32	14	
15	4	18	12	
6	7	30	11	
9	5	30	5	
14	7	26	14	
9	5	28	12	
6	4	23	11	
10	3	25	15	
12	8	15	10	
10	6	25	7	
9	2	30	8	
13	8	29	7	
13	3	35	15	
11	4	27	11	
11	9	29	4	
14	8	33	9	
12	8	32	9	
11	2	27	13	
10	7	27	10	
14	4	28	9	
10	5	22	11	
11	8	31	11	
5	7	20	11	
8	3	23	13	
13	8	26	13	
5	3	29	8	
9	6	31	6	
15	5	35	10	
8	3	29	13	
13	9	30	6	
11	8	31	13	
10	1	25	9	
8	1	31	6	
12	7	32	6	
11	10	26	10	
10	4	26	14	
7	7	22	7	
14	6	19	9	
8	8	18	11	
11	5	35	12	
9	5	30	7	
10	7	28	8	
7	2	29	5	
11	8	18	9	
11	6	13	5	
13	3	28	6	
9	7	28	8	
13	6	13	6	
11	6	22	13	
9	9	23	12	
13	1	28	13	
11	2	20	8	
10	1	29	10	
15	5	18	13	
13	4	17	5	
13	6	17	11	
10	7	36	13	
11	9	29	11	
15	3	28	11	
12	4	25	11	
12	8	34	12	
9	6	24	6	
11	9	27	8	
12	5	29	8	
14	9	25	8	
11	5	30	8	
14	6	37	9	
10	4	26	12	
12	7	21	12	
11	4	21	12	
9	9	31	6	
12	7	19	10	
12	5	33	16	
11	8	19	12	
9	6	23	8	
12	4	30	9	
14	4	29	9	
7	5	31	8	
16	10	33	8	
10	6	32	6	
11	4	33	11	
5	6	20	6	
14	7	31	8	
14	6	31	8	
9	3	29	10	
9	4	27	7	
9	5	22	10	
13	8	33	8	
7	5	26	7	
7	8	29	10	
8	5	33	8	
12	7	30	12	
9	2	32	13	
10	7	26	13	
11	2	21	12	
9	9	31	4	
11	7	26	12	
15	3	28	10	
11	4	22	8	
11	6	24	14	
11	5	29	8	
8	7	27	12	
8	6	29	12	
10	5	27	11	
8	10	24	9	
12	5	17	7	
11	3	23	9	
11	5	21	7	
12	10	25	11	
9	7	20	10	
11	6	24	10	
11	6	28	12	
11	9	26	10	
7	8	20	9	
12	6	24	6	
8	6	30	12	
9	4	21	7	
8	8	27	9	
12	7	30	9	
10	9	20	11	
4	5	24	13	
9	5	27	7	
14	10	27	6	
3	9	18	12	
14	7	30	3	
9	4	29	7	
8	8	25	15	
12	4	27	10	
11	7	10	10	
11	4	17	7	
8	2	33	12	
14	4	29	9	
8	6	18	9	
15	10	31	8	
12	8	19	3	
11	5	27	12	
11	5	21	12	
15	9	16	11	
13	7	19	9	
8	0	18	16	
8	9	22	10	
10	9	21	14	
11	10	25	4	
9	8	18	8	
14	1	20	11	
11	5	33	11	
9	8	28	6	
11	7	35	6	
12	8	23	9	
12	8	25	4	
12	4	18	10	
11	5	20	12	
13	2	23	12	
14	2	23	10	
11	8	28	8	
14	4	22	10	
11	7	30	12	
11	7	18	9	
10	3	23	11	
11	8	32	9	
9	7	19	15	
11	5	28	9	
7	7	27	8	
10	8	28	7	
11	7	30	11	
7	4	26	12	
13	4	32	8	
10	10	25	10	
6	5	20	9	
12	8	26	11	
10	5	25	6	
7	9	14	14	
16	8	34	9	
11	7	31	7	
9	8	23	10	
14	6	35	7	
14	7	25	11	
14	8	24	13	
15	5	18	5	
12	8	23	10	
10	9	27	7	
11	2	22	6	
12	3	30	12	
9	5	27	7	
10	9	25	10	
9	4	26	10	
13	4	31	12	
12	4	26	13	
12	8	22	6	
12	7	13	13	
8	3	31	14	
13	7	15	11	
9	4	30	10	
8	10	30	7	
6	9	21	10	
9	7	19	4	
10	3	19	10	
8	5	29	15	
15	9	13	4	
12	3	19	11	
10	6	26	8	
6	6	32	11	
7	7	24	8	
9	7	25	9	
12	8	31	14	
9	4	32	7	
13	7	23	8	
10	6	22	13	
16	4	27	7	
6	9	31	10	
11	5	14	12	
5	5	23	8	
8	6	27	7	
3	6	22	15	
7	4	21	5	
14	6	24	10	
16	8	28	8	
10	7	35	5	
12	3	21	10	
13	5	24	4	
14	6	32	8	
10	10	30	12	
13	8	25	9	
7	5	23	4	
15	3	31	7	
14	4	25	10	
13	3	34	12	
7	4	37	10	
12	5	27	12	
11	5	20	14	
10	5	23	11	
6	6	33	11	
7	5	24	12	
12	7	24	9	
12	7	26	10	
10	8	29	10	
10	3	27	7	
11	3	29	4	
7	7	26	7	
10	1	25	9	
9	4	28	10	
8	6	23	12	
10	9	27	5	
13	5	24	10	
11	8	18	5	
12	5	31	7	
11	5	32	4	
19	6	24	9	
6	7	22	4	
7	6	25	16	
11	3	27	12	
14	8	24	8	
8	7	31	13	
16	2	22	11	
6	8	29	8	
12	8	23	10	
11	3	28	12	
12	8	23	9	
13	6	25	9	
8	7	20	14	
15	5	28	11	
8	3	23	10	
11	11	34	9	
10	5	22	7	
13	4	15	8	
9	5	28	12	
11	3	23	9	
12	4	29	10	
8	5	27	10	
10	8	21	14	
12	5	21	10	
11	4	23	5	
6	7	22	6	
11	2	15	6	
10	8	34	8	
12	6	27	9	
8	8	22	12	
7	9	26	3	
6	3	26	12	
15	7	15	12	
12	4	20	7	
5	7	22	4	
18	4	20	11	
7	3	29	12	
13	7	29	10	
13	4	24	7	
12	6	31	8	
12	6	25	7	
13	4	25	7	
9	3	31	8	
14	9	17	11	
14	8	33	3	
8	4	16	11	
14	4	30	7	
7	1	18	7	
11	7	18	9	
9	10	23	10	
18	4	26	9	
15	7	32	10	
10	1	31	10	
8	4	24	8	
9	7	26	9	
11	3	16	5	
8	4	24	3	
8	7	21	11	
10	6	24	10	
13	5	30	8	
11	4	26	11	
6	7	30	5	
10	3	18	10	
12	7	31	6	
12	5	24	13	
13	9	34	9	
9	7	30	13	
13	9	24	4	
12	5	16	14	
13	5	26	11	
6	6	33	11	
10	0	21	10	
5	2	25	10	
9	9	17	7	
15	4	27	10	
8	8	12	11	
13	4	31	8	
12	8	27	10	
9	4	25	10	
11	8	17	12	
14	5	36	13	
10	6	29	9	
11	11	16	7	
10	6	23	7	
14	10	19	7	
7	5	24	8	
5	6	18	8	
12	6	22	13	
11	8	17	11	
16	4	32	9	
10	6	31	9	
13	9	19	11	
12	9	25	10	
7	8	30	5	
14	6	21	16	
9	4	24	10	
8	9	29	10	
8	6	25	9	
17	1	25	7	
9	7	25	12	
12	4	17	9	
12	6	30	13	
12	5	24	5	
16	5	24	10	
11	5	19	10	
11	9	20	6	
9	8	26	7	
11	2	27	10	
10	3	19	10	
11	2	23	12	
12	7	23	11	
12	3	26	7	
8	7	22	12	
7	4	24	10	
11	8	21	9	
15	6	33	9	
14	8	23	5	
7	4	26	11	
9	5	23	10	
13	9	23	10	
8	5	27	14	
14	8	20	13	
5	6	23	12	
8	7	28	7	
10	6	21	7	
14	9	25	7	
9	10	20	12	
13	5	31	11	
16	3	24	9	
13	5	13	9	
7	8	32	11	
11	4	23	11	
13	7	16	11	
15	4	20	7	
12	3	20	13	
15	1	23	15	
15	8	21	8	
6	7	35	10	
6	3	25	11	
6	1	29	8	
6	9	27	11	
9	5	36	10	
4	5	20	10	
6	8	31	7	
9	1	29	9	
9	5	35	8	
4	8	23	9	
11	7	20	15	
13	8	37	6	
17	8	29	10	
11	7	21	12	
9	4	31	6	
12	8	26	9	
13	6	26	8	
10	3	19	9	
9	9	26	6	
15	6	19	10	
14	5	22	6	
12	5	15	8	
11	9	22	11	
9	2	21	5	
7	5	29	8	
6	7	34	9	
7	2	14	5	
13	2	20	11	
15	3	33	11	
16	6	28	6	
13	8	20	7	
14	9	22	9	
15	5	23	8	
11	7	33	10	
12	6	30	10	
14	8	37	8	
7	8	34	6	
9	7	29	12	
12	5	18	10	
14	4	25	7	
10	2	34	8	
14	6	32	9	
11	8	27	10	
13	2	21	15	
4	5	28	9	
10	8	24	9	
12	9	28	10	
11	8	29	9	
13	8	31	10	
13	6	35	6	
10	5	29	10	
5	4	18	6	
13	9	24	15	
11	6	22	3	
13	6	23	10	
12	5	24	8	
12	3	24	13	
14	3	20	7	
5	8	28	5	
9	5	22	11	
11	10	28	10	
4	5	32	10	
12	9	15	12	
16	3	21	9	
4	6	28	6	
13	5	34	10	
7	9	22	13	
14	2	32	11	
9	6	30	7	
11	3	20	13	
12	5	24	11	
13	5	23	11	
10	8	25	7	
13	5	21	11	
8	4	27	9	
12	4	20	12	
14	4	29	7	
8	7	26	8	
6	6	29	9	
11	7	24	6	
5	4	28	5	
7	7	28	12	
9	4	27	8	
17	5	26	12	
12	9	31	11	
12	7	30	8	
11	3	22	10	
16	4	30	10	
7	3	24	5	
14	7	24	14	
8	6	30	6	
7	3	20	13	
12	10	32	6	
9	8	33	8	
6	6	35	15	
12	2	30	7	
11	6	24	7	
4	3	16	7	
11	7	33	9	
13	5	26	12	
12	2	24	5	
8	5	25	9	
11	7	33	13	
12	7	18	12	
12	7	21	7	
14	7	28	11	
11	6	25	10	
10	7	27	12	
13	7	30	14	
12	3	17	8	
10	8	32	3	
10	11	21	13	
15	4	27	9	
15	8	28	4	
5	8	27	5	
