ThetaTaj[0]	ThetaTaj[1]	ThetaTaj[2]	ThetaTaj[3]	ThetaTaj[4]	
0	0	0.166667	1	1.16667	
0	0.166667	0	0	0	
0	0	0	0	0	
0	0	0	0	0	
0	0	0.166667	0	0	
0	0	0	0	0	
0	0	0	0	0	
0	0	0.166667	0	0	
0	0	0	0	0	
0	0	0	0.166667	0	
0	0	0	0	0	
0	0	0	0	0	
0	0	0.166667	0	0	
0	0	0	0	0.333333	
0	0	0.166667	0	0	
0	0	0	0.651515	0.333333	
0	0	0	0	0	
0	0	0	0	3.33333	
0	0	0	0	0	
0	0	0	0	0	
0	0.166667	0	0	0	
0	0	0	3	0.166667	
0	0	0	0	0.166667	
0	0	3.83333	7.74242	3.48485	
0	0	0	0	0	
0	0	0	0.166667	0	
0.166667	0	0	0	0	
0	0	0.166667	3.83333	2.5	
0	0	0.166667	1.83333	2.5	
0	0	0	0	0	
0	0	0	0	0	
0	0	0	0	0	
0	0.166667	0	0	0	
0	0	0.166667	0	0	
0	0.166667	0	0	0	
0	0	0	0	0	
0	0	0	0	0	
0	0	0.166667	0	0	
0	0	0.166667	0.166667	0.166667	
0	0	0.166667	0	0	
0	0	0	0	0	
0	0	2.5	0.333333	2.5	
0	0	1.33333	3.57576	1.60606	
0	0	0	0	0.166667	
0	0	0	0	0	
0.5	0.666667	0	0.166667	0	
0	0	0	2.83333	3.33333	
0	0	0.5	0	0	
0	0	0.166667	0	0	
0	0	0	0	0	
0	0	0	0	0.166667	
0	0	0	0	0	
0	0	0	0	0	
0	0	0	0	0	
0	0	0	0.333333	0	
0	0	0	0.166667	0	
0	0	0	0	0	
0	0	0	0	0	
0	0	0.166667	0	0	
0	0	0	0.5	1.5	
0	0	0	0	0	
0	0	0	0	0.5	
0	0	0.166667	0	0	
0	0	2.72727	2.59091	3.93939	
0	0	0	0	0	
0	0	0.833333	2.16667	3.16667	
0	0	0.166667	0.333333	0	
0.333333	0.166667	0	0	0	
0	0	0	0	0	
0	0	0	0	0	
0	0	0.5	1.66667	0.833333	
0	0.409091	0	0	1	
0	0	0	0	0	
0	0	0	0	0	
0	0	0.166667	0	0	
0	0	0	0.166667	0.666667	
0	0	0	0	0	
0	0	0	0	0	
0	0	0	0	0.166667	
0	0	0.166667	0	0	
0	0	0	1.33333	0.666667	
0	0.666667	2.16667	3.83333	2.83333	
0	0	0	0	0	
0	0	0.166667	0	0	
0	0	0.166667	1.66667	4	
0	0	0	0	0	
0	0	0	0	0	
0	0	0	0	0	
0	0	0	0	0	
0	0	0.166667	4.16667	2	
0	0	0	0	0	
0.5	0	0	0	0	
0	0	0	0	0	
0	0	0	0	0	
0	0	0.166667	0	0	
0	0	0	0	0	
0	0	0	0.166667	0	
0	0	0	0	0	
0	0	0	3.5	2.16667	
0	0	0	0	0.166667	
0	0	0	0	0	
0	0.166667	3.66667	1.83333	0	
0	0	0	0.166667	0	
0	0	0.166667	0	1.5	
0	0	0	0	0	
0	0	0.333333	0	1.33333	
0.333333	0.166667	0	0	0	
0	0	4.66667	1.83333	5	
0	0	0	0	0	
1	0	0.166667	0	0.742424	
0	0	0	0	0	
0	0	0.166667	4.10606	2.12121	
0	0	0	0	0	
0	0.166667	0.166667	0	0	
0	0	0.166667	0	0	
0	0.166667	4.83333	0.5	0.666667	
0	0	0	0	0.166667	
0	0	0	0	0	
0	0	0	0	0	
0	0	0	0	0	
0	0	0.166667	0	0	
0	0	0	0	0	
0	0	0	0	0	
0	0.333333	0	0	0	
0	0	0	0	0	
0	0	0	0	0	
0	0	0	0	0	
0	0	0	0	0.166667	
0	0	0	0	0	
0.166667	0	0	0	0.469697	
0	0	0	0	0	
0	0	0	0	0	
0	0	0	0	0	
0	0.666667	1.83333	4.66667	1.16667	
0	0	0	0.166667	0	
0	0	0	0	0	
0	0	0	0	0.333333	
0	0	0.166667	0	0.166667	
0	0	0	0	0	
0	0	0	0	0	
0	0	0	0	0	
0	0	0.5	2.5	1.5	
0	0	0	0	0	
0	0	0	0	0.166667	
0	0	0	0	0	
0	0	1.83333	0.666667	1.16667	
0	0	5.5	0	0.166667	
0	0	0	0.333333	0.333333	
0	0	0	0	0	
0	0.166667	0.166667	0	0	
0	0	0.166667	0	0	
0	0	0	0	0	
0	0	0	0	0	
0	0	0	0	0.333333	
0	0	0.166667	0.166667	0	
0	0	0	0	0	
0	0	0	0	0	
0	0	0	0	0.30303	
0	0	0	0	0.166667	
0	0	0	0	0	
0	0	0	0	0	
0	0	0	0	0	
0	0	0	0	0	
0	0	0.166667	0.166667	0.166667	
0	0	0	0	0.166667	
0.333333	0	0	0	0	
0	0	0	0	0	
0	0	0	0	0	
0	0	0	0	0	
0	0.166667	0	0	0.530303	
1.66667	1.83333	0	0	0	
0	0	0	0	0	
0	0	0	0	0	
0	0.166667	0	0	0	
0	0	0	0	0	
0	0	0	0	0	
0	0.166667	0	0	0.166667	
0	0	0	0	0	
0	0.166667	0	0	0	
0	0	0.166667	0	0	
0	0	1	0.833333	1.33333	
0	0	0	0	0	
0	0	0.666667	0.833333	1.16667	
0	0.166667	0	3.93939	0.606061	
0	0	0	0	0	
0	0.166667	0	0.5	0.333333	
0	0	0	0	0	
0.166667	0	0	8.48485	2.65152	
0	0	0	0	0	
0	0	0.166667	0	0	
0	0	0	3.33333	4.84848	
0	0	0	0.166667	0.166667	
0.166667	0	0	0	0	
0	0	0	1.16667	1.5	
0	0	0	0	0	
0	0	0	0	0	
0	0	0	0	0	
0	0	0	0	0	
0	0	0	0	0	
0	0	0	0	0	
0	0	0	0	0	
0	0	0	0	0	
1.33333	0	0	0	0	
0	0	0	0	0	
0	0	0.772727	0	0.5	
0	0	0	0	0	
0	0	0	0	0	
0	0	0.166667	0.166667	1.33333	
0	0.166667	0	0	0	
0.166667	1.66667	0.166667	0	0	
0	0	0	0	0	
0	0	0	0.166667	0	
0	0	0	0	0	
0	0	0	0.166667	0	
0	0	0.166667	0.166667	0	
0	0	0	0	0	
0	0	0	0	0	
0	0	0	0	0	
0.166667	0	0	0.166667	0	
0	0	0	0.530303	0	
0	0	0	0	0	
1.45455	0	0	0	0	
0	0	0	0	0	
0	0	0	0	0	
0	0	0	0	0	
0	0	0	0	0	
0	0.166667	0.333333	0	0	
0	0.166667	0	0	0.166667	
0	0	0	0.166667	0	
0	0	0	0	0	
0	0	0	0	0	
0	0	1	3.33333	1.66667	
0	0	0	0	0	
1.5	0.166667	0	0	0	
0	0	0	0	0	
0	0	0	0	0	
0	0	0	0.166667	0	
0	0	0	0.166667	0	
0	0.166667	0	0	0	
0	0.166667	0.166667	0.166667	0	
0	0	0	0	0	
0	0	0	0	0	
0	0	0.166667	0.166667	0	
0	0	0	0	0	
0	0	0	0	0	
0	0	0	2.04545	0.818182	
0	0	0.166667	0.166667	0	
0	0	0.166667	0	0	
0	0	0	0	0	
0	0	0.166667	0	0	
0	0.166667	0	0	0.666667	
0	0.166667	4.66667	1.60606	1.66667	
0	0	0	0	0	
0	0	0	0	0	
0.333333	0.5	0	0	0	
0	0	0	0	0	
0	0.166667	0	0.166667	0	
0	0	0	0.166667	0	
0	0	0	0	0	
0	0	0	0	0	
0	0	0.166667	0.30303	4.54545	
0.166667	0	0	0	0	
0.333333	0	0	0	0.166667	
0	0	0	1.66667	2.66667	
0	0	0	0	0	
0	0	0.333333	0	0	
0	0	0	0	0	
0.333333	0	0	0	0	
0	0	0	0	0	
0	0	0	0.166667	0	
2.12121	2.72727	0	0	0	
0	0	3.33333	1.21212	3.5	
0	0	0	0	0	
0	0	0	0	0.166667	
0	0	0	0	0	
0	0	0	1.66667	0.166667	
0	0	0	0.166667	0	
0.166667	1.5	5.66667	0.666667	0.166667	
0	0	0	0	0	
0	0	0	0.30303	4.84848	
0	0	0	0	0	
0	0	0	0	0	
0	0	0	0	0	
0	0.166667	0	0	0	
0	0.166667	0	0	0	
0	0.166667	0	0	0	
0	0	0	0	0	
0	0	0	0	0	
0	0.166667	4.33333	0.666667	0.166667	
0	0	0	0	0	
0	0	0	0	0	
0	0	0	0	0	
0	0	0.333333	8.92424	2.43939	
0.333333	0	0.166667	0.166667	0	
0	0	0.166667	0	0	
0	0	0	0	0	
0	0	0.166667	0	0.166667	
0	0	0	0	0	
0.166667	0	0	0	0	
0	0	0	0	0	
0	0	0	0	0.166667	
0	0	0	0	0.166667	
0	0	0	2	2.16667	
0.166667	0	0	0	0	
0	0.166667	0	0	1.16667	
0	0	0	0	0	
0	0	0	0	0	
0	0	0	0	0	
0	0	0	0	0	
0	0	0	0	0	
0	0	0	0	0	
0	0.166667	0	0	0	
0	0.166667	0	0	0	
0	0	0	0	0	
0	0	0	0	0.166667	
0	0	0	0	0.166667	
0	0	0	0.166667	0	
0	0	0	0	0	
0	0	0	0	0.166667	
0	0	0	0	0	
0	0	0	0	0	
0.666667	1	2	0.5	3.33333	
0	0.166667	0	4.33333	1	
1	0.166667	0	0	0	
0	0	0	0	0.166667	
0	0	0.166667	0	0	
0.333333	0	0	0	0	
0	0	0	0.484848	0	
0	0	0	0	0	
0	0	0	0	0	
0	0	0	0	0	
0	0	0	0	0	
0	0	0	0	0.166667	
0	0	0	0	0	
0	0	1	3	2.33333	
0	0	0	0.166667	0	
0	0	0	0	0	
0	0	0	3.33333	6	
0	0	0	0	0	
0	0	0.166667	0	0	
0	0	0	0	0	
0.166667	0.166667	0	0.166667	0	
0	0.166667	0	0	0	
0	0	0	0	0	
0	0	0	0	0	
0	0	0.166667	0	0	
0	0	0	0	0	
0	0	0	0	0	
0	1	0.333333	0	0	
0	0	0	0	0.833333	
0	0.166667	11.1515	1.93939	10.6667	
0	0	0	0	3.83333	
0	0	0	0	0	
0	0	0	0	0	
0	0	0	0.166667	0	
0	0	0.166667	0	0	
0	0	0	0	4.90909	
0	0	0.530303	0	0	
0	0	4.16667	4.5	2.16667	
0	0	0.166667	0	0	
0	0	0	0	0	
0	0	0	0	0	
0	0	0	0	0	
0	0	0	0	0	
0.166667	0	0	0	0	
0	0	0.166667	0	0	
0	0	2.66667	1.33333	1	
0	0	7.10606	5.39394	3.51515	
0	0	0.166667	2.5	2.33333	
0	0	0	1.33333	0.666667	
2	1.16667	3.83333	1.5	1.83333	
0	0	0	0	0	
0	0	0	0	0	
0	0	0	0	0	
0	0	0	0	0	
0	0	0	0.166667	0	
0	0	0	0	0.166667	
0	0	0	0	0.166667	
0.166667	0.166667	0	0	0	
0	0	0	0.166667	0	
0	0	0	0	0	
0	0	0	0	0	
0	0	0	0	0	
0	0	0.166667	0	0	
0	0	0	1.16667	2.80303	
0	0	0	0	0	
0	0	0	0	0.166667	
0	0	0.166667	0	0	
0	0	2.5	3.16667	4.33333	
0	0	0	0	0.30303	
0	0	0	0	0	
0	0	0	0	0	
0	0	0	0.166667	0	
0	0	0	0	0	
0	0	0	0	0	
0	0	0	0	0	
0	0	0	0.166667	1	
0.166667	0	0	0	0	
0	0	0	0.166667	0	
0	0	0	0	0	
0.166667	0	0	0	0	
0	0	0.166667	0	0	
0	0.166667	0.166667	0.166667	0.166667	
0	0	0	0	0	
0	0	0	0	0	
0	0	0	0	0	
0	0	0	0	0	
0	0.5	0	0	0	
0	0	0	0	0	
0.166667	0	0	0	0	
0	0	0	0	0	
0	0	0	0	0	
0	0	0	0	0	
0	0	0	0	0	
0	0	0	0	0	
0	0	0	0	0	
0	0	0.166667	0.166667	0	
0	0	0	0	0	
1	0	0	0.166667	3.33333	
1.83333	0.333333	0	0	0	
0	0	0	0	0	
0	0	0	0.166667	0	
0	0	0	0	0	
0	0	0	0	0	
1.5	0.166667	0	0	0.166667	
0	0	0	0	0.666667	
0	0	1.16667	4.5	1.5	
0	0	0.833333	3.66667	2.5	
0	0	0.333333	0	0	
0	0	0	0	0	
0	0.166667	0	0	0	
0	0	0	0	0	
0	0	1.83333	0.666667	0.333333	
0	0	0	0	0	
0	0	0	0	0	
0	0	0	0	0.166667	
0	0	0	0.166667	0	
0	0	0	0	0	
0	0	0	4.54545	1.51515	
0	0	0	0	0	
0	0	0	4.33333	2	
0	0	0	0	0	
0	0	0	0	0	
0	0	0	0	0	
0	0.166667	0	0	0	
0	0	0	0	0	
0	0	0	0	0	
0	0	0	0	0	
0	0	0	0	0	
0	0	0.166667	0	0	
0	0	3.66667	0	0.333333	
0	0	0.166667	0	0.166667	
0	0	0	0	0	
0	0	0	0	0	
0.833333	0	0	0	0	
0	0	0	0	0	
0	0	1	1.5	0	
0	0	0	0	0	
0	0	0.333333	1.33333	2.16667	
0	0	13.6364	14.7273	9.81818	
0	0	0	0	0	
0	0	0	0	2.83333	
0	0	0.166667	0	0	
0	0	0	0	0	
0	0	0	0	0	
1.10606	1.33333	0	0	0	
0	0	0	0	0	
0	0	0	0	0	
0	0.166667	0	0	0	
0	0	0	0	0	
0	0	0	0	0	
0	0	0	0	0	
0	0	0	0	0	
0	0	0	0	0	
0	0	0	0	0	
0	0	0	0	12.197	
0	0	0	0	0	
0	0.166667	5.5	0.666667	3.66667	
0	0	0	0	0	
0	0	0.166667	0	0	
0.166667	0	0	0	0	
0	0	0	0	0	
0	0	0	0.333333	4	
0	0.166667	0	0	0	
0	0	0	0	0	
0	0	0	0	0	
0	0	0.166667	3.0303	11.5152	
0	0	0	0	0	
0	0	0	0	0	
0.333333	0	0	0	0	
0	0	0	0	0.333333	
0	0	0.166667	1.83333	2.16667	
0	0	0	0	0	
0	0	0	2.72727	1.81818	
0	0	1.16667	2.5	0.666667	
0	0	0	0	0	
0	0	0	0	0	
0	0	0	0	0.166667	
0	0	0	0.666667	0.666667	
0	0	0	0	0	
0	0	0	0	0	
0	0	0	0	0.30303	
0	0	0.166667	0	0	
0	0	0.5	1.16667	2.33333	
0	0	0	0	0	
0	0	0	0	0.666667	
0	0	4	5.33333	0.5	
0	0	0	0	0	
0	0	0	0.166667	0	
0	0.166667	0.166667	0	0	
0	0	0	2.5	2.33333	
0	0.166667	0	0	0	
0	0	0	0	0	
0	0	0.166667	0	0.166667	
0	0	0	0	0	
0.166667	0	0	0	0	
0	0	0	0	0	
0	0	0	0	0	
0	0	0	0	0	
0	0	0	0	0	
0	0	0	0.166667	0	
0	0	0	0	0	
0	0	0	2.66667	0.666667	
0	0	0	0	0.166667	
0	0	0	0	0	
0	0	0	0.166667	0	
0	0.166667	0	0	0	
0	0	0	0	0	
0	0	0.333333	1.83333	0.5	
0	0	0.166667	0	0	
0	0	0	0	0	
0	0	0	0	0	
0	0	0	0.833333	1.66667	
0	0.166667	0	0	0	
0.166667	0	2	2.33333	1.5	
0	0	5.83333	3.16667	2.87879	
0	0	0	0	0	
0	0	2.66667	2	2.33333	
0	0	0	0	0	
0	0	0	0	0	
0	0	0	0	0	
0	0	0	0	0	
0	0	0	0.166667	0	
0	0	0	0	0	
0	0	0.333333	0	0	
0	0	8.78788	3.63636	3.63636	
0	0	0	0	0.333333	
0	0	0	0	0	
0	0	0	0	0	
0	0	0	2.5	0.166667	
0	0	0	0	0	
0	0	0	0.166667	0	
0	0	0	0	0	
0	0	0	0	0.166667	
0	0	0.166667	0	0	
0	0.166667	0	0	0.333333	
5.45455	1.59091	0.166667	0	0	
0	0	0	0	0.166667	
0	0	0.166667	0.166667	0	
0	0	4	3.33333	2	
0.166667	0	0	0	0	
0	0	0	0	0.166667	
0	0.166667	5.66667	1.66667	2.16667	
0	0	0	0	0	
0	0	0	0	0	
0	0	0	0	0	
0	0.166667	0	0	1.16667	
0	0	0	0	0	
0	0	0	0	0.333333	
0	0	0	0	0	
0	0	5.66667	3.66667	6.36364	
0.5	0	0	0	0	
0	0	0	0	0	
0	0	4.24242	4.84848	0.606061	
0	0	0.166667	0	0.5	
0	0	0	0	0.166667	
0	0	0	0.166667	3.16667	
0	0	0	0.166667	0	
0	0	0	1.5	1	
0	0	0.166667	0	0	
0	0	0	0	0	
0	0	0	0	0	
0	0	0	0.166667	0	
0	0	0	0	0	
0	0.333333	0.166667	0	0	
0	0	0	0	0	
0	0	0	0.166667	0.833333	
0	0	0	0	0	
2	0	0	1.33333	2.16667	
1.16667	1	0	0	0	
0	0	0	0	2.5	
0	0	0	0	0	
0	0	0	0	0	
0	0	0	0	0	
0	0	0	0	0	
0	0	0	4.83333	2.33333	
0	0	0	0	0	
0	0	0	0	0	
0	0	0	0	0	
0	0	0	0	0	
0	0	0	0	0	
0	0	0.166667	0	0	
0	0	0	0	0	
0	0	0	0	0	
0	0	0	0	0	
0	0	0	0	0	
0	0	0	0	0	
0	0	0	0	0	
0	0	0	0.166667	0	
0	0	0	0	0	
0	0	0	1.5	0.166667	
0	0	0	0.166667	0	
0	0	0	2.33333	0.166667	
0	0	0	0	0	
0	0	0.166667	0	0	
0	0	0.166667	0.166667	0	
0	0	0	0	0	
0	0	0	0	0	
0	0.166667	0	0	0	
0	0	0.333333	0	0	
0	0.166667	0	0	0	
0	0.166667	0	0	0	
0	0	0	0	0	
0	0	0	0	0	
0	0	0	0	0	
0.166667	0	0	0	0	
0	0	4.33333	1.66667	0.833333	
0.166667	0	0	0	0	
0	0	0	0	0	
0	0	0.166667	0.166667	0	
0	0.166667	0	0	0	
0	0	0	0	0	
0	0	1.33333	4	0.666667	
0	0	0	0	0	
0	0	0	0	0	
0	0	0.5	3.19697	1.43939	
0	0	0	0	0	
0	0	0	0.166667	0	
0	0	0	0	0	
0	0	0	0	0	
0.333333	0.166667	0.166667	0	0	
0	0	0.166667	0	0	
0	0	0	2.16667	2.66667	
0	0	0	0	0	
0	0	0	0	0	
0	0	0	0	0	
0	0	0	0	0.409091	
0	0	0	0.30303	0	
0	0	0	0.166667	0	
0	0	0	0	0	
0	0	0	0	0.166667	
0	0	0	0	0	
0	0.166667	0.166667	0.166667	0	
0	0.166667	0.166667	0	0	
0	0	0.166667	0	0	
0	0	0	0	0	
0	0	0.166667	0	0	
0	0	0	0	0	
0	0	0.166667	0	0	
0	0	0	0	0	
0.5	0	0	1.21212	1.21212	
0	0	0	0	0	
0	0	0	0	0	
0	0	0	0	0	
0	0	0	0	0	
0	0.166667	0	0	0	
0	0	0	0	0	
0	0	0	0	0	
0	0	0	0	0	
0	0	0	0	0	
0	0	0	0	0	
0	0	0	3.66667	0.833333	
0	0	0	0	0	
0	0	0	0	0	
0	0	0	0	0	
0	0	1.66667	0.166667	4	
0	0	0	0	0	
0	0	0	0.333333	0	
0	0	0	0	0	
0	0.166667	0	0	0	
1	0	3.83333	0	0	
0	0	0	0	0	
0	0.166667	0	0	0	
0	0	3.5	1	0.833333	
0	0	0	0	0	
0	0	0	0	0	
0	0	0	0.166667	0	
0	0	0	0	0.166667	
0.166667	0.166667	0	0.5	1.66667	
0	0	0	0	0	
0	0	0	0	0	
0	0	0	0	0.166667	
0	0	0	0	0	
0	0	0	0	0	
0	0	0	0	0	
0	0	0	0	0.166667	
0	0	0	0	0	
0	0	2	1	1.66667	
0	0	0	0	0	
0	0	0	0	0	
0	0	0	0	0	
0	0	0	0	0	
0	0	0	0	0	
0	0	0.166667	2	0.833333	
0	0	0	0	0	
0	0	0.166667	0	0	
0	0.166667	0	0	0	
0	0	0	0	0	
0	0	0.166667	0	0	
0	0	0	0	0	
0	0	0	0	0	
0	0	0	0	0	
0	0	0	0.166667	0	
0	0.166667	0	0	0	
0	0	0	0	0	
0	0.166667	0.166667	0	0	
0	0	0.166667	0	0	
0	0.166667	0	0.166667	0	
0	0.166667	1.33333	4.5	3.66667	
0.166667	0	0	0	0	
0	0.166667	0	0	0	
0	0.166667	1.5	0	0.166667	
0	0	0	0	0	
1.33333	0.166667	0.166667	0.166667	0	
0	0.166667	0	0.166667	0	
0	0.166667	0	0	0	
0	0	0.166667	0	0	
0	0	0	0	0	
0	0	0	0	0	
0	0	0	0	0	
0	0	0	0	0	
0	0	0	0	0	
0	0	0	0.166667	0	
0	0.166667	0	0	0.166667	
0	0	0.166667	0	0	
0	0	0	0	0	
0	0	0	0.5	1.83333	
0	0	0	0	0	
0	0	0	0	0	
0	0	0	0	0	
0	0	0	6.9697	8.18182	
0	0	0	0	0	
0	0	0	0	0	
0	0	0	0	0	
0	0	0	0	0	
0	0	0	0	0	
0	0	0	0	0	
0	0	0	0	0	
0	0	0	0	0	
0	0	0	0	0.5	
0	0	0.30303	0	0	
0	0	0.166667	0	0	
0	0.166667	0.166667	0	0	
0	0	0.166667	1.83333	2.16667	
0	0	3.5	4.33333	0.333333	
0	0	0.166667	0	0	
0	0.166667	0	0.166667	0	
0	0	0	0	0.166667	
0	0.166667	0	0	0.166667	
0	0	0	0	0	
0	0	0	0	0	
0	0.166667	0.166667	0	0	
2.42424	0	7.74242	2.15152	0	
0	0	0	0	0.166667	
0	0.166667	0	0	0.166667	
0	0	0	0	0	
0	0	0	0	0	
0	0	0.666667	2.71212	6.59091	
0	0.166667	0	0	0	
0	0.166667	0	0	0	
0	0	0	0.166667	0	
0	0	0	0	0	
0	0	0	0.166667	0	
0	0	0	0	0	
0	0	0.166667	0	0	
0	0	0	0	0	
0	0	0.333333	0	0	
0	0	0	0	2.66667	
0	0	0	0	0	
0	0.166667	0	0	0	
0	0	0	0	0.166667	
0	0	0	0	0	
0	0	0.30303	0	0	
0	0	0.333333	0	0.333333	
0	0	0.666667	2.83333	1.83333	
0	0	0	0.30303	0	
0	0	0	0	0	
0	0	0	0	0.166667	
0	0	0.909091	2.34848	1.65152	
0	0	0	0	0	
0	0	0	0.30303	0.166667	
0	0	4.5	4.5	2.83333	
0	0	0	0	0	
0.166667	0	0	0	0	
0	0	0.166667	0	0	
0	0	0.166667	0	0.166667	
0	0	0	0	0	
0	0	0	0.166667	0	
0	0	0	0	0	
0	0.166667	5.5	2.66667	3	
0	0	0.166667	0	0.166667	
0	0	0	0	0	
0	0	0	0	0	
0.166667	0	1.5	1.83333	1.5	
0	0.166667	0	0	0	
0	0.166667	0.166667	0	0	
0	0	0	0	0	
0	0.166667	0	0.166667	0	
0	0	0	0	0	
0	0	0	0	0.166667	
0	0	0	0	0	
0	0	0.469697	5.15152	3.93939	
0	0	0	0	0.166667	
0	0	0	0	0	
0.166667	0	0	0	0	
0	0	0	0	0	
0	0	0	0	0	
0	0	0	0	0	
0	0	0.166667	0	0	
0	0	0.166667	0	0	
0	0	0	0.5	1.33333	
0.166667	0	0	0	0	
1.66667	0.5	0	0.166667	0	
0	0	0.166667	0	0	
0	0	6.66667	1	0.333333	
0	0	0.166667	0	0	
0	0	0	0	0.166667	
0	0	1	1.16667	3.33333	
0	0	0	0	0	
0	0	0	4.16667	2.16667	
0	0	0	0	0	
0	0.166667	0	0	0	
0	0	0.166667	0	0.166667	
0	0.166667	0	0	0	
0	0	0	0	0	
0	0	0.166667	0	0	
0	0	0	0	0	
0	0.166667	0	0	0	
0	0	0	0	0	
0	0	0	0	0	
0	0.166667	8.33333	4.5	0.333333	
0	0	0	0	0	
0	0	0	0	0	
0	0	0	0	0	
0	0	0	0	0	
0	0	0	1.16667	0.166667	
0	0	0	0	0	
0	0	0	0	0	
0.333333	0.833333	0	0	0	
0	0	0	0	3	
0	0	0	0	0	
0	0.166667	0	0	0	
0	0	0	0	0	
0	0	0	0	0	
0	0	0	0	0	
0.166667	0	0	0	0	
0.666667	0	1	2.4697	4.36364	
0	0	0	0	0	
0	0	0	0	0	
0	0	0	0	0	
0.166667	0	0	0	0	
0	0	0	0	0	
0	0	0.166667	0	0	
0	0	1.66667	3	2	
0.5	0.166667	0.166667	0.166667	0	
0	0	0	0	0	
0	0	0	0	0	
0	0	0	0	0	
0	0.166667	0	0	0	
0	0	0	0	0	
0	0	0	0	0	
0	0	0	1.45455	4.5303	
0	0	0	0	0	
0	0	0	0	0	
0.666667	1.33333	2	1.66667	0.666667	
0	0	0	0	0	
0	0	0	0	0	
0	0	0.166667	0.166667	0.166667	
0	0	0	0.666667	1.16667	
0	0	0	0	0	
0	0	0	2	1.16667	
0	0	0.166667	0	0	
0	0.333333	0	0	0	
0	0	0	0	0	
0	0	0	0	0	
0	0.166667	0	0	0	
0	0	0	0	0.166667	
0	0	0	0	0	
0	0	0.166667	0	0	
0	0	0	0	2.66667	
0	0	0	0	0	
0	0	0	0.166667	0	
0.409091	0	0	0.166667	1.66667	
0	0	0	0	0	
0	0	0	0	0	
0	0	0	0	0	
0	0	0	0	0	
0	0	4.77273	9.93939	3.10606	
0	0	0	0	0.166667	
0	0	0	0	0	
0	0	0	0	0	
0	0	0	4.16667	1.5	
0	0	0	0	0	
0	0	0	0	0	
0	0	0	0	0	
0	0	0	0	0	
0	0	0	0	0	
0	0	0	0.484848	5.33333	
0	0	0	0.333333	0.666667	
0	0	0	0	0	
0	0	0	0.833333	1.86364	
0	0	0	0.166667	0.166667	
0	0	2.83333	3.33333	4	
0	0	0.166667	0	0	
0	0.166667	0.166667	0	3.68182	
0	0	0	0	0.166667	
0	0	0	0	0	
0	0	0.166667	0.166667	0	
0	0	0.30303	0	0.166667	
0	0	0	0	0	
0	0	0	0.333333	5.31818	
0	0	0	0	0	
0	0	0.166667	0	0	
0	0	0	2.5	0.833333	
0	0	0	0	0	
0	0	0	0	0	
0	0	0	0	0	
0	0	0	0	0	
0.409091	0	0.166667	0	0	
0	0.409091	0	0	0	
0	0	0	0	0	
0	0	0	0	0	
0	0	0	0	0.30303	
0	0	0.166667	0.409091	0	
0	0	0	0.30303	0	
0.166667	0	0	0.166667	0	
0	0	0	0	0	
0	0	0	0	0	
0	0	0	0	0	
0	0.166667	0	0	0	
0	0	0	0	0	
0	0	0	0.166667	0	
0	0	0	0	0	
0	0	0	0	0	
0	0	0	0	0.166667	
0	0	0	0	0	
0	0	0	0.333333	1.16667	
0	0	0.166667	0	0	
0	0	0.166667	0.166667	0	
0	0	0	0	0	
0	0	2.83333	3	5.5	
0	0	0	0	0	
0	0	0	0	0	
0	0	0.30303	0	0	
0	0.166667	0	0	0	
0	0.166667	0	0	0	
0	0	0.30303	0	0	
0	0	0	2	2.16667	
0	0	0	0	0	
0.166667	0	0	0	0	
0.333333	0	0	0	0.166667	
0	0	0	0	0	
0	0	0.166667	0	0	
0	0	0	7.27273	7.75758	
0	0	0	0	0	
0	0	0	0	0	
0	0	0	0	0	
0	0	0.166667	0	0	
0	0	9.81818	3.68182	3.43939	
0	0	0	0	0	
0	0	0	0.166667	0	
0	0	0.606061	20	2.42424	
0	0	0	0.166667	0	
0.166667	0	0	0	0	
0	0	2.16667	0.666667	2.5	
0.333333	0.5	0	0	0	
0	0	0	0	0	
0	0	0	0	0	
0	0	0	0	0	
0	0	0	0	0	
0	0	0	0.166667	0	
0.166667	0.333333	0.166667	0	0	
0	0	0	1.66667	1.66667	
0	0	0.166667	0	0	
0	0	0	0	0.166667	
0	0	0	0	0	
0	0	0	0	0	
0	0	0	0	0	
0	0	1.66667	9.28788	4.06061	
0.166667	0.166667	0	0	0	
0	0	0.166667	0	0	
0	0	0	0	0	
0	0	0	0	0	
0	0	0	0	0	
0	0	0	0	0	
0	0	4.5	0.333333	0.833333	
0	0	7.87879	1.81818	2.72727	
0	0	0	0	0	
0	0	0	0	0	
0	0	0	0	0	
