Fs[0]	Fs[1]	Fs[2]	Fs[3]	Fs[4]	
na	na	-0.475656	2.3979	2.76693	
na	-0.475656	na	na	na	
na	na	na	na	na	
na	na	na	na	na	
na	na	-0.475656	na	na	
na	na	na	na	na	
na	na	na	na	na	
na	na	-0.475656	na	na	
na	na	na	na	na	
na	na	na	-0.475656	na	
na	na	na	na	na	
na	na	na	na	na	
na	na	-0.475656	na	na	
na	na	na	na	-1.32484	
na	na	-0.475656	na	na	
na	na	na	-0.137426	0.431832	
na	na	na	na	na	
na	na	na	na	6.35667	
na	na	na	na	na	
na	na	na	na	na	
na	-0.475656	na	na	na	
na	na	na	5.8944	-0.475656	
na	na	na	na	-0.475656	
na	na	7.00998	7.82277	4.10001	
na	na	na	na	na	
na	na	na	-0.475656	na	
-0.475656	na	na	na	na	
na	na	-0.475656	7.00998	5.15372	
na	na	-0.475656	4.05492	5.15372	
na	na	na	na	na	
na	na	na	na	na	
na	na	na	na	na	
na	-0.475656	na	na	na	
na	na	-0.475656	na	na	
na	-0.475656	na	na	na	
na	na	na	na	na	
na	na	na	na	na	
na	na	-0.475656	na	na	
na	na	-0.475656	-0.475656	-0.475656	
na	na	-0.475656	na	na	
na	na	na	na	na	
na	na	5.15372	0.431832	5.15372	
na	na	3.11332	4.19742	1.74014	
na	na	na	na	-0.475656	
na	na	na	na	na	
1.05373	1.55876	na	-0.475656	na	
na	na	na	5.65424	3.93515	
na	na	-2.12373	na	na	
na	na	-0.475656	na	na	
na	na	na	na	na	
na	na	na	na	-0.475656	
na	na	na	na	na	
na	na	na	na	na	
na	na	na	na	na	
na	na	na	-1.32484	na	
na	na	na	-0.475656	na	
na	na	na	na	na	
na	na	na	na	na	
na	na	-0.475656	na	na	
na	na	na	1.05373	3.44157	
na	na	na	na	na	
na	na	na	na	1.05373	
na	na	-0.475656	na	na	
na	na	5.49802	3.07544	7.14299	
na	na	na	na	na	
na	na	1.99917	4.62261	6.12842	
na	na	-0.475656	-1.32484	na	
0.431832	-0.475656	na	na	na	
na	na	na	na	na	
na	na	na	na	na	
na	na	1.05373	3.75472	1.99917	
na	0.73482	na	na	2.3979	
na	na	na	na	na	
na	na	na	na	na	
na	na	-0.475656	na	na	
na	na	na	-0.475656	1.55876	
na	na	na	na	na	
na	na	na	na	na	
na	na	na	na	-0.475656	
na	na	-0.475656	na	na	
na	na	na	3.11332	1.55876	
na	1.55876	4.62261	4.46767	5.65424	
na	na	na	na	na	
na	na	-0.475656	na	na	
na	na	-0.475656	3.75472	7.21818	
na	na	na	na	na	
na	na	na	na	na	
na	na	na	na	na	
na	na	na	na	na	
na	na	-0.475656	7.42198	4.34381	
na	na	na	na	na	
1.05373	na	na	na	na	
na	na	na	na	na	
na	na	na	na	na	
na	na	-0.475656	na	na	
na	na	na	na	na	
na	na	na	-0.475656	na	
na	na	na	na	na	
na	na	na	6.57948	4.62261	
na	na	na	na	-0.475656	
na	na	na	na	na	
na	-0.475656	6.79716	4.05492	na	
na	na	na	-0.475656	na	
na	na	-0.475656	na	3.44157	
na	na	na	na	na	
na	na	-1.32484	na	1.30138	
0.431832	-0.475656	na	na	na	
na	na	8.00904	4.05492	8.38183	
na	na	na	na	na	
2.3979	na	-0.475656	na	-1.25599	
na	na	na	na	na	
na	na	-0.475656	4.74511	4.54751	
na	na	na	na	na	
na	-0.475656	-0.475656	na	na	
na	na	-0.475656	na	na	
na	-0.475656	8.19719	1.05373	1.55876	
na	na	na	na	-0.475656	
na	na	na	na	na	
na	na	na	na	na	
na	na	na	na	na	
na	na	-0.475656	na	na	
na	na	na	na	na	
na	na	na	na	na	
na	-1.32484	na	na	na	
na	na	na	na	na	
na	na	na	na	na	
na	na	na	na	na	
na	na	na	na	-0.475656	
na	na	na	na	na	
-0.475656	na	na	na	-0.724551	
na	na	na	na	na	
na	na	na	na	na	
na	na	na	na	na	
na	1.55876	2.07662	8.00904	2.76693	
na	na	na	-0.475656	na	
na	na	na	na	na	
na	na	na	na	-1.32484	
na	na	-0.475656	na	-0.475656	
na	na	na	na	na	
na	na	na	na	na	
na	na	na	na	na	
na	na	-0.61396	5.15372	3.44157	
na	na	na	na	na	
na	na	na	na	-0.475656	
na	na	na	na	na	
na	na	4.05492	1.55876	2.76693	
na	na	8.91611	na	-0.475656	
na	na	na	0.431832	0.431832	
na	na	na	na	na	
na	-0.475656	-0.475656	na	na	
na	na	-0.475656	na	na	
na	na	na	na	na	
na	na	na	na	na	
na	na	na	na	0.431832	
na	na	-0.475656	-0.475656	na	
na	na	na	na	na	
na	na	na	na	na	
na	na	na	na	0.297358	
na	na	na	na	-0.475656	
na	na	na	na	na	
na	na	na	na	na	
na	na	na	na	na	
na	na	na	na	na	
na	na	-0.475656	-0.475656	-0.475656	
na	na	na	na	-0.475656	
0.431832	na	na	na	na	
na	na	na	na	na	
na	na	na	na	na	
na	na	na	na	na	
na	-0.475656	na	na	1.15205	
3.75472	4.05492	na	na	na	
na	na	na	na	na	
na	na	na	na	na	
na	-0.475656	na	na	na	
na	na	na	na	na	
na	na	na	na	na	
na	-0.475656	na	na	-0.475656	
na	na	na	na	na	
na	-0.475656	na	na	na	
na	na	-0.475656	na	na	
na	na	2.3979	1.99917	3.11332	
na	na	na	na	na	
na	na	1.55876	1.99917	2.76693	
na	-0.475656	na	7.14299	1.38437	
na	na	na	na	na	
na	-0.475656	na	1.05373	0.431832	
na	na	na	na	na	
-0.475656	na	na	11.6278	5.38474	
na	na	na	na	na	
na	na	-0.475656	na	na	
na	na	na	6.35667	8.21411	
na	na	na	-0.475656	-0.475656	
-0.475656	na	na	na	na	
na	na	na	2.76693	3.44157	
na	na	na	na	na	
na	na	na	na	na	
na	na	na	na	na	
na	na	na	na	na	
na	na	na	na	na	
na	na	na	na	na	
na	na	na	na	na	
na	na	na	na	na	
3.11332	na	na	na	na	
na	na	na	na	na	
na	na	0.180455	na	1.05373	
na	na	na	na	na	
na	na	na	na	na	
na	na	-0.475656	-0.475656	3.11332	
na	-0.475656	na	na	na	
-0.475656	3.75472	-0.475656	na	na	
na	na	na	na	na	
na	na	na	-0.475656	na	
na	na	na	na	na	
na	na	na	-0.475656	na	
na	na	-0.475656	-0.475656	na	
na	na	na	na	na	
na	na	na	na	na	
na	na	na	na	na	
-0.475656	na	na	-0.475656	na	
na	na	na	1.15205	na	
na	na	na	na	na	
3.35366	na	na	na	na	
na	na	na	na	na	
na	na	na	na	na	
na	na	na	na	na	
na	na	na	na	na	
na	-0.475656	-1.32484	na	na	
na	-0.475656	na	na	-0.475656	
na	na	na	-0.475656	na	
na	na	na	na	na	
na	na	na	na	na	
na	na	2.3979	6.35667	1.8321	
na	na	na	na	na	
3.44157	-0.475656	na	na	na	
na	na	na	na	na	
na	na	na	na	na	
na	na	na	-0.475656	na	
na	na	na	-0.475656	na	
na	-0.475656	na	na	na	
na	-0.475656	-0.475656	-0.475656	na	
na	na	na	na	na	
na	na	na	na	na	
na	na	-0.475656	-0.475656	na	
na	na	na	na	na	
na	na	na	na	na	
na	na	na	4.4208	1.9611	
na	na	-0.475656	-0.475656	na	
na	na	-0.475656	na	na	
na	na	na	na	na	
na	na	-0.475656	na	na	
na	-0.475656	na	na	1.55876	
na	-0.475656	8.00904	1.74014	1.8321	
na	na	na	na	na	
na	na	na	na	na	
0.431832	1.05373	na	na	na	
na	na	na	na	na	
na	-0.475656	na	-0.475656	na	
na	na	na	-0.475656	na	
na	na	na	na	na	
na	na	na	na	na	
na	na	-0.475656	0.297358	7.86991	
-0.475656	na	na	na	na	
0.431832	na	na	na	-0.475656	
na	na	na	3.75472	5.40751	
na	na	na	na	na	
na	na	-1.32484	na	na	
na	na	na	na	na	
0.431832	na	na	na	na	
na	na	na	na	na	
na	na	na	-0.475656	na	
4.54751	5.49802	na	na	na	
na	na	6.35667	2.86342	4.11632	
na	na	na	na	na	
na	na	na	na	-0.475656	
na	na	na	na	na	
na	na	na	3.75472	-0.475656	
na	na	na	-0.475656	na	
-0.475656	3.44157	9.08807	1.55876	-0.475656	
na	na	na	na	na	
na	na	na	0.297358	8.21411	
na	na	na	na	na	
na	na	na	na	na	
na	na	na	na	na	
na	-0.475656	na	na	na	
na	-0.475656	na	na	na	
na	-0.475656	na	na	na	
na	na	na	na	na	
na	na	na	na	na	
na	-0.475656	7.6216	-0.0951878	-0.475656	
na	na	na	na	na	
na	na	na	na	na	
na	na	na	na	na	
na	na	-1.32484	8.64248	2.88743	
0.431832	na	-0.475656	-0.475656	na	
na	na	-0.475656	na	na	
na	na	na	na	na	
na	na	-0.475656	na	-0.475656	
na	na	na	na	na	
-0.475656	na	na	na	na	
na	na	na	na	na	
na	na	na	na	-0.475656	
na	na	na	na	-0.475656	
na	na	na	4.34381	4.62261	
-0.475656	na	na	na	na	
na	-0.475656	na	na	2.76693	
na	na	na	na	na	
na	na	na	na	na	
na	na	na	na	na	
na	na	na	na	na	
na	na	na	na	na	
na	na	na	na	na	
na	-0.475656	na	na	na	
na	-0.475656	na	na	na	
na	na	na	na	na	
na	na	na	na	-0.475656	
na	na	na	na	-0.475656	
na	na	na	-0.475656	na	
na	na	na	na	na	
na	na	na	na	-0.475656	
na	na	na	na	na	
na	na	na	na	na	
1.55876	0.685702	4.34381	1.05373	6.35667	
na	-0.475656	na	7.6216	2.3979	
2.3979	-0.475656	na	na	na	
na	na	na	na	-0.475656	
na	na	-0.475656	na	na	
0.431832	na	na	na	na	
na	na	na	1.00323	na	
na	na	na	na	na	
na	na	na	na	na	
na	na	na	na	na	
na	na	na	na	na	
na	na	na	na	-0.475656	
na	na	na	na	na	
na	na	2.3979	5.8944	4.89231	
na	na	na	-0.475656	na	
na	na	na	na	na	
na	na	na	6.35667	9.42343	
na	na	na	na	na	
na	na	-0.475656	na	na	
na	na	na	na	na	
-0.475656	-0.475656	na	-0.475656	na	
na	-0.475656	na	na	na	
na	na	na	na	na	
na	na	na	na	na	
na	na	-0.475656	na	na	
na	na	na	na	na	
na	na	na	na	na	
na	2.3979	-1.32484	na	na	
na	na	na	na	1.99917	
na	-0.475656	13.5677	4.23998	13.2405	
na	na	na	na	7.00998	
na	na	na	na	na	
na	na	na	na	na	
na	na	na	-0.475656	na	
na	na	-0.475656	na	na	
na	na	na	na	8.28154	
na	na	1.15205	na	na	
na	na	7.42198	7.81723	2.53552	
na	na	-0.475656	na	na	
na	na	na	na	na	
na	na	na	na	na	
na	na	na	na	na	
na	na	na	na	na	
-0.475656	na	na	na	na	
na	na	-0.475656	na	na	
na	na	5.40751	1.30138	2.3979	
na	na	5.09406	3.93955	2.45208	
na	na	-0.475656	5.15372	4.89231	
na	na	na	3.11332	1.55876	
4.34381	2.76693	7.00998	3.44157	4.05492	
na	na	na	na	na	
na	na	na	na	na	
na	na	na	na	na	
na	na	na	na	na	
na	na	na	-0.475656	na	
na	na	na	na	-0.475656	
na	na	na	na	-0.475656	
-0.475656	-0.475656	na	na	na	
na	na	na	-0.475656	na	
na	na	na	na	na	
na	na	na	na	na	
na	na	na	na	na	
na	na	-0.475656	na	na	
na	na	na	1.00739	3.33082	
na	na	na	na	na	
na	na	na	na	-0.475656	
na	na	-0.475656	na	na	
na	na	5.15372	6.12842	7.6216	
na	na	na	na	0.297358	
na	na	na	na	na	
na	na	na	na	na	
na	na	na	-0.475656	na	
na	na	na	na	na	
na	na	na	na	na	
na	na	na	na	na	
na	na	na	-0.475656	2.3979	
-0.475656	na	na	na	na	
na	na	na	-0.475656	na	
na	na	na	na	na	
-0.475656	na	na	na	na	
na	na	-0.475656	na	na	
na	-0.475656	-0.475656	-0.475656	-0.475656	
na	na	na	na	na	
na	na	na	na	na	
na	na	na	na	na	
na	na	na	na	na	
na	1.05373	na	na	na	
na	na	na	na	na	
-0.475656	na	na	na	na	
na	na	na	na	na	
na	na	na	na	na	
na	na	na	na	na	
na	na	na	na	na	
na	na	na	na	na	
na	na	na	na	na	
na	na	-0.475656	-0.475656	na	
na	na	na	na	na	
2.3979	na	na	-0.475656	6.35667	
4.05492	-1.32484	na	na	na	
na	na	na	na	na	
na	na	na	-0.475656	na	
na	na	na	na	na	
na	na	na	na	na	
3.44157	-0.475656	na	na	-0.475656	
na	na	na	na	1.55876	
na	na	2.76693	7.81723	3.44157	
na	na	1.99917	6.79716	5.15372	
na	na	-1.32484	na	na	
na	na	na	na	na	
na	-0.475656	na	na	na	
na	na	na	na	na	
na	na	4.05492	1.55876	0.431832	
na	na	na	na	na	
na	na	na	na	na	
na	na	na	na	-0.475656	
na	na	na	-0.475656	na	
na	na	na	na	na	
na	na	na	7.86991	3.47063	
na	na	na	na	na	
na	na	na	7.6216	4.34381	
na	na	na	na	na	
na	na	na	na	na	
na	na	na	na	na	
na	-0.475656	na	na	na	
na	na	na	na	na	
na	na	na	na	na	
na	na	na	na	na	
na	na	na	na	na	
na	na	-0.475656	na	na	
na	na	6.79716	na	0.431832	
na	na	-0.475656	na	-0.475656	
na	na	na	na	na	
na	na	na	na	na	
1.99917	na	na	na	na	
na	na	na	na	na	
na	na	0.685702	1.57474	na	
na	na	na	na	na	
na	na	0.431832	3.11332	4.62261	
na	na	15.1028	15.7129	12.6424	
na	na	na	na	na	
na	na	na	na	5.65424	
na	na	-0.475656	na	na	
na	na	na	na	na	
na	na	na	na	na	
0.894097	3.11332	na	na	na	
na	na	na	na	na	
na	na	na	na	na	
na	-0.475656	na	na	na	
na	na	na	na	na	
na	na	na	na	na	
na	na	na	na	na	
na	na	na	na	na	
na	na	na	na	na	
na	na	na	na	na	
na	na	na	na	14.2407	
na	na	na	na	na	
na	-0.475656	8.91611	1.55876	6.79716	
na	na	na	na	na	
na	na	-0.475656	na	na	
-0.475656	na	na	na	na	
na	na	na	na	na	
na	na	na	0.431832	7.21818	
na	-0.475656	na	na	na	
na	na	na	na	na	
na	na	na	na	na	
na	na	-0.475656	5.9374	13.8067	
na	na	na	na	na	
na	na	na	na	na	
0.431832	na	na	na	na	
na	na	na	na	-1.32484	
na	na	-0.475656	4.05492	2.53552	
na	na	na	na	na	
na	na	na	5.49802	4.02812	
na	na	2.76693	5.15372	1.55876	
na	na	na	na	na	
na	na	na	na	na	
na	na	na	na	-0.475656	
na	na	na	1.55876	1.55876	
na	na	na	na	na	
na	na	na	na	na	
na	na	na	na	0.297358	
na	na	-0.475656	na	na	
na	na	1.05373	2.76693	4.89231	
na	na	na	na	na	
na	na	na	na	-0.0951878	
na	na	7.21818	8.74117	1.05373	
na	na	na	na	na	
na	na	na	-0.475656	na	
na	-0.475656	-0.475656	na	na	
na	na	na	5.15372	4.89231	
na	-0.475656	na	na	na	
na	na	na	na	na	
na	na	-0.475656	na	-0.475656	
na	na	na	na	na	
-0.475656	na	na	na	na	
na	na	na	na	na	
na	na	na	na	na	
na	na	na	na	na	
na	na	na	na	na	
na	na	na	-0.475656	na	
na	na	na	na	na	
na	na	na	5.40751	1.55876	
na	na	na	na	-0.475656	
na	na	na	na	na	
na	na	na	-0.475656	na	
na	-0.475656	na	na	na	
na	na	na	na	na	
na	na	0.431832	4.05492	1.05373	
na	na	-0.475656	na	na	
na	na	na	na	na	
na	na	na	na	na	
na	na	na	1.99917	3.75472	
na	-0.475656	na	na	na	
-0.475656	na	4.34381	4.89231	3.44157	
na	na	9.25714	2.13809	1.86547	
na	na	na	na	na	
na	na	5.40751	4.34381	4.89231	
na	na	na	na	na	
na	na	na	na	na	
na	na	na	na	na	
na	na	na	na	na	
na	na	na	-0.475656	na	
na	na	na	na	na	
na	na	-1.32484	na	na	
na	na	11.8671	6.75795	6.75795	
na	na	na	na	-1.32484	
na	na	na	na	na	
na	na	na	na	na	
na	na	na	5.15372	-0.475656	
na	na	na	na	na	
na	na	na	-0.475656	na	
na	na	na	na	na	
na	na	na	na	-0.475656	
na	na	-0.475656	na	na	
na	-0.475656	na	na	-1.32484	
8.8687	3.6141	-0.475656	na	na	
na	na	na	na	-0.475656	
na	na	-0.475656	-0.475656	na	
na	na	7.21818	6.35667	4.34381	
-0.475656	na	na	na	na	
na	na	na	na	-0.475656	
na	-0.475656	9.08807	3.75472	4.62261	
na	na	na	na	na	
na	na	na	na	na	
na	na	na	na	na	
na	-0.475656	na	na	2.76693	
na	na	na	na	na	
na	na	na	na	-1.32484	
na	na	na	na	na	
na	na	9.08807	6.79716	9.77708	
1.05373	na	na	na	na	
na	na	na	na	na	
na	na	7.51323	8.21411	1.38437	
na	na	-0.475656	na	1.05373	
na	na	na	na	-0.475656	
na	na	na	-0.475656	6.12842	
na	na	na	-0.475656	na	
na	na	na	3.44157	2.3979	
na	na	-0.475656	na	na	
na	na	na	na	na	
na	na	na	na	na	
na	na	na	-0.475656	na	
na	na	na	na	na	
na	-1.32484	-0.475656	na	na	
na	na	na	na	na	
na	na	na	-0.475656	1.99917	
na	na	na	na	na	
4.34381	na	na	1.30138	4.62261	
2.76693	2.3979	na	na	na	
na	na	na	na	1.48375	
na	na	na	na	na	
na	na	na	na	na	
na	na	na	na	na	
na	na	na	na	na	
na	na	na	8.19719	4.89231	
na	na	na	na	na	
na	na	na	na	na	
na	na	na	na	na	
na	na	na	na	na	
na	na	na	na	na	
na	na	-0.475656	na	na	
na	na	na	na	na	
na	na	na	na	na	
na	na	na	na	na	
na	na	na	na	na	
na	na	na	na	na	
na	na	na	na	na	
na	na	na	-0.475656	na	
na	na	na	na	na	
na	na	na	3.44157	-0.475656	
na	na	na	-0.475656	na	
na	na	na	4.89231	-0.475656	
na	na	na	na	na	
na	na	-0.475656	na	na	
na	na	-0.475656	-0.475656	na	
na	na	na	na	na	
na	na	na	na	na	
na	-0.475656	na	na	na	
na	na	-1.32484	na	na	
na	-0.475656	na	na	na	
na	-0.475656	na	na	na	
na	na	na	na	na	
na	na	na	na	na	
na	na	na	na	na	
-0.475656	na	na	na	na	
na	na	7.6216	3.75472	1.99917	
-0.475656	na	na	na	na	
na	na	na	na	na	
na	na	-0.475656	-0.475656	na	
na	-0.475656	na	na	na	
na	na	na	na	na	
na	na	3.11332	4.63823	1.55876	
na	na	na	na	na	
na	na	na	na	na	
na	na	1.05373	3.78397	1.47739	
na	na	na	na	na	
na	na	na	-0.475656	na	
na	na	na	na	na	
na	na	na	na	na	
-1.32484	-0.475656	-0.475656	na	na	
na	na	-0.475656	na	na	
na	na	na	2.53552	5.40751	
na	na	na	na	na	
na	na	na	na	na	
na	na	na	na	na	
na	na	na	na	0.73482	
na	na	na	0.297358	na	
na	na	na	-0.475656	na	
na	na	na	na	na	
na	na	na	na	-0.475656	
na	na	na	na	na	
na	-0.475656	-0.475656	-0.475656	na	
na	-0.475656	-0.475656	na	na	
na	na	-0.475656	na	na	
na	na	na	na	na	
na	na	-0.475656	na	na	
na	na	na	na	na	
na	na	-0.475656	na	na	
na	na	na	na	na	
1.05373	na	na	2.86342	2.86342	
na	na	na	na	na	
na	na	na	na	na	
na	na	na	na	na	
na	na	na	na	na	
na	-0.475656	na	na	na	
na	na	na	na	na	
na	na	na	na	na	
na	na	na	na	na	
na	na	na	na	na	
na	na	na	na	na	
na	na	na	6.79716	1.99917	
na	na	na	na	na	
na	na	na	na	na	
na	na	na	na	na	
na	na	3.75472	-0.475656	7.21818	
na	na	na	na	na	
na	na	na	0.431832	na	
na	na	na	na	na	
na	-0.475656	na	na	na	
2.3979	na	7.00998	na	na	
na	na	na	na	na	
na	-0.475656	na	na	na	
na	na	6.57948	2.3979	1.99917	
na	na	na	na	na	
na	na	na	na	na	
na	na	na	-0.475656	na	
na	na	na	na	-0.475656	
-0.475656	-0.475656	na	1.05373	3.75472	
na	na	na	na	na	
na	na	na	na	na	
na	na	na	na	-0.475656	
na	na	na	na	na	
na	na	na	na	na	
na	na	na	na	na	
na	na	na	na	-0.475656	
na	na	na	na	na	
na	na	4.34381	2.3979	3.75472	
na	na	na	na	na	
na	na	na	na	na	
na	na	na	na	na	
na	na	na	na	na	
na	na	na	na	na	
na	na	-0.475656	4.34381	1.99917	
na	na	na	na	na	
na	na	-0.475656	na	na	
na	-0.475656	na	na	na	
na	na	na	na	na	
na	na	-0.475656	na	na	
na	na	na	na	na	
na	na	na	na	na	
na	na	na	na	na	
na	na	na	-0.475656	na	
na	-0.475656	na	na	na	
na	na	na	na	na	
na	-0.475656	-0.475656	na	na	
na	na	-0.475656	na	na	
na	-0.475656	na	-0.475656	na	
na	-0.475656	3.11332	7.81723	6.79716	
-0.475656	na	na	na	na	
na	-0.475656	na	na	na	
na	-0.475656	3.44157	na	-0.475656	
na	na	na	na	na	
3.11332	-0.475656	-0.475656	-0.475656	na	
na	-0.475656	na	-0.475656	na	
na	-0.475656	na	na	na	
na	na	-0.475656	na	na	
na	na	na	na	na	
na	na	na	na	na	
na	na	na	na	na	
na	na	na	na	na	
na	na	na	na	na	
na	na	na	-0.475656	na	
na	-0.475656	na	na	-0.475656	
na	na	-0.475656	na	na	
na	na	na	na	na	
na	na	na	1.05373	4.05492	
na	na	na	na	na	
na	na	na	na	na	
na	na	na	na	na	
na	na	na	10.3406	11.3828	
na	na	na	na	na	
na	na	na	na	na	
na	na	na	na	na	
na	na	na	na	na	
na	na	na	na	na	
na	na	na	na	na	
na	na	na	na	na	
na	na	na	na	na	
na	na	na	na	1.05373	
na	na	0.297358	na	na	
na	na	-0.475656	na	na	
na	-0.475656	-0.475656	na	na	
na	na	-0.475656	4.05492	4.62261	
na	na	4.11632	7.6216	0.431832	
na	na	-0.475656	na	na	
na	-0.475656	na	-0.475656	na	
na	na	na	na	-0.475656	
na	-0.475656	na	na	-0.475656	
na	na	na	na	na	
na	na	na	na	na	
na	-0.475656	-0.475656	na	na	
5.03588	na	7.82277	1.10202	na	
na	na	na	na	-0.475656	
na	-0.475656	na	na	-0.475656	
na	na	na	na	na	
na	na	na	na	na	
na	na	1.55876	3.22243	6.9512	
na	-0.475656	na	na	na	
na	-0.475656	na	na	na	
na	na	na	-0.475656	na	
na	na	na	na	na	
na	na	na	-0.475656	na	
na	na	na	na	na	
na	na	-0.475656	na	na	
na	na	na	na	na	
na	na	-1.32484	na	na	
na	na	na	na	3.16765	
na	na	na	na	na	
na	-0.475656	na	na	na	
na	na	na	na	-0.475656	
na	na	na	na	na	
na	na	0.297358	na	na	
na	na	0.431832	na	0.431832	
na	na	1.55876	5.65424	4.05492	
na	na	na	0.297358	na	
na	na	na	na	na	
na	na	na	na	-0.475656	
na	na	2.1847	2.77216	1.80928	
na	na	na	na	na	
na	na	na	0.297358	-0.475656	
na	na	5.13144	7.81723	5.65424	
na	na	na	na	na	
-0.475656	na	na	na	na	
na	na	-0.475656	na	na	
na	na	-0.475656	na	-0.475656	
na	na	na	na	na	
na	na	na	-0.475656	na	
na	na	na	na	na	
na	-0.475656	8.91611	5.40751	5.8944	
na	na	-0.475656	na	-0.475656	
na	na	na	na	na	
na	na	na	na	na	
-0.475656	na	3.44157	4.05492	3.44157	
na	-0.475656	na	na	na	
na	-0.475656	-0.475656	na	na	
na	na	na	na	na	
na	-0.475656	na	-0.475656	na	
na	na	na	na	na	
na	na	na	na	-0.475656	
na	na	na	na	na	
na	na	-0.724551	8.54677	7.14299	
na	na	na	na	-0.475656	
na	na	na	na	na	
-0.475656	na	na	na	na	
na	na	na	na	na	
na	na	na	na	na	
na	na	na	na	na	
na	na	-0.475656	na	na	
na	na	-0.475656	na	na	
na	na	na	1.05373	3.11332	
-0.475656	na	na	na	na	
3.75472	1.05373	na	-0.475656	na	
na	na	-0.475656	na	na	
na	na	7.01102	2.3979	-1.32484	
na	na	-0.475656	na	na	
na	na	na	na	-0.475656	
na	na	2.3979	2.76693	6.35667	
na	na	na	na	na	
na	na	na	7.42198	4.62261	
na	na	na	na	na	
na	-0.475656	na	na	na	
na	na	-0.475656	na	-0.475656	
na	-0.475656	na	na	na	
na	na	na	na	na	
na	na	-0.475656	na	na	
na	na	na	na	na	
na	-0.475656	na	na	na	
na	na	na	na	na	
na	na	na	na	na	
na	-0.475656	11.506	7.81723	0.431832	
na	na	na	na	na	
na	na	na	na	na	
na	na	na	na	na	
na	na	na	na	na	
na	na	na	2.76693	-0.475656	
na	na	na	na	na	
na	na	na	na	na	
0.431832	0.324869	na	na	na	
na	na	na	na	5.8944	
na	na	na	na	na	
na	-0.475656	na	na	na	
na	na	na	na	na	
na	na	na	na	na	
na	na	na	na	na	
-0.475656	na	na	na	na	
1.55876	na	2.3979	1.45186	4.99955	
na	na	na	na	na	
na	na	na	na	na	
na	na	na	na	na	
-0.475656	na	na	na	na	
na	na	na	na	na	
na	na	-0.475656	na	na	
na	na	3.75472	5.8944	4.34381	
1.05373	-0.475656	-0.475656	-0.475656	na	
na	na	na	na	na	
na	na	na	na	na	
na	na	na	na	na	
na	-0.475656	na	na	na	
na	na	na	na	na	
na	na	na	na	na	
na	na	na	3.35366	5.1605	
na	na	na	na	na	
na	na	na	na	na	
1.55876	1.30138	4.34381	3.75472	1.55876	
na	na	na	na	na	
na	na	na	na	na	
na	na	-0.475656	-0.475656	-0.475656	
na	na	na	1.55876	1.00739	
na	na	na	na	na	
na	na	na	4.34381	2.76693	
na	na	-0.475656	na	na	
na	-1.32484	na	na	na	
na	na	na	na	na	
na	na	na	na	na	
na	-0.475656	na	na	na	
na	na	na	na	-0.475656	
na	na	na	na	na	
na	na	-0.475656	na	na	
na	na	na	na	5.40751	
na	na	na	na	na	
na	na	na	-0.475656	na	
0.73482	na	na	-0.475656	3.75472	
na	na	na	na	na	
na	na	na	na	na	
na	na	na	na	na	
na	na	na	na	na	
na	na	5.38971	6.72599	3.68163	
na	na	na	na	-0.475656	
na	na	na	na	na	
na	na	na	na	na	
na	na	na	7.42198	3.44157	
na	na	na	na	na	
na	na	na	na	na	
na	na	na	na	na	
na	na	na	na	na	
na	na	na	na	na	
na	na	na	1.00323	8.74117	
na	na	na	0.431832	1.55876	
na	na	na	na	na	
na	na	na	1.99917	2.11989	
na	na	na	-0.475656	-0.475656	
na	na	3.36661	6.35667	7.21818	
na	na	-0.475656	na	na	
na	-0.475656	-0.475656	na	6.81671	
na	na	na	na	-0.475656	
na	na	na	na	na	
na	na	-0.475656	-0.475656	na	
na	na	0.297358	na	-0.475656	
na	na	na	na	na	
na	na	na	-1.32484	8.72511	
na	na	na	na	na	
na	na	-0.475656	na	na	
na	na	na	5.15372	1.99917	
na	na	na	na	na	
na	na	na	na	na	
na	na	na	na	na	
na	na	na	na	na	
0.73482	na	-0.475656	na	na	
na	0.73482	na	na	na	
na	na	na	na	na	
na	na	na	na	na	
na	na	na	na	0.297358	
na	na	-0.475656	0.73482	na	
na	na	na	0.297358	na	
-0.475656	na	na	-0.475656	na	
na	na	na	na	na	
na	na	na	na	na	
na	na	na	na	na	
na	-0.475656	na	na	na	
na	na	na	na	na	
na	na	na	-0.475656	na	
na	na	na	na	na	
na	na	na	na	na	
na	na	na	na	-0.475656	
na	na	na	na	na	
na	na	na	0.431832	2.76693	
na	na	-0.475656	na	na	
na	na	-0.475656	-0.475656	na	
na	na	na	na	na	
na	na	5.65424	5.8944	8.91611	
na	na	na	na	na	
na	na	na	na	na	
na	na	0.297358	na	na	
na	-0.475656	na	na	na	
na	-0.475656	na	na	na	
na	na	0.297358	na	na	
na	na	na	4.34381	4.62261	
na	na	na	na	na	
-0.475656	na	na	na	na	
-1.32484	na	na	na	-0.475656	
na	na	na	na	na	
na	na	-0.475656	na	na	
na	na	na	10.6111	11.0298	
na	na	na	na	na	
na	na	na	na	na	
na	na	na	na	na	
na	na	-0.475656	na	na	
na	na	12.6424	6.81671	4.05088	
na	na	na	na	na	
na	na	na	-0.475656	na	
na	na	1.38437	18.2543	5.03588	
na	na	na	-0.475656	na	
-0.475656	na	na	na	na	
na	na	4.62261	1.55876	5.15372	
0.431832	1.05373	na	na	na	
na	na	na	na	na	
na	na	na	na	na	
na	na	na	na	na	
na	na	na	na	na	
na	na	na	-0.475656	na	
-0.475656	0.431832	-0.475656	na	na	
na	na	na	3.75472	3.75472	
na	na	-0.475656	na	na	
na	na	na	na	-0.475656	
na	na	na	na	na	
na	na	na	na	na	
na	na	na	na	na	
na	na	1.8321	6.37611	2.9152	
-0.475656	-0.475656	na	na	na	
na	na	-0.475656	na	na	
na	na	na	na	na	
na	na	na	na	na	
na	na	na	na	na	
na	na	na	na	na	
na	na	7.81723	0.431832	0.324869	
na	na	11.1319	4.02812	5.49802	
na	na	na	na	na	
na	na	na	na	na	
na	na	na	na	na	
