FDn[0]	FDn[1]	FDn[2]	FDn[3]	FDn[4]	
na	na	-1.32974	-2.31814	-2.38877	
na	-1.32974	na	na	na	
na	na	na	na	na	
na	na	na	na	na	
na	na	-1.32974	na	na	
na	na	na	na	na	
na	na	na	na	na	
na	na	-1.32974	na	na	
na	na	na	na	na	
na	na	na	-1.32974	na	
na	na	na	na	na	
na	na	na	na	na	
na	na	-1.32974	na	na	
na	na	na	na	-1.72038	
na	na	-1.32974	na	na	
na	na	na	-0.373719	-1.72038	
na	na	na	na	na	
na	na	na	na	-2.74239	
na	na	na	na	na	
na	na	na	na	na	
na	-1.32974	na	na	na	
na	na	na	-2.71667	-1.32974	
na	na	na	na	-1.32974	
na	na	-2.77354	-2.57275	-1.10891	
na	na	na	na	na	
na	na	na	-1.32974	na	
-1.32974	na	na	na	na	
na	na	-1.32974	-2.77354	-2.66733	
na	na	-1.32974	-2.56838	-2.66733	
na	na	na	na	na	
na	na	na	na	na	
na	na	na	na	na	
na	-1.32974	na	na	na	
na	na	-1.32974	na	na	
na	-1.32974	na	na	na	
na	na	na	na	na	
na	na	na	na	na	
na	na	-1.32974	na	na	
na	na	-1.32974	-1.32974	-1.32974	
na	na	-1.32974	na	na	
na	na	na	na	na	
na	na	-2.66733	-1.72038	-2.66733	
na	na	-2.44619	-2.05526	-1.48879	
na	na	na	na	-1.32974	
na	na	na	na	na	
-1.95374	-2.11272	na	-1.32974	na	
na	na	na	-2.70188	-2.74239	
na	na	-1.95374	na	na	
na	na	-1.32974	na	na	
na	na	na	na	na	
na	na	na	na	-1.32974	
na	na	na	na	na	
na	na	na	na	na	
na	na	na	na	na	
na	na	na	-1.72038	na	
na	na	na	-1.32974	na	
na	na	na	na	na	
na	na	na	na	na	
na	na	-1.32974	na	na	
na	na	na	-1.95374	-2.49383	
na	na	na	na	na	
na	na	na	na	-1.95374	
na	na	-1.32974	na	na	
na	na	1.41036	0.976563	1.48403	
na	na	na	na	na	
na	na	-2.22902	-2.62409	-2.73012	
na	na	-1.32974	-1.72038	na	
-1.72038	-1.32974	na	na	na	
na	na	na	na	na	
na	na	na	na	na	
na	na	-1.95374	-2.53402	-2.22902	
na	0.752024	na	na	-2.31814	
na	na	na	na	na	
na	na	na	na	na	
na	na	-1.32974	na	na	
na	na	na	-1.32974	-2.11272	
na	na	na	na	na	
na	na	na	na	na	
na	na	na	na	-1.32974	
na	na	-1.32974	na	na	
na	na	na	-2.44619	-2.11272	
na	-2.11272	-2.62409	-2.77354	-2.70188	
na	na	na	na	na	
na	na	-1.32974	na	na	
na	na	-1.32974	-2.53402	-2.78238	
na	na	na	na	na	
na	na	na	na	na	
na	na	na	na	na	
na	na	na	na	na	
na	na	-1.32974	-2.79059	-2.59811	
na	na	na	na	na	
-1.95374	na	na	na	na	
na	na	na	na	na	
na	na	na	na	na	
na	na	-1.32974	na	na	
na	na	na	na	na	
na	na	na	-1.32974	na	
na	na	na	na	na	
na	na	na	-2.75364	-2.62409	
na	na	na	na	-1.32974	
na	na	na	na	na	
na	-1.32974	-2.76399	-2.56838	na	
na	na	na	-1.32974	na	
na	na	-1.32974	na	-2.49383	
na	na	na	na	na	
na	na	-1.72038	na	-2.44619	
-1.72038	-1.32974	na	na	na	
na	na	-2.81204	-2.56838	-2.82417	
na	na	na	na	na	
-2.31814	na	-1.32974	na	-0.934186	
na	na	na	na	na	
na	na	-1.32974	1.20098	1.35094	
na	na	na	na	na	
na	-1.32974	-1.32974	na	na	
na	na	-1.32974	na	na	
na	-1.32974	-2.8183	-1.95374	-2.11272	
na	na	na	na	-1.32974	
na	na	na	na	na	
na	na	na	na	na	
na	na	na	na	na	
na	na	-1.32974	na	na	
na	na	na	na	na	
na	na	na	na	na	
na	-1.72038	na	na	na	
na	na	na	na	na	
na	na	na	na	na	
na	na	na	na	na	
na	na	na	na	-1.32974	
na	na	na	na	na	
-1.32974	na	na	na	-0.373719	
na	na	na	na	na	
na	na	na	na	na	
na	na	na	na	na	
na	-2.11272	-2.56838	-2.81204	-2.38877	
na	na	na	-1.32974	na	
na	na	na	na	na	
na	na	na	na	-1.72038	
na	na	-1.32974	na	-1.32974	
na	na	na	na	na	
na	na	na	na	na	
na	na	na	na	na	
na	na	-1.95374	-2.66733	-2.49383	
na	na	na	na	na	
na	na	na	na	-1.32974	
na	na	na	na	na	
na	na	-2.56838	-2.11272	-2.38877	
na	na	-2.83984	na	-1.32974	
na	na	na	-1.72038	-1.72038	
na	na	na	na	na	
na	-1.32974	-1.32974	na	na	
na	na	-1.32974	na	na	
na	na	na	na	na	
na	na	na	na	na	
na	na	na	na	-1.72038	
na	na	-1.32974	-1.32974	na	
na	na	na	na	na	
na	na	na	na	na	
na	na	na	na	0.752024	
na	na	na	na	-1.32974	
na	na	na	na	na	
na	na	na	na	na	
na	na	na	na	na	
na	na	na	na	na	
na	na	-1.32974	-1.32974	-1.32974	
na	na	na	na	-1.32974	
-1.72038	na	na	na	na	
na	na	na	na	na	
na	na	na	na	na	
na	na	na	na	na	
na	-1.32974	na	na	0.752024	
-2.53402	-2.56838	na	na	na	
na	na	na	na	na	
na	na	na	na	na	
na	-1.32974	na	na	na	
na	na	na	na	na	
na	na	na	na	na	
na	-1.32974	na	na	-1.32974	
na	na	na	na	na	
na	-1.32974	na	na	na	
na	na	-1.32974	na	na	
na	na	-2.31814	-2.22902	-2.44619	
na	na	na	na	na	
na	na	-2.11272	-2.22902	-2.38877	
na	-1.32974	na	1.48403	0.972946	
na	na	na	na	na	
na	-1.32974	na	-1.95374	-1.72038	
na	na	na	na	na	
-1.32974	na	na	1.51877	1.2606	
na	na	na	na	na	
na	na	-1.32974	na	na	
na	na	na	1.45252	1.51877	
na	na	na	-1.32974	-1.32974	
-1.32974	na	na	na	na	
na	na	na	-2.38877	-2.49383	
na	na	na	na	na	
na	na	na	na	na	
na	na	na	na	na	
na	na	na	na	na	
na	na	na	na	na	
na	na	na	na	na	
na	na	na	na	na	
na	na	na	na	na	
-2.44619	na	na	na	na	
na	na	na	na	na	
na	na	0.0853656	na	-1.95374	
na	na	na	na	na	
na	na	na	na	na	
na	na	-1.32974	-1.32974	-2.44619	
na	-1.32974	na	na	na	
-1.32974	-2.53402	-1.32974	na	na	
na	na	na	na	na	
na	na	na	-1.32974	na	
na	na	na	na	na	
na	na	na	-1.32974	na	
na	na	-1.32974	-1.32974	na	
na	na	na	na	na	
na	na	na	na	na	
na	na	na	na	na	
-1.32974	na	na	-1.32974	na	
na	na	na	0.752024	na	
na	na	na	na	na	
1.10492	na	na	na	na	
na	na	na	na	na	
na	na	na	na	na	
na	na	na	na	na	
na	na	na	na	na	
na	-1.32974	-1.72038	na	na	
na	-1.32974	na	na	-1.32974	
na	na	na	-1.32974	na	
na	na	na	na	na	
na	na	na	na	na	
na	na	-2.31814	-2.74239	-2.53402	
na	na	na	na	na	
-2.49383	-1.32974	na	na	na	
na	na	na	na	na	
na	na	na	na	na	
na	na	na	-1.32974	na	
na	na	na	-1.32974	na	
na	-1.32974	na	na	na	
na	-1.32974	-1.32974	-1.32974	na	
na	na	na	na	na	
na	na	na	na	na	
na	na	-1.32974	-1.32974	na	
na	na	na	na	na	
na	na	na	na	na	
na	na	na	1.2606	0.972946	
na	na	-1.32974	-1.32974	na	
na	na	-1.32974	na	na	
na	na	na	na	na	
na	na	-1.32974	na	na	
na	-1.32974	na	na	-2.11272	
na	-1.32974	-2.81204	-1.48879	-2.53402	
na	na	na	na	na	
na	na	na	na	na	
-1.72038	-1.95374	na	na	na	
na	na	na	na	na	
na	-1.32974	na	-1.32974	na	
na	na	na	-1.32974	na	
na	na	na	na	na	
na	na	na	na	na	
na	na	-1.32974	0.752024	1.50848	
-1.32974	na	na	na	na	
-1.72038	na	na	na	-1.32974	
na	na	na	-2.53402	-2.68552	
na	na	na	na	na	
na	na	-1.72038	na	na	
na	na	na	na	na	
-1.72038	na	na	na	na	
na	na	na	na	na	
na	na	na	-1.32974	na	
1.35094	1.41036	na	na	na	
na	na	1.45252	1.19483	1.13038	
na	na	na	na	na	
na	na	na	na	-1.32974	
na	na	na	na	na	
na	na	na	-2.53402	-1.32974	
na	na	na	-1.32974	na	
-1.32974	-2.49383	-2.8445	-2.11272	-1.32974	
na	na	na	na	na	
na	na	na	0.752024	1.51877	
na	na	na	na	na	
na	na	na	na	na	
na	na	na	na	na	
na	-1.32974	na	na	na	
na	-1.32974	na	na	na	
na	-1.32974	na	na	na	
na	na	na	na	na	
na	na	na	na	na	
na	-1.32974	-2.79823	-2.11272	-1.32974	
na	na	na	na	na	
na	na	na	na	na	
na	na	na	na	na	
na	na	-1.72038	-0.621465	-1.99207	
-1.72038	na	-1.32974	-1.32974	na	
na	na	-1.32974	na	na	
na	na	na	na	na	
na	na	-1.32974	na	-1.32974	
na	na	na	na	na	
-1.32974	na	na	na	na	
na	na	na	na	na	
na	na	na	na	-1.32974	
na	na	na	na	-1.32974	
na	na	na	-2.59811	-2.62409	
-1.32974	na	na	na	na	
na	-1.32974	na	na	-2.38877	
na	na	na	na	na	
na	na	na	na	na	
na	na	na	na	na	
na	na	na	na	na	
na	na	na	na	na	
na	na	na	na	na	
na	-1.32974	na	na	na	
na	-1.32974	na	na	na	
na	na	na	na	na	
na	na	na	na	-1.32974	
na	na	na	na	-1.32974	
na	na	na	-1.32974	na	
na	na	na	na	na	
na	na	na	na	-1.32974	
na	na	na	na	na	
na	na	na	na	na	
-2.11272	-2.31814	-2.59811	-1.95374	-2.74239	
na	-1.32974	na	-2.79823	-2.31814	
-2.31814	-1.32974	na	na	na	
na	na	na	na	-1.32974	
na	na	-1.32974	na	na	
-1.72038	na	na	na	na	
na	na	na	0.752024	na	
na	na	na	na	na	
na	na	na	na	na	
na	na	na	na	na	
na	na	na	na	na	
na	na	na	na	-1.32974	
na	na	na	na	na	
na	na	-2.31814	-2.71667	-2.64699	
na	na	na	-1.32974	na	
na	na	na	na	na	
na	na	na	-2.74239	-2.8531	
na	na	na	na	na	
na	na	-1.32974	na	na	
na	na	na	na	na	
-1.32974	-1.32974	na	-1.32974	na	
na	-1.32974	na	na	na	
na	na	na	na	na	
na	na	na	na	na	
na	na	-1.32974	na	na	
na	na	na	na	na	
na	na	na	na	na	
na	-2.31814	-1.72038	na	na	
na	na	na	na	-2.22902	
na	-1.32974	1.56855	1.19483	1.56315	
na	na	na	na	-2.77354	
na	na	na	na	na	
na	na	na	na	na	
na	na	na	-1.32974	na	
na	na	-1.32974	na	na	
na	na	na	na	1.46934	
na	na	0.752024	na	na	
na	na	-2.79059	-2.80537	-2.62409	
na	na	-1.32974	na	na	
na	na	na	na	na	
na	na	na	na	na	
na	na	na	na	na	
na	na	na	na	na	
-1.32974	na	na	na	na	
na	na	-1.32974	na	na	
na	na	-2.68552	-2.44619	-2.31814	
na	na	-0.610859	-1.99205	-1.45779	
na	na	-1.32974	-2.66733	-2.64699	
na	na	na	-2.44619	-2.11272	
-2.59811	-2.38877	-2.77354	-2.49383	-2.56838	
na	na	na	na	na	
na	na	na	na	na	
na	na	na	na	na	
na	na	na	na	na	
na	na	na	-1.32974	na	
na	na	na	na	-1.32974	
na	na	na	na	-1.32974	
-1.32974	-1.32974	na	na	na	
na	na	na	-1.32974	na	
na	na	na	na	na	
na	na	na	na	na	
na	na	na	na	na	
na	na	-1.32974	na	na	
na	na	na	-2.38877	-2.42275	
na	na	na	na	na	
na	na	na	na	-1.32974	
na	na	-1.32974	na	na	
na	na	-2.66733	-2.73012	-2.79823	
na	na	na	na	0.752024	
na	na	na	na	na	
na	na	na	na	na	
na	na	na	-1.32974	na	
na	na	na	na	na	
na	na	na	na	na	
na	na	na	na	na	
na	na	na	-1.32974	-2.31814	
-1.32974	na	na	na	na	
na	na	na	-1.32974	na	
na	na	na	na	na	
-1.32974	na	na	na	na	
na	na	-1.32974	na	na	
na	-1.32974	-1.32974	-1.32974	-1.32974	
na	na	na	na	na	
na	na	na	na	na	
na	na	na	na	na	
na	na	na	na	na	
na	-1.95374	na	na	na	
na	na	na	na	na	
-1.32974	na	na	na	na	
na	na	na	na	na	
na	na	na	na	na	
na	na	na	na	na	
na	na	na	na	na	
na	na	na	na	na	
na	na	na	na	na	
na	na	-1.32974	-1.32974	na	
na	na	na	na	na	
-2.31814	na	na	-1.32974	-2.74239	
-2.56838	-1.72038	na	na	na	
na	na	na	na	na	
na	na	na	-1.32974	na	
na	na	na	na	na	
na	na	na	na	na	
-2.49383	-1.32974	na	na	-1.32974	
na	na	na	na	-2.11272	
na	na	-2.38877	-2.80537	-2.49383	
na	na	-2.22902	-2.76399	-2.66733	
na	na	-1.72038	na	na	
na	na	na	na	na	
na	-1.32974	na	na	na	
na	na	na	na	na	
na	na	-2.56838	-2.11272	-1.72038	
na	na	na	na	na	
na	na	na	na	na	
na	na	na	na	-1.32974	
na	na	na	-1.32974	na	
na	na	na	na	na	
na	na	na	1.50848	1.2606	
na	na	na	na	na	
na	na	na	-2.79823	-2.59811	
na	na	na	na	na	
na	na	na	na	na	
na	na	na	na	na	
na	-1.32974	na	na	na	
na	na	na	na	na	
na	na	na	na	na	
na	na	na	na	na	
na	na	na	na	na	
na	na	-1.32974	na	na	
na	na	-2.76399	na	-1.72038	
na	na	-1.32974	na	-1.32974	
na	na	na	na	na	
na	na	na	na	na	
-2.22902	na	na	na	na	
na	na	na	na	na	
na	na	-2.31814	-2.49383	na	
na	na	na	na	na	
na	na	-1.72038	-2.44619	-2.62409	
na	na	1.57819	1.58655	1.53639	
na	na	na	na	na	
na	na	na	na	-2.70188	
na	na	-1.32974	na	na	
na	na	na	na	na	
na	na	na	na	na	
-0.833171	-2.44619	na	na	na	
na	na	na	na	na	
na	na	na	na	na	
na	-1.32974	na	na	na	
na	na	na	na	na	
na	na	na	na	na	
na	na	na	na	na	
na	na	na	na	na	
na	na	na	na	na	
na	na	na	na	na	
na	na	na	na	1.56855	
na	na	na	na	na	
na	-1.32974	-2.83984	-2.11272	-2.76399	
na	na	na	na	na	
na	na	-1.32974	na	na	
-1.32974	na	na	na	na	
na	na	na	na	na	
na	na	na	-1.72038	-2.78238	
na	-1.32974	na	na	na	
na	na	na	na	na	
na	na	na	na	na	
na	na	-1.32974	1.43309	1.61793	
na	na	na	na	na	
na	na	na	na	na	
-1.72038	na	na	na	na	
na	na	na	na	-1.72038	
na	na	-1.32974	-2.56838	-2.62409	
na	na	na	na	na	
na	na	na	1.41036	1.311	
na	na	-2.38877	-2.66733	-2.11272	
na	na	na	na	na	
na	na	na	na	na	
na	na	na	na	-1.32974	
na	na	na	-2.11272	-2.11272	
na	na	na	na	na	
na	na	na	na	na	
na	na	na	na	0.752024	
na	na	-1.32974	na	na	
na	na	-1.95374	-2.38877	-2.64699	
na	na	na	na	na	
na	na	na	na	-2.11272	
na	na	-2.78238	-2.83492	-1.95374	
na	na	na	na	na	
na	na	na	-1.32974	na	
na	-1.32974	-1.32974	na	na	
na	na	na	-2.66733	-2.64699	
na	-1.32974	na	na	na	
na	na	na	na	na	
na	na	-1.32974	na	-1.32974	
na	na	na	na	na	
-1.32974	na	na	na	na	
na	na	na	na	na	
na	na	na	na	na	
na	na	na	na	na	
na	na	na	na	na	
na	na	na	-1.32974	na	
na	na	na	na	na	
na	na	na	-2.68552	-2.11272	
na	na	na	na	-1.32974	
na	na	na	na	na	
na	na	na	-1.32974	na	
na	-1.32974	na	na	na	
na	na	na	na	na	
na	na	-1.72038	-2.56838	-1.95374	
na	na	-1.32974	na	na	
na	na	na	na	na	
na	na	na	na	na	
na	na	na	-2.22902	-2.53402	
na	-1.32974	na	na	na	
-1.32974	na	-2.59811	-2.64699	-2.49383	
na	na	-2.84891	-1.04405	-2.11056	
na	na	na	na	na	
na	na	-2.68552	-2.59811	-2.64699	
na	na	na	na	na	
na	na	na	na	na	
na	na	na	na	na	
na	na	na	na	na	
na	na	na	-1.32974	na	
na	na	na	na	na	
na	na	-1.72038	na	na	
na	na	1.59386	1.46934	1.46934	
na	na	na	na	-1.72038	
na	na	na	na	na	
na	na	na	na	na	
na	na	na	-2.66733	-1.32974	
na	na	na	na	na	
na	na	na	-1.32974	na	
na	na	na	na	na	
na	na	na	na	-1.32974	
na	na	-1.32974	na	na	
na	-1.32974	na	na	-1.72038	
1.43309	1.10492	-1.32974	na	na	
na	na	na	na	-1.32974	
na	na	-1.32974	-1.32974	na	
na	na	-2.78238	-2.74239	-2.59811	
-1.32974	na	na	na	na	
na	na	na	na	-1.32974	
na	-1.32974	-2.8445	-2.53402	-2.62409	
na	na	na	na	na	
na	na	na	na	na	
na	na	na	na	na	
na	-1.32974	na	na	-2.38877	
na	na	na	na	na	
na	na	na	na	-1.72038	
na	na	na	na	na	
na	na	-2.8445	-2.76399	1.5573	
-1.95374	na	na	na	na	
na	na	na	na	na	
na	na	1.49698	1.51877	0.972946	
na	na	-1.32974	na	-1.95374	
na	na	na	na	-1.32974	
na	na	na	-1.32974	-2.73012	
na	na	na	-1.32974	na	
na	na	na	-2.49383	-2.31814	
na	na	-1.32974	na	na	
na	na	na	na	na	
na	na	na	na	na	
na	na	na	-1.32974	na	
na	na	na	na	na	
na	-1.72038	-1.32974	na	na	
na	na	na	na	na	
na	na	na	-1.32974	-2.22902	
na	na	na	na	na	
-2.59811	na	na	-2.44619	-2.62409	
-2.38877	-2.31814	na	na	na	
na	na	na	na	-2.66733	
na	na	na	na	na	
na	na	na	na	na	
na	na	na	na	na	
na	na	na	na	na	
na	na	na	-2.8183	-2.64699	
na	na	na	na	na	
na	na	na	na	na	
na	na	na	na	na	
na	na	na	na	na	
na	na	na	na	na	
na	na	-1.32974	na	na	
na	na	na	na	na	
na	na	na	na	na	
na	na	na	na	na	
na	na	na	na	na	
na	na	na	na	na	
na	na	na	na	na	
na	na	na	-1.32974	na	
na	na	na	na	na	
na	na	na	-2.49383	-1.32974	
na	na	na	-1.32974	na	
na	na	na	-2.64699	-1.32974	
na	na	na	na	na	
na	na	-1.32974	na	na	
na	na	-1.32974	-1.32974	na	
na	na	na	na	na	
na	na	na	na	na	
na	-1.32974	na	na	na	
na	na	-1.72038	na	na	
na	-1.32974	na	na	na	
na	-1.32974	na	na	na	
na	na	na	na	na	
na	na	na	na	na	
na	na	na	na	na	
-1.32974	na	na	na	na	
na	na	-2.79823	-2.53402	-2.22902	
-1.32974	na	na	na	na	
na	na	na	na	na	
na	na	-1.32974	-1.32974	na	
na	-1.32974	na	na	na	
na	na	na	na	na	
na	na	-2.44619	-2.78238	-2.11272	
na	na	na	na	na	
na	na	na	na	na	
na	na	-1.95374	1.08699	-1.32028	
na	na	na	na	na	
na	na	na	-1.32974	na	
na	na	na	na	na	
na	na	na	na	na	
-1.72038	-1.32974	-1.32974	na	na	
na	na	-1.32974	na	na	
na	na	na	-2.62409	-2.68552	
na	na	na	na	na	
na	na	na	na	na	
na	na	na	na	na	
na	na	na	na	0.752024	
na	na	na	0.752024	na	
na	na	na	-1.32974	na	
na	na	na	na	na	
na	na	na	na	-1.32974	
na	na	na	na	na	
na	-1.32974	-1.32974	-1.32974	na	
na	-1.32974	-1.32974	na	na	
na	na	-1.32974	na	na	
na	na	na	na	na	
na	na	-1.32974	na	na	
na	na	na	na	na	
na	na	-1.32974	na	na	
na	na	na	na	na	
-1.95374	na	na	1.19483	1.19483	
na	na	na	na	na	
na	na	na	na	na	
na	na	na	na	na	
na	na	na	na	na	
na	-1.32974	na	na	na	
na	na	na	na	na	
na	na	na	na	na	
na	na	na	na	na	
na	na	na	na	na	
na	na	na	na	na	
na	na	na	-2.76399	-2.22902	
na	na	na	na	na	
na	na	na	na	na	
na	na	na	na	na	
na	na	-2.53402	-1.32974	-2.78238	
na	na	na	na	na	
na	na	na	-1.72038	na	
na	na	na	na	na	
na	-1.32974	na	na	na	
-2.31814	na	-2.77354	na	na	
na	na	na	na	na	
na	-1.32974	na	na	na	
na	na	-2.75364	-2.31814	-2.22902	
na	na	na	na	na	
na	na	na	na	na	
na	na	na	-1.32974	na	
na	na	na	na	-1.32974	
-1.32974	-1.32974	na	-1.95374	-2.53402	
na	na	na	na	na	
na	na	na	na	na	
na	na	na	na	-1.32974	
na	na	na	na	na	
na	na	na	na	na	
na	na	na	na	na	
na	na	na	na	-1.32974	
na	na	na	na	na	
na	na	-2.59811	-2.31814	-2.53402	
na	na	na	na	na	
na	na	na	na	na	
na	na	na	na	na	
na	na	na	na	na	
na	na	na	na	na	
na	na	-1.32974	-2.59811	-2.22902	
na	na	na	na	na	
na	na	-1.32974	na	na	
na	-1.32974	na	na	na	
na	na	na	na	na	
na	na	-1.32974	na	na	
na	na	na	na	na	
na	na	na	na	na	
na	na	na	na	na	
na	na	na	-1.32974	na	
na	-1.32974	na	na	na	
na	na	na	na	na	
na	-1.32974	-1.32974	na	na	
na	na	-1.32974	na	na	
na	-1.32974	na	-1.32974	na	
na	-1.32974	-2.44619	-2.80537	-2.76399	
-1.32974	na	na	na	na	
na	-1.32974	na	na	na	
na	-1.32974	-2.49383	na	-1.32974	
na	na	na	na	na	
-2.44619	-1.32974	-1.32974	-1.32974	na	
na	-1.32974	na	-1.32974	na	
na	-1.32974	na	na	na	
na	na	-1.32974	na	na	
na	na	na	na	na	
na	na	na	na	na	
na	na	na	na	na	
na	na	na	na	na	
na	na	na	na	na	
na	na	na	-1.32974	na	
na	-1.32974	na	na	-1.32974	
na	na	-1.32974	na	na	
na	na	na	na	na	
na	na	na	-1.95374	-2.56838	
na	na	na	na	na	
na	na	na	na	na	
na	na	na	na	na	
na	na	na	1.56855	1.58655	
na	na	na	na	na	
na	na	na	na	na	
na	na	na	na	na	
na	na	na	na	na	
na	na	na	na	na	
na	na	na	na	na	
na	na	na	na	na	
na	na	na	na	na	
na	na	na	na	-1.95374	
na	na	0.752024	na	na	
na	na	-1.32974	na	na	
na	-1.32974	-1.32974	na	na	
na	na	-1.32974	-2.56838	-2.62409	
na	na	-2.75364	-2.79823	-1.72038	
na	na	-1.32974	na	na	
na	-1.32974	na	-1.32974	na	
na	na	na	na	-1.32974	
na	-1.32974	na	na	-1.32974	
na	na	na	na	na	
na	na	na	na	na	
na	-1.32974	-1.32974	na	na	
1.38342	na	1.41402	0.426017	na	
na	na	na	na	-1.32974	
na	-1.32974	na	na	-1.32974	
na	na	na	na	na	
na	na	na	na	na	
na	na	-2.11272	-1.36005	-1.76205	
na	-1.32974	na	na	na	
na	-1.32974	na	na	na	
na	na	na	-1.32974	na	
na	na	na	na	na	
na	na	na	-1.32974	na	
na	na	na	na	na	
na	na	-1.32974	na	na	
na	na	na	na	na	
na	na	-1.72038	na	na	
na	na	na	na	-2.68552	
na	na	na	na	na	
na	-1.32974	na	na	na	
na	na	na	na	-1.32974	
na	na	na	na	na	
na	na	0.752024	na	na	
na	na	-1.72038	na	-1.72038	
na	na	-2.11272	-2.70188	-2.56838	
na	na	na	0.752024	na	
na	na	na	na	na	
na	na	na	na	-1.32974	
na	na	1.10492	1.311	0.101288	
na	na	na	na	na	
na	na	na	0.752024	-1.32974	
na	na	-2.80537	-2.80537	-2.70188	
na	na	na	na	na	
-1.32974	na	na	na	na	
na	na	-1.32974	na	na	
na	na	-1.32974	na	-1.32974	
na	na	na	na	na	
na	na	na	-1.32974	na	
na	na	na	na	na	
na	-1.32974	-2.83984	-2.68552	-2.71667	
na	na	-1.32974	na	-1.32974	
na	na	na	na	na	
na	na	na	na	na	
-1.32974	na	-2.49383	-2.56838	-2.49383	
na	-1.32974	na	na	na	
na	-1.32974	-1.32974	na	na	
na	na	na	na	na	
na	-1.32974	na	-1.32974	na	
na	na	na	na	na	
na	na	na	na	-1.32974	
na	na	na	na	na	
na	na	-0.373719	1.52802	1.48403	
na	na	na	na	-1.32974	
na	na	na	na	na	
-1.32974	na	na	na	na	
na	na	na	na	na	
na	na	na	na	na	
na	na	na	na	na	
na	na	-1.32974	na	na	
na	na	-1.32974	na	na	
na	na	na	-1.95374	-2.44619	
-1.32974	na	na	na	na	
-2.53402	-1.95374	na	-1.32974	na	
na	na	-1.32974	na	na	
na	na	-2.8679	-2.31814	-1.72038	
na	na	-1.32974	na	na	
na	na	na	na	-1.32974	
na	na	-2.31814	-2.38877	-2.74239	
na	na	na	na	na	
na	na	na	-2.79059	-2.62409	
na	na	na	na	na	
na	-1.32974	na	na	na	
na	na	-1.32974	na	-1.32974	
na	-1.32974	na	na	na	
na	na	na	na	na	
na	na	-1.32974	na	na	
na	na	na	na	na	
na	-1.32974	na	na	na	
na	na	na	na	na	
na	na	na	na	na	
na	-1.32974	-2.89514	-2.80537	-1.72038	
na	na	na	na	na	
na	na	na	na	na	
na	na	na	na	na	
na	na	na	na	na	
na	na	na	-2.38877	-1.32974	
na	na	na	na	na	
na	na	na	na	na	
-1.72038	-2.22902	na	na	na	
na	na	na	na	-2.71667	
na	na	na	na	na	
na	-1.32974	na	na	na	
na	na	na	na	na	
na	na	na	na	na	
na	na	na	na	na	
-1.32974	na	na	na	na	
-2.11272	na	-2.31814	-2.35099	-0.353861	
na	na	na	na	na	
na	na	na	na	na	
na	na	na	na	na	
-1.32974	na	na	na	na	
na	na	na	na	na	
na	na	-1.32974	na	na	
na	na	-2.53402	-2.71667	-2.59811	
-1.95374	-1.32974	-1.32974	-1.32974	na	
na	na	na	na	na	
na	na	na	na	na	
na	na	na	na	na	
na	-1.32974	na	na	na	
na	na	na	na	na	
na	na	na	na	na	
na	na	na	1.10492	1.03638	
na	na	na	na	na	
na	na	na	na	na	
-2.11272	-2.44619	-2.59811	-2.53402	-2.11272	
na	na	na	na	na	
na	na	na	na	na	
na	na	-1.32974	-1.32974	-1.32974	
na	na	na	-2.11272	-2.38877	
na	na	na	na	na	
na	na	na	-2.59811	-2.38877	
na	na	-1.32974	na	na	
na	-1.72038	na	na	na	
na	na	na	na	na	
na	na	na	na	na	
na	-1.32974	na	na	na	
na	na	na	na	-1.32974	
na	na	na	na	na	
na	na	-1.32974	na	na	
na	na	na	na	-2.68552	
na	na	na	na	na	
na	na	na	-1.32974	na	
0.752024	na	na	-1.32974	-2.53402	
na	na	na	na	na	
na	na	na	na	na	
na	na	na	na	na	
na	na	na	na	na	
na	na	-2.48004	-0.174013	-2.20424	
na	na	na	na	-1.32974	
na	na	na	na	na	
na	na	na	na	na	
na	na	na	-2.79059	-2.49383	
na	na	na	na	na	
na	na	na	na	na	
na	na	na	na	na	
na	na	na	na	na	
na	na	na	na	na	
na	na	na	0.752024	1.45252	
na	na	na	-1.72038	-2.11272	
na	na	na	na	na	
na	na	na	-2.22902	-2.06003	
na	na	na	-1.32974	-1.32974	
na	na	-2.70188	-2.74239	-2.78238	
na	na	-1.32974	na	na	
na	-1.32974	-1.32974	na	1.41036	
na	na	na	na	-1.32974	
na	na	na	na	na	
na	na	-1.32974	-1.32974	na	
na	na	0.752024	na	-1.32974	
na	na	na	na	na	
na	na	na	-1.72038	1.48403	
na	na	na	na	na	
na	na	-1.32974	na	na	
na	na	na	-2.66733	-2.22902	
na	na	na	na	na	
na	na	na	na	na	
na	na	na	na	na	
na	na	na	na	na	
0.752024	na	-1.32974	na	na	
na	0.752024	na	na	na	
na	na	na	na	na	
na	na	na	na	na	
na	na	na	na	0.752024	
na	na	-1.32974	0.752024	na	
na	na	na	0.752024	na	
-1.32974	na	na	-1.32974	na	
na	na	na	na	na	
na	na	na	na	na	
na	na	na	na	na	
na	-1.32974	na	na	na	
na	na	na	na	na	
na	na	na	-1.32974	na	
na	na	na	na	na	
na	na	na	na	na	
na	na	na	na	-1.32974	
na	na	na	na	na	
na	na	na	-1.72038	-2.38877	
na	na	-1.32974	na	na	
na	na	-1.32974	-1.32974	na	
na	na	na	na	na	
na	na	-2.70188	-2.71667	-2.83984	
na	na	na	na	na	
na	na	na	na	na	
na	na	0.752024	na	na	
na	-1.32974	na	na	na	
na	-1.32974	na	na	na	
na	na	0.752024	na	na	
na	na	na	-2.59811	-2.62409	
na	na	na	na	na	
-1.32974	na	na	na	na	
-1.72038	na	na	na	-1.32974	
na	na	na	na	na	
na	na	-1.32974	na	na	
na	na	na	1.50848	1.51877	
na	na	na	na	na	
na	na	na	na	na	
na	na	na	na	na	
na	na	-1.32974	na	na	
na	na	1.57355	1.41036	0.976563	
na	na	na	na	na	
na	na	na	-1.32974	na	
na	na	0.972946	1.65268	1.38342	
na	na	na	-1.32974	na	
-1.32974	na	na	na	na	
na	na	-2.62409	-2.11272	-2.66733	
-1.72038	-1.95374	na	na	na	
na	na	na	na	na	
na	na	na	na	na	
na	na	na	na	na	
na	na	na	na	na	
na	na	na	-1.32974	na	
-1.32974	-1.72038	-1.32974	na	na	
na	na	na	-2.53402	-2.53402	
na	na	-1.32974	na	na	
na	na	na	na	-1.32974	
na	na	na	na	na	
na	na	na	na	na	
na	na	na	na	na	
na	na	-2.53402	0.599985	-2.09839	
-1.32974	-1.32974	na	na	na	
na	na	-1.32974	na	na	
na	na	na	na	na	
na	na	na	na	na	
na	na	na	na	na	
na	na	na	na	na	
na	na	-2.80537	-1.72038	-2.22902	
na	na	1.58251	1.311	1.41036	
na	na	na	na	na	
na	na	na	na	na	
na	na	na	na	na	
