FF[0]	FF[1]	FF[2]	FF[3]	FF[4]	
na	na	-1.56732	-1.83777	-3.19429	
na	-1.56732	na	na	na	
na	na	na	na	na	
na	na	na	na	na	
na	na	-1.56732	na	na	
na	na	na	na	na	
na	na	na	na	na	
na	na	-1.56732	na	na	
na	na	na	na	na	
na	na	na	-1.56732	na	
na	na	na	na	na	
na	na	na	na	na	
na	na	-1.56732	na	na	
na	na	na	na	-2.09985	
na	na	-1.56732	na	na	
na	na	na	-0.43906	-0.839941	
na	na	na	na	na	
na	na	na	na	-1.10231	
na	na	na	na	na	
na	na	na	na	na	
na	-1.56732	na	na	na	
na	na	na	-2.06779	-1.56732	
na	na	na	na	-1.56732	
na	na	-1.29037	-1.66277	-1.00343	
na	na	na	na	na	
na	na	na	-1.56732	na	
-1.56732	na	na	na	na	
na	na	-1.56732	-2.54586	-1.65676	
na	na	-1.56732	-0.839493	-1.65676	
na	na	na	na	na	
na	na	na	na	na	
na	na	na	na	na	
na	-1.56732	na	na	na	
na	na	-1.56732	na	na	
na	-1.56732	na	na	na	
na	na	na	na	na	
na	na	na	na	na	
na	na	-1.56732	na	na	
na	na	-1.56732	-1.56732	-1.56732	
na	na	-1.56732	na	na	
na	na	na	na	na	
na	na	-1.65676	-0.839941	-1.35553	
na	na	-1.81759	-1.09205	-1.68239	
na	na	na	na	-1.56732	
na	na	na	na	na	
0.489863	-1.89369	na	-1.56732	na	
na	na	na	-1.40164	-1.57473	
na	na	-2.44932	na	na	
na	na	-1.56732	na	na	
na	na	na	na	na	
na	na	na	na	-1.56732	
na	na	na	na	na	
na	na	na	na	na	
na	na	na	na	na	
na	na	na	-2.09985	na	
na	na	na	-1.56732	na	
na	na	na	na	na	
na	na	na	na	na	
na	na	-1.56732	na	na	
na	na	na	0.489863	-1.58618	
na	na	na	na	na	
na	na	na	na	-2.44932	
na	na	-1.56732	na	na	
na	na	1.23599	0.720992	1.33468	
na	na	na	na	na	
na	na	-0.116144	-1.29875	-2.18036	
na	na	-1.56732	-2.09985	na	
-2.09985	0.313463	na	na	na	
na	na	na	na	na	
na	na	na	na	na	
na	na	-0.489863	-1.39219	-0.116144	
na	0.76941	na	na	-1.83777	
na	na	na	na	na	
na	na	na	na	na	
na	na	-1.56732	na	na	
na	na	na	-1.56732	0.541053	
na	na	na	na	na	
na	na	na	na	na	
na	na	na	na	-1.56732	
na	na	-1.56732	na	na	
na	na	na	-2.31329	-0.270527	
na	-1.89369	-1.29875	-1.70887	-1.40164	
na	na	na	na	na	
na	na	-1.56732	na	na	
na	na	-1.56732	-1.80984	-1.81433	
na	na	na	na	na	
na	na	na	na	na	
na	na	na	na	na	
na	na	na	na	na	
na	na	-1.56732	-2.10687	-0.722905	
na	na	na	na	na	
-2.44932	na	na	na	na	
na	na	na	na	na	
na	na	na	na	na	
na	na	-1.56732	na	na	
na	na	na	na	na	
na	na	na	-1.56732	na	
na	na	na	na	na	
na	na	na	-1.69855	-1.97635	
na	na	na	na	-1.56732	
na	na	na	na	na	
na	-1.56732	-1.59512	-2.00187	na	
na	na	na	-1.56732	na	
na	na	-1.56732	na	-0.679792	
na	na	na	na	na	
na	na	-2.09985	na	-1.32188	
-2.09985	-1.56732	na	na	na	
na	na	-2.34519	-2.77679	-1.15754	
na	na	na	na	na	
-1.22518	na	-1.56732	na	-1.23208	
na	na	na	na	na	
na	na	-1.56732	0.990485	1.16156	
na	na	na	na	na	
na	-1.56732	-1.56732	na	na	
na	na	-1.56732	na	na	
na	-1.56732	-1.05119	-0.489863	-1.89369	
na	na	na	na	-1.56732	
na	na	na	na	na	
na	na	na	na	na	
na	na	na	na	na	
na	na	-1.56732	na	na	
na	na	na	na	na	
na	na	na	na	na	
na	-2.09985	na	na	na	
na	na	na	na	na	
na	na	na	na	na	
na	na	na	na	na	
na	na	na	na	-1.56732	
na	na	na	na	na	
-1.56732	na	na	na	-0.668135	
na	na	na	na	na	
na	na	na	na	na	
na	na	na	na	na	
na	-0.270527	-0.452035	-1.28985	-2.09911	
na	na	na	-1.56732	na	
na	na	na	na	na	
na	na	na	na	-2.09985	
na	na	-1.56732	na	-1.56732	
na	na	na	na	na	
na	na	na	na	na	
na	na	na	na	na	
na	na	-2.44932	-1.65676	-1.13299	
na	na	na	na	na	
na	na	na	na	-1.56732	
na	na	na	na	na	
na	na	-0.839493	-1.08211	-1.55151	
na	na	-2.20043	na	-1.56732	
na	na	na	-0.839941	-2.09985	
na	na	na	na	na	
na	-1.56732	-1.56732	na	na	
na	na	-1.56732	na	na	
na	na	na	na	na	
na	na	na	na	na	
na	na	na	na	0.41997	
na	na	-1.56732	-1.56732	na	
na	na	na	na	na	
na	na	na	na	na	
na	na	na	na	0.569933	
na	na	na	na	-1.56732	
na	na	na	na	na	
na	na	na	na	na	
na	na	na	na	na	
na	na	na	na	na	
na	na	-1.56732	-1.56732	-1.56732	
na	na	na	na	-1.56732	
-0.839941	na	na	na	na	
na	na	na	na	na	
na	na	na	na	na	
na	na	na	na	na	
na	-1.56732	na	na	0.997383	
-0.556875	-0.839493	na	na	na	
na	na	na	na	na	
na	na	na	na	na	
na	-1.56732	na	na	na	
na	na	na	na	na	
na	na	na	na	na	
na	-1.56732	na	na	-1.56732	
na	na	na	na	na	
na	-1.56732	na	na	na	
na	na	-1.56732	na	na	
na	na	-0.612589	-0.116144	-1.32188	
na	na	na	na	na	
na	na	-1.08211	-1.50988	-2.09911	
na	-1.56732	na	1.33468	0.763583	
na	na	na	na	na	
na	-1.56732	na	-1.46959	-0.839941	
na	na	na	na	na	
-1.56732	na	na	2.42208	1.84775	
na	na	na	na	na	
na	na	-1.56732	na	na	
na	na	na	1.29153	1.38405	
na	na	na	-1.56732	-1.56732	
-1.56732	na	na	na	na	
na	na	na	-1.00392	-0.226597	
na	na	na	na	na	
na	na	na	na	na	
na	na	na	na	na	
na	na	na	na	na	
na	na	na	na	na	
na	na	na	na	na	
na	na	na	na	na	
na	na	na	na	na	
-2.31329	na	na	na	na	
na	na	na	na	na	
na	na	-0.222665	na	-1.46959	
na	na	na	na	na	
na	na	na	na	na	
na	na	-1.56732	0.313463	-1.81759	
na	-1.56732	na	na	na	
-1.56732	-0.556875	-1.56732	na	na	
na	na	na	na	na	
na	na	na	-1.56732	na	
na	na	na	na	na	
na	na	na	-1.56732	na	
na	na	-1.56732	-1.56732	na	
na	na	na	na	na	
na	na	na	na	na	
na	na	na	na	na	
-1.56732	na	na	-1.56732	na	
na	na	na	0.997383	na	
na	na	na	na	na	
1.42506	na	na	na	na	
na	na	na	na	na	
na	na	na	na	na	
na	na	na	na	na	
na	na	na	na	na	
na	-1.56732	-2.09985	na	na	
na	-1.56732	na	na	-1.56732	
na	na	na	-1.56732	na	
na	na	na	na	na	
na	na	na	na	na	
na	na	-0.612589	-2.04715	-1.80984	
na	na	na	na	na	
-2.03938	0.313463	na	na	na	
na	na	na	na	na	
na	na	na	na	na	
na	na	na	-1.56732	na	
na	na	na	-1.56732	na	
na	-1.56732	na	na	na	
na	-1.56732	-1.56732	-1.56732	na	
na	na	na	na	na	
na	na	na	na	na	
na	na	-1.56732	0.313463	na	
na	na	na	na	na	
na	na	na	na	na	
na	na	na	1.42541	1.03084	
na	na	-1.56732	-1.56732	na	
na	na	-1.56732	na	na	
na	na	na	na	na	
na	na	-1.56732	na	na	
na	-1.56732	na	na	-1.08211	
na	-1.56732	-1.46574	-0.690983	-1.80984	
na	na	na	na	na	
na	na	na	na	na	
0.41997	-0.489863	na	na	na	
na	na	na	na	na	
na	-1.56732	na	-1.56732	na	
na	na	na	-1.56732	na	
na	na	na	na	na	
na	na	na	na	na	
na	na	-1.56732	0.569933	1.36923	
-1.56732	na	na	na	na	
-0.839941	na	na	na	-1.56732	
na	na	na	-1.39219	-1.80791	
na	na	na	na	na	
na	na	-2.09985	na	na	
na	na	na	na	na	
-2.09985	na	na	na	na	
na	na	na	na	na	
na	na	na	-1.56732	na	
1.16156	1.23599	na	na	na	
na	na	1.29153	0.983733	0.903632	
na	na	na	na	na	
na	na	na	na	-1.56732	
na	na	na	na	na	
na	na	na	-2.2275	-1.56732	
na	na	na	-1.56732	na	
-1.56732	-0.679792	-1.37857	-1.08211	-1.56732	
na	na	na	na	na	
na	na	na	0.569933	1.38405	
na	na	na	na	na	
na	na	na	na	na	
na	na	na	na	na	
na	-1.56732	na	na	na	
na	-1.56732	na	na	na	
na	-1.56732	na	na	na	
na	na	na	na	na	
na	na	na	na	na	
na	-1.56732	-1.44024	-1.08211	0.313463	
na	na	na	na	na	
na	na	na	na	na	
na	na	na	na	na	
na	na	-2.09985	-0.277047	-1.88395	
0.41997	na	-1.56732	-1.56732	na	
na	na	-1.56732	na	na	
na	na	na	na	na	
na	na	-1.56732	na	-1.56732	
na	na	na	na	na	
-1.56732	na	na	na	na	
na	na	na	na	na	
na	na	na	na	-1.56732	
na	na	na	na	-1.56732	
na	na	na	-1.08436	-0.282336	
0.313463	na	na	na	na	
na	-1.56732	na	na	-0.456328	
na	na	na	na	na	
na	na	na	na	na	
na	na	na	na	na	
na	na	na	na	na	
na	na	na	na	na	
na	na	na	na	na	
na	-1.56732	na	na	na	
na	-1.56732	na	na	na	
na	na	na	na	na	
na	na	na	na	-1.56732	
na	na	na	na	-1.56732	
na	na	na	-1.56732	na	
na	na	na	na	na	
na	na	na	na	-1.56732	
na	na	na	na	na	
na	na	na	na	na	
-1.08211	-2.45036	-2.53017	-1.46959	-1.33852	
na	-1.56732	na	-1.6281	-1.22518	
-1.83777	-1.56732	na	na	na	
na	na	na	na	-1.56732	
na	na	-1.56732	na	na	
-0.839941	na	na	na	na	
na	na	na	0.911893	na	
na	na	na	na	na	
na	na	na	na	na	
na	na	na	na	na	
na	na	na	na	na	
na	na	na	na	-1.56732	
na	na	na	na	na	
na	na	-1.22518	-1.03389	-0.850368	
na	na	na	-1.56732	na	
na	na	na	na	na	
na	na	na	-1.33852	-1.96313	
na	na	na	na	na	
na	na	-1.56732	na	na	
na	na	na	na	na	
-1.56732	-1.56732	na	-1.56732	na	
na	-1.56732	na	na	na	
na	na	na	na	na	
na	na	na	na	na	
na	na	-1.56732	na	na	
na	na	na	na	na	
na	na	na	na	na	
na	-1.22518	-2.09985	na	na	
na	na	na	na	-0.81301	
na	-1.56732	2.33344	1.57397	2.32018	
na	na	na	na	-2.12736	
na	na	na	na	na	
na	na	na	na	na	
na	na	na	-1.56732	na	
na	na	-1.56732	na	na	
na	na	na	na	1.7744	
na	na	0.997383	na	na	
na	na	-1.52343	-0.817537	-1.63755	
na	na	-1.56732	na	na	
na	na	na	na	na	
na	na	na	na	na	
na	na	na	na	na	
na	na	na	na	na	
-1.56732	na	na	na	na	
na	na	-1.56732	na	na	
na	na	-2.37883	-2.31329	-0.612589	
na	na	-1.03668	-2.83523	-1.75925	
na	na	-1.56732	-1.65676	-0.53148	
na	na	na	-0.826175	-1.08211	
-1.08436	-1.00392	-1.29037	-1.58618	-0.839493	
na	na	na	na	na	
na	na	na	na	na	
na	na	na	na	na	
na	na	na	na	na	
na	na	na	-1.56732	na	
na	na	na	na	-1.56732	
na	na	na	na	-1.56732	
-1.56732	-1.56732	na	na	na	
na	na	na	-1.56732	na	
na	na	na	na	na	
na	na	na	na	na	
na	na	na	na	na	
na	na	-1.56732	na	na	
na	na	na	-0.456328	-2.33991	
na	na	na	na	na	
na	na	na	na	0.313463	
na	na	-1.56732	na	na	
na	na	-1.95799	-2.18036	-2.00382	
na	na	na	na	0.569933	
na	na	na	na	na	
na	na	na	na	na	
na	na	na	-1.56732	na	
na	na	na	na	na	
na	na	na	na	na	
na	na	na	na	na	
na	na	na	-1.56732	-0.612589	
-1.56732	na	na	na	na	
na	na	na	-1.56732	na	
na	na	na	na	na	
-1.56732	na	na	na	na	
na	na	-1.56732	na	na	
na	-1.56732	-1.56732	-1.56732	-1.56732	
na	na	na	na	na	
na	na	na	na	na	
na	na	na	na	na	
na	na	na	na	na	
na	-1.46959	na	na	na	
na	na	na	na	na	
-1.56732	na	na	na	na	
na	na	na	na	na	
na	na	na	na	na	
na	na	na	na	na	
na	na	na	na	na	
na	na	na	na	na	
na	na	na	na	na	
na	na	-1.56732	-1.56732	na	
na	na	na	na	na	
-1.83777	na	na	-1.56732	-1.33852	
-0.839493	-2.09985	na	na	na	
na	na	na	na	na	
na	na	na	-1.56732	na	
na	na	na	na	na	
na	na	na	na	na	
-0.226597	-1.56732	na	na	-1.56732	
na	na	na	na	-1.08211	
na	na	-1.00392	-1.36256	-2.03938	
na	na	-0.116144	-1.37761	-1.65676	
na	na	-2.09985	na	na	
na	na	na	na	na	
na	-1.56732	na	na	na	
na	na	na	na	na	
na	na	-2.00187	-1.89369	-2.09985	
na	na	na	na	na	
na	na	na	na	na	
na	na	na	na	-1.56732	
na	na	na	-1.56732	na	
na	na	na	na	na	
na	na	na	1.36923	1.05586	
na	na	na	na	na	
na	na	na	-1.81596	-2.16872	
na	na	na	na	na	
na	na	na	na	na	
na	na	na	na	na	
na	-1.56732	na	na	na	
na	na	na	na	na	
na	na	na	na	na	
na	na	na	na	na	
na	na	na	na	na	
na	na	-1.56732	na	na	
na	na	-2.24768	na	0.41997	
na	na	-1.56732	na	-1.56732	
na	na	na	na	na	
na	na	na	na	na	
-1.50988	na	na	na	na	
na	na	na	na	na	
na	na	-1.83777	-1.58618	na	
na	na	na	na	na	
na	na	-0.839941	-1.32188	-1.97635	
na	na	2.65201	2.67558	2.53774	
na	na	na	na	na	
na	na	na	na	-1.40164	
na	na	-1.56732	na	na	
na	na	na	na	na	
na	na	na	na	na	
-1.31982	-1.81759	na	na	na	
na	na	na	na	na	
na	na	na	na	na	
na	-1.56732	na	na	na	
na	na	na	na	na	
na	na	na	na	na	
na	na	na	na	na	
na	na	na	na	na	
na	na	na	na	na	
na	na	na	na	na	
na	na	na	na	2.5522	
na	na	na	na	na	
na	-1.56732	-2.50394	-1.08211	-1.81264	
na	na	na	na	na	
na	na	-1.56732	na	na	
-1.56732	na	na	na	na	
na	na	na	na	na	
na	na	na	-0.839941	-1.61274	
na	-1.56732	na	na	na	
na	na	na	na	na	
na	na	na	na	na	
na	na	-1.56732	1.26562	1.5369	
na	na	na	na	na	
na	na	na	na	na	
-0.839941	na	na	na	na	
na	na	na	na	-2.09985	
na	na	-1.56732	-1.61441	-1.29875	
na	na	na	na	na	
na	na	na	1.23599	1.1138	
na	na	-1.55151	-1.0543	-1.89369	
na	na	na	na	na	
na	na	na	na	na	
na	na	na	na	-1.56732	
na	na	na	-0.270527	-1.08211	
na	na	na	na	na	
na	na	na	na	na	
na	na	na	na	0.569933	
na	na	-1.56732	na	na	
na	na	-0.489863	-0.456328	-1.16926	
na	na	na	na	na	
na	na	na	na	-1.89369	
na	na	-2.21751	-1.82038	-0.489863	
na	na	na	na	na	
na	na	na	-1.56732	na	
na	-1.56732	-1.56732	na	na	
na	na	na	-0.753075	-0.212592	
na	-1.56732	na	na	na	
na	na	na	na	na	
na	na	-1.56732	na	0.313463	
na	na	na	na	na	
-1.56732	na	na	na	na	
na	na	na	na	na	
na	na	na	na	na	
na	na	na	na	na	
na	na	na	na	na	
na	na	na	-1.56732	na	
na	na	na	na	na	
na	na	na	-2.09337	-1.08211	
na	na	na	na	-1.56732	
na	na	na	na	na	
na	na	na	-1.56732	na	
na	-1.56732	na	na	na	
na	na	na	na	na	
na	na	0.41997	-2.38933	0.489863	
na	na	-1.56732	na	na	
na	na	na	na	na	
na	na	na	na	na	
na	na	na	-0.116144	-1.39219	
na	-1.56732	na	na	na	
-1.56732	na	-1.80726	-2.12592	-1.13299	
na	na	-1.75037	-1.63755	-0.940202	
na	na	na	na	na	
na	na	-2.09337	-2.53017	-1.48814	
na	na	na	na	na	
na	na	na	na	na	
na	na	na	na	na	
na	na	na	na	na	
na	na	na	-1.56732	na	
na	na	na	na	na	
na	na	-2.09985	na	na	
na	na	1.498	1.31437	1.31437	
na	na	na	na	-0.839941	
na	na	na	na	na	
na	na	na	na	na	
na	na	na	-2.56045	-1.56732	
na	na	na	na	na	
na	na	na	-1.56732	na	
na	na	na	na	na	
na	na	na	na	-1.56732	
na	na	-1.56732	na	na	
na	-1.56732	na	na	-2.09985	
2.27812	1.55866	-1.56732	na	na	
na	na	na	na	-1.56732	
na	na	-1.56732	-1.56732	na	
na	na	-1.41114	-0.866103	-2.53017	
-1.56732	na	na	na	na	
na	na	na	na	-1.56732	
na	-1.56732	-2.11709	-0.974531	-0.959944	
na	na	na	na	na	
na	na	na	na	na	
na	na	na	na	na	
na	-1.56732	na	na	-1.00392	
na	na	na	na	na	
na	na	na	na	-2.09985	
na	na	na	na	na	
na	na	-1.52628	-1.59512	1.4412	
0.489863	na	na	na	na	
na	na	na	na	na	
na	na	1.35286	1.38405	0.763583	
na	na	-1.56732	na	-1.46959	
na	na	na	na	-1.56732	
na	na	na	-1.56732	-1.6867	
na	na	na	-1.56732	na	
na	na	na	-2.94577	-3.06295	
na	na	-1.56732	na	na	
na	na	na	na	na	
na	na	na	na	na	
na	na	na	-1.56732	na	
na	na	na	na	na	
na	-2.09985	-1.56732	na	na	
na	na	na	na	na	
na	na	na	-1.56732	-2.20674	
na	na	na	na	na	
-1.44581	na	na	-1.81759	-0.959944	
-1.55151	-1.83777	na	na	na	
na	na	na	na	-2.25922	
na	na	na	na	na	
na	na	na	na	na	
na	na	na	na	na	
na	na	na	na	na	
na	na	na	-2.07396	-1.48814	
na	na	na	na	na	
na	na	na	na	na	
na	na	na	na	na	
na	na	na	na	na	
na	na	na	na	na	
na	na	-1.56732	na	na	
na	na	na	na	na	
na	na	na	na	na	
na	na	na	na	na	
na	na	na	na	na	
na	na	na	na	na	
na	na	na	na	na	
na	na	na	-1.56732	na	
na	na	na	na	na	
na	na	na	-1.58618	-1.56732	
na	na	na	-1.56732	na	
na	na	na	-2.12592	0.313463	
na	na	na	na	na	
na	na	-1.56732	na	na	
na	na	-1.56732	-1.56732	na	
na	na	na	na	na	
na	na	na	na	na	
na	-1.56732	na	na	na	
na	na	-2.09985	na	na	
na	-1.56732	na	na	na	
na	-1.56732	na	na	na	
na	na	na	na	na	
na	na	na	na	na	
na	na	na	na	na	
-1.56732	na	na	na	na	
na	na	-1.6281	-0.974531	-2.90361	
-1.56732	na	na	na	na	
na	na	na	na	na	
na	na	-1.56732	-1.56732	na	
na	-1.56732	na	na	na	
na	na	na	na	na	
na	na	-2.31329	-2.01592	-0.270527	
na	na	na	na	na	
na	na	na	na	na	
na	na	-0.489863	0.851234	-1.94976	
na	na	na	na	na	
na	na	na	-1.56732	na	
na	na	na	na	na	
na	na	na	na	na	
-2.09985	-1.56732	-1.56732	na	na	
na	na	-1.56732	na	na	
na	na	na	-2.31516	-1.80791	
na	na	na	na	na	
na	na	na	na	na	
na	na	na	na	na	
na	na	na	na	0.76941	
na	na	na	0.569933	na	
na	na	na	-1.56732	na	
na	na	na	na	na	
na	na	na	na	-1.56732	
na	na	na	na	na	
na	-1.56732	-1.56732	-1.56732	na	
na	-1.56732	-1.56732	na	na	
na	na	-1.56732	na	na	
na	na	na	na	na	
na	na	-1.56732	na	na	
na	na	na	na	na	
na	na	-1.56732	na	na	
na	na	na	na	na	
-2.44932	na	na	0.983733	0.983733	
na	na	na	na	na	
na	na	na	na	na	
na	na	na	na	na	
na	na	na	na	na	
na	-1.56732	na	na	na	
na	na	na	na	na	
na	na	na	na	na	
na	na	na	na	na	
na	na	na	na	na	
na	na	na	na	na	
na	na	na	-1.16009	-2.20674	
na	na	na	na	na	
na	na	na	na	na	
na	na	na	na	na	
na	na	-2.2275	0.313463	-2.4191	
na	na	na	na	na	
na	na	na	-2.09985	na	
na	na	na	na	na	
na	-1.56732	na	na	na	
-0.612589	na	-2.33661	na	na	
na	na	na	na	na	
na	-1.56732	na	na	na	
na	na	-1.47208	-1.83777	-0.81301	
na	na	na	na	na	
na	na	na	na	na	
na	na	na	-1.56732	na	
na	na	na	na	-1.56732	
-1.56732	-1.56732	na	-0.489863	-2.2275	
na	na	na	na	na	
na	na	na	na	na	
na	na	na	na	-1.56732	
na	na	na	na	na	
na	na	na	na	na	
na	na	na	na	na	
na	na	na	na	-1.56732	
na	na	na	na	na	
na	na	-0.722905	-1.83777	-1.39219	
na	na	na	na	na	
na	na	na	na	na	
na	na	na	na	na	
na	na	na	na	na	
na	na	na	na	na	
na	na	0.313463	-1.08436	-0.116144	
na	na	na	na	na	
na	na	-1.56732	na	na	
na	-1.56732	na	na	na	
na	na	na	na	na	
na	na	-1.56732	na	na	
na	na	na	na	na	
na	na	na	na	na	
na	na	na	na	na	
na	na	na	-1.56732	na	
na	-1.56732	na	na	na	
na	na	na	na	na	
na	-1.56732	0.313463	na	na	
na	na	-1.56732	na	na	
na	-1.56732	na	-1.56732	na	
na	-1.56732	-1.32188	-1.90759	-1.37761	
-1.56732	na	na	na	na	
na	-1.56732	na	na	na	
na	-1.56732	-2.03938	na	0.313463	
na	na	na	na	na	
-0.826175	-1.56732	-1.56732	-1.56732	na	
na	-1.56732	na	-1.56732	na	
na	-1.56732	na	na	na	
na	na	-1.56732	na	na	
na	na	na	na	na	
na	na	na	na	na	
na	na	na	na	na	
na	na	na	na	na	
na	na	na	na	na	
na	na	na	-1.56732	na	
na	-1.56732	na	na	-1.56732	
na	na	-1.56732	na	na	
na	na	na	na	na	
na	na	na	-0.489863	-1.61441	
na	na	na	na	na	
na	na	na	na	na	
na	na	na	na	na	
na	na	na	1.4584	1.48643	
na	na	na	na	na	
na	na	na	na	na	
na	na	na	na	na	
na	na	na	na	na	
na	na	na	na	na	
na	na	na	na	na	
na	na	na	na	na	
na	na	na	na	na	
na	na	na	na	0.489863	
na	na	0.569933	na	na	
na	na	-1.56732	na	na	
na	-1.56732	-1.56732	na	na	
na	na	-1.56732	-2.00187	-0.959944	
na	na	-1.92503	-1.06453	0.41997	
na	na	-1.56732	na	na	
na	-1.56732	na	-1.56732	na	
na	na	na	na	-1.56732	
na	-1.56732	na	na	-1.56732	
na	na	na	na	na	
na	na	na	na	na	
na	-1.56732	-1.56732	na	na	
1.20171	na	1.26662	0.0751068	na	
na	na	na	na	-1.56732	
na	-1.56732	na	na	-1.56732	
na	na	na	na	na	
na	na	na	na	na	
na	na	0.541053	-1.45275	-1.88312	
na	-1.56732	na	na	na	
na	-1.56732	na	na	na	
na	na	na	-1.56732	na	
na	na	na	na	na	
na	na	na	-1.56732	na	
na	na	na	na	na	
na	na	-1.56732	na	na	
na	na	na	na	na	
na	na	-2.09985	na	na	
na	na	na	na	-2.37883	
na	na	na	na	na	
na	-1.56732	na	na	na	
na	na	na	na	-1.56732	
na	na	na	na	na	
na	na	0.569933	na	na	
na	na	-2.09985	na	0.41997	
na	na	-0.270527	-2.2155	-2.38933	
na	na	na	0.569933	na	
na	na	na	na	na	
na	na	na	na	-1.56732	
na	na	0.890661	1.43866	-0.213478	
na	na	na	na	na	
na	na	na	0.569933	-1.56732	
na	na	-1.36256	-1.18089	-1.40164	
na	na	na	na	na	
-1.56732	na	na	na	na	
na	na	-1.56732	na	na	
na	na	-1.56732	na	-1.56732	
na	na	na	na	na	
na	na	na	-1.56732	na	
na	na	na	na	na	
na	-1.56732	-1.59341	-1.52245	-1.29237	
na	na	-1.56732	na	-1.56732	
na	na	na	na	na	
na	na	na	na	na	
-1.56732	na	-2.03938	-2.00187	-1.13299	
na	-1.56732	na	na	na	
na	-1.56732	-1.56732	na	na	
na	na	na	na	na	
na	-1.56732	na	-1.56732	na	
na	na	na	na	na	
na	na	na	na	-1.56732	
na	na	na	na	na	
na	na	-0.668135	1.39753	1.33468	
na	na	na	na	-1.56732	
na	na	na	na	na	
-1.56732	na	na	na	na	
na	na	na	na	na	
na	na	na	na	na	
na	na	na	na	na	
na	na	-1.56732	na	na	
na	na	-1.56732	na	na	
na	na	na	-1.46959	-2.809	
-1.56732	na	na	na	na	
-1.80984	-1.46959	na	-1.56732	na	
na	na	-1.56732	na	na	
na	na	-1.06113	-1.83777	-0.839941	
na	na	-1.56732	na	na	
na	na	na	na	-1.56732	
na	na	-1.22518	-0.456328	-0.393683	
na	na	na	na	na	
na	na	na	-2.10687	-1.29875	
na	na	na	na	na	
na	-1.56732	na	na	na	
na	na	-1.56732	na	-1.56732	
na	-1.56732	na	na	na	
na	na	na	na	na	
na	na	-1.56732	na	na	
na	na	na	na	na	
na	-1.56732	na	na	na	
na	na	na	na	na	
na	na	na	na	na	
na	-1.56732	-1.6225	-1.18089	0.41997	
na	na	na	na	na	
na	na	na	na	na	
na	na	na	na	na	
na	na	na	na	na	
na	na	na	-2.6467	0.313463	
na	na	na	na	na	
na	na	na	na	na	
-0.839941	-2.20674	na	na	na	
na	na	na	na	-1.55084	
na	na	na	na	na	
na	-1.56732	na	na	na	
na	na	na	na	na	
na	na	na	na	na	
na	na	na	na	na	
-1.56732	na	na	na	na	
-1.89369	na	-0.612589	-1.76355	-0.164483	
na	na	na	na	na	
na	na	na	na	na	
na	na	na	na	na	
-1.56732	na	na	na	na	
na	na	na	na	na	
na	na	-1.56732	na	na	
na	na	-0.556875	-2.58474	-1.44581	
-1.46959	-1.56732	-1.56732	-1.56732	na	
na	na	na	na	na	
na	na	na	na	na	
na	na	na	na	na	
na	-1.56732	na	na	na	
na	na	na	na	na	
na	na	na	na	na	
na	na	na	1.42506	1.47445	
na	na	na	na	na	
na	na	na	na	na	
-1.89369	-0.826175	-1.80726	-2.2275	-1.89369	
na	na	na	na	na	
na	na	na	na	na	
na	na	-1.56732	-1.56732	0.313463	
na	na	na	-0.270527	-1.55151	
na	na	na	na	na	
na	na	na	-1.44581	-2.09911	
na	na	-1.56732	na	na	
na	-2.09985	na	na	na	
na	na	na	na	na	
na	na	na	na	na	
na	-1.56732	na	na	na	
na	na	na	na	-1.56732	
na	na	na	na	na	
na	na	-1.56732	na	na	
na	na	na	na	-0.951533	
na	na	na	na	na	
na	na	na	-1.56732	na	
0.76941	na	na	-1.56732	-1.80984	
na	na	na	na	na	
na	na	na	na	na	
na	na	na	na	na	
na	na	na	na	na	
na	na	-1.85804	-0.262387	-2.4128	
na	na	na	na	-1.56732	
na	na	na	na	na	
na	na	na	na	na	
na	na	na	-0.93999	-1.58618	
na	na	na	na	na	
na	na	na	na	na	
na	na	na	na	na	
na	na	na	na	na	
na	na	na	na	na	
na	na	na	0.911893	2.06644	
na	na	na	-2.09985	-1.89369	
na	na	na	na	na	
na	na	na	-0.81301	-1.87458	
na	na	na	-1.56732	-1.56732	
na	na	-2.2155	-2.04715	-1.20955	
na	na	-1.56732	na	na	
na	-1.56732	-1.56732	na	1.66858	
na	na	na	na	-1.56732	
na	na	na	na	na	
na	na	-1.56732	-1.56732	na	
na	na	0.569933	na	-1.56732	
na	na	na	na	na	
na	na	na	-2.09985	1.80182	
na	na	na	na	na	
na	na	-1.56732	na	na	
na	na	na	-1.65676	-1.50988	
na	na	na	na	na	
na	na	na	na	na	
na	na	na	na	na	
na	na	na	na	na	
0.76941	na	-1.56732	na	na	
na	0.76941	na	na	na	
na	na	na	na	na	
na	na	na	na	na	
na	na	na	na	0.569933	
na	na	-1.56732	0.76941	na	
na	na	na	0.569933	na	
0.313463	na	na	-1.56732	na	
na	na	na	na	na	
na	na	na	na	na	
na	na	na	na	na	
na	-1.56732	na	na	na	
na	na	na	na	na	
na	na	na	-1.56732	na	
na	na	na	na	na	
na	na	na	na	na	
na	na	na	na	-1.56732	
na	na	na	na	na	
na	na	na	-0.839941	-1.55151	
na	na	-1.56732	na	na	
na	na	-1.56732	-1.56732	na	
na	na	na	na	na	
na	na	-0.859072	-1.29237	-1.59341	
na	na	na	na	na	
na	na	na	na	na	
na	na	0.569933	na	na	
na	-1.56732	na	na	na	
na	-1.56732	na	na	na	
na	na	0.569933	na	na	
na	na	na	-1.08436	-0.62114	
na	na	na	na	na	
-1.56732	na	na	na	na	
-2.09985	na	na	na	-1.56732	
na	na	na	na	na	
na	na	-1.56732	na	na	
na	na	na	2.19076	2.21448	
na	na	na	na	na	
na	na	na	na	na	
na	na	na	na	na	
na	na	-1.56732	na	na	
na	na	1.97927	1.66858	1.10552	
na	na	na	na	na	
na	na	na	-1.56732	na	
na	na	0.763583	1.59533	1.20171	
na	na	na	-1.56732	na	
-1.56732	na	na	na	na	
na	na	-1.97635	-1.08211	-1.65676	
0.41997	-0.489863	na	na	na	
na	na	na	na	na	
na	na	na	na	na	
na	na	na	na	na	
na	na	na	na	na	
na	na	na	-1.56732	na	
-1.56732	-0.839941	-1.56732	na	na	
na	na	na	-0.974531	-0.556875	
na	na	-1.56732	na	na	
na	na	na	na	-1.56732	
na	na	na	na	na	
na	na	na	na	na	
na	na	na	na	na	
na	na	-2.64516	0.367345	-1.87536	
-1.56732	-1.56732	na	na	na	
na	na	-1.56732	na	na	
na	na	na	na	na	
na	na	na	na	na	
na	na	na	na	na	
na	na	na	na	na	
na	na	-0.999212	-0.839941	-0.116144	
na	na	1.48009	1.1138	1.23599	
na	na	na	na	na	
na	na	na	na	na	
na	na	na	na	na	
