TD[0]	TD[1]	TD[2]	TD[3]	TD[4]	
na	na	-1.14053	-1.89423	-1.94368	
na	-1.14053	na	na	na	
na	na	na	na	na	
na	na	na	na	na	
na	na	-1.14053	na	na	
na	na	na	na	na	
na	na	na	na	na	
na	na	-1.14053	na	na	
na	na	na	na	na	
na	na	na	-1.14053	na	
na	na	na	na	na	
na	na	na	na	na	
na	na	-1.14053	na	na	
na	na	na	na	-1.45138	
na	na	-1.14053	na	na	
na	na	na	-0.0474906	-1.45138	
na	na	na	na	na	
na	na	na	na	-2.18171	
na	na	na	na	na	
na	na	na	na	na	
na	-1.14053	na	na	na	
na	na	na	-2.16494	-1.14053	
na	na	na	na	-1.14053	
na	na	-2.2019	-2.14175	-1.47776	
na	na	na	na	na	
na	na	na	-1.14053	na	
-1.14053	na	na	na	na	
na	na	-1.14053	-2.2019	-2.13253	
na	na	-1.14053	-2.06659	-2.13253	
na	na	na	na	na	
na	na	na	na	na	
na	na	na	na	na	
na	-1.14053	na	na	na	
na	na	-1.14053	na	na	
na	-1.14053	na	na	na	
na	na	na	na	na	
na	na	na	na	na	
na	na	-1.14053	na	na	
na	na	-1.14053	-1.14053	-1.14053	
na	na	-1.14053	na	na	
na	na	na	na	na	
na	na	-2.13253	-1.45138	-2.13253	
na	na	-1.98343	-1.88915	-1.57231	
na	na	na	na	-1.14053	
na	na	na	na	na	
-1.62929	-1.74687	na	-1.14053	na	
na	na	na	-2.15525	-2.18171	
na	na	-1.62929	na	na	
na	na	-1.14053	na	na	
na	na	na	na	na	
na	na	na	na	-1.14053	
na	na	na	na	na	
na	na	na	na	na	
na	na	na	na	na	
na	na	na	-1.45138	na	
na	na	na	-1.14053	na	
na	na	na	na	na	
na	na	na	na	na	
na	na	-1.14053	na	na	
na	na	na	-1.62929	-2.01608	
na	na	na	na	na	
na	na	na	na	-1.62929	
na	na	-1.14053	na	na	
na	na	-0.344555	-0.53028	-0.359559	
na	na	na	na	na	
na	na	-1.83094	-2.10387	-2.17371	
na	na	-1.14053	-1.45138	na	
-1.45138	-1.14053	na	na	na	
na	na	na	na	na	
na	na	na	na	na	
na	na	-1.62929	-2.0434	-1.83094	
na	0.540555	na	na	-1.89423	
na	na	na	na	na	
na	na	na	na	na	
na	na	-1.14053	na	na	
na	na	na	-1.14053	-1.74687	
na	na	na	na	na	
na	na	na	na	na	
na	na	na	na	-1.14053	
na	na	-1.14053	na	na	
na	na	na	-1.98343	-1.74687	
na	-1.74687	-2.10387	-2.2019	-2.15525	
na	na	na	na	na	
na	na	-1.14053	na	na	
na	na	-1.14053	-2.0434	-2.2076	
na	na	na	na	na	
na	na	na	na	na	
na	na	na	na	na	
na	na	na	na	na	
na	na	-1.14053	-2.2129	-2.08654	
na	na	na	na	na	
-1.62929	na	na	na	na	
na	na	na	na	na	
na	na	na	na	na	
na	na	-1.14053	na	na	
na	na	na	na	na	
na	na	na	-1.14053	na	
na	na	na	na	na	
na	na	na	-2.18901	-2.10387	
na	na	na	na	-1.14053	
na	na	na	na	na	
na	-1.14053	-2.19572	-2.06659	na	
na	na	na	-1.14053	na	
na	na	-1.14053	na	-2.01608	
na	na	na	na	na	
na	na	-1.45138	na	-1.98343	
-1.45138	-1.14053	na	na	na	
na	na	-2.22668	-2.06659	-2.23445	
na	na	na	na	na	
-1.89423	na	-1.14053	na	-0.828791	
na	na	na	na	na	
na	na	-1.14053	-0.487653	-0.332183	
na	na	na	na	na	
na	-1.14053	-1.14053	na	na	
na	na	-1.14053	na	na	
na	-1.14053	-2.23069	-1.62929	-1.74687	
na	na	na	na	-1.14053	
na	na	na	na	na	
na	na	na	na	na	
na	na	na	na	na	
na	na	-1.14053	na	na	
na	na	na	na	na	
na	na	na	na	na	
na	-1.45138	na	na	na	
na	na	na	na	na	
na	na	na	na	na	
na	na	na	na	na	
na	na	na	na	-1.14053	
na	na	na	na	na	
-1.14053	na	na	na	-0.849715	
na	na	na	na	na	
na	na	na	na	na	
na	na	na	na	na	
na	-1.74687	-2.06659	-2.22668	-1.94368	
na	na	na	-1.14053	na	
na	na	na	na	na	
na	na	na	na	-1.45138	
na	na	-1.14053	na	-1.14053	
na	na	na	na	na	
na	na	na	na	na	
na	na	na	na	na	
na	na	-1.62929	-2.13253	-2.01608	
na	na	na	na	na	
na	na	na	na	-1.14053	
na	na	na	na	na	
na	na	-2.06659	-1.74687	-1.94368	
na	na	-2.24445	na	-1.14053	
na	na	na	-1.45138	-1.45138	
na	na	na	na	na	
na	-1.14053	-1.14053	na	na	
na	na	-1.14053	na	na	
na	na	na	na	na	
na	na	na	na	na	
na	na	na	na	-1.45138	
na	na	-1.14053	-1.14053	na	
na	na	na	na	na	
na	na	na	na	na	
na	na	na	na	-0.194921	
na	na	na	na	-1.14053	
na	na	na	na	na	
na	na	na	na	na	
na	na	na	na	na	
na	na	na	na	na	
na	na	-1.14053	-1.14053	-1.14053	
na	na	na	na	-1.14053	
-1.45138	na	na	na	na	
na	na	na	na	na	
na	na	na	na	na	
na	na	na	na	na	
na	-1.14053	na	na	1.3811	
-2.0434	-2.06659	na	na	na	
na	na	na	na	na	
na	na	na	na	na	
na	-1.14053	na	na	na	
na	na	na	na	na	
na	na	na	na	na	
na	-1.14053	na	na	-1.14053	
na	na	na	na	na	
na	-1.14053	na	na	na	
na	na	-1.14053	na	na	
na	na	-1.89423	-1.83094	-1.98343	
na	na	na	na	na	
na	na	-1.74687	-1.83094	-1.94368	
na	-1.14053	na	-0.359559	-0.248047	
na	na	na	na	na	
na	-1.14053	na	-1.62929	-1.45138	
na	na	na	na	na	
-1.14053	na	na	2.59684	2.21712	
na	na	na	na	na	
na	na	-1.14053	na	na	
na	na	na	-0.353188	-0.366505	
na	na	na	-1.14053	-1.14053	
-1.14053	na	na	na	na	
na	na	na	-1.94368	-2.01608	
na	na	na	na	na	
na	na	na	na	na	
na	na	na	na	na	
na	na	na	na	na	
na	na	na	na	na	
na	na	na	na	na	
na	na	na	na	na	
na	na	na	na	na	
-1.98343	na	na	na	na	
na	na	na	na	na	
na	na	-0.72873	na	-1.62929	
na	na	na	na	na	
na	na	na	na	na	
na	na	-1.14053	-1.14053	-1.98343	
na	-1.14053	na	na	na	
-1.14053	-2.0434	-1.14053	na	na	
na	na	na	na	na	
na	na	na	-1.14053	na	
na	na	na	na	na	
na	na	na	-1.14053	na	
na	na	-1.14053	-1.14053	na	
na	na	na	na	na	
na	na	na	na	na	
na	na	na	na	na	
-1.14053	na	na	-1.14053	na	
na	na	na	1.3811	na	
na	na	na	na	na	
1.52266	na	na	na	na	
na	na	na	na	na	
na	na	na	na	na	
na	na	na	na	na	
na	na	na	na	na	
na	-1.14053	-1.45138	na	na	
na	-1.14053	na	na	-1.14053	
na	na	na	-1.14053	na	
na	na	na	na	na	
na	na	na	na	na	
na	na	-1.89423	-2.18171	-2.0434	
na	na	na	na	na	
-2.01608	-1.14053	na	na	na	
na	na	na	na	na	
na	na	na	na	na	
na	na	na	-1.14053	na	
na	na	na	-1.14053	na	
na	-1.14053	na	na	na	
na	-1.14053	-1.14053	-1.14053	na	
na	na	na	na	na	
na	na	na	na	na	
na	na	-1.14053	-1.14053	na	
na	na	na	na	na	
na	na	na	na	na	
na	na	na	0.86777	0.687882	
na	na	-1.14053	-1.14053	na	
na	na	-1.14053	na	na	
na	na	na	na	na	
na	na	-1.14053	na	na	
na	-1.14053	na	na	-1.74687	
na	-1.14053	-2.22668	-1.57231	-2.0434	
na	na	na	na	na	
na	na	na	na	na	
-1.45138	-1.62929	na	na	na	
na	na	na	na	na	
na	-1.14053	na	-1.14053	na	
na	na	na	-1.14053	na	
na	na	na	na	na	
na	na	na	na	na	
na	na	-1.14053	-0.194921	-0.364457	
-1.14053	na	na	na	na	
-1.45138	na	na	na	-1.14053	
na	na	na	-2.0434	-2.14451	
na	na	na	na	na	
na	na	-1.45138	na	na	
na	na	na	na	na	
-1.45138	na	na	na	na	
na	na	na	na	na	
na	na	na	-1.14053	na	
-0.332183	-0.344555	na	na	na	
na	na	-0.353188	-0.298546	-0.500758	
na	na	na	na	na	
na	na	na	na	-1.14053	
na	na	na	na	na	
na	na	na	-2.0434	-1.14053	
na	na	na	-1.14053	na	
-1.14053	-2.01608	-2.24742	-1.74687	-1.14053	
na	na	na	na	na	
na	na	na	-0.194921	-0.366505	
na	na	na	na	na	
na	na	na	na	na	
na	na	na	na	na	
na	-1.14053	na	na	na	
na	-1.14053	na	na	na	
na	-1.14053	na	na	na	
na	na	na	na	na	
na	na	na	na	na	
na	-1.14053	-2.21781	-1.74687	-1.14053	
na	na	na	na	na	
na	na	na	na	na	
na	na	na	na	na	
na	na	-1.45138	-1.32185	-1.83552	
-1.45138	na	-1.14053	-1.14053	na	
na	na	-1.14053	na	na	
na	na	na	na	na	
na	na	-1.14053	na	-1.14053	
na	na	na	na	na	
-1.14053	na	na	na	na	
na	na	na	na	na	
na	na	na	na	-1.14053	
na	na	na	na	-1.14053	
na	na	na	-2.08654	-2.10387	
-1.14053	na	na	na	na	
na	-1.14053	na	na	-1.94368	
na	na	na	na	na	
na	na	na	na	na	
na	na	na	na	na	
na	na	na	na	na	
na	na	na	na	na	
na	na	na	na	na	
na	-1.14053	na	na	na	
na	-1.14053	na	na	na	
na	na	na	na	na	
na	na	na	na	-1.14053	
na	na	na	na	-1.14053	
na	na	na	-1.14053	na	
na	na	na	na	na	
na	na	na	na	-1.14053	
na	na	na	na	na	
na	na	na	na	na	
-1.74687	-1.89423	-2.08654	-1.62929	-2.18171	
na	-1.14053	na	-2.21781	-1.89423	
-1.89423	-1.14053	na	na	na	
na	na	na	na	-1.14053	
na	na	-1.14053	na	na	
-1.45138	na	na	na	na	
na	na	na	1.06589	na	
na	na	na	na	na	
na	na	na	na	na	
na	na	na	na	na	
na	na	na	na	na	
na	na	na	na	-1.14053	
na	na	na	na	na	
na	na	-1.89423	-2.16494	-2.11908	
na	na	na	-1.14053	na	
na	na	na	na	na	
na	na	na	-2.18171	-2.2529	
na	na	na	na	na	
na	na	-1.14053	na	na	
na	na	na	na	na	
-1.14053	-1.14053	na	-1.14053	na	
na	-1.14053	na	na	na	
na	na	na	na	na	
na	na	na	na	na	
na	na	-1.14053	na	na	
na	na	na	na	na	
na	na	na	na	na	
na	-1.89423	-1.45138	na	na	
na	na	na	na	-1.83094	
na	-1.14053	2.0578	1.63255	2.05203	
na	na	na	na	-2.2019	
na	na	na	na	na	
na	na	na	na	na	
na	na	na	-1.14053	na	
na	na	-1.14053	na	na	
na	na	na	na	0.988912	
na	na	1.3811	na	na	
na	na	-2.2129	-2.2224	-2.10387	
na	na	-1.14053	na	na	
na	na	na	na	na	
na	na	na	na	na	
na	na	na	na	na	
na	na	na	na	na	
-1.14053	na	na	na	na	
na	na	-1.14053	na	na	
na	na	-2.14451	-1.98343	-1.89423	
na	na	-1.04721	-1.77502	-1.62969	
na	na	-1.14053	-2.13253	-2.11908	
na	na	na	-1.98343	-1.74687	
-2.08654	-1.94368	-2.2019	-2.01608	-2.06659	
na	na	na	na	na	
na	na	na	na	na	
na	na	na	na	na	
na	na	na	na	na	
na	na	na	-1.14053	na	
na	na	na	na	-1.14053	
na	na	na	na	-1.14053	
-1.14053	-1.14053	na	na	na	
na	na	na	-1.14053	na	
na	na	na	na	na	
na	na	na	na	na	
na	na	na	na	na	
na	na	-1.14053	na	na	
na	na	na	-1.94368	-2.03339	
na	na	na	na	na	
na	na	na	na	-1.14053	
na	na	-1.14053	na	na	
na	na	-2.13253	-2.17371	-2.21781	
na	na	na	na	-0.194921	
na	na	na	na	na	
na	na	na	na	na	
na	na	na	-1.14053	na	
na	na	na	na	na	
na	na	na	na	na	
na	na	na	na	na	
na	na	na	-1.14053	-1.89423	
-1.14053	na	na	na	na	
na	na	na	-1.14053	na	
na	na	na	na	na	
-1.14053	na	na	na	na	
na	na	-1.14053	na	na	
na	-1.14053	-1.14053	-1.14053	-1.14053	
na	na	na	na	na	
na	na	na	na	na	
na	na	na	na	na	
na	na	na	na	na	
na	-1.62929	na	na	na	
na	na	na	na	na	
-1.14053	na	na	na	na	
na	na	na	na	na	
na	na	na	na	na	
na	na	na	na	na	
na	na	na	na	na	
na	na	na	na	na	
na	na	na	na	na	
na	na	-1.14053	-1.14053	na	
na	na	na	na	na	
-1.89423	na	na	-1.14053	-2.18171	
-2.06659	-1.45138	na	na	na	
na	na	na	na	na	
na	na	na	-1.14053	na	
na	na	na	na	na	
na	na	na	na	na	
-2.01608	-1.14053	na	na	-1.14053	
na	na	na	na	-1.74687	
na	na	-1.94368	-2.2224	-2.01608	
na	na	-1.83094	-2.19572	-2.13253	
na	na	-1.45138	na	na	
na	na	na	na	na	
na	-1.14053	na	na	na	
na	na	na	na	na	
na	na	-2.06659	-1.74687	-1.45138	
na	na	na	na	na	
na	na	na	na	na	
na	na	na	na	-1.14053	
na	na	na	-1.14053	na	
na	na	na	na	na	
na	na	na	-0.364457	-0.312914	
na	na	na	na	na	
na	na	na	-2.21781	-2.08654	
na	na	na	na	na	
na	na	na	na	na	
na	na	na	na	na	
na	-1.14053	na	na	na	
na	na	na	na	na	
na	na	na	na	na	
na	na	na	na	na	
na	na	na	na	na	
na	na	-1.14053	na	na	
na	na	-2.19572	na	-1.45138	
na	na	-1.14053	na	-1.14053	
na	na	na	na	na	
na	na	na	na	na	
-1.83094	na	na	na	na	
na	na	na	na	na	
na	na	-1.89423	-2.01608	na	
na	na	na	na	na	
na	na	-1.45138	-1.98343	-2.10387	
na	na	2.8835	2.89588	2.82101	
na	na	na	na	na	
na	na	na	na	-2.15525	
na	na	-1.14053	na	na	
na	na	na	na	na	
na	na	na	na	na	
-1.22373	-1.98343	na	na	na	
na	na	na	na	na	
na	na	na	na	na	
na	-1.14053	na	na	na	
na	na	na	na	na	
na	na	na	na	na	
na	na	na	na	na	
na	na	na	na	na	
na	na	na	na	na	
na	na	na	na	na	
na	na	na	na	2.66633	
na	na	na	na	na	
na	-1.14053	-2.24445	-1.74687	-2.19572	
na	na	na	na	na	
na	na	-1.14053	na	na	
-1.14053	na	na	na	na	
na	na	na	na	na	
na	na	na	-1.45138	-2.2076	
na	-1.14053	na	na	na	
na	na	na	na	na	
na	na	na	na	na	
na	na	-1.14053	-0.349224	-0.385871	
na	na	na	na	na	
na	na	na	na	na	
-1.45138	na	na	na	na	
na	na	na	na	-1.45138	
na	na	-1.14053	-2.06659	-2.10387	
na	na	na	na	na	
na	na	na	-0.344555	-0.323731	
na	na	-1.94368	-2.13253	-1.74687	
na	na	na	na	na	
na	na	na	na	na	
na	na	na	na	-1.14053	
na	na	na	-1.74687	-1.74687	
na	na	na	na	na	
na	na	na	na	na	
na	na	na	na	-0.194921	
na	na	-1.14053	na	na	
na	na	-1.62929	-1.94368	-2.11908	
na	na	na	na	na	
na	na	na	na	-1.74687	
na	na	-2.2076	-2.24131	-1.62929	
na	na	na	na	na	
na	na	na	-1.14053	na	
na	-1.14053	-1.14053	na	na	
na	na	na	-2.13253	-2.11908	
na	-1.14053	na	na	na	
na	na	na	na	na	
na	na	-1.14053	na	-1.14053	
na	na	na	na	na	
-1.14053	na	na	na	na	
na	na	na	na	na	
na	na	na	na	na	
na	na	na	na	na	
na	na	na	na	na	
na	na	na	-1.14053	na	
na	na	na	na	na	
na	na	na	-2.14451	-1.74687	
na	na	na	na	-1.14053	
na	na	na	na	na	
na	na	na	-1.14053	na	
na	-1.14053	na	na	na	
na	na	na	na	na	
na	na	-1.45138	-2.06659	-1.62929	
na	na	-1.14053	na	na	
na	na	na	na	na	
na	na	na	na	na	
na	na	na	-1.83094	-2.0434	
na	-1.14053	na	na	na	
-1.14053	na	-2.08654	-2.11908	-2.01608	
na	na	-2.25023	-1.1199	-1.80511	
na	na	na	na	na	
na	na	-2.14451	-2.08654	-2.11908	
na	na	na	na	na	
na	na	na	na	na	
na	na	na	na	na	
na	na	na	na	na	
na	na	na	-1.14053	na	
na	na	na	na	na	
na	na	-1.45138	na	na	
na	na	-0.381233	-0.356597	-0.356597	
na	na	na	na	-1.45138	
na	na	na	na	na	
na	na	na	na	na	
na	na	na	-2.13253	-1.14053	
na	na	na	na	na	
na	na	na	-1.14053	na	
na	na	na	na	na	
na	na	na	na	-1.14053	
na	na	-1.14053	na	na	
na	-1.14053	na	na	-1.45138	
2.66264	1.97294	-1.14053	na	na	
na	na	na	na	-1.14053	
na	na	-1.14053	-1.14053	na	
na	na	-2.2076	-2.18171	-2.08654	
-1.14053	na	na	na	na	
na	na	na	na	-1.14053	
na	-1.14053	-2.24742	-2.0434	-2.10387	
na	na	na	na	na	
na	na	na	na	na	
na	na	na	na	na	
na	-1.14053	na	na	-1.94368	
na	na	na	na	na	
na	na	na	na	-1.45138	
na	na	na	na	na	
na	na	-2.24742	-2.19572	-0.37411	
-1.62929	na	na	na	na	
na	na	na	na	na	
na	na	-0.362158	-0.366505	-0.248047	
na	na	-1.14053	na	-1.62929	
na	na	na	na	-1.14053	
na	na	na	-1.14053	-2.17371	
na	na	na	-1.14053	na	
na	na	na	-2.01608	-1.89423	
na	na	-1.14053	na	na	
na	na	na	na	na	
na	na	na	na	na	
na	na	na	-1.14053	na	
na	na	na	na	na	
na	-1.45138	-1.14053	na	na	
na	na	na	na	na	
na	na	na	-1.14053	-1.83094	
na	na	na	na	na	
-2.08654	na	na	-1.98343	-2.10387	
-1.94368	-1.89423	na	na	na	
na	na	na	na	-2.13253	
na	na	na	na	na	
na	na	na	na	na	
na	na	na	na	na	
na	na	na	na	na	
na	na	na	-2.23069	-2.11908	
na	na	na	na	na	
na	na	na	na	na	
na	na	na	na	na	
na	na	na	na	na	
na	na	na	na	na	
na	na	-1.14053	na	na	
na	na	na	na	na	
na	na	na	na	na	
na	na	na	na	na	
na	na	na	na	na	
na	na	na	na	na	
na	na	na	na	na	
na	na	na	-1.14053	na	
na	na	na	na	na	
na	na	na	-2.01608	-1.14053	
na	na	na	-1.14053	na	
na	na	na	-2.11908	-1.14053	
na	na	na	na	na	
na	na	-1.14053	na	na	
na	na	-1.14053	-1.14053	na	
na	na	na	na	na	
na	na	na	na	na	
na	-1.14053	na	na	na	
na	na	-1.45138	na	na	
na	-1.14053	na	na	na	
na	-1.14053	na	na	na	
na	na	na	na	na	
na	na	na	na	na	
na	na	na	na	na	
-1.14053	na	na	na	na	
na	na	-2.21781	-2.0434	-1.83094	
-1.14053	na	na	na	na	
na	na	na	na	na	
na	na	-1.14053	-1.14053	na	
na	-1.14053	na	na	na	
na	na	na	na	na	
na	na	-1.98343	-2.2076	-1.74687	
na	na	na	na	na	
na	na	na	na	na	
na	na	-1.62929	-0.508952	-1.48326	
na	na	na	na	na	
na	na	na	-1.14053	na	
na	na	na	na	na	
na	na	na	na	na	
-1.45138	-1.14053	-1.14053	na	na	
na	na	-1.14053	na	na	
na	na	na	-2.10387	-2.14451	
na	na	na	na	na	
na	na	na	na	na	
na	na	na	na	na	
na	na	na	na	0.540555	
na	na	na	-0.194921	na	
na	na	na	-1.14053	na	
na	na	na	na	na	
na	na	na	na	-1.14053	
na	na	na	na	na	
na	-1.14053	-1.14053	-1.14053	na	
na	-1.14053	-1.14053	na	na	
na	na	-1.14053	na	na	
na	na	na	na	na	
na	na	-1.14053	na	na	
na	na	na	na	na	
na	na	-1.14053	na	na	
na	na	na	na	na	
-1.62929	na	na	-0.298546	-0.298546	
na	na	na	na	na	
na	na	na	na	na	
na	na	na	na	na	
na	na	na	na	na	
na	-1.14053	na	na	na	
na	na	na	na	na	
na	na	na	na	na	
na	na	na	na	na	
na	na	na	na	na	
na	na	na	na	na	
na	na	na	-2.19572	-1.83094	
na	na	na	na	na	
na	na	na	na	na	
na	na	na	na	na	
na	na	-2.0434	-1.14053	-2.2076	
na	na	na	na	na	
na	na	na	-1.45138	na	
na	na	na	na	na	
na	-1.14053	na	na	na	
-1.89423	na	-2.2019	na	na	
na	na	na	na	na	
na	-1.14053	na	na	na	
na	na	-2.18901	-1.89423	-1.83094	
na	na	na	na	na	
na	na	na	na	na	
na	na	na	-1.14053	na	
na	na	na	na	-1.14053	
-1.14053	-1.14053	na	-1.62929	-2.0434	
na	na	na	na	na	
na	na	na	na	na	
na	na	na	na	-1.14053	
na	na	na	na	na	
na	na	na	na	na	
na	na	na	na	na	
na	na	na	na	-1.14053	
na	na	na	na	na	
na	na	-2.08654	-1.89423	-2.0434	
na	na	na	na	na	
na	na	na	na	na	
na	na	na	na	na	
na	na	na	na	na	
na	na	na	na	na	
na	na	-1.14053	-2.08654	-1.83094	
na	na	na	na	na	
na	na	-1.14053	na	na	
na	-1.14053	na	na	na	
na	na	na	na	na	
na	na	-1.14053	na	na	
na	na	na	na	na	
na	na	na	na	na	
na	na	na	na	na	
na	na	na	-1.14053	na	
na	-1.14053	na	na	na	
na	na	na	na	na	
na	-1.14053	-1.14053	na	na	
na	na	-1.14053	na	na	
na	-1.14053	na	-1.14053	na	
na	-1.14053	-1.98343	-2.2224	-2.19572	
-1.14053	na	na	na	na	
na	-1.14053	na	na	na	
na	-1.14053	-2.01608	na	-1.14053	
na	na	na	na	na	
-1.98343	-1.14053	-1.14053	-1.14053	na	
na	-1.14053	na	-1.14053	na	
na	-1.14053	na	na	na	
na	na	-1.14053	na	na	
na	na	na	na	na	
na	na	na	na	na	
na	na	na	na	na	
na	na	na	na	na	
na	na	na	na	na	
na	na	na	-1.14053	na	
na	-1.14053	na	na	-1.14053	
na	na	-1.14053	na	na	
na	na	na	na	na	
na	na	na	-1.62929	-2.06659	
na	na	na	na	na	
na	na	na	na	na	
na	na	na	na	na	
na	na	na	-0.376312	-0.379816	
na	na	na	na	na	
na	na	na	na	na	
na	na	na	na	na	
na	na	na	na	na	
na	na	na	na	na	
na	na	na	na	na	
na	na	na	na	na	
na	na	na	na	na	
na	na	na	na	-1.62929	
na	na	-0.194921	na	na	
na	na	-1.14053	na	na	
na	-1.14053	-1.14053	na	na	
na	na	-1.14053	-2.06659	-2.10387	
na	na	-2.18901	-2.21781	-1.45138	
na	na	-1.14053	na	na	
na	-1.14053	na	-1.14053	na	
na	na	na	na	-1.14053	
na	-1.14053	na	na	-1.14053	
na	na	na	na	na	
na	na	na	na	na	
na	-1.14053	-1.14053	na	na	
-0.338975	na	-0.449755	-0.750087	na	
na	na	na	na	-1.14053	
na	-1.14053	na	na	-1.14053	
na	na	na	na	na	
na	na	na	na	na	
na	na	-1.74687	-1.56716	-1.79333	
na	-1.14053	na	na	na	
na	-1.14053	na	na	na	
na	na	na	-1.14053	na	
na	na	na	na	na	
na	na	na	-1.14053	na	
na	na	na	na	na	
na	na	-1.14053	na	na	
na	na	na	na	na	
na	na	-1.45138	na	na	
na	na	na	na	-2.14451	
na	na	na	na	na	
na	-1.14053	na	na	na	
na	na	na	na	-1.14053	
na	na	na	na	na	
na	na	-0.194921	na	na	
na	na	-1.45138	na	-1.45138	
na	na	-1.74687	-2.15525	-2.06659	
na	na	na	-0.194921	na	
na	na	na	na	na	
na	na	na	na	-1.14053	
na	na	-0.278451	0.694186	-0.643648	
na	na	na	na	na	
na	na	na	-0.194921	-1.14053	
na	na	-2.2224	-2.2224	-2.15525	
na	na	na	na	na	
-1.14053	na	na	na	na	
na	na	-1.14053	na	na	
na	na	-1.14053	na	-1.14053	
na	na	na	na	na	
na	na	na	-1.14053	na	
na	na	na	na	na	
na	-1.14053	-2.24445	-2.14451	-2.16494	
na	na	-1.14053	na	-1.14053	
na	na	na	na	na	
na	na	na	na	na	
-1.14053	na	-2.01608	-2.06659	-2.01608	
na	-1.14053	na	na	na	
na	-1.14053	-1.14053	na	na	
na	na	na	na	na	
na	-1.14053	na	-1.14053	na	
na	na	na	na	na	
na	na	na	na	-1.14053	
na	na	na	na	na	
na	na	-0.849715	-0.368341	-0.359559	
na	na	na	na	-1.14053	
na	na	na	na	na	
-1.14053	na	na	na	na	
na	na	na	na	na	
na	na	na	na	na	
na	na	na	na	na	
na	na	-1.14053	na	na	
na	na	-1.14053	na	na	
na	na	na	-1.62929	-1.98343	
-1.14053	na	na	na	na	
-2.0434	-1.62929	na	-1.14053	na	
na	na	-1.14053	na	na	
na	na	-2.26229	-1.89423	-1.45138	
na	na	-1.14053	na	na	
na	na	na	na	-1.14053	
na	na	-1.89423	-1.94368	-2.18171	
na	na	na	na	na	
na	na	na	-2.2129	-2.10387	
na	na	na	na	na	
na	-1.14053	na	na	na	
na	na	-1.14053	na	-1.14053	
na	-1.14053	na	na	na	
na	na	na	na	na	
na	na	-1.14053	na	na	
na	na	na	na	na	
na	-1.14053	na	na	na	
na	na	na	na	na	
na	na	na	na	na	
na	-1.14053	-2.27951	-2.2224	-1.45138	
na	na	na	na	na	
na	na	na	na	na	
na	na	na	na	na	
na	na	na	na	na	
na	na	na	-1.94368	-1.14053	
na	na	na	na	na	
na	na	na	na	na	
-1.45138	-1.83094	na	na	na	
na	na	na	na	-2.16494	
na	na	na	na	na	
na	-1.14053	na	na	na	
na	na	na	na	na	
na	na	na	na	na	
na	na	na	na	na	
-1.14053	na	na	na	na	
-1.74687	na	-1.89423	-1.99358	-1.16775	
na	na	na	na	na	
na	na	na	na	na	
na	na	na	na	na	
-1.14053	na	na	na	na	
na	na	na	na	na	
na	na	-1.14053	na	na	
na	na	-2.0434	-2.16494	-2.08654	
-1.62929	-1.14053	-1.14053	-1.14053	na	
na	na	na	na	na	
na	na	na	na	na	
na	na	na	na	na	
na	-1.14053	na	na	na	
na	na	na	na	na	
na	na	na	na	na	
na	na	na	1.52266	1.51437	
na	na	na	na	na	
na	na	na	na	na	
-1.74687	-1.98343	-2.08654	-2.0434	-1.74687	
na	na	na	na	na	
na	na	na	na	na	
na	na	-1.14053	-1.14053	-1.14053	
na	na	na	-1.74687	-1.94368	
na	na	na	na	na	
na	na	na	-2.08654	-1.94368	
na	na	-1.14053	na	na	
na	-1.45138	na	na	na	
na	na	na	na	na	
na	na	na	na	na	
na	-1.14053	na	na	na	
na	na	na	na	-1.14053	
na	na	na	na	na	
na	na	-1.14053	na	na	
na	na	na	na	-2.14451	
na	na	na	na	na	
na	na	na	-1.14053	na	
0.540555	na	na	-1.14053	-2.0434	
na	na	na	na	na	
na	na	na	na	na	
na	na	na	na	na	
na	na	na	na	na	
na	na	-2.08591	-1.1369	-1.94503	
na	na	na	na	-1.14053	
na	na	na	na	na	
na	na	na	na	na	
na	na	na	-2.2129	-2.01608	
na	na	na	na	na	
na	na	na	na	na	
na	na	na	na	na	
na	na	na	na	na	
na	na	na	na	na	
na	na	na	1.06589	1.93135	
na	na	na	-1.45138	-1.74687	
na	na	na	na	na	
na	na	na	-1.83094	-1.52081	
na	na	na	-1.14053	-1.14053	
na	na	-2.15525	-2.18171	-2.2076	
na	na	-1.14053	na	na	
na	-1.14053	-1.14053	na	0.955519	
na	na	na	na	-1.14053	
na	na	na	na	na	
na	na	-1.14053	-1.14053	na	
na	na	-0.194921	na	-1.14053	
na	na	na	na	na	
na	na	na	-1.45138	0.997128	
na	na	na	na	na	
na	na	-1.14053	na	na	
na	na	na	-2.13253	-1.83094	
na	na	na	na	na	
na	na	na	na	na	
na	na	na	na	na	
na	na	na	na	na	
0.540555	na	-1.14053	na	na	
na	0.540555	na	na	na	
na	na	na	na	na	
na	na	na	na	na	
na	na	na	na	-0.194921	
na	na	-1.14053	0.540555	na	
na	na	na	-0.194921	na	
-1.14053	na	na	-1.14053	na	
na	na	na	na	na	
na	na	na	na	na	
na	na	na	na	na	
na	-1.14053	na	na	na	
na	na	na	na	na	
na	na	na	-1.14053	na	
na	na	na	na	na	
na	na	na	na	na	
na	na	na	na	-1.14053	
na	na	na	na	na	
na	na	na	-1.45138	-1.94368	
na	na	-1.14053	na	na	
na	na	-1.14053	-1.14053	na	
na	na	na	na	na	
na	na	-2.15525	-2.16494	-2.24445	
na	na	na	na	na	
na	na	na	na	na	
na	na	-0.194921	na	na	
na	-1.14053	na	na	na	
na	-1.14053	na	na	na	
na	na	-0.194921	na	na	
na	na	na	-2.08654	-2.10387	
na	na	na	na	na	
-1.14053	na	na	na	na	
-1.45138	na	na	na	-1.14053	
na	na	na	na	na	
na	na	-1.14053	na	na	
na	na	na	1.99297	2.00417	
na	na	na	na	na	
na	na	na	na	na	
na	na	na	na	na	
na	na	-1.14053	na	na	
na	na	1.04629	0.955519	0.625341	
na	na	na	na	na	
na	na	na	-1.14053	na	
na	na	-0.248047	-0.392495	-0.338975	
na	na	na	-1.14053	na	
-1.14053	na	na	na	na	
na	na	-2.10387	-1.74687	-2.13253	
-1.45138	-1.62929	na	na	na	
na	na	na	na	na	
na	na	na	na	na	
na	na	na	na	na	
na	na	na	na	na	
na	na	na	-1.14053	na	
-1.14053	-1.45138	-1.14053	na	na	
na	na	na	-2.0434	-2.0434	
na	na	-1.14053	na	na	
na	na	na	na	-1.14053	
na	na	na	na	na	
na	na	na	na	na	
na	na	na	na	na	
na	na	-2.0434	-0.429033	-1.69935	
-1.14053	-1.14053	na	na	na	
na	na	-1.14053	na	na	
na	na	na	na	na	
na	na	na	na	na	
na	na	na	na	na	
na	na	na	na	na	
na	na	-2.2224	-1.45138	-1.83094	
na	na	-0.379032	-0.323731	-0.344555	
na	na	na	na	na	
na	na	na	na	na	
na	na	na	na	na	
