ZnA[0]	ZnA[1]	ZnA[2]	ZnA[3]	ZnA[4]	
na	na	na	1	1	
na	na	na	na	na	
na	na	na	na	na	
na	na	na	na	na	
na	na	na	na	na	
na	na	na	na	na	
na	na	na	na	na	
na	na	na	na	na	
na	na	na	na	na	
na	na	na	na	na	
na	na	na	na	na	
na	na	na	na	na	
na	na	na	na	na	
na	na	na	na	0.00826446	
na	na	na	na	na	
na	na	na	0.0454545	1	
na	na	na	na	na	
na	na	na	na	1	
na	na	na	na	na	
na	na	na	na	na	
na	na	na	na	na	
na	na	na	1	na	
na	na	na	na	na	
na	na	1	0.693254	0.547107	
na	na	na	na	na	
na	na	na	na	na	
na	na	na	na	na	
na	na	na	1	1	
na	na	na	1	1	
na	na	na	na	na	
na	na	na	na	na	
na	na	na	na	na	
na	na	na	na	na	
na	na	na	na	na	
na	na	na	na	na	
na	na	na	na	na	
na	na	na	na	na	
na	na	na	na	na	
na	na	na	na	na	
na	na	na	na	na	
na	na	na	na	na	
na	na	1	1	1	
na	na	1	0.823691	0.766234	
na	na	na	na	na	
na	na	na	na	na	
1	1	na	na	na	
na	na	na	1	0.895607	
na	na	0.00826446	na	na	
na	na	na	na	na	
na	na	na	na	na	
na	na	na	na	na	
na	na	na	na	na	
na	na	na	na	na	
na	na	na	na	na	
na	na	na	0.00826446	na	
na	na	na	na	na	
na	na	na	na	na	
na	na	na	na	na	
na	na	na	na	na	
na	na	na	1	1	
na	na	na	na	na	
na	na	na	na	1	
na	na	na	na	na	
na	na	1	0.877273	1	
na	na	na	na	na	
na	na	1	1	1	
na	na	na	0.00826446	na	
1	na	na	na	na	
na	na	na	na	na	
na	na	na	na	na	
na	na	1	1	1	
na	na	na	na	1	
na	na	na	na	na	
na	na	na	na	na	
na	na	na	na	na	
na	na	na	na	1	
na	na	na	na	na	
na	na	na	na	na	
na	na	na	na	na	
na	na	na	na	na	
na	na	na	1	1	
na	1	1	0.909842	1	
na	na	na	na	na	
na	na	na	na	na	
na	na	na	1	1	
na	na	na	na	na	
na	na	na	na	na	
na	na	na	na	na	
na	na	na	na	na	
na	na	na	1	1	
na	na	na	na	na	
1	na	na	na	na	
na	na	na	na	na	
na	na	na	na	na	
na	na	na	na	na	
na	na	na	na	na	
na	na	na	na	na	
na	na	na	na	na	
na	na	na	1	1	
na	na	na	na	na	
na	na	na	na	na	
na	na	1	1	na	
na	na	na	na	na	
na	na	na	na	1	
na	na	na	na	na	
na	na	0.00826446	na	0.858323	
1	na	na	na	na	
na	na	1	1	1	
na	na	na	na	na	
1	na	na	na	0.030303	
na	na	na	na	na	
na	na	na	0.848951	1	
na	na	na	na	na	
na	na	na	na	na	
na	na	na	na	na	
na	na	1	1	1	
na	na	na	na	na	
na	na	na	na	na	
na	na	na	na	na	
na	na	na	na	na	
na	na	na	na	na	
na	na	na	na	na	
na	na	na	na	na	
na	0.00826446	na	na	na	
na	na	na	na	na	
na	na	na	na	na	
na	na	na	na	na	
na	na	na	na	na	
na	na	na	na	na	
na	na	na	na	0.0181818	
na	na	na	na	na	
na	na	na	na	na	
na	na	na	na	na	
na	1	0.900826	1	1	
na	na	na	na	na	
na	na	na	na	na	
na	na	na	na	0.00826446	
na	na	na	na	na	
na	na	na	na	na	
na	na	na	na	na	
na	na	na	na	na	
na	na	0.504132	1	1	
na	na	na	na	na	
na	na	na	na	na	
na	na	na	na	na	
na	na	1	1	1	
na	na	1	na	na	
na	na	na	1	1	
na	na	na	na	na	
na	na	na	na	na	
na	na	na	na	na	
na	na	na	na	na	
na	na	na	na	na	
na	na	na	na	1	
na	na	na	na	na	
na	na	na	na	na	
na	na	na	na	na	
na	na	na	na	na	
na	na	na	na	na	
na	na	na	na	na	
na	na	na	na	na	
na	na	na	na	na	
na	na	na	na	na	
na	na	na	na	na	
na	na	na	na	na	
1	na	na	na	na	
na	na	na	na	na	
na	na	na	na	na	
na	na	na	na	na	
na	na	na	na	na	
1	1	na	na	na	
na	na	na	na	na	
na	na	na	na	na	
na	na	na	na	na	
na	na	na	na	na	
na	na	na	na	na	
na	na	na	na	na	
na	na	na	na	na	
na	na	na	na	na	
na	na	na	na	na	
na	na	1	1	1	
na	na	na	na	na	
na	na	1	1	1	
na	na	na	1	1	
na	na	na	na	na	
na	na	na	1	1	
na	na	na	na	na	
na	na	na	1	1	
na	na	na	na	na	
na	na	na	na	na	
na	na	na	1	1	
na	na	na	na	na	
na	na	na	na	na	
na	na	na	1	1	
na	na	na	na	na	
na	na	na	na	na	
na	na	na	na	na	
na	na	na	na	na	
na	na	na	na	na	
na	na	na	na	na	
na	na	na	na	na	
na	na	na	na	na	
1	na	na	na	na	
na	na	na	na	na	
na	na	0.509091	na	1	
na	na	na	na	na	
na	na	na	na	na	
na	na	na	na	1	
na	na	na	na	na	
na	1	na	na	na	
na	na	na	na	na	
na	na	na	na	na	
na	na	na	na	na	
na	na	na	na	na	
na	na	na	na	na	
na	na	na	na	na	
na	na	na	na	na	
na	na	na	na	na	
na	na	na	na	na	
na	na	na	na	na	
na	na	na	na	na	
1	na	na	na	na	
na	na	na	na	na	
na	na	na	na	na	
na	na	na	na	na	
na	na	na	na	na	
na	na	0.00826446	na	na	
na	na	na	na	na	
na	na	na	na	na	
na	na	na	na	na	
na	na	na	na	na	
na	na	1	1	0.779614	
na	na	na	na	na	
1	na	na	na	na	
na	na	na	na	na	
na	na	na	na	na	
na	na	na	na	na	
na	na	na	na	na	
na	na	na	na	na	
na	na	na	na	na	
na	na	na	na	na	
na	na	na	na	na	
na	na	na	na	na	
na	na	na	na	na	
na	na	na	na	na	
na	na	na	1	1	
na	na	na	na	na	
na	na	na	na	na	
na	na	na	na	na	
na	na	na	na	na	
na	na	na	na	1	
na	na	1	0.404959	0.779614	
na	na	na	na	na	
na	na	na	na	na	
1	1	na	na	na	
na	na	na	na	na	
na	na	na	na	na	
na	na	na	na	na	
na	na	na	na	na	
na	na	na	na	na	
na	na	na	na	1	
na	na	na	na	na	
1	na	na	na	na	
na	na	na	1	1	
na	na	na	na	na	
na	na	0.00826446	na	na	
na	na	na	na	na	
1	na	na	na	na	
na	na	na	na	na	
na	na	na	na	na	
1	1	na	na	na	
na	na	1	1	0.821488	
na	na	na	na	na	
na	na	na	na	na	
na	na	na	na	na	
na	na	na	1	na	
na	na	na	na	na	
na	1	1	1	na	
na	na	na	na	na	
na	na	na	na	1	
na	na	na	na	na	
na	na	na	na	na	
na	na	na	na	na	
na	na	na	na	na	
na	na	na	na	na	
na	na	na	na	na	
na	na	na	na	na	
na	na	na	na	na	
na	na	1	0.669421	na	
na	na	na	na	na	
na	na	na	na	na	
na	na	na	na	na	
na	na	0.00826446	0.896806	0.818182	
1	na	na	na	na	
na	na	na	na	na	
na	na	na	na	na	
na	na	na	na	na	
na	na	na	na	na	
na	na	na	na	na	
na	na	na	na	na	
na	na	na	na	na	
na	na	na	na	na	
na	na	na	1	1	
na	na	na	na	na	
na	na	na	na	1	
na	na	na	na	na	
na	na	na	na	na	
na	na	na	na	na	
na	na	na	na	na	
na	na	na	na	na	
na	na	na	na	na	
na	na	na	na	na	
na	na	na	na	na	
na	na	na	na	na	
na	na	na	na	na	
na	na	na	na	na	
na	na	na	na	na	
na	na	na	na	na	
na	na	na	na	na	
na	na	na	na	na	
na	na	na	na	na	
1	0.801653	1	1	1	
na	na	na	1	1	
1	na	na	na	na	
na	na	na	na	na	
na	na	na	na	na	
1	na	na	na	na	
na	na	na	na	na	
na	na	na	na	na	
na	na	na	na	na	
na	na	na	na	na	
na	na	na	na	na	
na	na	na	na	na	
na	na	na	na	na	
na	na	1	1	1	
na	na	na	na	na	
na	na	na	na	na	
na	na	na	1	1	
na	na	na	na	na	
na	na	na	na	na	
na	na	na	na	na	
na	na	na	na	na	
na	na	na	na	na	
na	na	na	na	na	
na	na	na	na	na	
na	na	na	na	na	
na	na	na	na	na	
na	na	na	na	na	
na	1	0.00826446	na	na	
na	na	na	na	1	
na	na	1	1	1	
na	na	na	na	1	
na	na	na	na	na	
na	na	na	na	na	
na	na	na	na	na	
na	na	na	na	na	
na	na	na	na	1	
na	na	na	na	na	
na	na	1	1	0.834711	
na	na	na	na	na	
na	na	na	na	na	
na	na	na	na	na	
na	na	na	na	na	
na	na	na	na	na	
na	na	na	na	na	
na	na	na	na	na	
na	na	1	0.716647	1	
na	na	0.520049	0.473872	0.223967	
na	na	na	1	1	
na	na	na	1	1	
1	1	1	1	1	
na	na	na	na	na	
na	na	na	na	na	
na	na	na	na	na	
na	na	na	na	na	
na	na	na	na	na	
na	na	na	na	na	
na	na	na	na	na	
na	na	na	na	na	
na	na	na	na	na	
na	na	na	na	na	
na	na	na	na	na	
na	na	na	na	na	
na	na	na	na	na	
na	na	na	0.834711	0.66281	
na	na	na	na	na	
na	na	na	na	na	
na	na	na	na	na	
na	na	1	1	1	
na	na	na	na	na	
na	na	na	na	na	
na	na	na	na	na	
na	na	na	na	na	
na	na	na	na	na	
na	na	na	na	na	
na	na	na	na	na	
na	na	na	na	1	
na	na	na	na	na	
na	na	na	na	na	
na	na	na	na	na	
na	na	na	na	na	
na	na	na	na	na	
na	na	na	na	na	
na	na	na	na	na	
na	na	na	na	na	
na	na	na	na	na	
na	na	na	na	na	
na	1	na	na	na	
na	na	na	na	na	
na	na	na	na	na	
na	na	na	na	na	
na	na	na	na	na	
na	na	na	na	na	
na	na	na	na	na	
na	na	na	na	na	
na	na	na	na	na	
na	na	na	na	na	
na	na	na	na	na	
1	na	na	na	1	
1	0.00826446	na	na	na	
na	na	na	na	na	
na	na	na	na	na	
na	na	na	na	na	
na	na	na	na	na	
1	na	na	na	na	
na	na	na	na	1	
na	na	1	1	1	
na	na	1	1	1	
na	na	0.00826446	na	na	
na	na	na	na	na	
na	na	na	na	na	
na	na	na	na	na	
na	na	1	1	1	
na	na	na	na	na	
na	na	na	na	na	
na	na	na	na	na	
na	na	na	na	na	
na	na	na	na	na	
na	na	na	1	1	
na	na	na	na	na	
na	na	na	1	1	
na	na	na	na	na	
na	na	na	na	na	
na	na	na	na	na	
na	na	na	na	na	
na	na	na	na	na	
na	na	na	na	na	
na	na	na	na	na	
na	na	na	na	na	
na	na	na	na	na	
na	na	1	na	1	
na	na	na	na	na	
na	na	na	na	na	
na	na	na	na	na	
1	na	na	na	na	
na	na	na	na	na	
na	na	0.603306	0.752066	na	
na	na	na	na	na	
na	na	1	1	1	
na	na	1	1	1	
na	na	na	na	na	
na	na	na	na	1	
na	na	na	na	na	
na	na	na	na	na	
na	na	na	na	na	
0.342975	1	na	na	na	
na	na	na	na	na	
na	na	na	na	na	
na	na	na	na	na	
na	na	na	na	na	
na	na	na	na	na	
na	na	na	na	na	
na	na	na	na	na	
na	na	na	na	na	
na	na	na	na	na	
na	na	na	na	1	
na	na	na	na	na	
na	na	1	1	1	
na	na	na	na	na	
na	na	na	na	na	
na	na	na	na	na	
na	na	na	na	na	
na	na	na	1	1	
na	na	na	na	na	
na	na	na	na	na	
na	na	na	na	na	
na	na	na	1	1	
na	na	na	na	na	
na	na	na	na	na	
1	na	na	na	na	
na	na	na	na	0.00826446	
na	na	na	1	0.917355	
na	na	na	na	na	
na	na	na	1	1	
na	na	1	1	1	
na	na	na	na	na	
na	na	na	na	na	
na	na	na	na	na	
na	na	na	1	1	
na	na	na	na	na	
na	na	na	na	na	
na	na	na	na	na	
na	na	na	na	na	
na	na	1	1	1	
na	na	na	na	na	
na	na	na	na	0.338843	
na	na	1	1	1	
na	na	na	na	na	
na	na	na	na	na	
na	na	na	na	na	
na	na	na	1	1	
na	na	na	na	na	
na	na	na	na	na	
na	na	na	na	na	
na	na	na	na	na	
na	na	na	na	na	
na	na	na	na	na	
na	na	na	na	na	
na	na	na	na	na	
na	na	na	na	na	
na	na	na	na	na	
na	na	na	na	na	
na	na	na	1	1	
na	na	na	na	na	
na	na	na	na	na	
na	na	na	na	na	
na	na	na	na	na	
na	na	na	na	na	
na	na	1	1	1	
na	na	na	na	na	
na	na	na	na	na	
na	na	na	na	na	
na	na	na	1	1	
na	na	na	na	na	
na	na	1	1	1	
na	na	1	0.452893	0.716175	
na	na	na	na	na	
na	na	1	1	1	
na	na	na	na	na	
na	na	na	na	na	
na	na	na	na	na	
na	na	na	na	na	
na	na	na	na	na	
na	na	na	na	na	
na	na	0.00826446	na	na	
na	na	1	1	1	
na	na	na	na	0.00826446	
na	na	na	na	na	
na	na	na	na	na	
na	na	na	1	na	
na	na	na	na	na	
na	na	na	na	na	
na	na	na	na	na	
na	na	na	na	na	
na	na	na	na	na	
na	na	na	na	0.00826446	
1	1	na	na	na	
na	na	na	na	na	
na	na	na	na	na	
na	na	1	1	1	
na	na	na	na	na	
na	na	na	na	na	
na	na	1	1	1	
na	na	na	na	na	
na	na	na	na	na	
na	na	na	na	na	
na	na	na	na	1	
na	na	na	na	na	
na	na	na	na	0.00826446	
na	na	na	na	na	
na	na	1	1	1	
1	na	na	na	na	
na	na	na	na	na	
na	na	1	1	1	
na	na	na	na	1	
na	na	na	na	na	
na	na	na	na	1	
na	na	na	na	na	
na	na	na	1	1	
na	na	na	na	na	
na	na	na	na	na	
na	na	na	na	na	
na	na	na	na	na	
na	na	na	na	na	
na	0.00826446	na	na	na	
na	na	na	na	na	
na	na	na	na	1	
na	na	na	na	na	
1	na	na	0.858323	1	
1	1	na	na	na	
na	na	na	na	0.787485	
na	na	na	na	na	
na	na	na	na	na	
na	na	na	na	na	
na	na	na	na	na	
na	na	na	1	1	
na	na	na	na	na	
na	na	na	na	na	
na	na	na	na	na	
na	na	na	na	na	
na	na	na	na	na	
na	na	na	na	na	
na	na	na	na	na	
na	na	na	na	na	
na	na	na	na	na	
na	na	na	na	na	
na	na	na	na	na	
na	na	na	na	na	
na	na	na	na	na	
na	na	na	na	na	
na	na	na	1	na	
na	na	na	na	na	
na	na	na	1	na	
na	na	na	na	na	
na	na	na	na	na	
na	na	na	na	na	
na	na	na	na	na	
na	na	na	na	na	
na	na	na	na	na	
na	na	0.00826446	na	na	
na	na	na	na	na	
na	na	na	na	na	
na	na	na	na	na	
na	na	na	na	na	
na	na	na	na	na	
na	na	na	na	na	
na	na	1	1	1	
na	na	na	na	na	
na	na	na	na	na	
na	na	na	na	na	
na	na	na	na	na	
na	na	na	na	na	
na	na	1	0.913762	1	
na	na	na	na	na	
na	na	na	na	na	
na	na	1	0.890909	0.652893	
na	na	na	na	na	
na	na	na	na	na	
na	na	na	na	na	
na	na	na	na	na	
0.00826446	na	na	na	na	
na	na	na	na	na	
na	na	na	0.917355	1	
na	na	na	na	na	
na	na	na	na	na	
na	na	na	na	na	
na	na	na	na	na	
na	na	na	na	na	
na	na	na	na	na	
na	na	na	na	na	
na	na	na	na	na	
na	na	na	na	na	
na	na	na	na	na	
na	na	na	na	na	
na	na	na	na	na	
na	na	na	na	na	
na	na	na	na	na	
na	na	na	na	na	
na	na	na	na	na	
na	na	na	na	na	
1	na	na	1	1	
na	na	na	na	na	
na	na	na	na	na	
na	na	na	na	na	
na	na	na	na	na	
na	na	na	na	na	
na	na	na	na	na	
na	na	na	na	na	
na	na	na	na	na	
na	na	na	na	na	
na	na	na	na	na	
na	na	na	1	1	
na	na	na	na	na	
na	na	na	na	na	
na	na	na	na	na	
na	na	1	na	1	
na	na	na	na	na	
na	na	na	1	na	
na	na	na	na	na	
na	na	na	na	na	
1	na	1	na	na	
na	na	na	na	na	
na	na	na	na	na	
na	na	1	1	1	
na	na	na	na	na	
na	na	na	na	na	
na	na	na	na	na	
na	na	na	na	na	
na	na	na	1	1	
na	na	na	na	na	
na	na	na	na	na	
na	na	na	na	na	
na	na	na	na	na	
na	na	na	na	na	
na	na	na	na	na	
na	na	na	na	na	
na	na	na	na	na	
na	na	1	1	1	
na	na	na	na	na	
na	na	na	na	na	
na	na	na	na	na	
na	na	na	na	na	
na	na	na	na	na	
na	na	na	1	1	
na	na	na	na	na	
na	na	na	na	na	
na	na	na	na	na	
na	na	na	na	na	
na	na	na	na	na	
na	na	na	na	na	
na	na	na	na	na	
na	na	na	na	na	
na	na	na	na	na	
na	na	na	na	na	
na	na	na	na	na	
na	na	na	na	na	
na	na	na	na	na	
na	na	na	na	na	
na	na	1	1	1	
na	na	na	na	na	
na	na	na	na	na	
na	na	1	na	na	
na	na	na	na	na	
1	na	na	na	na	
na	na	na	na	na	
na	na	na	na	na	
na	na	na	na	na	
na	na	na	na	na	
na	na	na	na	na	
na	na	na	na	na	
na	na	na	na	na	
na	na	na	na	na	
na	na	na	na	na	
na	na	na	na	na	
na	na	na	na	na	
na	na	na	na	na	
na	na	na	1	1	
na	na	na	na	na	
na	na	na	na	na	
na	na	na	na	na	
na	na	na	1	1	
na	na	na	na	na	
na	na	na	na	na	
na	na	na	na	na	
na	na	na	na	na	
na	na	na	na	na	
na	na	na	na	na	
na	na	na	na	na	
na	na	na	na	na	
na	na	na	na	1	
na	na	na	na	na	
na	na	na	na	na	
na	na	na	na	na	
na	na	na	1	1	
na	na	0.900826	1	1	
na	na	na	na	na	
na	na	na	na	na	
na	na	na	na	na	
na	na	na	na	na	
na	na	na	na	na	
na	na	na	na	na	
na	na	na	na	na	
1	na	0.978182	0.438961	na	
na	na	na	na	na	
na	na	na	na	na	
na	na	na	na	na	
na	na	na	na	na	
na	na	1	0.772727	0.638946	
na	na	na	na	na	
na	na	na	na	na	
na	na	na	na	na	
na	na	na	na	na	
na	na	na	na	na	
na	na	na	na	na	
na	na	na	na	na	
na	na	na	na	na	
na	na	0.00826446	na	na	
na	na	na	na	0.867769	
na	na	na	na	na	
na	na	na	na	na	
na	na	na	na	na	
na	na	na	na	na	
na	na	na	na	na	
na	na	1	na	1	
na	na	1	1	1	
na	na	na	na	na	
na	na	na	na	na	
na	na	na	na	na	
na	na	1	0.92	0.774545	
na	na	na	na	na	
na	na	na	na	na	
na	na	0.923713	1	1	
na	na	na	na	na	
na	na	na	na	na	
na	na	na	na	na	
na	na	na	na	na	
na	na	na	na	na	
na	na	na	na	na	
na	na	na	na	na	
na	na	1	1	1	
na	na	na	na	na	
na	na	na	na	na	
na	na	na	na	na	
na	na	1	1	1	
na	na	na	na	na	
na	na	na	na	na	
na	na	na	na	na	
na	na	na	na	na	
na	na	na	na	na	
na	na	na	na	na	
na	na	na	na	na	
na	na	0.0181818	1	1	
na	na	na	na	na	
na	na	na	na	na	
na	na	na	na	na	
na	na	na	na	na	
na	na	na	na	na	
na	na	na	na	na	
na	na	na	na	na	
na	na	na	na	na	
na	na	na	1	1	
na	na	na	na	na	
1	1	na	na	na	
na	na	na	na	na	
na	na	0.949142	1	0.00826446	
na	na	na	na	na	
na	na	na	na	na	
na	na	1	1	1	
na	na	na	na	na	
na	na	na	1	1	
na	na	na	na	na	
na	na	na	na	na	
na	na	na	na	na	
na	na	na	na	na	
na	na	na	na	na	
na	na	na	na	na	
na	na	na	na	na	
na	na	na	na	na	
na	na	na	na	na	
na	na	na	na	na	
na	na	1	1	1	
na	na	na	na	na	
na	na	na	na	na	
na	na	na	na	na	
na	na	na	na	na	
na	na	na	1	na	
na	na	na	na	na	
na	na	na	na	na	
1	0.752066	na	na	na	
na	na	na	na	1	
na	na	na	na	na	
na	na	na	na	na	
na	na	na	na	na	
na	na	na	na	na	
na	na	na	na	na	
na	na	na	na	na	
1	na	1	0.882517	0.781235	
na	na	na	na	na	
na	na	na	na	na	
na	na	na	na	na	
na	na	na	na	na	
na	na	na	na	na	
na	na	na	na	na	
na	na	1	1	1	
1	na	na	na	na	
na	na	na	na	na	
na	na	na	na	na	
na	na	na	na	na	
na	na	na	na	na	
na	na	na	na	na	
na	na	na	na	na	
na	na	na	1	0.818182	
na	na	na	na	na	
na	na	na	na	na	
1	0.716647	1	1	1	
na	na	na	na	na	
na	na	na	na	na	
na	na	na	na	na	
na	na	na	1	0.504132	
na	na	na	na	na	
na	na	na	1	1	
na	na	na	na	na	
na	0.00826446	na	na	na	
na	na	na	na	na	
na	na	na	na	na	
na	na	na	na	na	
na	na	na	na	na	
na	na	na	na	na	
na	na	na	na	na	
na	na	na	na	1	
na	na	na	na	na	
na	na	na	na	na	
na	na	na	na	1	
na	na	na	na	na	
na	na	na	na	na	
na	na	na	na	na	
na	na	na	na	na	
na	na	0.916084	0.747235	0.711777	
na	na	na	na	na	
na	na	na	na	na	
na	na	na	na	na	
na	na	na	1	1	
na	na	na	na	na	
na	na	na	na	na	
na	na	na	na	na	
na	na	na	na	na	
na	na	na	na	na	
na	na	na	na	1	
na	na	na	1	1	
na	na	na	na	na	
na	na	na	1	0.890909	
na	na	na	na	na	
na	na	0.876033	1	1	
na	na	na	na	na	
na	na	na	na	1	
na	na	na	na	na	
na	na	na	na	na	
na	na	na	na	na	
na	na	na	na	na	
na	na	na	na	na	
na	na	na	0.00826446	1	
na	na	na	na	na	
na	na	na	na	na	
na	na	na	1	1	
na	na	na	na	na	
na	na	na	na	na	
na	na	na	na	na	
na	na	na	na	na	
na	na	na	na	na	
na	na	na	na	na	
na	na	na	na	na	
na	na	na	na	na	
na	na	na	na	na	
na	na	na	na	na	
na	na	na	na	na	
na	na	na	na	na	
na	na	na	na	na	
na	na	na	na	na	
na	na	na	na	na	
na	na	na	na	na	
na	na	na	na	na	
na	na	na	na	na	
na	na	na	na	na	
na	na	na	na	na	
na	na	na	na	na	
na	na	na	na	na	
na	na	na	1	1	
na	na	na	na	na	
na	na	na	na	na	
na	na	na	na	na	
na	na	1	1	1	
na	na	na	na	na	
na	na	na	na	na	
na	na	na	na	na	
na	na	na	na	na	
na	na	na	na	na	
na	na	na	na	na	
na	na	na	1	1	
na	na	na	na	na	
na	na	na	na	na	
0.00826446	na	na	na	na	
na	na	na	na	na	
na	na	na	na	na	
na	na	na	1	1	
na	na	na	na	na	
na	na	na	na	na	
na	na	na	na	na	
na	na	na	na	na	
na	na	1	1	0.757576	
na	na	na	na	na	
na	na	na	na	na	
na	na	1	1	1	
na	na	na	na	na	
na	na	na	na	na	
na	na	1	1	1	
1	1	na	na	na	
na	na	na	na	na	
na	na	na	na	na	
na	na	na	na	na	
na	na	na	na	na	
na	na	na	na	na	
na	1	na	na	na	
na	na	na	1	1	
na	na	na	na	na	
na	na	na	na	na	
na	na	na	na	na	
na	na	na	na	na	
na	na	na	na	na	
na	na	0.449036	0.750854	0.571988	
na	na	na	na	na	
na	na	na	na	na	
na	na	na	na	na	
na	na	na	na	na	
na	na	na	na	na	
na	na	na	na	na	
na	na	1	1	0.752066	
na	na	1	1	1	
na	na	na	na	na	
na	na	na	na	na	
na	na	na	na	na	
