D_Dmin[0]	D_Dmin[1]	D_Dmin[2]	D_Dmin[3]	D_Dmin[4]	
na	na	-1	-1	-1	
na	-1	na	na	na	
na	na	na	na	na	
na	na	na	na	na	
na	na	-1	na	na	
na	na	na	na	na	
na	na	na	na	na	
na	na	-1	na	na	
na	na	na	na	na	
na	na	na	-1	na	
na	na	na	na	na	
na	na	na	na	na	
na	na	-1	na	na	
na	na	na	na	-1	
na	na	-1	na	na	
na	na	na	-0.032721	-1	
na	na	na	na	na	
na	na	na	na	-1	
na	na	na	na	na	
na	na	na	na	na	
na	-1	na	na	na	
na	na	na	-1	-1	
na	na	na	na	-1	
na	na	-1	-0.943471	-0.689089	
na	na	na	na	na	
na	na	na	-1	na	
-1	na	na	na	na	
na	na	-1	-1	-1	
na	na	-1	-1	-1	
na	na	na	na	na	
na	na	na	na	na	
na	na	na	na	na	
na	-1	na	na	na	
na	na	-1	na	na	
na	-1	na	na	na	
na	na	na	na	na	
na	na	na	na	na	
na	na	-1	na	na	
na	na	-1	-1	-1	
na	na	-1	na	na	
na	na	na	na	na	
na	na	-1	-1	-1	
na	na	-1	-0.86909	-0.792726	
na	na	na	na	-1	
na	na	na	na	na	
-1	-1	na	-1	na	
na	na	na	-1	-1	
na	na	-1	na	na	
na	na	-1	na	na	
na	na	na	na	na	
na	na	na	na	-1	
na	na	na	na	na	
na	na	na	na	na	
na	na	na	na	na	
na	na	na	-1	na	
na	na	na	-1	na	
na	na	na	na	na	
na	na	na	na	na	
na	na	-1	na	na	
na	na	na	-1	-1	
na	na	na	na	na	
na	na	na	na	-1	
na	na	-1	na	na	
na	na	-0.170904	-0.263025	-0.170904	
na	na	na	na	na	
na	na	-1	-1	-1	
na	na	-1	-1	na	
-1	-1	na	na	na	
na	na	na	na	na	
na	na	na	na	na	
na	na	-1	-1	-1	
na	0.473949	na	na	-1	
na	na	na	na	na	
na	na	na	na	na	
na	na	-1	na	na	
na	na	na	-1	-1	
na	na	na	na	na	
na	na	na	na	na	
na	na	na	na	-1	
na	na	-1	na	na	
na	na	na	-1	-1	
na	-1	-1	-1	-1	
na	na	na	na	na	
na	na	-1	na	na	
na	na	-1	-1	-1	
na	na	na	na	na	
na	na	na	na	na	
na	na	na	na	na	
na	na	na	na	na	
na	na	-1	-1	-1	
na	na	na	na	na	
-1	na	na	na	na	
na	na	na	na	na	
na	na	na	na	na	
na	na	-1	na	na	
na	na	na	na	na	
na	na	na	-1	na	
na	na	na	na	na	
na	na	na	-1	-1	
na	na	na	na	-1	
na	na	na	na	na	
na	-1	-1	-1	na	
na	na	na	-1	na	
na	na	-1	na	-1	
na	na	na	na	na	
na	na	-1	na	-1	
-1	-1	na	na	na	
na	na	-1	-1	-1	
na	na	na	na	na	
-1	na	-1	na	-0.508684	
na	na	na	na	na	
na	na	-1	-0.230125	-0.170904	
na	na	na	na	na	
na	-1	-1	na	na	
na	na	-1	na	na	
na	-1	-1	-1	-1	
na	na	na	na	-1	
na	na	na	na	na	
na	na	na	na	na	
na	na	na	na	na	
na	na	-1	na	na	
na	na	na	na	na	
na	na	na	na	na	
na	-1	na	na	na	
na	na	na	na	na	
na	na	na	na	na	
na	na	na	na	na	
na	na	na	na	-1	
na	na	na	na	na	
-1	na	na	na	-0.585452	
na	na	na	na	na	
na	na	na	na	na	
na	na	na	na	na	
na	-1	-1	-1	-1	
na	na	na	-1	na	
na	na	na	na	na	
na	na	na	na	-1	
na	na	-1	na	-1	
na	na	na	na	na	
na	na	na	na	na	
na	na	na	na	na	
na	na	-1	-1	-1	
na	na	na	na	na	
na	na	na	na	-1	
na	na	na	na	na	
na	na	-1	-1	-1	
na	na	-1	na	-1	
na	na	na	-1	-1	
na	na	na	na	na	
na	-1	-1	na	na	
na	na	-1	na	na	
na	na	na	na	na	
na	na	na	na	na	
na	na	na	na	-1	
na	na	-1	-1	na	
na	na	na	na	na	
na	na	na	na	na	
na	na	na	na	-0.170904	
na	na	na	na	-1	
na	na	na	na	na	
na	na	na	na	na	
na	na	na	na	na	
na	na	na	na	na	
na	na	-1	-1	-1	
na	na	na	na	-1	
-1	na	na	na	na	
na	na	na	na	na	
na	na	na	na	na	
na	na	na	na	na	
na	-1	na	na	1.21092	
-1	-1	na	na	na	
na	na	na	na	na	
na	na	na	na	na	
na	-1	na	na	na	
na	na	na	na	na	
na	na	na	na	na	
na	-1	na	na	-1	
na	na	na	na	na	
na	-1	na	na	na	
na	na	-1	na	na	
na	na	-1	-1	-1	
na	na	na	na	na	
na	na	-1	-1	-1	
na	-1	na	-0.170904	-0.170904	
na	na	na	na	na	
na	-1	na	-1	-1	
na	na	na	na	na	
-1	na	na	1.21092	1.21092	
na	na	na	na	na	
na	na	-1	na	na	
na	na	na	-0.170904	-0.170904	
na	na	na	-1	-1	
-1	na	na	na	na	
na	na	na	-1	-1	
na	na	na	na	na	
na	na	na	na	na	
na	na	na	na	na	
na	na	na	na	na	
na	na	na	na	na	
na	na	na	na	na	
na	na	na	na	na	
na	na	na	na	na	
-1	na	na	na	na	
na	na	na	na	na	
na	na	-0.447269	na	-1	
na	na	na	na	na	
na	na	na	na	na	
na	na	-1	-1	-1	
na	-1	na	na	na	
-1	-1	-1	na	na	
na	na	na	na	na	
na	na	na	-1	na	
na	na	na	na	na	
na	na	na	-1	na	
na	na	-1	-1	na	
na	na	na	na	na	
na	na	na	na	na	
na	na	na	na	na	
-1	na	na	-1	na	
na	na	na	1.21092	na	
na	na	na	na	na	
0.934558	na	na	na	na	
na	na	na	na	na	
na	na	na	na	na	
na	na	na	na	na	
na	na	na	na	na	
na	-1	-1	na	na	
na	-1	na	na	-1	
na	na	na	-1	na	
na	na	na	na	na	
na	na	na	na	na	
na	na	-1	-1	-1	
na	na	na	na	na	
-1	-1	na	na	na	
na	na	na	na	na	
na	na	na	na	na	
na	na	na	-1	na	
na	na	na	-1	na	
na	-1	na	na	na	
na	-1	-1	-1	na	
na	na	na	na	na	
na	na	na	na	na	
na	na	-1	-1	na	
na	na	na	na	na	
na	na	na	na	na	
na	na	na	0.473949	0.473949	
na	na	-1	-1	na	
na	na	-1	na	na	
na	na	na	na	na	
na	na	-1	na	na	
na	-1	na	na	-1	
na	-1	-1	-0.792726	-1	
na	na	na	na	na	
na	na	na	na	na	
-1	-1	na	na	na	
na	na	na	na	na	
na	-1	na	-1	na	
na	na	na	-1	na	
na	na	na	na	na	
na	na	na	na	na	
na	na	-1	-0.170904	-0.170904	
-1	na	na	na	na	
-1	na	na	na	-1	
na	na	na	-1	-1	
na	na	na	na	na	
na	na	-1	na	na	
na	na	na	na	na	
-1	na	na	na	na	
na	na	na	na	na	
na	na	na	-1	na	
-0.170904	-0.170904	na	na	na	
na	na	-0.170904	-0.170904	-0.239995	
na	na	na	na	na	
na	na	na	na	-1	
na	na	na	na	na	
na	na	na	-1	-1	
na	na	na	-1	na	
-1	-1	-1	-1	-1	
na	na	na	na	na	
na	na	na	-0.170904	-0.170904	
na	na	na	na	na	
na	na	na	na	na	
na	na	na	na	na	
na	-1	na	na	na	
na	-1	na	na	na	
na	-1	na	na	na	
na	na	na	na	na	
na	na	na	na	na	
na	-1	-1	-1	-1	
na	na	na	na	na	
na	na	na	na	na	
na	na	na	na	na	
na	na	-1	-0.585452	-0.872447	
-1	na	-1	-1	na	
na	na	-1	na	na	
na	na	na	na	na	
na	na	-1	na	-1	
na	na	na	na	na	
-1	na	na	na	na	
na	na	na	na	na	
na	na	na	na	-1	
na	na	na	na	-1	
na	na	na	-1	-1	
-1	na	na	na	na	
na	-1	na	na	-1	
na	na	na	na	na	
na	na	na	na	na	
na	na	na	na	na	
na	na	na	na	na	
na	na	na	na	na	
na	na	na	na	na	
na	-1	na	na	na	
na	-1	na	na	na	
na	na	na	na	na	
na	na	na	na	-1	
na	na	na	na	-1	
na	na	na	-1	na	
na	na	na	na	na	
na	na	na	na	-1	
na	na	na	na	na	
na	na	na	na	na	
-1	-1	-1	-1	-1	
na	-1	na	-1	-1	
-1	-1	na	na	na	
na	na	na	na	-1	
na	na	-1	na	na	
-1	na	na	na	na	
na	na	na	0.934558	na	
na	na	na	na	na	
na	na	na	na	na	
na	na	na	na	na	
na	na	na	na	na	
na	na	na	na	-1	
na	na	na	na	na	
na	na	-1	-1	-1	
na	na	na	-1	na	
na	na	na	na	na	
na	na	na	-1	-1	
na	na	na	na	na	
na	na	-1	na	na	
na	na	na	na	na	
-1	-1	na	-1	na	
na	-1	na	na	na	
na	na	na	na	na	
na	na	na	na	na	
na	na	-1	na	na	
na	na	na	na	na	
na	na	na	na	na	
na	-1	-1	na	na	
na	na	na	na	-1	
na	-1	0.934558	0.934558	0.934558	
na	na	na	na	-1	
na	na	na	na	na	
na	na	na	na	na	
na	na	na	-1	na	
na	na	-1	na	na	
na	na	na	na	0.473949	
na	na	1.21092	na	na	
na	na	-1	-1	-1	
na	na	-1	na	na	
na	na	na	na	na	
na	na	na	na	na	
na	na	na	na	na	
na	na	na	na	na	
-1	na	na	na	na	
na	na	-1	na	na	
na	na	-1	-1	-1	
na	na	-0.4703	-0.798697	-0.756148	
na	na	-1	-1	-1	
na	na	na	-1	-1	
-1	-1	-1	-1	-1	
na	na	na	na	na	
na	na	na	na	na	
na	na	na	na	na	
na	na	na	na	na	
na	na	na	-1	na	
na	na	na	na	-1	
na	na	na	na	-1	
-1	-1	na	na	na	
na	na	na	-1	na	
na	na	na	na	na	
na	na	na	na	na	
na	na	na	na	na	
na	na	-1	na	na	
na	na	na	-1	-0.948181	
na	na	na	na	na	
na	na	na	na	-1	
na	na	-1	na	na	
na	na	-1	-1	-1	
na	na	na	na	-0.170904	
na	na	na	na	na	
na	na	na	na	na	
na	na	na	-1	na	
na	na	na	na	na	
na	na	na	na	na	
na	na	na	na	na	
na	na	na	-1	-1	
-1	na	na	na	na	
na	na	na	-1	na	
na	na	na	na	na	
-1	na	na	na	na	
na	na	-1	na	na	
na	-1	-1	-1	-1	
na	na	na	na	na	
na	na	na	na	na	
na	na	na	na	na	
na	na	na	na	na	
na	-1	na	na	na	
na	na	na	na	na	
-1	na	na	na	na	
na	na	na	na	na	
na	na	na	na	na	
na	na	na	na	na	
na	na	na	na	na	
na	na	na	na	na	
na	na	na	na	na	
na	na	-1	-1	na	
na	na	na	na	na	
-1	na	na	-1	-1	
-1	-1	na	na	na	
na	na	na	na	na	
na	na	na	-1	na	
na	na	na	na	na	
na	na	na	na	na	
-1	-1	na	na	-1	
na	na	na	na	-1	
na	na	-1	-1	-1	
na	na	-1	-1	-1	
na	na	-1	na	na	
na	na	na	na	na	
na	-1	na	na	na	
na	na	na	na	na	
na	na	-1	-1	-1	
na	na	na	na	na	
na	na	na	na	na	
na	na	na	na	-1	
na	na	na	-1	na	
na	na	na	na	na	
na	na	na	-0.170904	-0.170904	
na	na	na	na	na	
na	na	na	-1	-1	
na	na	na	na	na	
na	na	na	na	na	
na	na	na	na	na	
na	-1	na	na	na	
na	na	na	na	na	
na	na	na	na	na	
na	na	na	na	na	
na	na	na	na	na	
na	na	-1	na	na	
na	na	-1	na	-1	
na	na	-1	na	-1	
na	na	na	na	na	
na	na	na	na	na	
-1	na	na	na	na	
na	na	na	na	na	
na	na	-1	-1	na	
na	na	na	na	na	
na	na	-1	-1	-1	
na	na	1.30305	1.30305	1.30305	
na	na	na	na	na	
na	na	na	na	-1	
na	na	-1	na	na	
na	na	na	na	na	
na	na	na	na	na	
-0.668361	-1	na	na	na	
na	na	na	na	na	
na	na	na	na	na	
na	-1	na	na	na	
na	na	na	na	na	
na	na	na	na	na	
na	na	na	na	na	
na	na	na	na	na	
na	na	na	na	na	
na	na	na	na	na	
na	na	na	na	1.21092	
na	na	na	na	na	
na	-1	-1	-1	-1	
na	na	na	na	na	
na	na	-1	na	na	
-1	na	na	na	na	
na	na	na	na	na	
na	na	na	-1	-1	
na	-1	na	na	na	
na	na	na	na	na	
na	na	na	na	na	
na	na	-1	-0.170904	-0.170904	
na	na	na	na	na	
na	na	na	na	na	
-1	na	na	na	na	
na	na	na	na	-1	
na	na	-1	-1	-1	
na	na	na	na	na	
na	na	na	-0.170904	-0.170904	
na	na	-1	-1	-1	
na	na	na	na	na	
na	na	na	na	na	
na	na	na	na	-1	
na	na	na	-1	-1	
na	na	na	na	na	
na	na	na	na	na	
na	na	na	na	-0.170904	
na	na	-1	na	na	
na	na	-1	-1	-1	
na	na	na	na	na	
na	na	na	na	-1	
na	na	-1	-1	-1	
na	na	na	na	na	
na	na	na	-1	na	
na	-1	-1	na	na	
na	na	na	-1	-1	
na	-1	na	na	na	
na	na	na	na	na	
na	na	-1	na	-1	
na	na	na	na	na	
-1	na	na	na	na	
na	na	na	na	na	
na	na	na	na	na	
na	na	na	na	na	
na	na	na	na	na	
na	na	na	-1	na	
na	na	na	na	na	
na	na	na	-1	-1	
na	na	na	na	-1	
na	na	na	na	na	
na	na	na	-1	na	
na	-1	na	na	na	
na	na	na	na	na	
na	na	-1	-1	-1	
na	na	-1	na	na	
na	na	na	na	na	
na	na	na	na	na	
na	na	na	-1	-1	
na	-1	na	na	na	
-1	na	-1	-1	-1	
na	na	-1	-0.532305	-0.846464	
na	na	na	na	na	
na	na	-1	-1	-1	
na	na	na	na	na	
na	na	na	na	na	
na	na	na	na	na	
na	na	na	na	na	
na	na	na	-1	na	
na	na	na	na	na	
na	na	-1	na	na	
na	na	-0.170904	-0.170904	-0.170904	
na	na	na	na	-1	
na	na	na	na	na	
na	na	na	na	na	
na	na	na	-1	-1	
na	na	na	na	na	
na	na	na	-1	na	
na	na	na	na	na	
na	na	na	na	-1	
na	na	-1	na	na	
na	-1	na	na	-1	
1.30305	1.21092	-1	na	na	
na	na	na	na	-1	
na	na	-1	-1	na	
na	na	-1	-1	-1	
-1	na	na	na	na	
na	na	na	na	-1	
na	-1	-1	-1	-1	
na	na	na	na	na	
na	na	na	na	na	
na	na	na	na	na	
na	-1	na	na	-1	
na	na	na	na	na	
na	na	na	na	-1	
na	na	na	na	na	
na	na	-1	-1	-0.170904	
-1	na	na	na	na	
na	na	na	na	na	
na	na	-0.170904	-0.170904	-0.170904	
na	na	-1	na	-1	
na	na	na	na	-1	
na	na	na	-1	-1	
na	na	na	-1	na	
na	na	na	-1	-1	
na	na	-1	na	na	
na	na	na	na	na	
na	na	na	na	na	
na	na	na	-1	na	
na	na	na	na	na	
na	-1	-1	na	na	
na	na	na	na	na	
na	na	na	-1	-1	
na	na	na	na	na	
-1	na	na	-1	-1	
-1	-1	na	na	na	
na	na	na	na	-1	
na	na	na	na	na	
na	na	na	na	na	
na	na	na	na	na	
na	na	na	na	na	
na	na	na	-1	-1	
na	na	na	na	na	
na	na	na	na	na	
na	na	na	na	na	
na	na	na	na	na	
na	na	na	na	na	
na	na	-1	na	na	
na	na	na	na	na	
na	na	na	na	na	
na	na	na	na	na	
na	na	na	na	na	
na	na	na	na	na	
na	na	na	na	na	
na	na	na	-1	na	
na	na	na	na	na	
na	na	na	-1	-1	
na	na	na	-1	na	
na	na	na	-1	-1	
na	na	na	na	na	
na	na	-1	na	na	
na	na	-1	-1	na	
na	na	na	na	na	
na	na	na	na	na	
na	-1	na	na	na	
na	na	-1	na	na	
na	-1	na	na	na	
na	-1	na	na	na	
na	na	na	na	na	
na	na	na	na	na	
na	na	na	na	na	
-1	na	na	na	na	
na	na	-1	-1	-1	
-1	na	na	na	na	
na	na	na	na	na	
na	na	-1	-1	na	
na	-1	na	na	na	
na	na	na	na	na	
na	na	-1	-1	-1	
na	na	na	na	na	
na	na	na	na	na	
na	na	-1	-0.246276	-0.763115	
na	na	na	na	na	
na	na	na	-1	na	
na	na	na	na	na	
na	na	na	na	na	
-1	-1	-1	na	na	
na	na	-1	na	na	
na	na	na	-1	-1	
na	na	na	na	na	
na	na	na	na	na	
na	na	na	na	na	
na	na	na	na	0.473949	
na	na	na	-0.170904	na	
na	na	na	-1	na	
na	na	na	na	na	
na	na	na	na	-1	
na	na	na	na	na	
na	-1	-1	-1	na	
na	-1	-1	na	na	
na	na	-1	na	na	
na	na	na	na	na	
na	na	-1	na	na	
na	na	na	na	na	
na	na	-1	na	na	
na	na	na	na	na	
-1	na	na	-0.170904	-0.170904	
na	na	na	na	na	
na	na	na	na	na	
na	na	na	na	na	
na	na	na	na	na	
na	-1	na	na	na	
na	na	na	na	na	
na	na	na	na	na	
na	na	na	na	na	
na	na	na	na	na	
na	na	na	na	na	
na	na	na	-1	-1	
na	na	na	na	na	
na	na	na	na	na	
na	na	na	na	na	
na	na	-1	-1	-1	
na	na	na	na	na	
na	na	na	-1	na	
na	na	na	na	na	
na	-1	na	na	na	
-1	na	-1	na	na	
na	na	na	na	na	
na	-1	na	na	na	
na	na	-1	-1	-1	
na	na	na	na	na	
na	na	na	na	na	
na	na	na	-1	na	
na	na	na	na	-1	
-1	-1	na	-1	-1	
na	na	na	na	na	
na	na	na	na	na	
na	na	na	na	-1	
na	na	na	na	na	
na	na	na	na	na	
na	na	na	na	na	
na	na	na	na	-1	
na	na	na	na	na	
na	na	-1	-1	-1	
na	na	na	na	na	
na	na	na	na	na	
na	na	na	na	na	
na	na	na	na	na	
na	na	na	na	na	
na	na	-1	-1	-1	
na	na	na	na	na	
na	na	-1	na	na	
na	-1	na	na	na	
na	na	na	na	na	
na	na	-1	na	na	
na	na	na	na	na	
na	na	na	na	na	
na	na	na	na	na	
na	na	na	-1	na	
na	-1	na	na	na	
na	na	na	na	na	
na	-1	-1	na	na	
na	na	-1	na	na	
na	-1	na	-1	na	
na	-1	-1	-1	-1	
-1	na	na	na	na	
na	-1	na	na	na	
na	-1	-1	na	-1	
na	na	na	na	na	
-1	-1	-1	-1	na	
na	-1	na	-1	na	
na	-1	na	na	na	
na	na	-1	na	na	
na	na	na	na	na	
na	na	na	na	na	
na	na	na	na	na	
na	na	na	na	na	
na	na	na	na	na	
na	na	na	-1	na	
na	-1	na	na	-1	
na	na	-1	na	na	
na	na	na	na	na	
na	na	na	-1	-1	
na	na	na	na	na	
na	na	na	na	na	
na	na	na	na	na	
na	na	na	-0.170904	-0.170904	
na	na	na	na	na	
na	na	na	na	na	
na	na	na	na	na	
na	na	na	na	na	
na	na	na	na	na	
na	na	na	na	na	
na	na	na	na	na	
na	na	na	na	na	
na	na	na	na	-1	
na	na	-0.170904	na	na	
na	na	-1	na	na	
na	-1	-1	na	na	
na	na	-1	-1	-1	
na	na	-1	-1	-1	
na	na	-1	na	na	
na	-1	na	-1	na	
na	na	na	na	-1	
na	-1	na	na	-1	
na	na	na	na	na	
na	na	na	na	na	
na	-1	-1	na	na	
-0.170904	na	-0.202792	-0.378178	na	
na	na	na	na	-1	
na	-1	na	na	-1	
na	na	na	na	na	
na	na	na	na	na	
na	na	-1	-0.744893	-0.799007	
na	-1	na	na	na	
na	-1	na	na	na	
na	na	na	-1	na	
na	na	na	na	na	
na	na	na	-1	na	
na	na	na	na	na	
na	na	-1	na	na	
na	na	na	na	na	
na	na	-1	na	na	
na	na	na	na	-1	
na	na	na	na	na	
na	-1	na	na	na	
na	na	na	na	-1	
na	na	na	na	na	
na	na	-0.170904	na	na	
na	na	-1	na	-1	
na	na	-1	-1	-1	
na	na	na	-0.170904	na	
na	na	na	na	na	
na	na	na	na	-1	
na	na	-0.170904	0.366474	-0.339794	
na	na	na	na	na	
na	na	na	-0.170904	-1	
na	na	-1	-1	-1	
na	na	na	na	na	
-1	na	na	na	na	
na	na	-1	na	na	
na	na	-1	na	-1	
na	na	na	na	na	
na	na	na	-1	na	
na	na	na	na	na	
na	-1	-1	-1	-1	
na	na	-1	na	-1	
na	na	na	na	na	
na	na	na	na	na	
-1	na	-1	-1	-1	
na	-1	na	na	na	
na	-1	-1	na	na	
na	na	na	na	na	
na	-1	na	-1	na	
na	na	na	na	na	
na	na	na	na	-1	
na	na	na	na	na	
na	na	-0.585452	-0.170904	-0.170904	
na	na	na	na	-1	
na	na	na	na	na	
-1	na	na	na	na	
na	na	na	na	na	
na	na	na	na	na	
na	na	na	na	na	
na	na	-1	na	na	
na	na	-1	na	na	
na	na	na	-1	-1	
-1	na	na	na	na	
-1	-1	na	-1	na	
na	na	-1	na	na	
na	na	-1	-1	-1	
na	na	-1	na	na	
na	na	na	na	-1	
na	na	-1	-1	-1	
na	na	na	na	na	
na	na	na	-1	-1	
na	na	na	na	na	
na	-1	na	na	na	
na	na	-1	na	-1	
na	-1	na	na	na	
na	na	na	na	na	
na	na	-1	na	na	
na	na	na	na	na	
na	-1	na	na	na	
na	na	na	na	na	
na	na	na	na	na	
na	-1	-1	-1	-1	
na	na	na	na	na	
na	na	na	na	na	
na	na	na	na	na	
na	na	na	na	na	
na	na	na	-1	-1	
na	na	na	na	na	
na	na	na	na	na	
-1	-1	na	na	na	
na	na	na	na	-1	
na	na	na	na	na	
na	-1	na	na	na	
na	na	na	na	na	
na	na	na	na	na	
na	na	na	na	na	
-1	na	na	na	na	
-1	na	-1	-0.940779	-0.539391	
na	na	na	na	na	
na	na	na	na	na	
na	na	na	na	na	
-1	na	na	na	na	
na	na	na	na	na	
na	na	-1	na	na	
na	na	-1	-1	-1	
-1	-1	-1	-1	na	
na	na	na	na	na	
na	na	na	na	na	
na	na	na	na	na	
na	-1	na	na	na	
na	na	na	na	na	
na	na	na	na	na	
na	na	na	0.934558	0.741102	
na	na	na	na	na	
na	na	na	na	na	
-1	-1	-1	-1	-1	
na	na	na	na	na	
na	na	na	na	na	
na	na	-1	-1	-1	
na	na	na	-1	-1	
na	na	na	na	na	
na	na	na	-1	-1	
na	na	-1	na	na	
na	-1	na	na	na	
na	na	na	na	na	
na	na	na	na	na	
na	-1	na	na	na	
na	na	na	na	-1	
na	na	na	na	na	
na	na	-1	na	na	
na	na	na	na	-1	
na	na	na	na	na	
na	na	na	-1	na	
0.473949	na	na	-1	-1	
na	na	na	na	na	
na	na	na	na	na	
na	na	na	na	na	
na	na	na	na	na	
na	na	-0.938585	-0.502542	-0.902459	
na	na	na	na	-1	
na	na	na	na	na	
na	na	na	na	na	
na	na	na	-1	-1	
na	na	na	na	na	
na	na	na	na	na	
na	na	na	na	na	
na	na	na	na	na	
na	na	na	na	na	
na	na	na	0.934558	0.934558	
na	na	na	-1	-1	
na	na	na	na	na	
na	na	na	-1	-0.754342	
na	na	na	-1	-1	
na	na	-1	-1	-1	
na	na	-1	na	na	
na	-1	-1	na	0.473949	
na	na	na	na	-1	
na	na	na	na	na	
na	na	-1	-1	na	
na	na	-0.170904	na	-1	
na	na	na	na	na	
na	na	na	-1	0.473949	
na	na	na	na	na	
na	na	-1	na	na	
na	na	na	-1	-1	
na	na	na	na	na	
na	na	na	na	na	
na	na	na	na	na	
na	na	na	na	na	
0.473949	na	-1	na	na	
na	0.473949	na	na	na	
na	na	na	na	na	
na	na	na	na	na	
na	na	na	na	-0.170904	
na	na	-1	0.473949	na	
na	na	na	-0.170904	na	
-1	na	na	-1	na	
na	na	na	na	na	
na	na	na	na	na	
na	na	na	na	na	
na	-1	na	na	na	
na	na	na	na	na	
na	na	na	-1	na	
na	na	na	na	na	
na	na	na	na	na	
na	na	na	na	-1	
na	na	na	na	na	
na	na	na	-1	-1	
na	na	-1	na	na	
na	na	-1	-1	na	
na	na	na	na	na	
na	na	-1	-1	-1	
na	na	na	na	na	
na	na	na	na	na	
na	na	-0.170904	na	na	
na	-1	na	na	na	
na	-1	na	na	na	
na	na	-0.170904	na	na	
na	na	na	-1	-1	
na	na	na	na	na	
-1	na	na	na	na	
-1	na	na	na	-1	
na	na	na	na	na	
na	na	-1	na	na	
na	na	na	0.934558	0.934558	
na	na	na	na	na	
na	na	na	na	na	
na	na	na	na	na	
na	na	-1	na	na	
na	na	0.473949	0.473949	0.310177	
na	na	na	na	na	
na	na	na	-1	na	
na	na	-0.170904	-0.170904	-0.170904	
na	na	na	-1	na	
-1	na	na	na	na	
na	na	-1	-1	-1	
-1	-1	na	na	na	
na	na	na	na	na	
na	na	na	na	na	
na	na	na	na	na	
na	na	na	na	na	
na	na	na	-1	na	
-1	-1	-1	na	na	
na	na	na	-1	-1	
na	na	-1	na	na	
na	na	na	na	-1	
na	na	na	na	na	
na	na	na	na	na	
na	na	na	na	na	
na	na	-1	-0.191705	-0.778908	
-1	-1	na	na	na	
na	na	-1	na	na	
na	na	na	na	na	
na	na	na	na	na	
na	na	na	na	na	
na	na	na	na	na	
na	na	-1	-1	-1	
na	na	-0.170904	-0.170904	-0.170904	
na	na	na	na	na	
na	na	na	na	na	
na	na	na	na	na	
