S[0]	S[1]	S[2]	S[3]	S[4]	
0	0	1	6	7	
0	1	0	0	0	
0	0	0	0	0	
0	0	0	0	0	
0	0	1	0	0	
0	0	0	0	0	
0	0	0	0	0	
0	0	1	0	0	
0	0	0	0	0	
0	0	0	1	0	
0	0	0	0	0	
0	0	0	0	0	
0	0	1	0	0	
0	0	0	0	2	
0	0	1	0	0	
0	0	0	2	2	
0	0	0	0	0	
0	0	0	0	20	
0	0	0	0	0	
0	0	0	0	0	
0	1	0	0	0	
0	0	0	18	1	
0	0	0	0	1	
0	0	23	44	16	
0	0	0	0	0	
0	0	0	1	0	
1	0	0	0	0	
0	0	1	23	15	
0	0	1	11	15	
0	0	0	0	0	
0	0	0	0	0	
0	0	0	0	0	
0	1	0	0	0	
0	0	1	0	0	
0	1	0	0	0	
0	0	0	0	0	
0	0	0	0	0	
0	0	1	0	0	
0	0	1	1	1	
0	0	1	0	0	
0	0	0	0	0	
0	0	15	2	15	
0	0	8	19	8	
0	0	0	0	1	
0	0	0	0	0	
3	4	0	1	0	
0	0	0	17	20	
0	0	3	0	0	
0	0	1	0	0	
0	0	0	0	0	
0	0	0	0	1	
0	0	0	0	0	
0	0	0	0	0	
0	0	0	0	0	
0	0	0	2	0	
0	0	0	1	0	
0	0	0	0	0	
0	0	0	0	0	
0	0	1	0	0	
0	0	0	3	9	
0	0	0	0	0	
0	0	0	0	3	
0	0	1	0	0	
0	0	9	9	13	
0	0	0	0	0	
0	0	5	13	19	
0	0	1	2	0	
2	1	0	0	0	
0	0	0	0	0	
0	0	0	0	0	
0	0	3	10	5	
0	1	0	0	6	
0	0	0	0	0	
0	0	0	0	0	
0	0	1	0	0	
0	0	0	1	4	
0	0	0	0	0	
0	0	0	0	0	
0	0	0	0	1	
0	0	1	0	0	
0	0	0	8	4	
0	4	13	23	17	
0	0	0	0	0	
0	0	1	0	0	
0	0	1	10	24	
0	0	0	0	0	
0	0	0	0	0	
0	0	0	0	0	
0	0	0	0	0	
0	0	1	25	12	
0	0	0	0	0	
3	0	0	0	0	
0	0	0	0	0	
0	0	0	0	0	
0	0	1	0	0	
0	0	0	0	0	
0	0	0	1	0	
0	0	0	0	0	
0	0	0	21	13	
0	0	0	0	1	
0	0	0	0	0	
0	1	22	11	0	
0	0	0	1	0	
0	0	1	0	9	
0	0	0	0	0	
0	0	2	0	8	
2	1	0	0	0	
0	0	28	11	30	
0	0	0	0	0	
6	0	1	0	3	
0	0	0	0	0	
0	0	1	14	7	
0	0	0	0	0	
0	1	1	0	0	
0	0	1	0	0	
0	1	29	3	4	
0	0	0	0	1	
0	0	0	0	0	
0	0	0	0	0	
0	0	0	0	0	
0	0	1	0	0	
0	0	0	0	0	
0	0	0	0	0	
0	2	0	0	0	
0	0	0	0	0	
0	0	0	0	0	
0	0	0	0	0	
0	0	0	0	1	
0	0	0	0	0	
1	0	0	0	2	
0	0	0	0	0	
0	0	0	0	0	
0	0	0	0	0	
0	4	11	28	7	
0	0	0	1	0	
0	0	0	0	0	
0	0	0	0	2	
0	0	1	0	1	
0	0	0	0	0	
0	0	0	0	0	
0	0	0	0	0	
0	0	3	15	9	
0	0	0	0	0	
0	0	0	0	1	
0	0	0	0	0	
0	0	11	4	7	
0	0	33	0	1	
0	0	0	2	2	
0	0	0	0	0	
0	1	1	0	0	
0	0	1	0	0	
0	0	0	0	0	
0	0	0	0	0	
0	0	0	0	2	
0	0	1	1	0	
0	0	0	0	0	
0	0	0	0	0	
0	0	0	0	1	
0	0	0	0	1	
0	0	0	0	0	
0	0	0	0	0	
0	0	0	0	0	
0	0	0	0	0	
0	0	1	1	1	
0	0	0	0	1	
2	0	0	0	0	
0	0	0	0	0	
0	0	0	0	0	
0	0	0	0	0	
0	1	0	0	1	
10	11	0	0	0	
0	0	0	0	0	
0	0	0	0	0	
0	1	0	0	0	
0	0	0	0	0	
0	0	0	0	0	
0	1	0	0	1	
0	0	0	0	0	
0	1	0	0	0	
0	0	1	0	0	
0	0	6	5	8	
0	0	0	0	0	
0	0	4	5	7	
0	1	0	13	2	
0	0	0	0	0	
0	1	0	3	2	
0	0	0	0	0	
1	0	0	16	5	
0	0	0	0	0	
0	0	1	0	0	
0	0	0	11	16	
0	0	0	1	1	
1	0	0	0	0	
0	0	0	7	9	
0	0	0	0	0	
0	0	0	0	0	
0	0	0	0	0	
0	0	0	0	0	
0	0	0	0	0	
0	0	0	0	0	
0	0	0	0	0	
0	0	0	0	0	
8	0	0	0	0	
0	0	0	0	0	
0	0	3	0	3	
0	0	0	0	0	
0	0	0	0	0	
0	0	1	1	8	
0	1	0	0	0	
1	10	1	0	0	
0	0	0	0	0	
0	0	0	1	0	
0	0	0	0	0	
0	0	0	1	0	
0	0	1	1	0	
0	0	0	0	0	
0	0	0	0	0	
0	0	0	0	0	
1	0	0	1	0	
0	0	0	1	0	
0	0	0	0	0	
3	0	0	0	0	
0	0	0	0	0	
0	0	0	0	0	
0	0	0	0	0	
0	0	0	0	0	
0	1	2	0	0	
0	1	0	0	1	
0	0	0	1	0	
0	0	0	0	0	
0	0	0	0	0	
0	0	6	20	10	
0	0	0	0	0	
9	1	0	0	0	
0	0	0	0	0	
0	0	0	0	0	
0	0	0	1	0	
0	0	0	1	0	
0	1	0	0	0	
0	1	1	1	0	
0	0	0	0	0	
0	0	0	0	0	
0	0	1	1	0	
0	0	0	0	0	
0	0	0	0	0	
0	0	0	5	2	
0	0	1	1	0	
0	0	1	0	0	
0	0	0	0	0	
0	0	1	0	0	
0	1	0	0	4	
0	1	28	8	10	
0	0	0	0	0	
0	0	0	0	0	
2	3	0	0	0	
0	0	0	0	0	
0	1	0	1	0	
0	0	0	1	0	
0	0	0	0	0	
0	0	0	0	0	
0	0	1	1	15	
1	0	0	0	0	
2	0	0	0	1	
0	0	0	10	16	
0	0	0	0	0	
0	0	2	0	0	
0	0	0	0	0	
2	0	0	0	0	
0	0	0	0	0	
0	0	0	1	0	
7	9	0	0	0	
0	0	11	4	12	
0	0	0	0	0	
0	0	0	0	1	
0	0	0	0	0	
0	0	0	10	1	
0	0	0	1	0	
1	9	34	4	1	
0	0	0	0	0	
0	0	0	1	16	
0	0	0	0	0	
0	0	0	0	0	
0	0	0	0	0	
0	1	0	0	0	
0	1	0	0	0	
0	1	0	0	0	
0	0	0	0	0	
0	0	0	0	0	
0	1	26	4	1	
0	0	0	0	0	
0	0	0	0	0	
0	0	0	0	0	
0	0	2	38	13	
2	0	1	1	0	
0	0	1	0	0	
0	0	0	0	0	
0	0	1	0	1	
0	0	0	0	0	
1	0	0	0	0	
0	0	0	0	0	
0	0	0	0	1	
0	0	0	0	1	
0	0	0	12	13	
1	0	0	0	0	
0	1	0	0	7	
0	0	0	0	0	
0	0	0	0	0	
0	0	0	0	0	
0	0	0	0	0	
0	0	0	0	0	
0	0	0	0	0	
0	1	0	0	0	
0	1	0	0	0	
0	0	0	0	0	
0	0	0	0	1	
0	0	0	0	1	
0	0	0	1	0	
0	0	0	0	0	
0	0	0	0	1	
0	0	0	0	0	
0	0	0	0	0	
4	6	12	3	20	
0	1	0	26	6	
6	1	0	0	0	
0	0	0	0	1	
0	0	1	0	0	
2	0	0	0	0	
0	0	0	1	0	
0	0	0	0	0	
0	0	0	0	0	
0	0	0	0	0	
0	0	0	0	0	
0	0	0	0	1	
0	0	0	0	0	
0	0	6	18	14	
0	0	0	1	0	
0	0	0	0	0	
0	0	0	20	36	
0	0	0	0	0	
0	0	1	0	0	
0	0	0	0	0	
1	1	0	1	0	
0	1	0	0	0	
0	0	0	0	0	
0	0	0	0	0	
0	0	1	0	0	
0	0	0	0	0	
0	0	0	0	0	
0	6	2	0	0	
0	0	0	0	5	
0	1	23	4	22	
0	0	0	0	23	
0	0	0	0	0	
0	0	0	0	0	
0	0	0	1	0	
0	0	1	0	0	
0	0	0	0	12	
0	0	1	0	0	
0	0	25	27	13	
0	0	1	0	0	
0	0	0	0	0	
0	0	0	0	0	
0	0	0	0	0	
0	0	0	0	0	
1	0	0	0	0	
0	0	1	0	0	
0	0	16	8	6	
0	0	28	27	17	
0	0	1	15	14	
0	0	0	8	4	
12	7	23	9	11	
0	0	0	0	0	
0	0	0	0	0	
0	0	0	0	0	
0	0	0	0	0	
0	0	0	1	0	
0	0	0	0	1	
0	0	0	0	1	
1	1	0	0	0	
0	0	0	1	0	
0	0	0	0	0	
0	0	0	0	0	
0	0	0	0	0	
0	0	1	0	0	
0	0	0	7	16	
0	0	0	0	0	
0	0	0	0	1	
0	0	1	0	0	
0	0	15	19	26	
0	0	0	0	1	
0	0	0	0	0	
0	0	0	0	0	
0	0	0	1	0	
0	0	0	0	0	
0	0	0	0	0	
0	0	0	0	0	
0	0	0	1	6	
1	0	0	0	0	
0	0	0	1	0	
0	0	0	0	0	
1	0	0	0	0	
0	0	1	0	0	
0	1	1	1	1	
0	0	0	0	0	
0	0	0	0	0	
0	0	0	0	0	
0	0	0	0	0	
0	3	0	0	0	
0	0	0	0	0	
1	0	0	0	0	
0	0	0	0	0	
0	0	0	0	0	
0	0	0	0	0	
0	0	0	0	0	
0	0	0	0	0	
0	0	0	0	0	
0	0	1	1	0	
0	0	0	0	0	
6	0	0	1	20	
11	2	0	0	0	
0	0	0	0	0	
0	0	0	1	0	
0	0	0	0	0	
0	0	0	0	0	
9	1	0	0	1	
0	0	0	0	4	
0	0	7	27	9	
0	0	5	22	15	
0	0	2	0	0	
0	0	0	0	0	
0	1	0	0	0	
0	0	0	0	0	
0	0	11	4	2	
0	0	0	0	0	
0	0	0	0	0	
0	0	0	0	1	
0	0	0	1	0	
0	0	0	0	0	
0	0	0	15	5	
0	0	0	0	0	
0	0	0	26	12	
0	0	0	0	0	
0	0	0	0	0	
0	0	0	0	0	
0	1	0	0	0	
0	0	0	0	0	
0	0	0	0	0	
0	0	0	0	0	
0	0	0	0	0	
0	0	1	0	0	
0	0	22	0	2	
0	0	1	0	1	
0	0	0	0	0	
0	0	0	0	0	
5	0	0	0	0	
0	0	0	0	0	
0	0	6	9	0	
0	0	0	0	0	
0	0	2	8	13	
0	0	25	27	18	
0	0	0	0	0	
0	0	0	0	17	
0	0	1	0	0	
0	0	0	0	0	
0	0	0	0	0	
5	8	0	0	0	
0	0	0	0	0	
0	0	0	0	0	
0	1	0	0	0	
0	0	0	0	0	
0	0	0	0	0	
0	0	0	0	0	
0	0	0	0	0	
0	0	0	0	0	
0	0	0	0	0	
0	0	0	0	23	
0	0	0	0	0	
0	1	33	4	22	
0	0	0	0	0	
0	0	1	0	0	
1	0	0	0	0	
0	0	0	0	0	
0	0	0	2	24	
0	1	0	0	0	
0	0	0	0	0	
0	0	0	0	0	
0	0	1	10	38	
0	0	0	0	0	
0	0	0	0	0	
2	0	0	0	0	
0	0	0	0	2	
0	0	1	11	13	
0	0	0	0	0	
0	0	0	9	6	
0	0	7	15	4	
0	0	0	0	0	
0	0	0	0	0	
0	0	0	0	1	
0	0	0	4	4	
0	0	0	0	0	
0	0	0	0	0	
0	0	0	0	1	
0	0	1	0	0	
0	0	3	7	14	
0	0	0	0	0	
0	0	0	0	4	
0	0	24	32	3	
0	0	0	0	0	
0	0	0	1	0	
0	1	1	0	0	
0	0	0	15	14	
0	1	0	0	0	
0	0	0	0	0	
0	0	1	0	1	
0	0	0	0	0	
1	0	0	0	0	
0	0	0	0	0	
0	0	0	0	0	
0	0	0	0	0	
0	0	0	0	0	
0	0	0	1	0	
0	0	0	0	0	
0	0	0	16	4	
0	0	0	0	1	
0	0	0	0	0	
0	0	0	1	0	
0	1	0	0	0	
0	0	0	0	0	
0	0	2	11	3	
0	0	1	0	0	
0	0	0	0	0	
0	0	0	0	0	
0	0	0	5	10	
0	1	0	0	0	
1	0	12	14	9	
0	0	35	13	15	
0	0	0	0	0	
0	0	16	12	14	
0	0	0	0	0	
0	0	0	0	0	
0	0	0	0	0	
0	0	0	0	0	
0	0	0	1	0	
0	0	0	0	0	
0	0	2	0	0	
0	0	29	12	12	
0	0	0	0	2	
0	0	0	0	0	
0	0	0	0	0	
0	0	0	15	1	
0	0	0	0	0	
0	0	0	1	0	
0	0	0	0	0	
0	0	0	0	1	
0	0	1	0	0	
0	1	0	0	2	
10	3	1	0	0	
0	0	0	0	1	
0	0	1	1	0	
0	0	24	20	12	
1	0	0	0	0	
0	0	0	0	1	
0	1	34	10	13	
0	0	0	0	0	
0	0	0	0	0	
0	0	0	0	0	
0	1	0	0	7	
0	0	0	0	0	
0	0	0	0	2	
0	0	0	0	0	
0	0	34	22	21	
3	0	0	0	0	
0	0	0	0	0	
0	0	14	16	2	
0	0	1	0	3	
0	0	0	0	1	
0	0	0	1	19	
0	0	0	1	0	
0	0	0	9	6	
0	0	1	0	0	
0	0	0	0	0	
0	0	0	0	0	
0	0	0	1	0	
0	0	0	0	0	
0	2	1	0	0	
0	0	0	0	0	
0	0	0	1	5	
0	0	0	0	0	
12	0	0	8	13	
7	6	0	0	0	
0	0	0	0	15	
0	0	0	0	0	
0	0	0	0	0	
0	0	0	0	0	
0	0	0	0	0	
0	0	0	29	14	
0	0	0	0	0	
0	0	0	0	0	
0	0	0	0	0	
0	0	0	0	0	
0	0	0	0	0	
0	0	1	0	0	
0	0	0	0	0	
0	0	0	0	0	
0	0	0	0	0	
0	0	0	0	0	
0	0	0	0	0	
0	0	0	0	0	
0	0	0	1	0	
0	0	0	0	0	
0	0	0	9	1	
0	0	0	1	0	
0	0	0	14	1	
0	0	0	0	0	
0	0	1	0	0	
0	0	1	1	0	
0	0	0	0	0	
0	0	0	0	0	
0	1	0	0	0	
0	0	2	0	0	
0	1	0	0	0	
0	1	0	0	0	
0	0	0	0	0	
0	0	0	0	0	
0	0	0	0	0	
1	0	0	0	0	
0	0	26	10	5	
1	0	0	0	0	
0	0	0	0	0	
0	0	1	1	0	
0	1	0	0	0	
0	0	0	0	0	
0	0	8	24	4	
0	0	0	0	0	
0	0	0	0	0	
0	0	3	11	7	
0	0	0	0	0	
0	0	0	1	0	
0	0	0	0	0	
0	0	0	0	0	
2	1	1	0	0	
0	0	1	0	0	
0	0	0	13	16	
0	0	0	0	0	
0	0	0	0	0	
0	0	0	0	0	
0	0	0	0	1	
0	0	0	1	0	
0	0	0	1	0	
0	0	0	0	0	
0	0	0	0	1	
0	0	0	0	0	
0	1	1	1	0	
0	1	1	0	0	
0	0	1	0	0	
0	0	0	0	0	
0	0	1	0	0	
0	0	0	0	0	
0	0	1	0	0	
0	0	0	0	0	
3	0	0	4	4	
0	0	0	0	0	
0	0	0	0	0	
0	0	0	0	0	
0	0	0	0	0	
0	1	0	0	0	
0	0	0	0	0	
0	0	0	0	0	
0	0	0	0	0	
0	0	0	0	0	
0	0	0	0	0	
0	0	0	22	5	
0	0	0	0	0	
0	0	0	0	0	
0	0	0	0	0	
0	0	10	1	24	
0	0	0	0	0	
0	0	0	2	0	
0	0	0	0	0	
0	1	0	0	0	
6	0	23	0	0	
0	0	0	0	0	
0	1	0	0	0	
0	0	21	6	5	
0	0	0	0	0	
0	0	0	0	0	
0	0	0	1	0	
0	0	0	0	1	
1	1	0	3	10	
0	0	0	0	0	
0	0	0	0	0	
0	0	0	0	1	
0	0	0	0	0	
0	0	0	0	0	
0	0	0	0	0	
0	0	0	0	1	
0	0	0	0	0	
0	0	12	6	10	
0	0	0	0	0	
0	0	0	0	0	
0	0	0	0	0	
0	0	0	0	0	
0	0	0	0	0	
0	0	1	12	5	
0	0	0	0	0	
0	0	1	0	0	
0	1	0	0	0	
0	0	0	0	0	
0	0	1	0	0	
0	0	0	0	0	
0	0	0	0	0	
0	0	0	0	0	
0	0	0	1	0	
0	1	0	0	0	
0	0	0	0	0	
0	1	1	0	0	
0	0	1	0	0	
0	1	0	1	0	
0	1	8	27	22	
1	0	0	0	0	
0	1	0	0	0	
0	1	9	0	1	
0	0	0	0	0	
8	1	1	1	0	
0	1	0	1	0	
0	1	0	0	0	
0	0	1	0	0	
0	0	0	0	0	
0	0	0	0	0	
0	0	0	0	0	
0	0	0	0	0	
0	0	0	0	0	
0	0	0	1	0	
0	1	0	0	1	
0	0	1	0	0	
0	0	0	0	0	
0	0	0	3	11	
0	0	0	0	0	
0	0	0	0	0	
0	0	0	0	0	
0	0	0	23	27	
0	0	0	0	0	
0	0	0	0	0	
0	0	0	0	0	
0	0	0	0	0	
0	0	0	0	0	
0	0	0	0	0	
0	0	0	0	0	
0	0	0	0	0	
0	0	0	0	3	
0	0	1	0	0	
0	0	1	0	0	
0	1	1	0	0	
0	0	1	11	13	
0	0	21	26	2	
0	0	1	0	0	
0	1	0	1	0	
0	0	0	0	1	
0	1	0	0	1	
0	0	0	0	0	
0	0	0	0	0	
0	1	1	0	0	
8	0	26	8	0	
0	0	0	0	1	
0	1	0	0	1	
0	0	0	0	0	
0	0	0	0	0	
0	0	4	13	33	
0	1	0	0	0	
0	1	0	0	0	
0	0	0	1	0	
0	0	0	0	0	
0	0	0	1	0	
0	0	0	0	0	
0	0	1	0	0	
0	0	0	0	0	
0	0	2	0	0	
0	0	0	0	16	
0	0	0	0	0	
0	1	0	0	0	
0	0	0	0	1	
0	0	0	0	0	
0	0	1	0	0	
0	0	2	0	2	
0	0	4	17	11	
0	0	0	1	0	
0	0	0	0	0	
0	0	0	0	1	
0	0	3	6	6	
0	0	0	0	0	
0	0	0	1	1	
0	0	27	27	17	
0	0	0	0	0	
1	0	0	0	0	
0	0	1	0	0	
0	0	1	0	1	
0	0	0	0	0	
0	0	0	1	0	
0	0	0	0	0	
0	1	33	16	18	
0	0	1	0	1	
0	0	0	0	0	
0	0	0	0	0	
1	0	9	11	9	
0	1	0	0	0	
0	1	1	0	0	
0	0	0	0	0	
0	1	0	1	0	
0	0	0	0	0	
0	0	0	0	1	
0	0	0	0	0	
0	0	2	17	13	
0	0	0	0	1	
0	0	0	0	0	
1	0	0	0	0	
0	0	0	0	0	
0	0	0	0	0	
0	0	0	0	0	
0	0	1	0	0	
0	0	1	0	0	
0	0	0	3	8	
1	0	0	0	0	
10	3	0	1	0	
0	0	1	0	0	
0	0	40	6	2	
0	0	1	0	0	
0	0	0	0	1	
0	0	6	7	20	
0	0	0	0	0	
0	0	0	25	13	
0	0	0	0	0	
0	1	0	0	0	
0	0	1	0	1	
0	1	0	0	0	
0	0	0	0	0	
0	0	1	0	0	
0	0	0	0	0	
0	1	0	0	0	
0	0	0	0	0	
0	0	0	0	0	
0	1	50	27	2	
0	0	0	0	0	
0	0	0	0	0	
0	0	0	0	0	
0	0	0	0	0	
0	0	0	7	1	
0	0	0	0	0	
0	0	0	0	0	
2	5	0	0	0	
0	0	0	0	18	
0	0	0	0	0	
0	1	0	0	0	
0	0	0	0	0	
0	0	0	0	0	
0	0	0	0	0	
1	0	0	0	0	
4	0	6	14	18	
0	0	0	0	0	
0	0	0	0	0	
0	0	0	0	0	
1	0	0	0	0	
0	0	0	0	0	
0	0	1	0	0	
0	0	10	18	12	
3	1	1	1	0	
0	0	0	0	0	
0	0	0	0	0	
0	0	0	0	0	
0	1	0	0	0	
0	0	0	0	0	
0	0	0	0	0	
0	0	0	3	10	
0	0	0	0	0	
0	0	0	0	0	
4	8	12	10	4	
0	0	0	0	0	
0	0	0	0	0	
0	0	1	1	1	
0	0	0	4	7	
0	0	0	0	0	
0	0	0	12	7	
0	0	1	0	0	
0	2	0	0	0	
0	0	0	0	0	
0	0	0	0	0	
0	1	0	0	0	
0	0	0	0	1	
0	0	0	0	0	
0	0	1	0	0	
0	0	0	0	16	
0	0	0	0	0	
0	0	0	1	0	
1	0	0	1	10	
0	0	0	0	0	
0	0	0	0	0	
0	0	0	0	0	
0	0	0	0	0	
0	0	27	40	17	
0	0	0	0	1	
0	0	0	0	0	
0	0	0	0	0	
0	0	0	25	9	
0	0	0	0	0	
0	0	0	0	0	
0	0	0	0	0	
0	0	0	0	0	
0	0	0	0	0	
0	0	0	1	11	
0	0	0	2	4	
0	0	0	0	0	
0	0	0	5	9	
0	0	0	1	1	
0	0	17	20	24	
0	0	1	0	0	
0	1	1	0	9	
0	0	0	0	1	
0	0	0	0	0	
0	0	1	1	0	
0	0	1	0	1	
0	0	0	0	0	
0	0	0	2	13	
0	0	0	0	0	
0	0	1	0	0	
0	0	0	15	5	
0	0	0	0	0	
0	0	0	0	0	
0	0	0	0	0	
0	0	0	0	0	
1	0	1	0	0	
0	1	0	0	0	
0	0	0	0	0	
0	0	0	0	0	
0	0	0	0	1	
0	0	1	1	0	
0	0	0	1	0	
1	0	0	1	0	
0	0	0	0	0	
0	0	0	0	0	
0	0	0	0	0	
0	1	0	0	0	
0	0	0	0	0	
0	0	0	1	0	
0	0	0	0	0	
0	0	0	0	0	
0	0	0	0	1	
0	0	0	0	0	
0	0	0	2	7	
0	0	1	0	0	
0	0	1	1	0	
0	0	0	0	0	
0	0	17	18	33	
0	0	0	0	0	
0	0	0	0	0	
0	0	1	0	0	
0	1	0	0	0	
0	1	0	0	0	
0	0	1	0	0	
0	0	0	12	13	
0	0	0	0	0	
1	0	0	0	0	
2	0	0	0	1	
0	0	0	0	0	
0	0	1	0	0	
0	0	0	15	16	
0	0	0	0	0	
0	0	0	0	0	
0	0	0	0	0	
0	0	1	0	0	
0	0	24	9	9	
0	0	0	0	0	
0	0	0	1	0	
0	0	2	66	8	
0	0	0	1	0	
1	0	0	0	0	
0	0	13	4	15	
2	3	0	0	0	
0	0	0	0	0	
0	0	0	0	0	
0	0	0	0	0	
0	0	0	0	0	
0	0	0	1	0	
1	2	1	0	0	
0	0	0	10	10	
0	0	1	0	0	
0	0	0	0	1	
0	0	0	0	0	
0	0	0	0	0	
0	0	0	0	0	
0	0	10	31	20	
1	1	0	0	0	
0	0	1	0	0	
0	0	0	0	0	
0	0	0	0	0	
0	0	0	0	0	
0	0	0	0	0	
0	0	27	2	5	
0	0	26	6	9	
0	0	0	0	0	
0	0	0	0	0	
0	0	0	0	0	
