H_norm[0]	H_norm[1]	H_norm[2]	H_norm[3]	H_norm[4]	
na	na	0.338215	-1.92495	0.666891	
na	0.338215	na	na	na	
na	na	na	na	na	
na	na	na	na	na	
na	na	0.338215	na	na	
na	na	na	na	na	
na	na	na	na	na	
na	na	0.338215	na	na	
na	na	na	na	na	
na	na	na	0.338215	na	
na	na	na	na	na	
na	na	na	na	na	
na	na	0.338215	na	na	
na	na	na	na	0.449278	
na	na	0.338215	na	na	
na	na	na	0.584062	-2.24639	
na	na	na	na	na	
na	na	na	na	-4.98799	
na	na	na	na	na	
na	na	na	na	na	
na	0.338215	na	na	na	
na	na	na	-2.91051	0.338215	
na	na	na	na	0.338215	
na	na	-4.72841	-4.14512	-3.61184	
na	na	na	na	na	
na	na	na	0.338215	na	
0.338215	na	na	na	na	
na	na	0.338215	-2.16867	-3.55823	
na	na	0.338215	-4.87266	-3.55823	
na	na	na	na	na	
na	na	na	na	na	
na	na	na	na	na	
na	0.338215	na	na	na	
na	na	0.338215	na	na	
na	0.338215	na	na	na	
na	na	na	na	na	
na	na	na	na	na	
na	na	0.338215	na	na	
na	na	0.338215	0.338215	0.338215	
na	na	0.338215	na	na	
na	na	na	na	na	
na	na	-3.55823	-2.24639	-4.17705	
na	na	-2.40767	-4.37552	-1.89174	
na	na	na	na	0.338215	
na	na	na	na	na	
-5.7252	-1.14329	na	0.338215	na	
na	na	na	-4.21628	-4.02258	
na	na	0.520473	na	na	
na	na	0.338215	na	na	
na	na	na	na	na	
na	na	na	na	0.338215	
na	na	na	na	na	
na	na	na	na	na	
na	na	na	na	na	
na	na	na	0.449278	na	
na	na	na	0.338215	na	
na	na	na	na	na	
na	na	na	na	na	
na	na	0.338215	na	na	
na	na	na	-5.7252	-3.05803	
na	na	na	na	na	
na	na	na	na	0.520473	
na	na	0.338215	na	na	
na	na	-0.376373	-3.43441	-1.02371	
na	na	na	na	na	
na	na	-5.25192	-4.12974	-2.7347	
na	na	0.338215	0.449278	na	
0.449278	-3.72036	na	na	na	
na	na	na	na	na	
na	na	na	na	na	
na	na	-3.64331	-3.60487	-5.25192	
na	0.608787	na	na	-1.92495	
na	na	na	na	na	
na	na	na	na	na	
na	na	0.338215	na	na	
na	na	na	0.338215	-6.28809	
na	na	na	na	na	
na	na	na	na	na	
na	na	na	na	0.338215	
na	na	0.338215	na	na	
na	na	na	-1.37581	-4.57316	
na	-1.14329	-4.12974	-3.87517	-4.21628	
na	na	na	na	na	
na	na	0.338215	na	na	
na	na	0.338215	-2.7397	-3.69663	
na	na	na	na	na	
na	na	na	na	na	
na	na	na	na	na	
na	na	na	na	na	
na	na	0.338215	-3.13498	-5.22106	
na	na	na	na	na	
0.520473	na	na	na	na	
na	na	na	na	na	
na	na	na	na	na	
na	na	0.338215	na	na	
na	na	na	na	na	
na	na	na	0.338215	na	
na	na	na	na	na	
na	na	na	-3.81505	-2.73377	
na	na	na	na	0.338215	
na	na	na	na	na	
na	0.338215	-4.06817	-2.4697	na	
na	na	na	0.338215	na	
na	na	0.338215	na	-4.9399	
na	na	na	na	na	
na	na	0.449278	na	-3.43953	
0.449278	0.338215	na	na	na	
na	na	-2.74116	-0.867734	-5.20522	
na	na	na	na	na	
-3.20825	na	0.338215	na	0.659266	
na	na	na	na	na	
na	na	0.338215	-1.43223	-1.67676	
na	na	na	na	na	
na	0.338215	0.338215	na	na	
na	na	0.338215	na	na	
na	0.338215	-5.39712	-3.64331	-1.14329	
na	na	na	na	0.338215	
na	na	na	na	na	
na	na	na	na	na	
na	na	na	na	na	
na	na	0.338215	na	na	
na	na	na	na	na	
na	na	na	na	na	
na	0.449278	na	na	na	
na	na	na	na	na	
na	na	na	na	na	
na	na	na	na	na	
na	na	na	na	0.338215	
na	na	na	na	na	
0.338215	na	na	na	0.584062	
na	na	na	na	na	
na	na	na	na	na	
na	na	na	na	na	
na	-4.57316	-5.67364	-4.88641	-1.61959	
na	na	na	0.338215	na	
na	na	na	na	na	
na	na	na	na	0.449278	
na	na	0.338215	na	0.338215	
na	na	na	na	na	
na	na	na	na	na	
na	na	na	na	na	
na	na	0.520473	-3.55823	-3.99897	
na	na	na	na	na	
na	na	na	na	0.338215	
na	na	na	na	na	
na	na	-4.87266	-2.85822	-2.76284	
na	na	-3.15487	na	0.338215	
na	na	na	-2.24639	0.449278	
na	na	na	na	na	
na	0.338215	0.338215	na	na	
na	na	0.338215	na	na	
na	na	na	na	na	
na	na	na	na	na	
na	na	na	na	-4.94206	
na	na	0.338215	0.338215	na	
na	na	na	na	na	
na	na	na	na	na	
na	na	na	na	0.541144	
na	na	na	na	0.338215	
na	na	na	na	na	
na	na	na	na	na	
na	na	na	na	na	
na	na	na	na	na	
na	na	0.338215	0.338215	0.338215	
na	na	na	na	0.338215	
-2.24639	na	na	na	na	
na	na	na	na	na	
na	na	na	na	na	
na	na	na	na	na	
na	0.338215	na	na	0.338215	
-5.33521	-4.87266	na	na	na	
na	na	na	na	na	
na	na	na	na	na	
na	0.338215	na	na	na	
na	na	na	na	na	
na	na	na	na	na	
na	0.338215	na	na	0.338215	
na	na	na	na	na	
na	0.338215	na	na	na	
na	na	0.338215	na	na	
na	na	-4.49155	-5.25192	-3.43953	
na	na	na	na	na	
na	na	-2.85822	-2.32062	-1.61959	
na	0.338215	na	-2.14049	0.718845	
na	na	na	na	na	
na	0.338215	na	-1.56142	-2.24639	
na	na	na	na	na	
0.338215	na	na	-0.156188	0.0244276	
na	na	na	na	na	
na	na	0.338215	na	na	
na	na	na	-2.02916	-1.09331	
na	na	na	0.338215	0.338215	
0.338215	na	na	na	na	
na	na	na	-3.90608	-5.88084	
na	na	na	na	na	
na	na	na	na	na	
na	na	na	na	na	
na	na	na	na	na	
na	na	na	na	na	
na	na	na	na	na	
na	na	na	na	na	
na	na	na	na	na	
-1.37581	na	na	na	na	
na	na	na	na	na	
na	na	-0.936852	na	-1.56142	
na	na	na	na	na	
na	na	na	na	na	
na	na	0.338215	-3.72036	-2.40767	
na	0.338215	na	na	na	
0.338215	-5.33521	0.338215	na	na	
na	na	na	na	na	
na	na	na	0.338215	na	
na	na	na	na	na	
na	na	na	0.338215	na	
na	na	0.338215	0.338215	na	
na	na	na	na	na	
na	na	na	na	na	
na	na	na	na	na	
0.338215	na	na	0.338215	na	
na	na	na	-0.473501	na	
na	na	na	na	na	
-0.832757	na	na	na	na	
na	na	na	na	na	
na	na	na	na	na	
na	na	na	na	na	
na	na	na	na	na	
na	0.338215	0.449278	na	na	
na	0.338215	na	na	0.338215	
na	na	na	0.338215	na	
na	na	na	na	na	
na	na	na	na	na	
na	na	-4.49155	-3.05716	-2.7397	
na	na	na	na	na	
-2.1171	-3.72036	na	na	na	
na	na	na	na	na	
na	na	na	na	na	
na	na	na	0.338215	na	
na	na	na	0.338215	na	
na	0.338215	na	na	na	
na	0.338215	0.338215	0.338215	na	
na	na	na	na	na	
na	na	na	na	na	
na	na	0.338215	-3.72036	na	
na	na	na	na	na	
na	na	na	na	na	
na	na	na	-1.53894	-0.808701	
na	na	0.338215	0.338215	na	
na	na	0.338215	na	na	
na	na	na	na	na	
na	na	0.338215	na	na	
na	0.338215	na	na	-2.85822	
na	0.338215	-4.52887	-3.95546	-2.7397	
na	na	na	na	na	
na	na	na	na	na	
-4.94206	-3.64331	na	na	na	
na	na	na	na	na	
na	0.338215	na	0.338215	na	
na	na	na	0.338215	na	
na	na	na	na	na	
na	na	na	na	na	
na	na	0.338215	-2.70572	-1.7327	
0.338215	na	na	na	na	
-2.24639	na	na	na	0.338215	
na	na	na	-3.60487	-3.31899	
na	na	na	na	na	
na	na	0.449278	na	na	
na	na	na	na	na	
0.449278	na	na	na	na	
na	na	na	na	na	
na	na	na	0.338215	na	
-3.50594	-1.12912	na	na	na	
na	na	-3.31074	-3.20121	-1.82737	
na	na	na	na	na	
na	na	na	na	0.338215	
na	na	na	na	na	
na	na	na	-1.87453	0.338215	
na	na	na	0.338215	na	
0.338215	-4.9399	-4.84134	-2.85822	0.338215	
na	na	na	na	na	
na	na	na	0.541144	-2.499	
na	na	na	na	na	
na	na	na	na	na	
na	na	na	na	na	
na	0.338215	na	na	na	
na	0.338215	na	na	na	
na	0.338215	na	na	na	
na	na	na	na	na	
na	na	na	na	na	
na	0.338215	-4.52372	-2.85822	-3.72036	
na	na	na	na	na	
na	na	na	na	na	
na	na	na	na	na	
na	na	0.449278	-2.34652	-2.38478	
-4.94206	na	0.338215	0.338215	na	
na	na	0.338215	na	na	
na	na	na	na	na	
na	na	0.338215	na	0.338215	
na	na	na	na	na	
0.338215	na	na	na	na	
na	na	na	na	na	
na	na	na	na	0.338215	
na	na	na	na	0.338215	
na	na	na	-4.4752	-6.2237	
-3.72036	na	na	na	na	
na	0.338215	na	na	-5.04932	
na	na	na	na	na	
na	na	na	na	na	
na	na	na	na	na	
na	na	na	na	na	
na	na	na	na	na	
na	na	na	na	na	
na	0.338215	na	na	na	
na	0.338215	na	na	na	
na	na	na	na	na	
na	na	na	na	0.338215	
na	na	na	na	0.338215	
na	na	na	0.338215	na	
na	na	na	na	na	
na	na	na	na	0.338215	
na	na	na	na	na	
na	na	na	na	na	
-2.85822	-0.641651	-1.49173	-1.56142	-4.50528	
na	0.338215	na	-4.14144	-3.20825	
-1.92495	0.338215	na	na	na	
na	na	na	na	0.338215	
na	na	0.338215	na	na	
-2.24639	na	na	na	na	
na	na	na	0.541144	na	
na	na	na	na	na	
na	na	na	na	na	
na	na	na	na	na	
na	na	na	na	na	
na	na	na	na	0.338215	
na	na	na	na	na	
na	na	-3.20825	-5.02725	-5.13852	
na	na	na	0.338215	na	
na	na	na	na	na	
na	na	na	-4.50528	-3.69325	
na	na	na	na	na	
na	na	0.338215	na	na	
na	na	na	na	na	
0.338215	0.338215	na	0.338215	na	
na	0.338215	na	na	na	
na	na	na	na	na	
na	na	na	na	na	
na	na	0.338215	na	na	
na	na	na	na	na	
na	na	na	na	na	
na	-3.20825	0.449278	na	na	
na	na	na	na	-3.78627	
na	0.338215	-0.568832	0.914632	-1.36099	
na	na	na	na	-3.02192	
na	na	na	na	na	
na	na	na	na	na	
na	na	na	0.338215	na	
na	na	0.338215	na	na	
na	na	na	na	-0.895039	
na	na	0.338215	na	na	
na	na	-4.32298	-5.8196	-3.43176	
na	na	0.338215	na	na	
na	na	na	na	na	
na	na	na	na	na	
na	na	na	na	na	
na	na	na	na	na	
0.338215	na	na	na	na	
na	na	0.338215	na	na	
na	na	-2.14758	-1.37581	-4.49155	
na	na	-2.38957	-0.468031	-1.51971	
na	na	0.338215	-3.55823	-5.79451	
na	na	na	-4.47139	-2.85822	
-4.4752	-3.90608	-4.72841	-3.05803	-4.87266	
na	na	na	na	na	
na	na	na	na	na	
na	na	na	na	na	
na	na	na	na	na	
na	na	na	0.338215	na	
na	na	na	na	0.338215	
na	na	na	na	0.338215	
0.338215	0.338215	na	na	na	
na	na	na	0.338215	na	
na	na	na	na	na	
na	na	na	na	na	
na	na	na	na	na	
na	na	0.338215	na	na	
na	na	na	-5.04932	-2.00115	
na	na	na	na	na	
na	na	na	na	-3.72036	
na	na	0.338215	na	na	
na	na	-2.93941	-2.7347	-3.37687	
na	na	na	na	0.541144	
na	na	na	na	na	
na	na	na	na	na	
na	na	na	0.338215	na	
na	na	na	na	na	
na	na	na	na	na	
na	na	na	na	na	
na	na	na	0.338215	-4.49155	
0.338215	na	na	na	na	
na	na	na	0.338215	na	
na	na	na	na	na	
0.338215	na	na	na	na	
na	na	0.338215	na	na	
na	0.338215	0.338215	0.338215	0.338215	
na	na	na	na	na	
na	na	na	na	na	
na	na	na	na	na	
na	na	na	na	na	
na	-1.56142	na	na	na	
na	na	na	na	na	
0.338215	na	na	na	na	
na	na	na	na	na	
na	na	na	na	na	
na	na	na	na	na	
na	na	na	na	na	
na	na	na	na	na	
na	na	na	na	na	
na	na	0.338215	0.338215	na	
na	na	na	na	na	
-1.92495	na	na	0.338215	-4.50528	
-4.87266	0.449278	na	na	na	
na	na	na	na	na	
na	na	na	0.338215	na	
na	na	na	na	na	
na	na	na	na	na	
-5.88084	0.338215	na	na	0.338215	
na	na	na	na	-2.85822	
na	na	-3.90608	-4.7111	-2.1171	
na	na	-5.25192	-4.51197	-3.55823	
na	na	0.449278	na	na	
na	na	na	na	na	
na	0.338215	na	na	na	
na	na	na	na	na	
na	na	-2.4697	-1.14329	0.449278	
na	na	na	na	na	
na	na	na	na	na	
na	na	na	na	0.338215	
na	na	na	0.338215	na	
na	na	na	na	na	
na	na	na	-3.21788	-2.54047	
na	na	na	na	na	
na	na	na	-3.75915	-2.2376	
na	na	na	na	na	
na	na	na	na	na	
na	na	na	na	na	
na	0.338215	na	na	na	
na	na	na	na	na	
na	na	na	na	na	
na	na	na	na	na	
na	na	na	na	na	
na	na	0.338215	na	na	
na	na	-2.73677	na	-4.94206	
na	na	0.338215	na	0.338215	
na	na	na	na	na	
na	na	na	na	na	
-2.32062	na	na	na	na	
na	na	na	na	na	
na	na	-1.92495	-3.05803	na	
na	na	na	na	na	
na	na	-2.24639	-3.43953	-2.73377	
na	na	0	-7.21997e-16	0	
na	na	na	na	na	
na	na	na	na	-4.21628	
na	na	0.338215	na	na	
na	na	na	na	na	
na	na	na	na	na	
-1.58779	-2.40767	na	na	na	
na	na	na	na	na	
na	na	na	na	na	
na	0.338215	na	na	na	
na	na	na	na	na	
na	na	na	na	na	
na	na	na	na	na	
na	na	na	na	na	
na	na	na	na	na	
na	na	na	na	na	
na	na	na	na	0.0497728	
na	na	na	na	na	
na	0.338215	-2.53928	-2.85822	-3.62437	
na	na	na	na	na	
na	na	0.338215	na	na	
0.338215	na	na	na	na	
na	na	na	na	na	
na	na	na	-2.24639	-4.10737	
na	0.338215	na	na	na	
na	na	na	na	na	
na	na	na	na	na	
na	na	0.338215	-1.61498	-3.17074	
na	na	na	na	na	
na	na	na	na	na	
-2.24639	na	na	na	na	
na	na	na	na	0.449278	
na	na	0.338215	-3.27069	-4.12974	
na	na	na	na	na	
na	na	na	-4.14011	-5.13321	
na	na	-2.76284	-4.79587	-1.14329	
na	na	na	na	na	
na	na	na	na	na	
na	na	na	na	0.338215	
na	na	na	-4.57316	-2.85822	
na	na	na	na	na	
na	na	na	na	na	
na	na	na	na	0.541144	
na	na	0.338215	na	na	
na	na	-3.64331	-5.04932	-4.48254	
na	na	na	na	na	
na	na	na	na	-1.14329	
na	na	-2.87516	-3.90471	-3.64331	
na	na	na	na	na	
na	na	na	0.338215	na	
na	0.338215	0.338215	na	na	
na	na	na	-5.4147	-6.45049	
na	0.338215	na	na	na	
na	na	na	na	na	
na	na	0.338215	na	-3.72036	
na	na	na	na	na	
0.338215	na	na	na	na	
na	na	na	na	na	
na	na	na	na	na	
na	na	na	na	na	
na	na	na	na	na	
na	na	na	0.338215	na	
na	na	na	na	na	
na	na	na	-2.73328	-2.85822	
na	na	na	na	0.338215	
na	na	na	na	na	
na	na	na	0.338215	na	
na	0.338215	na	na	na	
na	na	na	na	na	
na	na	-4.94206	-1.66872	-5.7252	
na	na	0.338215	na	na	
na	na	na	na	na	
na	na	na	na	na	
na	na	na	-5.25192	-3.60487	
na	0.338215	na	na	na	
0.338215	na	-2.98346	-2.5146	-3.99897	
na	na	-4.10638	-0.290827	-4.35238	
na	na	na	na	na	
na	na	-2.73328	-1.49173	-3.82656	
na	na	na	na	na	
na	na	na	na	na	
na	na	na	na	na	
na	na	na	na	na	
na	na	na	0.338215	na	
na	na	na	na	na	
na	na	0.449278	na	na	
na	na	-1.43154	-3.58016	-3.58016	
na	na	na	na	-2.24639	
na	na	na	na	na	
na	na	na	na	na	
na	na	na	-1.70176	0.338215	
na	na	na	na	na	
na	na	na	0.338215	na	
na	na	na	na	na	
na	na	na	na	0.338215	
na	na	0.338215	na	na	
na	0.338215	na	na	0.449278	
-8.45267e-16	-0.728662	0.338215	na	na	
na	na	na	na	0.338215	
na	na	0.338215	0.338215	na	
na	na	-4.5181	-5.4707	-1.49173	
0.338215	na	na	na	na	
na	na	na	na	0.338215	
na	0.338215	-3.34402	-4.47004	-4.82773	
na	na	na	na	na	
na	na	na	na	na	
na	na	na	na	na	
na	0.338215	na	na	-3.90608	
na	na	na	na	na	
na	na	na	na	0.449278	
na	na	na	na	na	
na	na	-4.54188	-4.06817	-1.66475	
-5.7252	na	na	na	na	
na	na	na	na	na	
na	na	-3.49857	-3.43613	-1.43769	
na	na	0.338215	na	-1.56142	
na	na	na	na	0.338215	
na	na	na	0.338215	-3.74444	
na	na	na	0.338215	na	
na	na	na	-0.235233	0.641651	
na	na	0.338215	na	na	
na	na	na	na	na	
na	na	na	na	na	
na	na	na	0.338215	na	
na	na	na	na	na	
na	0.449278	0.338215	na	na	
na	na	na	na	na	
na	na	na	0.338215	-0.854964	
na	na	na	na	na	
-3.72933	na	na	-2.40767	-4.82773	
-2.76284	-1.92495	na	na	na	
na	na	na	na	-2.32058	
na	na	na	na	na	
na	na	na	na	na	
na	na	na	na	na	
na	na	na	na	na	
na	na	na	-3.31909	-3.82656	
na	na	na	na	na	
na	na	na	na	na	
na	na	na	na	na	
na	na	na	na	na	
na	na	na	na	na	
na	na	0.338215	na	na	
na	na	na	na	na	
na	na	na	na	na	
na	na	na	na	na	
na	na	na	na	na	
na	na	na	na	na	
na	na	na	na	na	
na	na	na	0.338215	na	
na	na	na	na	na	
na	na	na	-3.05803	0.338215	
na	na	na	0.338215	na	
na	na	na	-2.5146	-3.72036	
na	na	na	na	na	
na	na	0.338215	na	na	
na	na	0.338215	0.338215	na	
na	na	na	na	na	
na	na	na	na	na	
na	0.338215	na	na	na	
na	na	0.449278	na	na	
na	0.338215	na	na	na	
na	0.338215	na	na	na	
na	na	na	na	na	
na	na	na	na	na	
na	na	na	na	na	
0.338215	na	na	na	na	
na	na	-4.14144	-4.47004	0.610689	
0.338215	na	na	na	na	
na	na	na	na	na	
na	na	0.338215	0.338215	na	
na	0.338215	na	na	na	
na	na	na	na	na	
na	na	-1.37581	-3.28589	-4.57316	
na	na	na	na	na	
na	na	na	na	na	
na	na	-3.64331	-2.71	-1.04797	
na	na	na	na	na	
na	na	na	0.338215	na	
na	na	na	na	na	
na	na	na	na	na	
0.449278	0.338215	0.338215	na	na	
na	na	0.338215	na	na	
na	na	na	-2.03579	-3.31899	
na	na	na	na	na	
na	na	na	na	na	
na	na	na	na	na	
na	na	na	na	0.608787	
na	na	na	0.541144	na	
na	na	na	0.338215	na	
na	na	na	na	na	
na	na	na	na	0.338215	
na	na	na	na	na	
na	0.338215	0.338215	0.338215	na	
na	0.338215	0.338215	na	na	
na	na	0.338215	na	na	
na	na	na	na	na	
na	na	0.338215	na	na	
na	na	na	na	na	
na	na	0.338215	na	na	
na	na	na	na	na	
0.520473	na	na	-0.457316	0.914632	
na	na	na	na	na	
na	na	na	na	na	
na	na	na	na	na	
na	na	na	na	na	
na	0.338215	na	na	na	
na	na	na	na	na	
na	na	na	na	na	
na	na	na	na	na	
na	na	na	na	na	
na	na	na	na	na	
na	na	na	-4.95577	-0.854964	
na	na	na	na	na	
na	na	na	na	na	
na	na	na	na	na	
na	na	-1.87453	-3.72036	-2.46442	
na	na	na	na	na	
na	na	na	0.449278	na	
na	na	na	na	na	
na	0.338215	na	na	na	
-4.49155	na	-2.5953	na	na	
na	na	na	na	na	
na	0.338215	na	na	na	
na	na	-4.27748	-1.92495	-3.78627	
na	na	na	na	na	
na	na	na	na	na	
na	na	na	0.338215	na	
na	na	na	na	0.338215	
0.338215	0.338215	na	-3.64331	-1.87453	
na	na	na	na	na	
na	na	na	na	na	
na	na	na	na	0.338215	
na	na	na	na	na	
na	na	na	na	na	
na	na	na	na	na	
na	na	na	na	0.338215	
na	na	na	na	na	
na	na	-5.22106	-1.92495	-3.60487	
na	na	na	na	na	
na	na	na	na	na	
na	na	na	na	na	
na	na	na	na	na	
na	na	na	na	na	
na	na	-3.72036	-4.4752	-5.25192	
na	na	na	na	na	
na	na	0.338215	na	na	
na	0.338215	na	na	na	
na	na	na	na	na	
na	na	0.338215	na	na	
na	na	na	na	na	
na	na	na	na	na	
na	na	na	na	na	
na	na	na	0.338215	na	
na	0.338215	na	na	na	
na	na	na	na	na	
na	0.338215	-3.72036	na	na	
na	na	0.338215	na	na	
na	0.338215	na	0.338215	na	
na	0.338215	-3.43953	-3.60261	-4.51197	
0.338215	na	na	na	na	
na	0.338215	na	na	na	
na	0.338215	-2.1171	na	-3.72036	
na	na	na	na	na	
-4.47139	0.338215	0.338215	0.338215	na	
na	0.338215	na	0.338215	na	
na	0.338215	na	na	na	
na	na	0.338215	na	na	
na	na	na	na	na	
na	na	na	na	na	
na	na	na	na	na	
na	na	na	na	na	
na	na	na	na	na	
na	na	na	0.338215	na	
na	0.338215	na	na	0.338215	
na	na	0.338215	na	na	
na	na	na	na	na	
na	na	na	-3.64331	-3.27069	
na	na	na	na	na	
na	na	na	na	na	
na	na	na	na	na	
na	na	na	-3.46987	-2.80819	
na	na	na	na	na	
na	na	na	na	na	
na	na	na	na	na	
na	na	na	na	na	
na	na	na	na	na	
na	na	na	na	na	
na	na	na	na	na	
na	na	na	na	na	
na	na	na	na	-5.7252	
na	na	0.541144	na	na	
na	na	0.338215	na	na	
na	0.338215	0.338215	na	na	
na	na	0.338215	-2.4697	-4.82773	
na	na	-3.35262	-5.2883	-4.94206	
na	na	0.338215	na	na	
na	0.338215	na	0.338215	na	
na	na	na	na	0.338215	
na	0.338215	na	na	0.338215	
na	na	na	na	na	
na	na	na	na	na	
na	0.338215	0.338215	na	na	
-2.2013	na	-2.05798	-0.653512	na	
na	na	na	na	0.338215	
na	0.338215	na	na	0.338215	
na	na	na	na	na	
na	na	na	na	na	
na	na	-6.28809	-2.73377	-1.86214	
na	0.338215	na	na	na	
na	0.338215	na	na	na	
na	na	na	0.338215	na	
na	na	na	na	na	
na	na	na	0.338215	na	
na	na	na	na	na	
na	na	0.338215	na	na	
na	na	na	na	na	
na	na	0.449278	na	na	
na	na	na	na	-2.14758	
na	na	na	na	na	
na	0.338215	na	na	na	
na	na	na	na	0.338215	
na	na	na	na	na	
na	na	0.541144	na	na	
na	na	0.449278	na	-4.94206	
na	na	-4.57316	-2.5483	-1.66872	
na	na	na	0.541144	na	
na	na	na	na	na	
na	na	na	na	0.338215	
na	na	-0.832757	-1.94634	0.149718	
na	na	na	na	na	
na	na	na	0.541144	0.338215	
na	na	-4.7111	-5.0806	-4.21628	
na	na	na	na	na	
0.338215	na	na	na	na	
na	na	0.338215	na	na	
na	na	0.338215	na	0.338215	
na	na	na	na	na	
na	na	na	0.338215	na	
na	na	na	na	na	
na	0.338215	-4.38604	-3.90469	-4.49806	
na	na	0.338215	na	0.338215	
na	na	na	na	na	
na	na	na	na	na	
0.338215	na	-2.1171	-2.4697	-3.99897	
na	0.338215	na	na	na	
na	0.338215	0.338215	na	na	
na	na	na	na	na	
na	0.338215	na	0.338215	na	
na	na	na	na	na	
na	na	na	na	0.338215	
na	na	na	na	na	
na	na	-1.57247	-2.7429	-1.02371	
na	na	na	na	0.338215	
na	na	na	na	na	
0.338215	na	na	na	na	
na	na	na	na	na	
na	na	na	na	na	
na	na	na	na	na	
na	na	0.338215	na	na	
na	na	0.338215	na	na	
na	na	na	-1.56142	-0.343953	
0.338215	na	na	na	na	
-2.7397	-1.56142	na	0.338215	na	
na	na	0.338215	na	na	
na	na	-5.58271	-1.92495	-2.24639	
na	na	0.338215	na	na	
na	na	na	na	0.338215	
na	na	-3.20825	-5.04932	-6.43612	
na	na	na	na	na	
na	na	na	-3.13498	-4.12974	
na	na	na	na	na	
na	0.338215	na	na	na	
na	na	0.338215	na	0.338215	
na	0.338215	na	na	na	
na	na	na	na	na	
na	na	0.338215	na	na	
na	na	na	na	na	
na	0.338215	na	na	na	
na	na	na	na	na	
na	na	na	na	na	
na	0.338215	-4.56475	-5.0806	-4.94206	
na	na	na	na	na	
na	na	na	na	na	
na	na	na	na	na	
na	na	na	na	na	
na	na	na	-0.476351	-3.72036	
na	na	na	na	na	
na	na	na	na	na	
-2.24639	-0.854964	na	na	na	
na	na	na	na	-3.96888	
na	na	na	na	na	
na	0.338215	na	na	na	
na	na	na	na	na	
na	na	na	na	na	
na	na	na	na	na	
0.338215	na	na	na	na	
-1.14329	na	-4.49155	-3.00658	-3.06927	
na	na	na	na	na	
na	na	na	na	na	
na	na	na	na	na	
0.338215	na	na	na	na	
na	na	na	na	na	
na	na	0.338215	na	na	
na	na	-5.33521	-1.85214	-3.72933	
-1.56142	0.338215	0.338215	0.338215	na	
na	na	na	na	na	
na	na	na	na	na	
na	na	na	na	na	
na	0.338215	na	na	na	
na	na	na	na	na	
na	na	na	na	na	
na	na	na	-0.832757	-0.966105	
na	na	na	na	na	
na	na	na	na	na	
-1.14329	-4.47139	-2.98346	-1.87453	-1.14329	
na	na	na	na	na	
na	na	na	na	na	
na	na	0.338215	0.338215	-3.72036	
na	na	na	-4.57316	-2.76284	
na	na	na	na	na	
na	na	na	-3.72933	-1.61959	
na	na	0.338215	na	na	
na	0.449278	na	na	na	
na	na	na	na	na	
na	na	na	na	na	
na	0.338215	na	na	na	
na	na	na	na	0.338215	
na	na	na	na	na	
na	na	0.338215	na	na	
na	na	na	na	-5.0761	
na	na	na	na	na	
na	na	na	0.338215	na	
0.608787	na	na	0.338215	-2.7397	
na	na	na	na	na	
na	na	na	na	na	
na	na	na	na	na	
na	na	na	na	na	
na	na	-3.41786	-3.16067	-1.71431	
na	na	na	na	0.338215	
na	na	na	na	na	
na	na	na	na	na	
na	na	na	-5.51097	-3.05803	
na	na	na	na	na	
na	na	na	na	na	
na	na	na	na	na	
na	na	na	na	na	
na	na	na	na	na	
na	na	na	0.541144	-0.747586	
na	na	na	0.449278	-1.14329	
na	na	na	na	na	
na	na	na	-3.78627	-1.36435	
na	na	na	0.338215	0.338215	
na	na	-2.5483	-3.05716	-4.92884	
na	na	0.338215	na	na	
na	0.338215	0.338215	na	-2.1171	
na	na	na	na	0.338215	
na	na	na	na	na	
na	na	0.338215	0.338215	na	
na	na	0.541144	na	0.338215	
na	na	na	na	na	
na	na	na	0.449278	-0.732884	
na	na	na	na	na	
na	na	0.338215	na	na	
na	na	na	-3.55823	-2.32062	
na	na	na	na	na	
na	na	na	na	na	
na	na	na	na	na	
na	na	na	na	na	
0.608787	na	0.338215	na	na	
na	0.608787	na	na	na	
na	na	na	na	na	
na	na	na	na	na	
na	na	na	na	0.541144	
na	na	0.338215	0.608787	na	
na	na	na	0.541144	na	
-3.72036	na	na	0.338215	na	
na	na	na	na	na	
na	na	na	na	na	
na	na	na	na	na	
na	0.338215	na	na	na	
na	na	na	na	na	
na	na	na	0.338215	na	
na	na	na	na	na	
na	na	na	na	na	
na	na	na	na	0.338215	
na	na	na	na	na	
na	na	na	-2.24639	-2.76284	
na	na	0.338215	na	na	
na	na	0.338215	0.338215	na	
na	na	na	na	na	
na	na	-5.32826	-4.49806	-4.38604	
na	na	na	na	na	
na	na	na	na	na	
na	na	0.541144	na	na	
na	0.338215	na	na	na	
na	0.338215	na	na	na	
na	na	0.541144	na	na	
na	na	na	-4.4752	-5.52571	
na	na	na	na	na	
0.338215	na	na	na	na	
0.449278	na	na	na	0.338215	
na	na	na	na	na	
na	na	0.338215	na	na	
na	na	na	-0.247529	0.312375	
na	na	na	na	na	
na	na	na	na	na	
na	na	na	na	na	
na	na	0.338215	na	na	
na	na	-1.97154	-2.1171	-2.17983	
na	na	na	na	na	
na	na	na	0.338215	na	
na	na	-3.59423	-3.85543	-3.02679	
na	na	na	0.338215	na	
0.338215	na	na	na	na	
na	na	-2.73377	-2.85822	-3.55823	
-4.94206	-3.64331	na	na	na	
na	na	na	na	na	
na	na	na	na	na	
na	na	na	na	na	
na	na	na	na	na	
na	na	na	0.338215	na	
0.338215	-2.24639	0.338215	na	na	
na	na	na	-4.47004	-5.33521	
na	na	0.338215	na	na	
na	na	na	na	0.338215	
na	na	na	na	na	
na	na	na	na	na	
na	na	na	na	na	
na	na	-1.00936	-3.02567	-2.09174	
0.338215	0.338215	na	na	na	
na	na	0.338215	na	na	
na	na	na	na	na	
na	na	na	na	na	
na	na	na	na	na	
na	na	na	na	na	
na	na	-5.4501	-2.24639	-5.25192	
na	na	-2.03886	-1.02664	-2.63461	
na	na	na	na	na	
na	na	na	na	na	
na	na	na	na	na	
