ThetaFW[0]	ThetaFW[1]	ThetaFW[2]	ThetaFW[3]	ThetaFW[4]	
0	0	0.0151515	3.72727	0.106061	
0	0.0151515	0	0	0	
0	0	0	0	0	
0	0	0	0	0	
0	0	0.0151515	0	0	
0	0	0	0	0	
0	0	0	0	0	
0	0	0.0151515	0	0	
0	0	0	0	0	
0	0	0	0.0151515	0	
0	0	0	0	0	
0	0	0	0	0	
0	0	0.0151515	0	0	
0	0	0	0	0.030303	
0	0	0.0151515	0	0	
0	0	0	0.257576	1.84848	
0	0	0	0	0	
0	0	0	0	22.1212	
0	0	0	0	0	
0	0	0	0	0	
0	0.0151515	0	0	0	
0	0	0	13	0.0151515	
0	0	0	0	0.0151515	
0	0	23.9848	39.7121	14.697	
0	0	0	0	0	
0	0	0	0.0151515	0	
0.0151515	0	0	0	0	
0	0	0.0151515	13.0758	12.9545	
0	0	0.0151515	12.8939	12.9545	
0	0	0	0	0	
0	0	0	0	0	
0	0	0	0	0	
0	0.0151515	0	0	0	
0	0	0.0151515	0	0	
0	0.0151515	0	0	0	
0	0	0	0	0	
0	0	0	0	0	
0	0	0.0151515	0	0	
0	0	0.0151515	0.0151515	0.0151515	
0	0	0.0151515	0	0	
0	0	0	0	0	
0	0	12.9545	1.84848	14.7727	
0	0	5.57576	19.3333	4.93939	
0	0	0	0	0.0151515	
0	0	0	0	0	
5.5	1.87879	0	0.0151515	0	
0	0	0	16.6212	18.4848	
0	0	0.0454545	0	0	
0	0	0.0151515	0	0	
0	0	0	0	0	
0	0	0	0	0.0151515	
0	0	0	0	0	
0	0	0	0	0	
0	0	0	0	0	
0	0	0	0.030303	0	
0	0	0	0.0151515	0	
0	0	0	0	0	
0	0	0	0	0	
0	0	0.0151515	0	0	
0	0	0	5.5	7.40909	
0	0	0	0	0	
0	0	0	0	0.0454545	
0	0	0.0151515	0	0	
0	0	3.45455	9.22727	6.60606	
0	0	0	0	0	
0	0	7.34848	12.9242	13.0152	
0	0	0.0151515	0.030303	0	
0.030303	1.83333	0	0	0	
0	0	0	0	0	
0	0	0	0	0	
0	0	3.68182	9.24242	7.34848	
0	0.136364	0	0	3.72727	
0	0	0	0	0	
0	0	0	0	0	
0	0	0.0151515	0	0	
0	0	0	0.0151515	7.33333	
0	0	0	0	0	
0	0	0	0	0	
0	0	0	0	0.0151515	
0	0	0.0151515	0	0	
0	0	0	3.75758	5.51515	
0	1.87879	12.9242	20.3485	16.6212	
0	0	0	0	0	
0	0	0.0151515	0	0	
0	0	0.0151515	7.42424	20.3636	
0	0	0	0	0	
0	0	0	0	0	
0	0	0	0	0	
0	0	0	0	0	
0	0	0.0151515	18.5606	14.7273	
0	0	0	0	0	
0.0454545	0	0	0	0	
0	0	0	0	0	
0	0	0	0	0	
0	0	0.0151515	0	0	
0	0	0	0	0	
0	0	0	0.0151515	0	
0	0	0	0	0	
0	0	0	18.5	9.28788	
0	0	0	0	0.0151515	
0	0	0	0	0	
0	0.0151515	20.3333	7.43939	0	
0	0	0	0.0151515	0	
0	0	0.0151515	0	11.0455	
0	0	0	0	0	
0	0	0.030303	0	7.39394	
0.030303	0.0151515	0	0	0	
0	0	18.6061	3.80303	33.1818	
0	0	0	0	0	
5.54545	0	0.0151515	0	0.166667	
0	0	0	0	0	
0	0	0.0151515	8.07576	4.78788	
0	0	0	0	0	
0	0.0151515	0.0151515	0	0	
0	0	0.0151515	0	0	
0	0.0151515	33.1667	3.68182	1.87879	
0	0	0	0	0.0151515	
0	0	0	0	0	
0	0	0	0	0	
0	0	0	0	0	
0	0	0.0151515	0	0	
0	0	0	0	0	
0	0	0	0	0	
0	0.030303	0	0	0	
0	0	0	0	0	
0	0	0	0	0	
0	0	0	0	0	
0	0	0	0	0.0151515	
0	0	0	0	0	
0.0151515	0	0	0	0.0757576	
0	0	0	0	0	
0	0	0	0	0	
0	0	0	0	0	
0	5.51515	14.7121	29.5152	3.74242	
0	0	0	0.0151515	0	
0	0	0	0	0	
0	0	0	0	0.030303	
0	0	0.0151515	0	0.0151515	
0	0	0	0	0	
0	0	0	0	0	
0	0	0	0	0	
0	0	0.0454545	12.9545	9.22727	
0	0	0	0	0	
0	0	0	0	0.0151515	
0	0	0	0	0	
0	0	12.8939	3.69697	5.56061	
0	0	24.1364	0	0.0151515	
0	0	0	1.84848	0.030303	
0	0	0	0	0	
0	0.0151515	0.0151515	0	0	
0	0	0.0151515	0	0	
0	0	0	0	0	
0	0	0	0	0	
0	0	0	0	3.66667	
0	0	0.0151515	0.0151515	0	
0	0	0	0	0	
0	0	0	0	0	
0	0	0	0	0.0606061	
0	0	0	0	0.0151515	
0	0	0	0	0	
0	0	0	0	0	
0	0	0	0	0	
0	0	0	0	0	
0	0	0.0151515	0.0151515	0.0151515	
0	0	0	0	0.0151515	
1.84848	0	0	0	0	
0	0	0	0	0	
0	0	0	0	0	
0	0	0	0	0	
0	0.0151515	0	0	0.378788	
12.8788	12.8939	0	0	0	
0	0	0	0	0	
0	0	0	0	0	
0	0.0151515	0	0	0	
0	0	0	0	0	
0	0	0	0	0	
0	0.0151515	0	0	0.0151515	
0	0	0	0	0	
0	0.0151515	0	0	0	
0	0	0.0151515	0	0	
0	0	7.36364	7.34848	7.39394	
0	0	0	0	0	
0	0	3.69697	3.71212	3.74242	
0	0.0151515	0	9.51515	0.121212	
0	0	0	0	0	
0	0.0151515	0	1.86364	1.84848	
0	0	0	0	0	
0.0151515	0	0	8.9697	2.62121	
0	0	0	0	0	
0	0	0.0151515	0	0	
0	0	0	7.93939	8.24242	
0	0	0	0.0151515	0.0151515	
0.0151515	0	0	0	0	
0	0	0	7.37879	12.8636	
0	0	0	0	0	
0	0	0	0	0	
0	0	0	0	0	
0	0	0	0	0	
0	0	0	0	0	
0	0	0	0	0	
0	0	0	0	0	
0	0	0	0	0	
3.75758	0	0	0	0	
0	0	0	0	0	
0	0	1.59091	0	1.86364	
0	0	0	0	0	
0	0	0	0	0	
0	0	0.0151515	1.83333	5.57576	
0	0.0151515	0	0	0	
0.0151515	12.8788	0.0151515	0	0	
0	0	0	0	0	
0	0	0	0.0151515	0	
0	0	0	0	0	
0	0	0	0.0151515	0	
0	0	0.0151515	0.0151515	0	
0	0	0	0	0	
0	0	0	0	0	
0	0	0	0	0	
0.0151515	0	0	0.0151515	0	
0	0	0	0.742424	0	
0	0	0	0	0	
2.18182	0	0	0	0	
0	0	0	0	0	
0	0	0	0	0	
0	0	0	0	0	
0	0	0	0	0	
0	0.0151515	0.030303	0	0	
0	0.0151515	0	0	0.0151515	
0	0	0	0.0151515	0	
0	0	0	0	0	
0	0	0	0	0	
0	0	7.36364	14.8485	7.42424	
0	0	0	0	0	
5.59091	1.83333	0	0	0	
0	0	0	0	0	
0	0	0	0	0	
0	0	0	0.0151515	0	
0	0	0	0.0151515	0	
0	0.0151515	0	0	0	
0	0.0151515	0.0151515	0.0151515	0	
0	0	0	0	0	
0	0	0	0	0	
0	0	0.0151515	1.83333	0	
0	0	0	0	0	
0	0	0	0	0	
0	0	0	3.95455	1.36364	
0	0	0.0151515	0.0151515	0	
0	0	0.0151515	0	0	
0	0	0	0	0	
0	0	0.0151515	0	0	
0	0.0151515	0	0	3.69697	
0	0.0151515	27.697	8.57576	7.42424	
0	0	0	0	0	
0	0	0	0	0	
3.66667	3.68182	0	0	0	
0	0	0	0	0	
0	0.0151515	0	0.0151515	0	
0	0	0	0.0151515	0	
0	0	0	0	0	
0	0	0	0	0	
0	0	0.0151515	1.51515	9.63636	
0.0151515	0	0	0	0	
1.84848	0	0	0	0.0151515	
0	0	0	9.24242	12.9697	
0	0	0	0	0	
0	0	0.030303	0	0	
0	0	0	0	0	
0.030303	0	0	0	0	
0	0	0	0	0	
0	0	0	0.0151515	0	
7.69697	4.90909	0	0	0	
0	0	10.8485	4.60606	7.95455	
0	0	0	0	0	
0	0	0	0	0.0151515	
0	0	0	0	0	
0	0	0	5.60606	0.0151515	
0	0	0	0.0151515	0	
0.0151515	11.0455	35.0606	3.69697	0.0151515	
0	0	0	0	0	
0	0	0	0.0606061	12.6061	
0	0	0	0	0	
0	0	0	0	0	
0	0	0	0	0	
0	0.0151515	0	0	0	
0	0.0151515	0	0	0	
0	0.0151515	0	0	0	
0	0	0	0	0	
0	0	0	0	0	
0	0.0151515	25.8485	3.69697	1.83333	
0	0	0	0	0	
0	0	0	0	0	
0	0	0	0	0	
0	0	0.030303	24.7121	8.65152	
3.66667	0	0.0151515	0.0151515	0	
0	0	0.0151515	0	0	
0	0	0	0	0	
0	0	0.0151515	0	0.0151515	
0	0	0	0	0	
0.0151515	0	0	0	0	
0	0	0	0	0	
0	0	0	0	0.0151515	
0	0	0	0	0.0151515	
0	0	0	12.9091	18.3788	
1.83333	0	0	0	0	
0	0.0151515	0	0	9.19697	
0	0	0	0	0	
0	0	0	0	0	
0	0	0	0	0	
0	0	0	0	0	
0	0	0	0	0	
0	0	0	0	0	
0	0.0151515	0	0	0	
0	0.0151515	0	0	0	
0	0	0	0	0	
0	0	0	0	0.0151515	
0	0	0	0	0.0151515	
0	0	0	0.0151515	0	
0	0	0	0	0	
0	0	0	0	0.0151515	
0	0	0	0	0	
0	0	0	0	0	
3.69697	1.90909	5.63636	1.86364	20.303	
0	0.0151515	0	24.0303	5.54545	
3.72727	0.0151515	0	0	0	
0	0	0	0	0.0151515	
0	0	0.0151515	0	0	
1.84848	0	0	0	0	
0	0	0	0.242424	0	
0	0	0	0	0	
0	0	0	0	0	
0	0	0	0	0	
0	0	0	0	0	
0	0	0	0	0.0151515	
0	0	0	0	0	
0	0	5.54545	20.2727	16.5758	
0	0	0	0.0151515	0	
0	0	0	0	0	
0	0	0	20.303	29.6364	
0	0	0	0	0	
0	0	0.0151515	0	0	
0	0	0	0	0	
0.0151515	0.0151515	0	0.0151515	0	
0	0.0151515	0	0	0	
0	0	0	0	0	
0	0	0	0	0	
0	0	0.0151515	0	0	
0	0	0	0	0	
0	0	0	0	0	
0	5.54545	0.030303	0	0	
0	0	0	0	5.5303	
0	0.0151515	13.5758	0.969697	16.2424	
0	0	0	0	16.7121	
0	0	0	0	0	
0	0	0	0	0	
0	0	0	0.0151515	0	
0	0	0.0151515	0	0	
0	0	0	0	7.09091	
0	0	0.378788	0	0	
0	0	24.0152	33.1364	11.1061	
0	0	0.0151515	0	0	
0	0	0	0	0	
0	0	0	0	0	
0	0	0	0	0	
0	0	0	0	0	
0.0151515	0	0	0	0	
0	0	0.0151515	0	0	
0	0	9.33333	3.75758	7.36364	
0	0	19.2576	7.69697	8.48485	
0	0	0.0151515	12.9545	18.3939	
0	0	0	9.21212	3.69697	
12.9091	7.37879	23.9848	7.40909	12.8939	
0	0	0	0	0	
0	0	0	0	0	
0	0	0	0	0	
0	0	0	0	0	
0	0	0	0.0151515	0	
0	0	0	0	0.0151515	
0	0	0	0	0.0151515	
0.0151515	0.0151515	0	0	0	
0	0	0	0.0151515	0	
0	0	0	0	0	
0	0	0	0	0	
0	0	0	0	0	
0	0	0.0151515	0	0	
0	0	0	9.19697	9.01515	
0	0	0	0	0	
0	0	0	0	1.83333	
0	0	0.0151515	0	0	
0	0	11.1364	13.0152	20.3939	
0	0	0	0	0.0606061	
0	0	0	0	0	
0	0	0	0	0	
0	0	0	0.0151515	0	
0	0	0	0	0	
0	0	0	0	0	
0	0	0	0	0	
0	0	0	0.0151515	7.36364	
0.0151515	0	0	0	0	
0	0	0	0.0151515	0	
0	0	0	0	0	
0.0151515	0	0	0	0	
0	0	0.0151515	0	0	
0	0.0151515	0.0151515	0.0151515	0.0151515	
0	0	0	0	0	
0	0	0	0	0	
0	0	0	0	0	
0	0	0	0	0	
0	1.86364	0	0	0	
0	0	0	0	0	
0.0151515	0	0	0	0	
0	0	0	0	0	
0	0	0	0	0	
0	0	0	0	0	
0	0	0	0	0	
0	0	0	0	0	
0	0	0	0	0	
0	0	0.0151515	0.0151515	0	
0	0	0	0	0	
3.72727	0	0	0.0151515	20.303	
12.8939	0.030303	0	0	0	
0	0	0	0	0	
0	0	0	0.0151515	0	
0	0	0	0	0	
0	0	0	0	0	
12.8636	0.0151515	0	0	0.0151515	
0	0	0	0	3.69697	
0	0	7.37879	27.6818	5.59091	
0	0	7.34848	22.1515	12.9545	
0	0	0.030303	0	0	
0	0	0	0	0	
0	0.0151515	0	0	0	
0	0	0	0	0	
0	0	7.43939	1.87879	0.030303	
0	0	0	0	0	
0	0	0	0	0	
0	0	0	0	0.0151515	
0	0	0	0.0151515	0	
0	0	0	0	0	
0	0	0	14	4.66667	
0	0	0	0	0	
0	0	0	22.2121	7.45455	
0	0	0	0	0	
0	0	0	0	0	
0	0	0	0	0	
0	0.0151515	0	0	0	
0	0	0	0	0	
0	0	0	0	0	
0	0	0	0	0	
0	0	0	0	0	
0	0	0.0151515	0	0	
0	0	14.8788	0	3.66667	
0	0	0.0151515	0	0.0151515	
0	0	0	0	0	
0	0	0	0	0	
3.71212	0	0	0	0	
0	0	0	0	0	
0	0	3.72727	7.40909	0	
0	0	0	0	0	
0	0	1.84848	7.39394	9.28788	
0	0	13.6364	14.7273	9.81818	
0	0	0	0	0	
0	0	0	0	16.6212	
0	0	0.0151515	0	0	
0	0	0	0	0	
0	0	0	0	0	
3.07576	5.57576	0	0	0	
0	0	0	0	0	
0	0	0	0	0	
0	0.0151515	0	0	0	
0	0	0	0	0	
0	0	0	0	0	
0	0	0	0	0	
0	0	0	0	0	
0	0	0	0	0	
0	0	0	0	0	
0	0	0	0	11.9848	
0	0	0	0	0	
0	0.0151515	20.5	3.69697	18.5152	
0	0	0	0	0	
0	0	0.0151515	0	0	
0.0151515	0	0	0	0	
0	0	0	0	0	
0	0	0	1.84848	22.1818	
0	0.0151515	0	0	0	
0	0	0	0	0	
0	0	0	0	0	
0	0	0.0151515	6.42424	32.8485	
0	0	0	0	0	
0	0	0	0	0	
1.84848	0	0	0	0	
0	0	0	0	0.030303	
0	0	0.0151515	9.25758	12.9242	
0	0	0	0	0	
0	0	0	10.7273	9.09091	
0	0	5.56061	16.5909	1.87879	
0	0	0	0	0	
0	0	0	0	0	
0	0	0	0	0.0151515	
0	0	0	5.51515	3.69697	
0	0	0	0	0	
0	0	0	0	0	
0	0	0	0	0.0606061	
0	0	0.0151515	0	0	
0	0	3.68182	9.19697	14.7576	
0	0	0	0	0	
0	0	0	0	1.87879	
0	0	16.7273	27.7576	3.68182	
0	0	0	0	0	
0	0	0	0.0151515	0	
0	0.0151515	0.0151515	0	0	
0	0	0	18.4091	20.2121	
0	0.0151515	0	0	0	
0	0	0	0	0	
0	0	0.0151515	0	1.83333	
0	0	0	0	0	
0.0151515	0	0	0	0	
0	0	0	0	0	
0	0	0	0	0	
0	0	0	0	0	
0	0	0	0	0	
0	0	0	0.0151515	0	
0	0	0	0	0	
0	0	0	11.1515	3.69697	
0	0	0	0	0.0151515	
0	0	0	0	0	
0	0	0	0.0151515	0	
0	0.0151515	0	0	0	
0	0	0	0	0	
0	0	3.66667	5.62121	5.5	
0	0	0.0151515	0	0	
0	0	0	0	0	
0	0	0	0	0	
0	0	0	7.34848	9.24242	
0	0.0151515	0	0	0	
0.0151515	0	9.27273	9.30303	9.22727	
0	0	31.4394	3.92424	15.6667	
0	0	0	0	0	
0	0	11.1515	5.63636	12.9394	
0	0	0	0	0	
0	0	0	0	0	
0	0	0	0	0	
0	0	0	0	0	
0	0	0	0.0151515	0	
0	0	0	0	0	
0	0	0.030303	0	0	
0	0	16.303	12.3636	12.3636	
0	0	0	0	1.84848	
0	0	0	0	0	
0	0	0	0	0	
0	0	0	7.5	0.0151515	
0	0	0	0	0	
0	0	0	0.0151515	0	
0	0	0	0	0	
0	0	0	0	0.0151515	
0	0	0.0151515	0	0	
0	0.0151515	0	0	0.030303	
5.45455	2.22727	0.0151515	0	0	
0	0	0	0	0.0151515	
0	0	0.0151515	0.0151515	0	
0	0	24	23.9394	5.63636	
0.0151515	0	0	0	0	
0	0	0	0	0.0151515	
0	0.0151515	25.9697	11.0606	14.7424	
0	0	0	0	0	
0	0	0	0	0	
0	0	0	0	0	
0	0.0151515	0	0	7.37879	
0	0	0	0	0	
0	0	0	0	0.030303	
0	0	0	0	0	
0	0	33.2424	20.3333	12.9091	
5.5	0	0	0	0	
0	0	0	0	0	
0	0	13.9394	15.5152	1.57576	
0	0	0.0151515	0	1.86364	
0	0	0	0	0.0151515	
0	0	0	0.0151515	16.6515	
0	0	0	0.0151515	0	
0	0	0	1.95455	0.0909091	
0	0	0.0151515	0	0	
0	0	0	0	0	
0	0	0	0	0	
0	0	0	0.0151515	0	
0	0	0	0	0	
0	0.030303	0.0151515	0	0	
0	0	0	0	0	
0	0	0	0.0151515	1.89394	
0	0	0	0	0	
11.0909	0	0	5.57576	14.7424	
5.56061	3.72727	0	0	0	
0	0	0	0	9.31818	
0	0	0	0	0	
0	0	0	0	0	
0	0	0	0	0	
0	0	0	0	0	
0	0	0	22.2576	12.9394	
0	0	0	0	0	
0	0	0	0	0	
0	0	0	0	0	
0	0	0	0	0	
0	0	0	0	0	
0	0	0.0151515	0	0	
0	0	0	0	0	
0	0	0	0	0	
0	0	0	0	0	
0	0	0	0	0	
0	0	0	0	0	
0	0	0	0	0	
0	0	0	0.0151515	0	
0	0	0	0	0	
0	0	0	7.40909	0.0151515	
0	0	0	0.0151515	0	
0	0	0	9.30303	1.83333	
0	0	0	0	0	
0	0	0.0151515	0	0	
0	0	0.0151515	0.0151515	0	
0	0	0	0	0	
0	0	0	0	0	
0	0.0151515	0	0	0	
0	0	0.030303	0	0	
0	0.0151515	0	0	0	
0	0.0151515	0	0	0	
0	0	0	0	0	
0	0	0	0	0	
0	0	0	0	0	
0.0151515	0	0	0	0	
0	0	24.0303	11.0606	0.0757576	
0.0151515	0	0	0	0	
0	0	0	0	0	
0	0	0.0151515	0.0151515	0	
0	0.0151515	0	0	0	
0	0	0	0	0	
0	0	3.75758	18.5455	5.51515	
0	0	0	0	0	
0	0	0	0	0	
0	0	3.68182	9.34848	3.10606	
0	0	0	0	0	
0	0	0	0.0151515	0	
0	0	0	0	0	
0	0	0	0	0	
0.030303	0.0151515	0.0151515	0	0	
0	0	0.0151515	0	0	
0	0	0	7.4697	12.9697	
0	0	0	0	0	
0	0	0	0	0	
0	0	0	0	0	
0	0	0	0	0.136364	
0	0	0	0.0606061	0	
0	0	0	0.0151515	0	
0	0	0	0	0	
0	0	0	0	0.0151515	
0	0	0	0	0	
0	0.0151515	0.0151515	0.0151515	0	
0	0.0151515	0.0151515	0	0	
0	0	0.0151515	0	0	
0	0	0	0	0	
0	0	0.0151515	0	0	
0	0	0	0	0	
0	0	0.0151515	0	0	
0	0	0	0	0	
0.0454545	0	0	1.69697	0.242424	
0	0	0	0	0	
0	0	0	0	0	
0	0	0	0	0	
0	0	0	0	0	
0	0.0151515	0	0	0	
0	0	0	0	0	
0	0	0	0	0	
0	0	0	0	0	
0	0	0	0	0	
0	0	0	0	0	
0	0	0	23.9697	1.89394	
0	0	0	0	0	
0	0	0	0	0	
0	0	0	0	0	
0	0	5.60606	1.83333	14.9091	
0	0	0	0	0	
0	0	0	0.030303	0	
0	0	0	0	0	
0	0.0151515	0	0	0	
7.36364	0	14.8939	0	0	
0	0	0	0	0	
0	0.0151515	0	0	0	
0	0	20.3182	3.72727	5.5303	
0	0	0	0	0	
0	0	0	0	0	
0	0	0	0.0151515	0	
0	0	0	0	0.0151515	
0.0151515	0.0151515	0	3.68182	5.60606	
0	0	0	0	0	
0	0	0	0	0	
0	0	0	0	0.0151515	
0	0	0	0	0	
0	0	0	0	0	
0	0	0	0	0	
0	0	0	0	0.0151515	
0	0	0	0	0	
0	0	14.7273	3.72727	9.24242	
0	0	0	0	0	
0	0	0	0	0	
0	0	0	0	0	
0	0	0	0	0	
0	0	0	0	0	
0	0	1.83333	12.9091	7.34848	
0	0	0	0	0	
0	0	0.0151515	0	0	
0	0.0151515	0	0	0	
0	0	0	0	0	
0	0	0.0151515	0	0	
0	0	0	0	0	
0	0	0	0	0	
0	0	0	0	0	
0	0	0	0.0151515	0	
0	0.0151515	0	0	0	
0	0	0	0	0	
0	0.0151515	1.83333	0	0	
0	0	0.0151515	0	0	
0	0.0151515	0	0.0151515	0	
0	0.0151515	7.39394	22.2273	22.1515	
0.0151515	0	0	0	0	
0	0.0151515	0	0	0	
0	0.0151515	5.59091	0	1.83333	
0	0	0	0	0	
9.21212	0.0151515	0.0151515	0.0151515	0	
0	0.0151515	0	0.0151515	0	
0	0.0151515	0	0	0	
0	0	0.0151515	0	0	
0	0	0	0	0	
0	0	0	0	0	
0	0	0	0	0	
0	0	0	0	0	
0	0	0	0	0	
0	0	0	0.0151515	0	
0	0.0151515	0	0	0.0151515	
0	0	0.0151515	0	0	
0	0	0	0	0	
0	0	0	3.68182	9.25758	
0	0	0	0	0	
0	0	0	0	0	
0	0	0	0	0	
0	0	0	21.7576	22	
0	0	0	0	0	
0	0	0	0	0	
0	0	0	0	0	
0	0	0	0	0	
0	0	0	0	0	
0	0	0	0	0	
0	0	0	0	0	
0	0	0	0	0	
0	0	0	0	5.5	
0	0	0.0606061	0	0	
0	0	0.0151515	0	0	
0	0.0151515	0.0151515	0	0	
0	0	0.0151515	7.43939	14.7424	
0	0	16.6818	29.4848	3.66667	
0	0	0.0151515	0	0	
0	0.0151515	0	0.0151515	0	
0	0	0	0	0.0151515	
0	0.0151515	0	0	0.0151515	
0	0	0	0	0	
0	0	0	0	0	
0	0.0151515	0.0151515	0	0	
6.30303	0	17.5303	3.30303	0	
0	0	0	0	0.0151515	
0	0.0151515	0	0	0.0151515	
0	0	0	0	0	
0	0	0	0	0	
0	0	7.33333	9.83333	17.5909	
0	0.0151515	0	0	0	
0	0.0151515	0	0	0	
0	0	0	0.0151515	0	
0	0	0	0	0	
0	0	0	0.0151515	0	
0	0	0	0	0	
0	0	0.0151515	0	0	
0	0	0	0	0	
0	0	0.030303	0	0	
0	0	0	0	9.33333	
0	0	0	0	0	
0	0.0151515	0	0	0	
0	0	0	0	0.0151515	
0	0	0	0	0	
0	0	0.0606061	0	0	
0	0	0.030303	0	3.66667	
0	0	5.51515	11.1667	5.62121	
0	0	0	0.0606061	0	
0	0	0	0	0	
0	0	0	0	0.0151515	
0	0	1.63636	5.10606	1.43939	
0	0	0	0	0	
0	0	0	0.0606061	0.0151515	
0	0	27.6818	29.5	16.6212	
0	0	0	0	0	
0.0151515	0	0	0	0	
0	0	0.0151515	0	0	
0	0	0.0151515	0	0.0151515	
0	0	0	0	0	
0	0	0	0.0151515	0	
0	0	0	0	0	
0	0.0151515	31.4091	14.7879	18.4545	
0	0	0.0151515	0	0.0151515	
0	0	0	0	0	
0	0	0	0	0	
0.0151515	0	5.59091	7.43939	9.22727	
0	0.0151515	0	0	0	
0	0.0151515	0.0151515	0	0	
0	0	0	0	0	
0	0.0151515	0	0.0151515	0	
0	0	0	0	0	
0	0	0	0	0.0151515	
0	0	0	0	0	
0	0	1.5303	14.1212	6.60606	
0	0	0	0	0.0151515	
0	0	0	0	0	
0.0151515	0	0	0	0	
0	0	0	0	0	
0	0	0	0	0	
0	0	0	0	0	
0	0	0.0151515	0	0	
0	0	0.0151515	0	0	
0	0	0	1.86364	1.93939	
0.0151515	0	0	0	0	
7.42424	1.86364	0	0.0151515	0	
0	0	0.0151515	0	0	
0	0	46.0606	3.72727	1.84848	
0	0	0.0151515	0	0	
0	0	0	0	0.0151515	
0	0	5.54545	9.19697	27.5758	
0	0	0	0	0	
0	0	0	18.5606	12.9242	
0	0	0	0	0	
0	0.0151515	0	0	0	
0	0	0.0151515	0	0.0151515	
0	0.0151515	0	0	0	
0	0	0	0	0	
0	0	0.0151515	0	0	
0	0	0	0	0	
0	0.0151515	0	0	0	
0	0	0	0	0	
0	0	0	0	0	
0	0.0151515	48.0303	29.5	3.66667	
0	0	0	0	0	
0	0	0	0	0	
0	0	0	0	0	
0	0	0	0	0	
0	0	0	1.92424	1.83333	
0	0	0	0	0	
0	0	0	0	0	
1.84848	1.89394	0	0	0	
0	0	0	0	16.6364	
0	0	0	0	0	
0	0.0151515	0	0	0	
0	0	0	0	0	
0	0	0	0	0	
0	0	0	0	0	
0.0151515	0	0	0	0	
1.87879	0	7.36364	10.803	14.9091	
0	0	0	0	0	
0	0	0	0	0	
0	0	0	0	0	
0.0151515	0	0	0	0	
0	0	0	0	0	
0	0	0.0151515	0	0	
0	0	12.8788	9.36364	11.0909	
1.86364	0.0151515	0.0151515	0.0151515	0	
0	0	0	0	0	
0	0	0	0	0	
0	0	0	0	0	
0	0.0151515	0	0	0	
0	0	0	0	0	
0	0	0	0	0	
0	0	0	2.18182	6.56061	
0	0	0	0	0	
0	0	0	0	0	
1.87879	9.21212	9.27273	5.60606	1.87879	
0	0	0	0	0	
0	0	0	0	0	
0	0	0.0151515	0.0151515	1.83333	
0	0	0	5.51515	5.56061	
0	0	0	0	0	
0	0	0	11.0909	3.74242	
0	0	0.0151515	0	0	
0	0.030303	0	0	0	
0	0	0	0	0	
0	0	0	0	0	
0	0.0151515	0	0	0	
0	0	0	0	0.0151515	
0	0	0	0	0	
0	0	0.0151515	0	0	
0	0	0	0	18.4242	
0	0	0	0	0	
0	0	0	0.0151515	0	
0.136364	0	0	0.0151515	7.42424	
0	0	0	0	0	
0	0	0	0	0	
0	0	0	0	0	
0	0	0	0	0	
0	0	21.5909	32.2424	8.71212	
0	0	0	0	0.0151515	
0	0	0	0	0	
0	0	0	0	0	
0	0	0	29.4697	7.40909	
0	0	0	0	0	
0	0	0	0	0	
0	0	0	0	0	
0	0	0	0	0	
0	0	0	0	0	
0	0	0	0.242424	7.0303	
0	0	0	0.030303	1.87879	
0	0	0	0	0	
0	0	0	5.5303	4.5	
0	0	0	0.0151515	0.0151515	
0	0	11.1667	14.8485	25.8182	
0	0	0.0151515	0	0	
0	0.0151515	0.0151515	0	7.77273	
0	0	0	0	0.0151515	
0	0	0	0	0	
0	0	0.0151515	0.0151515	0	
0	0	0.0606061	0	0.0151515	
0	0	0	0	0	
0	0	0	0.030303	7.22727	
0	0	0	0	0	
0	0	0.0151515	0	0	
0	0	0	12.9545	3.71212	
0	0	0	0	0	
0	0	0	0	0	
0	0	0	0	0	
0	0	0	0	0	
0.136364	0	0.0151515	0	0	
0	0.136364	0	0	0	
0	0	0	0	0	
0	0	0	0	0	
0	0	0	0	0.0606061	
0	0	0.0151515	0.136364	0	
0	0	0	0.0606061	0	
1.83333	0	0	0.0151515	0	
0	0	0	0	0	
0	0	0	0	0	
0	0	0	0	0	
0	0.0151515	0	0	0	
0	0	0	0	0	
0	0	0	0.0151515	0	
0	0	0	0	0	
0	0	0	0	0	
0	0	0	0	0.0151515	
0	0	0	0	0	
0	0	0	1.84848	5.56061	
0	0	0.0151515	0	0	
0	0	0.0151515	0.0151515	0	
0	0	0	0	0	
0	0	20.2576	18.4545	31.4091	
0	0	0	0	0	
0	0	0	0	0	
0	0	0.0606061	0	0	
0	0.0151515	0	0	0	
0	0.0151515	0	0	0	
0	0	0.0606061	0	0	
0	0	0	12.9091	16.5606	
0	0	0	0	0	
0.0151515	0	0	0	0	
0.030303	0	0	0	0.0151515	
0	0	0	0	0	
0	0	0.0151515	0	0	
0	0	0	8	6.78788	
0	0	0	0	0	
0	0	0	0	0	
0	0	0	0	0	
0	0	0.0151515	0	0	
0	0	18.5455	7.77273	7.65152	
0	0	0	0	0	
0	0	0	0.0151515	0	
0	0	3.0303	63.6364	7.75758	
0	0	0	0.0151515	0	
0.0151515	0	0	0	0	
0	0	9.28788	3.69697	12.9545	
3.66667	3.68182	0	0	0	
0	0	0	0	0	
0	0	0	0	0	
0	0	0	0	0	
0	0	0	0	0	
0	0	0	0.0151515	0	
0.0151515	1.84848	0.0151515	0	0	
0	0	0	11.0606	12.8788	
0	0	0.0151515	0	0	
0	0	0	0	0.0151515	
0	0	0	0	0	
0	0	0	0	0	
0	0	0	0	0	
0	0	3.78788	26.1667	11.9394	
0.0151515	0.0151515	0	0	0	
0	0	0.0151515	0	0	
0	0	0	0	0	
0	0	0	0	0	
0	0	0	0	0	
0	0	0	0	0	
0	0	31.3182	1.84848	7.34848	
0	0	17.5758	3.27273	7.81818	
0	0	0	0	0	
0	0	0	0	0	
0	0	0	0	0	
