H[0]	H[1]	H[2]	H[3]	H[4]	
0	0	0.151515	-2.72727	1.06061	
0	0.151515	0	0	0	
0	0	0	0	0	
0	0	0	0	0	
0	0	0.151515	0	0	
0	0	0	0	0	
0	0	0	0	0	
0	0	0.151515	0	0	
0	0	0	0	0	
0	0	0	0.151515	0	
0	0	0	0	0	
0	0	0	0	0	
0	0	0.151515	0	0	
0	0	0	0	0.30303	
0	0	0.151515	0	0	
0	0	0	0.393939	-1.51515	
0	0	0	0	0	
0	0	0	0	-18.7879	
0	0	0	0	0	
0	0	0	0	0	
0	0.151515	0	0	0	
0	0	0	-10	0.151515	
0	0	0	0	0.151515	
0	0	-20.1515	-31.9697	-11.2121	
0	0	0	0	0	
0	0	0	0.151515	0	
0.151515	0	0	0	0	
0	0	0.151515	-9.24242	-10.4545	
0	0	0.151515	-11.0606	-10.4545	
0	0	0	0	0	
0	0	0	0	0	
0	0	0	0	0	
0	0.151515	0	0	0	
0	0	0.151515	0	0	
0	0.151515	0	0	0	
0	0	0	0	0	
0	0	0	0	0	
0	0	0.151515	0	0	
0	0	0.151515	0.151515	0.151515	
0	0	0.151515	0	0	
0	0	0	0	0	
0	0	-10.4545	-1.51515	-12.2727	
0	0	-4.24242	-15.7576	-3.33333	
0	0	0	0	0.151515	
0	0	0	0	0	
-5	-1.21212	0	0.151515	0	
0	0	0	-13.7879	-15.1515	
0	0	0.454545	0	0	
0	0	0.151515	0	0	
0	0	0	0	0	
0	0	0	0	0.151515	
0	0	0	0	0	
0	0	0	0	0	
0	0	0	0	0	
0	0	0	0.30303	0	
0	0	0	0.151515	0	
0	0	0	0	0	
0	0	0	0	0	
0	0	0.151515	0	0	
0	0	0	-5	-5.90909	
0	0	0	0	0	
0	0	0	0	0.454545	
0	0	0.151515	0	0	
0	0	-0.727273	-6.63636	-2.66667	
0	0	0	0	0	
0	0	-6.51515	-10.7576	-9.84848	
0	0	0.151515	0.30303	0	
0.30303	-1.66667	0	0	0	
0	0	0	0	0	
0	0	0	0	0	
0	0	-3.18182	-7.57576	-6.51515	
0	0.272727	0	0	-2.72727	
0	0	0	0	0	
0	0	0	0	0	
0	0	0.151515	0	0	
0	0	0	0.151515	-6.66667	
0	0	0	0	0	
0	0	0	0	0	
0	0	0	0	0.151515	
0	0	0.151515	0	0	
0	0	0	-2.42424	-4.84848	
0	-1.21212	-10.7576	-16.5152	-13.7879	
0	0	0	0	0	
0	0	0.151515	0	0	
0	0	0.151515	-5.75758	-16.3636	
0	0	0	0	0	
0	0	0	0	0	
0	0	0	0	0	
0	0	0	0	0	
0	0	0.151515	-14.3939	-12.7273	
0	0	0	0	0	
0.454545	0	0	0	0	
0	0	0	0	0	
0	0	0	0	0	
0	0	0.151515	0	0	
0	0	0	0	0	
0	0	0	0.151515	0	
0	0	0	0	0	
0	0	0	-15	-7.12121	
0	0	0	0	0.151515	
0	0	0	0	0	
0	0.151515	-16.6667	-5.60606	0	
0	0	0	0.151515	0	
0	0	0.151515	0	-9.54545	
0	0	0	0	0	
0	0	0.30303	0	-6.06061	
0.30303	0.151515	0	0	0	
0	0	-13.9394	-1.9697	-28.1818	
0	0	0	0	0	
-4.54545	0	0.151515	0	0.575758	
0	0	0	0	0	
0	0	0.151515	-3.9697	-2.66667	
0	0	0	0	0	
0	0.151515	0.151515	0	0	
0	0	0.151515	0	0	
0	0.151515	-28.3333	-3.18182	-1.21212	
0	0	0	0	0.151515	
0	0	0	0	0	
0	0	0	0	0	
0	0	0	0	0	
0	0	0.151515	0	0	
0	0	0	0	0	
0	0	0	0	0	
0	0.30303	0	0	0	
0	0	0	0	0	
0	0	0	0	0	
0	0	0	0	0	
0	0	0	0	0.151515	
0	0	0	0	0	
0.151515	0	0	0	0.393939	
0	0	0	0	0	
0	0	0	0	0	
0	0	0	0	0	
0	-4.84848	-12.8788	-24.8485	-2.57576	
0	0	0	0.151515	0	
0	0	0	0	0	
0	0	0	0	0.30303	
0	0	0.151515	0	0.151515	
0	0	0	0	0	
0	0	0	0	0	
0	0	0	0	0	
0	0	0.454545	-10.4545	-7.72727	
0	0	0	0	0	
0	0	0	0	0.151515	
0	0	0	0	0	
0	0	-11.0606	-3.0303	-4.39394	
0	0	-18.6364	0	0.151515	
0	0	0	-1.51515	0.30303	
0	0	0	0	0	
0	0.151515	0.151515	0	0	
0	0	0.151515	0	0	
0	0	0	0	0	
0	0	0	0	0	
0	0	0	0	-3.33333	
0	0	0.151515	0.151515	0	
0	0	0	0	0	
0	0	0	0	0	
0	0	0	0	0.242424	
0	0	0	0	0.151515	
0	0	0	0	0	
0	0	0	0	0	
0	0	0	0	0	
0	0	0	0	0	
0	0	0.151515	0.151515	0.151515	
0	0	0	0	0.151515	
-1.51515	0	0	0	0	
0	0	0	0	0	
0	0	0	0	0	
0	0	0	0	0	
0	0.151515	0	0	0.151515	
-11.2121	-11.0606	0	0	0	
0	0	0	0	0	
0	0	0	0	0	
0	0.151515	0	0	0	
0	0	0	0	0	
0	0	0	0	0	
0	0.151515	0	0	0.151515	
0	0	0	0	0	
0	0.151515	0	0	0	
0	0	0.151515	0	0	
0	0	-6.36364	-6.51515	-6.06061	
0	0	0	0	0	
0	0	-3.0303	-2.87879	-2.57576	
0	0.151515	0	-5.57576	0.484848	
0	0	0	0	0	
0	0.151515	0	-1.36364	-1.51515	
0	0	0	0	0	
0.151515	0	0	-0.484848	0.030303	
0	0	0	0	0	
0	0	0.151515	0	0	
0	0	0	-4.60606	-3.39394	
0	0	0	0.151515	0.151515	
0.151515	0	0	0	0	
0	0	0	-6.21212	-11.3636	
0	0	0	0	0	
0	0	0	0	0	
0	0	0	0	0	
0	0	0	0	0	
0	0	0	0	0	
0	0	0	0	0	
0	0	0	0	0	
0	0	0	0	0	
-2.42424	0	0	0	0	
0	0	0	0	0	
0	0	-0.818182	0	-1.36364	
0	0	0	0	0	
0	0	0	0	0	
0	0	0.151515	-1.66667	-4.24242	
0	0.151515	0	0	0	
0.151515	-11.2121	0.151515	0	0	
0	0	0	0	0	
0	0	0	0.151515	0	
0	0	0	0	0	
0	0	0	0.151515	0	
0	0	0.151515	0.151515	0	
0	0	0	0	0	
0	0	0	0	0	
0	0	0	0	0	
0.151515	0	0	0.151515	0	
0	0	0	-0.212121	0	
0	0	0	0	0	
-0.727273	0	0	0	0	
0	0	0	0	0	
0	0	0	0	0	
0	0	0	0	0	
0	0	0	0	0	
0	0.151515	0.30303	0	0	
0	0.151515	0	0	0.151515	
0	0	0	0.151515	0	
0	0	0	0	0	
0	0	0	0	0	
0	0	-6.36364	-11.5152	-5.75758	
0	0	0	0	0	
-4.09091	-1.66667	0	0	0	
0	0	0	0	0	
0	0	0	0	0	
0	0	0	0.151515	0	
0	0	0	0.151515	0	
0	0.151515	0	0	0	
0	0.151515	0.151515	0.151515	0	
0	0	0	0	0	
0	0	0	0	0	
0	0	0.151515	-1.66667	0	
0	0	0	0	0	
0	0	0	0	0	
0	0	0	-1.90909	-0.545455	
0	0	0.151515	0.151515	0	
0	0	0.151515	0	0	
0	0	0	0	0	
0	0	0.151515	0	0	
0	0.151515	0	0	-3.0303	
0	0.151515	-23.0303	-6.9697	-5.75758	
0	0	0	0	0	
0	0	0	0	0	
-3.33333	-3.18182	0	0	0	
0	0	0	0	0	
0	0.151515	0	0.151515	0	
0	0	0	0.151515	0	
0	0	0	0	0	
0	0	0	0	0	
0	0	0.151515	-1.21212	-5.09091	
0.151515	0	0	0	0	
-1.51515	0	0	0	0.151515	
0	0	0	-7.57576	-10.303	
0	0	0	0	0	
0	0	0.30303	0	0	
0	0	0	0	0	
0.30303	0	0	0	0	
0	0	0	0	0	
0	0	0	0.151515	0	
-5.57576	-2.18182	0	0	0	
0	0	-7.51515	-3.39394	-4.45455	
0	0	0	0	0	
0	0	0	0	0.151515	
0	0	0	0	0	
0	0	0	-3.93939	0.151515	
0	0	0	0.151515	0	
0.151515	-9.54545	-29.3939	-3.0303	0.151515	
0	0	0	0	0	
0	0	0	0.242424	-7.75758	
0	0	0	0	0	
0	0	0	0	0	
0	0	0	0	0	
0	0.151515	0	0	0	
0	0.151515	0	0	0	
0	0.151515	0	0	0	
0	0	0	0	0	
0	0	0	0	0	
0	0.151515	-21.5152	-3.0303	-1.66667	
0	0	0	0	0	
0	0	0	0	0	
0	0	0	0	0	
0	0	0.30303	-15.7879	-6.21212	
-3.33333	0	0.151515	0.151515	0	
0	0	0.151515	0	0	
0	0	0	0	0	
0	0	0.151515	0	0.151515	
0	0	0	0	0	
0.151515	0	0	0	0	
0	0	0	0	0	
0	0	0	0	0.151515	
0	0	0	0	0.151515	
0	0	0	-10.9091	-16.2121	
-1.66667	0	0	0	0	
0	0.151515	0	0	-8.0303	
0	0	0	0	0	
0	0	0	0	0	
0	0	0	0	0	
0	0	0	0	0	
0	0	0	0	0	
0	0	0	0	0	
0	0.151515	0	0	0	
0	0.151515	0	0	0	
0	0	0	0	0	
0	0	0	0	0.151515	
0	0	0	0	0.151515	
0	0	0	0.151515	0	
0	0	0	0	0	
0	0	0	0	0.151515	
0	0	0	0	0	
0	0	0	0	0	
-3.0303	-0.909091	-3.63636	-1.36364	-16.9697	
0	0.151515	0	-19.697	-4.54545	
-2.72727	0.151515	0	0	0	
0	0	0	0	0.151515	
0	0	0.151515	0	0	
-1.51515	0	0	0	0	
0	0	0	0.242424	0	
0	0	0	0	0	
0	0	0	0	0	
0	0	0	0	0	
0	0	0	0	0	
0	0	0	0	0.151515	
0	0	0	0	0	
0	0	-4.54545	-17.2727	-14.2424	
0	0	0	0.151515	0	
0	0	0	0	0	
0	0	0	-16.9697	-23.6364	
0	0	0	0	0	
0	0	0.151515	0	0	
0	0	0	0	0	
0.151515	0.151515	0	0.151515	0	
0	0.151515	0	0	0	
0	0	0	0	0	
0	0	0	0	0	
0	0	0.151515	0	0	
0	0	0	0	0	
0	0	0	0	0	
0	-4.54545	0.30303	0	0	
0	0	0	0	-4.69697	
0	0.151515	-2.42424	0.969697	-5.57576	
0	0	0	0	-12.8788	
0	0	0	0	0	
0	0	0	0	0	
0	0	0	0.151515	0	
0	0	0.151515	0	0	
0	0	0	0	-2.18182	
0	0	0.151515	0	0	
0	0	-19.8485	-28.6364	-8.93939	
0	0	0.151515	0	0	
0	0	0	0	0	
0	0	0	0	0	
0	0	0	0	0	
0	0	0	0	0	
0.151515	0	0	0	0	
0	0	0.151515	0	0	
0	0	-6.66667	-2.42424	-6.36364	
0	0	-12.1515	-2.30303	-4.9697	
0	0	0.151515	-10.4545	-16.0606	
0	0	0	-7.87879	-3.0303	
-10.9091	-6.21212	-20.1515	-5.90909	-11.0606	
0	0	0	0	0	
0	0	0	0	0	
0	0	0	0	0	
0	0	0	0	0	
0	0	0	0.151515	0	
0	0	0	0	0.151515	
0	0	0	0	0.151515	
0.151515	0.151515	0	0	0	
0	0	0	0.151515	0	
0	0	0	0	0	
0	0	0	0	0	
0	0	0	0	0	
0	0	0.151515	0	0	
0	0	0	-8.0303	-6.21212	
0	0	0	0	0	
0	0	0	0	-1.66667	
0	0	0.151515	0	0	
0	0	-8.63636	-9.84848	-16.0606	
0	0	0	0	0.242424	
0	0	0	0	0	
0	0	0	0	0	
0	0	0	0.151515	0	
0	0	0	0	0	
0	0	0	0	0	
0	0	0	0	0	
0	0	0	0.151515	-6.36364	
0.151515	0	0	0	0	
0	0	0	0.151515	0	
0	0	0	0	0	
0.151515	0	0	0	0	
0	0	0.151515	0	0	
0	0.151515	0.151515	0.151515	0.151515	
0	0	0	0	0	
0	0	0	0	0	
0	0	0	0	0	
0	0	0	0	0	
0	-1.36364	0	0	0	
0	0	0	0	0	
0.151515	0	0	0	0	
0	0	0	0	0	
0	0	0	0	0	
0	0	0	0	0	
0	0	0	0	0	
0	0	0	0	0	
0	0	0	0	0	
0	0	0.151515	0.151515	0	
0	0	0	0	0	
-2.72727	0	0	0.151515	-16.9697	
-11.0606	0.30303	0	0	0	
0	0	0	0	0	
0	0	0	0.151515	0	
0	0	0	0	0	
0	0	0	0	0	
-11.3636	0.151515	0	0	0.151515	
0	0	0	0	-3.0303	
0	0	-6.21212	-23.1818	-4.09091	
0	0	-6.51515	-18.4848	-10.4545	
0	0	0.30303	0	0	
0	0	0	0	0	
0	0.151515	0	0	0	
0	0	0	0	0	
0	0	-5.60606	-1.21212	0.30303	
0	0	0	0	0	
0	0	0	0	0	
0	0	0	0	0.151515	
0	0	0	0.151515	0	
0	0	0	0	0	
0	0	0	-9.45455	-3.15152	
0	0	0	0	0	
0	0	0	-17.8788	-5.45455	
0	0	0	0	0	
0	0	0	0	0	
0	0	0	0	0	
0	0.151515	0	0	0	
0	0	0	0	0	
0	0	0	0	0	
0	0	0	0	0	
0	0	0	0	0	
0	0	0.151515	0	0	
0	0	-11.2121	0	-3.33333	
0	0	0.151515	0	0.151515	
0	0	0	0	0	
0	0	0	0	0	
-2.87879	0	0	0	0	
0	0	0	0	0	
0	0	-2.72727	-5.90909	0	
0	0	0	0	0	
0	0	-1.51515	-6.06061	-7.12121	
0	0	0	-1.77636e-15	0	
0	0	0	0	0	
0	0	0	0	-13.7879	
0	0	0.151515	0	0	
0	0	0	0	0	
0	0	0	0	0	
-1.9697	-4.24242	0	0	0	
0	0	0	0	0	
0	0	0	0	0	
0	0.151515	0	0	0	
0	0	0	0	0	
0	0	0	0	0	
0	0	0	0	0	
0	0	0	0	0	
0	0	0	0	0	
0	0	0	0	0	
0	0	0	0	0.212121	
0	0	0	0	0	
0	0.151515	-15	-3.0303	-14.8485	
0	0	0	0	0	
0	0	0.151515	0	0	
0.151515	0	0	0	0	
0	0	0	0	0	
0	0	0	-1.51515	-18.1818	
0	0.151515	0	0	0	
0	0	0	0	0	
0	0	0	0	0	
0	0	0.151515	-3.39394	-21.3333	
0	0	0	0	0	
0	0	0	0	0	
-1.51515	0	0	0	0	
0	0	0	0	0.30303	
0	0	0.151515	-7.42424	-10.7576	
0	0	0	0	0	
0	0	0	-8	-7.27273	
0	0	-4.39394	-14.0909	-1.21212	
0	0	0	0	0	
0	0	0	0	0	
0	0	0	0	0.151515	
0	0	0	-4.84848	-3.0303	
0	0	0	0	0	
0	0	0	0	0	
0	0	0	0	0.242424	
0	0	0.151515	0	0	
0	0	-3.18182	-8.0303	-12.4242	
0	0	0	0	0	
0	0	0	0	-1.21212	
0	0	-12.7273	-22.4242	-3.18182	
0	0	0	0	0	
0	0	0	0.151515	0	
0	0.151515	0.151515	0	0	
0	0	0	-15.9091	-17.8788	
0	0.151515	0	0	0	
0	0	0	0	0	
0	0	0.151515	0	-1.66667	
0	0	0	0	0	
0.151515	0	0	0	0	
0	0	0	0	0	
0	0	0	0	0	
0	0	0	0	0	
0	0	0	0	0	
0	0	0	0.151515	0	
0	0	0	0	0	
0	0	0	-8.48485	-3.0303	
0	0	0	0	0.151515	
0	0	0	0	0	
0	0	0	0.151515	0	
0	0.151515	0	0	0	
0	0	0	0	0	
0	0	-3.33333	-3.78788	-5	
0	0	0.151515	0	0	
0	0	0	0	0	
0	0	0	0	0	
0	0	0	-6.51515	-7.57576	
0	0.151515	0	0	0	
0.151515	0	-7.27273	-6.9697	-7.72727	
0	0	-25.6061	-0.757576	-12.7879	
0	0	0	0	0	
0	0	-8.48485	-3.63636	-10.6061	
0	0	0	0	0	
0	0	0	0	0	
0	0	0	0	0	
0	0	0	0	0	
0	0	0	0.151515	0	
0	0	0	0	0	
0	0	0.30303	0	0	
0	0	-7.51515	-8.72727	-8.72727	
0	0	0	0	-1.51515	
0	0	0	0	0	
0	0	0	0	0	
0	0	0	-5	0.151515	
0	0	0	0	0	
0	0	0	0.151515	0	
0	0	0	0	0	
0	0	0	0	0.151515	
0	0	0.151515	0	0	
0	0.151515	0	0	0.30303	
-8.88178e-16	-0.636364	0.151515	0	0	
0	0	0	0	0.151515	
0	0	0.151515	0.151515	0	
0	0	-20	-20.6061	-3.63636	
0.151515	0	0	0	0	
0	0	0	0	0.151515	
0	0.151515	-20.303	-9.39394	-12.5758	
0	0	0	0	0	
0	0	0	0	0	
0	0	0	0	0	
0	0.151515	0	0	-6.21212	
0	0	0	0	0	
0	0	0	0	0.30303	
0	0	0	0	0	
0	0	-27.5758	-16.6667	-6.54545	
-5	0	0	0	0	
0	0	0	0	0	
0	0	-9.69697	-10.6667	-0.969697	
0	0	0.151515	0	-1.36364	
0	0	0	0	0.151515	
0	0	0	0.151515	-13.4848	
0	0	0	0.151515	0	
0	0	0	-0.454545	0.909091	
0	0	0.151515	0	0	
0	0	0	0	0	
0	0	0	0	0	
0	0	0	0.151515	0	
0	0	0	0	0	
0	0.30303	0.151515	0	0	
0	0	0	0	0	
0	0	0	0.151515	-1.06061	
0	0	0	0	0	
-9.09091	0	0	-4.24242	-12.5758	
-4.39394	-2.72727	0	0	0	
0	0	0	0	-6.81818	
0	0	0	0	0	
0	0	0	0	0	
0	0	0	0	0	
0	0	0	0	0	
0	0	0	-17.4242	-10.6061	
0	0	0	0	0	
0	0	0	0	0	
0	0	0	0	0	
0	0	0	0	0	
0	0	0	0	0	
0	0	0.151515	0	0	
0	0	0	0	0	
0	0	0	0	0	
0	0	0	0	0	
0	0	0	0	0	
0	0	0	0	0	
0	0	0	0	0	
0	0	0	0.151515	0	
0	0	0	0	0	
0	0	0	-5.90909	0.151515	
0	0	0	0.151515	0	
0	0	0	-6.9697	-1.66667	
0	0	0	0	0	
0	0	0.151515	0	0	
0	0	0.151515	0.151515	0	
0	0	0	0	0	
0	0	0	0	0	
0	0.151515	0	0	0	
0	0	0.30303	0	0	
0	0.151515	0	0	0	
0	0.151515	0	0	0	
0	0	0	0	0	
0	0	0	0	0	
0	0	0	0	0	
0.151515	0	0	0	0	
0	0	-19.697	-9.39394	0.757576	
0.151515	0	0	0	0	
0	0	0	0	0	
0	0	0.151515	0.151515	0	
0	0.151515	0	0	0	
0	0	0	0	0	
0	0	-2.42424	-14.5455	-4.84848	
0	0	0	0	0	
0	0	0	0	0	
0	0	-3.18182	-6.15152	-1.66667	
0	0	0	0	0	
0	0	0	0.151515	0	
0	0	0	0	0	
0	0	0	0	0	
0.30303	0.151515	0.151515	0	0	
0	0	0.151515	0	0	
0	0	0	-5.30303	-10.303	
0	0	0	0	0	
0	0	0	0	0	
0	0	0	0	0	
0	0	0	0	0.272727	
0	0	0	0.242424	0	
0	0	0	0.151515	0	
0	0	0	0	0	
0	0	0	0	0.151515	
0	0	0	0	0	
0	0.151515	0.151515	0.151515	0	
0	0.151515	0.151515	0	0	
0	0	0.151515	0	0	
0	0	0	0	0	
0	0	0.151515	0	0	
0	0	0	0	0	
0	0	0.151515	0	0	
0	0	0	0	0	
0.454545	0	0	-0.484848	0.969697	
0	0	0	0	0	
0	0	0	0	0	
0	0	0	0	0	
0	0	0	0	0	
0	0.151515	0	0	0	
0	0	0	0	0	
0	0	0	0	0	
0	0	0	0	0	
0	0	0	0	0	
0	0	0	0	0	
0	0	0	-20.303	-1.06061	
0	0	0	0	0	
0	0	0	0	0	
0	0	0	0	0	
0	0	-3.93939	-1.66667	-10.9091	
0	0	0	0	0	
0	0	0	0.30303	0	
0	0	0	0	0	
0	0.151515	0	0	0	
-6.36364	0	-11.0606	0	0	
0	0	0	0	0	
0	0.151515	0	0	0	
0	0	-16.8182	-2.72727	-4.69697	
0	0	0	0	0	
0	0	0	0	0	
0	0	0	0.151515	0	
0	0	0	0	0.151515	
0.151515	0.151515	0	-3.18182	-3.93939	
0	0	0	0	0	
0	0	0	0	0	
0	0	0	0	0.151515	
0	0	0	0	0	
0	0	0	0	0	
0	0	0	0	0	
0	0	0	0	0.151515	
0	0	0	0	0	
0	0	-12.7273	-2.72727	-7.57576	
0	0	0	0	0	
0	0	0	0	0	
0	0	0	0	0	
0	0	0	0	0	
0	0	0	0	0	
0	0	-1.66667	-10.9091	-6.51515	
0	0	0	0	0	
0	0	0.151515	0	0	
0	0.151515	0	0	0	
0	0	0	0	0	
0	0	0.151515	0	0	
0	0	0	0	0	
0	0	0	0	0	
0	0	0	0	0	
0	0	0	0.151515	0	
0	0.151515	0	0	0	
0	0	0	0	0	
0	0.151515	-1.66667	0	0	
0	0	0.151515	0	0	
0	0.151515	0	0.151515	0	
0	0.151515	-6.06061	-17.7273	-18.4848	
0.151515	0	0	0	0	
0	0.151515	0	0	0	
0	0.151515	-4.09091	0	-1.66667	
0	0	0	0	0	
-7.87879	0.151515	0.151515	0.151515	0	
0	0.151515	0	0.151515	0	
0	0.151515	0	0	0	
0	0	0.151515	0	0	
0	0	0	0	0	
0	0	0	0	0	
0	0	0	0	0	
0	0	0	0	0	
0	0	0	0	0	
0	0	0	0.151515	0	
0	0.151515	0	0	0.151515	
0	0	0.151515	0	0	
0	0	0	0	0	
0	0	0	-3.18182	-7.42424	
0	0	0	0	0	
0	0	0	0	0	
0	0	0	0	0	
0	0	0	-14.7879	-13.8182	
0	0	0	0	0	
0	0	0	0	0	
0	0	0	0	0	
0	0	0	0	0	
0	0	0	0	0	
0	0	0	0	0	
0	0	0	0	0	
0	0	0	0	0	
0	0	0	0	-5	
0	0	0.242424	0	0	
0	0	0.151515	0	0	
0	0.151515	0.151515	0	0	
0	0	0.151515	-5.60606	-12.5758	
0	0	-13.1818	-25.1515	-3.33333	
0	0	0.151515	0	0	
0	0.151515	0	0.151515	0	
0	0	0	0	0.151515	
0	0.151515	0	0	0.151515	
0	0	0	0	0	
0	0	0	0	0	
0	0.151515	0.151515	0	0	
-3.87879	0	-9.78788	-1.15152	0	
0	0	0	0	0.151515	
0	0.151515	0	0	0.151515	
0	0	0	0	0	
0	0	0	0	0	
0	0	-6.66667	-7.12121	-11	
0	0.151515	0	0	0	
0	0.151515	0	0	0	
0	0	0	0.151515	0	
0	0	0	0	0	
0	0	0	0.151515	0	
0	0	0	0	0	
0	0	0.151515	0	0	
0	0	0	0	0	
0	0	0.30303	0	0	
0	0	0	0	-6.66667	
0	0	0	0	0	
0	0.151515	0	0	0	
0	0	0	0	0.151515	
0	0	0	0	0	
0	0	0.242424	0	0	
0	0	0.30303	0	-3.33333	
0	0	-4.84848	-8.33333	-3.78788	
0	0	0	0.242424	0	
0	0	0	0	0	
0	0	0	0	0.151515	
0	0	-0.727273	-2.75758	0.212121	
0	0	0	0	0	
0	0	0	0.242424	0.151515	
0	0	-23.1818	-25	-13.7879	
0	0	0	0	0	
0.151515	0	0	0	0	
0	0	0.151515	0	0	
0	0	0.151515	0	0.151515	
0	0	0	0	0	
0	0	0	0.151515	0	
0	0	0	0	0	
0	0.151515	-25.9091	-12.1212	-15.4545	
0	0	0.151515	0	0.151515	
0	0	0	0	0	
0	0	0	0	0	
0.151515	0	-4.09091	-5.60606	-7.72727	
0	0.151515	0	0	0	
0	0.151515	0.151515	0	0	
0	0	0	0	0	
0	0.151515	0	0.151515	0	
0	0	0	0	0	
0	0	0	0	0.151515	
0	0	0	0	0	
0	0	-1.06061	-8.9697	-2.66667	
0	0	0	0	0.151515	
0	0	0	0	0	
0.151515	0	0	0	0	
0	0	0	0	0	
0	0	0	0	0	
0	0	0	0	0	
0	0	0.151515	0	0	
0	0	0.151515	0	0	
0	0	0	-1.36364	-0.606061	
0.151515	0	0	0	0	
-5.75758	-1.36364	0	0.151515	0	
0	0	0.151515	0	0	
0	0	-39.3939	-2.72727	-1.51515	
0	0	0.151515	0	0	
0	0	0	0	0.151515	
0	0	-4.54545	-8.0303	-24.2424	
0	0	0	0	0	
0	0	0	-14.3939	-10.7576	
0	0	0	0	0	
0	0.151515	0	0	0	
0	0	0.151515	0	0.151515	
0	0.151515	0	0	0	
0	0	0	0	0	
0	0	0.151515	0	0	
0	0	0	0	0	
0	0.151515	0	0	0	
0	0	0	0	0	
0	0	0	0	0	
0	0.151515	-39.697	-25	-3.33333	
0	0	0	0	0	
0	0	0	0	0	
0	0	0	0	0	
0	0	0	0	0	
0	0	0	-0.757576	-1.66667	
0	0	0	0	0	
0	0	0	0	0	
-1.51515	-1.06061	0	0	0	
0	0	0	0	-13.6364	
0	0	0	0	0	
0	0.151515	0	0	0	
0	0	0	0	0	
0	0	0	0	0	
0	0	0	0	0	
0.151515	0	0	0	0	
-1.21212	0	-6.36364	-8.33333	-10.5455	
0	0	0	0	0	
0	0	0	0	0	
0	0	0	0	0	
0.151515	0	0	0	0	
0	0	0	0	0	
0	0	0.151515	0	0	
0	0	-11.2121	-6.36364	-9.09091	
-1.36364	0.151515	0.151515	0.151515	0	
0	0	0	0	0	
0	0	0	0	0	
0	0	0	0	0	
0	0.151515	0	0	0	
0	0	0	0	0	
0	0	0	0	0	
0	0	0	-0.727273	-2.0303	
0	0	0	0	0	
0	0	0	0	0	
-1.21212	-7.87879	-7.27273	-3.93939	-1.21212	
0	0	0	0	0	
0	0	0	0	0	
0	0	0.151515	0.151515	-1.66667	
0	0	0	-4.84848	-4.39394	
0	0	0	0	0	
0	0	0	-9.09091	-2.57576	
0	0	0.151515	0	0	
0	0.30303	0	0	0	
0	0	0	0	0	
0	0	0	0	0	
0	0.151515	0	0	0	
0	0	0	0	0.151515	
0	0	0	0	0	
0	0	0.151515	0	0	
0	0	0	0	-15.7576	
0	0	0	0	0	
0	0	0	0.151515	0	
0.272727	0	0	0.151515	-5.75758	
0	0	0	0	0	
0	0	0	0	0	
0	0	0	0	0	
0	0	0	0	0	
0	0	-16.8182	-22.303	-5.60606	
0	0	0	0	0.151515	
0	0	0	0	0	
0	0	0	0	0	
0	0	0	-25.303	-5.90909	
0	0	0	0	0	
0	0	0	0	0	
0	0	0	0	0	
0	0	0	0	0	
0	0	0	0	0	
0	0	0	0.242424	-1.69697	
0	0	0	0.30303	-1.21212	
0	0	0	0	0	
0	0	0	-4.69697	-2.63636	
0	0	0	0.151515	0.151515	
0	0	-8.33333	-11.5152	-21.8182	
0	0	0.151515	0	0	
0	0.151515	0.151515	0	-4.09091	
0	0	0	0	0.151515	
0	0	0	0	0	
0	0	0.151515	0.151515	0	
0	0	0.242424	0	0.151515	
0	0	0	0	0	
0	0	0	0.30303	-1.90909	
0	0	0	0	0	
0	0	0.151515	0	0	
0	0	0	-10.4545	-2.87879	
0	0	0	0	0	
0	0	0	0	0	
0	0	0	0	0	
0	0	0	0	0	
0.272727	0	0.151515	0	0	
0	0.272727	0	0	0	
0	0	0	0	0	
0	0	0	0	0	
0	0	0	0	0.242424	
0	0	0.151515	0.272727	0	
0	0	0	0.242424	0	
-1.66667	0	0	0.151515	0	
0	0	0	0	0	
0	0	0	0	0	
0	0	0	0	0	
0	0.151515	0	0	0	
0	0	0	0	0	
0	0	0	0.151515	0	
0	0	0	0	0	
0	0	0	0	0	
0	0	0	0	0.151515	
0	0	0	0	0	
0	0	0	-1.51515	-4.39394	
0	0	0.151515	0	0	
0	0	0.151515	0.151515	0	
0	0	0	0	0	
0	0	-17.4242	-15.4545	-25.9091	
0	0	0	0	0	
0	0	0	0	0	
0	0	0.242424	0	0	
0	0.151515	0	0	0	
0	0.151515	0	0	0	
0	0	0.242424	0	0	
0	0	0	-10.9091	-14.3939	
0	0	0	0	0	
0.151515	0	0	0	0	
0.30303	0	0	0	0.151515	
0	0	0	0	0	
0	0	0.151515	0	0	
0	0	0	-0.727273	0.969697	
0	0	0	0	0	
0	0	0	0	0	
0	0	0	0	0	
0	0	0.151515	0	0	
0	0	-8.72727	-4.09091	-4.21212	
0	0	0	0	0	
0	0	0	0.151515	0	
0	0	-2.42424	-43.6364	-5.33333	
0	0	0	0.151515	0	
0.151515	0	0	0	0	
0	0	-7.12121	-3.0303	-10.4545	
-3.33333	-3.18182	0	0	0	
0	0	0	0	0	
0	0	0	0	0	
0	0	0	0	0	
0	0	0	0	0	
0	0	0	0.151515	0	
0.151515	-1.51515	0.151515	0	0	
0	0	0	-9.39394	-11.2121	
0	0	0.151515	0	0	
0	0	0	0	0.151515	
0	0	0	0	0	
0	0	0	0	0	
0	0	0	0	0	
0	0	-2.12121	-16.8788	-7.87879	
0.151515	0.151515	0	0	0	
0	0	0.151515	0	0	
0	0	0	0	0	
0	0	0	0	0	
0	0	0	0	0	
0	0	0	0	0	
0	0	-26.8182	-1.51515	-6.51515	
0	0	-9.69697	-1.45455	-5.09091	
0	0	0	0	0	
0	0	0	0	0	
0	0	0	0	0	
