R2[0]	R2[1]	R2[2]	R2[3]	R2[4]	
na	na	0.276385	0.276385	0.276385	
na	0.276385	na	na	na	
na	na	na	na	na	
na	na	na	na	na	
na	na	0.276385	na	na	
na	na	na	na	na	
na	na	na	na	na	
na	na	0.276385	na	na	
na	na	na	na	na	
na	na	na	0.276385	na	
na	na	na	na	na	
na	na	na	na	na	
na	na	0.276385	na	na	
na	na	na	na	0.186339	
na	na	0.276385	na	na	
na	na	na	0.183819	0.276385	
na	na	na	na	na	
na	na	na	na	0.276385	
na	na	na	na	na	
na	na	na	na	na	
na	0.276385	na	na	na	
na	na	na	0.276385	0.276385	
na	na	na	na	0.276385	
na	na	0.276385	0.195	0.129583	
na	na	na	na	na	
na	na	na	0.276385	na	
0.276385	na	na	na	na	
na	na	0.276385	0.276385	0.276385	
na	na	0.276385	0.276385	0.276385	
na	na	na	na	na	
na	na	na	na	na	
na	na	na	na	na	
na	0.276385	na	na	na	
na	na	0.276385	na	na	
na	0.276385	na	na	na	
na	na	na	na	na	
na	na	na	na	na	
na	na	0.276385	na	na	
na	na	0.276385	0.276385	0.276385	
na	na	0.276385	na	na	
na	na	na	na	na	
na	na	0.276385	0.276385	0.276385	
na	na	0.276385	0.164445	0.210722	
na	na	na	na	0.276385	
na	na	na	na	na	
0.276385	0.276385	na	0.276385	na	
na	na	na	0.276385	0.261672	
na	na	0.144338	na	na	
na	na	0.276385	na	na	
na	na	na	na	na	
na	na	na	na	0.276385	
na	na	na	na	na	
na	na	na	na	na	
na	na	na	na	na	
na	na	na	0.186339	na	
na	na	na	0.276385	na	
na	na	na	na	na	
na	na	na	na	na	
na	na	0.276385	na	na	
na	na	na	0.276385	0.276385	
na	na	na	na	na	
na	na	na	na	0.276385	
na	na	0.276385	na	na	
na	na	0.151515	0.138137	0.151515	
na	na	na	na	na	
na	na	0.276385	0.276385	0.276385	
na	na	0.276385	0.186339	na	
0.276385	0.276385	na	na	na	
na	na	na	na	na	
na	na	na	na	na	
na	na	0.276385	0.276385	0.276385	
na	0.204545	na	na	0.276385	
na	na	na	na	na	
na	na	na	na	na	
na	na	0.276385	na	na	
na	na	na	0.276385	0.276385	
na	na	na	na	na	
na	na	na	na	na	
na	na	na	na	0.276385	
na	na	0.276385	na	na	
na	na	na	0.276385	0.276385	
na	0.276385	0.276385	0.263548	0.276385	
na	na	na	na	na	
na	na	0.276385	na	na	
na	na	0.276385	0.276385	0.276385	
na	na	na	na	na	
na	na	na	na	na	
na	na	na	na	na	
na	na	na	na	na	
na	na	0.276385	0.276385	0.276385	
na	na	na	na	na	
0.276385	na	na	na	na	
na	na	na	na	na	
na	na	na	na	na	
na	na	0.276385	na	na	
na	na	na	na	na	
na	na	na	0.276385	na	
na	na	na	na	na	
na	na	na	0.276385	0.276385	
na	na	na	na	0.276385	
na	na	na	na	na	
na	0.276385	0.276385	0.276385	na	
na	na	na	0.276385	na	
na	na	0.276385	na	0.276385	
na	na	na	na	na	
na	na	0.186339	na	0.241163	
0.276385	0.276385	na	na	na	
na	na	0.276385	0.276385	0.276385	
na	na	na	na	na	
0.276385	na	0.276385	na	0.141707	
na	na	na	na	na	
na	na	0.276385	0.142071	0.151515	
na	na	na	na	na	
na	0.276385	0.276385	na	na	
na	na	0.276385	na	na	
na	0.276385	0.276385	0.276385	0.276385	
na	na	na	na	0.276385	
na	na	na	na	na	
na	na	na	na	na	
na	na	na	na	na	
na	na	0.276385	na	na	
na	na	na	na	na	
na	na	na	na	na	
na	0.186339	na	na	na	
na	na	na	na	na	
na	na	na	na	na	
na	na	na	na	na	
na	na	na	na	0.276385	
na	na	na	na	na	
0.276385	na	na	na	0.157596	
na	na	na	na	na	
na	na	na	na	na	
na	na	na	na	na	
na	0.276385	0.250229	0.276385	0.276385	
na	na	na	0.276385	na	
na	na	na	na	na	
na	na	na	na	0.186339	
na	na	0.276385	na	0.276385	
na	na	na	na	na	
na	na	na	na	na	
na	na	na	na	na	
na	na	0.198373	0.276385	0.276385	
na	na	na	na	na	
na	na	na	na	0.276385	
na	na	na	na	na	
na	na	0.276385	0.276385	0.276385	
na	na	0.276385	na	0.276385	
na	na	na	0.276385	0.276385	
na	na	na	na	na	
na	0.276385	0.276385	na	na	
na	na	0.276385	na	na	
na	na	na	na	na	
na	na	na	na	na	
na	na	na	na	0.276385	
na	na	0.276385	0.276385	na	
na	na	na	na	na	
na	na	na	na	na	
na	na	na	na	0.151515	
na	na	na	na	0.276385	
na	na	na	na	na	
na	na	na	na	na	
na	na	na	na	na	
na	na	na	na	na	
na	na	0.276385	0.276385	0.276385	
na	na	na	na	0.276385	
0.276385	na	na	na	na	
na	na	na	na	na	
na	na	na	na	na	
na	na	na	na	na	
na	0.276385	na	na	0.265152	
0.276385	0.276385	na	na	na	
na	na	na	na	na	
na	na	na	na	na	
na	0.276385	na	na	na	
na	na	na	na	na	
na	na	na	na	na	
na	0.276385	na	na	0.276385	
na	na	na	na	na	
na	0.276385	na	na	na	
na	na	0.276385	na	na	
na	na	0.276385	0.276385	0.276385	
na	na	na	na	na	
na	na	0.276385	0.276385	0.276385	
na	0.276385	na	0.151515	0.151515	
na	na	na	na	na	
na	0.276385	na	0.276385	0.276385	
na	na	na	na	na	
0.276385	na	na	0.265152	0.265152	
na	na	na	na	na	
na	na	0.276385	na	na	
na	na	na	0.151515	0.151515	
na	na	na	0.276385	0.276385	
0.276385	na	na	na	na	
na	na	na	0.276385	0.276385	
na	na	na	na	na	
na	na	na	na	na	
na	na	na	na	na	
na	na	na	na	na	
na	na	na	na	na	
na	na	na	na	na	
na	na	na	na	na	
na	na	na	na	na	
0.276385	na	na	na	na	
na	na	na	na	na	
na	na	0.136714	na	0.276385	
na	na	na	na	na	
na	na	na	na	na	
na	na	0.276385	0.276385	0.276385	
na	0.276385	na	na	na	
0.276385	0.276385	0.276385	na	na	
na	na	na	na	na	
na	na	na	0.276385	na	
na	na	na	na	na	
na	na	na	0.276385	na	
na	na	0.276385	0.276385	na	
na	na	na	na	na	
na	na	na	na	na	
na	na	na	na	na	
0.276385	na	na	0.276385	na	
na	na	na	0.265152	na	
na	na	na	na	na	
0.242424	na	na	na	na	
na	na	na	na	na	
na	na	na	na	na	
na	na	na	na	na	
na	na	na	na	na	
na	0.276385	0.186339	na	na	
na	0.276385	na	na	0.276385	
na	na	na	0.276385	na	
na	na	na	na	na	
na	na	na	na	na	
na	na	0.276385	0.276385	0.247768	
na	na	na	na	na	
0.276385	0.276385	na	na	na	
na	na	na	na	na	
na	na	na	na	na	
na	na	na	0.276385	na	
na	na	na	0.276385	na	
na	0.276385	na	na	na	
na	0.276385	0.276385	0.276385	na	
na	na	na	na	na	
na	na	na	na	na	
na	na	0.276385	0.276385	na	
na	na	na	na	na	
na	na	na	na	na	
na	na	na	0.204545	0.204545	
na	na	0.276385	0.276385	na	
na	na	0.276385	na	na	
na	na	na	na	na	
na	na	0.276385	na	na	
na	0.276385	na	na	0.276385	
na	0.276385	0.276385	0.153526	0.203443	
na	na	na	na	na	
na	na	na	na	na	
0.276385	0.276385	na	na	na	
na	na	na	na	na	
na	0.276385	na	0.276385	na	
na	na	na	0.276385	na	
na	na	na	na	na	
na	na	na	na	na	
na	na	0.276385	0.151515	0.151515	
0.276385	na	na	na	na	
0.276385	na	na	na	0.276385	
na	na	na	0.276385	0.276385	
na	na	na	na	na	
na	na	0.186339	na	na	
na	na	na	na	na	
0.276385	na	na	na	na	
na	na	na	na	na	
na	na	na	0.276385	na	
0.151515	0.151515	na	na	na	
na	na	0.151515	0.151515	0.140786	
na	na	na	na	na	
na	na	na	na	0.276385	
na	na	na	na	na	
na	na	na	0.276385	0.276385	
na	na	na	0.276385	na	
0.276385	0.276385	0.276385	0.276385	0.276385	
na	na	na	na	na	
na	na	na	0.151515	0.151515	
na	na	na	na	na	
na	na	na	na	na	
na	na	na	na	na	
na	0.276385	na	na	na	
na	0.276385	na	na	na	
na	0.276385	na	na	na	
na	na	na	na	na	
na	na	na	na	na	
na	0.276385	0.276385	0.212459	0.276385	
na	na	na	na	na	
na	na	na	na	na	
na	na	na	na	na	
na	na	0.186339	0.15086	0.193609	
0.276385	na	0.276385	0.276385	na	
na	na	0.276385	na	na	
na	na	na	na	na	
na	na	0.276385	na	0.276385	
na	na	na	na	na	
0.276385	na	na	na	na	
na	na	na	na	na	
na	na	na	na	0.276385	
na	na	na	na	0.276385	
na	na	na	0.276385	0.276385	
0.276385	na	na	na	na	
na	0.276385	na	na	0.276385	
na	na	na	na	na	
na	na	na	na	na	
na	na	na	na	na	
na	na	na	na	na	
na	na	na	na	na	
na	na	na	na	na	
na	0.276385	na	na	na	
na	0.276385	na	na	na	
na	na	na	na	na	
na	na	na	na	0.276385	
na	na	na	na	0.276385	
na	na	na	0.276385	na	
na	na	na	na	na	
na	na	na	na	0.276385	
na	na	na	na	na	
na	na	na	na	na	
0.276385	0.23074	0.276385	0.276385	0.276385	
na	0.276385	na	0.276385	0.276385	
0.276385	0.276385	na	na	na	
na	na	na	na	0.276385	
na	na	0.276385	na	na	
0.276385	na	na	na	na	
na	na	na	0.242424	na	
na	na	na	na	na	
na	na	na	na	na	
na	na	na	na	na	
na	na	na	na	na	
na	na	na	na	0.276385	
na	na	na	na	na	
na	na	0.276385	0.276385	0.276385	
na	na	na	0.276385	na	
na	na	na	na	na	
na	na	na	0.276385	0.276385	
na	na	na	na	na	
na	na	0.276385	na	na	
na	na	na	na	na	
0.276385	0.276385	na	0.276385	na	
na	0.276385	na	na	na	
na	na	na	na	na	
na	na	na	na	na	
na	na	0.276385	na	na	
na	na	na	na	na	
na	na	na	na	na	
na	0.276385	0.186339	na	na	
na	na	na	na	0.276385	
na	0.276385	0.242424	0.242424	0.242424	
na	na	na	na	0.276385	
na	na	na	na	na	
na	na	na	na	na	
na	na	na	0.276385	na	
na	na	0.276385	na	na	
na	na	na	na	0.204545	
na	na	0.265152	na	na	
na	na	0.276385	0.276385	0.254076	
na	na	0.276385	na	na	
na	na	na	na	na	
na	na	na	na	na	
na	na	na	na	na	
na	na	na	na	na	
0.276385	na	na	na	na	
na	na	0.276385	na	na	
na	na	0.276385	0.241163	0.276385	
na	na	0.113877	0.139655	0.121133	
na	na	0.276385	0.276385	0.276385	
na	na	na	0.276385	0.276385	
0.276385	0.276385	0.276385	0.276385	0.276385	
na	na	na	na	na	
na	na	na	na	na	
na	na	na	na	na	
na	na	na	na	na	
na	na	na	0.276385	na	
na	na	na	na	0.276385	
na	na	na	na	0.276385	
0.276385	0.276385	na	na	na	
na	na	na	0.276385	na	
na	na	na	na	na	
na	na	na	na	na	
na	na	na	na	na	
na	na	0.276385	na	na	
na	na	na	0.236602	0.196424	
na	na	na	na	na	
na	na	na	na	0.276385	
na	na	0.276385	na	na	
na	na	0.276385	0.276385	0.276385	
na	na	na	na	0.151515	
na	na	na	na	na	
na	na	na	na	na	
na	na	na	0.276385	na	
na	na	na	na	na	
na	na	na	na	na	
na	na	na	na	na	
na	na	na	0.276385	0.276385	
0.276385	na	na	na	na	
na	na	na	0.276385	na	
na	na	na	na	na	
0.276385	na	na	na	na	
na	na	0.276385	na	na	
na	0.276385	0.276385	0.276385	0.276385	
na	na	na	na	na	
na	na	na	na	na	
na	na	na	na	na	
na	na	na	na	na	
na	0.276385	na	na	na	
na	na	na	na	na	
0.276385	na	na	na	na	
na	na	na	na	na	
na	na	na	na	na	
na	na	na	na	na	
na	na	na	na	na	
na	na	na	na	na	
na	na	na	na	na	
na	na	0.276385	0.276385	na	
na	na	na	na	na	
0.276385	na	na	0.276385	0.276385	
0.276385	0.186339	na	na	na	
na	na	na	na	na	
na	na	na	0.276385	na	
na	na	na	na	na	
na	na	na	na	na	
0.276385	0.276385	na	na	0.276385	
na	na	na	na	0.276385	
na	na	0.276385	0.276385	0.276385	
na	na	0.276385	0.276385	0.276385	
na	na	0.186339	na	na	
na	na	na	na	na	
na	0.276385	na	na	na	
na	na	na	na	na	
na	na	0.276385	0.276385	0.276385	
na	na	na	na	na	
na	na	na	na	na	
na	na	na	na	0.276385	
na	na	na	0.276385	na	
na	na	na	na	na	
na	na	na	0.151515	0.151515	
na	na	na	na	na	
na	na	na	0.276385	0.276385	
na	na	na	na	na	
na	na	na	na	na	
na	na	na	na	na	
na	0.276385	na	na	na	
na	na	na	na	na	
na	na	na	na	na	
na	na	na	na	na	
na	na	na	na	na	
na	na	0.276385	na	na	
na	na	0.276385	na	0.276385	
na	na	0.276385	na	0.276385	
na	na	na	na	na	
na	na	na	na	na	
0.276385	na	na	na	na	
na	na	na	na	na	
na	na	0.23074	0.244802	na	
na	na	na	na	na	
na	na	0.276385	0.276385	0.276385	
na	na	0.272727	0.272727	0.272727	
na	na	na	na	na	
na	na	na	na	0.276385	
na	na	0.276385	na	na	
na	na	na	na	na	
na	na	na	na	na	
0.133566	0.276385	na	na	na	
na	na	na	na	na	
na	na	na	na	na	
na	0.276385	na	na	na	
na	na	na	na	na	
na	na	na	na	na	
na	na	na	na	na	
na	na	na	na	na	
na	na	na	na	na	
na	na	na	na	na	
na	na	na	na	0.265152	
na	na	na	na	na	
na	0.276385	0.276385	0.276385	0.276385	
na	na	na	na	na	
na	na	0.276385	na	na	
0.276385	na	na	na	na	
na	na	na	na	na	
na	na	na	0.276385	0.276385	
na	0.276385	na	na	na	
na	na	na	na	na	
na	na	na	na	na	
na	na	0.276385	0.151515	0.151515	
na	na	na	na	na	
na	na	na	na	na	
0.276385	na	na	na	na	
na	na	na	na	0.186339	
na	na	0.276385	0.276385	0.254076	
na	na	na	na	na	
na	na	na	0.151515	0.151515	
na	na	0.276385	0.276385	0.276385	
na	na	na	na	na	
na	na	na	na	na	
na	na	na	na	0.276385	
na	na	na	0.276385	0.276385	
na	na	na	na	na	
na	na	na	na	na	
na	na	na	na	0.151515	
na	na	0.276385	na	na	
na	na	0.276385	0.276385	0.276385	
na	na	na	na	na	
na	na	na	na	0.212459	
na	na	0.276385	0.276385	0.276385	
na	na	na	na	na	
na	na	na	0.276385	na	
na	0.276385	0.276385	na	na	
na	na	na	0.276385	0.276385	
na	0.276385	na	na	na	
na	na	na	na	na	
na	na	0.276385	na	0.276385	
na	na	na	na	na	
0.276385	na	na	na	na	
na	na	na	na	na	
na	na	na	na	na	
na	na	na	na	na	
na	na	na	na	na	
na	na	na	0.276385	na	
na	na	na	na	na	
na	na	na	0.276385	0.276385	
na	na	na	na	0.276385	
na	na	na	na	na	
na	na	na	0.276385	na	
na	0.276385	na	na	na	
na	na	na	na	na	
na	na	0.276385	0.276385	0.276385	
na	na	0.276385	na	na	
na	na	na	na	na	
na	na	na	na	na	
na	na	na	0.276385	0.276385	
na	0.276385	na	na	na	
0.276385	na	0.276385	0.276385	0.276385	
na	na	0.276385	0.123137	0.188991	
na	na	na	na	na	
na	na	0.276385	0.276385	0.276385	
na	na	na	na	na	
na	na	na	na	na	
na	na	na	na	na	
na	na	na	na	na	
na	na	na	0.276385	na	
na	na	na	na	na	
na	na	0.186339	na	na	
na	na	0.151515	0.151515	0.151515	
na	na	na	na	0.186339	
na	na	na	na	na	
na	na	na	na	na	
na	na	na	0.276385	0.276385	
na	na	na	na	na	
na	na	na	0.276385	na	
na	na	na	na	na	
na	na	na	na	0.276385	
na	na	0.276385	na	na	
na	0.276385	na	na	0.186339	
0.272727	0.265152	0.276385	na	na	
na	na	na	na	0.276385	
na	na	0.276385	0.276385	na	
na	na	0.276385	0.276385	0.276385	
0.276385	na	na	na	na	
na	na	na	na	0.276385	
na	0.276385	0.276385	0.276385	0.276385	
na	na	na	na	na	
na	na	na	na	na	
na	na	na	na	na	
na	0.276385	na	na	0.276385	
na	na	na	na	na	
na	na	na	na	0.186339	
na	na	na	na	na	
na	na	0.276385	0.276385	0.151515	
0.276385	na	na	na	na	
na	na	na	na	na	
na	na	0.151515	0.151515	0.151515	
na	na	0.276385	na	0.276385	
na	na	na	na	0.276385	
na	na	na	0.276385	0.276385	
na	na	na	0.276385	na	
na	na	na	0.276385	0.276385	
na	na	0.276385	na	na	
na	na	na	na	na	
na	na	na	na	na	
na	na	na	0.276385	na	
na	na	na	na	na	
na	0.186339	0.276385	na	na	
na	na	na	na	na	
na	na	na	0.276385	0.276385	
na	na	na	na	na	
0.276385	na	na	0.241163	0.276385	
0.276385	0.276385	na	na	na	
na	na	na	na	0.237463	
na	na	na	na	na	
na	na	na	na	na	
na	na	na	na	na	
na	na	na	na	na	
na	na	na	0.276385	0.276385	
na	na	na	na	na	
na	na	na	na	na	
na	na	na	na	na	
na	na	na	na	na	
na	na	na	na	na	
na	na	0.276385	na	na	
na	na	na	na	na	
na	na	na	na	na	
na	na	na	na	na	
na	na	na	na	na	
na	na	na	na	na	
na	na	na	na	na	
na	na	na	0.276385	na	
na	na	na	na	na	
na	na	na	0.276385	0.276385	
na	na	na	0.276385	na	
na	na	na	0.276385	0.276385	
na	na	na	na	na	
na	na	0.276385	na	na	
na	na	0.276385	0.276385	na	
na	na	na	na	na	
na	na	na	na	na	
na	0.276385	na	na	na	
na	na	0.186339	na	na	
na	0.276385	na	na	na	
na	0.276385	na	na	na	
na	na	na	na	na	
na	na	na	na	na	
na	na	na	na	na	
0.276385	na	na	na	na	
na	na	0.276385	0.276385	0.276385	
0.276385	na	na	na	na	
na	na	na	na	na	
na	na	0.276385	0.276385	na	
na	0.276385	na	na	na	
na	na	na	na	na	
na	na	0.276385	0.264072	0.276385	
na	na	na	na	na	
na	na	na	na	na	
na	na	0.276385	0.140014	0.165053	
na	na	na	na	na	
na	na	na	0.276385	na	
na	na	na	na	na	
na	na	na	na	na	
0.186339	0.276385	0.276385	na	na	
na	na	0.276385	na	na	
na	na	na	0.254076	0.276385	
na	na	na	na	na	
na	na	na	na	na	
na	na	na	na	na	
na	na	na	na	0.204545	
na	na	na	0.151515	na	
na	na	na	0.276385	na	
na	na	na	na	na	
na	na	na	na	0.276385	
na	na	na	na	na	
na	0.276385	0.276385	0.276385	na	
na	0.276385	0.276385	na	na	
na	na	0.276385	na	na	
na	na	na	na	na	
na	na	0.276385	na	na	
na	na	na	na	na	
na	na	0.276385	na	na	
na	na	na	na	na	
0.276385	na	na	0.151515	0.151515	
na	na	na	na	na	
na	na	na	na	na	
na	na	na	na	na	
na	na	na	na	na	
na	0.276385	na	na	na	
na	na	na	na	na	
na	na	na	na	na	
na	na	na	na	na	
na	na	na	na	na	
na	na	na	na	na	
na	na	na	0.276385	0.276385	
na	na	na	na	na	
na	na	na	na	na	
na	na	na	na	na	
na	na	0.276385	0.276385	0.276385	
na	na	na	na	na	
na	na	na	0.276385	na	
na	na	na	na	na	
na	0.276385	na	na	na	
0.276385	na	0.276385	na	na	
na	na	na	na	na	
na	0.276385	na	na	na	
na	na	0.276385	0.276385	0.276385	
na	na	na	na	na	
na	na	na	na	na	
na	na	na	0.276385	na	
na	na	na	na	0.276385	
0.276385	0.276385	na	0.276385	0.276385	
na	na	na	na	na	
na	na	na	na	na	
na	na	na	na	0.276385	
na	na	na	na	na	
na	na	na	na	na	
na	na	na	na	na	
na	na	na	na	0.276385	
na	na	na	na	na	
na	na	0.276385	0.276385	0.276385	
na	na	na	na	na	
na	na	na	na	na	
na	na	na	na	na	
na	na	na	na	na	
na	na	na	na	na	
na	na	0.276385	0.276385	0.276385	
na	na	na	na	na	
na	na	0.276385	na	na	
na	0.276385	na	na	na	
na	na	na	na	na	
na	na	0.276385	na	na	
na	na	na	na	na	
na	na	na	na	na	
na	na	na	na	na	
na	na	na	0.276385	na	
na	0.276385	na	na	na	
na	na	na	na	na	
na	0.276385	0.276385	na	na	
na	na	0.276385	na	na	
na	0.276385	na	0.276385	na	
na	0.276385	0.276385	0.276385	0.276385	
0.276385	na	na	na	na	
na	0.276385	na	na	na	
na	0.276385	0.276385	na	0.276385	
na	na	na	na	na	
0.276385	0.276385	0.276385	0.276385	na	
na	0.276385	na	0.276385	na	
na	0.276385	na	na	na	
na	na	0.276385	na	na	
na	na	na	na	na	
na	na	na	na	na	
na	na	na	na	na	
na	na	na	na	na	
na	na	na	na	na	
na	na	na	0.276385	na	
na	0.276385	na	na	0.276385	
na	na	0.276385	na	na	
na	na	na	na	na	
na	na	na	0.276385	0.276385	
na	na	na	na	na	
na	na	na	na	na	
na	na	na	na	na	
na	na	na	0.151515	0.151515	
na	na	na	na	na	
na	na	na	na	na	
na	na	na	na	na	
na	na	na	na	na	
na	na	na	na	na	
na	na	na	na	na	
na	na	na	na	na	
na	na	na	na	na	
na	na	na	na	0.276385	
na	na	0.151515	na	na	
na	na	0.276385	na	na	
na	0.276385	0.276385	na	na	
na	na	0.276385	0.276385	0.276385	
na	na	0.262355	0.276385	0.276385	
na	na	0.276385	na	na	
na	0.276385	na	0.276385	na	
na	na	na	na	0.276385	
na	0.276385	na	na	0.276385	
na	na	na	na	na	
na	na	na	na	na	
na	0.276385	0.276385	na	na	
0.151515	na	0.146075	0.122814	na	
na	na	na	na	0.276385	
na	0.276385	na	na	0.276385	
na	na	na	na	na	
na	na	na	na	na	
na	na	0.276385	0.196941	0.145997	
na	0.276385	na	na	na	
na	0.276385	na	na	na	
na	na	na	0.276385	na	
na	na	na	na	na	
na	na	na	0.276385	na	
na	na	na	na	na	
na	na	0.276385	na	na	
na	na	na	na	na	
na	na	0.186339	na	na	
na	na	na	na	0.258115	
na	na	na	na	na	
na	0.276385	na	na	na	
na	na	na	na	0.276385	
na	na	na	na	na	
na	na	0.151515	na	na	
na	na	0.276385	na	0.276385	
na	na	0.276385	0.276385	0.276385	
na	na	na	0.151515	na	
na	na	na	na	na	
na	na	na	na	0.276385	
na	na	0.151515	0.195707	0.143368	
na	na	na	na	na	
na	na	na	0.151515	0.276385	
na	na	0.265414	0.276385	0.276385	
na	na	na	na	na	
0.276385	na	na	na	na	
na	na	0.276385	na	na	
na	na	0.276385	na	0.276385	
na	na	na	na	na	
na	na	na	0.276385	na	
na	na	na	na	na	
na	0.276385	0.276385	0.276385	0.276385	
na	na	0.276385	na	0.276385	
na	na	na	na	na	
na	na	na	na	na	
0.276385	na	0.276385	0.276385	0.276385	
na	0.276385	na	na	na	
na	0.276385	0.276385	na	na	
na	na	na	na	na	
na	0.276385	na	0.276385	na	
na	na	na	na	na	
na	na	na	na	0.276385	
na	na	na	na	na	
na	na	0.157596	0.151515	0.151515	
na	na	na	na	0.276385	
na	na	na	na	na	
0.276385	na	na	na	na	
na	na	na	na	na	
na	na	na	na	na	
na	na	na	na	na	
na	na	0.276385	na	na	
na	na	0.276385	na	na	
na	na	na	0.276385	0.276385	
0.276385	na	na	na	na	
0.276385	0.276385	na	0.276385	na	
na	na	0.276385	na	na	
na	na	0.268936	0.276385	0.186339	
na	na	0.276385	na	na	
na	na	na	na	0.276385	
na	na	0.276385	0.276385	0.276385	
na	na	na	na	na	
na	na	na	0.276385	0.276385	
na	na	na	na	na	
na	0.276385	na	na	na	
na	na	0.276385	na	0.276385	
na	0.276385	na	na	na	
na	na	na	na	na	
na	na	0.276385	na	na	
na	na	na	na	na	
na	0.276385	na	na	na	
na	na	na	na	na	
na	na	na	na	na	
na	0.276385	0.276385	0.276385	0.276385	
na	na	na	na	na	
na	na	na	na	na	
na	na	na	na	na	
na	na	na	na	na	
na	na	na	0.276385	0.276385	
na	na	na	na	na	
na	na	na	na	na	
0.276385	0.222985	na	na	na	
na	na	na	na	0.276385	
na	na	na	na	na	
na	0.276385	na	na	na	
na	na	na	na	na	
na	na	na	na	na	
na	na	na	na	na	
0.276385	na	na	na	na	
0.276385	na	0.276385	0.236176	0.126498	
na	na	na	na	na	
na	na	na	na	na	
na	na	na	na	na	
0.276385	na	na	na	na	
na	na	na	na	na	
na	na	0.276385	na	na	
na	na	0.276385	0.276385	0.276385	
0.276385	0.276385	0.276385	0.276385	na	
na	na	na	na	na	
na	na	na	na	na	
na	na	na	na	na	
na	0.276385	na	na	na	
na	na	na	na	na	
na	na	na	na	na	
na	na	na	0.242424	0.219925	
na	na	na	na	na	
na	na	na	na	na	
0.276385	0.241163	0.276385	0.276385	0.276385	
na	na	na	na	na	
na	na	na	na	na	
na	na	0.276385	0.276385	0.276385	
na	na	na	0.276385	0.205853	
na	na	na	na	na	
na	na	na	0.276385	0.276385	
na	na	0.276385	na	na	
na	0.186339	na	na	na	
na	na	na	na	na	
na	na	na	na	na	
na	0.276385	na	na	na	
na	na	na	na	0.276385	
na	na	na	na	na	
na	na	0.276385	na	na	
na	na	na	na	0.276385	
na	na	na	na	na	
na	na	na	0.276385	na	
0.204545	na	na	0.276385	0.276385	
na	na	na	na	na	
na	na	na	na	na	
na	na	na	na	na	
na	na	na	na	na	
na	na	0.256158	0.123184	0.197557	
na	na	na	na	0.276385	
na	na	na	na	na	
na	na	na	na	na	
na	na	na	0.276385	0.276385	
na	na	na	na	na	
na	na	na	na	na	
na	na	na	na	na	
na	na	na	na	na	
na	na	na	na	na	
na	na	na	0.242424	0.242424	
na	na	na	0.276385	0.276385	
na	na	na	na	na	
na	na	na	0.276385	0.247436	
na	na	na	0.276385	0.276385	
na	na	0.259156	0.276385	0.276385	
na	na	0.276385	na	na	
na	0.276385	0.276385	na	0.204545	
na	na	na	na	0.276385	
na	na	na	na	na	
na	na	0.276385	0.276385	na	
na	na	0.151515	na	0.276385	
na	na	na	na	na	
na	na	na	0.186339	0.204545	
na	na	na	na	na	
na	na	0.276385	na	na	
na	na	na	0.276385	0.276385	
na	na	na	na	na	
na	na	na	na	na	
na	na	na	na	na	
na	na	na	na	na	
0.204545	na	0.276385	na	na	
na	0.204545	na	na	na	
na	na	na	na	na	
na	na	na	na	na	
na	na	na	na	0.151515	
na	na	0.276385	0.204545	na	
na	na	na	0.151515	na	
0.276385	na	na	0.276385	na	
na	na	na	na	na	
na	na	na	na	na	
na	na	na	na	na	
na	0.276385	na	na	na	
na	na	na	na	na	
na	na	na	0.276385	na	
na	na	na	na	na	
na	na	na	na	na	
na	na	na	na	0.276385	
na	na	na	na	na	
na	na	na	0.276385	0.276385	
na	na	0.276385	na	na	
na	na	0.276385	0.276385	na	
na	na	na	na	na	
na	na	0.276385	0.276385	0.276385	
na	na	na	na	na	
na	na	na	na	na	
na	na	0.151515	na	na	
na	0.276385	na	na	na	
na	0.276385	na	na	na	
na	na	0.151515	na	na	
na	na	na	0.276385	0.276385	
na	na	na	na	na	
0.276385	na	na	na	na	
0.186339	na	na	na	0.276385	
na	na	na	na	na	
na	na	0.276385	na	na	
na	na	na	0.242424	0.242424	
na	na	na	na	na	
na	na	na	na	na	
na	na	na	na	na	
na	na	0.276385	na	na	
na	na	0.204545	0.204545	0.184393	
na	na	na	na	na	
na	na	na	0.276385	na	
na	na	0.151515	0.151515	0.151515	
na	na	na	0.276385	na	
0.276385	na	na	na	na	
na	na	0.276385	0.276385	0.276385	
0.276385	0.276385	na	na	na	
na	na	na	na	na	
na	na	na	na	na	
na	na	na	na	na	
na	na	na	na	na	
na	na	na	0.276385	na	
0.276385	0.276385	0.276385	na	na	
na	na	na	0.276385	0.276385	
na	na	0.276385	na	na	
na	na	na	na	0.276385	
na	na	na	na	na	
na	na	na	na	na	
na	na	na	na	na	
na	na	0.190759	0.135195	0.19442	
0.276385	0.276385	na	na	na	
na	na	0.276385	na	na	
na	na	na	na	na	
na	na	na	na	na	
na	na	na	na	na	
na	na	na	na	na	
na	na	0.276385	0.276385	0.222985	
na	na	0.151515	0.151515	0.151515	
na	na	na	na	na	
na	na	na	na	na	
na	na	na	na	na	
