ZengE[0]	ZengE[1]	ZengE[2]	ZengE[3]	ZengE[4]	
na	na	-0.90177	0.498002	-2.00688	
na	-0.90177	na	na	na	
na	na	na	na	na	
na	na	na	na	na	
na	na	-0.90177	na	na	
na	na	na	na	na	
na	na	na	na	na	
na	na	-0.90177	na	na	
na	na	na	na	na	
na	na	na	-0.90177	na	
na	na	na	na	na	
na	na	na	na	na	
na	na	-0.90177	na	na	
na	na	na	na	-1.23351	
na	na	-0.90177	na	na	
na	na	na	-0.533325	1.10045	
na	na	na	na	na	
na	na	na	na	3.37208	
na	na	na	na	na	
na	na	na	na	na	
na	-0.90177	na	na	na	
na	na	na	1.22465	-0.90177	
na	na	na	na	-0.90177	
na	na	3.10552	2.60333	2.49602	
na	na	na	na	na	
na	na	na	-0.90177	na	
-0.90177	na	na	na	na	
na	na	-0.90177	0.413719	1.9087	
na	na	-0.90177	3.24072	1.9087	
na	na	na	na	na	
na	na	na	na	na	
na	na	na	na	na	
na	-0.90177	na	na	na	
na	na	-0.90177	na	na	
na	-0.90177	na	na	na	
na	na	na	na	na	
na	na	na	na	na	
na	na	-0.90177	na	na	
na	na	-0.90177	-0.90177	-0.90177	
na	na	-0.90177	na	na	
na	na	na	na	na	
na	na	1.9087	1.10045	2.53735	
na	na	0.877997	2.9707	0.679798	
na	na	na	na	-0.90177	
na	na	na	na	na	
4.07695	-0.0885571	na	-0.90177	na	
na	na	na	2.57314	2.36773	
na	na	-1.46429	na	na	
na	na	-0.90177	na	na	
na	na	na	na	na	
na	na	na	na	-0.90177	
na	na	na	na	na	
na	na	na	na	na	
na	na	na	na	na	
na	na	na	-1.23351	na	
na	na	na	-0.90177	na	
na	na	na	na	na	
na	na	na	na	na	
na	na	-0.90177	na	na	
na	na	na	4.07695	1.48118	
na	na	na	na	na	
na	na	na	na	-1.46429	
na	na	-0.90177	na	na	
na	na	0.111172	2.94252	0.745594	
na	na	na	na	na	
na	na	3.61967	2.49629	1.03528	
na	na	-0.90177	-1.23351	na	
-1.23351	2.51075	na	na	na	
na	na	na	na	na	
na	na	na	na	na	
na	na	2.22987	1.99877	3.61967	
na	-0.219265	na	na	0.498002	
na	na	na	na	na	
na	na	na	na	na	
na	na	-0.90177	na	na	
na	na	na	-0.90177	4.5713	
na	na	na	na	na	
na	na	na	na	na	
na	na	na	na	-0.90177	
na	na	-0.90177	na	na	
na	na	na	-0.112999	3.01801	
na	-0.0885571	2.49629	2.20825	2.57314	
na	na	na	na	na	
na	na	-0.90177	na	na	
na	na	-0.90177	1.15092	2.01825	
na	na	na	na	na	
na	na	na	na	na	
na	na	na	na	na	
na	na	na	na	na	
na	na	-0.90177	1.42192	3.58802	
na	na	na	na	na	
-1.46429	na	na	na	na	
na	na	na	na	na	
na	na	na	na	na	
na	na	-0.90177	na	na	
na	na	na	na	na	
na	na	na	-0.90177	na	
na	na	na	na	na	
na	na	na	2.14933	1.09573	
na	na	na	na	-0.90177	
na	na	na	na	na	
na	-0.90177	2.41236	0.86553	na	
na	na	na	-0.90177	na	
na	na	-0.90177	na	3.30785	
na	na	na	na	na	
na	na	-1.23351	na	1.86899	
-1.23351	-0.90177	na	na	na	
na	na	0.991826	-0.717928	3.62447	
na	na	na	na	na	
1.69951	na	-0.90177	na	-1.09487	
na	na	na	na	na	
na	na	-0.90177	1.06019	1.35641	
na	na	na	na	na	
na	-0.90177	-0.90177	na	na	
na	na	-0.90177	na	na	
na	-0.90177	3.82738	2.22987	-0.0885571	
na	na	na	na	-0.90177	
na	na	na	na	na	
na	na	na	na	na	
na	na	na	na	na	
na	na	-0.90177	na	na	
na	na	na	na	na	
na	na	na	na	na	
na	-1.23351	na	na	na	
na	na	na	na	na	
na	na	na	na	na	
na	na	na	na	na	
na	na	na	na	-0.90177	
na	na	na	na	na	
-0.90177	na	na	na	-1.00012	
na	na	na	na	na	
na	na	na	na	na	
na	na	na	na	na	
na	3.01801	4.03244	3.27985	0.162987	
na	na	na	-0.90177	na	
na	na	na	na	na	
na	na	na	na	-1.23351	
na	na	-0.90177	na	-0.90177	
na	na	na	na	na	
na	na	na	na	na	
na	na	na	na	na	
na	na	-1.46429	1.9087	2.39451	
na	na	na	na	na	
na	na	na	na	-0.90177	
na	na	na	na	na	
na	na	3.24072	1.46473	1.24792	
na	na	1.42019	na	-0.90177	
na	na	na	1.10045	-1.23351	
na	na	na	na	na	
na	-0.90177	-0.90177	na	na	
na	na	-0.90177	na	na	
na	na	na	na	na	
na	na	na	na	na	
na	na	na	na	3.43441	
na	na	-0.90177	-0.90177	na	
na	na	na	na	na	
na	na	na	na	na	
na	na	na	na	-0.560518	
na	na	na	na	-0.90177	
na	na	na	na	na	
na	na	na	na	na	
na	na	na	na	na	
na	na	na	na	na	
na	na	-0.90177	-0.90177	-0.90177	
na	na	na	na	-0.90177	
1.10045	na	na	na	na	
na	na	na	na	na	
na	na	na	na	na	
na	na	na	na	na	
na	-0.90177	na	na	0.463239	
3.69445	3.24072	na	na	na	
na	na	na	na	na	
na	na	na	na	na	
na	-0.90177	na	na	na	
na	na	na	na	na	
na	na	na	na	na	
na	-0.90177	na	na	-0.90177	
na	na	na	na	na	
na	-0.90177	na	na	na	
na	na	-0.90177	na	na	
na	na	2.90102	3.61967	1.86899	
na	na	na	na	na	
na	na	1.46473	0.917148	0.162987	
na	-0.90177	na	1.86604	-0.766722	
na	na	na	na	na	
na	-0.90177	na	0.382789	1.10045	
na	na	na	na	na	
-0.90177	na	na	2.2567	1.45765	
na	na	na	na	na	
na	na	-0.90177	na	na	
na	na	na	1.73643	0.820817	
na	na	na	-0.90177	-0.90177	
-0.90177	na	na	na	na	
na	na	na	2.33285	4.22119	
na	na	na	na	na	
na	na	na	na	na	
na	na	na	na	na	
na	na	na	na	na	
na	na	na	na	na	
na	na	na	na	na	
na	na	na	na	na	
na	na	na	na	na	
-0.112999	na	na	na	na	
na	na	na	na	na	
na	na	0.382789	na	0.382789	
na	na	na	na	na	
na	na	na	na	na	
na	na	-0.90177	2.51075	0.877997	
na	-0.90177	na	na	na	
-0.90177	3.69445	-0.90177	na	na	
na	na	na	na	na	
na	na	na	-0.90177	na	
na	na	na	na	na	
na	na	na	-0.90177	na	
na	na	-0.90177	-0.90177	na	
na	na	na	na	na	
na	na	na	na	na	
na	na	na	na	na	
-0.90177	na	na	-0.90177	na	
na	na	na	1.14574	na	
na	na	na	na	na	
1.67574	na	na	na	na	
na	na	na	na	na	
na	na	na	na	na	
na	na	na	na	na	
na	na	na	na	na	
na	-0.90177	-1.23351	na	na	
na	-0.90177	na	na	-0.90177	
na	na	na	-0.90177	na	
na	na	na	na	na	
na	na	na	na	na	
na	na	2.90102	1.36338	1.15092	
na	na	na	na	na	
0.567841	2.51075	na	na	na	
na	na	na	na	na	
na	na	na	na	na	
na	na	na	-0.90177	na	
na	na	na	-0.90177	na	
na	-0.90177	na	na	na	
na	-0.90177	-0.90177	-0.90177	na	
na	na	na	na	na	
na	na	na	na	na	
na	na	-0.90177	2.51075	na	
na	na	na	na	na	
na	na	na	na	na	
na	na	na	1.99816	1.10045	
na	na	-0.90177	-0.90177	na	
na	na	-0.90177	na	na	
na	na	na	na	na	
na	na	-0.90177	na	na	
na	-0.90177	na	na	1.46473	
na	-0.90177	2.89852	2.66179	1.15092	
na	na	na	na	na	
na	na	na	na	na	
3.43441	2.22987	na	na	na	
na	na	na	na	na	
na	-0.90177	na	-0.90177	na	
na	na	na	-0.90177	na	
na	na	na	na	na	
na	na	na	na	na	
na	na	-0.90177	2.1695	1.46865	
-0.90177	na	na	na	na	
1.10045	na	na	na	-0.90177	
na	na	na	1.99877	1.65842	
na	na	na	na	na	
na	na	-1.23351	na	na	
na	na	na	na	na	
-1.23351	na	na	na	na	
na	na	na	na	na	
na	na	na	-0.90177	na	
3.0923	0.841842	na	na	na	
na	na	3.0032	2.70735	1.43326	
na	na	na	na	na	
na	na	na	na	-0.90177	
na	na	na	na	na	
na	na	na	0.303077	-0.90177	
na	na	na	-0.90177	na	
-0.90177	3.30785	3.2397	1.46473	-0.90177	
na	na	na	na	na	
na	na	na	-0.560518	2.2567	
na	na	na	na	na	
na	na	na	na	na	
na	na	na	na	na	
na	-0.90177	na	na	na	
na	-0.90177	na	na	na	
na	-0.90177	na	na	na	
na	na	na	na	na	
na	na	na	na	na	
na	-0.90177	2.89186	1.46473	2.51075	
na	na	na	na	na	
na	na	na	na	na	
na	na	na	na	na	
na	na	-1.23351	1.36889	0.955678	
3.43441	na	-0.90177	-0.90177	na	
na	na	-0.90177	na	na	
na	na	na	na	na	
na	na	-0.90177	na	-0.90177	
na	na	na	na	na	
-0.90177	na	na	na	na	
na	na	na	na	na	
na	na	na	na	-0.90177	
na	na	na	na	-0.90177	
na	na	na	2.845	4.59713	
2.51075	na	na	na	na	
na	-0.90177	na	na	3.41778	
na	na	na	na	na	
na	na	na	na	na	
na	na	na	na	na	
na	na	na	na	na	
na	na	na	na	na	
na	na	na	na	na	
na	-0.90177	na	na	na	
na	-0.90177	na	na	na	
na	na	na	na	na	
na	na	na	na	-0.90177	
na	na	na	na	-0.90177	
na	na	na	-0.90177	na	
na	na	na	na	na	
na	na	na	na	-0.90177	
na	na	na	na	na	
na	na	na	na	na	
1.46473	-0.703507	-0.127085	0.382789	2.8699	
na	-0.90177	na	2.48624	1.69951	
0.498002	-0.90177	na	na	na	
na	na	na	na	-0.90177	
na	na	-0.90177	na	na	
1.10045	na	na	na	na	
na	na	na	0.121987	na	
na	na	na	na	na	
na	na	na	na	na	
na	na	na	na	na	
na	na	na	na	na	
na	na	na	na	-0.90177	
na	na	na	na	na	
na	na	1.69951	3.40816	3.51119	
na	na	na	-0.90177	na	
na	na	na	na	na	
na	na	na	2.8699	1.9976	
na	na	na	na	na	
na	na	-0.90177	na	na	
na	na	na	na	na	
-0.90177	-0.90177	na	-0.90177	na	
na	-0.90177	na	na	na	
na	na	na	na	na	
na	na	na	na	na	
na	na	-0.90177	na	na	
na	na	na	na	na	
na	na	na	na	na	
na	1.69951	-1.23351	na	na	
na	na	na	na	2.26841	
na	-0.90177	2.34284	0.2221	3.15657	
na	na	na	na	1.31099	
na	na	na	na	na	
na	na	na	na	na	
na	na	na	-0.90177	na	
na	na	-0.90177	na	na	
na	na	na	na	1.65616	
na	na	0.463239	na	na	
na	na	2.6789	4.27108	1.79601	
na	na	-0.90177	na	na	
na	na	na	na	na	
na	na	na	na	na	
na	na	na	na	na	
na	na	na	na	na	
-0.90177	na	na	na	na	
na	na	-0.90177	na	na	
na	na	0.461846	-0.112999	2.90102	
na	na	1.6401	-1.03575	0.232726	
na	na	-0.90177	1.9087	4.17362	
na	na	na	2.85999	1.46473	
2.845	2.33285	3.10552	1.48118	3.24072	
na	na	na	na	na	
na	na	na	na	na	
na	na	na	na	na	
na	na	na	na	na	
na	na	na	-0.90177	na	
na	na	na	na	-0.90177	
na	na	na	na	-0.90177	
-0.90177	-0.90177	na	na	na	
na	na	na	-0.90177	na	
na	na	na	na	na	
na	na	na	na	na	
na	na	na	na	na	
na	na	-0.90177	na	na	
na	na	na	3.41778	0.402017	
na	na	na	na	na	
na	na	na	na	2.51075	
na	na	-0.90177	na	na	
na	na	1.28005	1.03528	1.67499	
na	na	na	na	-0.560518	
na	na	na	na	na	
na	na	na	na	na	
na	na	na	-0.90177	na	
na	na	na	na	na	
na	na	na	na	na	
na	na	na	na	na	
na	na	na	-0.90177	2.90102	
-0.90177	na	na	na	na	
na	na	na	-0.90177	na	
na	na	na	na	na	
-0.90177	na	na	na	na	
na	na	-0.90177	na	na	
na	-0.90177	-0.90177	-0.90177	-0.90177	
na	na	na	na	na	
na	na	na	na	na	
na	na	na	na	na	
na	na	na	na	na	
na	0.382789	na	na	na	
na	na	na	na	na	
-0.90177	na	na	na	na	
na	na	na	na	na	
na	na	na	na	na	
na	na	na	na	na	
na	na	na	na	na	
na	na	na	na	na	
na	na	na	na	na	
na	na	-0.90177	-0.90177	na	
na	na	na	na	na	
0.498002	na	na	-0.90177	2.8699	
3.24072	-1.23351	na	na	na	
na	na	na	na	na	
na	na	na	-0.90177	na	
na	na	na	na	na	
na	na	na	na	na	
4.22119	-0.90177	na	na	-0.90177	
na	na	na	na	1.46473	
na	na	2.33285	3.09179	0.567841	
na	na	3.61967	2.87749	1.9087	
na	na	-1.23351	na	na	
na	na	na	na	na	
na	-0.90177	na	na	na	
na	na	na	na	na	
na	na	0.86553	-0.0885571	-1.23351	
na	na	na	na	na	
na	na	na	na	na	
na	na	na	na	-0.90177	
na	na	na	-0.90177	na	
na	na	na	na	na	
na	na	na	2.9774	2.13328	
na	na	na	na	na	
na	na	na	2.08061	0.615935	
na	na	na	na	na	
na	na	na	na	na	
na	na	na	na	na	
na	-0.90177	na	na	na	
na	na	na	na	na	
na	na	na	na	na	
na	na	na	na	na	
na	na	na	na	na	
na	na	-0.90177	na	na	
na	na	1.01697	na	3.43441	
na	na	-0.90177	na	-0.90177	
na	na	na	na	na	
na	na	na	na	na	
0.917148	na	na	na	na	
na	na	na	na	na	
na	na	0.498002	1.48118	na	
na	na	na	na	na	
na	na	1.10045	1.86899	1.09573	
na	na	2.4694	2.50214	2.3164	
na	na	na	na	na	
na	na	na	na	2.57314	
na	na	-0.90177	na	na	
na	na	na	na	na	
na	na	na	na	na	
0.646895	0.877997	na	na	na	
na	na	na	na	na	
na	na	na	na	na	
na	-0.90177	na	na	na	
na	na	na	na	na	
na	na	na	na	na	
na	na	na	na	na	
na	na	na	na	na	
na	na	na	na	na	
na	na	na	na	na	
na	na	na	na	2.20825	
na	na	na	na	na	
na	-0.90177	0.756494	1.46473	1.94723	
na	na	na	na	na	
na	na	-0.90177	na	na	
-0.90177	na	na	na	na	
na	na	na	na	na	
na	na	na	1.10045	2.45155	
na	-0.90177	na	na	na	
na	na	na	na	na	
na	na	na	na	na	
na	na	-0.90177	1.32049	3.10264	
na	na	na	na	na	
na	na	na	na	na	
1.10045	na	na	na	na	
na	na	na	na	-1.23351	
na	na	-0.90177	1.65726	2.49629	
na	na	na	na	na	
na	na	na	3.76452	4.58313	
na	na	1.24792	3.166	-0.0885571	
na	na	na	na	na	
na	na	na	na	na	
na	na	na	na	-0.90177	
na	na	na	3.01801	1.46473	
na	na	na	na	na	
na	na	na	na	na	
na	na	na	na	-0.560518	
na	na	-0.90177	na	na	
na	na	2.22987	3.41778	2.84876	
na	na	na	na	na	
na	na	na	na	-0.0885571	
na	na	1.15166	2.22934	2.22987	
na	na	na	na	na	
na	na	na	-0.90177	na	
na	-0.90177	-0.90177	na	na	
na	na	na	3.79465	4.83605	
na	-0.90177	na	na	na	
na	na	na	na	na	
na	na	-0.90177	na	2.51075	
na	na	na	na	na	
-0.90177	na	na	na	na	
na	na	na	na	na	
na	na	na	na	na	
na	na	na	na	na	
na	na	na	na	na	
na	na	na	-0.90177	na	
na	na	na	na	na	
na	na	na	1.06013	1.46473	
na	na	na	na	-0.90177	
na	na	na	na	na	
na	na	na	-0.90177	na	
na	-0.90177	na	na	na	
na	na	na	na	na	
na	na	3.43441	0.0738008	4.07695	
na	na	-0.90177	na	na	
na	na	na	na	na	
na	na	na	na	na	
na	na	na	3.61967	1.99877	
na	-0.90177	na	na	na	
-0.90177	na	1.35896	0.861462	2.39451	
na	na	2.4456	-0.584938	2.9774	
na	na	na	na	na	
na	na	1.06013	-0.127085	2.18632	
na	na	na	na	na	
na	na	na	na	na	
na	na	na	na	na	
na	na	na	na	na	
na	na	na	-0.90177	na	
na	na	na	na	na	
na	na	-1.23351	na	na	
na	na	1.19845	3.29081	3.29081	
na	na	na	na	1.10045	
na	na	na	na	na	
na	na	na	na	na	
na	na	na	0.0227583	-0.90177	
na	na	na	na	na	
na	na	na	-0.90177	na	
na	na	na	na	na	
na	na	na	na	-0.90177	
na	na	-0.90177	na	na	
na	-0.90177	na	na	-1.23351	
1.99877	1.86045	-0.90177	na	na	
na	na	na	na	-0.90177	
na	na	-0.90177	-0.90177	na	
na	na	2.88484	3.87426	-0.127085	
-0.90177	na	na	na	na	
na	na	na	na	-0.90177	
na	-0.90177	1.62234	2.84661	3.19657	
na	na	na	na	na	
na	na	na	na	na	
na	na	na	na	na	
na	-0.90177	na	na	2.33285	
na	na	na	na	na	
na	na	na	na	-1.23351	
na	na	na	na	na	
na	na	2.91623	2.41236	1.42495	
4.07695	na	na	na	na	
na	na	na	na	na	
na	na	3.24621	3.21396	1.10045	
na	na	-0.90177	na	0.382789	
na	na	na	na	-0.90177	
na	na	na	-0.90177	2.08145	
na	na	na	-0.90177	na	
na	na	na	-1.25883	-1.90502	
na	na	-0.90177	na	na	
na	na	na	na	na	
na	na	na	na	na	
na	na	na	-0.90177	na	
na	na	na	na	na	
na	-1.23351	-0.90177	na	na	
na	na	na	na	na	
na	na	na	-0.90177	-0.434115	
na	na	na	na	na	
2.10198	na	na	0.877997	3.19657	
1.24792	0.498002	na	na	na	
na	na	na	na	0.651406	
na	na	na	na	na	
na	na	na	na	na	
na	na	na	na	na	
na	na	na	na	na	
na	na	na	1.60575	2.18632	
na	na	na	na	na	
na	na	na	na	na	
na	na	na	na	na	
na	na	na	na	na	
na	na	na	na	na	
na	na	-0.90177	na	na	
na	na	na	na	na	
na	na	na	na	na	
na	na	na	na	na	
na	na	na	na	na	
na	na	na	na	na	
na	na	na	na	na	
na	na	na	-0.90177	na	
na	na	na	na	na	
na	na	na	1.48118	-0.90177	
na	na	na	-0.90177	na	
na	na	na	0.861462	2.51075	
na	na	na	na	na	
na	na	-0.90177	na	na	
na	na	-0.90177	-0.90177	na	
na	na	na	na	na	
na	na	na	na	na	
na	-0.90177	na	na	na	
na	na	-1.23351	na	na	
na	-0.90177	na	na	na	
na	-0.90177	na	na	na	
na	na	na	na	na	
na	na	na	na	na	
na	na	na	na	na	
-0.90177	na	na	na	na	
na	na	2.48624	2.84661	-1.78538	
-0.90177	na	na	na	na	
na	na	na	na	na	
na	na	-0.90177	-0.90177	na	
na	-0.90177	na	na	na	
na	na	na	na	na	
na	na	-0.112999	1.58496	3.01801	
na	na	na	na	na	
na	na	na	na	na	
na	na	2.22987	2.29064	-0.0539997	
na	na	na	na	na	
na	na	na	-0.90177	na	
na	na	na	na	na	
na	na	na	na	na	
-1.23351	-0.90177	-0.90177	na	na	
na	na	-0.90177	na	na	
na	na	na	0.395454	1.65842	
na	na	na	na	na	
na	na	na	na	na	
na	na	na	na	na	
na	na	na	na	-0.219265	
na	na	na	-0.560518	na	
na	na	na	-0.90177	na	
na	na	na	na	na	
na	na	na	na	-0.90177	
na	na	na	na	na	
na	-0.90177	-0.90177	-0.90177	na	
na	-0.90177	-0.90177	na	na	
na	na	-0.90177	na	na	
na	na	na	na	na	
na	na	-0.90177	na	na	
na	na	na	na	na	
na	na	-0.90177	na	na	
na	na	na	na	na	
-1.46429	na	na	0.2221	-1.02053	
na	na	na	na	na	
na	na	na	na	na	
na	na	na	na	na	
na	na	na	na	na	
na	-0.90177	na	na	na	
na	na	na	na	na	
na	na	na	na	na	
na	na	na	na	na	
na	na	na	na	na	
na	na	na	na	na	
na	na	na	3.34262	-0.434115	
na	na	na	na	na	
na	na	na	na	na	
na	na	na	na	na	
na	na	0.303077	2.51075	0.718369	
na	na	na	na	na	
na	na	na	-1.23351	na	
na	na	na	na	na	
na	-0.90177	na	na	na	
2.90102	na	0.862352	na	na	
na	na	na	na	na	
na	-0.90177	na	na	na	
na	na	2.63226	0.498002	2.26841	
na	na	na	na	na	
na	na	na	na	na	
na	na	na	-0.90177	na	
na	na	na	na	-0.90177	
-0.90177	-0.90177	na	2.22987	0.303077	
na	na	na	na	na	
na	na	na	na	na	
na	na	na	na	-0.90177	
na	na	na	na	na	
na	na	na	na	na	
na	na	na	na	na	
na	na	na	na	-0.90177	
na	na	na	na	na	
na	na	3.58802	0.498002	1.99877	
na	na	na	na	na	
na	na	na	na	na	
na	na	na	na	na	
na	na	na	na	na	
na	na	na	na	na	
na	na	2.51075	2.845	3.61967	
na	na	na	na	na	
na	na	-0.90177	na	na	
na	-0.90177	na	na	na	
na	na	na	na	na	
na	na	-0.90177	na	na	
na	na	na	na	na	
na	na	na	na	na	
na	na	na	na	na	
na	na	na	-0.90177	na	
na	-0.90177	na	na	na	
na	na	na	na	na	
na	-0.90177	2.51075	na	na	
na	na	-0.90177	na	na	
na	-0.90177	na	-0.90177	na	
na	-0.90177	1.86899	1.91249	2.87749	
-0.90177	na	na	na	na	
na	-0.90177	na	na	na	
na	-0.90177	0.567841	na	2.51075	
na	na	na	na	na	
2.85999	-0.90177	-0.90177	-0.90177	na	
na	-0.90177	na	-0.90177	na	
na	-0.90177	na	na	na	
na	na	-0.90177	na	na	
na	na	na	na	na	
na	na	na	na	na	
na	na	na	na	na	
na	na	na	na	na	
na	na	na	na	na	
na	na	na	-0.90177	na	
na	-0.90177	na	na	-0.90177	
na	na	-0.90177	na	na	
na	na	na	na	na	
na	na	na	2.22987	1.65726	
na	na	na	na	na	
na	na	na	na	na	
na	na	na	na	na	
na	na	na	3.32984	2.65938	
na	na	na	na	na	
na	na	na	na	na	
na	na	na	na	na	
na	na	na	na	na	
na	na	na	na	na	
na	na	na	na	na	
na	na	na	na	na	
na	na	na	na	na	
na	na	na	na	4.07695	
na	na	-0.560518	na	na	
na	na	-0.90177	na	na	
na	-0.90177	-0.90177	na	na	
na	na	-0.90177	0.86553	3.19657	
na	na	1.66641	3.70311	3.43441	
na	na	-0.90177	na	na	
na	-0.90177	na	-0.90177	na	
na	na	na	na	-0.90177	
na	-0.90177	na	na	-0.90177	
na	na	na	na	na	
na	na	na	na	na	
na	-0.90177	-0.90177	na	na	
1.86899	na	1.79668	0.0852003	na	
na	na	na	na	-0.90177	
na	-0.90177	na	na	-0.90177	
na	na	na	na	na	
na	na	na	na	na	
na	na	4.5713	1.5159	0.424647	
na	-0.90177	na	na	na	
na	-0.90177	na	na	na	
na	na	na	-0.90177	na	
na	na	na	na	na	
na	na	na	-0.90177	na	
na	na	na	na	na	
na	na	-0.90177	na	na	
na	na	na	na	na	
na	na	-1.23351	na	na	
na	na	na	na	0.461846	
na	na	na	na	na	
na	-0.90177	na	na	na	
na	na	na	na	-0.90177	
na	na	na	na	na	
na	na	-0.560518	na	na	
na	na	-1.23351	na	3.43441	
na	na	3.01801	0.860642	0.0738008	
na	na	na	-0.560518	na	
na	na	na	na	na	
na	na	na	na	-0.90177	
na	na	0.567497	2.30027	-0.583356	
na	na	na	na	na	
na	na	na	-0.560518	-0.90177	
na	na	3.09179	3.48488	2.57314	
na	na	na	na	na	
-0.90177	na	na	na	na	
na	na	-0.90177	na	na	
na	na	-0.90177	na	-0.90177	
na	na	na	na	na	
na	na	na	-0.90177	na	
na	na	na	na	na	
na	-0.90177	2.74758	2.2567	2.86228	
na	na	-0.90177	na	-0.90177	
na	na	na	na	na	
na	na	na	na	na	
-0.90177	na	0.567841	0.86553	2.39451	
na	-0.90177	na	na	na	
na	-0.90177	-0.90177	na	na	
na	na	na	na	na	
na	-0.90177	na	-0.90177	na	
na	na	na	na	na	
na	na	na	na	-0.90177	
na	na	na	na	na	
na	na	0.867052	2.51606	0.745594	
na	na	na	na	-0.90177	
na	na	na	na	na	
-0.90177	na	na	na	na	
na	na	na	na	na	
na	na	na	na	na	
na	na	na	na	na	
na	na	-0.90177	na	na	
na	na	-0.90177	na	na	
na	na	na	0.382789	-1.104	
-0.90177	na	na	na	na	
1.15092	0.382789	na	-0.90177	na	
na	na	-0.90177	na	na	
na	na	4.05497	0.498002	1.10045	
na	na	-0.90177	na	na	
na	na	na	na	-0.90177	
na	na	1.69951	3.41778	4.87861	
na	na	na	na	na	
na	na	na	1.42192	2.49629	
na	na	na	na	na	
na	-0.90177	na	na	na	
na	na	-0.90177	na	-0.90177	
na	-0.90177	na	na	na	
na	na	na	na	na	
na	na	-0.90177	na	na	
na	na	na	na	na	
na	-0.90177	na	na	na	
na	na	na	na	na	
na	na	na	na	na	
na	-0.90177	2.95019	3.48488	3.43441	
na	na	na	na	na	
na	na	na	na	na	
na	na	na	na	na	
na	na	na	na	na	
na	na	na	-0.921945	2.51075	
na	na	na	na	na	
na	na	na	na	na	
1.10045	-0.434115	na	na	na	
na	na	na	na	2.3164	
na	na	na	na	na	
na	-0.90177	na	na	na	
na	na	na	na	na	
na	na	na	na	na	
na	na	na	na	na	
-0.90177	na	na	na	na	
-0.0885571	na	2.90102	1.45765	2.20723	
na	na	na	na	na	
na	na	na	na	na	
na	na	na	na	na	
-0.90177	na	na	na	na	
na	na	na	na	na	
na	na	-0.90177	na	na	
na	na	3.69445	0.13289	2.10198	
0.382789	-0.90177	-0.90177	-0.90177	na	
na	na	na	na	na	
na	na	na	na	na	
na	na	na	na	na	
na	-0.90177	na	na	na	
na	na	na	na	na	
na	na	na	na	na	
na	na	na	1.67574	2.08355	
na	na	na	na	na	
na	na	na	na	na	
-0.0885571	2.85999	1.35896	0.303077	-0.0885571	
na	na	na	na	na	
na	na	na	na	na	
na	na	-0.90177	-0.90177	2.51075	
na	na	na	3.01801	1.24792	
na	na	na	na	na	
na	na	na	2.10198	0.162987	
na	na	-0.90177	na	na	
na	-1.23351	na	na	na	
na	na	na	na	na	
na	na	na	na	na	
na	-0.90177	na	na	na	
na	na	na	na	-0.90177	
na	na	na	na	na	
na	na	-0.90177	na	na	
na	na	na	na	3.45327	
na	na	na	na	na	
na	na	na	-0.90177	na	
-0.219265	na	na	-0.90177	1.15092	
na	na	na	na	na	
na	na	na	na	na	
na	na	na	na	na	
na	na	na	na	na	
na	na	1.83387	2.4251	0.175643	
na	na	na	na	-0.90177	
na	na	na	na	na	
na	na	na	na	na	
na	na	na	3.93588	1.48118	
na	na	na	na	na	
na	na	na	na	na	
na	na	na	na	na	
na	na	na	na	na	
na	na	na	na	na	
na	na	na	0.121987	2.21147	
na	na	na	-1.23351	-0.0885571	
na	na	na	na	na	
na	na	na	2.26841	0.202506	
na	na	na	-0.90177	-0.90177	
na	na	0.860642	1.36338	3.31814	
na	na	-0.90177	na	na	
na	-0.90177	-0.90177	na	2.75985	
na	na	na	na	-0.90177	
na	na	na	na	na	
na	na	-0.90177	-0.90177	na	
na	na	-0.560518	na	-0.90177	
na	na	na	na	na	
na	na	na	-1.23351	1.5159	
na	na	na	na	na	
na	na	-0.90177	na	na	
na	na	na	1.9087	0.917148	
na	na	na	na	na	
na	na	na	na	na	
na	na	na	na	na	
na	na	na	na	na	
-0.219265	na	-0.90177	na	na	
na	-0.219265	na	na	na	
na	na	na	na	na	
na	na	na	na	na	
na	na	na	na	-0.560518	
na	na	-0.90177	-0.219265	na	
na	na	na	-0.560518	na	
2.51075	na	na	-0.90177	na	
na	na	na	na	na	
na	na	na	na	na	
na	na	na	na	na	
na	-0.90177	na	na	na	
na	na	na	na	na	
na	na	na	-0.90177	na	
na	na	na	na	na	
na	na	na	na	na	
na	na	na	na	-0.90177	
na	na	na	na	na	
na	na	na	1.10045	1.24792	
na	na	-0.90177	na	na	
na	na	-0.90177	-0.90177	na	
na	na	na	na	na	
na	na	3.71481	2.86228	2.74758	
na	na	na	na	na	
na	na	na	na	na	
na	na	-0.560518	na	na	
na	-0.90177	na	na	na	
na	-0.90177	na	na	na	
na	na	-0.560518	na	na	
na	na	na	2.845	3.89685	
na	na	na	na	na	
-0.90177	na	na	na	na	
-1.23351	na	na	na	-0.90177	
na	na	na	na	na	
na	na	-0.90177	na	na	
na	na	na	1.84584	1.29945	
na	na	na	na	na	
na	na	na	na	na	
na	na	na	na	na	
na	na	-0.90177	na	na	
na	na	2.9715	2.75985	2.57718	
na	na	na	na	na	
na	na	na	-0.90177	na	
na	na	2.96762	3.94108	2.66179	
na	na	na	-0.90177	na	
-0.90177	na	na	na	na	
na	na	1.09573	1.46473	1.9087	
3.43441	2.22987	na	na	na	
na	na	na	na	na	
na	na	na	na	na	
na	na	na	na	na	
na	na	na	na	na	
na	na	na	-0.90177	na	
-0.90177	1.10045	-0.90177	na	na	
na	na	na	2.84661	3.69445	
na	na	-0.90177	na	na	
na	na	na	na	-0.90177	
na	na	na	na	na	
na	na	na	na	na	
na	na	na	na	na	
na	na	-0.544767	2.87279	0.760765	
-0.90177	-0.90177	na	na	na	
na	na	-0.90177	na	na	
na	na	na	na	na	
na	na	na	na	na	
na	na	na	na	na	
na	na	na	na	na	
na	na	3.87798	1.10045	3.61967	
na	na	1.83724	0.738304	2.30318	
na	na	na	na	na	
na	na	na	na	na	
na	na	na	na	na	
