FD[0]	FD[1]	FD[2]	FD[3]	FD[4]	
na	na	-1.42122	-1.41456	-2.94617	
na	-1.42122	na	na	na	
na	na	na	na	na	
na	na	na	na	na	
na	na	-1.42122	na	na	
na	na	na	na	na	
na	na	na	na	na	
na	na	-1.42122	na	na	
na	na	na	na	na	
na	na	na	-1.42122	na	
na	na	na	na	na	
na	na	na	na	na	
na	na	-1.42122	na	na	
na	na	na	na	-1.91219	
na	na	-1.42122	na	na	
na	na	na	-0.482752	-0.482752	
na	na	na	na	na	
na	na	na	na	-0.378317	
na	na	na	na	na	
na	na	na	na	na	
na	-1.42122	na	na	na	
na	na	na	-1.5132	-1.42122	
na	na	na	na	-1.42122	
na	na	-0.580859	-1.01416	-0.563639	
na	na	na	na	na	
na	na	na	-1.42122	na	
-1.42122	na	na	na	na	
na	na	-1.42122	-2.04288	-1.05927	
na	na	-1.42122	-0.160021	-1.05927	
na	na	na	na	na	
na	na	na	na	na	
na	na	na	na	na	
na	-1.42122	na	na	na	
na	na	-1.42122	na	na	
na	-1.42122	na	na	na	
na	na	na	na	na	
na	na	na	na	na	
na	na	-1.42122	na	na	
na	na	-1.42122	-1.42122	-1.42122	
na	na	-1.42122	na	na	
na	na	na	na	na	
na	na	-1.05927	-0.482752	-0.710013	
na	na	-1.34127	-0.490135	-1.34127	
na	na	na	na	-1.42122	
na	na	na	na	na	
1.10807	-1.55257	na	-1.42122	na	
na	na	na	-0.746665	-0.927712	
na	na	-2.23817	na	na	
na	na	-1.42122	na	na	
na	na	na	na	na	
na	na	na	na	-1.42122	
na	na	na	na	na	
na	na	na	na	na	
na	na	na	na	na	
na	na	na	-1.91219	na	
na	na	na	-1.42122	na	
na	na	na	na	na	
na	na	na	na	na	
na	na	-1.42122	na	na	
na	na	na	1.10807	-1.05501	
na	na	na	na	na	
na	na	na	na	-2.23817	
na	na	-1.42122	na	na	
na	na	1.55674	1.03439	1.68833	
na	na	na	na	na	
na	na	0.523007	-0.664846	-1.63775	
na	na	-1.42122	-1.91219	na	
-1.91219	0.703619	na	na	na	
na	na	na	na	na	
na	na	na	na	na	
na	na	-0.00734185	-0.813901	0.523007	
na	0.703619	na	na	-1.41456	
na	na	na	na	na	
na	na	na	na	na	
na	na	-1.42122	na	na	
na	na	na	-1.42122	1.22741	
na	na	na	na	na	
na	na	na	na	na	
na	na	na	na	-1.42122	
na	na	-1.42122	na	na	
na	na	na	-1.91181	0.300754	
na	-1.55257	-0.664846	-1.0682	-0.746665	
na	na	na	na	na	
na	na	-1.42122	na	na	
na	na	-1.42122	-1.2959	-1.18659	
na	na	na	na	na	
na	na	na	na	na	
na	na	na	na	na	
na	na	na	na	na	
na	na	-1.42122	-1.52339	-0.0110062	
na	na	na	na	na	
-2.23817	na	na	na	na	
na	na	na	na	na	
na	na	na	na	na	
na	na	-1.42122	na	na	
na	na	na	na	na	
na	na	na	-1.42122	na	
na	na	na	na	na	
na	na	na	-1.06614	-1.44924	
na	na	na	na	-1.42122	
na	na	na	na	na	
na	-1.42122	-0.940593	-1.50297	na	
na	na	na	-1.42122	na	
na	na	-1.42122	na	-0.0103146	
na	na	na	na	na	
na	na	-1.91219	na	-0.770733	
-1.91219	-1.42122	na	na	na	
na	na	-1.79082	-2.39827	-0.398724	
na	na	na	na	na	
-0.711903	na	-1.42122	na	-1.12276	
na	na	na	na	na	
na	na	-1.42122	1.3433	1.45859	
na	na	na	na	na	
na	-1.42122	-1.42122	na	na	
na	na	-1.42122	na	na	
na	-1.42122	-0.277865	-0.00734185	-1.55257	
na	na	na	na	-1.42122	
na	na	na	na	na	
na	na	na	na	na	
na	na	na	na	na	
na	na	-1.42122	na	na	
na	na	na	na	na	
na	na	na	na	na	
na	-1.91219	na	na	na	
na	na	na	na	na	
na	na	na	na	na	
na	na	na	na	na	
na	na	na	na	-1.42122	
na	na	na	na	na	
-1.42122	na	na	na	-0.482752	
na	na	na	na	na	
na	na	na	na	na	
na	na	na	na	na	
na	0.300754	0.28763	-0.559748	-1.68767	
na	na	na	-1.42122	na	
na	na	na	na	na	
na	na	na	na	-1.91219	
na	na	-1.42122	na	-1.42122	
na	na	na	na	na	
na	na	na	na	na	
na	na	na	na	na	
na	na	-2.23817	-1.05927	-0.532665	
na	na	na	na	na	
na	na	na	na	-1.42122	
na	na	na	na	na	
na	na	-0.160021	-0.625906	-1.05842	
na	na	-1.60815	na	-1.42122	
na	na	na	-0.482752	-1.91219	
na	na	na	na	na	
na	-1.42122	-1.42122	na	na	
na	na	-1.42122	na	na	
na	na	na	na	na	
na	na	na	na	na	
na	na	na	na	0.946685	
na	na	-1.42122	-1.42122	na	
na	na	na	na	na	
na	na	na	na	na	
na	na	na	na	0.703619	
na	na	na	na	-1.42122	
na	na	na	na	na	
na	na	na	na	na	
na	na	na	na	na	
na	na	na	na	na	
na	na	-1.42122	-1.42122	-1.42122	
na	na	na	na	-1.42122	
-0.482752	na	na	na	na	
na	na	na	na	na	
na	na	na	na	na	
na	na	na	na	na	
na	-1.42122	na	na	0.703619	
0.15009	-0.160021	na	na	na	
na	na	na	na	na	
na	na	na	na	na	
na	-1.42122	na	na	na	
na	na	na	na	na	
na	na	na	na	na	
na	-1.42122	na	na	-1.42122	
na	na	na	na	na	
na	-1.42122	na	na	na	
na	na	-1.42122	na	na	
na	na	-0.00924996	0.523007	-0.770733	
na	na	na	na	na	
na	na	-0.625906	-1.07226	-1.68767	
na	-1.42122	na	1.68833	0.946685	
na	na	na	na	na	
na	-1.42122	na	-1.12276	-0.482752	
na	na	na	na	na	
-1.42122	na	na	1.75481	1.32064	
na	na	na	na	na	
na	na	-1.42122	na	na	
na	na	na	1.63058	1.75481	
na	na	na	-1.42122	-1.42122	
-1.42122	na	na	na	na	
na	na	na	-0.429165	0.512036	
na	na	na	na	na	
na	na	na	na	na	
na	na	na	na	na	
na	na	na	na	na	
na	na	na	na	na	
na	na	na	na	na	
na	na	na	na	na	
na	na	na	na	na	
-1.91181	na	na	na	na	
na	na	na	na	na	
na	na	-0.00734185	na	-1.12276	
na	na	na	na	na	
na	na	na	na	na	
na	na	-1.42122	0.703619	-1.34127	
na	-1.42122	na	na	na	
-1.42122	0.15009	-1.42122	na	na	
na	na	na	na	na	
na	na	na	-1.42122	na	
na	na	na	na	na	
na	na	na	-1.42122	na	
na	na	-1.42122	-1.42122	na	
na	na	na	na	na	
na	na	na	na	na	
na	na	na	na	na	
-1.42122	na	na	-1.42122	na	
na	na	na	0.703619	na	
na	na	na	na	na	
1.10807	na	na	na	na	
na	na	na	na	na	
na	na	na	na	na	
na	na	na	na	na	
na	na	na	na	na	
na	-1.42122	-1.91219	na	na	
na	-1.42122	na	na	-1.42122	
na	na	na	-1.42122	na	
na	na	na	na	na	
na	na	na	na	na	
na	na	-0.00924996	-1.47711	-1.2959	
na	na	na	na	na	
-1.57737	0.703619	na	na	na	
na	na	na	na	na	
na	na	na	na	na	
na	na	na	-1.42122	na	
na	na	na	-1.42122	na	
na	-1.42122	na	na	na	
na	-1.42122	-1.42122	-1.42122	na	
na	na	na	na	na	
na	na	na	na	na	
na	na	-1.42122	0.703619	na	
na	na	na	na	na	
na	na	na	na	na	
na	na	na	1.32064	0.946685	
na	na	-1.42122	-1.42122	na	
na	na	-1.42122	na	na	
na	na	na	na	na	
na	na	-1.42122	na	na	
na	-1.42122	na	na	-0.625906	
na	-1.42122	-0.764927	-0.200194	-1.2959	
na	na	na	na	na	
na	na	na	na	na	
0.946685	-0.00734185	na	na	na	
na	na	na	na	na	
na	-1.42122	na	-1.42122	na	
na	na	na	-1.42122	na	
na	na	na	na	na	
na	na	na	na	na	
na	na	-1.42122	0.703619	1.7348	
-1.42122	na	na	na	na	
-0.482752	na	na	na	-1.42122	
na	na	na	-0.813901	-1.22605	
na	na	na	na	na	
na	na	-1.91219	na	na	
na	na	na	na	na	
-1.91219	na	na	na	na	
na	na	na	na	na	
na	na	na	-1.42122	na	
1.45859	1.55674	na	na	na	
na	na	1.63058	1.22741	1.24308	
na	na	na	na	na	
na	na	na	na	-1.42122	
na	na	na	na	na	
na	na	na	-1.77789	-1.42122	
na	na	na	-1.42122	na	
-1.42122	-0.0103146	-0.645618	-0.625906	-1.42122	
na	na	na	na	na	
na	na	na	0.703619	1.75481	
na	na	na	na	na	
na	na	na	na	na	
na	na	na	na	na	
na	-1.42122	na	na	na	
na	-1.42122	na	na	na	
na	-1.42122	na	na	na	
na	na	na	na	na	
na	na	na	na	na	
na	-1.42122	-0.7425	-0.625906	0.703619	
na	na	na	na	na	
na	na	na	na	na	
na	na	na	na	na	
na	na	-1.91219	0.247088	-1.44924	
0.946685	na	-1.42122	-1.42122	na	
na	na	-1.42122	na	na	
na	na	na	na	na	
na	na	-1.42122	na	-1.42122	
na	na	na	na	na	
-1.42122	na	na	na	na	
na	na	na	na	na	
na	na	na	na	-1.42122	
na	na	na	na	-1.42122	
na	na	na	-0.429035	0.511741	
0.703619	na	na	na	na	
na	-1.42122	na	na	0.200086	
na	na	na	na	na	
na	na	na	na	na	
na	na	na	na	na	
na	na	na	na	na	
na	na	na	na	na	
na	na	na	na	na	
na	-1.42122	na	na	na	
na	-1.42122	na	na	na	
na	na	na	na	na	
na	na	na	na	-1.42122	
na	na	na	na	-1.42122	
na	na	na	-1.42122	na	
na	na	na	na	na	
na	na	na	na	-1.42122	
na	na	na	na	na	
na	na	na	na	na	
-0.625906	-2.11721	-2.10115	-1.12276	-0.653014	
na	-1.42122	na	-0.961502	-0.711903	
-1.41456	-1.42122	na	na	na	
na	na	na	na	-1.42122	
na	na	-1.42122	na	na	
-0.482752	na	na	na	na	
na	na	na	0.703619	na	
na	na	na	na	na	
na	na	na	na	na	
na	na	na	na	na	
na	na	na	na	na	
na	na	na	na	-1.42122	
na	na	na	na	na	
na	na	-0.711903	-0.312127	-0.134498	
na	na	na	-1.42122	na	
na	na	na	na	na	
na	na	na	-0.653014	-1.32412	
na	na	na	na	na	
na	na	-1.42122	na	na	
na	na	na	na	na	
-1.42122	-1.42122	na	-1.42122	na	
na	-1.42122	na	na	na	
na	na	na	na	na	
na	na	na	na	na	
na	na	-1.42122	na	na	
na	na	na	na	na	
na	na	na	na	na	
na	-0.711903	-1.91219	na	na	
na	na	na	na	-0.274629	
na	-1.42122	1.85584	1.22741	1.84452	
na	na	na	na	-1.55554	
na	na	na	na	na	
na	na	na	na	na	
na	na	na	-1.42122	na	
na	na	-1.42122	na	na	
na	na	na	na	1.66111	
na	na	0.703619	na	na	
na	na	-0.84346	-0.0125507	-1.05704	
na	na	-1.42122	na	na	
na	na	na	na	na	
na	na	na	na	na	
na	na	na	na	na	
na	na	na	na	na	
-1.42122	na	na	na	na	
na	na	-1.42122	na	na	
na	na	-1.88847	-1.91181	-0.00924996	
na	na	-0.764927	-2.55491	-1.37659	
na	na	-1.42122	-1.05927	0.234952	
na	na	na	-0.200194	-0.625906	
-0.429035	-0.429165	-0.580859	-1.05501	-0.160021	
na	na	na	na	na	
na	na	na	na	na	
na	na	na	na	na	
na	na	na	na	na	
na	na	na	-1.42122	na	
na	na	na	na	-1.42122	
na	na	na	na	-1.42122	
-1.42122	-1.42122	na	na	na	
na	na	na	-1.42122	na	
na	na	na	na	na	
na	na	na	na	na	
na	na	na	na	na	
na	na	-1.42122	na	na	
na	na	na	0.200086	-1.88847	
na	na	na	na	na	
na	na	na	na	0.703619	
na	na	-1.42122	na	na	
na	na	-1.40853	-1.63775	-1.39951	
na	na	na	na	0.703619	
na	na	na	na	na	
na	na	na	na	na	
na	na	na	-1.42122	na	
na	na	na	na	na	
na	na	na	na	na	
na	na	na	na	na	
na	na	na	-1.42122	-0.00924996	
-1.42122	na	na	na	na	
na	na	na	-1.42122	na	
na	na	na	na	na	
-1.42122	na	na	na	na	
na	na	-1.42122	na	na	
na	-1.42122	-1.42122	-1.42122	-1.42122	
na	na	na	na	na	
na	na	na	na	na	
na	na	na	na	na	
na	na	na	na	na	
na	-1.12276	na	na	na	
na	na	na	na	na	
-1.42122	na	na	na	na	
na	na	na	na	na	
na	na	na	na	na	
na	na	na	na	na	
na	na	na	na	na	
na	na	na	na	na	
na	na	na	na	na	
na	na	-1.42122	-1.42122	na	
na	na	na	na	na	
-1.41456	na	na	-1.42122	-0.653014	
-0.160021	-1.91219	na	na	na	
na	na	na	na	na	
na	na	na	-1.42122	na	
na	na	na	na	na	
na	na	na	na	na	
0.512036	-1.42122	na	na	-1.42122	
na	na	na	na	-0.625906	
na	na	-0.429165	-0.64814	-1.57737	
na	na	0.523007	-0.687401	-1.05927	
na	na	-1.91219	na	na	
na	na	na	na	na	
na	-1.42122	na	na	na	
na	na	na	na	na	
na	na	-1.50297	-1.55257	-1.91219	
na	na	na	na	na	
na	na	na	na	na	
na	na	na	na	-1.42122	
na	na	na	-1.42122	na	
na	na	na	na	na	
na	na	na	1.7348	1.32064	
na	na	na	na	na	
na	na	na	-1.1805	-1.68312	
na	na	na	na	na	
na	na	na	na	na	
na	na	na	na	na	
na	-1.42122	na	na	na	
na	na	na	na	na	
na	na	na	na	na	
na	na	na	na	na	
na	na	na	na	na	
na	na	-1.42122	na	na	
na	na	-1.70017	na	0.946685	
na	na	-1.42122	na	-1.42122	
na	na	na	na	na	
na	na	na	na	na	
-1.07226	na	na	na	na	
na	na	na	na	na	
na	na	-1.41456	-1.05501	na	
na	na	na	na	na	
na	na	-0.482752	-0.770733	-1.44924	
na	na	1.87627	1.89422	1.78975	
na	na	na	na	na	
na	na	na	na	-0.746665	
na	na	-1.42122	na	na	
na	na	na	na	na	
na	na	na	na	na	
-1.07226	-1.34127	na	na	na	
na	na	na	na	na	
na	na	na	na	na	
na	-1.42122	na	na	na	
na	na	na	na	na	
na	na	na	na	na	
na	na	na	na	na	
na	na	na	na	na	
na	na	na	na	na	
na	na	na	na	na	
na	na	na	na	1.85584	
na	na	na	na	na	
na	-1.42122	-1.96267	-0.625906	-1.19378	
na	na	na	na	na	
na	na	-1.42122	na	na	
-1.42122	na	na	na	na	
na	na	na	na	na	
na	na	na	-0.482752	-0.951747	
na	-1.42122	na	na	na	
na	na	na	na	na	
na	na	na	na	na	
na	na	-1.42122	1.59608	1.96374	
na	na	na	na	na	
na	na	na	na	na	
-0.482752	na	na	na	na	
na	na	na	na	-1.91219	
na	na	-1.42122	-1.05532	-0.664846	
na	na	na	na	na	
na	na	na	1.55674	1.39606	
na	na	-1.05842	-0.360754	-1.55257	
na	na	na	na	na	
na	na	na	na	na	
na	na	na	na	-1.42122	
na	na	na	0.300754	-0.625906	
na	na	na	na	na	
na	na	na	na	na	
na	na	na	na	0.703619	
na	na	-1.42122	na	na	
na	na	-0.00734185	0.200086	-0.503949	
na	na	na	na	na	
na	na	na	na	-1.55257	
na	na	-1.65628	-1.16681	-0.00734185	
na	na	na	na	na	
na	na	na	-1.42122	na	
na	-1.42122	-1.42122	na	na	
na	na	na	-0.0114944	0.604402	
na	-1.42122	na	na	na	
na	na	na	na	na	
na	na	-1.42122	na	0.703619	
na	na	na	na	na	
-1.42122	na	na	na	na	
na	na	na	na	na	
na	na	na	na	na	
na	na	na	na	na	
na	na	na	na	na	
na	na	na	-1.42122	na	
na	na	na	na	na	
na	na	na	-1.55726	-0.625906	
na	na	na	na	-1.42122	
na	na	na	na	na	
na	na	na	-1.42122	na	
na	-1.42122	na	na	na	
na	na	na	na	na	
na	na	0.946685	-1.95062	1.10807	
na	na	-1.42122	na	na	
na	na	na	na	na	
na	na	na	na	na	
na	na	na	0.523007	-0.813901	
na	-1.42122	na	na	na	
-1.42122	na	-1.26509	-1.6123	-0.532665	
na	na	-1.07766	-1.44924	-0.360754	
na	na	na	na	na	
na	na	-1.55726	-2.10115	-0.873399	
na	na	na	na	na	
na	na	na	na	na	
na	na	na	na	na	
na	na	na	na	na	
na	na	na	-1.42122	na	
na	na	na	na	na	
na	na	-1.91219	na	na	
na	na	1.91011	1.66111	1.66111	
na	na	na	na	-0.482752	
na	na	na	na	na	
na	na	na	na	na	
na	na	na	-2.10705	-1.42122	
na	na	na	na	na	
na	na	na	-1.42122	na	
na	na	na	na	na	
na	na	na	na	-1.42122	
na	na	-1.42122	na	na	
na	-1.42122	na	na	-1.91219	
1.59608	1.10807	-1.42122	na	na	
na	na	na	na	-1.42122	
na	na	-1.42122	-1.42122	na	
na	na	-0.716902	-0.10362	-2.10115	
-1.42122	na	na	na	na	
na	na	na	na	-1.42122	
na	-1.42122	-1.50845	-0.331905	-0.27265	
na	na	na	na	na	
na	na	na	na	na	
na	na	na	na	na	
na	-1.42122	na	na	-0.429165	
na	na	na	na	na	
na	na	na	na	-1.91219	
na	na	na	na	na	
na	na	-0.818185	-0.940593	1.83236	
1.10807	na	na	na	na	
na	na	na	na	na	
na	na	1.71275	1.75481	0.946685	
na	na	-1.42122	na	-1.12276	
na	na	na	na	-1.42122	
na	na	na	-1.42122	-1.06394	
na	na	na	-1.42122	na	
na	na	na	-2.62207	-2.81986	
na	na	-1.42122	na	na	
na	na	na	na	na	
na	na	na	na	na	
na	na	na	-1.42122	na	
na	na	na	na	na	
na	-1.91219	-1.42122	na	na	
na	na	na	na	na	
na	na	na	-1.42122	-1.8699	
na	na	na	na	na	
-0.847064	na	na	-1.34127	-0.27265	
-1.05842	-1.41456	na	na	na	
na	na	na	na	-1.75779	
na	na	na	na	na	
na	na	na	na	na	
na	na	na	na	na	
na	na	na	na	na	
na	na	na	-1.47131	-0.873399	
na	na	na	na	na	
na	na	na	na	na	
na	na	na	na	na	
na	na	na	na	na	
na	na	na	na	na	
na	na	-1.42122	na	na	
na	na	na	na	na	
na	na	na	na	na	
na	na	na	na	na	
na	na	na	na	na	
na	na	na	na	na	
na	na	na	na	na	
na	na	na	-1.42122	na	
na	na	na	na	na	
na	na	na	-1.05501	-1.42122	
na	na	na	-1.42122	na	
na	na	na	-1.6123	0.703619	
na	na	na	na	na	
na	na	-1.42122	na	na	
na	na	-1.42122	-1.42122	na	
na	na	na	na	na	
na	na	na	na	na	
na	-1.42122	na	na	na	
na	na	-1.91219	na	na	
na	-1.42122	na	na	na	
na	-1.42122	na	na	na	
na	na	na	na	na	
na	na	na	na	na	
na	na	na	na	na	
-1.42122	na	na	na	na	
na	na	-0.961502	-0.331905	-2.66754	
-1.42122	na	na	na	na	
na	na	na	na	na	
na	na	-1.42122	-1.42122	na	
na	-1.42122	na	na	na	
na	na	na	na	na	
na	na	-1.91181	-1.42144	0.300754	
na	na	na	na	na	
na	na	na	na	na	
na	na	-0.00734185	1.18293	-1.68767	
na	na	na	na	na	
na	na	na	-1.42122	na	
na	na	na	na	na	
na	na	na	na	na	
-1.91219	-1.42122	-1.42122	na	na	
na	na	-1.42122	na	na	
na	na	na	-1.84143	-1.22605	
na	na	na	na	na	
na	na	na	na	na	
na	na	na	na	na	
na	na	na	na	0.703619	
na	na	na	0.703619	na	
na	na	na	-1.42122	na	
na	na	na	na	na	
na	na	na	na	-1.42122	
na	na	na	na	na	
na	-1.42122	-1.42122	-1.42122	na	
na	-1.42122	-1.42122	na	na	
na	na	-1.42122	na	na	
na	na	na	na	na	
na	na	-1.42122	na	na	
na	na	na	na	na	
na	na	-1.42122	na	na	
na	na	na	na	na	
-2.23817	na	na	1.22741	1.22741	
na	na	na	na	na	
na	na	na	na	na	
na	na	na	na	na	
na	na	na	na	na	
na	-1.42122	na	na	na	
na	na	na	na	na	
na	na	na	na	na	
na	na	na	na	na	
na	na	na	na	na	
na	na	na	na	na	
na	na	na	-0.434208	-1.8699	
na	na	na	na	na	
na	na	na	na	na	
na	na	na	na	na	
na	na	-1.77789	0.703619	-1.89113	
na	na	na	na	na	
na	na	na	-1.91219	na	
na	na	na	na	na	
na	-1.42122	na	na	na	
-0.00924996	na	-1.79921	na	na	
na	na	na	na	na	
na	-1.42122	na	na	na	
na	na	-0.802642	-1.41456	-0.274629	
na	na	na	na	na	
na	na	na	na	na	
na	na	na	-1.42122	na	
na	na	na	na	-1.42122	
-1.42122	-1.42122	na	-0.00734185	-1.77789	
na	na	na	na	na	
na	na	na	na	na	
na	na	na	na	-1.42122	
na	na	na	na	na	
na	na	na	na	na	
na	na	na	na	na	
na	na	na	na	-1.42122	
na	na	na	na	na	
na	na	-0.0110062	-1.41456	-0.813901	
na	na	na	na	na	
na	na	na	na	na	
na	na	na	na	na	
na	na	na	na	na	
na	na	na	na	na	
na	na	0.703619	-0.429035	0.523007	
na	na	na	na	na	
na	na	-1.42122	na	na	
na	-1.42122	na	na	na	
na	na	na	na	na	
na	na	-1.42122	na	na	
na	na	na	na	na	
na	na	na	na	na	
na	na	na	na	na	
na	na	na	-1.42122	na	
na	-1.42122	na	na	na	
na	na	na	na	na	
na	-1.42122	0.703619	na	na	
na	na	-1.42122	na	na	
na	-1.42122	na	-1.42122	na	
na	-1.42122	-0.770733	-1.28373	-0.687401	
-1.42122	na	na	na	na	
na	-1.42122	na	na	na	
na	-1.42122	-1.57737	na	0.703619	
na	na	na	na	na	
-0.200194	-1.42122	-1.42122	-1.42122	na	
na	-1.42122	na	-1.42122	na	
na	-1.42122	na	na	na	
na	na	-1.42122	na	na	
na	na	na	na	na	
na	na	na	na	na	
na	na	na	na	na	
na	na	na	na	na	
na	na	na	na	na	
na	na	na	-1.42122	na	
na	-1.42122	na	na	-1.42122	
na	na	-1.42122	na	na	
na	na	na	na	na	
na	na	na	-0.00734185	-1.05532	
na	na	na	na	na	
na	na	na	na	na	
na	na	na	na	na	
na	na	na	1.85584	1.89422	
na	na	na	na	na	
na	na	na	na	na	
na	na	na	na	na	
na	na	na	na	na	
na	na	na	na	na	
na	na	na	na	na	
na	na	na	na	na	
na	na	na	na	na	
na	na	na	na	1.10807	
na	na	0.703619	na	na	
na	na	-1.42122	na	na	
na	-1.42122	-1.42122	na	na	
na	na	-1.42122	-1.50297	-0.27265	
na	na	-1.32964	-0.304496	0.946685	
na	na	-1.42122	na	na	
na	-1.42122	na	-1.42122	na	
na	na	na	na	-1.42122	
na	-1.42122	na	na	-1.42122	
na	na	na	na	na	
na	na	na	na	na	
na	-1.42122	-1.42122	na	na	
1.51142	na	1.66652	0.370345	na	
na	na	na	na	-1.42122	
na	-1.42122	na	na	-1.42122	
na	na	na	na	na	
na	na	na	na	na	
na	na	1.22741	-1.05704	-1.4309	
na	-1.42122	na	na	na	
na	-1.42122	na	na	na	
na	na	na	-1.42122	na	
na	na	na	na	na	
na	na	na	-1.42122	na	
na	na	na	na	na	
na	na	-1.42122	na	na	
na	na	na	na	na	
na	na	-1.91219	na	na	
na	na	na	na	-1.88847	
na	na	na	na	na	
na	-1.42122	na	na	na	
na	na	na	na	-1.42122	
na	na	na	na	na	
na	na	0.703619	na	na	
na	na	-1.91219	na	0.946685	
na	na	0.300754	-1.69156	-1.95062	
na	na	na	0.703619	na	
na	na	na	na	na	
na	na	na	na	-1.42122	
na	na	1.10807	1.39606	-0.00924996	
na	na	na	na	na	
na	na	na	0.703619	-1.42122	
na	na	-0.64814	-0.436277	-0.746665	
na	na	na	na	na	
-1.42122	na	na	na	na	
na	na	-1.42122	na	na	
na	na	-1.42122	na	-1.42122	
na	na	na	na	na	
na	na	na	-1.42122	na	
na	na	na	na	na	
na	-1.42122	-0.899123	-0.894845	-0.612395	
na	na	-1.42122	na	-1.42122	
na	na	na	na	na	
na	na	na	na	na	
-1.42122	na	-1.57737	-1.50297	-0.532665	
na	-1.42122	na	na	na	
na	-1.42122	-1.42122	na	na	
na	na	na	na	na	
na	-1.42122	na	-1.42122	na	
na	na	na	na	na	
na	na	na	na	-1.42122	
na	na	na	na	na	
na	na	-0.482752	1.77305	1.68833	
na	na	na	na	-1.42122	
na	na	na	na	na	
-1.42122	na	na	na	na	
na	na	na	na	na	
na	na	na	na	na	
na	na	na	na	na	
na	na	-1.42122	na	na	
na	na	-1.42122	na	na	
na	na	na	-1.12276	-2.48235	
-1.42122	na	na	na	na	
-1.2959	-1.12276	na	-1.42122	na	
na	na	-1.42122	na	na	
na	na	-0.261307	-1.41456	-0.482752	
na	na	-1.42122	na	na	
na	na	na	na	-1.42122	
na	na	-0.711903	0.200086	0.445775	
na	na	na	na	na	
na	na	na	-1.52339	-0.664846	
na	na	na	na	na	
na	-1.42122	na	na	na	
na	na	-1.42122	na	-1.42122	
na	-1.42122	na	na	na	
na	na	na	na	na	
na	na	-1.42122	na	na	
na	na	na	na	na	
na	-1.42122	na	na	na	
na	na	na	na	na	
na	na	na	na	na	
na	-1.42122	-0.902888	-0.436277	0.946685	
na	na	na	na	na	
na	na	na	na	na	
na	na	na	na	na	
na	na	na	na	na	
na	na	na	-2.31692	0.703619	
na	na	na	na	na	
na	na	na	na	na	
-0.482752	-1.8699	na	na	na	
na	na	na	na	-0.912664	
na	na	na	na	na	
na	-1.42122	na	na	na	
na	na	na	na	na	
na	na	na	na	na	
na	na	na	na	na	
-1.42122	na	na	na	na	
-1.55257	na	-0.00924996	-1.24285	0.28841	
na	na	na	na	na	
na	na	na	na	na	
na	na	na	na	na	
-1.42122	na	na	na	na	
na	na	na	na	na	
na	na	-1.42122	na	na	
na	na	0.15009	-2.11374	-0.847064	
-1.12276	-1.42122	-1.42122	-1.42122	na	
na	na	na	na	na	
na	na	na	na	na	
na	na	na	na	na	
na	-1.42122	na	na	na	
na	na	na	na	na	
na	na	na	na	na	
na	na	na	1.10807	1.11408	
na	na	na	na	na	
na	na	na	na	na	
-1.55257	-0.200194	-1.26509	-1.77789	-1.55257	
na	na	na	na	na	
na	na	na	na	na	
na	na	-1.42122	-1.42122	0.703619	
na	na	na	0.300754	-1.05842	
na	na	na	na	na	
na	na	na	-0.847064	-1.68767	
na	na	-1.42122	na	na	
na	-1.91219	na	na	na	
na	na	na	na	na	
na	na	na	na	na	
na	-1.42122	na	na	na	
na	na	na	na	-1.42122	
na	na	na	na	na	
na	na	-1.42122	na	na	
na	na	na	na	-0.232432	
na	na	na	na	na	
na	na	na	-1.42122	na	
0.703619	na	na	-1.42122	-1.2959	
na	na	na	na	na	
na	na	na	na	na	
na	na	na	na	na	
na	na	na	na	na	
na	na	-1.28373	0.185517	-2.00652	
na	na	na	na	-1.42122	
na	na	na	na	na	
na	na	na	na	na	
na	na	na	-0.163528	-1.05501	
na	na	na	na	na	
na	na	na	na	na	
na	na	na	na	na	
na	na	na	na	na	
na	na	na	na	na	
na	na	na	0.703619	1.63058	
na	na	na	-1.91219	-1.55257	
na	na	na	na	na	
na	na	na	-0.274629	-1.57737	
na	na	na	-1.42122	-1.42122	
na	na	-1.69156	-1.47711	-0.482057	
na	na	-1.42122	na	na	
na	-1.42122	-1.42122	na	1.55674	
na	na	na	na	-1.42122	
na	na	na	na	na	
na	na	-1.42122	-1.42122	na	
na	na	0.703619	na	-1.42122	
na	na	na	na	na	
na	na	na	-1.91219	1.68833	
na	na	na	na	na	
na	na	-1.42122	na	na	
na	na	na	-1.05927	-1.07226	
na	na	na	na	na	
na	na	na	na	na	
na	na	na	na	na	
na	na	na	na	na	
0.703619	na	-1.42122	na	na	
na	0.703619	na	na	na	
na	na	na	na	na	
na	na	na	na	na	
na	na	na	na	0.703619	
na	na	-1.42122	0.703619	na	
na	na	na	0.703619	na	
0.703619	na	na	-1.42122	na	
na	na	na	na	na	
na	na	na	na	na	
na	na	na	na	na	
na	-1.42122	na	na	na	
na	na	na	na	na	
na	na	na	-1.42122	na	
na	na	na	na	na	
na	na	na	na	na	
na	na	na	na	-1.42122	
na	na	na	na	na	
na	na	na	-0.482752	-1.05842	
na	na	-1.42122	na	na	
na	na	-1.42122	-1.42122	na	
na	na	na	na	na	
na	na	-0.116736	-0.612395	-0.899123	
na	na	na	na	na	
na	na	na	na	na	
na	na	0.703619	na	na	
na	-1.42122	na	na	na	
na	-1.42122	na	na	na	
na	na	0.703619	na	na	
na	na	na	-0.429035	0.119545	
na	na	na	na	na	
-1.42122	na	na	na	na	
-1.91219	na	na	na	-1.42122	
na	na	na	na	na	
na	na	-1.42122	na	na	
na	na	na	1.7348	1.75481	
na	na	na	na	na	
na	na	na	na	na	
na	na	na	na	na	
na	na	-1.42122	na	na	
na	na	1.86639	1.55674	1.03439	
na	na	na	na	na	
na	na	na	-1.42122	na	
na	na	0.946685	2.04495	1.51142	
na	na	na	-1.42122	na	
-1.42122	na	na	na	na	
na	na	-1.44924	-0.625906	-1.05927	
0.946685	-0.00734185	na	na	na	
na	na	na	na	na	
na	na	na	na	na	
na	na	na	na	na	
na	na	na	na	na	
na	na	na	-1.42122	na	
-1.42122	-0.482752	-1.42122	na	na	
na	na	na	-0.331905	0.15009	
na	na	-1.42122	na	na	
na	na	na	na	-1.42122	
na	na	na	na	na	
na	na	na	na	na	
na	na	na	na	na	
na	na	-2.25989	0.612099	-1.47711	
-1.42122	-1.42122	na	na	na	
na	na	-1.42122	na	na	
na	na	na	na	na	
na	na	na	na	na	
na	na	na	na	na	
na	na	na	na	na	
na	na	-0.224414	-0.482752	0.523007	
na	na	1.88552	1.39606	1.55674	
na	na	na	na	na	
na	na	na	na	na	
na	na	na	na	na	
