FFn[0]	FFn[1]	FFn[2]	FFn[3]	FFn[4]	
na	na	-1.44334	-2.50464	-2.57986	
na	-1.44334	na	na	na	
na	na	na	na	na	
na	na	na	na	na	
na	na	-1.44334	na	na	
na	na	na	na	na	
na	na	na	na	na	
na	na	-1.44334	na	na	
na	na	na	na	na	
na	na	na	-1.44334	na	
na	na	na	na	na	
na	na	na	na	na	
na	na	-1.44334	na	na	
na	na	na	na	-1.86451	
na	na	-1.44334	na	na	
na	na	na	-0.329586	-1.86451	
na	na	na	na	na	
na	na	na	na	-2.95498	
na	na	na	na	na	
na	na	na	na	na	
na	-1.44334	na	na	na	
na	na	na	-2.92779	-1.44334	
na	na	na	na	-1.44334	
na	na	-2.9879	-2.80363	-1.37066	
na	na	na	na	na	
na	na	na	-1.44334	na	
-1.44334	na	na	na	na	
na	na	-1.44334	-2.9879	-2.87558	
na	na	-1.44334	-2.77072	-2.87558	
na	na	na	na	na	
na	na	na	na	na	
na	na	na	na	na	
na	-1.44334	na	na	na	
na	na	-1.44334	na	na	
na	-1.44334	na	na	na	
na	na	na	na	na	
na	na	na	na	na	
na	na	-1.44334	na	na	
na	na	-1.44334	-1.44334	-1.44334	
na	na	-1.44334	na	na	
na	na	na	na	na	
na	na	-2.87558	-1.86451	-2.87558	
na	na	-2.64095	-2.28979	-1.71395	
na	na	na	na	-1.44334	
na	na	na	na	na	
-2.1151	-2.28534	na	-1.44334	na	
na	na	na	-2.91214	-2.95498	
na	na	-2.1151	na	na	
na	na	-1.44334	na	na	
na	na	na	na	na	
na	na	na	na	-1.44334	
na	na	na	na	na	
na	na	na	na	na	
na	na	na	na	na	
na	na	na	-1.86451	na	
na	na	na	-1.44334	na	
na	na	na	na	na	
na	na	na	na	na	
na	na	-1.44334	na	na	
na	na	na	-2.1151	-2.69158	
na	na	na	na	na	
na	na	na	na	-2.1151	
na	na	-1.44334	na	na	
na	na	1.08751	0.667609	1.14335	
na	na	na	na	na	
na	na	-2.40959	-2.82978	-2.94201	
na	na	-1.44334	-1.86451	na	
-1.86451	-1.44334	na	na	na	
na	na	na	na	na	
na	na	na	na	na	
na	na	-2.1151	-2.73425	-2.40959	
na	0.787279	na	na	-2.50464	
na	na	na	na	na	
na	na	na	na	na	
na	na	-1.44334	na	na	
na	na	na	-1.44334	-2.28534	
na	na	na	na	na	
na	na	na	na	na	
na	na	na	na	-1.44334	
na	na	-1.44334	na	na	
na	na	na	-2.64095	-2.28534	
na	-2.28534	-2.82978	-2.9879	-2.91214	
na	na	na	na	na	
na	na	-1.44334	na	na	
na	na	-1.44334	-2.73425	-2.99724	
na	na	na	na	na	
na	na	na	na	na	
na	na	na	na	na	
na	na	na	na	na	
na	na	-1.44334	-3.00591	-2.80225	
na	na	na	na	na	
-2.1151	na	na	na	na	
na	na	na	na	na	
na	na	na	na	na	
na	na	-1.44334	na	na	
na	na	na	na	na	
na	na	na	-1.44334	na	
na	na	na	na	na	
na	na	na	-2.96687	-2.82978	
na	na	na	na	-1.44334	
na	na	na	na	na	
na	-1.44334	-2.97781	-2.77072	na	
na	na	na	-1.44334	na	
na	na	-1.44334	na	-2.69158	
na	na	na	na	na	
na	na	-1.86451	na	-2.64095	
-1.86451	-1.44334	na	na	na	
na	na	-3.02855	-2.77072	-3.04136	
na	na	na	na	na	
-2.50464	na	-1.44334	na	-1.0255	
na	na	na	na	na	
na	na	-1.44334	0.86692	1.04237	
na	na	na	na	na	
na	-1.44334	-1.44334	na	na	
na	na	-1.44334	na	na	
na	-1.44334	-3.03515	-2.1151	-2.28534	
na	na	na	na	-1.44334	
na	na	na	na	na	
na	na	na	na	na	
na	na	na	na	na	
na	na	-1.44334	na	na	
na	na	na	na	na	
na	na	na	na	na	
na	-1.86451	na	na	na	
na	na	na	na	na	
na	na	na	na	na	
na	na	na	na	na	
na	na	na	na	-1.44334	
na	na	na	na	na	
-1.44334	na	na	na	-0.555587	
na	na	na	na	na	
na	na	na	na	na	
na	na	na	na	na	
na	-2.28534	-2.77072	-3.02855	-2.57986	
na	na	na	-1.44334	na	
na	na	na	na	na	
na	na	na	na	-1.86451	
na	na	-1.44334	na	-1.44334	
na	na	na	na	na	
na	na	na	na	na	
na	na	na	na	na	
na	na	-2.1151	-2.87558	-2.69158	
na	na	na	na	na	
na	na	na	na	-1.44334	
na	na	na	na	na	
na	na	-2.77072	-2.28534	-2.57986	
na	na	-3.05789	na	-1.44334	
na	na	na	-1.86451	-1.86451	
na	na	na	na	na	
na	-1.44334	-1.44334	na	na	
na	na	-1.44334	na	na	
na	na	na	na	na	
na	na	na	na	na	
na	na	na	na	-1.86451	
na	na	-1.44334	-1.44334	na	
na	na	na	na	na	
na	na	na	na	na	
na	na	na	na	0.58317	
na	na	na	na	-1.44334	
na	na	na	na	na	
na	na	na	na	na	
na	na	na	na	na	
na	na	na	na	na	
na	na	-1.44334	-1.44334	-1.44334	
na	na	na	na	-1.44334	
-1.86451	na	na	na	na	
na	na	na	na	na	
na	na	na	na	na	
na	na	na	na	na	
na	-1.44334	na	na	1.02055	
-2.73425	-2.77072	na	na	na	
na	na	na	na	na	
na	na	na	na	na	
na	-1.44334	na	na	na	
na	na	na	na	na	
na	na	na	na	na	
na	-1.44334	na	na	-1.44334	
na	na	na	na	na	
na	-1.44334	na	na	na	
na	na	-1.44334	na	na	
na	na	-2.50464	-2.40959	-2.64095	
na	na	na	na	na	
na	na	-2.28534	-2.40959	-2.57986	
na	-1.44334	na	1.14335	0.753339	
na	na	na	na	na	
na	-1.44334	na	-2.1151	-1.86451	
na	na	na	na	na	
-1.44334	na	na	2.04685	1.70375	
na	na	na	na	na	
na	na	-1.44334	na	na	
na	na	na	1.11948	1.16963	
na	na	na	-1.44334	-1.44334	
-1.44334	na	na	na	na	
na	na	na	-2.57986	-2.69158	
na	na	na	na	na	
na	na	na	na	na	
na	na	na	na	na	
na	na	na	na	na	
na	na	na	na	na	
na	na	na	na	na	
na	na	na	na	na	
na	na	na	na	na	
-2.64095	na	na	na	na	
na	na	na	na	na	
na	na	-0.13531	na	-2.1151	
na	na	na	na	na	
na	na	na	na	na	
na	na	-1.44334	-1.44334	-2.64095	
na	-1.44334	na	na	na	
-1.44334	-2.73425	-1.44334	na	na	
na	na	na	na	na	
na	na	na	-1.44334	na	
na	na	na	na	na	
na	na	na	-1.44334	na	
na	na	-1.44334	-1.44334	na	
na	na	na	na	na	
na	na	na	na	na	
na	na	na	na	na	
-1.44334	na	na	-1.44334	na	
na	na	na	1.02055	na	
na	na	na	na	na	
1.36734	na	na	na	na	
na	na	na	na	na	
na	na	na	na	na	
na	na	na	na	na	
na	na	na	na	na	
na	-1.44334	-1.86451	na	na	
na	-1.44334	na	na	-1.44334	
na	na	na	-1.44334	na	
na	na	na	na	na	
na	na	na	na	na	
na	na	-2.50464	-2.95498	-2.73425	
na	na	na	na	na	
-2.69158	-1.44334	na	na	na	
na	na	na	na	na	
na	na	na	na	na	
na	na	na	-1.44334	na	
na	na	na	-1.44334	na	
na	-1.44334	na	na	na	
na	-1.44334	-1.44334	-1.44334	na	
na	na	na	na	na	
na	na	na	na	na	
na	na	-1.44334	-1.44334	na	
na	na	na	na	na	
na	na	na	na	na	
na	na	na	1.31432	1.01701	
na	na	-1.44334	-1.44334	na	
na	na	-1.44334	na	na	
na	na	na	na	na	
na	na	-1.44334	na	na	
na	-1.44334	na	na	-2.28534	
na	-1.44334	-3.02855	-1.71395	-2.73425	
na	na	na	na	na	
na	na	na	na	na	
-1.86451	-2.1151	na	na	na	
na	na	na	na	na	
na	-1.44334	na	-1.44334	na	
na	na	na	-1.44334	na	
na	na	na	na	na	
na	na	na	na	na	
na	na	-1.44334	0.58317	1.16185	
-1.44334	na	na	na	na	
-1.86451	na	na	na	-1.44334	
na	na	na	-2.73425	-2.89483	
na	na	na	na	na	
na	na	-1.86451	na	na	
na	na	na	na	na	
-1.86451	na	na	na	na	
na	na	na	na	na	
na	na	na	-1.44334	na	
1.04237	1.08751	na	na	na	
na	na	1.11948	0.923369	0.804348	
na	na	na	na	na	
na	na	na	na	-1.44334	
na	na	na	na	na	
na	na	na	-2.73425	-1.44334	
na	na	na	-1.44334	na	
-1.44334	-2.69158	-3.0628	-2.28534	-1.44334	
na	na	na	na	na	
na	na	na	0.58317	1.16963	
na	na	na	na	na	
na	na	na	na	na	
na	na	na	na	na	
na	-1.44334	na	na	na	
na	-1.44334	na	na	na	
na	-1.44334	na	na	na	
na	na	na	na	na	
na	na	na	na	na	
na	-1.44334	-3.01398	-2.28534	-1.44334	
na	na	na	na	na	
na	na	na	na	na	
na	na	na	na	na	
na	na	-1.86451	-0.917795	-2.21853	
-1.86451	na	-1.44334	-1.44334	na	
na	na	-1.44334	na	na	
na	na	na	na	na	
na	na	-1.44334	na	-1.44334	
na	na	na	na	na	
-1.44334	na	na	na	na	
na	na	na	na	na	
na	na	na	na	-1.44334	
na	na	na	na	-1.44334	
na	na	na	-2.80225	-2.82978	
-1.44334	na	na	na	na	
na	-1.44334	na	na	-2.57986	
na	na	na	na	na	
na	na	na	na	na	
na	na	na	na	na	
na	na	na	na	na	
na	na	na	na	na	
na	na	na	na	na	
na	-1.44334	na	na	na	
na	-1.44334	na	na	na	
na	na	na	na	na	
na	na	na	na	-1.44334	
na	na	na	na	-1.44334	
na	na	na	-1.44334	na	
na	na	na	na	na	
na	na	na	na	-1.44334	
na	na	na	na	na	
na	na	na	na	na	
-2.28534	-2.50464	-2.80225	-2.1151	-2.95498	
na	-1.44334	na	-3.01398	-2.50464	
-2.50464	-1.44334	na	na	na	
na	na	na	na	-1.44334	
na	na	-1.44334	na	na	
-1.86451	na	na	na	na	
na	na	na	0.933071	na	
na	na	na	na	na	
na	na	na	na	na	
na	na	na	na	na	
na	na	na	na	na	
na	na	na	na	-1.44334	
na	na	na	na	na	
na	na	-2.50464	-2.92779	-2.85404	
na	na	na	-1.44334	na	
na	na	na	na	na	
na	na	na	-2.95498	-3.07187	
na	na	na	na	na	
na	na	-1.44334	na	na	
na	na	na	na	na	
-1.44334	-1.44334	na	-1.44334	na	
na	-1.44334	na	na	na	
na	na	na	na	na	
na	na	na	na	na	
na	na	-1.44334	na	na	
na	na	na	na	na	
na	na	na	na	na	
na	-2.50464	-1.86451	na	na	
na	na	na	na	-2.40959	
na	-1.44334	1.93157	1.47739	1.92505	
na	na	na	na	-2.9879	
na	na	na	na	na	
na	na	na	na	na	
na	na	na	-1.44334	na	
na	na	-1.44334	na	na	
na	na	na	na	1.5285	
na	na	1.02055	na	na	
na	na	-3.00591	-3.02151	-2.82978	
na	na	-1.44334	na	na	
na	na	na	na	na	
na	na	na	na	na	
na	na	na	na	na	
na	na	na	na	na	
-1.44334	na	na	na	na	
na	na	-1.44334	na	na	
na	na	-2.89483	-2.64095	-2.50464	
na	na	-0.825969	-2.20424	-1.70956	
na	na	-1.44334	-2.87558	-2.85404	
na	na	na	-2.64095	-2.28534	
-2.80225	-2.57986	-2.9879	-2.69158	-2.77072	
na	na	na	na	na	
na	na	na	na	na	
na	na	na	na	na	
na	na	na	na	na	
na	na	na	-1.44334	na	
na	na	na	na	-1.44334	
na	na	na	na	-1.44334	
-1.44334	-1.44334	na	na	na	
na	na	na	-1.44334	na	
na	na	na	na	na	
na	na	na	na	na	
na	na	na	na	na	
na	na	-1.44334	na	na	
na	na	na	-2.57986	-2.6408	
na	na	na	na	na	
na	na	na	na	-1.44334	
na	na	-1.44334	na	na	
na	na	-2.87558	-2.94201	-3.01398	
na	na	na	na	0.58317	
na	na	na	na	na	
na	na	na	na	na	
na	na	na	-1.44334	na	
na	na	na	na	na	
na	na	na	na	na	
na	na	na	na	na	
na	na	na	-1.44334	-2.50464	
-1.44334	na	na	na	na	
na	na	na	-1.44334	na	
na	na	na	na	na	
-1.44334	na	na	na	na	
na	na	-1.44334	na	na	
na	-1.44334	-1.44334	-1.44334	-1.44334	
na	na	na	na	na	
na	na	na	na	na	
na	na	na	na	na	
na	na	na	na	na	
na	-2.1151	na	na	na	
na	na	na	na	na	
-1.44334	na	na	na	na	
na	na	na	na	na	
na	na	na	na	na	
na	na	na	na	na	
na	na	na	na	na	
na	na	na	na	na	
na	na	na	na	na	
na	na	-1.44334	-1.44334	na	
na	na	na	na	na	
-2.50464	na	na	-1.44334	-2.95498	
-2.77072	-1.86451	na	na	na	
na	na	na	na	na	
na	na	na	-1.44334	na	
na	na	na	na	na	
na	na	na	na	na	
-2.69158	-1.44334	na	na	-1.44334	
na	na	na	na	-2.28534	
na	na	-2.57986	-3.02151	-2.69158	
na	na	-2.40959	-2.97781	-2.87558	
na	na	-1.86451	na	na	
na	na	na	na	na	
na	-1.44334	na	na	na	
na	na	na	na	na	
na	na	-2.77072	-2.28534	-1.86451	
na	na	na	na	na	
na	na	na	na	na	
na	na	na	na	-1.44334	
na	na	na	-1.44334	na	
na	na	na	na	na	
na	na	na	1.16185	0.97357	
na	na	na	na	na	
na	na	na	-3.01398	-2.80225	
na	na	na	na	na	
na	na	na	na	na	
na	na	na	na	na	
na	-1.44334	na	na	na	
na	na	na	na	na	
na	na	na	na	na	
na	na	na	na	na	
na	na	na	na	na	
na	na	-1.44334	na	na	
na	na	-2.97781	na	-1.86451	
na	na	-1.44334	na	-1.44334	
na	na	na	na	na	
na	na	na	na	na	
-2.40959	na	na	na	na	
na	na	na	na	na	
na	na	-2.50464	-2.69158	na	
na	na	na	na	na	
na	na	-1.86451	-2.64095	-2.82978	
na	na	2.18611	2.19746	2.1293	
na	na	na	na	na	
na	na	na	na	-2.91214	
na	na	-1.44334	na	na	
na	na	na	na	na	
na	na	na	na	na	
-1.05632	-2.64095	na	na	na	
na	na	na	na	na	
na	na	na	na	na	
na	-1.44334	na	na	na	
na	na	na	na	na	
na	na	na	na	na	
na	na	na	na	na	
na	na	na	na	na	
na	na	na	na	na	
na	na	na	na	na	
na	na	na	na	2.11266	
na	na	na	na	na	
na	-1.44334	-3.05789	-2.28534	-2.97781	
na	na	na	na	na	
na	na	-1.44334	na	na	
-1.44334	na	na	na	na	
na	na	na	na	na	
na	na	na	-1.86451	-2.99724	
na	-1.44334	na	na	na	
na	na	na	na	na	
na	na	na	na	na	
na	na	-1.44334	1.10475	1.24447	
na	na	na	na	na	
na	na	na	na	na	
-1.86451	na	na	na	na	
na	na	na	na	-1.86451	
na	na	-1.44334	-2.77072	-2.82978	
na	na	na	na	na	
na	na	na	1.08751	1.01198	
na	na	-2.57986	-2.87558	-2.28534	
na	na	na	na	na	
na	na	na	na	na	
na	na	na	na	-1.44334	
na	na	na	-2.28534	-2.28534	
na	na	na	na	na	
na	na	na	na	na	
na	na	na	na	0.58317	
na	na	-1.44334	na	na	
na	na	-2.1151	-2.57986	-2.85404	
na	na	na	na	na	
na	na	na	na	-2.28534	
na	na	-2.99724	-3.05269	-2.1151	
na	na	na	na	na	
na	na	na	-1.44334	na	
na	-1.44334	-1.44334	na	na	
na	na	na	-2.87558	-2.85404	
na	-1.44334	na	na	na	
na	na	na	na	na	
na	na	-1.44334	na	-1.44334	
na	na	na	na	na	
-1.44334	na	na	na	na	
na	na	na	na	na	
na	na	na	na	na	
na	na	na	na	na	
na	na	na	na	na	
na	na	na	-1.44334	na	
na	na	na	na	na	
na	na	na	-2.89483	-2.28534	
na	na	na	na	-1.44334	
na	na	na	na	na	
na	na	na	-1.44334	na	
na	-1.44334	na	na	na	
na	na	na	na	na	
na	na	-1.86451	-2.77072	-2.1151	
na	na	-1.44334	na	na	
na	na	na	na	na	
na	na	na	na	na	
na	na	na	-2.40959	-2.73425	
na	-1.44334	na	na	na	
-1.44334	na	-2.80225	-2.85404	-2.69158	
na	na	-3.06746	-1.20931	-2.31014	
na	na	na	na	na	
na	na	-2.89483	-2.80225	-2.85404	
na	na	na	na	na	
na	na	na	na	na	
na	na	na	na	na	
na	na	na	na	na	
na	na	na	-1.44334	na	
na	na	na	na	na	
na	na	-1.86451	na	na	
na	na	1.22633	1.13222	1.13222	
na	na	na	na	-1.86451	
na	na	na	na	na	
na	na	na	na	na	
na	na	na	-2.87558	-1.44334	
na	na	na	na	na	
na	na	na	-1.44334	na	
na	na	na	na	na	
na	na	na	na	-1.44334	
na	na	-1.44334	na	na	
na	-1.44334	na	na	-1.86451	
1.98855	1.49553	-1.44334	na	na	
na	na	na	na	-1.44334	
na	na	-1.44334	-1.44334	na	
na	na	-2.99724	-2.95498	-2.80225	
-1.44334	na	na	na	na	
na	na	na	na	-1.44334	
na	-1.44334	-3.0628	-2.73425	-2.82978	
na	na	na	na	na	
na	na	na	na	na	
na	na	na	na	na	
na	-1.44334	na	na	-2.57986	
na	na	na	na	na	
na	na	na	na	-1.86451	
na	na	na	na	na	
na	na	-3.0628	-2.97781	1.19874	
-2.1151	na	na	na	na	
na	na	na	na	na	
na	na	1.15315	1.16963	0.753339	
na	na	-1.44334	na	-2.1151	
na	na	na	na	-1.44334	
na	na	na	-1.44334	-2.94201	
na	na	na	-1.44334	na	
na	na	na	-2.69158	-2.50464	
na	na	-1.44334	na	na	
na	na	na	na	na	
na	na	na	na	na	
na	na	na	-1.44334	na	
na	na	na	na	na	
na	-1.86451	-1.44334	na	na	
na	na	na	na	na	
na	na	na	-1.44334	-2.40959	
na	na	na	na	na	
-2.80225	na	na	-2.64095	-2.82978	
-2.57986	-2.50464	na	na	na	
na	na	na	na	-2.87558	
na	na	na	na	na	
na	na	na	na	na	
na	na	na	na	na	
na	na	na	na	na	
na	na	na	-3.03515	-2.85404	
na	na	na	na	na	
na	na	na	na	na	
na	na	na	na	na	
na	na	na	na	na	
na	na	na	na	na	
na	na	-1.44334	na	na	
na	na	na	na	na	
na	na	na	na	na	
na	na	na	na	na	
na	na	na	na	na	
na	na	na	na	na	
na	na	na	na	na	
na	na	na	-1.44334	na	
na	na	na	na	na	
na	na	na	-2.69158	-1.44334	
na	na	na	-1.44334	na	
na	na	na	-2.85404	-1.44334	
na	na	na	na	na	
na	na	-1.44334	na	na	
na	na	-1.44334	-1.44334	na	
na	na	na	na	na	
na	na	na	na	na	
na	-1.44334	na	na	na	
na	na	-1.86451	na	na	
na	-1.44334	na	na	na	
na	-1.44334	na	na	na	
na	na	na	na	na	
na	na	na	na	na	
na	na	na	na	na	
-1.44334	na	na	na	na	
na	na	-3.01398	-2.73425	-2.40959	
-1.44334	na	na	na	na	
na	na	na	na	na	
na	na	-1.44334	-1.44334	na	
na	-1.44334	na	na	na	
na	na	na	na	na	
na	na	-2.64095	-2.99724	-2.28534	
na	na	na	na	na	
na	na	na	na	na	
na	na	-2.1151	0.765827	-1.54494	
na	na	na	na	na	
na	na	na	-1.44334	na	
na	na	na	na	na	
na	na	na	na	na	
-1.86451	-1.44334	-1.44334	na	na	
na	na	-1.44334	na	na	
na	na	na	-2.82978	-2.89483	
na	na	na	na	na	
na	na	na	na	na	
na	na	na	na	na	
na	na	na	na	0.787279	
na	na	na	0.58317	na	
na	na	na	-1.44334	na	
na	na	na	na	na	
na	na	na	na	-1.44334	
na	na	na	na	na	
na	-1.44334	-1.44334	-1.44334	na	
na	-1.44334	-1.44334	na	na	
na	na	-1.44334	na	na	
na	na	na	na	na	
na	na	-1.44334	na	na	
na	na	na	na	na	
na	na	-1.44334	na	na	
na	na	na	na	na	
-2.1151	na	na	0.923369	0.923369	
na	na	na	na	na	
na	na	na	na	na	
na	na	na	na	na	
na	na	na	na	na	
na	-1.44334	na	na	na	
na	na	na	na	na	
na	na	na	na	na	
na	na	na	na	na	
na	na	na	na	na	
na	na	na	na	na	
na	na	na	-2.97781	-2.40959	
na	na	na	na	na	
na	na	na	na	na	
na	na	na	na	na	
na	na	-2.73425	-1.44334	-2.99724	
na	na	na	na	na	
na	na	na	-1.86451	na	
na	na	na	na	na	
na	-1.44334	na	na	na	
-2.50464	na	-2.9879	na	na	
na	na	na	na	na	
na	-1.44334	na	na	na	
na	na	-2.96687	-2.50464	-2.40959	
na	na	na	na	na	
na	na	na	na	na	
na	na	na	-1.44334	na	
na	na	na	na	-1.44334	
-1.44334	-1.44334	na	-2.1151	-2.73425	
na	na	na	na	na	
na	na	na	na	na	
na	na	na	na	-1.44334	
na	na	na	na	na	
na	na	na	na	na	
na	na	na	na	na	
na	na	na	na	-1.44334	
na	na	na	na	na	
na	na	-2.80225	-2.50464	-2.73425	
na	na	na	na	na	
na	na	na	na	na	
na	na	na	na	na	
na	na	na	na	na	
na	na	na	na	na	
na	na	-1.44334	-2.80225	-2.40959	
na	na	na	na	na	
na	na	-1.44334	na	na	
na	-1.44334	na	na	na	
na	na	na	na	na	
na	na	-1.44334	na	na	
na	na	na	na	na	
na	na	na	na	na	
na	na	na	na	na	
na	na	na	-1.44334	na	
na	-1.44334	na	na	na	
na	na	na	na	na	
na	-1.44334	-1.44334	na	na	
na	na	-1.44334	na	na	
na	-1.44334	na	-1.44334	na	
na	-1.44334	-2.64095	-3.02151	-2.97781	
-1.44334	na	na	na	na	
na	-1.44334	na	na	na	
na	-1.44334	-2.69158	na	-1.44334	
na	na	na	na	na	
-2.64095	-1.44334	-1.44334	-1.44334	na	
na	-1.44334	na	-1.44334	na	
na	-1.44334	na	na	na	
na	na	-1.44334	na	na	
na	na	na	na	na	
na	na	na	na	na	
na	na	na	na	na	
na	na	na	na	na	
na	na	na	na	na	
na	na	na	-1.44334	na	
na	-1.44334	na	na	-1.44334	
na	na	-1.44334	na	na	
na	na	na	na	na	
na	na	na	-2.1151	-2.77072	
na	na	na	na	na	
na	na	na	na	na	
na	na	na	na	na	
na	na	na	1.20723	1.22081	
na	na	na	na	na	
na	na	na	na	na	
na	na	na	na	na	
na	na	na	na	na	
na	na	na	na	na	
na	na	na	na	na	
na	na	na	na	na	
na	na	na	na	na	
na	na	na	na	-2.1151	
na	na	0.58317	na	na	
na	na	-1.44334	na	na	
na	-1.44334	-1.44334	na	na	
na	na	-1.44334	-2.77072	-2.82978	
na	na	-2.96687	-3.01398	-1.86451	
na	na	-1.44334	na	na	
na	-1.44334	na	-1.44334	na	
na	na	na	na	-1.44334	
na	-1.44334	na	na	-1.44334	
na	na	na	na	na	
na	na	na	na	na	
na	-1.44334	-1.44334	na	na	
1.06705	na	1.05501	0.14005	na	
na	na	na	na	-1.44334	
na	-1.44334	na	na	-1.44334	
na	na	na	na	na	
na	na	na	na	na	
na	na	-2.28534	-1.60728	-2.01706	
na	-1.44334	na	na	na	
na	-1.44334	na	na	na	
na	na	na	-1.44334	na	
na	na	na	na	na	
na	na	na	-1.44334	na	
na	na	na	na	na	
na	na	-1.44334	na	na	
na	na	na	na	na	
na	na	-1.86451	na	na	
na	na	na	na	-2.89483	
na	na	na	na	na	
na	-1.44334	na	na	na	
na	na	na	na	-1.44334	
na	na	na	na	na	
na	na	0.58317	na	na	
na	na	-1.86451	na	-1.86451	
na	na	-2.28534	-2.91214	-2.77072	
na	na	na	0.58317	na	
na	na	na	na	na	
na	na	na	na	-1.44334	
na	na	0.854587	1.30713	-0.101198	
na	na	na	na	na	
na	na	na	0.58317	-1.44334	
na	na	-3.02151	-3.02151	-2.91214	
na	na	na	na	na	
-1.44334	na	na	na	na	
na	na	-1.44334	na	na	
na	na	-1.44334	na	-1.44334	
na	na	na	na	na	
na	na	na	-1.44334	na	
na	na	na	na	na	
na	-1.44334	-3.05789	-2.89483	-2.92779	
na	na	-1.44334	na	-1.44334	
na	na	na	na	na	
na	na	na	na	na	
-1.44334	na	-2.69158	-2.77072	-2.69158	
na	-1.44334	na	na	na	
na	-1.44334	-1.44334	na	na	
na	na	na	na	na	
na	-1.44334	na	-1.44334	na	
na	na	na	na	na	
na	na	na	na	-1.44334	
na	na	na	na	na	
na	na	-0.555587	1.17662	1.14335	
na	na	na	na	-1.44334	
na	na	na	na	na	
-1.44334	na	na	na	na	
na	na	na	na	na	
na	na	na	na	na	
na	na	na	na	na	
na	na	-1.44334	na	na	
na	na	-1.44334	na	na	
na	na	na	-2.1151	-2.64095	
-1.44334	na	na	na	na	
-2.73425	-2.1151	na	-1.44334	na	
na	na	-1.44334	na	na	
na	na	-3.08748	-2.50464	-1.86451	
na	na	-1.44334	na	na	
na	na	na	na	-1.44334	
na	na	-2.50464	-2.57986	-2.95498	
na	na	na	na	na	
na	na	na	-3.00591	-2.82978	
na	na	na	na	na	
na	-1.44334	na	na	na	
na	na	-1.44334	na	-1.44334	
na	-1.44334	na	na	na	
na	na	na	na	na	
na	na	-1.44334	na	na	
na	na	na	na	na	
na	-1.44334	na	na	na	
na	na	na	na	na	
na	na	na	na	na	
na	-1.44334	-3.11619	-3.02151	-1.86451	
na	na	na	na	na	
na	na	na	na	na	
na	na	na	na	na	
na	na	na	na	na	
na	na	na	-2.57986	-1.44334	
na	na	na	na	na	
na	na	na	na	na	
-1.86451	-2.40959	na	na	na	
na	na	na	na	-2.92779	
na	na	na	na	na	
na	-1.44334	na	na	na	
na	na	na	na	na	
na	na	na	na	na	
na	na	na	na	na	
-1.44334	na	na	na	na	
-2.28534	na	-2.50464	-2.56781	-0.644048	
na	na	na	na	na	
na	na	na	na	na	
na	na	na	na	na	
-1.44334	na	na	na	na	
na	na	na	na	na	
na	na	-1.44334	na	na	
na	na	-2.73425	-2.92779	-2.80225	
-2.1151	-1.44334	-1.44334	-1.44334	na	
na	na	na	na	na	
na	na	na	na	na	
na	na	na	na	na	
na	-1.44334	na	na	na	
na	na	na	na	na	
na	na	na	na	na	
na	na	na	1.36734	1.31741	
na	na	na	na	na	
na	na	na	na	na	
-2.28534	-2.64095	-2.80225	-2.73425	-2.28534	
na	na	na	na	na	
na	na	na	na	na	
na	na	-1.44334	-1.44334	-1.44334	
na	na	na	-2.28534	-2.57986	
na	na	na	na	na	
na	na	na	-2.80225	-2.57986	
na	na	-1.44334	na	na	
na	-1.86451	na	na	na	
na	na	na	na	na	
na	na	na	na	na	
na	-1.44334	na	na	na	
na	na	na	na	-1.44334	
na	na	na	na	na	
na	na	-1.44334	na	na	
na	na	na	na	-2.89483	
na	na	na	na	na	
na	na	na	-1.44334	na	
0.787279	na	na	-1.44334	-2.73425	
na	na	na	na	na	
na	na	na	na	na	
na	na	na	na	na	
na	na	na	na	na	
na	na	-2.70726	-0.486512	-2.43111	
na	na	na	na	-1.44334	
na	na	na	na	na	
na	na	na	na	na	
na	na	na	-3.00591	-2.69158	
na	na	na	na	na	
na	na	na	na	na	
na	na	na	na	na	
na	na	na	na	na	
na	na	na	na	na	
na	na	na	0.933071	1.79117	
na	na	na	-1.86451	-2.28534	
na	na	na	na	na	
na	na	na	-2.40959	-2.18106	
na	na	na	-1.44334	-1.44334	
na	na	-2.91214	-2.95498	-2.99724	
na	na	-1.44334	na	na	
na	-1.44334	-1.44334	na	1.46813	
na	na	na	na	-1.44334	
na	na	na	na	na	
na	na	-1.44334	-1.44334	na	
na	na	0.58317	na	-1.44334	
na	na	na	na	na	
na	na	na	-1.86451	1.54352	
na	na	na	na	na	
na	na	-1.44334	na	na	
na	na	na	-2.87558	-2.40959	
na	na	na	na	na	
na	na	na	na	na	
na	na	na	na	na	
na	na	na	na	na	
0.787279	na	-1.44334	na	na	
na	0.787279	na	na	na	
na	na	na	na	na	
na	na	na	na	na	
na	na	na	na	0.58317	
na	na	-1.44334	0.787279	na	
na	na	na	0.58317	na	
-1.44334	na	na	-1.44334	na	
na	na	na	na	na	
na	na	na	na	na	
na	na	na	na	na	
na	-1.44334	na	na	na	
na	na	na	na	na	
na	na	na	-1.44334	na	
na	na	na	na	na	
na	na	na	na	na	
na	na	na	na	-1.44334	
na	na	na	na	na	
na	na	na	-1.86451	-2.57986	
na	na	-1.44334	na	na	
na	na	-1.44334	-1.44334	na	
na	na	na	na	na	
na	na	-2.91214	-2.92779	-3.05789	
na	na	na	na	na	
na	na	na	na	na	
na	na	0.58317	na	na	
na	-1.44334	na	na	na	
na	-1.44334	na	na	na	
na	na	0.58317	na	na	
na	na	na	-2.80225	-2.82978	
na	na	na	na	na	
-1.44334	na	na	na	na	
-1.86451	na	na	na	-1.44334	
na	na	na	na	na	
na	na	-1.44334	na	na	
na	na	na	1.85896	1.8714	
na	na	na	na	na	
na	na	na	na	na	
na	na	na	na	na	
na	na	-1.44334	na	na	
na	na	1.63486	1.46813	1.00594	
na	na	na	na	na	
na	na	na	-1.44334	na	
na	na	0.753339	1.27063	1.06705	
na	na	na	-1.44334	na	
-1.44334	na	na	na	na	
na	na	-2.82978	-2.28534	-2.87558	
-1.86451	-2.1151	na	na	na	
na	na	na	na	na	
na	na	na	na	na	
na	na	na	na	na	
na	na	na	na	na	
na	na	na	-1.44334	na	
-1.44334	-1.86451	-1.44334	na	na	
na	na	na	-2.73425	-2.73425	
na	na	-1.44334	na	na	
na	na	na	na	-1.44334	
na	na	na	na	na	
na	na	na	na	na	
na	na	na	na	na	
na	na	-2.73425	0.376307	-2.26997	
-1.44334	-1.44334	na	na	na	
na	na	-1.44334	na	na	
na	na	na	na	na	
na	na	na	na	na	
na	na	na	na	na	
na	na	na	na	na	
na	na	-3.02151	-1.86451	-2.40959	
na	na	1.21777	1.01198	1.08751	
na	na	na	na	na	
na	na	na	na	na	
na	na	na	na	na	
