B[0]	B[1]	B[2]	B[3]	
0.102041	0.666667	0.123188	0.142857	
0	0.444444	0.13587	0.217391	
0.138889	0.2	0.0930233	0.151515	
0.05	0.210526	0.253886	0.162162	
0.0666667	0.25	0.163636	0.0869565	
0.0980392	0.333333	0.0895522	0.176471	
0.119048	0.0909091	0.138889	0.0740741	
0.18	0	0.136364	0.136364	
0.12766	0	0.181208	0.121212	
0.181818	0.44	0.126437	0.130435	
0.04	0.5	0.0980392	0.047619	
0.0909091	0.416667	0.188034	0.222222	
0.117647	0.142857	0.128	0.2	
0.0888889	0.125	0.181818	0.190476	
0.186047	0.6	0.215385	0.208333	
0.16129	0.307692	0.18254	0.137931	
0.228571	0.166667	0.266667	0.0769231	
0.03125	0.5	0.187879	0.0588235	
0.0645161	0.285714	0.16	0.277778	
0.142857	0.428571	0.144828	0.16	
0.0540541	0.285714	0.104575	0.0588235	
0.179487	0.166667	0.246032	0.1875	
0.121212	0.25	0.141593	0.195122	
0.106383	0.545455	0.0729927	0.1	
0.145833	0	0.125	0.315789	
0.0833333	0.111111	0.22561	0.2	
0.233333	0.0833333	0.153285	0.151515	
0.222222	0.428571	0.121951	0.3	
0.212766	0.2	0.100629	0.103448	
0.0344828	0.615385	0.146341	0.0416667	
0.175	0.142857	0.173554	0.206897	
0.150943	0	0.237113	0.185185	
0.151515	0.692308	0.135922	0.176471	
0.103448	0.285714	0.253333	0.047619	
0.107143	0.173913	0.107784	0.269231	
0.185185	0.5	0.0862069	0.5	
0.166667	0.5	0.147887	0.15625	
0.0294118	0.428571	0.22807	0.166667	
0.0408163	0.0833333	0.118519	0.0714286	
0.151515	0.259259	0.221477	0.0588235	
0.166667	0.0833333	0.141414	0.166667	
0.027027	0	0.108911	0.153846	
0.139535	0.631579	0.198413	0.179487	
0.1875	0.285714	0.177305	0.206897	
0.223881	0	0.140625	0.0909091	
0.225	0.416667	0.201149	0.0869565	
0.0909091	0	0.12782	0.0714286	
0.137931	0.294118	0.255556	0.222222	
0.0322581	0.411765	0.0571429	0.178571	
0.186047	0.416667	0.175	0.361111	
0.142857	0	0.201613	0.0645161	
0.1	0	0.175325	0.181818	
0.257143	0.307692	0.157895	0.2	
0.0576923	0.166667	0.160305	0.2	
0.109091	0.461538	0.158879	0.0416667	
0.0909091	0	0.059322	0.117647	
0.142857	0.0714286	0.174194	0.153846	
0.15873	0.347826	0.144828	0.269231	
0.25	0.451613	0.0762712	0.142857	
0.0357143	0	0.0894309	0.0555556	
0.0769231	1	0.29661	0.16	
0.166667	0.375	0.0508475	0.0625	
0.119048	0.190476	0.139785	0.0869565	
0.117647	0.230769	0.21831	0.222222	
0.304348	0.142857	0.144068	0.461538	
0.255814	0.111111	0.104	0.208333	
0.166667	0	0.131868	0.08	
0.0967742	0	0.106667	0.0666667	
0.0357143	0.125	0.166667	0.115385	
0.194444	0.571429	0.0446429	0.208333	
0.1	0.25	0.10219	0.3125	
0	0	0.227642	0.219512	
0.2	0	0.211864	0.0769231	
0.142857	0.392857	0.176471	0.0952381	
0.115385	0.375	0.234483	0.111111	
0.0740741	0.333333	0.162338	0.173913	
0.105263	0.142857	0.15748	0.310345	
0.0909091	0.142857	0.166667	0.26087	
0.0645161	0.235294	0.153153	0.230769	
0.32	0.25	0.113821	0.125	
0.097561	0.8	0.0841121	0.148148	
0.16	0.285714	0.23913	0.2	
0.0344828	0.692308	0.201613	0.153846	
0.14	0.166667	0.205607	0.259259	
0.142857	0	0.186992	0.0714286	
0.142857	0.4	0.186667	0.121212	
0.204082	0.0714286	0.088	0.05	
0.352941	0.375	0.120567	0.259259	
0.0444444	0.416667	0.151261	0.227273	
0.0555556	0.1875	0.152381	0.454545	
0.0645161	0.166667	0.141732	0.2	
0.142857	0	0.0754717	0	
0.227273	0.0833333	0.158273	0.137931	
0.103448	0.166667	0.177632	0	
0.111111	0	0.16	0.047619	
0.1	0.6	0.180952	0.0625	
0.0697674	0	0.206349	0.125	
0.212766	0.125	0.137931	0.05	
0.119048	0.3125	0.225806	0.333333	
0.181818	0.0833333	0.131387	0.0454545	
0.0487805	0.0909091	0.122642	0.235294	
0.137931	0.692308	0.0873786	0.185185	
0.155556	0.2	0.134328	0.241379	
0.0857143	0.448276	0.0733333	0.0833333	
0.147059	0.444444	0.270492	0.0930233	
0.106383	0.142857	0.222222	0.166667	
0.290909	0.375	0.0576923	0.0909091	
0.037037	0.333333	0.173913	0.238095	
0.216216	0.666667	0.0748299	0.142857	
0.163265	0.25	0.144	0.0357143	
0.134615	0	0.180556	0.1	
0.131579	0.136364	0.104167	0.105263	
0.111111	0.35	0.0932203	0.16129	
0.0217391	0.3	0.109677	0.107143	
0.333333	0.117647	0.178862	0.1	
0.0769231	0.25	0.165563	0.227273	
0.0714286	0	0.122449	0.0555556	
0.142857	0	0.153153	0.136364	
0.105263	0.384615	0.121622	0.0833333	
0.164384	0	0.12963	0.111111	
0.0882353	0.666667	0.136	0.0322581	
0.146341	0.153846	0.116788	0.04	
0.21875	0.25	0.207692	0.125	
0.129032	0.352941	0.137931	0.2	
0.234043	0.392857	0.1875	0.107143	
0.203704	0	0.0955882	0.36	
0.282609	0.176471	0.0526316	0.162162	
0.0238095	0.25	0.153846	0.142857	
0.0625	0.0769231	0.184211	0.0869565	
0.0333333	0.333333	0.172414	0.230769	
0.0909091	0.0833333	0.136	0.1	
0.122449	0.111111	0.14433	0	
0.119048	0	0.169118	0	
0.4	0.125	0.121212	0.157895	
0.0740741	0.0666667	0.290909	0.216216	
0.0967742	0.117647	0.157025	0.148148	
0.108108	0	0.201493	0.0952381	
0.25641	0.166667	0.33871	0.0606061	
0.114286	0.411765	0.0821918	0.1875	
0.133333	0.166667	0.211268	0.173913	
0.185185	0	0.161017	0.294118	
0.047619	0.333333	0.166667	0.0555556	
0.153846	0.368421	0.10687	0	
0.102041	0.222222	0.0699301	0.0526316	
0.207547	0.4	0.119658	0.25	
0.238095	0.1	0.12931	0.0555556	
0.2	0.642857	0.1	0.151515	
0.113636	0.3	0.126506	0.269231	
0.146341	0.15	0.117647	0.0666667	
0.210526	0.142857	0.153846	0.130435	
0.0357143	0.142857	0.125	0.117647	
0.103448	0.142857	0.216981	0.166667	
0.22	0.357143	0.0675676	0.2	
0.152174	0.375	0.153846	0.0384615	
0.0454545	0.307692	0.0952381	0.1	
0.148936	0	0.152672	0.0454545	
0.214286	0	0.132911	0.137931	
0.0555556	0.333333	0.111111	0.117647	
0.142857	0.222222	0.157895	0.03125	
0.0851064	0.222222	0.11976	0.0967742	
0.108696	0.375	0.138211	0.0869565	
0.128205	0	0.15625	0.277778	
0.192308	0	0.127273	0.16	
0.1	0	0.187919	0.0526316	
0.114286	0.235294	0.179104	0.208333	
0.0606061	0.222222	0.157025	0.130435	
0.0322581	0.111111	0.0740741	0.125	
0.0833333	0	0.207921	0.2	
0.263158	0.3125	0.197674	0.181818	
0.181818	0.1	0.268041	0.0666667	
0.209302	0.214286	0.137255	0.166667	
0.292683	0	0.20202	0.142857	
0.103448	0.294118	0.115385	0.0416667	
0.0588235	0.333333	0.240506	0.193548	
0.137931	0.0666667	0.169014	0.185185	
0.203704	0	0.0719424	0.190476	
0.0833333	0	0.191489	0.285714	
0.25	0.333333	0.0803571	0.173913	
0.0434783	0.16	0.165563	0.111111	
0.1	0.25	0.118343	0.181818	
0.125	0.36	0.196078	0.151515	
0.146341	0	0.0896552	0.108108	
0.0869565	0.6	0.0930233	0.0434783	
0.137931	0.4	0.176471	0.0833333	
0.16129	0.26087	0.0744681	0.115385	
0.166667	0.2	0.139535	0.105263	
0.193548	0.0909091	0.22	0.0588235	
0.0666667	0	0.2125	0.222222	
0.133333	0.333333	0.227642	0.166667	
0.3	0.692308	0.204918	0.2	
0	0	0.142857	0.114286	
0.137931	0	0.213018	0.0833333	
0.0967742	0.368421	0.157143	0.0625	
0.113636	0.272727	0.0753425	0.304348	
0.047619	0.125	0.176923	0.119048	
0.32	0.375	0.163934	0	
0.0930233	0	0.147059	0.0769231	
0.111111	0.384615	0.151515	0.347826	
0.119048	0.2	0.224	0.08	
0.0540541	0.296296	0.123077	0.121212	
0.15	0.272727	0.133333	0.181818	
0.0681818	0.142857	0.0995025	0.103448	
0	0.0714286	0.15528	0.0769231	
0.0227273	0.333333	0.137405	0.125	
0.125	0.526316	0.219858	0.2	
0.226415	0.357143	0.257576	0.222222	
0.037037	0.222222	0.038835	0.0555556	
0.222222	0.2	0.108911	0.15	
0	0.333333	0.113208	0.0740741	
0.322581	0.294118	0.113636	0.2	
0.228571	0.4375	0.112903	0.111111	
0.121951	0.1875	0.290323	0.307692	
0.113208	0.3	0.148148	0.222222	
0.05	0.428571	0.24026	0.157895	
0.146341	0	0.241667	0	
0.12766	0.631579	0.12	0.363636	
0.292683	0	0.118056	0.0714286	
0.0789474	0.185185	0.151261	0.12	
0.315789	0.666667	0.165517	0.208333	
0.2	0	0.0956522	0.230769	
0.0869565	0	0.211538	0.0869565	
0.134615	0.588235	0.209302	0.142857	
0.0571429	0.111111	0.259542	0.0689655	
0.078125	0.333333	0.163043	0.142857	
0.147059	0.214286	0.138462	0.0555556	
0.1	0.25	0.133929	0.12	
0.08	0	0.125	0.277778	
0.166667	0.0714286	0.122807	0.157895	
0.125	0.0909091	0.102804	0.0714286	
0	0.571429	0.19697	0.153846	
0.0882353	0.0833333	0.195312	0.047619	
0.153846	0.615385	0.0808081	0.25	
0.0851064	0	0.25	0.333333	
0.0571429	0.3	0.105263	0.111111	
0.142857	0.266667	0.155172	0	
0.0967742	0.4	0.15625	0.272727	
0.0714286	1	0.120301	0.2	
0.142857	0.25	0.136752	0.0869565	
0.0697674	0	0.147826	0.192308	
0	0.421053	0.131944	0.0769231	
0.105263	0	0.224638	0.136364	
0.025	0.666667	0.133333	0.230769	
0.108108	0.619048	0.139344	0.111111	
0.133333	0.2	0.160305	0.166667	
0.102041	0.2	0.046875	0.0606061	
0	0.391304	0.136752	0.133333	
0.115385	0.166667	0.171429	0.176471	
0.1	0	0.0840336	0.0740741	
0.0967742	0.214286	0.196078	0.0967742	
0	0.2	0.128205	0.238095	
0.212766	0.272727	0.116071	0.129032	
0.277778	0.25	0.168831	0.0869565	
0.156863	0.1	0.113821	0.0526316	
0.133333	0.133333	0.138889	0.0882353	
0.138889	0.4375	0.205128	0.111111	
0.0588235	0.4	0.137097	0.0833333	
0.1	0.741935	0.234043	0.157895	
0.184211	0.125	0.0619469	0.125	
0.0491803	0.212121	0.0873786	0.214286	
0.241379	0.4	0.258824	0.166667	
0.111111	0	0.117117	0.0689655	
0.121951	0.176471	0.203947	0.2	
0.0227273	0.0833333	0.178571	0.291667	
0.0322581	0.333333	0.171642	0.111111	
0.166667	0.125	0.125	0.192308	
0.0625	0.235294	0.181818	0.0526316	
0.0952381	0.647059	0.137931	0.333333	
0.0952381	0.652174	0.224138	0.1	
0.15	na	0.206897	0.0869565	
0.137255	0.285714	0.143836	0.227273	
0.106383	0.133333	0.14881	0.105263	
0.0952381	0	0.186441	0.0434783	
0.191489	0.571429	0.226667	0	
0.320755	0	0.141732	0.133333	
0.111111	0.666667	0.18239	0.2	
0.166667	0	0.115385	0.142857	
0	0.28	0.173913	0.0967742	
0.09375	0.263158	0.109375	0.259259	
0.0740741	0.5	0.173469	0	
0.0192308	0.181818	0.0737705	0.0625	
0.0740741	0.142857	0.134752	0.321429	
0.233333	0	0.180328	0.1	
0.125	0.571429	0.127273	0.037037	
0.137255	0.454545	0.336842	0.130435	
0.129032	0.142857	0.1	0.121212	
0.258065	0.363636	0.20625	0.03125	
0.101695	0.2	0.189189	0	
0.0810811	0.3125	0.163121	0.130435	
0.0980392	0.5625	0.219298	0.166667	
0.210526	0.666667	0.142857	0.105263	
0.232143	0	0.0718954	0	
0.173077	0.263158	0.103093	0.12	
0.175	0.0666667	0.162602	0.136364	
0.16	0	0.104	0.153846	
0.121212	0.125	0.144144	0.217391	
0.0434783	0	0.121951	0.107143	
0.204545	0.294118	0.0873786	0.111111	
0.176471	0.444444	0.128571	0.0952381	
0.0294118	0.277778	0.0928571	0.2	
0.30303	0	0.185567	0.125	
0.170732	0.5	0.12	0.142857	
0.133333	0.111111	0.126214	0.136364	
0.0882353	0.25	0.165138	0.0333333	
0.105263	na	0.0916667	0.0625	
0	0.551724	0.246479	0.0967742	
0.166667	0.0625	0.175532	0.0952381	
0.0888889	0.266667	0.0994152	0.0588235	
0.236842	0.333333	0.148936	0.030303	
0.0294118	0	0.148649	0.115385	
0.0333333	0.1	0.181818	0.107143	
0.190476	0	0.157895	0.142857	
0.125	0.107143	0.295918	0	
0.170732	0	0.198675	0.189189	
0	0	0.290323	0.181818	
0.09375	0.294118	0.150327	0.111111	
0.236842	0.5	0.152047	0.153846	
0	0.142857	0.155039	0.25	
0	0.533333	0.18705	0.0454545	
0.0487805	0.2	0.164384	0	
0.130435	0.5	0.0940171	0.26087	
0.15625	0.2	0.257143	0.0952381	
0.132075	0.384615	0.243243	0.216216	
0.130435	0.2	0.116022	0.192308	
0.181818	0	0.0614035	0.225806	
0.106383	0	0.168831	0.321429	
0.18	0.142857	0.186992	0.133333	
0.153846	0.263158	0.299492	0.0540541	
0.125	0.1	0.0576923	0.15625	
0.0294118	0.285714	0.188811	0.117647	
0.196078	0.133333	0.141732	0.16	
0.0169492	0	0.0808824	0.1	
0.15	0.2	0.150794	0.173913	
0.16129	0.5	0.118182	0.0526316	
0.125	0.419355	0.165049	0.148148	
0.0588235	0.0909091	0.123596	0.0666667	
0.341463	0.75	0.135593	0.1	
0.176471	0.44	0.060241	0.2	
0.127273	0.305556	0.134328	0.0909091	
0.173913	0.0769231	0.176471	0	
0.0810811	0.0434783	0.125	0.238095	
0.12766	0.166667	0.107692	0.114286	
0.184211	0	0.272189	0.08	
0.275	0.166667	0.110169	0.0909091	
0.125	0.6	0.122302	0.190476	
0.12	0.323529	0.208738	0.294118	
0.105263	0.25	0.111111	0.0909091	
0.0789474	0.25	0.0909091	0.12	
0.119048	0.222222	0.0993377	0.15625	
0.352941	0.294118	0.111111	0.25	
0.285714	0.684211	0.147059	0.181818	
0.108108	0.266667	0.145695	0.258065	
0.0810811	0.0833333	0.181373	0.222222	
0.0571429	0.111111	0.131034	0.285714	
0.12	0.272727	0.152542	0.0645161	
0.113636	0.538462	0.2125	0.137931	
0.245614	0.307692	0.147059	0.259259	
0.121212	0.5	0.222222	0.153846	
0.172414	0.1	0.158228	0.3125	
0.208333	0	0.121212	0	
0.137255	0.266667	0.15873	0.09375	
0.0294118	0.222222	0.147727	0.185185	
0.297297	0	0.0923077	0.0434783	
0.107143	0	0.191781	0.117647	
0.192308	0.2	0.196319	0.0909091	
0.0882353	0.357143	0.107143	0.03125	
0.0571429	0.565217	0.189189	0.105263	
0.0909091	0.166667	0.0967742	0.333333	
0.194444	0	0.0642202	0.222222	
0.196078	0.294118	0.233083	0.318182	
0.0434783	0.545455	0.0661157	0	
0.136364	0.125	0.218182	0.0625	
0.0697674	0.0625	0.16	0.227273	
0.1	0	0.233333	0.0689655	
0.176471	0.166667	0.133333	0.0869565	
0.172414	0.166667	0.190476	0.0769231	
0.0810811	0.2	0.181034	0.138889	
0.23913	0.75	0.213483	0.0740741	
0.0857143	0.238095	0.151079	0.0625	
0.280702	0.363636	0.151163	0.142857	
0.0555556	0.272727	0.109091	0.125	
0.107143	0.222222	0.12782	0.0434783	
0.121212	0.25	0.0909091	0	
0.15	0.461538	0.302326	0.0344828	
0.184211	0.5	0.0873016	0.28125	
0.0833333	0.25	0.157895	0.181818	
0.254237	0.2	0.0952381	0.25	
0.0425532	0.566667	0.122222	0.148148	
0.119048	0.357143	0.165414	0.185185	
0.152542	0.294118	0.150289	0.0869565	
0.1	0.181818	0.150376	0.0384615	
0.121951	0.125	0.228346	0.285714	
0.0588235	0.111111	0.139535	0.24	
0.0930233	0.25	0.176136	0.277778	
0.24	0.2	0.143939	0.0833333	
0.0909091	0.7	0.153285	0.166667	
0.204545	0.0625	0.108696	0	
0.12766	0.571429	0.182482	0.08	
0.18	0.125	0.143836	0.0555556	
0.148148	0.388889	0.115702	0.0952381	
0.0645161	0.153846	0.203947	0.0588235	
0.153846	0.111111	0.133333	0.111111	
0.0952381	0.3	0.163934	0.1	
0.108696	0.210526	0.248	0.125	
0.157895	0.461538	0.161017	0.0588235	
0.15625	0	0.196721	0.0555556	
0.151515	0.142857	0.19685	0.0333333	
0.0714286	0.285714	0.0687023	0.176471	
0.0731707	0.764706	0.0808081	0.166667	
0.26087	0.214286	0.113636	0.0952381	
0.0540541	0.473684	0.124088	0.222222	
0.0555556	0.272727	0.141892	0.193548	
0.05	0.25	0.15942	0.08	
0.194444	0.307692	0.164948	0.166667	
0.225806	0	0.171975	0.166667	
0.0333333	0.571429	0.226087	0.15	
0.116667	0.428571	0.135135	0.0952381	
0.0645161	0.125	0.202797	0.108108	
0.0882353	0.235294	0.0854701	0.304348	
0.142857	0.428571	0.120968	0.0833333	
0.160714	0.363636	0.105263	0.133333	
0.234043	0.25	0.146552	0.333333	
0	0.181818	0.117188	0.0645161	
0.166667	0.0833333	0.148515	0.157895	
0.0540541	0	0.159664	0.266667	
0.0625	0.363636	0.103448	0.1	
0.285714	0.0833333	0.182609	0.222222	
0.186047	0.333333	0.0645161	0.172414	
0.2	0	0.092437	0.130435	
0.189189	0.882353	0.174194	0.102564	
0.137255	0.166667	0.0634921	0.0714286	
0.0952381	0.294118	0.131944	0.12	
0.103448	0	0.12782	0.133333	
0.15	0.32	0.1	0.185185	
0.0444444	0.7	0.0808824	0.125	
0.1	0.368421	0.195652	0.111111	
0.0952381	0.4	0.165354	0.181818	
0.105263	0.166667	0.209302	0.111111	
0.037037	0.142857	0.165354	0.103448	
0.125	0.142857	0.151316	0	
0.191489	0	0.141414	0.15	
0.025	0.153846	0.225806	0.111111	
0.15	0.470588	0.233129	0.147059	
0.222222	0.2	0.21875	0.135135	
0.075	0.529412	0.22963	0.0555556	
0.0652174	0	0.173228	0.130435	
0.108108	0.5	0.177305	0.225806	
0.105263	0.380952	0.12766	0.0952381	
0.348837	0.214286	0.195489	0.241379	
0.047619	0.5	0.139706	0.0357143	
0.0526316	0.2	0.145038	0.181818	
0.145161	0.0909091	0.356061	0.129032	
0.277778	0.142857	0.0694444	0.277778	
0.121212	0	0.163793	0.142857	
0	0.166667	0.112782	0.235294	
0.272727	0.4375	0.115854	0.178571	
0.0689655	0.0666667	0.0849057	0.2	
0.25	0.428571	0.147436	0.125	
0.0810811	0	0.272109	0.137931	
0.105263	0.0833333	0.0866142	0.0434783	
0.1	0.416667	0.151515	0.125	
0.170732	0.111111	0.101351	0.05	
0.0526316	0.333333	0.193333	0	
0.304348	0.769231	0.236364	0.105263	
0.151515	0.428571	0.184397	0.176471	
0.0526316	0.35	0.118056	0.130435	
0.107143	0.5	0.137681	0.147059	
0.125	0.125	0.0942029	0.111111	
0.272727	0	0.235849	0.217391	
0.176471	0.272727	0.20915	0	
0	0	0.0909091	0.151515	
0.12	0.272727	0.226667	0.285714	
0.173913	0	0.0862069	0.0740741	
0.18	0.25	0.17931	0.142857	
0.295455	0.142857	0.092437	0.04	
0.28	0.171429	0.0672269	0.15	
0.03125	0.357143	0.248276	0.04	
0.0769231	0.153846	0.115385	0.166667	
0.0512821	0.454545	0.117647	0.25	
0.113208	0	0.184	0.285714	
0.2	0	0.126126	0.0967742	
0.0454545	0.25	0.111111	0.0454545	
0.111111	0.468085	0.186441	0.047619	
0.2	0.0769231	0.113821	0.105263	
0.0943396	0.0909091	0.097561	0.166667	
0	0.5	0.122642	0.166667	
0.0535714	0.888889	0.192118	0.1	
0.0645161	0.272727	0.243056	0.0740741	
0.170732	0	0.171053	0.230769	
0.285714	0	0.137681	0.0454545	
0.162791	0.571429	0.125786	0.193548	
0.114286	0.538462	0.165217	0.25	
0.0909091	0.2	0.203704	0.1	
0.219512	0.285714	0.218978	0	
0.116279	0.875	0.0958904	0.0625	
0.142857	0.333333	0.19403	0.115385	
0.0833333	0.1875	0.201342	0.225806	
0.272727	0.125	0.152174	0.0909091	
0.238095	0.0909091	0.08125	0.217391	
0.241379	0.6	0.0887097	0.37037	
0.128205	0.166667	0.170732	0.208333	
0.230769	0.153846	0.120301	0.0434783	
0	0.111111	0.246377	0.171429	
0.377778	0.416667	0.133333	0.181818	
0.0526316	0.583333	0.126316	0.181818	
0.150943	0.0909091	0.167883	0.142857	
0.162162	0.235294	0.15873	0.166667	
0.162162	0.35	0.169355	0.136364	
0.137931	0.277778	0.125	0.047619	
0.12	0.142857	0.148936	0.206897	
0.173913	0.222222	0.0846154	0.173913	
0.075	0.142857	0.0932203	0.157895	
0.153846	0.125	0.191919	0.08	
0.0967742	0.333333	0.0964912	0.178571	
0.0666667	0.4375	0.160839	0.24	
0.0967742	0.407407	0.125	0.08	
0.04	0.428571	0.13253	0.346154	
0.0689655	0.166667	0.168	0.153846	
0.16	0.416667	0.138614	0.166667	
0.0322581	0.2	0.120482	0.0540541	
0.0882353	0.428571	0.15493	0.0810811	
0.175	0.214286	0.160714	0	
0.104478	0.2	0.0967742	0	
0.194444	0.666667	0.147287	0.08	
0.225806	0.214286	0.107143	0.0526316	
0.258065	0.0769231	0.109375	0.285714	
0.166667	0.133333	0.183206	0.1	
0.24	0	0.307692	0.08	
0.0625	0.111111	0.153061	0.222222	
0.210526	0	0.117241	0.130435	
0.4	0.636364	0.126582	0.26087	
0.0555556	0.1875	0.132353	0.0833333	
0.166667	0.3	0.135135	0.0869565	
0.0277778	0.375	0.0982143	0.2	
0.229167	0.4	0.208955	0	
0.05	0	0.162162	0.0869565	
0.113636	0.470588	0.106383	0.193548	
0.111111	0.730769	0.0729927	0.166667	
0.0652174	0.142857	0.234899	0.310345	
0.16	0.357143	0.145833	0.0666667	
0.0333333	0.142857	0.115702	0.0769231	
0.04	0.333333	0.165289	0.227273	
0.0689655	0	0.170543	0.32	
0.0967742	0.0909091	0.139706	0	
0.117647	0.55	0.138686	0.0909091	
0.222222	0	0.197183	0.15625	
0.09375	0	0.185629	0.294118	
0.203704	0.125	0.111888	0.259259	
0.166667	0.25	0.201439	0.181818	
0.129032	0	0.1875	0.259259	
0.0384615	0.5	0.245455	0	
0.191489	0.647059	0.0689655	0.25	
0.0465116	0.0909091	0.23301	0.0909091	
0.0952381	0.105263	0.277372	0.181818	
0.333333	0.416667	0.079646	0.333333	
0.1	0.2	0.18254	0	
0.0555556	0.857143	0.121387	0.047619	
0.181818	0.259259	0.163265	0.315789	
0.0666667	0.173913	0.176	0.153846	
0.125	0.411765	0.201493	0.117647	
0.12766	0.391304	0.0761905	0.103448	
0.229508	0.692308	0.116667	0.133333	
0.09375	0.25	0.147059	0.0357143	
0.0810811	0.36	0.262774	0.105263	
0.0869565	0.6	0.166667	0.105263	
0.282051	0.277778	0.110169	0.1875	
0.137931	0	0.119403	0.0740741	
0.047619	0.2	0.172662	0.157895	
0.285714	0.25	0.187097	0.166667	
0.0454545	0.214286	0.157233	0.115385	
0.05	0.466667	0.135922	0.230769	
0.125	0.111111	0.108527	0.0909091	
0.0952381	0.181818	0.12381	0.0384615	
0.2	0.545455	0.151899	0.1	
0.0784314	0.333333	0.148936	0	
0.0285714	0.173913	0.221239	0.181818	
0.139535	0	0.0588235	0.151515	
0.075	0.0625	0.169492	0.135135	
0.12	0.555556	0.115789	0.125	
0.23913	0.235294	0.140625	0.222222	
0.0555556	0.1875	0.161491	0.107143	
0.0512821	0.227273	0.156069	0.0666667	
0.0967742	0.411765	0.211538	0.153846	
0.0540541	0.285714	0.0909091	0.25	
0.0222222	0.142857	0.273585	0.130435	
0.212766	0.333333	0.12069	0.153846	
0.204082	0.4375	0.124183	0.105263	
0.206897	0.428571	0.125	0.0645161	
0.142857	0.333333	0.149351	0.0952381	
0.170213	0.5	0.165289	0.3	
0.183333	0	0.0925926	0.15	
0.1	0.588235	0.335821	0	
0.205882	0.25	0.210884	0.0666667	
0.0714286	0.2	0.108696	0.304348	
0.103448	0.2	0.240506	0.115385	
0.173913	0	0.102564	0.272727	
0.162791	0.214286	0.0964912	0.190476	
0.108108	0.25	0.138686	0.153846	
0.175	0.111111	0.214286	0.206897	
0.255319	0.285714	0.158273	0.04	
0.266667	0.618182	0.11	0.0571429	
0.225	0	0.151515	0	
0.106383	na	0.197279	0.142857	
0.108696	0.470588	0.132231	0	
0.16129	0.2	0.0816327	0.0952381	
0.348837	0.4	0.131783	0.318182	
0.135135	0.153846	0.217391	0.138889	
0.111111	0.285714	0.140127	0.2	
0.181818	0.0714286	0.27451	0.047619	
0.259259	0.157895	0.117188	0.285714	
0.0740741	0.5	0.125984	0.107143	
0.0714286	0.2	0.243421	0.153846	
0.130435	0.142857	0.165517	0	
0.357143	0.333333	0.226415	0.241379	
0.0689655	0	0.173228	0.125	
0	0.181818	0.202381	0.102564	
0.0847458	0.3	0.171233	0.125	
0.15	0.230769	0.110169	0	
0.0769231	0.2	0.0904523	0.210526	
0.0714286	0.3125	0.217742	0.181818	
0.0576923	0	0.187097	0.12	
0.12	0	0.17	0.12	
0.169811	0.514286	0.12	0.25	
0.0980392	0.111111	0.0882353	0.176471	
0.09375	0.142857	0.108108	0.0434783	
0.122807	0.375	0.180556	0.111111	
0.117647	0.3125	0.152778	0.0333333	
0.1	0	0.176871	0.05	
0.0227273	0	0.0679612	0.176471	
0.0769231	0.714286	0.14	0.0689655	
0.0487805	0.1875	0.112069	0.130435	
0.186047	0.333333	0.157407	0.0606061	
0.125	0.125	0.114754	0.130435	
0.171429	0.166667	0.117647	0.0357143	
0.0606061	0.5	0.160256	0.166667	
0.270833	0.333333	0.194444	0.115385	
0.12	0.294118	0.179688	0.116279	
0.192308	0.375	0.191781	0.125	
0.217391	0.375	0.176471	0.2	
0.451613	0.166667	0.152381	0.178571	
0.0294118	0.571429	0.11465	0.153846	
0.140351	0.190476	0.175439	0.130435	
0.215686	0.166667	0.21978	0.0769231	
0.2	0.125	0.128205	0.0555556	
0.102564	0	0.096	0.121212	
0.166667	0.375	0.134969	0.125	
0.133333	0	0.146853	0.222222	
0.157895	0.0588235	0.179012	0.192308	
0.025641	0.125	0.0505051	0.0384615	
0.121212	0.0588235	0.177778	0.269231	
0.111111	0.25	0.146154	0.214286	
0.107143	0	0.132353	0.0526316	
0	0.454545	0.125	0.08	
0.0810811	0.307692	0.129032	0.133333	
0.097561	0.285714	0.234483	0.0833333	
0.0952381	0	0.169697	0.111111	
0.157895	0.272727	0.0543478	0.323529	
0.162162	0	0.194969	0.15	
0.21875	0.125	0.173913	0.0555556	
0.06	0.176471	0.0714286	0.2	
0.142857	0.25	0.119266	0.2	
0.146341	0.111111	0.121212	0.04	
0.108696	0.214286	0.0752688	0.103448	
0.0434783	0	0.128788	0.157895	
0.0769231	0.266667	0.0866142	0.269231	
0.275	0.176471	0.169355	0.037037	
0.125	0.227273	0.0840336	0.037037	
0.0882353	0	0.160584	0.0322581	
0.121951	0.166667	0.1	0.0769231	
0.117647	0.153846	0.107438	0.111111	
0.125	0.117647	0.0789474	0.0833333	
0.304348	0.611111	0.117117	0.25	
0.153846	0.384615	0.135417	0.178571	
0.0625	0.157895	0.183333	0.0952381	
0.139535	0.380952	0.130435	0.326531	
0.155556	0.5	0.206667	0.133333	
0.162162	0.117647	0.184783	0.0769231	
0.244444	0.037037	0.114504	0.222222	
0	0.3125	0.147541	0.08	
0.0465116	0.1	0.174497	0.0769231	
0.0857143	0.142857	0.261261	0	
0.147059	0.363636	0.189655	0.25	
0.0769231	0.625	0.119266	0.227273	
0.142857	0	0.168919	0.259259	
0.2	0.5	0.163793	0.133333	
0.027027	0.125	0.148148	0.166667	
0	0	0.164474	0.04	
0.119048	0.0666667	0.174312	0.12	
0.166667	0.3125	0.234848	0.0909091	
0.194444	0.533333	0.140496	0.105263	
0.166667	0.8	0.163265	0.181818	
0.075	0.15	0.126984	0.125	
0.115385	0.111111	0.160714	0.111111	
0.0697674	0.294118	0.166667	0.0571429	
0.111111	0.125	0.155689	0.125	
0.0952381	0.125	0.0970874	0.407407	
0.230769	0	0.140845	0.230769	
0.153846	0.166667	0.182692	0.258065	
0.176471	0.6	0.153846	0.363636	
0.0833333	0.25	0.151786	0.310345	
0.0892857	0.25	0.114504	0.125	
0.30303	0.25	0.19708	0.0869565	
0.113636	0	0.164384	0.172414	
0.0833333	0	0.0866142	0.148148	
0.139535	0.0555556	0.190722	0.130435	
0.0769231	0	0.209677	0.0769231	
0.104167	0	0.233083	0.137931	
0.137931	0.25	0.140845	0.115385	
0.275862	0	0.0970149	0.0588235	
0.307692	0.272727	0.142857	0.3125	
0.121212	0	0.218543	0.266667	
0.0666667	0.285714	0.174825	0.05	
0.205128	0.25	0.26087	0.0769231	
0.12766	0.263158	0.119565	0.2	
0.047619	0.296296	0.158621	0.173913	
0.181818	0.0833333	0.171429	0.166667	
0.243902	0.407407	0.326241	0.190476	
0.0588235	0.153846	0.107843	0.0666667	
0.131579	0.352941	0.171642	0.176471	
0.0810811	0.142857	0.11465	0.133333	
0.216216	0.0833333	0.262712	0.142857	
0.258065	0.266667	0.113924	0.148148	
0.0714286	0.578947	0.16129	0.16129	
0.03125	0.222222	0.0520833	0.125	
0.04	0.230769	0.121951	0.0555556	
0.0384615	0.166667	0.0882353	0.0909091	
0.22449	0.222222	0.186667	0.24	
0.131579	0.272727	0.162791	0.259259	
0.0892857	0.333333	0.153061	0.0625	
0.128205	0.0909091	0.214724	0.205882	
0.254902	0.125	0.143836	0.115385	
0	0	0.213235	0.181818	
0.0909091	0	0.286458	0.0434783	
0.0606061	0.0909091	0.22449	0.125	
0.0487805	0.277778	0.17037	0.241379	
0.0769231	0.272727	0.141935	0.157895	
0.0681818	0.263158	0.130081	0.12	
0.125	0.142857	0.0641026	0	
0.05	0.181818	0.0793651	0	
0.12	0.333333	0.0603448	0.142857	
0.160714	0.35	0.226667	0.12766	
0.107143	0	0.198276	0.137931	
0.0666667	0	0.107914	0.111111	
0.170213	0.321429	0.153226	0.0952381	
0.121951	0.0769231	0.156716	0.0952381	
0.0204082	0.105263	0.0512821	0.266667	
0.0909091	0.125	0.135338	0.0952381	
0.108108	0.166667	0.104348	0.166667	
0.0810811	0	0.0703125	0.0454545	
0.0277778	0.181818	0.125	0.242424	
0.178571	0.375	0.121212	0.12	
0.25	0.35	0.177215	0.181818	
0.15	0.142857	0.223022	0.0454545	
0.107143	0	0.0820896	0.242424	
0.121212	0.2	0.12605	0.263158	
0.1875	0.142857	0.134146	0.0526316	
0.151515	0.458333	0.209302	0.0909091	
0.0227273	0	0.178862	0	
0.0714286	0.454545	0.0855263	0.142857	
0.0857143	0.136364	0.192982	0.0909091	
0.113636	0.25	0.119718	0.111111	
0.129032	0.142857	0.203125	0.0434783	
0.212121	0.277778	0.229358	0.111111	
0.351351	0.416667	0.0927835	0.105263	
0.097561	0.45	0.14	0.294118	
0.386364	0.2	0.0948905	0.130435	
0.147059	0.0714286	0.271186	0.0645161	
0.0645161	0.153846	0.12	0.0571429	
0.1875	0.0555556	0.0535714	0	
0.157895	0.0909091	0.0915493	0.269231	
0.12	0.166667	0.12844	0.291667	
0.21875	0.176471	0.144	0.114286	
0.147059	0.2	0.170732	0.0689655	
0.142857	0.5	0.111111	0.222222	
0.030303	0.625	0.122699	0.0714286	
0.102564	0.428571	0.238532	0.166667	
0.142857	0	0.0647482	0.1	
0.166667	0.375	0.17341	0.173913	
0.169811	0	0.0967742	0.173913	
0.0526316	0.375	0.129032	0.121951	
0.244444	0.153846	0.0980392	0.136364	
0.037037	0	0.129032	0.148148	
0.1875	0.3	0.107143	0.130435	
0.0740741	0	0.2	0.0952381	
0.12963	0.25	0.130178	0.05	
0.209302	0.6	0.135714	0.1875	
0.277778	0.388889	0.204819	0.0588235	
0.0434783	0.0909091	0.2	0.233333	
0.130435	0.285714	0.198718	0	
0.0588235	0	0.107843	0	
0.1	0.1875	0.142857	0.208333	
0	0.238095	0.12037	0.219512	
0.2	0.2	0.139706	0.208333	
0.344828	0.25	0.125	0	
0.1	0.2	0.168421	0.0769231	
0.0681818	0	0.175439	0.105263	
0.157895	0	0.0846154	0.192308	
0.2	0	0.16129	0.0555556	
0.0571429	0.428571	0.233645	0.275862	
0.178571	0.190476	0.165217	0.16	
0.142857	0.153846	0.0588235	0.133333	
0.037037	0.2	0.135338	0.176471	
0.119048	0.0625	0.148515	0.269231	
0.175	0.625	0.161017	0.36	
0.2	0	0.174497	0.171429	
0.027027	0.166667	0.135922	0.176471	
0.184211	0.0625	0.150376	0.190476	
0.171429	0.416667	0.166667	0	
0.145455	0.416667	0.183824	0.2	
0.210526	0.5	0.137931	0.103448	
0.0238095	0.285714	0.133333	0.03125	
0.09375	0.285714	0.192308	0.214286	
0.2	0.222222	0.211679	0.181818	
0.0652174	0.473684	0.145985	0.16	
0.15625	0	0.166667	0.0769231	
0.0754717	0.0909091	0.105263	0.16	
0.105263	0.352941	0.108696	0.117647	
0.030303	0.421053	0.2	0.166667	
0.113636	0.111111	0.22293	0.208333	
0.0847458	0	0.133929	0.151515	
0.363636	0.0909091	0.107843	0.2	
0.211538	0.222222	0.122302	0.105263	
0.139535	0.0909091	0.1875	0.0869565	
0.206897	0.166667	0.233161	0.0869565	
0.114286	0	0.151786	0.147059	
0.195122	0.5	0.1	0.142857	
0.0517241	0.333333	0.135593	0.0555556	
0.181818	0.0769231	0.0980392	0.0625	
0.09375	0.125	0.232258	0.157895	
0.184211	0.366667	0.130435	0.277778	
0.0869565	0.125	0.104839	0.222222	
0.115385	0.1	0.134615	0.125	
0.416667	0.461538	0.14966	0.08	
0.103448	0.461538	0.132075	0.0454545	
0.193548	0.285714	0.14	0.047619	
0.222222	0	0.0775862	0.130435	
0.106383	0.0833333	0.217391	0.0952381	
0.16129	0.0909091	0.101562	0.04	
0.0625	0.142857	0.160714	0.047619	
0.0540541	0	0.206612	0.1	
0	0	0.0988372	0	
0.0384615	0	0.14881	0.1	
0.0967742	0.24	0.147887	0.208333	
0.166667	0	0.132867	0.263158	
0.113636	0.181818	0.2125	0.142857	
0.102564	0.2	0.0947368	0.277778	
0.122449	0.2	0.108911	0.181818	
0.3	0.333333	0.147541	0.133333	
0.104167	0.214286	0.2	0.16	
0.0588235	0.153846	0.172662	0.289474	
0.16	0.166667	0.277778	0.0869565	
0.205128	0.611111	0.128788	0.103448	
0.103448	0.26087	0.183333	0.241379	
0	0.277778	0.159292	0	
0.0967742	0	0.183206	0.0769231	
0.24	0	0.168	0.1	
0.108108	0.416667	0.0797101	0.2	
0.121951	0.5	0.313725	0.12	
0.0888889	0.263158	0.164773	0.130435	
0.203704	0.451613	0.181034	0.181818	
0.125	0.421053	0.129032	0.333333	
0.0769231	0.333333	0.15	0.137931	
0.15	0	0.0675676	0.136364	
0.0645161	0.111111	0.151261	0.0526316	
0.238806	0.653846	0.0952381	0.208333	
0.108108	0.230769	0.103448	0.0454545	
0.214286	0.388889	0.096	0.047619	
0.0810811	0.173913	0.209302	0.0526316	
0.295455	0	0.107692	0.179487	
0.225806	0.2	0.167883	0.2	
0.147059	0	0.173611	0.185185	
0.04	0.285714	0.12844	0.24	
0.15625	0	0.221053	0.0416667	
0.0882353	0.479167	0.115702	0.121212	
0.282609	0.421053	0.153846	0.0333333	
0.0232558	0.176471	0.0873016	0.0571429	
0.047619	0	0.144231	0.0588235	
0.125	0.375	0.183099	0.142857	
0.177778	0.047619	0.191781	0.157895	
0.185185	0.3	0.0962963	0.1875	
0.1	0.2	0.106195	0.142857	
0.0425532	0.535714	0.133929	0	
0.193548	0.0740741	0.160377	0.166667	
0.0540541	0	0.12069	0.0416667	
0.282051	0.111111	0.198347	0.25	
0.104167	0.166667	0.201923	0.136364	
0.175	0.5	0.169643	0.0454545	
0.030303	0.181818	0.166667	0.0434783	
0.0322581	0.294118	0.191176	0.142857	
0.133333	0.458333	0.0866667	0.16	
0.255319	0.25	0.227941	0.0689655	
0.355556	0.190476	0.144928	0.137931	
0.0606061	0.0666667	0.0666667	0.0769231	
0.0408163	0	0.162602	0.2	
0.186047	0.0833333	0.0588235	0.192308	
0.030303	0.0833333	0.148515	0.15625	
0.0952381	0	0.136054	0.0909091	
0.0454545	0.333333	0.184466	0.162791	
0.2	0.619048	0.157233	0.1875	
0.192308	0.428571	0.193798	0.2	
0.0769231	0.266667	0.101695	0.151515	
0.0909091	0.0909091	0.256198	0.352941	
0.107143	0.142857	0.233766	0.235294	
0.195122	0.2	0.189655	0.125	
0.177778	0.52381	0.0915493	0	
0.0487805	0.133333	0.267176	0.0952381	
0.117647	0.444444	0.129496	0.0666667	
0.352941	0.25	0.134921	0.111111	
0.229167	0.0869565	0.133333	0.136364	
0.183673	0.166667	0.147059	0.192308	
0.119048	0.166667	0.154639	0.181818	
0.0769231	0.153846	0.127119	0.208333	
0	0.153846	0.255319	0	
0.277778	0.294118	0.159236	0.04	
0.222222	0.105263	0.153226	0.0714286	
0.0909091	0.5	0.164835	0.0606061	
0.271186	0	0.111111	0.0606061	
0.030303	0.125	0.0947368	0.0666667	
0.148148	0.454545	0.128	0	
0.192308	0.285714	0.0746269	0.09375	
0.237288	0.0666667	0.129032	0.037037	
0.148936	0.387097	0.170886	0.08	
0.0882353	0.214286	0.133333	0.0526316	
0.195122	0.0666667	0.0990099	0.121212	
0.08	0.111111	0.146552	0.314286	
0.0606061	0.25	0.222222	0.04	
0.166667	0	0.15	0.0952381	
0.0769231	0.111111	0.141844	0.130435	
0.0526316	0.5	0.18018	0.0769231	
0.0980392	0	0.102564	0.142857	
0.0487805	0.545455	0.159091	0.121212	
0.0789474	0.0909091	0.185567	0.277778	
0.148148	0.153846	0.256198	0	
0.05	0.2	0.245098	0.242424	
0.106383	0	0.158228	0.1	
0	0	0.147541	0.181818	
0.0638298	0.375	0.134328	0.1	
0.191489	0.25	0.122807	0.133333	
0.157895	0.416667	0.281481	0.185185	
0.117647	0.0714286	0.165468	0.111111	
0.075	0.6	0.178082	0.323529	
0.215686	0.333333	0.0357143	0.116279	
0.155172	0.153846	0.149606	0.148148	
0.0277778	0	0.173913	0.12	
0.175	0.181818	0.162393	0.153846	
0.113636	0.181818	0.173228	0.157895	
0.324324	0.8	0.18254	0.130435	
0.230769	0.259259	0.136364	0.2	
0.0714286	0.357143	0.180556	0.05	
0.267857	0.375	0.237762	0.162162	
0.0294118	0.25	0.241135	0.142857	
0.22	0.235294	0.135484	0.222222	
0.132075	1	0.182482	0.0588235	
0.137931	0.181818	0.14	0.107143	
0.0322581	0.333333	0.206061	0.166667	
0.0888889	0	0.137255	0.227273	
0.0689655	0.888889	0.141414	0.193548	
0.03125	0.285714	0.174242	0.230769	
0.105263	0	0.117647	0.171429	
0.0571429	0.315789	0.0679012	0.0384615	
0.0909091	0.5	0.198718	0.157895	
0.027027	0.111111	0.159664	0.12	
0.162791	0.25	0.137097	0.166667	
0.135135	0.307692	0.207407	0.176471	
0.234043	0.533333	0.178295	0.136364	
0	0.153846	0.112245	0.259259	
0.111111	0	0.198347	0.0526316	
0.148148	0.21875	0.167832	0.25	
0.15	0.368421	0.114583	0.0322581	
0.192308	0.421053	0.107143	0.153846	
0.147059	0.0952381	0.129412	0.227273	
0	0.4	0.208054	0.0869565	
0.23913	0	0.128788	0.12	
0.106383	0.333333	0.13245	0	
0.115385	0.5	0.198276	0.153846	
0.102041	0.454545	0.189873	0.1	
0.0363636	0.428571	0.221477	0.115385	
0.192308	0.0714286	0.260116	0.0333333	
0.25	0.230769	0.0940171	0.125	
0.131579	0.333333	0.179487	0.0869565	
0.183673	0	0.209677	0.0434783	
0.097561	0.25	0.189394	0.25	
0.0434783	0.0833333	0.20438	0.142857	
0.121212	0.0666667	0.137931	0.0714286	
0.12963	0.142857	0.114094	0.235294	
0.105263	0.4	0.116438	0.0416667	
0.142857	0.2	0.10219	0.222222	
0.116279	0.277778	0.214286	0.2	
0.1	0.0909091	0.244604	0.296296	
0.210526	0.285714	0.204082	0.166667	
0.0833333	0.411765	0.22695	0.190476	
0.0645161	0.428571	0.0916031	0.1	
0.111111	0	0.11194	0.0416667	
0.142857	0.12	0.105263	0.173913	
0.15	0.125	0.14557	0.230769	
0.166667	0.48	0.237288	0	
0.242424	0.0714286	0.203209	0.148148	
0.15	0.0769231	0.168	0.181818	
0.0869565	0	0.119658	0.4	
0.03125	0.333333	0.142857	0.2	
0.0465116	0.333333	0.103093	0.05	
