ZengE[0]	ZengE[1]	ZengE[2]	ZengE[3]	
-0.485985	0.619264	-0.195256	-0.794484	
-1.43109	1.15385	-0.395023	0.371733	
-0.0817139	-0.64766	-1.03171	0.10202	
-0.896761	-0.404635	1.0992	0.31101	
-0.651247	0.991621	0.451134	-0.798162	
-0.351016	0.395396	-0.816751	-0.614895	
-0.00803917	-1.42734	-0.458993	-0.342857	
0.0961224	-0.44627	-0.194622	0.593172	
-0.935131	-1.24702	0.444941	-0.739008	
0.963903	1.44384	-1.4783	0.458392	
-0.953339	1.25254	-0.966493	-0.28539	
-0.839422	0.634889	-0.107448	1.33503	
-0.666065	-1.12541	0.106659	0.222532	
-1.12261	-0.604334	0.704402	-0.145851	
0.851087	2.41838	0.637582	1.21243	
-0.138428	-0.233981	0.19673	-0.117883	
1.63102	-0.167633	0.363782	-0.210244	
-1.13946	0.940474	0.28967	-0.583344	
-1.10354	-0.898511	-0.132183	1.08759	
-0.00418433	2.20583	0.0412408	-0.109755	
-0.106917	0.483342	-0.258829	-0.303812	
0.13603	0.480571	0.129208	0.457832	
-0.601665	-1.7941	-0.187754	-0.295812	
0.196133	0.526333	-0.73064	-0.120401	
0.254928	1.00225	0.0709661	0.911417	
-0.368158	-1.01227	0.427148	0.142849	
0.875371	-0.0304785	0.245267	-0.12441	
-0.2564	-0.295562	0.257875	0.603982	
0.757011	-0.770033	-0.43887	0.457864	
-0.821831	1.32617	0.0210545	1.38002	
-0.328964	-0.174973	0.26348	1.78928	
0.904793	-0.200828	0.144185	-1.21993	
0.566095	0.439952	0.189056	0.457856	
0.00563164	0.679101	1.04252	0.0867138	
0.0305752	-0.808657	-0.028547	-0.131624	
0.197007	0.263112	-0.727854	0.616815	
0.168925	1.39749	-0.106632	-0.67045	
-1.00407	0.709428	0.729658	-1.16167	
-0.229281	-0.383728	-0.0616445	-0.3567	
0.463434	-0.0499836	0.14867	-1.6561	
-0.0961135	-0.711878	0.218136	-1.51103	
-0.573462	-0.805977	-0.102242	-0.917821	
-1.33534	-0.46569	0.510224	-0.0197069	
-0.283868	0.669155	0.153518	0.673769	
0.675458	-0.149172	-0.102299	-0.977044	
1.01409	0.310221	0.777707	-0.278208	
-0.383512	-1.26028	-0.725587	-0.20859	
-0.151301	0.11518	0.287342	-0.533526	
-0.0438514	0.247928	-0.42538	-0.652918	
0.994795	1.19513	0.355195	1.14959	
0.770034	-0.955944	0.67132	0.594101	
-0.345924	-0.0702712	-0.0544936	0.467331	
1.10557	0.198255	0.0107099	1.1352	
-0.774354	-0.299669	-0.362651	0.222532	
-0.115398	-0.365704	-0.164105	-0.0864508	
-1.1278	-1.07042	-0.764068	-0.740515	
0.260013	-1.50767	0.147329	-1.07506	
0.209309	1.19285	0.366387	-0.210244	
-0.0745534	0.504946	-0.389568	1.56872	
-1.92695	-1.02209	-0.516725	-0.564587	
-0.488729	0.556525	1.04687	0.295869	
1.51377	0.787682	-0.168971	-0.006755	
-0.730746	-0.508354	-0.307203	-0.538185	
-0.140285	-0.607401	-0.0291007	1.7545	
0.725926	-0.295562	-0.589643	1.75525	
0.820292	-1.52802	0.00461239	-0.337846	
-0.538473	0.181156	-0.808071	-0.596504	
0.429033	-1.48799	-0.862851	-1.15353	
-0.532579	-1.29268	-0.0972336	-0.0136942	
-0.785888	-0.371715	-0.527881	0.206844	
-1.00595	0.940474	-0.218177	0.403976	
-0.921346	-0.909125	0.450292	0.081144	
0.486777	0.279581	0.708284	0.104235	
-0.268382	0.843365	0.206061	-0.378415	
-1.48983	0.202454	0.531072	-0.0108858	
0.695754	0.798426	-0.361541	-0.364867	
-0.981482	-1.58413	0.520034	0.565817	
-0.601665	0.0662068	0.38965	-0.278208	
0.0101926	-0.216692	0.278043	0.458024	
0.219763	0.596495	0.248007	-0.73769	
0.155596	2.35552	-0.529576	0.343551	
1.02392	0.78588	0.570374	0.603982	
-0.338991	-0.124007	0.42161	-0.328173	
-0.300219	-0.959848	0.22948	-0.0759205	
-0.0499352	-1.2719	0.23814	0.606009	
-0.580763	-0.744114	0.0898339	-0.0920632	
0.329968	-1.58413	0.0823621	-0.603323	
0.578555	-1.29268	-0.158695	-0.57166	
-1.0239	0.565746	0.523743	1.04181	
-0.90524	-0.76932	-0.102251	1.04009	
-1.09771	0.798426	0.0652534	-0.458446	
-1.03181	-1.37165	-0.261074	0.175643	
-0.436859	-2.07468	-0.137483	-1.08946	
-0.736232	-0.456353	-0.46976	0.393029	
0.170491	-0.0958404	-0.401669	-0.424928	
0.112062	1.25254	-0.376933	-0.109774	
-1.04792	-0.46785	0.10027	-0.589242	
-0.630926	0.151984	-0.436015	-0.265278	
0.201441	0.688341	0.304099	1.21243	
-0.883981	-0.882228	-0.249371	-0.304094	
-0.528687	-1.19089	-0.289434	1.24664	
-1.16423	1.40674	-0.550854	0.114749	
-0.0269286	-0.45163	-0.225176	-0.513709	
0.0546677	0.505514	-0.319044	-0.212149	
1.01142	1.75764	0.126416	-0.937433	
0.386261	-0.174973	0.266801	-0.324736	
1.30949	0.96599	-0.425584	1.26612	
-1.13299	-0.200828	-0.128872	1.52861	
0.00971978	0.0964386	-0.52331	0.274217	
-0.540994	-1.4038	-0.0682779	0.643037	
-0.313063	-0.597872	-0.118379	-0.0238164	
0.79275	0.372409	-0.711787	0.0577181	
0.0760982	-0.399752	0.113187	0.457832	
-0.378192	-0.481093	0.317743	-0.20859	
0.514765	-0.614938	0.213471	-1.01212	
-1.19388	0.139871	0.616813	0.593172	
-0.992597	-0.181399	-0.769226	-0.690896	
0.901321	-0.959293	-0.0370688	0.368856	
0.0628739	1.00391	-0.0733462	-0.67304	
0.985602	-0.898511	-0.0681608	-0.293927	
-0.303026	0.43181	0.106659	-0.938934	
-0.65699	-0.365704	0.632956	-0.637066	
-0.231216	1.98924	0.314468	-1.02311	
0.820852	0.646175	-0.220565	0.0930569	
0.966152	1.56341	-0.07854	-0.3567	
0.609487	-1.22293	-0.443343	-0.312567	
0.69687	-0.94681	-0.625572	0.0465403	
-0.427	0.395396	0.146026	0.272766	
0.00571556	-0.607401	0.257001	-0.668173	
-0.790031	1.0257	0.429727	0.615264	
-0.592617	-0.626703	0.0969401	0.314229	
0.22912	0.122364	-0.564267	-0.266589	
0.316655	-0.478159	0.893848	-0.509357	
1.37499	-0.00578356	0.146943	-0.444458	
-0.770261	-0.79317	0.943056	-0.188544	
-0.489714	-0.482189	0.253459	-0.57166	
1.15276	0.263112	0.803254	-0.704006	
-0.17635	0.186199	1.25887	0.296104	
-0.0186512	-0.0839432	-0.4799	-0.006755	
-1.26189	0.736096	0.625612	0.155086	
-1.46549	-0.829372	0.513339	1.17006	
-0.645185	0.329304	0.406794	-0.384147	
0.493035	0.816456	-0.358002	-0.67304	
0.210784	-0.49653	-0.962352	-0.544893	
1.17013	0.000472852	-0.334987	0.45824	
0.74609	-0.481093	-0.529754	-1.3186	
0.189086	0.938784	-0.261158	-0.156758	
-0.306027	0.674665	0.0980922	0.340095	
-0.357616	-1.163	0.362216	0.282846	
0.119895	-0.734536	-0.511994	-1.36144	
-0.444513	-0.360897	-0.287012	-0.0854614	
-0.4509	-0.536742	0.810962	-0.463544	
0.240247	-0.284445	0.0467516	-0.312567	
-0.339451	-0.514782	0.673421	-0.131624	
-0.346283	0.198255	-0.73173	0.422843	
0.329222	-1.21857	0.40444	1.26612	
0.086227	-1.18155	0.0727597	1.35747	
-0.0697787	0.152643	-1.04672	-0.488689	
-0.385803	-0.290232	0.218496	0.0264297	
-0.174618	-1.73432	-0.4936	-0.632327	
0.183552	-1.4038	-0.122024	-0.538185	
-0.165193	-1.47533	-0.449186	0.302965	
-0.278248	-0.0304785	-0.694012	0.458119	
0.617112	-1.07042	0.255657	-0.243588	
-0.10419	-0.216692	-0.307087	0.290643	
0.0527936	-0.0839342	0.508993	-0.278208	
-0.638335	-0.805977	-0.4864	-0.106309	
-0.55912	-0.807145	0.212228	0.336431	
1.62527	-0.846305	0.342566	-0.0797776	
0.232541	-0.67372	0.581577	-0.375754	
1.29248	-0.896059	-0.825392	-0.12835	
0.893338	-0.149172	-0.585821	0.691382	
-0.479433	0.11518	-0.113797	-0.421645	
-1.19184	-1.62003	0.508592	-0.155383	
0.462163	-0.64766	-0.128169	0.0766147	
0.449517	0.327468	-1.13964	0.644869	
-0.497955	-0.347314	0.448386	1.52861	
0.85134	-0.702828	-0.87807	-0.191549	
-0.368506	-0.232502	-0.19579	0.419819	
-0.221019	-1.05258	0.142123	0.425493	
0.358944	1.88758	-0.0983311	-0.577272	
-0.453844	-1.62157	-0.283906	0.31101	
-0.165116	-0.0129031	-0.00324233	-0.104891	
0.233897	0.27127	-0.208071	-0.421645	
0.834363	0.771479	-0.787216	0.143545	
-0.343208	0.482039	-0.66572	-1.09729	
-0.16545	-0.46785	0.359693	-0.303812	
-0.263832	-0.972511	0.278296	0.191016	
0.417266	0.225513	0.297345	-0.115503	
0.118722	0.84278	0.106529	1.61812	
-0.290424	-0.959293	-0.183715	-0.158011	
-0.3653	-1.29268	0.342825	-0.212149	
1.09107	0.633292	0.0548422	-0.851856	
0.0764075	-0.106329	-0.484095	0.111757	
0.190967	-0.737037	0.164618	0.168032	
1.21309	-1.4038	-0.957441	0.12106	
-0.319112	-0.919752	0.354833	1.98759	
0.765683	0.84278	-0.111538	0.155086	
-0.0813573	-2.03	0.646047	-0.474817	
-0.398507	0.737953	0.0709611	1.33122	
-0.77665	1.40863	-0.0345324	-0.0797776	
-0.698525	-0.0543829	-0.204368	0.529833	
-0.0974579	-1.04896	0.0467082	-0.564032	
-0.386539	0.0964386	-0.697382	0.289809	
0.618959	0.816456	1.06414	-0.150318	
0.391243	0.213324	0.83469	0.0384809	
0.257461	-1.73432	-0.370246	-1.21398	
0.219846	1.17121	-0.179377	0.314229	
-1.26758	-1.24345	0.0395503	-1.37247	
0.199347	0.0488055	-0.67466	0.0575501	
1.44773	1.5907	-0.023951	0.146039	
-0.913596	0.688341	1.0636	0.300785	
-0.507468	-0.38478	-0.046518	0.953692	
-1.14133	-1.26028	0.380157	-0.344023	
0.219747	0.36051	0.140104	-0.846199	
-0.165111	1.91544	0.10736	1.26612	
1.22479	-0.541528	0.246214	1.72011	
-0.689811	-0.420777	0.15729	0.295869	
-0.544416	1.68087	0.231261	-1.05013	
-0.688426	-1.24702	0.354972	1.00836	
-0.200487	-1.2719	0.30192	-1.23146	
-0.382691	1.70816	0.916804	0.17974	
-0.385246	-0.855165	0.40909	0.0620381	
-0.490891	-0.0559902	0.143637	0.458817	
-0.653546	-0.743155	-0.303664	-0.324736	
-1.33243	-0.737037	0.23176	1.02599	
0.348322	-0.44627	-0.0357731	-0.743204	
-0.314454	-1.27832	-0.573874	0.710547	
-0.962645	-0.829372	-0.259689	-0.467781	
-0.80871	2.23682	0.516203	-0.0530041	
0.135124	-0.371178	0.0164974	-0.378415	
-0.622606	0.601083	-0.863882	0.835333	
0.0915619	-1.51493	0.344376	-0.627133	
-1.41171	-0.38478	-0.944797	0.152882	
0.0233829	-0.283886	-0.227391	-0.22394	
-0.665357	1.15703	0.282602	0.368856	
0.0233829	1.03398	-0.212299	0.492841	
-0.240148	-1.30062	0.140775	-0.88482	
-0.863152	1.33127	-0.0970172	0.104235	
-0.617536	1.12173	-0.302103	-0.721272	
0.21113	-0.909125	0.658886	-0.304094	
-1.51915	-1.08278	-0.0315869	-0.0136942	
-0.701762	0.848737	-0.107259	0.616815	
0.407395	-0.45163	-0.288267	-0.907126	
0.550001	-1.54054	-0.929125	0.166715	
-1.27836	-0.176603	-0.267759	-0.55524	
-0.0879266	-0.0355973	0.364804	-0.631339	
-0.0559846	-0.597872	-0.39748	-1.0674	
-0.341093	0.174266	-0.00203255	0.525967	
-1.33297	-0.597872	-0.929689	1.4821	
1.41295	-0.196709	-0.651794	-0.666394	
0.794715	-0.797053	0.22464	-0.364867	
0.401494	0.0967861	-0.526593	0.409241	
0.0426699	-0.138376	-0.58162	0.33165	
1.3147	1.38247	0.569995	-0.495392	
-0.966108	0.589172	-0.190424	-0.631141	
-0.700216	1.16738	0.0373086	-0.846199	
1.31735	-0.0702712	-0.882325	0.518142	
-0.331368	-0.16379	-0.772244	0.124655	
-0.493699	1.04941	-0.352755	0.45824	
-0.0367996	-1.05258	-0.526035	-0.44174	
0.12352	-0.216692	0.232776	-0.557134	
-0.275834	-1.3081	0.312416	-0.379746	
-0.408648	0.122364	0.448309	0.343551	
-0.308482	0.485367	-0.11957	-0.446103	
-0.152239	0.11518	-0.388483	-0.19337	
-0.123253	1.71204	0.311492	-0.495411	
-0.0604093	1.61422	0.0645461	0.265937	
0.179984	-0.491142	-0.013654	0.155086	
0.189021	1.99564	-0.0729656	1.04181	
0.386261	-1.73898	-0.00327928	-0.143152	
-0.804064	-0.695777	0.0516253	0.501722	
0.433793	1.62685	0.30245	-1.10881	
1.22148	-0.955944	-0.403889	0.492841	
-0.55912	-1.46102	0.1452	0.940474	
0.557558	-0.403654	-0.125344	0.830921	
-1.0463	-0.479023	-0.0286933	-0.121315	
-0.626103	-0.282526	-0.121307	-0.533526	
-0.106166	1.24459	-0.205971	-0.198428	
-0.373988	-0.919752	-0.867948	0.175643	
-0.2564	0.789745	0.0841373	0.791146	
1.15294	-1.13969	0.389923	0.12106	
-0.461233	1.51841	-0.239241	-0.266589	
0.578555	1.17274	0.871269	0.805028	
-0.127886	-1.13969	-0.00454826	-0.12441	
1.52342	-0.106329	-0.113889	0.325092	
-0.0561303	-0.45163	0.282806	0.851123	
0.033047	0.827166	0.179536	1.32498	
-0.0942772	1.24364	1.0158	0.45989	
0.348593	1.18661	-0.111475	-0.403892	
0.682844	1.48552	-0.559762	-0.132185	
0.287486	-0.282526	0.119543	-0.637066	
0.260671	-1.01143	0.154266	0.458582	
-0.0373554	-0.827812	-0.622244	0.851123	
-0.396345	-2.01874	-0.16746	1.10833	
-0.577981	0.015321	0.070434	-1.09724	
1.31429	0.646175	-1.04024	0.878358	
-0.453249	0.638108	-0.0019114	-0.890058	
-0.791251	1.56162	-0.394821	-0.474817	
-0.191024	-0.482189	0.581577	-0.39519	
-0.122394	0.193099	-0.170324	-0.0975087	
-0.970449	0.43181	-0.440158	0.772626	
-0.490805	-0.313665	0.129839	-0.102145	
-0.153808	-0.0754034	-0.0820844	-0.39519	
-0.640656	0.286844	0.586846	-0.666394	
-0.234897	-0.76932	0.329238	-0.0993379	
-0.0861545	1.0257	-0.217836	-1.06804	
1.75071	0.952947	-0.570643	-0.933092	
-0.440731	-0.898511	-0.711107	0.0649256	
-0.429194	-0.962659	-0.905447	-0.0975087	
0.1833	0.749706	-0.287733	0.830921	
0.203159	-1.40678	0.514074	-0.555942	
0.0272926	-0.671669	0.0764322	0.0759258	
-0.82478	0.102541	0.705594	0.368856	
-1.09997	-0.482189	0.0982784	0.277466	
1.14628	-0.299669	-0.369383	0.795219	
-1.40968	0.307386	0.275066	-0.282645	
-0.308482	0.225398	0.20536	1.58017	
-0.00478313	1.44517	-0.0435992	-1.32663	
-0.955475	0.485367	-0.319473	-0.0615611	
-0.639266	-1.32908	0.630234	0.0402009	
1.21292	0.681649	0.378056	-0.335472	
-0.234805	-0.890357	-0.563691	0.693884	
0.408521	-1.51493	-0.73814	0.0830897	
-0.0225151	-0.597872	0.187334	-0.134536	
0.528495	-0.131541	0.770986	1.0003	
-0.00900333	-0.343581	1.03162	0.222854	
-0.757732	0.770979	-0.350499	0.159169	
-1.4297	-0.67799	0.453908	-0.0854614	
1.02121	0.734682	-0.585801	-0.150318	
-1.20045	-1.24022	-0.425394	0.513057	
0.448396	0.133339	0.524693	0.761698	
-0.786956	1.53771	-0.414575	-0.39424	
-0.152239	0.297935	-0.912069	0.610488	
0.609426	-0.919752	0.0779053	-1.01212	
0.583272	0.837787	-0.410088	-0.0671457	
-0.0902105	1.04941	-0.486334	0.133619	
-0.562748	0.376011	0.0706112	-0.438684	
0.445054	0.198255	0.31051	0.359024	
0.254656	-2.07277	0.274612	-0.61098	
0.557376	0.624582	-0.551854	-0.589134	
-0.0625736	-0.0129031	1.15658	-0.231442	
1.00318	1.94494	-0.456259	-0.842454	
0.613982	1.07945	0.130638	-0.471441	
-0.291212	0.561786	0.531246	0.787943	
1.32875	0.707623	-0.589417	-0.0797776	
0.0970869	-0.737037	-0.610039	-0.758754	
0.285233	-0.805977	-0.268924	0.590571	
0.523095	0.513426	-0.31985	0.00439286	
0.0090877	1.46361	-0.472637	-0.286147	
-0.911707	-0.283886	-0.159222	0.321562	
0.406283	-1.05258	0.126033	-0.900129	
-1.72943	-0.805977	0.379055	-0.0604814	
-0.678545	-0.0159487	0.0208444	0.185292	
0.15692	0.278821	0.470543	0.0980223	
0.782027	-1.09079	0.0270989	0.22915	
1.11789	-1.7941	0.332513	0.497334	
0.861628	-0.481093	0.212849	0.690125	
0.525618	0.749706	-0.494646	-0.345496	
-0.616607	-0.0656212	-0.391675	0.789679	
-1.5674	-1.01227	-0.567341	0.686755	
1.11776	0.0408565	-0.715752	0.761698	
0.348079	-1.47195	0.594072	-0.0854614	
-0.16581	-0.597872	1.02708	0.0996757	
-0.828806	0.250718	-0.106036	0.756494	
-0.617422	1.56155	0.734412	-0.293805	
-0.165359	0.395396	-0.371586	0.395454	
0.682136	-0.299669	-0.886976	-1.10553	
0.428053	0.712549	0.456809	1.89421	
-0.543663	1.13594	-0.974109	0.232726	
0.0864715	-0.292527	0.323272	-0.73769	
-0.883682	-1.25521	0.208705	0.727762	
-1.23688	-1.46512	0.968921	-0.549693	
0.091637	-2.01613	-0.749282	0.0684272	
-1.47809	-0.967403	0.3895	0.000301497	
0.0563743	-1.62157	0.00198819	-0.474367	
0.464424	-0.149172	-0.108886	-0.762329	
-0.959577	0.339828	-0.445163	0.00439286	
0.918479	-0.118432	-0.797616	0.939255	
-0.88137	0.0451817	-0.863866	-0.212149	
-1.03162	-0.805977	-0.299375	0.718369	
0.861243	0.650921	-0.84195	-0.330914	
0.730196	0.359387	0.581677	-0.549693	
-1.29424	0.774468	-1.00902	-0.305418	
0.694072	0.81875	0.33307	0.263757	
1.81215	-1.52072	-0.603886	1.46382	
-0.402772	0.909306	0.260931	-0.152188	
-0.0499352	0.250718	0.149752	-0.724195	
0.216328	0.5798	-0.17374	-0.14822	
0.986397	0.0451817	0.649292	0.772503	
-0.699758	0.0636289	1.15194	0.970459	
-0.00574662	-0.49653	-0.149472	1.06655	
-0.760503	0.81875	-0.130458	-1.63245	
0.63758	-1.62157	0.0361655	0.290643	
0.721312	3.27512	-0.28502	-0.638587	
0.670187	-1.11638	-0.225151	-0.120401	
0.167613	1.15151	0.370041	0.620368	
0.771705	0.0636289	0.45563	-0.481662	
-0.211059	1.30722	0.378721	0.365791	
-0.138428	-0.526835	0.301415	0.405829	
0.0244659	1.97904	-0.165574	-0.0377867	
-0.133727	-0.577406	0.335233	-0.506739	
-0.223228	0.450129	0.441954	-0.0731245	
0.0970869	-0.768532	-0.333136	-1.62454	
0.940281	-1.26028	0.0220082	1.08759	
0.527597	-1.50767	0.472162	0.00285266	
0.318724	0.632977	-0.70668	0.351241	
0.198363	2.04004	-0.749031	-1.25963	
0.251349	-0.131541	-0.67466	-0.61098	
-1.10999	1.30489	0.00908875	0.267284	
-0.105584	0.481485	0.299371	0.219359	
-0.525509	0.596495	0.0260245	-0.799316	
1.27889	0.0526996	-0.139196	0.0414226	
0.982984	-1.11542	0.265659	0.355273	
0.347993	2.16201	0.533665	-0.120401	
0.962213	1.39269	-0.330449	0.923946	
-0.462692	-0.514782	0.231414	0.516709	
-0.378138	-0.0839432	-0.950374	1.065	
-0.615532	-0.819607	-0.28835	-0.379746	
-0.507547	-0.28709	-0.0545806	-0.137144	
0.025017	0.263112	0.13753	1.00293	
-1.32261	-0.648611	-0.3589	-0.291652	
-0.582991	-1.05258	0.194428	0.660329	
0.033047	-1.46102	-0.280418	0.807834	
-1.11313	0.590561	-0.115835	-0.410154	
0.504161	-0.0304785	-0.27571	0.0766147	
0.799762	-1.42487	-0.992603	-0.405756	
-0.864004	-1.13613	-0.702857	0.415063	
1.17608	1.90729	-0.0864943	0.458013	
1.20712	-1.48799	-0.256631	0.651406	
-0.608363	0.181554	0.369479	0.863743	
-0.222634	-1.47533	-0.290209	1.23962	
0.28251	0.26054	-0.564371	0.114749	
-1.01403	1.54148	-1.09399	0.00439286	
-0.0887421	0.450129	0.468585	0.198348	
-0.259416	-0.597872	0.25674	2.07366	
-0.0739779	-0.431705	0.718473	-0.429353	
0.272574	-1.13969	-0.0831487	-0.0818986	
0.584883	-0.112536	-0.279995	0.0244758	
0.17712	-0.62591	-0.362164	0.362521	
-1.15882	-0.0434415	0.151293	0.191016	
0.577327	0.513426	0.31693	0.173892	
0.25933	0.770979	0.578202	0.428552	
-0.470913	0.0488055	0.814978	-0.444294	
-0.630008	-1.01227	-0.561865	2.06158	
-0.573462	0.674665	-0.60967	-0.18945	
-0.781046	0.226737	-0.0372789	-0.331903	
1.64148	1.09169	0.236828	-0.765598	
-0.280364	-1.34791	0.122047	0.494928	
-0.0967866	0.891891	0.274267	0.996942	
0.892457	-0.558231	0.820843	-0.359787	
1.70856	-0.536742	-0.142675	-0.272428	
0.219616	0.36051	0.319991	0.550262	
-0.930098	-0.882228	-0.721004	0.405829	
1.05309	-0.491671	0.430903	-0.393727	
-0.149303	-0.574905	-0.204352	0.402017	
-0.0450654	0.0662068	-0.106287	0.123046	
0.382956	-1.84831	0.772963	-0.549693	
-0.587172	-1.56363	-0.963987	-0.364867	
-0.0822352	0.736096	-0.143849	0.457832	
0.134212	0.638108	-0.317683	-0.120401	
-0.131	0.661927	0.0980114	-0.60589	
1.78162	2.13183	0.221009	1.11229	
-0.973809	-0.666704	0.274934	1.33382	
-0.71262	0.011225	-0.174587	-0.364867	
1.13943	-0.299669	-0.544878	0.647165	
0.514406	-0.908145	-0.226235	-0.609794	
1.18345	0.0408565	0.686175	1.88826	
-0.572342	0.707094	0.483473	-0.13644	
-0.908555	-0.898511	0.12024	-0.253799	
-0.0694952	-0.37747	0.228852	-0.949136	
1.2005	-0.62591	-0.368146	-0.114054	
0.150169	0.0546964	0.311492	0.198709	
0.247496	-1.74264	0.198007	-1.16438	
0.969876	0.391822	-0.926801	-0.844784	
-1.81076	-1.09176	0.674643	-0.799316	
-0.544511	-0.768532	0.305102	-0.638587	
0.783102	-0.37747	-0.613857	1.6798	
-0.421876	-1.0366	0.160112	-0.052825	
0.249752	-1.92579	-0.0805325	-0.32572	
0.242204	0.736096	-0.285101	-0.977044	
-0.475574	0.589941	-0.107409	0.0402009	
-0.754812	-1.17136	0.243074	-1.1475	
-0.652973	-1.64279	-0.689407	0.773741	
0.233897	-0.131541	-0.164647	1.34913	
-0.44232	2.32482	0.439277	-0.458446	
-1.21931	0.435953	0.667016	-0.266589	
0.593964	-1.8841	0.531556	-0.760582	
0.840356	-1.48799	-0.239512	-0.932181	
-0.770768	1.86656	0.0407636	0.321562	
-0.214168	0.19604	0.11321	0.917725	
-0.5375	-0.597872	0.784006	-0.417137	
-0.026167	-0.657331	0.0714755	-1.72309	
0.307047	2.09768	-0.710636	1.31731	
-1.24063	-0.0304785	-0.115962	-0.485413	
0.121184	-1.04697	0.601306	0.0149547	
0.617425	-1.18579	-0.491771	-0.0349143	
0.389973	-1.10051	-0.725236	0.0250978	
1.23256	0.572066	0.426506	1.48757	
-0.198662	-1.22392	-0.0628194	-0.421645	
-1.33407	0.0371241	-0.863075	0.0684272	
-1.04578	-1.52802	-0.035934	0.457878	
-0.0565416	-0.456353	0.419396	-0.189105	
-0.724024	1.50267	-0.045703	0.952079	
0.0146408	-1.82356	0.481446	-0.20859	
-0.106917	-0.349441	-0.12641	-0.557134	
-1.73982	-0.517174	-0.0973952	-1.06677	
-0.893164	1.81602	-0.365861	0.226253	
0.059064	0.327169	0.318297	0.313927	
0.365754	0.638108	-0.383272	0.978345	
0.28251	-0.896059	-0.712767	0.107936	
0.383226	0.0636289	0.526421	0.0119321	
-0.489714	-0.129074	-0.20295	-0.541836	
-0.875833	1.24364	-0.115163	0.133619	
-0.0978954	0.969699	-0.842705	-0.19088	
-1.00155	1.13146	-0.265814	0.851123	
-0.0229016	-0.537167	0.898734	0.615264	
0.975048	0.0546964	-0.256511	-0.71494	
-0.786956	0.482039	-1.30439	-0.923183	
-0.778732	0.307386	1.13818	-1.24642	
-0.809408	0.78588	-0.0483912	-0.3584	
-0.165147	0.279581	-0.396068	-0.48016	
0.288276	1.16197	-0.12117	-0.596504	
0.712764	-0.590252	-0.484035	0.0577181	
0.456055	-1.17136	-0.273367	1.4821	
0.320237	0.016056	0.0743585	-0.955447	
-0.0373554	-0.62591	1.11283	0.458119	
-0.810384	-1.23676	-0.0412147	0.000347122	
0.93183	-1.48799	-0.49504	0.111757	
1.23656	-0.738991	-0.289137	0.155086	
-0.90524	-0.075196	-0.685653	1.33812	
-0.928814	-0.0958404	0.228969	-0.451526	
0.0137674	1.04101	-0.193854	-0.0348333	
0.712301	-0.305388	0.261735	-0.429353	
-1.06055	-0.890357	-0.0195092	-0.0615611	
-0.658269	0.5798	-0.67905	0.764439	
0.544619	0.912742	-0.374144	0.206844	
0.415998	-0.112536	0.263887	-0.333788	
-0.294474	-0.0550895	0.264747	-0.375754	
-0.310826	-1.27832	0.564108	-0.264671	
-0.101635	-0.626703	0.544066	1.49044	
-1.0929	-1.13969	0.473184	0.417556	
-0.30056	-1.01013	-0.156161	0.981352	
0.0349752	1.94869	-0.445443	-1.61313	
1.01632	-0.38478	0.431783	-0.106309	
-0.494474	-0.288467	0.532469	0.994232	
0.71894	-1.81051	0.24425	0.419819	
-0.414975	-0.699908	0.442713	-0.573274	
0.280413	-1.47533	-0.0598234	-0.457258	
0.145725	-0.478159	0.9333	-0.216985	
0.538364	0.447052	-0.00683788	1.30953	
-0.103549	-0.554735	0.247317	-0.214368	
-0.427	-0.46569	1.51083	-0.393821	
1.21922	-0.689313	-0.438868	0.114749	
-1.10923	0.425824	0.380004	-0.543025	
-0.560295	0.438339	-0.234402	0.17974	
-0.849486	-0.0963328	-0.602605	0.158153	
-0.530349	-0.650644	0.237861	0.530246	
0.481214	1.17717	0.607579	-0.467576	
0.167613	0.0867535	-0.829014	0.241959	
0.802138	1.16504	-0.804198	-0.375754	
-0.191728	0.263112	0.104098	0.0135731	
0.581238	0.605669	0.829029	0.831449	
-1.59035	1.01079	0.420486	1.11229	
1.20705	0.607627	-0.435739	-0.56644	
-0.693432	-1.4038	-0.57102	0.686755	
-0.0192182	-1.47533	-0.335277	0.400516	
0.0176034	-0.149172	-0.0468631	-0.589242	
-0.876812	-0.590252	0.0871798	1.36215	
-0.328964	-0.211131	-0.0614643	0.261475	
-0.994664	-0.805977	-0.158906	0.368856	
-0.0394612	-1.01013	-0.851904	0.182855	
0.992256	-0.321029	0.543614	-0.361862	
-0.607754	1.68087	0.114491	-1.19772	
-0.617422	-0.808657	-0.107612	0.413719	
0.173603	1.15703	-0.196312	0.684271	
-0.394479	-0.422258	-0.13306	-0.159159	
-0.552437	-1.94061	0.1804	0.485556	
-0.242598	-0.0175689	-0.439682	0.0384809	
-0.643046	-0.561083	0.260749	-0.134536	
-0.332539	-0.282046	0.529225	-0.13807	
0.0912586	-0.415815	0.400075	2.25257	
-0.153571	0.0213623	-1.24193	-0.73769	
-0.303316	-0.0543829	1.7809	-0.971479	
1.27986	-0.967403	0.0541198	-0.0136942	
-0.55933	0.688341	-0.764396	-0.344023	
1.24683	0.735646	0.0998353	-0.700462	
-0.84081	-0.0839342	-0.0863946	-0.238877	
-0.155605	0.657046	0.333626	0.314229	
0.969882	0.395396	-1.33968	-0.603323	
-0.984328	0.247928	0.184376	-1.12382	
-0.127766	0.528345	0.506206	2.19687	
-1.1784	-0.45163	-0.49689	1.19499	
0.277495	-0.64766	0.27511	0.536644	
-0.509346	-1.0191	-0.422899	1.08667	
0.0606891	1.24459	-0.658656	0.830921	
-0.328525	0.271866	0.0803879	-0.564032	
-0.208853	-0.187083	-0.18526	-0.189851	
0.899607	0.905283	-0.831961	0.255307	
0.535717	1.38834	-0.581327	0.149934	
-0.230691	-1.09188	0.193101	-0.631339	
0.025017	-0.906881	0.422844	-0.28539	
0.561277	-0.0839432	-0.317736	-1.47054	
0.147681	-0.597872	-0.883301	0.412304	
0.799762	0.370908	0.133553	0.638036	
0.184674	0.359387	0.478612	-0.0533406	
0.252471	0.427976	-0.345079	0.459106	
-0.229522	-0.0550895	0.809038	-0.331903	
0.741095	-0.404635	-0.515712	0.877997	
-0.46799	-0.181399	-0.145382	0.531955	
0.0142685	-0.192154	0.353903	0.772503	
0.212608	-0.896059	-0.00520865	0.314229	
-0.665485	0.278373	0.590022	0.277943	
0.576296	-0.829372	-0.375166	-1.02311	
-0.941748	-0.0159487	0.492156	0.37371	
-0.725599	-0.38478	0.619243	-0.379746	
-0.405398	0.198255	-0.625554	-0.0445515	
-0.446192	-0.577406	-0.351973	-0.595111	
-1.3607	-0.561083	0.857378	0.323992	
-0.783057	0.572066	0.706128	0.174182	
0.0269242	1.03398	0.0055545	-1.00213	
1.12733	1.21509	-0.151404	-0.794773	
-0.253632	-0.702828	0.0447366	-0.236277	
0.124182	-0.657331	0.0226937	0.285074	
0.597416	0.688341	0.0931954	0.114749	
0.445759	-0.422258	0.263216	-0.417137	
-0.581856	-1.17136	0.17276	-0.0721086	
-0.557628	-0.807145	-0.492593	0.62418	
-0.78888	-0.0543829	0.032591	0.169991	
-0.731833	0.410691	-0.274309	-0.104891	
1.03586	0.844406	-0.046518	0.0373258	
0.329601	-0.292527	-0.0227382	1.41164	
-0.10419	-0.0355973	-0.148088	0.902227	
-0.306517	0.0546964	0.197008	-0.53397	
0.637628	-0.893667	-0.20259	-0.0923139	
0.300112	-2.0088	0.292106	-0.213774	
0.539891	-0.292527	0.690561	-0.869559	
-0.639693	-0.352846	0.0554972	-0.19088	
1.14512	0.162429	0.172431	-0.689945	
-0.390656	1.7033	-0.348994	0.575954	
0.300433	-0.338718	-0.346021	-1.36144	
1.0035	-1.62003	0.3225	1.08698	
0.311284	0.0408565	-0.267848	1.29683	
0.158343	-0.827812	-0.262652	-0.350841	
0.450945	0.410691	-0.46121	-0.73682	
0.209975	-0.159145	-0.46174	-0.115503	
-0.735428	-0.349441	0.251009	0.536644	
-0.600293	0.263112	-0.265447	-0.485413	
0.54043	-0.681312	0.521265	0.300785	
0.84689	-1.22293	0.408124	-0.0401065	
-0.59129	0.344307	-0.0260317	-0.921011	
-0.456856	0.0744316	-0.011388	-0.150318	
0.359629	0.601083	-0.255959	-0.137144	
-0.678374	0.556525	0.585967	-0.589242	
0.840356	-0.295562	0.106722	-1.44874	
0.690111	-0.106329	-0.7104	0.615613	
-0.0719256	-1.62205	0.516529	0.410814	
0.677023	-1.4038	0.300412	-1.10936	
-0.25518	-1.14593	-0.775707	-0.265278	
-0.0499352	-0.967403	-0.69356	-0.19088	
0.390818	-0.599679	0.317726	-0.393692	
0.27072	-0.5138	-0.838868	-0.585677	
-0.368506	-1.13969	0.0177025	-0.544893	
-0.944648	0.952947	-0.901754	0.379405	
1.06869	-0.814061	-0.464616	-0.533526	
-0.667458	-0.00935613	-0.422928	0.0384809	
0.410532	-2.0221	0.410147	-0.734529	
-0.0475508	-0.282768	-0.0985095	0.0665446	
-0.465768	-0.365704	-0.287673	-0.724195	
-0.046936	-1.61055	-0.346021	-1.30153	
1.37812	1.24362	-0.509736	0.346893	
-0.421791	1.00391	-0.00893155	-0.61589	
-0.70508	-0.954126	0.205751	0.923946	
0.409696	0.679101	-0.0603122	0.573859	
1.31553	0.867292	0.183876	-1.0937	
-0.363516	0.513426	0.518896	0.182855	
1.15759	-0.652523	-0.0186223	-0.377045	
-1.31321	0.0636289	0.345177	0.0930569	
-0.185669	-0.577406	0.218623	-0.170934	
-0.935137	-0.174973	0.397568	0.379405	
0.460607	-0.28709	0.366909	-0.384147	
0.114571	0.374239	-0.251467	-0.797591	
-1.00945	-0.671669	-0.0526397	0.457953	
-0.12387	0.327468	0.434681	-0.854382	
-0.63178	-0.848165	-0.296616	0.56284	
-0.415693	-0.827812	0.32564	-0.312567	
0.976518	-1.81174	-0.0248937	-0.272005	
-0.0430995	0.341279	0.908542	0.952079	
0.00183224	1.89876	-0.558239	-0.143152	
0.525618	1.73411	0.385332	0.0548123	
-0.743893	-0.517174	-0.0444195	-0.239048	
0.815525	-0.805977	0.260953	-1.25807	
-1.56117	-0.614938	0.13322	0.457878	
-1.14235	-0.403654	0.521396	1.08673	
0.379499	-0.959293	0.130796	-0.609794	
0.363799	-0.597872	-0.0894031	-0.603342	
0.928136	-0.959848	0.30192	0.457832	
0.410532	0.990561	-0.444149	0.522534	
-0.463639	-0.313665	-1.00737	-1.26938	
-0.246639	0.139871	-0.567209	1.38002	
1.43871	0.151984	0.0269135	-0.841491	
0.0462153	-1.07624	-0.0268184	-1.05347	
-0.18913	-1.62205	-0.60495	0.53422	
0.142808	-0.409967	0.17573	0.241745	
-0.377165	-1.13969	0.779038	-0.397157	
0.0775798	-0.62591	1.08925	-0.477725	
-0.0942346	-0.959293	-0.33492	-0.446103	
0.767523	-2.29928	-0.707537	0.351241	
-0.321383	1.06862	-0.391675	2.17356	
-0.601665	-0.890357	-0.264861	-0.382138	
0.361872	-0.960718	-0.140835	-0.506739	
0.191812	-0.478159	0.741882	0.654574	
-0.526355	0.48616	-0.263971	-0.127217	
-1.08704	0.0427149	-0.435922	0.458392	
0.660123	-0.200828	0.50014	-0.379746	
0.57258	1.85033	0.782281	0.133227	
0.160161	-0.607401	-0.0375728	-0.55524	
-0.518746	1.11079	0.384601	-0.685927	
0.662883	-0.657331	0.101229	-0.592133	
0.0680379	-0.371178	0.354304	-0.319672	
0.172325	-0.356641	-0.370855	-0.380991	
-0.811454	1.54911	0.734971	-0.427922	
-0.797221	-0.600766	-0.724227	0.164945	
-0.408312	1.15164	-0.324309	1.55837	
-0.306001	-0.0272122	0.166919	-0.572897	
1.12759	-0.727965	0.314717	-0.596504	
1.04365	-0.28709	0.303369	0.305418	
0.071342	0.619264	0.0259081	-0.680607	
-0.45526	0.164812	-0.109914	0.96268	
0.153608	-1.62606	-0.299506	0.300785	
-0.422649	-0.898511	0.337433	-0.933092	
0.710443	-1.13969	1.14396	0.198416	
0.4891	0.0744316	0.439517	-0.39519	
0.262515	-0.282768	0.376667	0.313927	
0.15612	-1.10051	-0.280687	1.31316	
-0.497244	0.328019	0.188802	-0.596504	
-0.318045	-0.174973	-0.794938	-0.576751	
-0.434253	-0.106329	-0.102295	-0.0929348	
-0.264188	0.991621	-0.587099	-0.843545	
0.283329	0.128647	0.0489461	-0.570448	
-0.664678	-1.13969	0.617141	0.134006	
-1.05372	0.601083	0.40755	-0.429353	
-0.412278	0.393336	0.083767	0.50533	
0.369434	0.762215	0.361848	-0.657493	
0.0549278	-0.770963	-0.990714	0.760989	
-0.126862	-1.74109	-0.666009	0.273528	
0.126356	-1.56363	0.0343749	-0.379746	
-0.561798	-0.819607	-0.933876	-1.11163	
-1.10814	-0.738991	-0.290778	-0.156758	
0.682844	1.26326	-0.0607652	-1.08325	
-0.548914	0.28616	0.53194	0.727762	
0.41354	-0.743155	0.702043	-0.348958	
-0.556467	-0.305388	-0.998774	0.651923	
-0.31935	0.425824	-0.651961	0.610112	
0.805642	0.186796	-0.481654	0.107936	
1.25905	0.838612	0.812814	-0.0797776	
-0.527436	-0.200828	0.223339	-0.663001	
-0.708711	1.33976	-0.397084	-0.668754	
1.50883	-0.227508	-0.0157717	-0.447883	
-0.346283	0.395396	-0.843184	0.801157	
-0.0303404	-1.73703	0.339625	-0.321538	
0.437769	0.289629	-0.240414	0.114749	
-0.386844	0.139871	-0.74292	-0.795981	
-0.165162	-0.106197	-0.241357	0.460416	
1.35454	-0.866346	-0.0176484	1.02167	
0.0224567	-0.590252	0.651853	0.321562	
1.28023	-1.17136	-0.345261	-0.281189	
0.808652	-0.409967	-1.30369	-1.05013	
0.735729	-0.118432	-0.830262	0.379405	
0.428672	-0.695777	-0.395147	1.38002	
0.111019	0.646175	0.121237	0.0267557	
-0.641028	-0.239158	-0.620101	0.313927	
0.604559	1.50888	-0.131237	-0.377045	
-0.704326	1.90816	-0.00792455	-0.319672	
-0.723014	0.480073	0.477988	0.039247	
-1.73142	-0.572241	-0.203415	-0.458446	
-0.680512	-0.181399	-0.0345746	0.501722	
0.271415	0.508801	0.0152191	-0.538185	
-1.1916	-0.514782	0.176796	-1.0228	
1.15759	-0.0434415	-1.5015	0.503446	
-1.30173	-0.890357	-0.122162	0.496086	
1.36149	-0.962659	-0.145978	0.371733	
-0.93651	-0.563741	0.361296	0.737895	
0.171676	-0.403654	-0.266578	-1.81063	
-0.185669	-0.67372	0.417192	-0.0526904	
0.752617	0.734826	0.465594	0.078302	
-0.869681	-0.738991	0.430891	0.212848	
0.760407	-0.207993	0.165497	-0.495392	
-0.791251	-0.743155	-0.478516	-0.361862	
-0.874923	-0.281706	-0.169023	0.248743	
-0.464949	-0.451809	-0.247181	-0.215036	
-0.405398	-1.18284	0.216278	0.45824	
1.3682	-0.371178	-0.299223	-1.21398	
0.278602	0.482039	0.461855	0.772503	
-0.376475	0.11769	-0.324825	-0.745764	
0.243865	0.241031	-0.238105	0.536644	
-0.165176	-1.62961	-0.136565	-0.795512	
-1.0329	-0.437348	0.280084	1.0696	
-0.972908	0.000555223	1.09602	-0.637066	
0.119104	-0.526835	0.00946116	-0.172143	
0.514391	-0.0129031	0.0168473	-0.958866	
-1.14971	-1.25521	0.348697	0.222165	
-0.263449	0.596495	0.0362348	0.0930569	
-0.166711	-0.797168	0.481975	-0.435161	
-1.08666	-0.167633	-0.469289	0.842531	
0.142704	-0.283433	-0.0289819	-0.564467	
0.0546677	0.278373	0.685574	0.0614761	
-0.48819	0.395396	0.575256	-0.55524	
0.952411	1.35409	-0.0896623	0.493848	
-1.18113	0.307386	-0.258825	-0.73682	
0.295299	0.0978141	0.253591	0.643037	
-0.405398	0.638108	0.370041	-0.797591	
0.348202	0.755401	0.0313697	-0.393692	
0.0846929	-0.827812	0.308495	0.0665446	
-1.39762	-0.738991	-0.482692	-0.109755	
0.188321	-0.216692	-0.244561	-1.55933	
0.335109	1.12173	0.797732	0.583937	
-0.497244	-0.805977	0.124719	-0.212149	
-0.0561303	-0.848165	-0.495556	-0.48023	
0.886908	-1.64279	-1.84838	0.641331	
0.626927	-0.219168	-0.119902	0.158153	
-0.339642	-1.46203	0.0916845	0.0250978	
0.933501	-0.167633	0.405227	-0.321538	
0.0668875	-0.898511	-0.436293	0.678716	
0.85057	0.837787	-0.713302	-0.0234542	
-0.125592	1.17121	-0.435739	-0.714954	
0.450602	-1.17136	-0.339077	0.289809	
-0.507637	-0.00578356	0.202813	-0.695546	
0.701516	1.16452	-0.165341	0.45989	
0.144811	-0.491671	-0.0729138	-0.22012	
-1.19388	-0.770033	-0.0214153	-0.170249	
1.54304	1.00391	0.335315	-0.231442	
-0.236901	0.439952	0.124632	-0.169504	
-0.18002	0.735646	-0.0603199	0.644869	
0.476492	-1.46512	-0.915528	0.198416	
0.443299	-0.078143	0.0553976	1.24954	
0.185836	-1.20919	-0.377908	-0.0286303	
-0.575809	-1.29999	-0.139979	-0.00631204	
0.0563743	-1.38087	0.609203	-0.638755	
0.135124	-1.08278	-0.174136	-0.798162	
-1.89483	-0.829372	-0.6345	-0.7482	
-0.489714	1.59175	0.169036	0.961031	
-0.439769	-0.45163	-0.0723757	0.0577181	
0.15692	-1.37165	1.19724	0.427084	
-0.0870982	-0.305388	-0.579556	-0.203707	
-0.320961	-1.2516	-0.404846	-0.932181	
1.92039	-0.959848	0.30043	-0.315925	
0.208258	-0.819607	0.78275	0.944867	
-0.390656	1.24561	0.288873	0.141957	
0.766139	0.36051	0.343976	0.155086	
1.26283	0.162429	-0.328479	-0.585677	
0.925597	0.718808	0.000676182	0.0260539	
-0.177509	-0.282768	-0.609839	0.118559	
-0.0978954	-1.46102	0.0697095	-0.131624	
0.339332	-0.704551	0.670344	0.422843	
-0.480153	0.533027	-0.0669132	-0.465956	
0.251823	0.258327	1.04923	0.174182	
-0.421768	-0.0993625	-0.0918471	-0.104891	
0.239031	1.08458	0.408615	0.878354	
0.598046	0.450129	-0.303039	1.36782	
0.29619	0.0192147	0.399729	0.241959	
-0.517887	-1.15529	-0.836868	-0.483548	
-1.57059	-1.21857	0.233634	-0.0929348	
0.203052	1.53388	-0.121587	0.793434	
0.00971978	-0.204573	-0.201325	0.279129	
0.871778	1.24362	-1.02071	-0.657493	
-1.01668	-0.703315	0.0250602	1.06207	
1.69672	-1.0191	-0.565902	0.0645967	
0.429033	-0.45163	-0.186984	-1.23112	
1.02394	0.344307	0.122949	0.267284	
-1.43544	-0.295562	0.0690512	0.82318	
0.400602	-0.664366	0.802182	-0.295947	
-0.315545	1.48729	-0.36283	-0.0597159	
0.716241	-0.160417	1.30723	-0.0671457	
-0.288318	-0.415815	-0.353091	-0.373572	
-0.184915	-1.62157	-0.41981	-1.28639	
-0.215822	0.151984	0.0268945	0.0575501	
-0.0565416	0.170192	0.0696713	0.00750046	
-1.4806	0.770979	-0.264985	-0.166857	
-0.14211	-0.720415	-0.187754	0.272764	
-0.611913	1.11338	-0.630244	0.0927992	
-0.354604	-0.328079	-0.924715	-0.00265227	
-0.783407	-0.959293	-0.0762092	-0.67304	
-0.0201597	-0.290232	-0.473061	0.459106	
-0.155773	1.0768	-0.800883	0.323992	
-0.394479	0.341279	-0.236955	0.279129	
-0.537503	0.0744316	0.213244	-0.798162	
-1.0842	0.513426	0.288074	0.168032	
0.950299	1.09327	-0.208647	-0.35313	
0.747505	0.508801	0.489998	-0.801582	
0.298814	-1.07381	0.0304501	0.349912	
-0.742823	-1.01143	-0.799148	-0.264671	
1.03591	-1.46102	-0.146693	0.733062	
0.553405	-0.541528	-1.04872	0.497334	
-0.383512	-0.541528	-0.476047	0.789679	
-0.144201	-0.893667	-0.406603	0.727762	
-1.39191	-1.49116	-0.25955	0.716644	
-0.0919701	1.47074	-0.137165	-0.239048	
0.156932	-0.0559902	0.223178	-0.256097	
0.113717	-0.211131	0.173417	-0.189105	
-0.396345	-0.0159487	1.09522	1.11547	
-0.356448	-0.437348	0.635365	1.38841	
0.155596	0.385726	-0.0709961	0.793434	
0.821976	1.03189	0.00966523	-0.0377867	
-0.250697	-0.574905	0.804258	-0.385823	
0.310384	-2.25006	-0.546258	-0.734725	
1.08318	-1.05258	0.225668	0.381685	
0.628293	-1.17736	0.494152	0.279129	
-0.522658	1.0768	-0.0846067	0.536644	
0.211915	-0.431705	-0.265442	0.638036	
-0.11908	0.626061	-0.410088	0.374441	
-1.03653	-0.607401	0.56113	1.03189	
0.0874811	0.5798	-0.0318801	0.255307	
0.998025	-0.0993625	0.338373	-0.245618	
-0.0745534	0.989224	-0.55318	0.0373258	
0.878011	-0.959848	-0.312751	-0.0597159	
-0.614498	-0.62591	-0.422541	-0.242142	
-0.165719	-0.919752	-0.35498	-0.663001	
2.20186	-1.0191	-0.525514	-0.205864	
0.940287	-0.356641	-1.07175	-0.342857	
-0.99217	0.670556	-0.117917	-0.515379	
0.185198	-0.972511	-0.542887	0.710547	
-0.453844	-0.138376	-0.404846	-0.383188	
0.66972	-0.599679	0.267859	1.53568	
0.0656261	-0.541528	0.421992	-0.35313	
0.289548	-0.797168	-0.719064	-0.00631204	
-0.723014	-2.04376	0.266262	0.155086	
-0.644194	-0.288467	0.446465	0.497334	
-0.120836	-0.893667	-0.0712492	-1.54157	
-0.667682	-1.64279	0.502356	-0.706661	
-0.347682	-0.28709	0.0148154	0.909005	
0.0201255	0.0371241	0.644276	-0.120401	
-0.743893	3.853	0.63854	0.651923	
0.852075	-0.599679	0.271219	-0.382138	
-0.901517	-1.42487	-0.475174	0.0996757	
-0.184124	0.485367	-0.357143	-0.555031	
-0.260176	-1.7941	-0.15526	0.072851	
-0.724024	1.90816	0.760754	0.724889	
0.0473717	1.01524	0.262501	-0.743204	
-1.02779	0.774468	0.392702	-0.804204	
0.286404	0.139871	-0.608738	0.38066	
0.482991	-1.09079	0.57748	0.152882	
-0.941046	1.37573	-0.0138059	-0.677629	
0.140561	-0.106329	-0.572867	0.340095	
0.962044	0.0744316	0.132274	-1.04707	
-0.0136075	0.133339	0.645268	0.371733	
1.04136	1.98938	-0.173491	0.632838	
-0.738066	-0.284445	-0.119331	0.314229	
1.85693	-0.0702712	0.133003	-0.0710019	
-0.252952	1.48552	0.617501	1.01697	
1.5734	-0.0175689	-0.0706418	-0.324736	
0.0659957	1.4521	0.552745	-1.28639	
0.062698	-0.37747	-0.404908	-0.3567	
-0.584291	-0.167633	0.651832	1.21243	
-0.885704	-0.0355973	0.268148	0.996942	
-1.32116	1.77275	0.224181	0.764439	
-0.70508	0.403621	0.137712	0.615264	
0.496238	-1.2719	-0.646871	-0.49675	
-1.02068	-1.44256	-0.155552	-0.170934	
-0.563168	-0.288467	0.204886	0.208371	
-0.655107	0.122364	0.29471	0.742055	
0.348106	-0.403654	-0.371586	0.427832	
0.196338	-1.09079	0.349555	0.897119	
0.338729	-0.64766	-0.12117	-0.887317	
-1.2426	-1.89645	-0.535483	-0.190322	
0.503109	-1.08278	-0.177443	-0.39424	
-0.845829	0.202237	0.364055	0.362521	
-0.64562	-0.160417	-0.487868	-0.46199	
0.831102	1.427	-0.489172	1.5587	
0.00993808	-1.29999	-0.297077	-0.707864	
-1.3344	1.36158	0.49432	-0.364867	
0.541906	-1.22392	-0.896216	-0.312567	
-0.241163	-0.167633	0.336465	-1.06804	
0.239185	-0.971638	0.257433	-0.385022	
0.155776	-1.73318	0.407417	-1.03795	
-0.206525	0.307386	0.453171	1.00836	
-0.134657	-1.35477	0.457858	-0.487136	
1.40034	-0.285138	-0.252245	0.374441	
-0.917897	1.0257	0.533795	0.805028	
0.540833	-0.695777	0.548913	0.718369	
1.00026	-0.541528	0.936237	-0.410154	
-0.0975342	-1.05258	0.0536507	1.40578	
-0.447675	-0.865924	0.172144	0.272764	
-0.0303912	-0.777921	-0.118797	0.187478	
-0.142404	0.539624	-0.240774	-1.05013	
-1.05544	-0.79317	-0.209265	0.669124	
0.419961	1.18002	0.264085	0.336431	
-0.459994	-1.01013	0.552599	0.457953	
0.0172566	0.0662068	0.585399	-1.05705	
-0.4638	0.646175	0.543784	0.379024	
0.158814	2.35741	-0.358002	0.317845	
-0.117519	-0.971638	0.202578	0.123046	
0.0958021	-1.11998	-0.308541	0.285074	
-0.143338	-1.67168	-0.0751119	0.536644	
0.609443	1.14801	0.759586	0.0198387	
-0.114029	-0.437348	0.374509	0.22915	
0.325693	0.278821	-0.146028	0.458582	
-1.4016	-1.30062	-0.272931	-0.256097	
-0.33652	-0.0355973	0.0254536	-0.434254	
-0.586	-0.155569	-0.545786	0.700567	
