FDn[0]	FDn[1]	FDn[2]	FDn[3]	
0.987482	-0.33833	0.27886	-0.44023	
-1.19425	-1.13824	0.0973582	-0.0599252	
-0.980325	-0.417559	-0.951842	0.429896	
0.118286	-0.028688	1.17978	-0.385739	
0.0203593	0.32477	0.00100224	0.121572	
-0.596959	0.32477	0.231983	-0.300291	
0.518118	-0.168141	-0.395202	0.0180496	
-0.093823	0.686445	-0.440296	0.624616	
-0.358208	-0.804896	0.0405525	-0.617911	
-0.419966	1.58335	-1.36594	-0.241422	
0.197284	1.13136	-0.779499	-0.403733	
-0.192444	1.09707	0.837816	-0.296405	
0.0268816	-0.286109	0.431051	0.204929	
-0.451194	-0.375843	-0.26599	0.383019	
-0.866214	1.18331	-0.0199492	0.529684	
-1.17834	-1.10655	-0.130919	-0.466116	
0.828008	0.879453	0.581175	-0.528078	
-0.0778101	0.936184	0.336795	-0.427723	
-0.288307	-0.38531	-0.115553	0.419226	
0.357771	1.02298	-0.373363	-0.43937	
0.165463	1.45301	-0.301083	0.354982	
0.932612	1.20578	0.02542	0.124083	
-1.01376	-2.01007	0.107325	0.125589	
0.0775593	0.855836	0.603935	0.120316	
0.826093	0.174637	-0.0413147	-0.166397	
0.121491	-0.767765	0.287097	0.0283704	
0.235022	0.618439	0.411623	-0.094007	
0.776621	0.512949	-0.285363	-0.0849666	
0.0775593	-0.231567	-0.719858	-0.613495	
-1.58299	0.686445	-1.35204	0.704435	
-0.551813	-0.38531	0.0049103	0.712912	
0.273961	-0.262568	-1.5135	-0.610859	
0.569686	1.51062	0.25667	-0.300291	
1.06774	-1.15328	0.625223	-0.207045	
0.233774	0.405607	0.474157	-0.528078	
0.0730476	-1.40678	-0.242964	-0.480587	
1.22331	0.746243	0.741181	-0.414813	
0.412727	0.746243	1.0403	-0.255634	
0.427701	1.09707	0.536541	0.376713	
1.16348	-0.144956	-0.402786	-1.06488	
-0.62363	0.32477	0.915171	-0.868327	
0.344785	-0.39729	-0.35406	-0.365414	
-0.866214	1.16036	0.390211	-0.398503	
-0.0778101	0.962078	-1.18404	0.123398	
1.02767	0.638077	-0.562233	0.43583	
0.788386	-1.43724	-0.041941	-0.241422	
-0.222035	-0.38531	-0.967464	-1.14472	
0.625954	0.233676	0.390034	-0.453632	
0.283095	-0.858558	0.536749	-0.23186	
0.548514	1.41883	0.247801	0.406909	
-0.411971	-0.280197	0.155	-0.0610567	
0.0203593	0.217142	-0.11543	0.113521	
0.0753526	0.136996	0.554592	0.941447	
-0.419303	0.879453	-0.00577563	0.204929	
0.583051	0.411721	0.0718342	-0.344073	
-0.419966	-0.188839	-0.263499	-1.29899	
0.130267	-0.286109	0.579971	-0.0400873	
0.525163	0.572779	-0.00924041	-0.528078	
0.115609	1.34598	-0.652005	0.681	
-1.46226	-0.804896	-0.925369	-0.197533	
-0.780187	-2.35081	-0.652005	0.234591	
1.09368	0.453536	0.125006	0.39353	
0.678608	-0.427858	-1.16554	-0.241422	
0.412727	-0.687177	-0.605687	0.804186	
0.188462	0.512949	0.0140048	1.09856	
0.548514	-0.0268151	-1.24939	-0.868327	
-0.456865	-0.280197	0.40584	0.403082	
-0.552013	-1.13149	-0.255736	-0.320607	
-0.779746	-0.188839	-0.228764	0.610567	
-0.980325	-2.04313	-0.374827	0.180181	
0.620861	-1.63794	-0.453784	-0.213702	
-0.361553	-0.39729	-0.498698	-0.410109	
0.664349	0.774915	-0.541003	0.28524	
-1.23475	1.03347	0.147591	0.579707	
-1.19781	1.07677	0.491429	0.644179	
0.542096	0.719558	0.0563321	-0.0599252	
-0.554338	-1.57655	0.246553	0.270776	
0.767617	0.512949	0.390211	-0.422919	
-0.76079	0.0152291	0.488225	-0.202751	
-0.802604	-1.81276	0.301309	-0.46252	
0.322488	1.07318	0.37658	-0.925313	
1.00565	0.488155	0.374344	-0.700815	
0.529588	-1.78608	0.155	-0.690741	
-0.780992	-1.13149	0.0718342	0.0180496	
0.678608	-1.12706	-0.605366	-0.536146	
0.639844	-2.08124	0.272839	0.298921	
0.567646	-1.06037	0.0109415	-0.495532	
1.42821	-1.40678	-0.0617601	-0.610859	
-1.96107	0.618439	0.194436	0.813402	
-0.796689	-1.9162	0.721085	0.167945	
-0.552013	0.303926	-0.167194	-1.93251	
-0.937608	-0.405927	0.301289	0.0351152	
0.269636	-1.14357	0.10053	-0.908251	
-0.0367306	0.32477	-0.271664	0.791429	
0.00176693	0.109164	-0.440608	-0.600421	
0.235022	0.790625	-0.644168	0.283933	
-0.237446	0.224955	-0.235145	-0.693575	
-0.648719	0.217142	-0.920765	0.120316	
0.036645	0.84654	0.207921	-0.344073	
0.965547	-1.14357	0.315466	-0.508102	
0.650352	-0.0904862	-0.744179	1.35631	
-1.80389	0.96117	-0.122565	-0.139178	
0.303741	0.203685	-0.504746	0.565533	
-0.300975	1.18937	0.00855145	0.00542973	
-0.166041	-1.73523	-0.571397	-0.625663	
0.368071	-0.38531	0.39031	0.419226	
0.709173	1.07677	-0.166567	0.43583	
0.0730476	-0.262568	0.613055	0.973083	
-0.193182	0.879453	-0.208601	-0.44023	
0.427701	-0.59482	-0.251627	0.22457	
0.774752	-0.367546	-0.407925	0.120316	
-0.142999	0.875702	-0.398424	1.1216	
0.307572	-1.27877	-0.041496	0.355022	
0.336528	1.47209	0.281265	-0.384003	
1.36141	-1.5139	0.407977	-0.40034	
-1.19781	0.618439	0.283321	0.624616	
-0.444828	0.623123	-1.33152	0.419226	
0.50253	-0.188839	-0.217956	0.43583	
0.0322094	1.23589	0.385336	0.354932	
-0.747087	0.0638193	0.472107	-0.197533	
-0.166041	-1.87919	0.168483	-0.477136	
-0.00537588	0.411721	0.0750756	-0.270879	
0.531813	-0.685995	0.688027	0.0351152	
0.283095	0.452123	-0.282333	-0.102389	
0.513326	0.75378	1.02899	0.0724267	
1.07225	-0.262568	-0.03476	-0.102389	
0.92879	-0.858558	-0.0363821	0.0857133	
-0.123846	0.0311011	0.271816	0.579707	
0.735021	0.136996	0.772027	0.666063	
-0.408967	1.28596	0.309367	0.28524	
-0.830724	-1.14357	0.27351	0.530882	
0.427701	0.714135	-0.375818	-0.768086	
0.839099	0.638077	0.933619	0.53275	
1.09368	0.386083	-0.938615	0.692268	
-0.161477	-0.660919	-0.747619	0.439303	
-0.552013	0.233676	-0.320169	0.646958	
0.70343	-1.40678	0.182868	-0.600421	
0.0762125	0.679382	-0.903411	0.167945	
0.0753526	-1.95079	-0.26783	0.797702	
1.09368	0.912108	0.462519	0.303069	
-1.09957	-0.721368	-0.929508	1.06383	
1.36661	-1.47706	0.349453	-0.43931	
0.590052	0.169487	0.144819	0.180181	
-0.551917	-0.767765	-0.727097	0.0482692	
0.404375	-0.231567	0.949727	-0.169322	
0.036645	-0.231567	-0.0737113	-0.930493	
0.0753526	1.00433	0.238442	-0.224983	
0.115609	0.109164	0.226198	-0.528078	
-1.80863	-0.521204	-0.651906	0.171274	
-0.668624	-1.33463	-0.429555	-0.422919	
0.357771	-0.286109	-0.291819	-0.11758	
-0.699415	0.962078	0.60878	-0.344073	
-0.093823	-0.286109	0.117595	-0.60786	
0.92879	0.217142	0.0544393	-0.0400873	
-1.42466	0.411721	-0.520055	0.314178	
-0.358208	-0.767765	0.245215	0.624616	
-0.123846	-0.59482	-0.107667	0.418155	
-0.0621449	0.555881	0.0488948	-0.555154	
-0.097236	-0.767765	-0.0769864	0.258806	
-0.93923	-1.13824	-1.03432	-0.0610567	
0.780725	-1.0008	0.941315	-0.422919	
-0.608907	-1.51001	0.207714	0.194273	
0.111388	-0.262568	-0.117718	0.571572	
0.457814	-0.59482	-0.00378131	0.477602	
0.0753526	0.67057	-0.504746	-0.169322	
-0.222035	0.714135	0.0049103	-0.241422	
-0.76079	-0.39729	0.536541	0.124083	
-0.0621449	-1.34803	0.740705	0.0661011	
-0.843832	0.73727	1.13188	1.00219	
-0.173676	-0.572297	0.694942	0.467697	
1.02009	-1.83464	-1.03468	-0.344073	
0.814284	-0.0239592	-0.52882	0.383019	
0.184164	-1.5139	0.146564	0.354932	
-0.551886	-1.63423	0.771966	-0.338443	
-0.0367306	-0.417559	-0.0483624	0.332504	
-0.46653	0.174637	-0.847686	-0.993797	
-0.638977	0.174637	0.359095	0.383019	
0.885743	-0.0268151	-0.958284	-0.0599252	
-0.107669	0.963144	-0.241868	0.961413	
0.879012	-0.849905	-0.137212	0.9538	
0.285811	-1.51766	0.00140153	-0.094007	
-0.825036	-0.938776	0.218336	-0.739328	
0.336528	-1.51001	-0.0852811	-0.604416	
0.625954	0.679382	-0.779499	0.00542973	
0.283095	0.572779	0.106595	0.610567	
0.518118	-1.25376	0.321787	-0.59573	
-0.969567	-0.0904862	0.0525994	-0.826424	
-0.451194	-0.802285	-0.207377	-0.139178	
0.454728	0.714135	0.834647	0.419226	
-1.89201	-2.0608	-1.27019	0.325599	
-0.471813	-0.59482	-0.190938	0.124662	
0.184164	-1.0008	-0.333415	-0.518824	
0.700648	0.962186	-0.122427	-0.960155	
-0.0384176	0.224955	-0.222616	0.666063	
-0.284337	0.217142	0.2329	0.47491	
1.14308	-1.40678	-1.21644	0.120316	
0.548514	0.224955	0.147591	0.608986	
0.672399	0.686445	-0.240968	0.666063	
-0.765809	-1.391	1.32378	-0.60786	
-0.372505	0.722468	-0.171658	0.0369688	
-1.05439	1.22365	0.146424	0.624616	
-0.0384176	0.0638193	0.213645	-0.0239806	
0.0665908	-0.544197	0.0932797	0.447903	
-0.0384176	-1.13149	-0.00577563	0.0351152	
-0.171763	-1.21774	0.359095	0.403082	
-0.117282	1.03347	0.656006	1.11864	
0.0730476	-1.50872	-0.565005	-0.480587	
0.00176693	-0.904279	-0.998039	0.941447	
-1.38562	-1.69734	0.547282	-1.23977	
0.491871	0.67057	0.257351	-0.247558	
0.828008	1.307	0.366683	0.194273	
0.158556	-0.0743746	0.575793	-0.202751	
-0.899768	-0.572297	-0.395202	0.804186	
-0.753563	-1.7327	0.743379	0.0482692	
0.814284	-0.126019	0.0443021	-0.59573	
-0.0676963	1.16036	-0.830674	0.247043	
0.650352	-0.556237	0.940128	-0.44023	
0.557834	0.577897	0.469703	-0.77635	
-3.04922	0.879453	-0.373363	-0.868327	
-1.42997	-0.804896	0.36488	0.122576	
-0.196181	-1.12706	0.772825	-0.241422	
0.376734	1.32591	0.323335	-0.403733	
-0.300975	0.0961102	0.0946206	-0.613495	
-0.112817	0.29756	0.210207	0.579707	
-0.744809	-0.802285	0.2329	0.419226	
-0.753563	-0.188839	-0.374827	0.403082	
0.447255	0.411721	-0.100265	0.419226	
-1.16962	0.230067	0.40928	0.262936	
-0.638977	-0.0904862	0.132783	0.22457	
-0.30266	0.512949	0.058023	-0.0400873	
-0.551886	0.912108	-0.100265	-0.403733	
0.247492	0.96117	-0.725727	-0.518824	
1.09435	-1.40678	-1.22952	0.171274	
-0.677303	0.449894	-0.22174	0.646958	
-0.444828	0.799241	0.546884	-0.711337	
0.700648	0.774915	0.310373	0.43583	
0.518118	1.02623	0.170368	0.742889	
-0.0735256	-0.685995	0.502083	-0.0599252	
-0.55183	-0.685995	0.421767	0.28524	
0.73818	0.962186	-0.29703	-0.202751	
0.733043	0.714135	0.469829	0.0582567	
0.118286	0.450405	0.262755	0.122576	
-1.26912	1.38569	0.933703	0.644179	
-0.904156	-0.367546	-0.256766	0.171274	
0.14781	-0.572297	-0.356914	0.691848	
-0.699415	-1.60046	0.110395	-0.057839	
0.496181	0.376717	0.207161	0.118701	
-0.216763	-0.938776	-0.906632	-0.453632	
-0.969567	-1.31846	-0.517143	0.355022	
-1.53434	0.203685	-0.952759	0.186331	
0.368071	-0.0904862	-0.491518	-0.615829	
0.687555	0.912108	0.657498	0.121572	
-1.27201	-0.572297	0.301309	-0.166397	
0.235022	-0.174199	0.148489	-0.555154	
0.488763	0.616311	0.0544393	-0.768086	
0.23815	1.28596	-0.956332	-0.693575	
-0.886863	-2.34744	-0.445004	-0.59573	
-0.318207	0.217142	0.396582	0.53275	
0.595726	0.883984	-0.628211	0.22457	
0.405059	1.27324	-0.604392	0.354932	
0.303741	-0.849905	-0.217956	-0.466116	
0.814284	0.452123	-0.358638	0.171274	
-0.962578	-0.262568	1.00759	0.529684	
-0.134459	0.714135	0.57579	-0.453632	
-1.89851	-0.59482	-0.479697	0.122576	
0.328605	0.67057	-0.191136	0.0482692	
0.197136	1.13961	0.445913	-0.583375	
-0.605319	1.07429	0.15196	0.120316	
0.807419	0.804239	0.309367	-0.604416	
0.48313	-0.834439	-0.810399	-0.508102	
0.368071	-1.391	1.03499	1.1216	
-0.444828	0.376717	0.0695056	0.666063	
0.949093	0.746243	-0.16764	-0.161843	
-0.117282	-0.280197	0.246553	0.457081	
-2.26578	-1.12706	-0.220274	0.730464	
-0.605319	-0.59482	0.0839375	0.186331	
-0.324739	0.808093	-0.0902215	0.493715	
-0.0778101	-1.21774	-0.100265	-1.08254	
0.174628	-1.57655	-1.74538	-0.279008	
-0.551976	0.540395	-0.840165	-0.46252	
0.542096	0.512949	-0.482615	0.985286	
0.235022	-1.28357	0.181153	0.325599	
0.869024	1.17332	0.653961	0.332504	
-0.866981	1.48501	0.0563432	0.121572	
0.503375	-0.834439	0.153074	0.167945	
1.1182	0.855836	-0.579796	-0.0106413	
-0.394353	0.203685	-0.0608986	0.610567	
0.70343	0.386083	0.0317632	0.84756	
-1.00199	1.53723	0.638742	-0.255634	
0.628242	1.23914	-0.27487	0.35513	
0.481933	-1.0008	-0.301083	-0.279008	
-0.153957	-0.623212	-1.44658	-0.77635	
0.620861	-0.417559	0.0346399	-0.13053	
0.697227	-0.628755	0.0634552	0.122576	
0.371756	-1.68598	-0.982985	1.02906	
0.0714512	-0.0239592	0.407423	-0.384003	
0.423663	0.67057	-0.94424	0.194273	
0.0268816	0.34366	0.0188254	-0.600421	
-0.166041	-1.77423	0.301329	0.234591	
0.173825	0.233676	1.09648	-0.711337	
-0.497172	1.13136	0.326024	0.0724267	
-1.91161	-1.13824	-0.122565	0.43583	
0.219804	-0.0239592	-0.135482	0.599985	
0.207418	0.804239	-0.556443	0.781568	
0.755126	0.783112	0.694737	-0.0610567	
-1.26762	-0.304603	0.630203	0.383019	
0.303741	0.799241	-0.269152	-0.590142	
0.908251	1.0426	0.265572	0.298921	
0.412727	-0.834439	-0.641003	-0.202751	
-1.05296	0.109164	-0.589791	-0.536146	
0.214502	1.02623	0.122453	0.383019	
0.735021	-0.0852921	-0.75129	-0.102389	
-0.33324	-0.280197	0.195789	0.557166	
-1.30255	1.15417	0.313762	0.0582567	
-0.484225	-0.421665	0.476734	-0.318422	
-0.843832	-0.628755	0.351569	0.312988	
-1.38562	-0.38531	0.322294	-0.68829	
-0.0621449	-1.63436	-0.231346	0.43583	
-0.00537588	-0.913028	0.365168	-0.60786	
-0.731446	-1.40678	0.222306	-0.785913	
0.125398	-0.938776	0.4108	0.383019	
0.273961	0.136996	0.117595	-0.150013	
0.606716	-1.51001	0.288416	0.28524	
0.885743	-0.59482	0.122453	0.632408	
0.513326	-0.938776	-0.266742	0.22457	
0.318478	0.488155	0.194641	-0.057839	
-0.0950674	-0.623212	0.754763	0.0857133	
-0.484225	0.109164	-0.471963	0.39353	
-0.358964	0.841624	0.149375	0.354982	
0.213108	-1.391	0.0396793	0.0661011	
-1.34102	-1.58662	0.497849	-0.349624	
1.50663	0.203685	0.54655	0.666063	
0.283095	1.18331	-0.355157	-0.166397	
0.125398	-1.58328	-0.312182	-0.610859	
1.59856	-0.721368	0.446508	-0.686148	
0.650352	-2.01007	-0.207998	-0.257437	
0.798572	0.963144	-0.506342	0.234591	
-0.299798	0.391602	0.035522	0.0582567	
0.92879	-0.961902	0.546268	0.0482692	
-0.372505	-1.26611	-0.906301	-1.19049	
0.368071	-0.126019	0.485748	-0.123485	
0.557834	0.203685	-0.843545	0.403082	
1.45849	0.879453	0.458011	-0.696889	
-0.121985	0.810648	0.242762	0.383019	
-0.506124	-1.66654	0.221439	0.354982	
0.557834	1.0291	0.442324	-0.13053	
0.0322094	1.43508	0.0081911	-0.77635	
0.357627	0.34366	0.0207262	1.06715	
-0.101952	-0.421665	-0.660091	-0.213702	
0.987482	1.08757	-0.332925	-0.094007	
0.344785	0.555881	0.195789	0.355022	
0.524108	0.0311011	0.434006	-0.480587	
-1.61812	-0.0268151	-0.00924041	0.681	
-0.780992	-0.0904862	0.458011	-0.19975	
0.269636	-1.51135	-0.000477793	-0.318738	
0.261934	-0.137728	0.624019	-0.296405	
0.767617	-2.01007	-0.274381	-0.0400873	
-0.699415	-0.231567	0.604416	0.797702	
-0.0292123	1.02623	0.606174	-0.758635	
-1.67705	0.0691608	0.233872	0.528254	
-0.551886	0.714135	-0.890356	0.332504	
1.2414	0.623123	-0.323368	0.121572	
1.04028	-1.78443	0.636453	-0.11758	
-0.471813	-1.51001	1.09028	-0.13053	
-0.937731	-0.544197	-0.583174	0.39353	
-1.05363	1.40864	0.547073	-0.166397	
0.767617	0.618439	0.472524	1.16802	
1.22331	-0.628755	-0.554645	-0.453632	
1.02317	0.452123	-0.0275155	0.247043	
0.606716	1.39762	-0.374349	0.781568	
-0.192444	0.623123	0.256468	0.283933	
0.23413	0.386083	0.0109415	0.624616	
-0.154641	-1.34803	0.316887	-0.760873	
0.753152	-2.13696	-1.19072	0.484566	
-1.3621	0.618439	-0.298434	0.312988	
0.344785	-0.938776	-0.242964	-0.076645	
1.07686	0.638077	-0.352277	0.332504	
0.828008	-0.246504	-1.3692	0.53275	
0.994551	-1.55993	-0.0517174	0.0724267	
-0.980325	-0.168141	-1.36428	-0.344073	
0.357771	-0.39729	-0.621167	-0.0599252	
0.767617	0.912108	0.179082	0.608986	
0.788386	0.411721	0.882711	-0.171359	
-0.318207	1.18331	-1.12107	0.124083	
0.856035	1.0291	0.170368	0.560872	
1.49898	-0.904279	0.338098	0.00542973	
0.222815	-2.0772	-0.0410812	0.332504	
-0.765809	1.00433	-1.06641	-0.925313	
-0.27602	0.67057	0.560855	0.121572	
-0.838293	-1.73391	0.516665	0.447903	
0.48642	-0.304603	-0.0637576	0.973083	
0.213108	-0.39729	-0.44191	-0.270879	
-0.394638	-0.59482	0.205949	-0.480587	
-0.0526883	-0.938776	-0.838951	-0.169322	
0.583051	-1.93522	-0.117237	-0.255634	
0.577689	-0.995289	-0.141649	0.736164	
-1.66551	0.962078	0.700092	-0.270879	
0.0436108	0.386083	-0.222616	0.194273	
-0.630526	-1.56642	0.0590903	-0.0103571	
0.909425	0.411721	-0.532587	0.354982	
0.590052	-1.13824	0.63407	-0.139178	
0.197136	-1.25376	0.127399	0.120316	
0.484593	0.565837	-0.251627	0.258806	
0.382626	-0.412453	0.624513	-0.682585	
-0.687433	-1.28357	0.0198921	0.644179	
0.965547	-2.09272	0.401708	-0.114533	
0.585274	1.26242	0.0444225	0.591263	
-0.00537588	1.10746	-0.397548	-0.868327	
0.780725	0.488155	-0.141305	-0.797109	
-0.73115	0.962186	0.0750756	-0.296405	
0.121491	0.35378	0.608453	-0.19975	
-0.719338	0.217142	-0.00759277	0.234591	
-0.0621449	0.240087	-0.0412058	-0.255634	
0.909425	-0.39729	0.09062	-0.930493	
0.664349	-1.83464	0.137329	-0.290249	
0.224745	0.962078	-0.865288	0.579707	
0.491871	0.623123	0.380025	0.675029	
0.219804	0.233676	-0.728938	0.666063	
-0.284337	0.746243	0.207921	0.00542973	
-0.138464	-1.03681	0.00772195	0.314178	
0.658582	0.623123	0.0955418	0.00542973	
0.118286	-1.35225	0.207714	-0.338443	
-0.429417	-0.556237	-0.0320701	0.0482692	
0.524108	-1.12706	-0.576312	0.171274	
-0.281018	0.527754	-0.0304228	-0.700815	
0.707591	0.912108	-0.0333338	-0.296405	
1.02009	-1.13824	-0.260047	-0.171359	
-0.216763	-1.34803	-0.301045	-0.0599252	
1.42072	1.32591	0.836004	0.274969	
-0.326937	-1.13149	0.442324	0.67332	
-1.22564	1.10746	0.39028	0.571572	
-0.0367306	-0.367546	-0.917993	0.467697	
0.955911	0.963144	-0.0795445	0.0180496	
0.00176693	-2.27595	-0.470531	-0.213702	
0.118286	0.764011	0.708539	0.419226	
-0.284337	-0.367546	-0.167194	1.00219	
-0.318207	-0.628755	0.831764	0.419226	
-0.630526	-1.28357	-0.839534	0.270776	
0.531813	-0.246504	-0.4891	-0.0849666	
-0.0676963	0.217142	0.193176	-0.0849666	
-1.05439	0.411721	0.409282	0.332504	
0.118286	0.233676	0.114883	0.336864	
0.907689	-1.25376	-0.662556	-0.621465	
-0.0492385	0.452123	0.63407	-1.04375	
0.0403962	-0.767765	0.298272	0.303069	
-0.372505	0.449894	-0.6229	-0.615829	
-0.318207	-0.0651493	0.21881	0.776395	
1.33447	-0.0280208	-0.423283	-1.35039	
0.036645	-1.93522	0.594687	0.22457	
-0.142999	0.804533	0.195017	-0.13053	
0.0509854	0.224955	0.307182	-0.19975	
-0.245781	0.0638193	0.301278	0.194273	
-0.024105	1.38219	0.208377	-0.247558	
0.279073	-0.556237	-0.373812	0.118701	
1.01408	0.84654	0.569904	-0.0797166	
-0.0713542	0.555881	-0.621183	-0.320607	
-0.384288	-0.38531	-0.471963	-0.518824	
-0.193182	-1.0008	-0.298434	-0.466116	
0.382626	-0.262568	-0.218913	-0.0599252	
0.0203593	-0.849905	-0.2908	0.124083	
0.978216	-0.0268151	0.117595	0.325599	
-0.843832	1.0426	0.0525994	-0.44023	
-2.47672	-1.51135	-0.117718	0.477602	
0.569686	1.00433	0.49938	-0.11758	
0.382626	0.23636	0.0695352	-0.241422	
0.606012	0.879453	-0.532756	0.846589	
-0.121985	0.155854	-0.341788	-0.610859	
1.03977	0.217142	0.91627	0.303069	
0.0780967	0.855836	0.260674	-0.057839	
-0.76079	-0.38531	0.0638113	-0.617911	
-0.802604	0.540395	-0.0795445	-1.75329	
1.37299	-0.188839	0.321213	0.489731	
0.0436108	-0.849905	0.309367	0.0724267	
1.1938	-1.7327	-0.741472	-0.43937	
0.73078	0.357311	-0.631365	-0.495532	
-1.70347	0.194399	-0.282333	0.0661011	
-0.266347	-0.137728	-0.0705189	-0.480587	
0.247492	-0.0904862	-0.03476	0.0724267	
0.665203	0.774915	-0.461682	0.186331	
-0.216763	-1.25376	0.193983	0.216329	
-1.10817	0.912108	0.115356	-1.07446	
0.305127	-1.91113	-0.0969968	0.186331	
-1.05439	0.136996	0.247975	-0.59573	
-0.117282	-1.66769	-0.712034	-0.480587	
0.846848	-0.544197	-0.190696	-0.0306804	
-1.00702	1.34301	0.820874	-0.495532	
-0.134459	0.224955	0.344459	0.646958	
-0.661104	-1.63423	-0.228177	-0.365414	
0.357627	-1.13149	0.469829	-0.13053	
1.02009	-2.2414	0.27931	0.493715	
-0.677303	0.240087	-0.431547	0.53275	
0.731716	-0.367546	0.45054	0.0283704	
-0.33324	-1.7327	-0.165315	-0.590142	
0.705706	1.35567	0.229526	0.53275	
-0.300975	0.0311011	0.182868	-0.202751	
-0.0621449	-0.765061	0.70556	0.771101	
-1.01376	-0.765061	-0.246303	-0.508102	
0.357627	-0.405927	-0.414276	1.02906	
-2.02478	0.774915	0.207921	0.961413	
0.0762125	0.376717	0.46131	0.00542973	
-1.19781	-0.137728	-1.06641	0.121572	
-1.35249	-1.50872	1.2337	0.000588419	
-0.14922	0.912108	-1.33443	0.822824	
-1.01904	1.20578	-0.35322	0.247043	
-0.378111	-0.405927	0.21931	-0.536146	
0.70343	0.233676	0.285985	-0.114533	
0.165463	1.18331	-0.321285	-0.696889	
-1.1412	1.13519	-0.205389	-0.207045	
0.197284	0.488155	-0.482615	-0.318738	
0.874348	1.08461	-0.121089	0.121572	
0.620861	0.746243	-0.818507	0.0482692	
-0.0212846	-0.0743746	0.258812	0.403082	
-0.343236	-1.63794	-0.164374	1.13743	
-0.451194	1.07677	0.0571146	0.0661011	
0.0743177	0.722468	1.07888	0.0661011	
-1.05258	0.841624	0.191765	0.122576	
0.405059	-0.319522	-0.409168	-0.202751	
-0.30266	0.912108	-0.547253	-0.693575	
-0.552013	1.47209	-1.20445	-0.385739	
0.0268816	0.512949	0.787625	-0.503602	
-2.39459	-1.06037	-0.19979	0.827544	
1.02767	0.774915	-0.109603	0.394932	
-0.0621449	0.912108	-0.900432	-0.43937	
0.0743177	0.230067	0.0877718	0.477602	
-0.76079	-1.23663	-0.510903	0.383019	
0.0203593	0.023053	0.245215	-0.740698	
0.447255	-0.188839	0.195505	0.234591	
-0.687433	-0.527338	-1.74538	-0.139178	
0.478744	-1.13149	-0.555425	0.484566	
-3.01797	-1.66769	0.39498	-1.14891	
-0.0621449	0.616311	-0.615787	0.354932	
-1.26762	0.449894	0.340712	0.121572	
-2.08214	1.0291	-1.30836	0.496882	
1.11119	1.34614	0.281098	0.419226	
-0.0492385	-0.367546	-0.73025	-0.604416	
0.115609	0.233676	0.21881	-0.0610567	
0.542096	1.28748	-0.549941	0.180181	
-0.551866	0.478914	0.12922	0.418155	
-0.0526883	-1.57655	-0.060499	-0.320607	
-0.12486	-0.286109	0.81761	0.904984	
0.697227	-0.262568	0.32999	0.624616	
-2.24568	-0.38531	-0.238122	-0.77635	
-0.552013	-0.721368	-0.228436	0.242957	
0.412727	-1.84694	-0.357628	-1.2423	
0.121491	0.449894	0.0909688	-0.145365	
-0.0778101	0.109164	0.355066	0.719157	
0.687555	-1.68598	-0.0351456	-0.296405	
0.653504	-1.68598	-1.17956	0.0582567	
0.283095	-0.367546	-0.526134	-0.296405	
0.496181	-2.01007	0.653961	0.120316	
0.0775593	0.889017	0.414748	1.13743	
0.0769384	0.527754	-0.0593588	-0.13053	
-0.123846	-0.821387	0.796248	0.0582567	
0.488763	-1.47706	-0.471189	0.646958	
-1.26762	0.203685	0.129646	0.394932	
0.312782	-2.32282	0.100542	0.186331	
-1.27063	0.867038	-0.154833	-0.59573	
-0.14922	-0.430252	-0.671737	0.312988	
-0.121985	0.889017	0.281098	-0.590142	
0.222815	0.572779	0.224629	-0.0239806	
0.825306	0.686445	-0.174151	-0.320607	
0.328605	0.217142	0.110497	0.0724267	
0.344785	0.653043	-0.501862	0.585101	
-1.26671	0.774915	0.894307	0.262936	
0.247492	1.34301	-0.596504	-0.46252	
-0.257625	-1.40678	-0.0135933	0.646958	
-0.0735256	-1.51001	-0.373578	0.0101729	
-1.22564	-0.0239592	-0.78554	-0.518824	
-0.275826	-0.544197	0.237678	0.28524	
-0.719338	-1.63436	0.635905	0.122576	
-1.70347	-0.0268151	-0.136228	0.247043	
0.357627	-0.721368	-0.395941	0.28524	
0.285811	0.643572	0.227431	0.530882	
0.0780967	1.38219	-0.295569	-0.166397	
0.639844	-0.764596	-0.181932	0.624616	
0.391322	0.203685	0.177445	0.560872	
0.620861	-0.304603	0.458011	0.439303	
-0.780992	-1.50872	-0.35322	0.0889076	
-1.44026	0.67057	0.0537243	0.961413	
-0.0125732	-0.304603	0.545718	-0.536146	
0.418772	1.22365	0.522496	0.257023	
0.0743177	-2.16924	0.0839375	0.904984	
-0.0138597	-0.0280208	-0.592597	0.53275	
-0.602181	0.512949	0.670278	-1.3304	
0.513326	-2.02458	0.0955418	-0.528078	
0.567646	1.07677	0.0878257	-0.166397	
0.625954	0.660269	0.772825	-0.754522	
-0.552243	-0.0268151	0.0133916	-0.207045	
0.368071	1.18331	0.60089	0.120316	
0.807419	0.32477	-0.274381	-0.700815	
-0.838293	0.0152291	-0.602976	-0.43937	
0.605649	0.613934	0.959237	0.993232	
-0.779746	-0.367546	0.139836	0.121572	
0.289211	0.312521	0.520642	0.28524	
-0.463813	-0.834439	-0.0574717	-1.82961	
1.33447	0.488155	-1.31168	0.973083	
-0.0138597	-0.995289	-1.5115	-0.202751	
0.453336	-0.0268151	-0.833734	0.123398	
-0.793975	1.02298	-1.08474	0.403082	
0.454728	-1.41236	0.339525	-0.123485	
-0.551813	-0.126019	0.456678	-0.353861	
0.658582	-1.24341	0.599902	-0.403733	
0.780725	0.67057	-0.807789	-0.696889	
0.0509854	0.203685	-1.14893	-0.207045	
0.705706	0.555881	0.373241	-0.319316	
0.70343	0.96117	0.381195	0.890462	
-0.0621449	1.41121	-1.04731	-0.0849666	
0.569686	1.52051	0.751611	0.186331	
1.01115	0.169487	0.464363	0.904718	
-0.86505	-1.81276	-0.0637576	0.528856	
0.109694	0.449894	0.11972	-0.0400873	
0.336528	0.488155	0.309367	-0.0849666	
-1.60851	-0.672643	0.154414	-0.0239806	
0.184164	-0.0904862	-0.167194	0.0351152	
-1.17806	0.855836	0.521913	0.274969	
-0.0393532	-0.913028	0.952952	-0.518824	
-0.384288	0.411721	-0.430001	-0.344073	
-0.229815	-0.231567	-0.238118	-1.02506	
0.361187	-1.45575	0.472524	1.19098	
0.509406	0.774915	1.04937	-0.43937	
0.447255	-1.58662	0.0794805	-0.43937	
1.18686	1.0402	-0.123592	-0.711337	
0.0780967	-0.39729	0.943	0.846589	
0.531813	-0.38531	0.193983	0.666063	
0.506139	1.07677	-0.0679268	0.0180496	
0.348119	-0.304603	-0.0679268	-0.543244	
0.664349	-0.137728	0.0609003	-0.700815	
0.423663	-0.685995	-0.312182	-0.11758	
-0.955811	1.41121	0.140695	-0.171359	
-1.48076	-0.765061	-0.0172936	0.303069	
0.705706	-1.50872	0.69218	-0.094007	
0.113339	0.623123	-0.141369	0.484566	
-1.05363	0.376717	0.359596	0.0724267	
0.173825	0.912108	0.291369	-0.0306804	
0.39844	-0.33833	0.39013	0.77323	
0.697227	-1.5139	0.413033	-0.0107925	
1.0401	-0.59482	-0.0417591	0.124083	
0.188462	0.386083	0.469703	0.571572	
0.491871	-0.319522	-0.147713	-0.992576	
0.412727	1.26242	0.849243	0.28524	
0.384037	-0.427858	0.237184	-0.604416	
1.02317	-0.628755	0.625706	0.447903	
0.639844	-0.188839	0.91082	0.869132	
0.418772	-0.628755	0.115969	-0.355959	
0.255889	-2.14643	0.155524	0.124083	
0.152754	-0.938776	-0.0812757	0.194273	
0.0322094	-0.203218	-0.222931	-0.365414	
-0.266347	-1.0008	-0.20064	-0.202751	
-0.024105	-0.203218	0.000130143	0.935894	
-0.630526	-0.556237	-0.0199492	-0.44023	
0.357771	-0.0239592	0.062078	-0.794726	
-0.0125732	-1.66769	0.153528	0.234591	
0.165463	-0.961902	0.366833	-0.257437	
-0.497172	0.488155	0.536944	0.529684	
-0.605319	0.512949	0.73843	-0.139178	
-2.42071	-0.0904862	-0.21202	0.97402	
0.524108	-0.834439	0.48747	0.325599	
0.125398	-0.59482	0.326602	-0.930493	
0.0436108	-1.95079	-0.316482	0.120316	
-1.24728	0.618439	-0.614525	-0.43937	
0.978216	-0.39729	0.157687	-0.60786	
1.07686	0.746243	-0.886927	-0.613495	
0.336528	-0.834439	-0.340632	0.0482692	
-1.43981	1.0426	-0.477505	0.610567	
-0.0492385	-0.640112	-0.215444	-0.139178	
-0.0492385	0.35378	-0.961686	0.646958	
0.219804	-1.59449	0.315466	-0.338443	
0.158556	0.303926	-0.414276	0.312988	
-1.32358	0.411721	0.32999	-0.768086	
0.531813	-1.07701	-0.336471	-1.04308	
1.14198	0.927374	-0.80644	0.0351152	
0.418772	1.23589	-0.939103	0.22457	
-1.09385	-0.028688	0.0989153	-0.207045	
0.705706	1.02298	-0.0301124	0.458879	
0.605715	0.790625	0.184743	-1.10891	
-0.0138597	0.452123	0.491692	0.610567	
1.05868	0.722468	0.6468	-0.70554	
-0.456865	0.84654	-0.195122	0.0661011	
0.862898	0.790625	0.616892	0.610567	
-0.489139	0.962078	0.0762861	0.28524	
0.219804	0.855836	-0.750724	-0.560199	
0.254183	0.623123	0.403441	-0.508102	
-0.812283	-0.280197	-0.0162752	0.646958	
0.449686	0.174637	-0.299382	-0.320607	
-0.0138597	0.217142	-0.487516	-0.257437	
-2.09527	0.376717	0.902489	-0.102389	
0.357627	-0.904279	0.16392	-0.43937	
0.312782	0.84654	-0.240968	-0.508102	
1.22331	0.312521	-0.970329	0.262936	
0.39844	1.13136	0.240568	-0.13053	
0.118286	-0.331813	-0.287258	0.258806	
0.496181	-0.767765	-0.109565	-0.453632	
-0.866214	-0.640112	-0.836199	0.372809	
-0.300207	1.43508	0.116886	0.529684	
0.036645	-0.59482	-0.122565	-1.23977	
0.496181	-0.367546	0.2303	-0.690741	
0.590052	-0.628755	0.271816	0.632408	
-0.166041	-2.1466	-0.727926	-0.617911	
-0.429417	-1.34803	-1.77512	0.418155	
-0.634782	0.0311011	-0.0559737	0.00542973	
0.767617	0.217142	-1.5115	-0.241422	
0.269636	-0.425038	-0.222616	-0.318738	
-0.245781	-0.38531	0.246553	0.646958	
0.862898	0.303926	0.73737	0.84756	
0.418772	0.0638193	0.260841	0.0169902	
0.39844	0.217142	-0.126457	0.565533	
0.846848	0.623123	0.276744	-0.528078	
0.890153	-1.78608	-0.652092	0.118701	
-0.437627	-1.03681	-0.704163	0.0351152	
-0.617896	-0.938776	-0.504463	-0.686148	
0.879012	0.841624	-0.0812757	-0.906097	
0.590052	-0.0239592	0.350255	-0.0400873	
0.803838	0.560528	-0.000906445	-0.123485	
-0.937608	-0.867809	0.536944	0.303069	
-2.65687	-0.849905	0.960505	0.00542973	
0.814284	-1.30152	-0.34233	0.383019	
0.219804	-0.687177	0.0498525	-0.320607	
0.207418	0.452123	-0.0627085	-0.11758	
0.344785	0.512949	0.343494	0.0283704	
0.70343	0.32477	0.680014	0.528856	
0.0743177	0.312521	-0.358991	-0.453632	
0.130267	-1.61409	0.737127	0.355022	
-0.687433	0.0961102	-0.195669	0.180181	
-0.36869	0.389714	-0.178695	-0.0306804	
-0.229815	-0.833525	0.207335	-0.564388	
0.14781	-0.735154	0.360935	-0.43937	
0.382626	0.224955	0.627976	-0.139178	
-0.138464	-0.33833	0.242805	0.0351152	
0.932612	0.224955	-0.454096	0.0820019	
-1.27201	-1.81276	-0.358258	-0.528078	
-1.09957	-0.38531	0.110497	-0.748886	
1.03977	-0.38531	1.03744	0.666063	
0.965547	0.540395	0.0609003	-0.960155	
-0.33324	-1.56642	0.390247	-0.318738	
-0.407862	-0.405927	-0.188129	0.906934	
-0.346471	0.367662	-0.125362	-0.43937	
-0.719338	0.512949	-0.569509	-0.11758	
-0.753563	-0.0904862	-0.756276	-0.381063	
0.181045	0.912108	-0.468635	-0.207045	
0.481933	-1.27877	0.360935	-0.345084	
0.130267	-0.834439	0.88539	0.123398	
-0.194304	-0.137728	0.622048	-0.70554	
-0.648719	-1.62359	-0.268364	0.383019	
0.48642	0.96117	-0.25917	-0.0103571	
0.847537	-1.41591	-0.240547	0.730464	
-0.419966	-0.765061	-0.76958	-0.0488752	
-0.193182	-0.849905	-0.37466	-0.344073	
0.165463	0.746243	-0.356914	-0.508102	
-1.53123	0.224955	-0.0831789	-0.617911	
0.109694	0.217142	0.606174	-0.270879	
-1.35249	0.512679	0.353093	1.00219	
0.620861	-0.544197	-1.08474	0.247043	
-0.510703	-1.51001	-1.38882	-0.617911	
-0.024105	0.774915	-0.631365	0.0482692	
0.255889	-0.834439	0.287097	-0.381063	
0.767617	0.936184	0.0675597	0.247043	
-0.808551	-0.556237	-0.392031	-0.13053	
-1.00725	0.540395	0.380643	-0.718618	
-0.865467	0.179806	-0.0363821	0.429896	
0.423663	-1.14357	-0.0948061	0.646958	
0.491871	-1.83464	0.515692	-0.422919	
0.569686	0.927374	0.16392	0.332504	
-0.0138597	1.20578	-0.710431	-0.166397	
-0.825036	0.804533	-0.38788	0.591263	
1.1938	-0.231567	-0.117237	0.666063	
-0.166041	-0.544197	-0.485502	-0.19975	
0.283095	-1.51135	-0.0415722	-0.371632	
0.328605	0.0961102	-0.549864	-0.868327	
0.908251	0.00583248	-1.02368	0.610567	
-0.0526883	-0.126019	-0.195363	0.529684	
0.328605	0.452123	-0.0415722	0.000588419	
0.0268816	-0.108213	0.485882	0.565533	
0.639844	-1.9366	0.312773	-0.70554	
0.173825	0.775302	0.358731	0.0724267	
0.247492	0.746243	0.642963	-0.518824	
-1.22564	1.15417	0.384994	-0.290249	
0.136512	0.217142	-0.244692	0.84756	
-0.63894	0.638077	-0.056682	-0.241422	
0.0322094	1.43508	-0.74465	-0.731527	
0.152754	1.23589	-1.35367	0.624616	
-0.46653	-0.938776	-0.145457	-0.139178	
0.531813	-1.59449	-0.0282586	1.02906	
-1.56862	0.879453	0.940876	-0.0103571	
-0.722994	-2.21874	0.215955	-0.906097	
0.23413	-1.93522	0.301329	0.0351152	
1.32871	0.511742	0.745272	0.118701	
0.339084	0.540395	-0.146164	-0.543244	
-0.196181	1.00433	-0.132704	-0.296405	
0.0268816	-0.544197	-0.332925	0.120316	
-0.551813	0.118874	-0.163684	0.180181	
0.693103	0.29756	-0.213971	-0.19583	
-0.719338	-1.51001	-0.276855	0.180181	
0.769965	-1.14357	0.426594	-0.480587	
0.449686	0.449894	0.0130052	-0.528078	
-1.57869	0.136996	0.524011	0.262936	
-0.0837624	0.450405	0.688027	-0.202751	
0.285811	-1.34803	-0.374205	-0.480587	
-0.489139	-1.31846	-0.171963	0.712912	
-1.00725	0.29756	0.36488	0.740062	
0.847537	-1.23663	0.496426	-0.257437	
0.307572	0.774915	-0.225399	0.354982	
-1.88925	-0.304603	0.0323279	0.447903	
-0.0492385	0.623123	-0.041496	-0.60786	
0.743743	0.174637	0.12922	0.248735	
0.344785	-0.126019	0.130259	0.827544	
-0.142999	0.616311	-0.0769864	-0.600421	
0.45168	0.292653	-0.205333	0.53275	
-0.299798	0.912108	0.352592	-0.583375	
0.0322094	0.875702	0.127306	0.712912	
-2.21023	0.962078	-0.283377	0.39353	
-0.0778101	-0.286109	0.334039	0.681	
-0.719338	1.08461	-0.886488	-0.13053	
-0.699932	1.16036	0.652014	0.0661011	
0.125398	-0.126019	-0.240968	0.608986	
-0.899768	-0.405927	-0.0769864	0.0661011	
1.25867	-0.203218	0.0694648	-0.590142	
0.767617	0.565837	-0.539997	-0.518824	
-0.962578	0.34366	-1.93237	0.180181	
-0.63102	-1.0008	-0.141445	-0.486935	
-2.79513	-1.03681	-1.35367	-0.057839	
-0.0212846	0.0961102	0.242762	-0.810396	
-0.709022	-1.03681	-0.141445	0.666063	
0.529588	-0.628755	0.627994	-0.241422	
-0.112811	-0.834439	-0.433173	0.0820019	
0.650352	0.638077	-0.938735	-0.536146	
0.169023	-1.63436	-0.985009	-0.681087	
-0.617896	0.136996	-0.64678	-0.213702	
-0.484225	0.84654	0.0252319	0.262936	
-1.71987	0.810648	0.0235538	-0.0306804	
0.336528	-0.0743746	0.366683	-0.0306804	
-1.68181	0.109164	-0.229193	0.00542973	
-0.314314	1.23589	0.105817	-0.77635	
-0.0367306	1.23589	-0.37519	0.247043	
0.0509854	0.478914	-0.830674	0.776395	
-2.41403	-0.685995	-0.130129	-0.785913	
-0.793975	-0.0291119	-1.5693	0.776395	
-0.134459	-0.690063	0.105054	-0.102389	
-0.599416	-1.69734	-0.316482	-0.797109	
0.70343	-0.834439	0.76343	-0.375161	
0.991495	-1.12706	-0.102549	-0.241422	
-2.4078	-1.03681	-0.504239	-0.0849666	
-2.22223	-0.58736	-0.327025	-0.344073	
-0.245781	-0.938776	0.333895	0.0482692	
0.423663	0.224955	0.454701	-0.123485	
-0.266347	0.774915	-0.694524	0.769574	
0.847537	1.47209	-0.611651	-0.319316	
1.29096	-0.628755	0.0736456	-0.320607	
0.683542	-1.31846	-0.121089	0.403082	
0.605649	0.686445	0.574637	-0.219798	
0.697227	-0.126019	-0.29703	0.121572	
1.27517	1.34301	-0.53996	-0.0239806	
0.0488343	0.238435	0.0212994	0.565533	
0.0753526	0.0961102	-2.09103	0.53275	
0.700648	-1.12706	-0.15637	0.28524	
0.0436108	-0.33833	-0.356654	0.171274	
-0.0138597	0.775302	0.660797	-0.123485	
0.814284	0.75378	1.12492	0.234591	
0.907689	0.169487	-0.359911	-0.0599252	
0.815787	1.09126	0.37763	0.822824	
0.531813	0.565837	-0.850491	0.457081	
0.509406	-1.50872	0.866337	0.86029	
0.574349	-0.231567	-0.522117	-0.13053	
-0.969567	-1.50872	-0.961686	0.262936	
-0.23632	-1.85469	0.598663	-0.518824	
-0.372505	-0.137728	-0.525053	0.247043	
0.678608	0.927374	-1.03933	-0.207045	
-0.193182	-0.764596	-0.187175	0.692268	
0.731716	0.512949	-0.222228	-0.398503	
0.700648	0.203685	-0.453784	-1.11138	
-0.744809	-0.0239592	0.573563	0.489731	
-1.30255	0.512949	-0.0756018	0.571572	
0.531813	0.511742	0.670689	-0.169322	
-0.166041	0.866623	-0.699429	0.167945	
-0.255735	-0.226863	0.2329	0.742889	
-0.394638	0.233676	0.285985	0.124662	
0.50253	-0.938776	-0.291819	-0.590142	
0.136512	0.217142	-0.373469	0.620956	
-0.300207	0.116205	0.681667	0.262936	
-0.630526	0.790625	-0.438751	-0.46252	
0.10821	0.0691608	-0.297635	0.0724267	
-0.212952	1.03347	-0.433173	0.124083	
-2.01345	0.433326	-0.436688	0.354932	
-0.551827	-1.0008	0.490466	-0.169322	
0.247492	0.34366	-0.591069	0.530882	
-0.456865	0.0311011	-0.792828	-0.508102	
-0.384288	0.616311	-0.374827	0.813402	
0.173825	1.17128	0.71925	-0.422919	
-1.38712	0.889017	0.497849	0.370153	
0.756702	1.41883	-0.211688	-0.43937	
-0.0676963	0.638077	0.691524	0.123398	
-1.35712	0.29756	0.517571	0.123398	
0.569686	-0.660919	-0.33799	0.312988	
0.567646	-1.12706	-0.392031	-0.239991	
-0.237446	-0.262568	-0.604392	0.77323	
0.371756	0.0311011	0.0323279	0.662978	
-0.123846	0.450405	-0.298434	0.624616	
-0.553275	-1.3586	-0.881034	0.399121	
0.263517	1.02298	0.029518	-0.0106413	
0.509406	1.02298	0.373241	-0.057839	
0.418772	0.555881	0.215301	0.167945	
-0.222035	-0.721368	0.70925	-0.590142	
-0.324739	-1.57655	0.356915	-0.826424	
0.650352	0.449894	0.321213	0.529684	
-0.14922	1.42871	-0.0948061	0.0180496	
-0.33324	0.312521	0.245215	0.160639	
-0.551886	-2.24967	-1.13215	-0.057839	
0.753152	-0.556237	-0.756276	0.332504	
0.113339	-0.597424	-0.341222	0.624616	
-1.53153	0.32477	0.305038	-0.365414	
0.357627	-0.126019	0.497174	0.247043	
-0.471813	0.988222	-0.929508	0.00542973	
-0.429417	0.136996	0.639665	0.0351152	
0.687555	1.10746	-0.372983	0.234591	
-0.161477	-0.226863	0.10208	0.22457	
-0.0384176	0.719558	-0.234097	0.298921	
0.907314	-1.13149	-0.141974	0.167945	
0.569686	0.623123	0.261125	-0.114533	
0.0730476	-1.66769	-0.356654	-0.696889	
0.254183	0.0638193	-0.0135933	-0.145365	
0.315647	0.0691608	-1.11509	0.175277	
-0.648719	0.454467	-0.819751	-0.60786	
0.412727	-0.802285	-0.271827	0.0482692	
-1.31683	-0.660919	-0.611651	-0.486935	
-0.552632	-0.0268151	0.15196	-0.123485	
0.173825	0.0311011	0.0632614	-0.102389	
-0.210067	-0.804896	0.0794805	-0.0103571	
-1.12275	-1.87919	0.359095	0.84756	
0.0322094	0.790625	-0.276804	-0.528078	
-0.0569144	-0.33833	-0.0574717	-1.75329	
0.158556	-2.29857	0.357014	-0.486935	
-0.142999	0.540395	0.962632	0.406909	
-0.851226	0.96117	1.14269	0.325599	
-0.384288	-1.25376	0.305038	0.822824	
0.658582	-0.0268151	0.269318	0.885792	
0.590052	-1.50872	-0.786411	0.43583	
0.222815	0.217142	0.428444	-0.495532	
-0.212952	-2.01007	-0.508567	-0.543244	
-0.493416	0.453536	0.682835	-0.453632	
-0.0569144	-0.286109	0.479816	-0.0306804	
-3.06469	0.615142	0.27474	-1.06488	
0.618141	-0.556237	-0.546182	0.194164	
0.4094	-0.961902	-0.167194	-0.925313	
-0.613053	0.450405	-0.150819	-0.102389	
0.118286	0.224955	-0.0574717	-0.0400873	
1.1938	0.540395	0.918893	-0.381063	
-2.52437	0.203685	0.755003	-0.241422	
0.675201	-1.59066	0.0603622	0.742889	
-0.779746	0.230067	-0.0679268	-0.0849666	
0.481933	0.623123	1.02585	0.0857133	
0.0268816	-1.40678	0.312333	0.383019	
-0.36869	0.452123	-0.956229	0.869132	
0.795618	1.15417	0.74817	-0.353861	
-0.92031	-0.721368	0.0966474	0.0724267	
0.0743177	-0.628755	0.135978	0.180181	
-1.5081	0.879453	-0.332925	1.19098	
-1.58299	1.08461	1.04644	-0.19975	
-0.484225	-1.57655	0.406846	-0.365414	
0.0322094	-0.33833	0.084329	0.248735	
-0.677303	-0.425038	0.185915	0.122576	
-0.617896	-1.93522	0.545813	0.262936	
-0.551827	-0.0268151	-0.356098	0.403082	
0.0769384	0.217142	-0.109603	0.165132	
1.42072	0.686445	0.585306	0.118701	
-1.375	-1.87772	0.169454	-0.13053	
-0.0526883	-1.78608	-0.685017	0.961413	
-0.245781	-0.33833	0.22163	0.262936	
-2.2722	-1.11792	0.241635	0.941447	
0.118286	1.35854	-0.330839	0.0776363	
0.980178	0.565837	0.594521	0.28524	
0.605649	0.29756	-0.225173	-0.885675	
-1.22974	0.804533	0.173554	0.121572	
-0.551866	-0.126019	-0.589791	-0.77635	
-0.648719	-0.126019	-0.0230396	-0.11758	
0.254183	-0.0239592	0.264795	0.0504783	
0.287755	-1.35225	0.562529	0.325599	
1.08754	0.962078	-0.491453	-0.690741	
-1.19781	-1.57655	0.177261	0.0283704	
0.481933	0.136996	-0.896804	0.00542973	
0.382626	-0.904279	0.558039	-0.0599252	
0.0078647	-0.126019	-0.109603	-0.0599252	
-0.00537588	0.618439	0.357014	-1.31666	
0.606716	0.32477	0.363545	0.951707	
-0.222035	-0.660919	0.491429	0.376713	
-0.0818352	-1.28357	-0.491453	0.354982	
-0.142999	0.615142	-0.132187	-0.693575	
0.357627	0.555881	0.267388	0.869132	
-0.0802537	0.927374	-0.141445	0.571572	
-0.0492385	0.224955	0.527227	0.961413	
-0.318207	0.512949	0.0609003	-1.3804	
-0.171763	0.67057	-0.34233	0.265396	
-0.343236	0.962078	-0.507757	0.171274	
0.672399	-0.685995	-0.455631	0.529684	
0.109694	-0.43231	0.318781	0.484566	
-0.0492385	-1.45575	-0.69409	0.610567	
-0.474464	0.808093	0.957518	0.108964	
-0.024105	0.230067	0.374598	0.0180496	
-0.12486	0.136996	0.115969	0.624616	
-0.731446	-0.0239592	-0.113427	-0.583375	
0.328605	0.376717	0.636792	0.403082	
-0.0802537	1.13519	0.0257167	0.530882	
