Pwh[0]	Pwh[1]	Pwh[2]	Pwh[3]	
0.0706513	1.5	0.0517048	0.218543	
0.152632	0.697674	0.0574202	0.119134	
0.102161	0.391304	0.237317	0.244143	
0.200831	0.141956	0.111066	0.0883534	
0.303559	0.418605	0.0740741	0.265594	
0.0798019	0.553279	0.124802	0.0909091	
0.101069	0.25788	0.0416855	0.103937	
0.0701839	0.339623	0.0597985	0.111675	
0.0969467	1.32353	0.0763134	0.103611	
0.327807	1.05351	0.0571547	0.305556	
0.153982	1.28049	0.130971	0.314286	
0.0923567	1.30165	0.0565111	0.117647	
0.511314	0.393013	0.0597144	0.15942	
0.0928495	0.576923	0.0289066	0.121101	
0.190164	1.60714	0.0478461	0.413793	
0.43112	1.26168	0.0652251	0.106109	
1.48015	0.72	0.0444266	0.105939	
0.151832	1.26404	0.0427907	0.275382	
0.0726332	0.45	0.0386555	0.132	
0.122951	1.15385	0.0519627	0.226027	
0.0984386	0.165746	0.0246033	0.157895	
0.0780829	0.318021	0.0827255	0.192982	
0.17153	1	0.0327208	0.144737	
0.0744863	0.544355	0.0256553	0.277311	
0.0641593	0.833333	0.0388787	0.312057	
0.109296	0.330882	0.0795963	0.0998487	
0.145582	0.382979	0.185751	0.0827068	
0.252907	1.22449	0.217895	0.136646	
0.255469	0.263158	0.0772532	0.111486	
0.365239	1.39175	0.268259	0.11	
0.220812	0.725806	0.155791	0.0890688	
0.0703314	0.219512	0.498758	0.348592	
0.0952068	0.608108	0.250421	0.255155	
0.115019	0.78125	0.130426	0.294643	
0.0672022	0.230179	0.0876538	0.232804	
0.293919	1.31068	0.0999396	0.774194	
0.0946269	1.15385	0.0914664	0.20625	
0.156026	0.879479	0.0528432	0.341085	
0.0681925	0.09375	0.100163	0.101227	
0.089969	0.555556	0.110004	0.216749	
0.266381	0.215311	0.0602883	0.275574	
0.228167	0.304054	0.0739253	0.236984	
0.10274	1.50915	0.052975	0.31769	
0.117441	0.559006	0.0603807	0.0901639	
0.131011	0.473684	0.0284331	0.126437	
0.0809302	0.859873	0.110074	0.139535	
0.143802	0.412844	0.242927	0.357401	
0.482797	0.667656	0.0799537	0.127413	
0.216042	0.364372	0.0247556	0.362637	
0.0640365	0.876106	0.0210526	0.156213	
0.0691134	1.8	0.0644784	0.365651	
0.136706	0.351562	0.0708358	0.246269	
0.168409	0.509434	0.140185	0.23913	
0.0865327	0.335821	0.124703	0.181319	
0.142576	0.882353	0.0326395	0.115183	
0.129118	0.348837	0.0363924	0.218543	
0.149587	0.420561	0.129964	0.130178	
0.10637	0.961995	0.107581	0.137214	
0.272784	1.13718	0.147141	0.0846154	
0.214603	1.15385	0.0723555	0.157895	
0.0966882	5	0.474401	0.115385	
0.239802	1.00406	0.155897	0.168367	
0.264545	0.307167	0.0487719	0.130178	
0.109434	0.223881	0.0779514	0.186969	
0.125487	0.971223	0.0311442	0.395802	
0.14691	0.328467	0.113783	0.136082	
0.0887212	1.36364	0.0439841	0.105769	
0.105123	0.517241	0.0543468	0.208202	
0.166031	0.348837	0.059637	0.102484	
0.12518	2.2651	0.0318854	0.108553	
0.10023	1.34106	0.0296551	0.19469	
0.213549	0.294118	0.126475	0.219512	
0.227273	0.428571	0.100669	0.105939	
0.156813	0.957447	0.133119	0.142857	
0.213654	0.79646	0.0711891	0.137787	
0.125036	0.465116	0.0506236	0.118068	
0.238095	0.245902	0.0516322	0.164384	
0.127791	0.304054	0.108651	0.267748	
0.15442	0.559006	0.0579893	0.232394	
0.4718	2.04545	0.0924313	0.184874	
0.0873143	2.30769	0.0667069	0.260355	
0.173008	0.616438	0.187963	0.335878	
0.133048	2.05882	0.0639926	0.13253	
0.31016	1.75325	0.100608	0.210863	
0.0803176	0.9375	0.0612789	0.219269	
0.113994	2.5	0.0670228	0.248432	
0.0663919	0.230769	0.0605064	0.153488	
0.227451	0.39823	0.0521542	0.231986	
0.123404	1.19318	0.119068	0.106624	
0.141925	1.74033	0.0658161	0.0793269	
0.1392	1.11307	0.0596112	0.236559	
0.306122	0.276074	0.102109	0.174142	
0.4039	0.62069	0.110301	0.121547	
0.134508	0.236842	0.0512535	0.212219	
0.0871743	0.222772	0.0928199	0.150342	
0.104693	1.19469	0.03836	0.167513	
0.105634	0.215311	0.0567493	0.136646	
0.113725	0.316901	0.10777	0.437086	
0.0793796	1.21154	0.114547	0.266129	
0.383147	0.276074	0.0729002	0.27907	
0.103129	0.514286	0.0381848	0.198198	
0.258007	2.14286	0.0774846	0.110924	
0.081278	0.424528	0.0539062	0.0998487	
0.0955204	0.748752	0.0715273	0.119565	
0.16286	1.73633	0.131538	0.0760369	
0.0763962	0.340909	0.131717	0.15103	
0.12425	1.08871	0.0365418	0.126437	
0.177987	0.418605	0.0887745	0.121101	
0.208084	1.66667	0.0831158	0.413793	
0.0811719	0.381356	0.0285065	0.104596	
0.0665545	0.494505	0.111178	0.152074	
0.295015	0.396476	0.135051	0.388235	
0.115323	0.95339	0.0626917	0.0921788	
0.0879676	0.483871	0.0421599	0.105431	
0.172585	0.675	0.066005	0.106109	
0.196922	0.923077	0.0669145	0.115993	
0.109023	0.269461	0.273098	0.305556	
0.162435	0.321429	0.0350032	0.117438	
0.0948746	0.934256	0.0692076	0.117647	
0.162536	0.346154	0.0394061	0.0856031	
0.112928	2.64706	0.0618695	0.101695	
0.104467	0.197368	0.103235	0.123364	
0.117631	1.40625	0.145693	0.203704	
0.0931278	0.872576	0.0513632	0.24581	
0.0639612	1.2357	0.0512535	0.10443	
0.103215	0.228426	0.0557745	0.360656	
0.0625539	0.358566	0.107914	0.235154	
0.0905495	0.758427	0.0663781	0.120438	
0.102017	0.185185	0.167621	0.112628	
0.143659	1	0.0435847	0.204969	
0.271028	0.3	0.0272189	0.125237	
0.147133	0.471204	0.119653	0.12766	
0.077971	0.505618	0.0418848	0.178862	
0.0905873	0.515267	0.394709	0.138655	
0.142998	0.197368	0.276161	0.0744921	
0.129928	0.149007	0.205306	0.209857	
0.10525	0.436893	0.126768	0.341085	
0.170354	0.689949	0.301347	0.0860495	
0.334101	1.40625	0.0793788	0.15942	
0.136879	0.592105	0.0506051	0.24581	
0.195242	0.314685	0.0974921	0.300683	
0.180948	1.27358	0.0483829	0.0962099	
0.0897462	1.45161	0.0272835	0.243993	
0.171024	0.323741	0.0286545	0.150685	
0.059329	0.957447	0.122124	0.444444	
0.198812	0.244565	0.0321042	0.183333	
0.0963455	1.39752	0.0617726	0.17862	
0.0813845	0.473684	0.0865407	0.258317	
0.157837	0.483871	0.0687251	0.092827	
0.092909	0.175097	0.0519921	0.138655	
0.142343	1.11111	0.0776481	0.162562	
0.131978	0.647482	0.0708419	0.125	
0.124892	0.436893	0.0499231	0.143791	
0.0719127	0.576923	0.0567609	0.115993	
0.304302	0.674157	0.0413236	0.0946915	
0.200831	0.330882	0.140187	0.109635	
0.0816595	0.351562	0.0720752	0.182069	
0.108398	0.602007	0.0590122	0.0934844	
0.136278	0.338346	0.0787147	0.0817844	
0.082402	1.13445	0.129108	0.188571	
0.136642	1.22727	0.166282	0.274428	
0.107037	0.652174	0.0284771	0.164589	
0.0761288	0.226131	0.0703274	0.108911	
0.05387	0.36	0.172285	0.15493	
0.215934	0.267857	0.0289369	0.257812	
0.201716	0.243243	0.211865	0.28884	
0.149228	0.304054	0.0556564	0.0869565	
0.129928	0.789474	0.233174	0.207221	
0.229309	0.467128	0.0384696	0.113014	
0.150989	0.258621	0.101421	0.164179	
0.0897648	0.555556	0.139206	0.128405	
0.0799779	0.633803	0.0835984	0.12766	
0.127641	0.8	0.0344526	0.111298	
0.141096	0.576923	0.0775281	0.20122	
0.12536	0.1875	0.0927497	0.19242	
0.213514	1.09756	0.0671942	0.157895	
0.201296	0.9	0.0458167	0.116814	
0.0902115	0.319149	0.0386826	0.133874	
0.0746141	0.81	0.259398	0.187234	
0.136578	0.257143	0.0414788	0.30662	
0.0893774	0.800712	0.0447689	0.0850515	
0.0980392	0.661765	0.162864	0.18107	
0.182428	2.6087	0.0826842	0.142549	
0.106513	1.18214	0.164899	0.116402	
0.115876	0.635294	0.118812	0.101852	
0.0948953	1.05469	0.0636825	0.19469	
0.180948	0.233161	0.115216	0.37931	
0.0877724	0.223881	0.0641363	0.218182	
0.0746013	0.668317	0.178065	0.283871	
0.597733	3.38346	0.375397	0.15	
0.180423	0.357143	0.100206	0.165829	
0.144326	0.420561	0.0721317	0.494382	
0.0989761	0.873786	0.0532253	0.219269	
0.0985277	0.486486	0.0801394	0.103448	
0.0870522	0.351562	0.0499367	0.0648968	
0.0558408	0.416667	0.104903	0.132265	
0.0893774	0.241935	0.134064	0.387097	
0.107381	0.463918	0.112093	0.320908	
0.0838635	0.248619	0.227329	0.127168	
0.125868	0.922551	0.0875635	0.246575	
0.0959206	0.561097	0.0571665	0.37218	
0.0923175	0.604027	0.0362395	0.0899183	
0.255132	0.412844	0.0582934	0.215686	
0.098394	0.473684	0.0570661	0.188034	
0.0725847	1.55172	0.0704561	0.224109	
0.0568702	0.685714	0.159854	0.1841	
0.186375	0.384615	0.0747866	0.172775	
0.0721513	0.434783	0.13686	0.120219	
0.283388	0.922131	0.0305107	0.138075	
0.109544	0.833333	0.0841378	0.164794	
0.0747937	0.888889	0.0614221	0.157895	
0.102113	1.00746	0.0315537	0.351064	
0.0806452	0.552147	0.196232	0.0890688	
0.2359	1.70886	0.0627178	0.1375	
0.0763426	1.15385	0.0951396	0.169231	
0.090399	1.48649	0.0385045	0.553691	
0.460387	0.798817	0.0455258	0.20625	
0.0938107	0.197368	0.108384	0.24812	
1.41809	1.47059	0.0875449	0.302752	
0.458861	1.32353	0.0580564	0.20625	
0.166031	0.9375	0.103643	0.132797	
0.0692014	1.10024	0.0484126	0.436123	
0.107407	0.313589	0.0567259	0.115993	
0.118561	0.35809	0.0349588	0.13253	
0.130162	0.225	0.0866834	0.135524	
0.224458	0.3125	0.105572	0.221477	
0.467072	0.382979	0.0306701	0.307692	
0.197055	0.196507	0.0634337	0.269939	
0.18872	0.238095	0.114444	0.110924	
0.165399	1.25	0.0526466	0.108731	
0.107328	0.205479	0.123628	0.282051	
0.669849	1.21154	0.130046	0.136082	
0.0688182	0.436893	0.10688	0.0966325	
0.133109	0.502793	0.0345345	0.200608	
0.105047	0.957447	0.0539853	0.189655	
0.328178	0.454545	0.0555779	0.113014	
0.0858496	2.8125	0.0514206	0.337165	
0.158067	0.703125	0.0557013	0.127168	
0.123299	0.703125	0.0883106	0.112054	
0.138978	1.46104	0.257271	0.117857	
0.0891393	0.266272	0.162421	0.131737	
0.114806	1.57895	0.062394	0.225256	
0.229551	1.72686	0.195837	0.139535	
0.0729621	0.9	0.0265053	0.0972018	
0.230565	0.302013	0.172005	0.0710441	
0.182773	1.30909	0.172091	0.178862	
0.337209	0.401786	0.213292	0.161765	
0.0897092	0.529412	0.106715	0.23913	
0.17407	0.483871	0.0449365	0.348285	
0.525362	0.428571	0.0387368	0.259843	
0.0908521	0.208333	0.035471	0.115993	
0.0604755	0.192308	0.1341	0.118919	
0.083174	0.296053	0.0294024	0.148984	
0.139961	0.434783	0.064569	0.101538	
0.10829	1.60714	0.0568194	0.121101	
0.24073	0.957447	0.0702201	0.144105	
0.0981055	3.6	0.307749	0.168367	
0.253423	0.784884	0.0737869	0.334177	
0.109159	0.224252	0.0395302	0.0974889	
0.141925	0.940767	0.0460999	0.231579	
0.151647	0.238095	0.120823	0.111298	
0.0776647	0.849057	0.136995	0.210526	
0.125505	0.271084	0.137336	0.121771	
0.111825	0.706806	0.0497029	0.116814	
0.584416	0.348837	0.0401513	0.115183	
0.122951	0.28754	0.0535143	0.157518	
0.197593	1.39535	0.0727273	0.423077	
0.0960901	1.46272	0.110326	0.134694	
0.0620542	2.8125	0.046449	0.140127	
0.0628976	0.775862	0.061828	0.147651	
0.0736041	0.230769	0.0979835	0.130435	
0.106253	0.378151	0.0617795	0.114385	
0.276234	1.64384	0.199711	0.219269	
0.12989	1.8	0.0279296	0.0946915	
0.327314	2.09302	0.0510402	0.336735	
0.307203	0.412844	0.107855	0.143478	
0.172825	0.375783	0.127468	0.0930889	
0.241667	1.11111	0.0576742	0.134146	
0.0842697	1.55172	0.167205	0.226027	
0.0725121	0.255682	0.0393555	0.200608	
0.119901	0.346154	0.058487	0.170323	
0.374677	0.523256	0.0284009	0.129666	
0.218813	1.75325	0.0292807	0.102009	
0.197011	0.878906	0.211278	0.229965	
0.0524096	0.394737	0.0184776	0.167089	
0.0868784	0.633803	0.0815603	0.0857143	
0.0659491	0.54878	0.0475288	0.200608	
0.0891942	0.681818	0.129821	0.103448	
0.0899876	1.62829	0.0904918	0.147982	
0.194602	0.909091	0.0874063	0.150342	
0.138469	0.882353	0.10244	0.231579	
0.273973	0.501859	0.0993699	0.141935	
0.0805854	0.180723	0.0947911	0.133065	
0.136792	0.424528	0.061676	0.110738	
0.219697	0.235602	0.0349943	0.102326	
0.155357	0.535714	0.040714	0.114983	
0.071499	0.36193	0.102488	0.151376	
0.0994513	0.239362	0.0515984	0.159806	
0.11779	1.45161	0.076201	0.224872	
0.146761	0.15	0.112837	0.182825	
0.0983718	1.52542	0.0316477	0.111675	
0.161171	0.681818	0.0738067	0.122905	
0.102861	0.681818	0.0653177	0.0835443	
0.09375	2.14286	0.0352355	0.15103	
0.267199	1.65584	0.383219	0.276151	
0.12117	0.327273	0.0549655	0.130435	
0.155579	1.08108	0.0831638	0.185393	
0.177442	0.712025	0.107216	0.0878828	
0.116779	0.381356	0.0994714	0.232394	
0.144326	0.263158	0.117735	0.102644	
0.343738	1	0.191507	0.268293	
0.191083	0.199557	0.187627	0.119782	
0.0937096	1.5	0.109013	0.13851	
0.198178	1.60714	0.0669578	0.26506	
0.129234	0.310345	0.0469029	0.166247	
0.407813	0.478723	0.0873349	0.183844	
0.227154	0.375	0.0255627	0.24	
0.107487	2.32759	0.0831576	0.230366	
0.0809001	0.633803	0.0470227	0.131474	
0.174139	0.39823	0.0602291	0.295964	
0.11895	1.15385	0.145168	0.126679	
0.211954	1.03448	0.0763063	0.15155	
0.138712	0.737705	0.0593719	0.0993976	
0.0644063	0.378151	0.0943375	0.249057	
0.0747294	0.555556	0.153818	0.101852	
0.0683747	0.48913	0.0579467	0.201835	
0.098729	0.576923	0.0478198	0.161765	
0.131499	0.882353	0.0493651	0.0834387	
0.139602	0.397059	0.0739616	0.156398	
0.135177	0.486486	0.061676	0.253359	
0.166316	2.5	0.0792724	0.245658	
0.0944523	0.48913	0.025356	0.10802	
0.166412	1.47761	0.142857	0.163772	
0.238487	1.33531	0.037551	0.23741	
0.225155	0.255682	0.0380061	0.113014	
0.143092	3	0.033233	0.101695	
0.0926912	1.04464	0.0969271	0.207547	
0.07403	1.06752	0.0545293	0.147321	
0.0729376	1.05263	0.179771	0.135802	
0.100555	0.311419	0.226628	0.899183	
0.0671089	0.405405	0.0599544	0.266129	
0.0871394	0.412844	0.136724	0.112054	
0.267857	0.36	0.0627843	0.30485	
0.188312	1.48955	0.0264723	0.136929	
0.0697898	1.42105	0.0433077	0.335025	
0.185897	0.486486	0.0319889	0.146667	
0.113696	0.56962	0.053287	0.128906	
0.167436	0.267857	0.0728488	0.0756881	
0.225389	0.162455	0.0351011	0.202454	
0.082091	1.65354	0.0783201	0.0983607	
0.222734	0.606061	0.0461268	0.176471	
0.100069	0.235602	0.0466111	0.162562	
0.156926	0.288462	0.0441141	0.176471	
0.235986	0.833333	0.0542719	0.0916667	
0.0902677	2.35465	0.0773832	0.102167	
0.058	0.942408	0.0657691	0.101852	
0.0922001	1	0.253045	0.110924	
0.204995	0.542169	0.0614517	0.154026	
0.170957	1.21622	0.0913907	0.4	
0.775796	0.181452	0.0590059	0.0774648	
0.16153	0.292208	0.163378	0.204334	
0.242836	0.333333	0.0292807	0.122905	
0.26476	1.66667	0.040711	0.168367	
0.151621	0.737705	0.0737179	0.142857	
0.140504	0.579399	0.0664847	0.0856031	
0.159516	0.913284	0.0855637	0.153846	
0.104517	0.362903	0.0682155	0.204334	
0.0737038	0.48913	0.0353619	0.131213	
0.129214	1.39535	0.142902	0.112245	
0.162313	1.55172	0.105761	0.151376	
0.0804661	0.261628	0.0599696	0.166247	
0.0967096	0.340909	0.0817132	0.214984	
0.213131	0.789474	0.148971	0.216393	
0.146047	0.714286	0.264621	0.218182	
0.181856	0.208333	0.243663	0.200608	
0.0981277	0.661765	0.0607461	0.156956	
0.232455	1.84932	0.076966	0.210191	
0.108075	0.271084	0.0620434	0.314286	
0.187097	1.44128	0.100364	0.204651	
0.111969	0.685279	0.200523	0.249057	
0.16147	0.296053	0.0302366	0.132	
0.33839	0.352941	0.0662347	0.198795	
0.0755339	1.12033	0.0237603	0.109635	
0.171125	1.19822	0.0742434	0.200303	
0.156616	0.681818	0.0881977	0.154206	
0.185211	0.206422	0.0288612	0.503817	
0.0990663	2.40566	0.0909091	0.102484	
0.101826	0.29316	0.128852	0.137787	
0.123632	0.611413	0.0836047	0.122222	
0.631655	0.725806	0.0825112	0.321429	
0.0945652	0.40724	0.0872589	0.213247	
0.140368	0.279503	0.0537122	0.367347	
0.0956464	0.789474	0.0419612	0.189655	
0.125505	0.661765	0.0326743	0.24812	
0.130181	2.83784	0.0501636	0.163772	
0.083815	0.39823	0.0455145	0.126437	
0.3233	0.983607	0.025672	0.119134	
0.0659991	0.439739	0.0529954	0.326733	
0.456773	1.72249	0.0557407	0.135802	
0.113222	0.18595	0.0769445	0.160584	
0.0870871	0.348837	0.0484253	0.108731	
0.0901741	0.62069	0.0259716	0.148649	
0.0835093	1.08579	0.0965598	0.0870712	
0.0932276	0.699482	0.129062	0.319355	
0.127007	0.436893	0.0882353	0.130435	
0.0935886	0.6	0.0482897	0.200913	
0.120432	0.588235	0.030636	0.294643	
0.174699	2.29927	0.138415	0.140127	
0.392599	0.163043	0.11862	0.316547	
0.125324	1.51163	0.0247268	0.329451	
0.102257	0.526316	0.0440683	0.200913	
0.100601	0.351562	0.0580442	0.115587	
0.0858666	0.692308	0.0771704	0.162562	
0.263556	0.306122	0.0848122	0.198795	
0.122122	2.56329	0.0294809	0.146018	
0.103301	1.19205	0.14675	0.243542	
0.107196	0.555556	0.0423021	0.161369	
0.101399	0.690184	0.0719218	0.223729	
0.38874	0.185185	0.230408	0.125475	
0.06398	0.90604	0.0359375	0.0895522	
0.154915	0.276074	0.112229	0.108731	
0.114867	0.697674	0.0534936	0.0973451	
0.108968	0.456853	0.19196	0.138655	
0.104996	1.04651	0.066394	0.0921788	
0.166348	0.924658	0.213193	0.174603	
0.270061	0.352941	0.0623447	0.111111	
0.0774297	0.703125	0.0847666	0.107843	
0.204082	0.737705	0.133737	0.237838	
0.144928	1.65899	0.0910365	0.133874	
0.0874372	0.529412	0.116198	0.184874	
0.197189	0.292208	0.0469308	0.10061	
0.119505	0.6	0.059987	0.179837	
0.190706	1.15157	0.0761589	0.114783	
0.0909281	3.18182	0.0633463	0.323529	
0.0959841	0.35248	0.0471795	0.14442	
0.197368	1.2	0.214476	0.111864	
0.130513	0.405405	0.0238692	0.14966	
0.11908	0.523256	0.154969	0.186704	
0.105225	0.478723	0.142312	0.137214	
0.29612	0.283019	0.0747765	0.271605	
0.336687	0.592105	0.0643107	0.0923077	
0.0883608	0.892351	0.0412494	0.0782918	
0.0650321	1.44	0.121779	0.0834387	
0.1122	1.71756	0.0471231	0.209524	
0.0855121	0.3125	0.0592975	0.120658	
0.200415	1.04167	0.108342	0.216749	
0.103301	0.565327	0.0462622	0.120219	
0.0702746	0.18595	0.0578192	0.289474	
0.086861	1.21622	0.0770448	0.103937	
0.088289	0.347938	0.410145	0.426724	
0.155219	0.208333	0.135281	0.176944	
0.443878	0.420561	0.094878	0.293333	
0.0973154	0.319149	0.110312	0.0851613	
0.376623	1.13208	0.0619668	0.493766	
0.216095	0.868726	0.0846691	0.104928	
0.0810207	0.172414	0.185359	0.186969	
0.104819	0.340909	0.111111	0.261905	
0.0875075	0.441176	0.127955	0.108911	
0.104718	0.248619	0.0317059	0.121547	
0.121407	1.35542	0.0641413	0.175066	
0.0970982	0.288462	0.099361	0.130952	
0.098729	0.697674	0.0217597	0.217822	
0.850717	2.45455	0.0593676	0.124764	
0.124464	0.494505	0.118374	0.170984	
0.097687	0.907781	0.0762852	0.28884	
0.118545	0.330882	0.0592593	0.0767442	
0.178718	0.318021	0.163137	0.113402	
0.0778315	0.319149	0.0774411	0.244898	
0.0772647	0.445545	0.15794	0.181319	
0.165462	0.381356	0.0391823	0.188571	
0.142623	0.695876	0.0685544	0.452055	
0.278608	0.323741	0.0307213	0.0983607	
0.0660492	0.529412	0.177166	0.193833	
0.150467	0.517241	0.0735804	0.124528	
0.131679	0.829787	0.0357559	0.486486	
0.392599	0.783582	0.187155	0.115993	
0.0980171	0.393013	0.0837379	0.188034	
0.0801843	0.703125	0.119287	0.102644	
0.153656	0.478723	0.127733	0.283871	
0.25024	0.36	0.0320669	0.204651	
0.270186	0.321429	0.0536235	0.166667	
0.123404	2.61954	0.063815	0.121996	
0.124108	0.602679	0.0579528	0.162562	
0.0729743	0.737705	0.138138	0.173684	
0.147158	0.48913	0.0670066	0.165414	
0.187218	2.57576	0.0471634	0.147651	
0.147859	1.13065	0.0885609	0.0983607	
0.135303	0.642857	0.170913	0.248588	
0.220309	0.529412	0.102393	0.141328	
0.0830946	2.63415	0.0430242	0.0810811	
0.164898	0.703125	0.183121	0.185393	
0.0865155	0.483871	0.0374288	0.193265	
0.0968173	0.511364	0.112286	0.208861	
0.0762623	1.64565	0.100254	0.143167	
0.252907	0.633803	0.103837	0.347368	
0.105762	0.56962	0.195502	0.180575	
0.290484	0.177866	0.056229	0.146341	
0.15442	0.529412	0.0698439	0.110368	
0.42815	2.02247	0.0504709	0.1841	
0.0934479	0.436893	0.0569248	0.123364	
0.186375	0.403587	0.143731	0.250474	
0.227154	0.412844	0.0749864	0.454545	
0.508262	1.62371	0.141587	0.157518	
0.138183	1.121	0.117982	0.247655	
0.0795683	0.3	0.0257271	0.108911	
0.182581	0.141509	0.0646219	0.0983607	
0.133641	0.463918	0.111089	0.304147	
0.142576	1.14286	0.0825935	0.128655	
0.353371	0.647482	0.113277	0.113014	
0.13598	0.636792	0.135627	0.22	
0.0775954	0.576923	0.0826842	0.156028	
0.0681605	0.16129	0.0336462	0.104265	
0.125144	1.48352	0.15873	0.0900409	
0.0897277	1.35542	0.0506515	0.218543	
0.15778	0.855513	0.0266255	0.226804	
0.364933	1.07784	0.123141	0.300912	
0.122604	0.849057	0.123091	0.109635	
0.157552	0.929752	0.176493	0.268293	
0.130945	0.762712	0.0589996	0.0842912	
0.106985	0.584416	0.093758	0.0929577	
0.779011	0.927835	0.0704171	0.30485	
0.0993831	0.365854	0.0616003	0.401216	
0.218758	1.29032	0.209329	0.128906	
0.113252	0.21028	0.111551	0.15566	
0.138623	0.292208	0.0569836	0.254826	
0.171665	1.16129	0.0745879	0.33	
0.157723	0.343511	0.120722	0.106109	
0.12372	0.322581	0.110643	0.232394	
0.0908142	0.529412	0.0551338	0.113402	
3.29545	2.95082	0.0474512	0.145695	
0.109269	0.423197	0.206653	0.204019	
0.167179	0.225	0.1091	0.256311	
0.165399	0.668317	0.0899902	0.0730088	
0.0611384	0.371901	0.0844639	0.145695	
0.105917	0.505618	0.0579284	0.140426	
0.191041	1.46341	0.0257848	0.179592	
0.122777	1.65746	0.151982	0.114583	
0.192095	0.238095	0.0482517	0.0884718	
0.297741	1.11801	0.123288	0.181319	
0.0571917	0.198238	0.0875264	0.176944	
0.135093	0.214286	0.0584994	0.133874	
0.256033	0.381356	0.0627772	0.455172	
0.168083	0.266272	0.167171	0.284483	
0.104042	2.38938	0.121132	0.326733	
0.0891393	0.456853	0.0529903	0.0944206	
0.118788	0.234375	0.170226	0.228902	
0.063007	0.258621	0.0820777	0.231986	
0.217283	0.229592	0.326666	0.127168	
0.150155	0.6	0.182278	0.241758	
0.294815	1	0.0526517	0.133065	
0.195155	1.44737	0.0411265	0.176235	
0.0785482	0.2267	0.0456576	0.126679	
0.100092	0.351562	0.105143	0.145055	
0.0795683	1.30435	0.0341415	0.103611	
0.160457	0.394737	0.0504064	0.184358	
0.204995	4.19776	0.0398729	0.122222	
0.115846	1.09533	0.0446241	0.565714	
0.0824957	0.241935	0.05366	0.198198	
0.119967	1.34831	0.272214	0.172324	
0.0777758	1.18421	0.0905809	0.114187	
0.0472723	1.23711	0.0961003	0.211538	
0.119145	0.260116	0.0528483	0.1875	
0.113105	1.27451	0.255272	0.214054	
0.527592	1.34328	0.0432128	0.14966	
0.412635	0.554187	0.0683337	0.197605	
0.232994	0.45	0.0293367	0.181818	
0.176973	0.652174	0.220146	0.151376	
0.275316	0.633803	0.177819	0.132265	
0.185977	0.387931	0.19708	0.196721	
0.109351	2.02247	0.128163	0.113597	
0.159108	0.27439	0.210618	0.258824	
0.174384	0.266272	0.0816568	0.102644	
0.144976	1.36089	0.0914134	0.133874	
0.151357	0.859873	0.0545724	0.159806	
0.106853	0.393586	0.0705702	0.109091	
0.0875428	0.436893	0.0351906	0.0770128	
0.0925532	0.323741	0.0550184	0.143634	
0.186296	1.23853	0.234894	0.13851	
0.217446	0.778547	0.0269111	0.095791	
0.22943	0.174419	0.0604644	0.114983	
0.0919467	0.725806	0.0552958	0.120879	
0.116031	1.59763	0.0651404	0.421725	
0.105403	0.656934	0.0372822	0.332494	
0.090399	0.298013	0.070113	0.162963	
0.0616497	1.08871	0.114227	0.249057	
0.0881816	1.01504	0.0259301	0.152778	
0.0936894	1.13272	0.125912	0.217822	
0.154639	0.508475	0.0519236	0.138947	
0.0843514	1.26276	0.052046	0.137787	
0.10774	0.218447	0.0380427	0.169231	
0.131738	0.825688	0.150327	0.123364	
0.2175	0.809353	0.0707269	0.337596	
0.151674	0.459184	0.041958	0.121996	
0.0605428	0.348837	0.14534	0.198198	
0.185897	0.384615	0.177511	0.790419	
0.146811	0.387931	0.113115	0.113402	
0.0946475	0.45	0.209302	0.128405	
0.0819981	0.252809	0.0733457	0.184874	
0.102305	0.706806	0.0644483	0.336163	
0.0741182	1.90834	0.172473	0.0810811	
0.113134	0.432692	0.0840183	0.340206	
0.0704568	5	0.0432907	0.309859	
0.215489	1.37195	0.10481	0.150342	
0.13503	0.436893	0.102927	0.152425	
0.0687421	0.616438	0.0514877	0.285714	
0.0906628	0.862069	0.0601788	0.0708915	
0.104819	0.532544	0.0329867	0.295964	
0.103252	0.157895	0.260518	0.132797	
0.107673	0.384615	0.0542453	0.326733	
0.151674	1.45161	0.0718002	0.196429	
0.0648576	0.245902	0.165766	0.110368	
0.0808851	0.18	0.0241978	0.135524	
0.430267	0.963303	0.0795236	0.20339	
0.128546	0.272727	0.0689483	0.177419	
0.285246	0.613636	0.0560938	0.0688217	
0.0687638	0.294118	0.0965119	0.125954	
0.18491	0.376569	0.122758	0.132	
0.148515	0.283019	0.0387668	0.170543	
0.334358	0.891089	0.0550733	0.105263	
0.0751815	0.420561	0.100007	0.24581	
0.151252	2.5	0.0758554	0.24	
0.118062	1.69659	0.0252216	0.211538	
0.0757048	0.323741	0.152217	0.155294	
0.102959	0.416667	0.0995432	0.116197	
0.127286	0.889831	0.0695974	0.102009	
0.0618689	0.3125	0.076054	0.101695	
0.11811	0.206422	0.176197	0.168798	
0.092083	0.616438	0.0340069	0.315036	
0.207439	1.2766	0.0740211	0.10443	
0.120934	0.405405	0.106536	0.249527	
0.0886489	0.75	0.0967177	0.0885906	
0.0783501	0.27439	0.157804	0.111486	
0.0992018	0.346154	0.0975265	0.0973451	
0.112549	1.85567	0.129183	0.165414	
0.0767331	0.775862	0.0640446	0.186441	
0.140277	0.230769	0.048438	0.0712743	
0.06799	1.18421	0.0954027	0.179837	
0.222848	0.889328	0.0546102	0.10061	
1.10722	0.361446	0.0764649	0.236136	
0.109821	1.03448	0.0643957	0.204651	
0.0619305	0.608108	0.0344183	0.158654	
0.173722	1.07143	0.0703543	0.101227	
0.0941355	0.306122	0.0449438	0.141631	
0.0832536	0.441176	0.0916538	0.187767	
0.0839282	1.875	0.0476931	0.176471	
0.0768823	0.592105	0.0970891	0.150342	
0.235453	0.306122	0.0449511	0.113793	
0.0985277	0.391304	0.0877305	0.353571	
0.0915211	0.163636	0.0524366	0.0964912	
0.151832	0.233161	0.0549472	0.234043	
0.147059	0.592105	0.0794168	0.0884718	
0.260948	0.708661	0.0863129	0.117229	
0.0869826	0.463918	0.0396951	0.102644	
0.090249	1.45161	0.0421245	0.217463	
0.10147	0.310345	0.0558742	0.124528	
0.730479	0.42654	0.0969271	0.13822	
0.114836	0.459184	0.0397551	0.25239	
0.144183	0.362903	0.0527725	0.186441	
0.0783078	0.48913	0.032601	0.263473	
0.134508	1.17188	0.18134	0.253846	
0.0785199	0.271084	0.120461	0.12766	
0.0952694	0.490909	0.0529547	0.116402	
0.168866	0.424528	0.0574103	0.152778	
0.169856	0.721154	0.092	0.286127	
0.284562	0.180723	0.142842	0.236559	
0.102377	0.930233	0.0786549	0.0972018	
0.106331	0.381356	0.075852	0.0995475	
0.103203	0.669643	0.0458396	0.20625	
0.301142	0.181452	0.0305783	0.236136	
0.107727	0.410959	0.108933	0.139241	
0.329545	1.39952	0.0817536	0.163366	
0.0886489	0.494505	0.139206	0.104596	
0.153602	0.271084	0.0603279	0.142241	
0.0727668	0.219512	0.098907	0.104183	
0.0754946	1.19469	0.0697851	0.651316	
0.110941	0.400593	0.0658947	0.105939	
0.0609414	0.372671	0.0490013	0.176471	
0.094401	0.291262	0.33865	0.114385	
0.0786334	0.721925	0.0473292	0.0964912	
0.12813	0.321429	0.0319555	0.314286	
0.0864639	0.974026	0.119429	0.0934844	
0.125396	0.758427	0.0312642	0.156398	
0.0844168	1.5	0.0751293	0.0909091	
0.221939	1.09756	0.0891665	0.230769	
0.103227	0.319149	0.0592275	0.195556	
0.172141	0.394737	0.189577	0.130178	
0.16153	0.231959	0.0596177	0.118705	
0.22003	0.868726	0.124746	0.157518	
0.199954	1.17904	0.0802092	0.138655	
0.157011	1.62651	0.0432534	0.133874	
0.092122	0.760135	0.0560577	0.193265	
0.352893	0.316901	0.0404277	0.119782	
0.113934	0.157343	0.128719	0.157143	
0.110266	0.302013	0.189978	0.191582	
0.182735	0.340909	0.152045	0.561702	
0.109269	0.463918	0.0711462	0.30485	
0.0965808	0.505618	0.069095	0.234597	
0.10525	2.86704	0.158366	0.192982	
0.117504	0.865385	0.245159	0.20122	
0.137855	0.555556	0.11939	0.231579	
0.218996	0.261628	0.281561	0.130435	
0.0852607	0.164234	0.145034	0.234875	
0.104592	0.9	0.0627843	0.204969	
0.0733558	0.5	0.0336134	0.111298	
0.26761	0.368852	0.0704501	0.222222	
0.087402	0.306122	0.094965	0.182825	
0.270944	0.308219	0.0523968	0.232804	
0.346835	0.321429	0.0961003	0.157895	
0.424597	0.616438	0.12367	0.351064	
0.574257	0.616438	0.10814	0.118705	
0.106906	0.254958	0.0518699	0.323529	
0.220588	0.517241	0.0942623	0.110553	
0.152151	0.878906	0.200116	0.0895522	
0.402405	1.11878	0.0956341	0.114983	
0.487122	0.508475	0.0678299	0.116197	
0.0949989	1.33531	0.0513919	0.132265	
0.0996564	0.486486	0.0821918	0.201835	
0.127641	1.56977	0.0248425	0.168798	
0.117093	0.394737	0.0638642	0.195266	
0.235772	0.2	0.0570956	0.0941512	
0.146811	0.964286	0.0732873	0.122222	
0.150571	2.05394	0.0480752	0.18232	
0.137267	0.282132	0.0439141	0.340792	
0.0767466	0.661765	0.0347257	0.291391	
0.135093	0.389049	0.0468551	0.584071	
0.166955	0.309278	0.0884828	0.253846	
0.149819	0.226131	0.054594	0.217822	
0.0819827	1.5	0.0348837	0.181319	
0.0966237	0.200893	0.0932196	0.0816832	
0.299072	0.46875	0.115361	0.12406	
0.189708	0.381356	0.0238527	0.102964	
0.0839444	0.375	0.0462492	0.110368	
0.0883249	0.20362	0.101686	0.205607	
0.084237	0.882353	0.0432432	0.209524	
0.0790191	0.505618	0.047817	0.250474	
0.198178	0.507042	0.0558818	0.139831	
0.150571	0.368852	0.0516177	0.176	
0.211268	0.721925	0.0976991	0.321168	
0.0737788	0.705882	0.0801161	0.144105	
0.0600829	0.824176	0.124078	0.136788	
0.152364	0.789474	0.0730094	0.211878	
0.129657	0.432692	0.115029	0.177898	
0.301804	1.72524	0.121895	0.124764	
0.177045	0.54878	0.0794245	0.135246	
0.0801105	0.753138	0.0527221	0.176	
0.132662	0.209302	0.099711	0.0782918	
0.120532	0.573248	0.153555	0.125	
0.118335	0.34749	0.0638741	0.148984	
0.185264	0.261628	0.0974003	0.0974889	
0.0661195	1.21622	0.0795542	0.496241	
0.19533	1.27713	0.0449658	0.227586	
0.0805257	0.204545	0.147043	0.125475	
0.0810811	0.652174	0.032967	0.396396	
0.114836	0.351562	0.0329081	0.136646	
0.0751945	0.378151	0.0446241	0.154567	
0.648528	1.02662	0.173603	0.249057	
0.0851105	0.269461	0.111545	0.127168	
0.16171	1.06635	0.025513	0.445946	
0.25254	1.04113	0.106369	0.0831234	
0.102137	1.38889	0.0856522	0.0910345	
0.219033	0.286624	0.0739682	0.135246	
0.126343	0.71618	0.119308	0.202144	
1.24967	1.24424	0.0784871	0.168798	
0.104567	1.11455	0.0508896	0.143478	
2.22588	0.542169	0.0561775	0.111675	
0.102209	0.189076	0.220565	0.48105	
0.0992471	0.27439	0.0901274	0.0911602	
0.115049	0.146104	0.0395076	0.276151	
0.0840417	0.440098	0.0669091	0.196429	
0.33526	0.412844	0.166315	0.101538	
0.107567	0.384615	0.0829576	0.164179	
0.11511	1.02857	0.0498465	0.0837563	
0.0929289	2.53351	0.138109	0.190751	
0.135599	1.8	0.181579	0.102644	
0.101683	1.55172	0.187288	0.253846	
0.281553	0.849057	0.103332	0.14442	
0.183235	0.306122	0.0453873	0.221106	
0.141303	0.463918	0.0776517	0.121996	
0.125541	1.125	0.139183	0.090784	
0.0724517	0.163043	0.156315	0.263473	
0.0809754	0.555556	0.0742867	0.227194	
0.0982607	0.371901	0.0523173	0.119134	
0.207637	0.357143	0.105484	0.129921	
0.0685147	1.11111	0.0451202	0.182825	
0.349398	2.9717	0.0696384	0.176	
0.134425	1.15385	0.0390106	0.152425	
0.191546	0.642857	0.144457	0.112436	
0.157267	0.460751	0.0672351	0.130178	
0.13598	0.378151	0.0380008	0.148315	
0.113046	0.65625	0.0779734	0.110553	
0.234754	0.258621	0.0313815	0.143012	
0.221995	0.652174	0.10341	0.112628	
0.0470219	0.882353	0.0579832	0.185393	
0.106592	0.54878	0.0857542	0.245353	
0.0974026	0.21028	0.0633973	0.294643	
0.147942	0.576923	0.0496224	0.106796	
0.174104	0.865385	0.121186	0.188571	
0.133477	0.967742	0.119636	0.0815822	
0.186056	0.436893	0.0816971	0.219634	
0.0663009	0.555556	0.0652328	0.108553	
0.137267	0.391304	0.111662	0.352941	
0.221995	0.182927	0.0687337	0.106109	
0.202138	0.978261	0.0875264	0.125714	
0.222052	0.978261	0.0479291	0.226286	
0.114685	0.445545	0.0366826	0.13442	
0.0923567	0.144231	0.15737	0.149321	
0.206749	1.03926	0.0753789	0.157518	
0.0859514	1.10656	0.0452607	0.19469	
0.0903427	1.13445	0.0546643	0.171651	
0.122191	1.08434	0.0338318	0.0870712	
0.10875	0.361446	0.101294	0.180575	
0.293588	0.208333	0.220724	0.436123	
0.0813084	1.38462	0.0698911	0.235294	
0.112694	0.401786	0.0478751	0.194118	
0.198087	0.236842	0.0533643	0.107143	
0.0883787	0.576923	0.0980985	0.201835	
0.102959	1.55172	0.0908134	0.132797	
0.0848946	1.03448	0.164149	0.234875	
0.0644635	0.348837	0.100242	0.329451	
0.879676	0.292208	0.099711	0.357724	
0.15431	0.400593	0.0784314	0.167513	
0.0874724	0.661765	0.207026	0.114187	
0.0557692	0.463918	0.0635323	0.133603	
0.1122	0.424528	0.0396951	0.0910345	
0.168507	0.463918	0.0757409	0.11399	
0.11795	1.09091	0.0706063	0.0876494	
0.14225	0.200893	0.0479583	0.177898	
0.145729	0.429936	0.0441954	0.138947	
0.434855	0.902778	0.0646446	0.15493	
0.146194	0.342205	0.0987713	0.506394	
0.175758	0.514286	0.10517	0.121101	
0.139155	1.18033	0.146419	0.136082	
0.126859	1.32353	0.10777	0.118705	
0.0530941	0.704961	0.132777	0.113793	
1.63996	0.762712	0.0346516	0.280851	
0.223996	1.19681	0.131617	0.117647	
0.219033	0.138462	0.0550623	0.125	
0.0773333	0.364372	0.0694514	0.305556	
0.0853443	0.441176	0.0619876	0.323529	
0.0877901	0.882353	0.0421599	0.130178	
0.251736	0.294118	0.154506	0.28884	
0.190957	0.616438	0.0267649	0.23741	
0.224458	0.661765	0.0744203	0.264	
0.118239	0.251397	0.072498	0.0754286	
0.122157	0.39823	0.139511	0.154206	
0.0797434	0.511364	0.0771165	0.27907	
0.0669849	0.428571	0.0790227	0.209524	
0.0760622	0.238095	0.0827173	0.0982143	
0.103943	0.878906	0.0695448	0.316168	
0.125	0.391304	0.212822	0.114385	
0.205966	1.71429	0.0286545	0.104596	
0.061606	0.8867	0.0846431	0.175532	
0.112782	0.821168	0.282401	0.170103	
0.113607	1.04651	0.0860349	0.101695	
0.0681284	0.762712	0.110777	0.176707	
0.103547	1.20321	0.0709572	0.180328	
0.0760622	1.67442	0.0727081	0.1056	
0.0766925	0.397059	0.061699	0.121101	
0.0577306	1.49007	0.0896589	0.145535	
0.116093	0.913043	0.0639037	0.0916667	
0.128319	1.60714	0.0256315	0.170984	
0.0694777	0.272727	0.0613879	0.133333	
0.157723	0.432692	0.0647507	0.137214	
0.0496066	3.26087	0.02727	0.125	
0.412062	0.567227	0.0375408	0.270492	
0.0698683	1.23626	0.0324706	0.284483	
0.10185	0.405405	0.131585	0.143478	
0.200584	0.365854	0.0605662	0.087766	
0.126014	0.978261	0.0304703	0.350133	
0.11631	0.535714	0.198955	0.186704	
0.203176	0.314685	0.0318413	0.100763	
0.0971416	0.137195	0.101037	0.120879	
0.109987	1.27193	0.0821795	0.0887097	
0.139245	1.22568	0.109807	0.0871863	
0.0919662	0.152542	0.162401	0.0862745	
0.178352	0.661765	0.0869291	0.204969	
0.183235	0.28125	0.241564	0.152249	
0.459928	0.415385	0.0480836	0.150342	
0.185501	0.878049	0.0556508	0.371831	
0.230892	0.179283	0.0722229	0.118492	
0.0893407	1.16694	0.126393	0.0917942	
0.164898	0.401786	0.0865204	0.111298	
0.244863	0.362903	0.0587734	0.117647	
0.221543	0.514286	0.21971	0.134694	
0.104819	0.463918	0.128972	0.14966	
0.0988636	1.0396	0.107254	0.117857	
0.119211	0.352941	0.0596499	0.143167	
0.157381	0.760563	0.0258234	0.130823	
0.06681	0.670391	0.0253327	0.120879	
0.0783219	0.428571	0.066715	0.106624	
0.26369	0.259366	0.0934247	0.0946915	
0.115784	0.772532	0.034444	0.19242	
0.0666258	1.04651	0.06	0.137787	
0.0765576	0.452261	0.099227	0.196721	
0.120265	0.410959	0.0367314	0.0854922	
0.0841881	0.725806	0.0545886	0.226804	
0.218154	0.779221	0.0391489	0.0577933	
0.105174	1.23941	0.0630713	0.0960699	
0.0672958	0.644391	0.0599088	0.185393	
0.187783	0.95339	0.0766454	0.194118	
0.116	0.288462	0.137807	0.169231	
0.139155	0.288462	0.114276	0.450512	
0.225857	0.219512	0.0291231	0.216393	
0.0785766	1.31313	0.0467598	0.108731	
0.0980171	0.163636	0.0727464	0.0672098	
0.132743	2	0.060262	0.2	
0.057593	0.706806	0.125383	0.208861	
0.251736	0.494505	0.0505541	0.113793	
0.0921415	0.21028	0.0613742	0.357401	
0.0746269	0.391304	0.0363684	0.123596	
0.136706	0.583153	0.155515	0.12	
0.116062	0.201794	0.0694281	0.167513	
0.0665443	0.994475	0.0268196	0.337308	
0.116279	0.330882	0.0540911	0.19214	
0.186056	1.07143	0.134634	0.258824	
0.290193	0.517241	0.0472198	0.0875332	
0.112958	0.279503	0.040493	0.455801	
0.120766	2.58197	0.0669984	0.153132	
0.128889	0.354331	0.0858387	0.091922	
0.0565523	0.375	0.10525	0.115183	
0.090493	0.785714	0.0556732	0.251908	
0.103943	0.198238	0.0746551	0.141935	
0.21204	0.579399	0.0373984	0.101852	
0.175971	0.576923	0.214286	0.079614	
0.105276	0.226131	0.081338	0.23913	
0.282147	1.07143	0.0397008	0.279661	
0.109682	0.882353	0.0973888	0.109091	
0.106279	0.833333	0.108519	0.130693	
0.0718889	0.775862	0.0940802	0.147982	
0.182965	2.91667	0.146621	0.0979228	
0.223478	0.20362	0.0694514	0.215921	
0.16283	0.564854	0.13354	0.147321	
0.092711	1.2766	0.0698646	0.0804878	
0.147733	0.633803	0.0777538	0.0884718	
0.106565	0.432692	0.0644559	0.126923	
0.0795247	1.46341	0.0270456	0.319613	
0.091195	1	0.11074	0.108374	
0.105429	1.75487	0.144897	0.482633	
0.197189	0.447761	0.0806546	0.310588	
0.146071	1.17188	0.0480042	0.212219	
0.0815676	0.502793	0.0614631	0.206465	
0.11309	0.254237	0.0587422	0.127907	
0.122951	0.576923	0.0547782	0.229167	
0.0817516	0.685279	0.0634191	0.118068	
0.131242	0.205479	0.102583	0.160976	
1.20221	0.789474	0.177901	0.122222	
0.139767	1.125	0.065033	0.0842912	
0.176973	0.330882	0.0519041	0.153132	
0.774849	0.758427	0.0450759	0.15942	
0.119178	0.9	0.0495289	0.134146	
0.0986842	0.537313	0.0911192	0.13442	
0.175864	1.875	0.101527	0.195266	
0.211576	0.25	0.0730094	0.198795	
0.125036	0.483871	0.0607706	0.223729	
0.124038	0.326087	0.0767093	0.206897	
0.215667	2.35294	0.0738462	0.0974889	
0.140868	0.994475	0.0545185	0.23741	
0.102764	0.9	0.0386446	0.0840764	
0.154915	0.160714	0.143862	0.105431	
0.136065	1.97368	0.0432636	0.303448	
0.116435	0.294118	0.0530922	0.102644	
0.0925532	0.328467	0.0299284	0.156956	
0.182658	0.44335	0.111055	0.172775	
0.111969	0.813253	0.0566328	0.133065	
0.1731	0.588235	0.081681	0.0963504	
0.19424	0.818182	0.127512	0.148984	
0.238618	0.869565	0.140745	0.249057	
0.106748	0.841121	0.14247	0.0998487	
0.124464	1.35452	0.127817	0.113402	
0.119015	0.391304	0.0429974	0.315789	
0.106696	0.675	0.114475	0.243993	
0.290905	0.454545	0.0668686	0.138365	
0.16129	0.391304	0.0737771	0.173684	
0.124535	0.608108	0.214762	0.159036	
0.0761688	0.62069	0.064047	0.143167	
0.0659791	0.714286	0.113543	0.245353	
0.141648	0.288462	0.0751225	0.095791	
0.184348	0.711462	0.0659183	0.125475	
0.105301	0.403587	0.139648	0.112628	
0.0722471	0.391304	0.0847145	0.129921	
0.070491	0.21327	0.0427907	0.195266	
0.151992	0.215311	0.0541176	0.167089	
0.113399	0.189873	0.0235014	0.196721	
0.0710204	0.989011	0.054208	0.141328	
0.125614	1.06635	0.131329	0.134694	
0.193937	0.957447	0.0243666	0.144105	
0.07137	1.14286	0.167131	0.195556	
0.0977089	0.240642	0.0441954	0.200608	
0.0972937	0.584416	0.0495779	0.219269	
0.08069	1.09756	0.245671	0.147486	
0.25232	1.4876	0.0868289	0.208202	
0.114083	0.661765	0.086017	0.107143	
0.0620985	0.220588	0.0535818	0.540984	
0.183583	0.432692	0.0801859	0.106452	
0.167997	1.39952	0.0601897	0.338462	
0.120232	0.169173	0.173353	0.109272	
0.0663818	0.394737	0.100583	0.213592	
0.269851	0.681818	0.0616484	0.196429	
0.108479	0.346154	0.112439	0.11	
0.0891942	0.865385	0.0403922	0.130693	
