ThetaTaj[0]	ThetaTaj[1]	ThetaTaj[2]	ThetaTaj[3]	
14.154	1.33333	38.6812	4.57576	
6.55172	2.86667	52.2464	8.39394	
9.78851	5.11111	16.8551	12.2879	
9.95862	7.04444	63.0254	11.3182	
6.58851	4.77778	27	7.5303	
12.531	5.42222	32.0507	11	
9.89425	7.75556	23.9891	9.62121	
14.2483	5.88889	33.4457	8.95455	
10.3149	0.755556	39.3116	9.65152	
6.10115	13.2889	17.4964	6.54545	
6.49425	5.46667	22.9058	6.36364	
10.8276	10.7556	35.3913	8.5	
7.82299	5.08889	33.4928	6.27273	
10.7701	12.1333	34.5942	8.25758	
10.5172	9.33333	41.8007	9.66667	
4.63908	7.13333	30.663	9.42424	
6.08046	2.77778	45.0181	9.43939	
6.58621	11.8667	46.7391	10.8939	
13.7678	2.22222	25.8696	7.57576	
8.13333	9.53333	38.4891	8.84848	
10.1586	12.0667	40.6449	6.33333	
12.8069	6.28889	36.2645	10.3636	
5.82989	1	30.5616	13.8182	
13.4253	5.51111	38.9783	7.21212	
15.5862	1.2	25.721	6.40909	
9.14943	3.02222	50.2536	10.0152	
6.86897	5.22222	37.6848	12.0909	
7.90805	3.26667	27.5362	7.31818	
15.6575	3.8	38.8333	8.9697	
5.47586	6.46667	26.0942	9.09091	
9.05747	2.75556	32.0942	11.2273	
14.2184	4.55556	16.0399	8.60606	
10.5034	6.57778	27.9529	11.7576	
8.69425	6.4	53.6703	6.78788	
14.8805	8.68889	45.6341	8.59091	
6.8046	2.28889	30.0181	5.16667	
10.5678	6.93333	43.7319	9.69697	
6.4092	6.82222	37.8478	5.86364	
14.6644	10.6667	39.9348	9.87879	
11.1149	10.8	36.3623	9.22727	
7.50805	4.64444	33.1739	7.25758	
8.76552	3.28889	27.0543	8.43939	
9.73333	7.28889	37.7536	12.5909	
8.51494	3.57778	33.1232	11.0909	
22.8989	2.11111	35.1703	7.90909	
12.3563	3.48889	45.4239	7.16667	
6.95402	2.42222	28.8152	8.39394	
6.21379	7.48889	25.0145	7.84848	
9.25747	5.48889	40.3949	8.27273	
15.6161	12.5556	47.5	12.803	
14.469	0.555556	31.0181	10.9394	
7.31494	2.84444	42.3514	4.06061	
11.8759	5.88889	42.8007	8.36364	
11.5563	2.97778	32.0761	5.51515	
14.0276	4.53333	30.6377	8.68182	
7.74483	2.86667	27.4783	4.57576	
6.68506	4.75556	46.1667	7.68182	
18.8023	9.35556	37.1812	7.28788	
10.9977	12.3111	27.1848	11.8182	
4.65977	0.866667	27.6413	12.6667	
10.3425	3	29.5109	8.66667	
8.34023	10.9556	32.0725	11.8788	
11.3402	6.51111	20.5036	7.68182	
9.13793	4.46667	38.4855	10.697	
15.9379	3.08889	32.1087	10.1061	
13.6138	3.04444	26.3659	7.34848	
11.2713	0.733333	22.7355	9.45455	
9.51264	1.93333	36.8007	4.80303	
6.02299	2.86667	33.5362	9.75758	
7.98851	6.62222	31.3623	9.21212	
9.97701	6.71111	33.721	5.13636	
4.68276	3.4	31.6268	13.6667	
8.8	2.33333	29.8007	9.43939	
6.37701	13.5778	45.0725	7	
4.68046	7.53333	42.1413	7.25758	
7.9977	8.6	39.5072	8.4697	
4.2	4.06667	38.7355	12.1667	
7.82529	3.28889	36.8152	7.4697	
6.47586	7.15556	34.4891	8.60606	
6.35862	1.95556	32.4565	5.40909	
11.4529	10.4	29.9819	7.68182	
17.3402	6.48889	42.5616	5.95455	
15.0322	3.4	31.2536	7.54545	
12.8966	1.71111	29.8188	9.48485	
12.4506	1.06667	32.6377	9.12121	
8.77241	1.2	44.7609	12.0758	
15.0621	4.33333	33.0543	6.51515	
17.5862	2.51111	38.3478	8.62121	
8.10345	5.86667	33.5942	9.37879	
7.04598	4.02222	30.3877	12.6061	
7.18391	6.28889	33.5507	4.22727	
3.26667	3.62222	29.3804	5.74242	
9.90345	3.22222	36.2645	8.22727	
7.43448	4.22222	39.0217	4.71212	
11.4713	4.48889	21.5471	6.65152	
9.55172	5.02222	26.0688	5.9697	
9.46667	4.64444	35.2428	7.31818	
8.7931	3.15556	18.558	6.86364	
12.5977	5.77778	34.9203	7.51515	
7.82989	3.62222	41.1522	7.16667	
9.69655	3.88889	26.1884	15.1364	
3.87586	4.66667	25.8116	9.01515	
12.3034	2.35556	37.1014	10.0152	
10.469	13.3556	41.942	8.36364	
6.14023	6.91111	30.4094	13.1515	
13.0897	2.93333	37.9601	6.62121	
16.0966	8.26667	27.3659	7.90909	
5.61839	4.77778	33.7935	8.25758	
9.61149	3	36.0942	4.83333	
12.3195	2.62222	35.0797	9.56061	
15.0253	2.02222	17.9891	6.57576	
6.77931	10.0889	22.2138	7.72727	
8.67126	5.24444	31.9022	10.8485	
11.3678	4.13333	47.4384	9.48485	
11.5885	4.44444	30.3007	9.42424	
5.07816	4.33333	44.8333	8.62121	
9.17241	3.71111	29.2935	6.54545	
6.15632	3.11111	28.5688	8.51515	
10.5402	6.42222	43.3478	8.5	
18.4575	2.88889	50.7536	11.6818	
8.85517	2.26667	32.3261	9.83333	
9.57241	5.06667	38.7464	8.10606	
8.50115	1.42222	34.3188	4.90909	
10.7379	8.02222	38.9384	8.13636	
15.6345	9.71111	39.0217	9.57576	
19.377	4.37778	35.8587	8.31818	
15.9862	5.57778	46.3333	12.7576	
11.0437	3.95556	30.1304	8.30303	
9.8023	5.4	41.7609	8.87879	
6.96092	7	45.8877	9.75758	
3.68966	3.33333	36.7391	7.98485	
13.5931	4.24444	25.0725	7.83333	
12.8253	1.97778	47.75	5.59091	
11.0391	5.82222	30.4022	7.21212	
6.9931	5.06667	43.4529	13.4242	
7.69655	6.71111	29.2246	9.5303	
9.50115	2.28889	39.442	5.86364	
11.7402	13.0444	29.8659	11.6212	
8.97931	4.26667	37.7935	12.5455	
7.30575	5.06667	39.5217	8.13636	
5.12184	3.17778	30.7717	6.65152	
5.52644	7.06667	41.337	10.3939	
11.1425	6.2	36.6522	8.19697	
11.6943	3.08889	34.8986	6.63636	
16.8552	3.13333	32.7536	9	
10.0598	4.08889	31.1486	5.45455	
10.3793	7.15556	32.3768	11.197	
12.2874	4.22222	46.221	7.74242	
6.33563	6.2	29.1014	10.7727	
10.7632	5.71111	38.4674	7.21212	
7.02529	5.4	25.7572	6.15152	
7.57701	3.08889	28.2319	8	
16.0138	4.57778	40.0616	6.95455	
13.9057	3.46667	35.2355	8.62121	
6.57241	5.93333	24.1993	10.5606	
14.9379	3.02222	35.6667	9.12121	
12.246	2.84444	41.6232	10.9848	
9.22529	6.64444	33.8913	10.697	
7.33793	2.95556	38.1123	12.2273	
12.1356	2.64444	30.9819	10.6061	
14.6368	2.44444	36.0833	7.28788	
9.34253	1.53333	35.1159	6.07576	
13.1356	4.42222	28.4384	9.18182	
18.5632	2.77778	40.6304	6.45455	
9.26207	7.46667	34.558	7.75758	
9.91494	4.11111	33.0399	6.92424	
6.70115	3.28889	35.9348	11.5	
7.69655	1.26667	25.7319	9.65152	
8.72184	12.8444	51.9891	8.84848	
13.246	3.86667	29.5797	6.09091	
11.1402	3.6	21.5507	7.78788	
12.5034	1.57778	23.9239	7.83333	
7.83448	5	29.0254	8.98485	
7.08736	1.73333	51.5942	9.93939	
7.97701	5.33333	43.1268	10.3939	
14.0506	0.911111	29.7645	6.33333	
4.96782	1.11111	43.6522	8.56061	
11.0851	3.13333	25.8514	7.4697	
13.4023	11.1111	42.4058	10.6818	
7.32184	3.88889	48.2174	13.0455	
11.1885	6.24444	44.6739	11.7576	
10.2	1.51111	36.8406	11.0455	
10.9632	1.53333	36.2826	7.01515	
9.38851	12.6889	24.2572	8.59091	
8.62989	9.44444	25.25	9.81818	
10.5379	2.84444	47.1087	5.13636	
5.52644	4.28889	34.7174	5.27273	
11.3931	4.46667	46.7754	9.16667	
13.4046	4.48889	33.6957	7.04545	
6.69195	2.95556	23.9746	6.66667	
5.54253	2.8	29.9384	12.0606	
6.92874	2.37778	41.5906	8.09091	
10.1034	9.15556	37.5761	4.56061	
10.1494	4.11111	37.4348	9.66667	
11.4874	2.84444	40.0507	15.4091	
17.908	2.4	28.5978	7.56061	
11.1885	4.13333	52.2138	5.16667	
9.31264	6.46667	35.6848	9.34848	
11.9241	4.02222	43.9891	7.86364	
7.94483	9.75556	34.2609	12.1667	
10.4253	8.91111	34.9855	8.06061	
10.8322	3.31111	55.1884	11.1212	
3.91954	4.84444	51.4638	9.27273	
10.1632	2.11111	35.0471	5.31818	
13.777	5.8	42.5797	8.92424	
17.5839	11.6667	43.7899	10.8636	
5.36552	2.6	26.7428	5.78788	
13.8598	4.6	21.9203	8.31818	
3.52874	5.42222	32.7754	7.24242	
9.12874	6	35.6558	12.1364	
13.3701	9	32.5616	6.33333	
9.7931	5.95556	31.692	8.54545	
12.4	3.62222	30.5761	11.2273	
4.23908	1.75556	47.8333	7.27273	
13.0989	2.6	31.5326	5.90909	
11.0621	7.4	25.971	9.0303	
15.2046	3.75556	43.9312	4.84848	
10.6598	10.1333	36.9058	8.06061	
2.82069	3.4	34.2681	6.60606	
2.17931	0.755556	34.4493	9.69697	
6.02299	1.06667	28.9457	7.5303	
14.4506	9.08889	20.6558	6.87879	
9.31034	6.37778	35.2572	8.62121	
16.869	8.37778	28.6051	7.54545	
7.68276	4.44444	34.6087	7.37879	
4.45517	3.2	28.4167	9.0303	
6.42299	5.22222	32.6051	6.5	
10.1494	5.08889	31.529	7.40909	
5.29885	4.2	26.2138	9.01515	
6.04598	3.2	37.9891	9.19697	
9.31724	4.86667	32.3551	7.09091	
7.46437	5.77778	23.0688	7.34848	
14.531	2.28889	28.0688	10.3485	
7.51264	3.97778	28.9565	9.9697	
9.51954	5.22222	37.0471	5.27273	
6.09425	2.2	35.9855	8.84848	
11.6483	0.711111	38.8949	11.8636	
6.32644	1.42222	35.9058	7.86364	
8.11034	1.42222	33.971	8.92424	
7.1954	6.84444	38.8696	8.48485	
11.2184	3.75556	43.0978	7.59091	
8.71034	1.26667	32.0543	8.87879	
8.71264	9.84444	30.6377	7.16667	
13.7057	2.22222	37.7283	10.2879	
13.0115	3.31111	29.0688	14.0758	
5.47126	6.11111	29.0543	5.59091	
5.93103	2.48889	37.5072	6.18182	
11.1471	1.88889	28.1123	8.36364	
5.74483	4.13333	44.5072	11.4848	
3.8069	2.33333	25.8152	7.69697	
11.0069	4.8	28.192	8.62121	
16.5356	5.2	44.7428	8.40909	
12.023	3.37778	34.0109	6.71212	
7.14483	4.6	30.9746	9.84848	
9.23448	5.6	35.1993	8.25758	
4.15402	7.31111	28.4819	6.93939	
10.1931	6.66667	19.4964	5.93939	
7.89195	3.82222	27.1051	5.98485	
18.3218	13.3778	25.2971	10.2576	
7.04598	12.7556	21.692	8.63636	
13.1885	4.2	24.8297	8.98485	
12.8759	7.06667	43.7971	9.5	
7.96782	3.68889	43.6884	8.21212	
8.94253	4.24444	40.2391	8.56061	
5.13333	2.86667	24.9058	8.68182	
8.13333	6.95556	37.3732	6.34848	
10.1218	17.2	41.25	4.72727	
10.4069	11.6222	27.192	7.42424	
16.1149	0.355556	43.058	7.13636	
15.8989	2.57778	32.3478	6.77273	
13.5862	4.33333	51.029	7.66667	
9.41149	2.64444	32.3732	8.74242	
14.4805	4.86667	35.0507	4.56061	
15.3977	0.555556	35.8043	10.5606	
6.11034	0.955556	39.1848	5.93939	
9.76552	2.42222	27.8152	6.9697	
5.78621	10.6444	31.3804	10.7424	
8.27586	5.4	34.6775	7.45455	
11.8667	3.86667	17.942	4.42424	
13.7908	3.91111	25.4094	4.98485	
8.34023	2.88889	34.1957	11.7424	
5.33793	1.91111	35.2101	7.71212	
4.57011	10.2667	34.1522	9.80303	
10.1517	17.0667	28.3986	8.69697	
19.0805	2.53333	54.1196	11.9697	
11.5103	4.73333	36.7826	11.6667	
15.1632	1.82222	42.0797	9.9697	
11.2115	5.86667	38.5145	9.66667	
11.1126	6.75556	33.1522	6.75758	
15.4161	2.2	34.3225	13.303	
14.4437	2.26667	39.0471	4.31818	
14.6	5.97778	20.1268	7.04545	
12.4092	5.53333	31.6486	7.51515	
7.31034	2.35556	32.4275	9.0303	
9.10345	4.24444	28.5761	9.77273	
6.43678	1.86667	24.5616	8.69697	
13.9862	8.28889	19.5145	6.60606	
10.0552	4.17778	38.7609	6.25758	
8.48966	4.82222	39.3696	8.89394	
6.81379	6.66667	26.587	5.4697	
10.1655	3.93333	31.5978	8.95455	
6.2046	2.93333	27.0978	8.13636	
9.72184	1.46667	30.6196	11.9697	
10.6667	0.466667	28.3804	6.62121	
3.74253	10.2667	36.5326	10.8636	
8.25287	6.11111	54.5797	7.66667	
12.8552	7.4	48.0978	5.39394	
11.2713	7.02222	37.308	11.3788	
8.56322	2.62222	30.1594	8.60606	
6.92874	3.8	33.9746	9.74242	
5.81839	1	26.1087	7.45455	
10.4667	10.0222	21.3188	8.34848	
10.6713	0.666667	45.8659	14.4394	
5.04598	1.24444	29.8696	7.54545	
7.73793	6.44444	42.6413	12.0303	
7.35632	2.08889	45.8007	5.43939	
4.4023	2.66667	39.1196	8.33333	
9.30345	3.86667	36.0761	8.68182	
12.3609	3.15556	42.5326	7.60606	
5.74253	2.51111	33.2065	6.75758	
8.4069	1.73333	27.5543	7.89394	
14.154	5.8	39.3152	13.197	
7.2092	1.35556	50.529	10.0606	
15.5264	2.64444	31.8007	12.0455	
13.3816	1.8	19.5036	9.81818	
14.6253	6.13333	34.5145	4.95455	
10.1287	6.93333	62.7355	12.3636	
7.6046	3.4	40.5145	11.9848	
7.16322	7.55556	40.5616	6.39394	
14.7954	4.11111	32.4275	7.89394	
12.0253	0.4	37.8442	12.2121	
21.1747	2.04444	39.4384	9.25758	
6.0092	7.44444	28	6.10606	
8.38621	7.48889	26.6304	8.42424	
4.44138	3.91111	26.3116	8.84848	
13.977	1	30.0906	9.83333	
10.7885	12.4444	20.6341	9.63636	
13.508	12.1778	36.6775	6.78788	
13.7103	3.8	38.9384	7.36364	
9.94483	6.42222	30.8877	5.56061	
14.9011	2.46667	33.3587	11.2727	
11.4759	2.42222	43.8841	8.92424	
14.9333	2.77778	31.8551	6.56061	
5.31034	12.7556	37.7754	7.30303	
14.3287	8.44444	69.2717	5.9697	
10.7586	4.11111	31.2609	6.81818	
8.7954	3.51111	37.5326	7.75758	
11.9448	3.73333	41.1812	13.2121	
4.43678	6.15556	28.4891	4.93939	
12.1816	16.9333	25.5362	10.1667	
8.97931	6.6	43.3587	11.3333	
9.9931	4.24444	64.3623	6.15152	
6.37241	3.46667	45.337	11.3333	
12.7126	4.8	36.8514	10.9091	
11.0782	3.82222	38.7681	9.78788	
17.2414	4.24444	30.4094	9.81818	
10.846	1	27.663	9.01515	
4.87816	3.68889	48.8188	12.9848	
11.6989	0.822222	32.8261	2.5	
9.02299	5.51111	33.8949	12.9091	
6.1908	3.42222	18.3623	9.78788	
12.354	3	34.1522	8.13636	
7.55402	0.6	49.1268	5.93939	
6.5954	1.35556	54.2609	7	
7.11724	5.17778	45.1232	11.6818	
6.26897	12.0444	35.0616	6.5	
9.56782	5.51111	29.3188	4.89394	
13.5678	2.04444	28.279	7.62121	
15.4782	5.73333	34.9891	8.90909	
6.16092	10.3111	28.3659	6.60606	
12.4276	3.82222	50.0254	6.01515	
10.3402	5.86667	36.7138	9.30303	
4.69195	1.26667	46.9891	9.24242	
13.6943	1.4	18.8949	9.16667	
5.49885	4.8	28.7283	4.98485	
10.1908	1.51111	32.9239	12.7424	
12.9057	1.62222	25.9855	9.51515	
9.25287	7.37778	32.2355	6.36364	
16.0345	6.24444	19.9275	9.77273	
8.93103	8.75556	24.9348	8.0303	
6.1931	3.37778	33.0725	7.57576	
11.8207	5.66667	30.1957	5.0303	
13.2391	5.35556	42.087	9.12121	
5.84368	7.51111	26.9384	9.98485	
12.7701	4.4	34.0145	12.9697	
16.1977	4.84444	34.6486	7.93939	
10.0943	7.06667	22	9.75758	
9.82069	6.82222	31.0435	7.25758	
16.177	8.17778	47.8442	8.18182	
4.74943	5.51111	36.3587	9.33333	
10.5747	4.91111	34.3804	9.37879	
14.2483	3.57778	37.2355	8.16667	
10.4552	2.53333	47.663	5.27273	
7.96782	1.51111	30.6051	8.06061	
15.3632	2.46667	39.8696	6.10606	
11.931	5.02222	21.971	7.90909	
6.18621	4.06667	38.9529	8.39394	
15.1517	6.82222	37.7391	6.12121	
6.56782	4.64444	35.8804	7.36364	
8.83218	5.37778	38.9891	6.22727	
11.4828	2.86667	41.3007	9.19697	
11.0897	3.22222	38.5036	6.72727	
11.9747	8.28889	31.0688	11.4848	
10.7264	4.28889	30.9928	9.39394	
7.87356	2.28889	34	7.66667	
10.6851	3.33333	41.4167	9.95455	
8.30345	6.8	32.6413	6.78788	
11.4483	6.08889	21.6739	7.13636	
10.1885	6.13333	33.721	6.31818	
7.97931	8.6	40.442	9.10606	
9.77931	7.6	45.3841	9.95455	
9.94023	2.84444	34.4565	8.65152	
11.646	10.1111	25.9167	6.15152	
7.58851	3.26667	47.163	5.0303	
8.18851	3.51111	33.9203	6.84848	
19.3609	3.35556	27.2572	8.21212	
9.32874	3.6	47.279	12.3939	
9.86207	7.24444	27.808	8.93939	
10.2897	5.4	34.721	7.9697	
15.6299	3.31111	27.8261	11.1667	
12.9103	3.62222	35.6413	9.19697	
8.70575	2.86667	37.3877	10.2727	
9.17701	4.37778	26.0471	7.21212	
9.52414	0.955556	30.1232	10.8485	
6.01149	9.73333	23.4529	5.72727	
14.8115	5.66667	32.0797	9	
12.9149	2.84444	23.5942	9.27273	
9.8	1.35556	29.9094	8.40909	
13.8	9.64444	43.9384	14.9394	
11.4368	1.88889	34.4239	5.40909	
5.07126	6.84444	42.6159	9.93939	
8.36782	1.66667	33.3406	5.56061	
10.4874	11.2889	39.3913	8.71212	
10.9977	2.2	31.5725	6.18182	
10.4184	8.51111	42.3913	6.92424	
10.1333	1.66667	32.6377	8.93939	
7.66207	2.46667	41.8949	6.68182	
8.3977	1.91111	32.2645	10.7121	
9.50345	8.35556	35.1341	7.28788	
13.508	3.53333	26.7464	7.36364	
8.91034	5.06667	46.6486	10.8333	
11.3172	7.84444	48.4855	12.7727	
15.377	2.77778	41.058	11.9848	
8.91264	5.82222	42.442	9.54545	
11.6943	3.2	33.7283	8.28788	
9.97931	4.8	36.9203	9.22727	
9.68046	8.84444	43.2319	8.31818	
14.2299	5.37778	34.5906	6.90909	
11.5126	2.46667	38.9384	9.62121	
11.3264	8.62222	36.5725	7.0303	
12.8851	4.8	36.9601	11.303	
6.75862	2.37778	21.0797	6.81818	
10.2759	3.13333	36.2609	11.7424	
5.31034	3.53333	32.2754	6.07576	
18.5103	5.75556	47.2428	9.5303	
12.3425	5.8	26.9746	5.34848	
9.54023	2.93333	36	7.63636	
11.4276	2.26667	39.0761	9.18182	
9.54943	4.02222	31.5399	8.22727	
8.23678	3.68889	31.1812	11.4242	
10.2989	3.46667	40.2572	7.63636	
10.1287	5.73333	45.9565	4.59091	
7.05287	3.66667	33.6884	8.01515	
8.03448	6.06667	42.2391	5.84848	
10.2368	7.71111	39.3261	6.92424	
16.8713	3.02222	33.75	13.0303	
5.5954	6.28889	36.779	8.81818	
12.8483	3.13333	38.7391	8.16667	
12.9425	4.48889	37.9891	5.51515	
6.04368	2.62222	25.5217	10.6061	
7.01149	4.31111	43.7609	6.63636	
10.7678	3.08889	32.5507	10.1667	
15.1402	3.77778	39.5109	10.3182	
13.292	1.93333	27.1812	8.0303	
15.1885	15.6667	27.9674	6.16667	
5.09425	8.93333	37.4022	8.62121	
10.2023	5.08889	35.8261	5.31818	
12.4713	4.26667	33.5326	9.74242	
13.0161	2.08889	31.3152	7.04545	
11.9885	2.77778	31.1848	9.77273	
3.70115	6.22222	37.2971	6	
8.10345	10.6889	31.3406	8.19697	
8.05747	4.97778	34.5109	6.15152	
13.7034	2.71111	28.9565	5.75758	
6.7954	4.08889	29.8478	6.04545	
10.6828	6.6	63.6087	6.77273	
6.76322	4.42222	45.1667	10.1667	
7.3908	1.55556	40.9565	8.04545	
9.07816	1.88889	39.0652	7.07576	
12.0345	4.55556	46.4855	12.3333	
6.06437	8.53333	27.3043	5.39394	
11.5586	2.06667	26.7174	10.3485	
10.3287	1.95556	35.6232	4.78788	
13.1126	17.6222	39.8986	6.98485	
7.90805	4.73333	38.5217	8.63636	
9.45517	5.26667	40.9203	11.0758	
6.88506	5.62222	35.5688	6.83333	
12.9517	3.77778	42.9529	9.06061	
4.67126	1.97778	39.6268	10.8636	
10.7011	2.28889	35.1341	8.10606	
5.36552	4.95556	27.8297	7.98485	
4.4023	2.42222	40.0072	11	
13.7724	4.31111	21.1884	12.697	
7.23678	6.24444	25.4275	8.07576	
12.5678	3.33333	38.8696	9.18182	
10.954	7.06667	30.9493	10.1667	
7.48276	8.62222	36.0072	6.57576	
7.01379	7	36.3225	7.77273	
5.65977	6.17778	35.3116	8.84848	
7.35402	4.71111	36.8659	9.09091	
12.8874	5.2	24.1884	6.40909	
14.6713	6.2	29.721	9.59091	
7.9908	6.06667	31.5	11.1061	
11.1448	7.37778	39.4855	9.15152	
6.33793	11.6889	37.558	8.81818	
5.48046	7.42222	24.3623	9.9697	
8.15632	7.06667	32.4964	9.12121	
6.34713	5.37778	28.3297	7.45455	
7.63678	5.24444	16.9493	11.8636	
9.34713	3.42222	42.663	10.7576	
6.41839	4.31111	28.4022	6.56061	
20.1241	2.73333	32.4674	4.98485	
9.14253	6.2	28.663	7.75758	
8.82989	4.75556	44.8225	6.42424	
7.21379	3.42222	35.0978	7.84848	
5.82529	10.3333	40.221	3.0303	
6.34023	2.91111	33.1341	9.42424	
8.08276	6.2	18.0761	8.60606	
22.023	1.88889	36.2754	8.81818	
5.46207	2.71111	42.1486	6.86364	
9.15172	7.08889	33.8732	9.80303	
5.98161	4.44444	45.8297	7.80303	
6.04598	4.48889	22.2246	13.697	
16.3563	2.68889	35.5181	6.86364	
9.44138	1.97778	34.5254	7.12121	
10.469	5.46667	38.7826	11.1364	
8.14483	12.0667	39.4783	8.72727	
10.4115	8.4	41.4493	11.303	
6.71724	3.57778	24.3333	5.51515	
17.4851	5.04444	34.2754	5.65152	
7.4023	4.66667	34.1884	7.4697	
3.90575	2.62222	31.8587	6.59091	
5.94943	3.75556	29.9094	3.51515	
9.61149	5.02222	33.0217	3.06061	
11.2184	4.37778	37.7428	10.5909	
8.41839	4.26667	46.9964	13.1061	
15.8713	3.86667	36.5507	8.62121	
4.6023	4.35556	30.6123	7.86364	
6.65977	1.66667	32.9167	8.27273	
6.78391	1	37.9855	7.51515	
10.2483	7.6	24.3152	11.3485	
12.731	8.82222	21.9022	7.89394	
9.9908	5.68889	47.5543	6.89394	
12.5678	6.13333	29.2899	9.65152	
6.23218	2.53333	39.6775	5.42424	
4.87816	5.95556	50.1594	8.18182	
8.63218	10.9556	22.4094	5.30303	
12.1218	8.26667	37.2717	5.04545	
8.33563	5.93333	40.4094	5.80303	
12.8575	7.6	22.0797	8.75758	
21.154	6.46667	31.2174	4.72727	
8.3931	3.84444	37.8442	10.6667	
8.84138	10.2	39.1739	14.0152	
3.7908	2.97778	46.2826	6.68182	
12.1172	9.02222	29.2681	5.06061	
4.29195	2.22222	34.087	11	
5.65057	1.53333	31.7971	13.2121	
3.63218	1.57778	39.3659	7.56061	
5.37701	5.15556	45.6667	10.1667	
9.14483	3.95556	31.2101	8.80303	
6.28506	3.64444	33.2355	7.72727	
11.469	3.75556	24.4928	9.74242	
13.7954	11.0222	43.7572	7.4697	
13.2138	3.48889	36.6486	6.25758	
9.35862	7.62222	28.3406	9.16667	
11.423	2.28889	28.4167	12.9848	
10.8046	6.17778	36.3514	13.9242	
10.7356	2.42222	25.5435	14.4394	
9.1977	6.42222	37.1594	10.4394	
4.35862	5.73333	49.6159	8.69697	
10.8759	9.64444	54.2536	16.5455	
8.61839	3.75556	30.7029	4.74242	
9.48736	6.08889	26.8225	6.01515	
11.0621	3.35556	28.5254	6.13636	
16.2207	2.75556	35.0181	8.0303	
11.3402	5.91111	38.5652	6.54545	
10.6736	9.71111	31.7681	9.18182	
6.46667	3.93333	38.5181	7.19697	
11.8552	8.71111	38.4275	7.25758	
18.5632	4.57778	26.2862	5.90909	
7.5908	7.26667	26.6087	8.10606	
9.1954	12.3556	42.4167	5.92424	
6.5931	2.17778	23.8333	8.19697	
16.5172	5.73333	41.2826	10.0909	
5.37931	2.6	33.8007	5.06061	
13.623	5.15556	26.5217	8.81818	
10.5655	4.44444	28.6667	7.78788	
12.1954	3.95556	13.6341	10.8182	
9.77471	8.48889	31.0326	8.92424	
13.492	16.2444	23.192	12.3333	
8.83908	2.31111	35.7065	5.87879	
14.1931	0.2	46.1993	6.45455	
13.9218	7.28889	28.6232	6.65152	
14.8115	2.28889	19.4312	6.56061	
14.5471	6.48889	38.8442	7	
11.0299	5.8	49.8514	14.1061	
9.54023	3.75556	30.3152	6.75758	
9.68506	6.33333	26.8696	7.5303	
9.28736	7.8	36.8696	3.06061	
6.5931	2.06667	27.8551	10.1818	
15.4184	4.06667	36.1957	9.06061	
12.3632	5.55556	41.3261	7.37879	
2.32414	7.26667	37.7246	9.83333	
7.77931	3.66667	29.0072	5.63636	
3.50575	4.88889	53.4819	14.5303	
14.5425	3.4	41.4457	7.93939	
10.8161	5.31111	24.4384	7.57576	
6.73333	3.53333	51.5906	5.86364	
2.9908	4.48889	36.3152	9.5	
13.3011	2.37778	49.9964	8.13636	
6.61149	0.4	26.3659	8.33333	
16.9402	12.3778	39.6486	4.72727	
13.2092	3.08889	32.8478	12.8788	
9.71264	2.4	30.1377	8.60606	
15.7126	7.86667	43.1051	9.80303	
16.1632	6.4	39.4457	9.83333	
8.46667	4.84444	39.7283	5.92424	
10.8598	1.62222	29.4058	6.34848	
4.82069	3.13333	40.529	9.57576	
8.26897	4.93333	28.1594	8.01515	
11.2805	2.66667	31.0181	11.2879	
12.7632	3.64444	31.6848	8.9697	
10.0805	2.88889	30.7609	10.2727	
8.88506	4.31111	46.4457	6.04545	
13.0322	1.28889	31.2283	10.7273	
7.12874	4.33333	41.2899	14.0303	
14.708	2.53333	41.9275	11.1212	
8.97471	5.62222	36.6232	9.93939	
7.22529	5.53333	26.1558	8.4697	
9.10575	7.73333	46.587	9.77273	
16.1471	8.22222	29.0543	6.30303	
11.5126	1.86667	56.8551	9.87879	
10.623	3.26667	22.25	7.06061	
12.0115	2.26667	32.7319	10.6515	
11.9149	3.73333	41.9348	11.3333	
13.0069	1.68889	41.1993	6.65152	
8.49425	6.53333	44.4928	8.78788	
10.1494	2.55556	22.7971	8.48485	
10.9264	6.11111	38.1413	10.3636	
6.58621	4.28889	36.3986	4.27273	
6.8	1.68889	37.7754	11.303	
3.83218	2.82222	34.7572	8.5303	
11.4966	4.31111	25.192	9.74242	
11.0805	4.82222	47.4783	9.19697	
9.85517	3.22222	53.692	8.0303	
5.47586	4.68889	20.6341	14.4697	
8.70805	2.17778	50.308	7.92424	
6.93563	2.75556	37.8986	5.36364	
12.7701	4.08889	30.6739	7.59091	
7.43448	4.26667	27.5725	7.87879	
12.7356	3.68889	41.5072	7.83333	
10.4966	6.11111	18.8841	8.59091	
11.8437	2.35556	34.837	6.54545	
5.88736	6.93333	32.6087	10.4848	
10.5425	5.53333	35.0036	8.45455	
9.76782	8.6	25.4275	10.2879	
9.4046	2.62222	39.5507	10.0455	
9.68966	7.46667	43.6304	4.84848	
6.64138	5.51111	32.7029	8.4697	
9.28276	4.86667	27.5399	7.18182	
6.06897	9.28889	24.4638	6.12121	
11.2805	6.06667	21.5507	9.56061	
6.51034	7.37778	33.1522	7.0303	
13.7425	9.11111	40.442	19.197	
13.246	5.02222	42.9891	4.60606	
9.01379	7.48889	30.3514	9.43939	
16.4092	10.7333	40.8152	5.66667	
10.5931	6.86667	32.4819	8.74242	
12.7172	4.15556	42.2572	10.3636	
7.8046	3.11111	31.2935	9.54545	
11.5655	5.13333	25.1196	10.697	
7.97471	3.95556	31.9855	6.39394	
11.846	0.666667	39.9312	11	
9.01149	0.911111	33.6449	4.33333	
9.68736	3.13333	33.7681	10.2273	
5.8092	2.53333	42.1993	7.68182	
12.3816	4.31111	33.5471	8.42424	
4.54483	5.75556	32.0652	6.34848	
10.0023	5.08889	24.9348	7.21212	
12.7379	5.53333	46.2391	7.4697	
10.8552	6.57778	35.6775	10.3485	
8.50115	3.15556	49.471	8.34848	
8.77701	6.35556	38.8442	12.7273	
9.06897	3.31111	52.6377	10.4394	
10.9448	2.93333	26.308	7.12121	
9.15172	2.15556	42.1667	6.56061	
10.354	1.97778	28.9457	12.7879	
9.50115	8.02222	31.5725	10.3636	
8.51034	1.15556	20.3949	9.93939	
14.508	5.4	33.5036	8.63636	
13.6989	3.82222	28.413	7.66667	
11.7287	6.08889	34.4746	8.51515	
9.56092	2.22222	31.8551	9.75758	
13.6322	6	59.5	8.98485	
7.47356	2.71111	42.5833	4.5	
11.4414	3.26667	31.5906	10.9394	
7.38161	3.24444	38.1703	8.59091	
14.4161	3.11111	31.2174	6.33333	
9.42069	3.24444	32.3442	5.69697	
6.96552	1.62222	36.9891	8.42424	
9.35402	7.84444	38.558	6.18182	
9.06667	1.93333	53.0435	9.04545	
13.1448	17.0667	24.9855	11.1667	
4.97011	8.04444	31.3696	8.69697	
6.15862	3.93333	44.2283	8.60606	
10.5264	7.48889	38.9167	7.56061	
10.0345	4.11111	24.3333	4.95455	
7.83448	5.73333	40.2536	5.92424	
8.54023	2.53333	46.9746	10.2424	
8.48276	5	35.029	10.6212	
6.81149	6.22222	40.9348	8.18182	
6.64138	5.35556	41.6014	10.9697	
7.28506	7.08889	22.7717	8.80303	
13.0299	9.06667	28.7971	6.86364	
7.4023	7.71111	42.6848	3.42424	
11.9793	6.46667	45.2065	7.87879	
13.3494	4.42222	36.6341	9.18182	
12.1977	1.33333	28.6667	5.51515	
10.3494	4.97778	42.9094	12.2424	
13.3747	2.13333	34.6739	8.06061	
5.27126	2.62222	41.9239	9.71212	
11.9126	2.66667	64.8659	9.06061	
11.3218	4.91111	39.337	4.86364	
11.8713	4.53333	46.25	9.54545	
12.6552	3.95556	41.8261	7.98485	
10.092	7.88889	35.7899	7.15152	
6.64138	2.71111	19.3732	5.68182	
4.73333	4.15556	30.7065	6.22727	
13.554	5.66667	24.9638	6.93939	
16.6437	6.06667	40.2971	14.6212	
6.56322	2.53333	41.0906	9.43939	
7.71264	4.62222	43.4674	5.62121	
9.94023	6.95556	32.8152	8.01515	
11.2966	5.46667	37.7717	7.39394	
12.4828	5.31111	18.9674	5.68182	
7.53793	4.77778	30.087	12.7727	
8.29655	3.48889	32.5616	8	
8.45057	5.75556	31.3116	6.71212	
5.3977	3.82222	30.8007	10.2576	
15.1241	3.28889	37.7101	8.06061	
5.11954	13.3111	44.4783	8.78788	
12.4184	4.88889	27.2029	7.9697	
12.3333	1.53333	30.3333	10.0909	
8.70805	2.84444	30.3877	7.31818	
13.2989	2.64444	44.8188	6.4697	
6.16782	11.6889	34.5616	8.0303	
11.7494	3.71111	26.8949	7.86364	
6.18391	4.68889	39.1957	4.48485	
7.91954	8.64444	37.6051	12.0303	
9.7908	3.6	35.0254	10.9848	
9.13103	3.48889	40.558	7.39394	
7.91494	8.37778	25.1449	9.89394	
8.8023	4.82222	25.4819	5.92424	
9.56322	7.17778	39.3007	6.9697	
9.43448	3.68889	35.6014	8.95455	
9.78391	5.28889	27.2029	10.3939	
10.0759	3.64444	33.2862	10.9697	
8.69195	6.84444	25.3116	7.24242	
11.8989	9.08889	29.8913	10.1818	
5.96552	2.42222	24.0507	9.84848	
9.29655	7.8	36.163	12.1818	
8.68736	11.6667	20.0616	11.9394	
10.7609	8.28889	50.6848	5.24242	
7.37471	8.33333	44.058	9.74242	
9.83448	5.15556	32.0362	7.87879	
3.55172	1.17778	38.7101	6.92424	
5.45747	3.26667	44.0652	9.04545	
14.154	2.15556	38.6341	8.19697	
7.96552	3.55556	28.7391	11.0152	
13.8023	6.13333	19.192	7.59091	
12.3494	1.8	40.3841	8.80303	
10.177	2.68889	38.2283	8.39394	
4.81609	2.8	37.9203	7.69697	
14.5954	1.8	44.3261	5.4697	
11.4483	2.35556	43.0797	5.68182	
14.8782	8.66667	51.2681	6.56061	
5.22069	4.66667	34.6123	8.89394	
6.35862	6.51111	44.6196	7.68182	
7.35402	5.28889	26.3152	6.74242	
8.84598	10.6667	38.4746	9.04545	
4.25977	7.73333	31.8659	13.9848	
9.0092	1.53333	38.6812	8.87879	
21.2667	3.4	34.4928	5.39394	
9.38161	3.64444	46.6449	8.15152	
10.2667	4.75556	31.5471	6.78788	
20.2782	1.73333	40.3043	9.36364	
11.4874	1.15556	33.0072	5.30303	
7.49195	4.13333	25.0761	12.2576	
5.37471	9.15556	36.721	9.10606	
15.0828	3.6	30.6594	9.21212	
7.28506	2.55556	35.8225	5.66667	
9.0092	5.46667	29.0978	9.42424	
9.89425	4.08889	34.2754	7.95455	
4.50345	1.02222	41.7283	13.2576	
8.71954	2.24444	27.2609	7.43939	
10.8276	6.93333	38.1268	6.69697	
9.67356	9.62222	26.5326	6.34848	
11.6345	5.42222	44.1884	5.13636	
11.069	10.5778	36.587	11.6515	
8.18391	3.68889	29.558	11.4848	
9.1954	5.53333	39.4891	11.0758	
10.2184	4.8	31.7138	6.87879	
12.2989	8.66667	42.9239	8.5	
8.87356	2.48889	41.7754	5.15152	
10.0966	4.22222	37.4783	9.33333	
11.3149	6.93333	20.3877	4.95455	
9.71264	6.44444	55.058	7.5303	
11.7793	3.86667	30.4601	8.51515	
15.5126	2.86667	29.9275	9.10606	
4.54713	3.42222	20.058	5.59091	
12.9609	7.48889	38.25	5.9697	
11.4322	3.02222	28.9819	8.75758	
17.931	2.15556	62.9601	7.48485	
8.91264	2.35556	25.192	10.9848	
11.869	2.15556	26.4058	8.77273	
16.9563	3.66667	28.3261	11.4091	
7.02989	4.97778	41.7029	5.62121	
6.86207	6.97778	45.2536	7.19697	
6.89885	14.4	30.9384	6.45455	
13.6805	5.84444	30.3732	5.92424	
5.68966	3.88889	28.5254	8.25758	
14.3724	6.77778	40.9783	7.34848	
7.88276	6.04444	27.837	8.42424	
18.8345	8.51111	22.5942	8.78788	
7.31724	1.31111	28.8587	7.12121	
8.92874	8.35556	22.7935	8.5	
9.13103	7.22222	36.3225	8	
12.931	5.48889	28.7971	6.54545	
11.7172	2.26667	32.2645	3.09091	
11.3908	1.13333	47.4384	7.68182	
3.97241	3.4	38.8333	6.92424	
5.23678	8.11111	37.3623	8.42424	
8.91034	1.51111	40.3116	7.57576	
8.45747	3.97778	41.3804	13.2576	
8.18621	2.51111	21.5036	12.9697	
12.5402	3.91111	25.9348	7.16667	
14.9287	2.33333	37.9638	4.77273	
13.1471	4.2	36.2681	10.1818	
9.62069	5.68889	43.1377	12.6515	
8	2.55556	32.8913	8.74242	
9.71034	7	34.8986	9.56061	
16.2322	9.02222	47.2572	11.3939	
8.86667	6.08889	21.2464	5.87879	
8.8023	0.955556	34.8696	9.83333	
14.6782	1.31111	36.1087	11.3182	
9.65747	8.31111	42.279	11.0909	
13.1471	9.55556	55.0145	9.4697	
13.0391	7.55556	48.6232	8.25758	
17.3218	13.4222	33.4601	13.7424	
8.61379	7.66667	31.2971	10.9091	
15.5862	2.48889	39.0145	11.697	
14.3931	3.66667	16.2899	7.5	
6.34023	2.31111	30.8877	7.28788	
20.1586	6.13333	36.6703	8	
7.28046	5.28889	26.6377	7.39394	
14.3126	8.08889	30.7971	7.0303	
9.81839	7.4	30.3986	6.9697	
14.9563	2.73333	33.0217	11.3939	
7.93563	2.04444	32.8188	5.71212	
8.5977	1.86667	40.2101	10.7121	
4.92184	3.17778	31.4058	9.92424	
10.2943	7.28889	29.692	8.27273	
9.09195	22.8	24.337	11.2727	
14.3632	5.71111	36.4275	11.4697	
10.8736	6.55556	36.9457	11.5909	
5.6069	1.51111	23.0072	4.87879	
5.45747	3.55556	37.2572	13.1364	
10.8713	7.22222	41.5942	6.65152	
5.3908	4.55556	35.9384	5.37879	
12.9931	5.57778	27.692	8.43939	
11.1931	13.7111	23.7355	10.8939	
6.06437	9.95556	23.1159	8.98485	
8.16782	2.75556	34.029	8.5	
9.02759	3.88889	22.7572	7.42424	
9.54023	4.31111	23.2609	6.68182	
10.1149	6.73333	27.971	8.48485	
8.38851	5.66667	50.2935	6.98485	
6.35402	7.88889	38.7246	15.2879	
14.9678	11.9333	39.4746	8.27273	
12.7678	2.33333	44.9674	9.37879	
11.377	7.71111	42.8152	10.5606	
8.63678	5.17778	29.0326	5.19697	
15.0092	0.955556	33.3333	14.5152	
13.0621	4.42222	20.1558	10.1667	
8.31494	4.86667	27.2246	11.697	
11.8782	1.37778	36.6377	8.81818	
4.58391	5.13333	25.5435	17.303	
9.50805	10.4889	47.5652	10.4091	
14.8598	9.31111	33.3841	5.39394	
10.6506	5.24444	52.1884	10.303	
8.62069	3.46667	36.2826	5.90909	
7.18621	3.46667	43.7536	4.43939	
13.2828	4.55556	34.337	9.24242	
12.7264	19.8	42.7717	9.19697	
10.2023	6.11111	41.2391	14.8788	
7.53333	2	33.1884	5	
17.3632	4.24444	31.9022	9.57576	
11.9172	8.08889	39.5616	8.78788	
10.8529	4.75556	32.587	8.39394	
13.4	2.55556	54.9928	8.09091	
7.31494	10.2889	25.721	8.33333	
8.61609	4.95556	43.2101	5.9697	
15.0276	8.04444	37.2862	8.89394	
8.6	6.04444	36.9746	10.4091	
10.7494	6.53333	22.2826	11.5909	
20.6759	1.93333	21.1775	11.4242	
8.85287	3.57778	24.6957	10.9697	
8.28046	2.71111	29.8514	6.5303	
7.75862	2.82222	34.9493	10.8788	
17.6828	5.33333	28.5036	8.68182	
11.0506	14	35.9239	7.93939	
9.62069	5.04444	26.7899	7.04545	
9.43218	5.17778	26.7391	9.81818	
5.68276	3.46667	28	12.5606	
9.49885	4.42222	49.1775	8.36364	
14.177	0.933333	25.1884	7.15152	
9.11724	2.26667	41.0725	9.16667	
9.4092	3.6	27.6449	7.65152	
13.9103	1.28889	31.8877	6.75758	
10.931	2.4	34.1014	10.2121	
8.94943	4.91111	28.7971	13.8939	
12.2828	5.31111	37.442	6.78788	
10.7862	3.13333	28.6268	12.4242	
13.5379	3.15556	38.5833	11.303	
9.38391	2.31111	31.029	7.87879	
12.5747	2.73333	36.9746	6.25758	
10.9655	1	27.0906	9.22727	
9.48506	7.97778	34.5072	8.28788	
10.1425	4.46667	37.1957	6.43939	
6.84598	8.53333	41.663	9.42424	
12.2598	3.97778	32.5399	14.5303	
17.6851	3.93333	34.0471	7.81818	
8.13333	1.73333	36.5109	8.72727	
12.2322	4.37778	31.5362	8.4697	
15.2391	4.86667	38.9928	6.21212	
4.9908	2.53333	39.3478	8.18182	
21.4644	7.11111	30.7536	11.8636	
5.65057	6.04444	38.5326	6.5303	
19.3586	3.95556	44.3696	12.5455	
8.3908	2.22222	40.3804	7.45455	
10.1333	7.44444	32.9239	7.43939	
11.3724	1.6	39.3986	5.12121	
4.72644	4	41.0906	10.0606	
7.9977	2.06667	49.3659	8.93939	
8.06207	3.06667	26.0725	9.66667	
4.63678	3.4	27.0833	10.2576	
7.09885	4.02222	36.6848	8.42424	
9.73103	1.11111	25.8768	11.8939	
6.45517	6.22222	41.7065	9.48485	
7.34943	2.53333	46.2283	6.59091	
8.58851	3.4	37.6703	9.74242	
10.8046	3.04444	33.413	12.7424	
10.9494	4.51111	36.0181	5.78788	
8.93103	3.68889	35.3152	7.51515	
5.77701	3.4	24.4855	10.3788	
10.2966	1.22222	31.3696	6.71212	
4.1908	9.2	42.6304	8.0303	
9.36782	7.13333	28.0761	10.0152	
8.03448	6.64444	23.471	8.81818	
8.4023	7.66667	23.2572	6.33333	
9.37241	8.88889	34.942	8.19697	
10.3126	2.2	29.9094	7.22727	
12.4	2.55556	40.663	5.75758	
8.02989	1.64444	32.5942	12.5758	
13.1287	3.22222	46.8406	6.98485	
15.1563	2.8	44.0362	8.15152	
7.05977	3.46667	53.2464	10.4394	
16.2736	5.62222	30.3406	7.9697	
9.49655	4.95556	35.8043	8.87879	
13.8414	2.55556	35.413	7.69697	
14.1862	4.68889	46.7391	5.12121	
6.57931	4.64444	36.9565	5.98485	
8.81839	5.26667	42.5507	10.1667	
14.0805	2.02222	36.8949	7.07576	
7.96092	9.37778	38.0725	7.42424	
10.3126	6.26667	41.0399	6.93939	
14.0115	7	29.9167	10.2273	
10.2345	4.15556	45.2536	9.9697	
10.2782	3.42222	40.3406	4.56061	
12.3931	8.2	44.7754	13.5606	
7.92644	2.68889	34.5507	9.60606	
8.76552	1.51111	34.8768	9.33333	
16.1034	9.06667	37.3261	9.24242	
10.8943	4.62222	37.413	9.39394	
17.8575	9.28889	33.2283	2.95455	
8.31724	5.91111	46.1486	9.15152	
15.0644	5.06667	39.7681	9.36364	
3.70575	1.46667	32.442	5.09091	
9.21839	2.88889	53.3623	9.09091	
11.2115	8.08889	24.7572	7.65152	
