Fs[0]	Fs[1]	Fs[2]	Fs[3]	
-1.33696	1.05597	-3.89825	-5.94052	
-12.0029	0.217667	-2.73064	-1.93048	
-0.908433	-0.684256	-3.75076	-4.18982	
-2.25392	-4.6015	3.00785	-4.47843	
-2.75098	0.281146	-0.0243446	-3.82944	
-1.89469	-0.543873	-2.02949	-4.58184	
-3.11777	1.46028	-3.22626	-2.98612	
-1.30767	0.778086	-0.930754	-3.22116	
-4.84271	-1.46598	-2.4028	-2.97605	
-1.55523	6.85015	-2.48409	-2.69426	
-2.8269	3.27717	-3.44255	-4.48047	
-1.84793	3.90123	-0.746019	-1.89437	
-1.18674	1.61471	-0.926101	-2.83506	
-2.65386	2.68574	0.00840379	-5.72116	
-1.27179	3.41319	-1.12105	-0.395824	
-4.83548	2.56208	-0.383147	-1.60547	
-0.866471	0.145374	0.848076	-3.04763	
-7.10768	1.27782	-0.776621	-2.60143	
-2.19998	-1.55869	-2.8892	-1.02093	
-1.02174	0.762357	-1.38827	-3.2611	
-0.110763	2.66955	-3.68713	-4.49984	
0.193712	2.19414	2.73855	-2.75273	
-1.03702	-0.876332	-7.3315	-1.93473	
-2.32581	1.82754	-0.439744	-3.9906	
0.360651	-0.496767	-2.91424	-2.76352	
-1.19641	-5.49994	-0.561698	-4.93432	
-1.0505	0.491095	0.281826	-2.29859	
0.174024	1.76693	-0.742843	-1.11309	
-1.59095	0.879863	0.377356	-3.21551	
-3.78641	2.27396	-4.16382	-0.549933	
-1.24018	0.126975	-2.02446	-1.14413	
-1.31692	0.169289	-4.01465	-1.85893	
-1.27755	6.0272	2.54373	-2.37811	
-2.15133	-0.1564	2.37208	-6.60922	
1.48888	-0.621982	-1.88335	-5.55285	
-0.418374	-0.295521	-3.49855	-2.10973	
0.048672	4.10556	0.755441	-2.96103	
-10.4488	1.13745	0.29557	-4.81947	
-1.89467	1.02491	1.29721	-4.98744	
-1.03236	-1.44765	-0.659077	-3.12179	
-4.8562	-2.19309	2.35542	-3.9669	
-3.83545	-3.24588	-0.803179	-5.62808	
-1.6182	2.62698	-1.45251	-0.858396	
-4.01756	0.73532	-0.962863	-4.55182	
1.31604	-0.47915	0.862286	-5.90871	
-0.587373	1.94116	-5.23105	-4.01453	
-3.33335	-4.3267	-0.589473	-1.93048	
-4.00554	1.37117	-1.96919	-3.67861	
-1.14579	1.81661	-2.30405	-5.71328	
-0.265239	4.4655	-0.728217	-2.1395	
-1.24022	-0.593814	0.440269	-4.60208	
-3.04874	-0.94431	-3.51776	-4.47191	
2.70514	-1.55553	-1.0466	-0.762535	
-4.07978	0.305279	-1.07036	-3.28083	
-2.1081	1.31612	2.02722	-0.66681	
-5.788	-3.71319	-2.63333	-2.49411	
-2.67509	-0.857727	0.0774086	-6.03801	
-0.150055	0.718665	1.05125	-6.27659	
0.209986	4.39195	-1.65353	-1.01485	
-4.80576	-1.1758	-2.60886	-2.1689	
-0.0383409	5.38907	0.273733	-5.516	
1.78951	1.08792	-2.02697	-4.30701	
-4.20177	1.0223	-5.49079	-2.19175	
-2.69653	-2.30414	-0.479534	-1.26838	
0.452055	0.390084	-0.232451	-0.285356	
1.79948	-2.00892	-4.11211	-0.047121	
-3.26913	-0.100592	-1.4237	-5.16036	
-4.31788	-3.38514	-1.53875	-5.71016	
-7.89654	-3.71319	-1.86375	-2.94117	
-1.80268	1.06392	-3.30493	-5.26473	
-2.24472	-0.0466823	-2.99844	-2.12786	
-3.72673	-3.13719	-0.281733	-3.83669	
-0.694136	-0.251857	-0.477365	-1.60108	
-2.10445	1.60408	-1.9245	-2.47844	
-7.27166	2.72732	2.40025	-2.36536	
-0.430429	-0.645333	-3.80718	-5.61287	
-2.47249	-2.57905	-2.45724	-4.22389	
-1.89886	-0.596215	1.0175	-3.85931	
-2.84193	0.101052	-1.76371	-1.85893	
2.17928	-0.653436	-0.197437	-3.35079	
-0.904884	3.78305	-0.457283	-3.7564	
1.4762	1.01391	1.52026	-4.75458	
-4.48567	-0.517483	-0.320539	-2.24595	
-2.5314	0.251449	-2.30439	-3.03208	
0.718801	-2.09575	0.610677	-1.69547	
-2.10768	0.83799	-0.907914	-4.2498	
-0.412704	-2.39169	-0.138298	-4.38576	
4.0624	-1.25027	-0.490771	-1.85392	
-3.36372	0.768978	-0.916112	-3.06855	
-5.31015	-0.122365	-3.4438	-0.855457	
-5.16939	0.937352	-0.0901524	-6.32882	
-3.76375	-1.54139	-0.524571	-3.13766	
-4.05603	-0.644889	-1.58887	-5.73698	
-3.88088	-0.00874211	-1.34294	-8.51161	
1.74044	-0.998556	-1.62692	-4.3034	
0.938638	1.58007	-2.85601	-3.00294	
-4.34995	-3.84064	-2.82002	-2.33963	
-2.09623	-0.694708	-3.26637	-0.221252	
-2.6543	-1.60447	2.57399	-3.83687	
0.134724	-1.54139	-1.17078	-2.40457	
-3.2327	-1.35787	-5.87061	0.698235	
-6.10895	2.77453	-4.21863	-5.35273	
-1.98235	-0.230334	1.89759	-2.8589	
-1.29199	1.56365	-0.213351	-3.45373	
-3.12959	0.0210278	-1.25272	-3.9617	
-2.45463	0.270586	0.305003	-4.32148	
0.492731	3.0173	-1.62904	-2.10456	
-7.09909	0.281146	-0.0669104	-3.49822	
-0.985547	3.09964	-1.60504	-2.31809	
-1.26092	0.0136386	-2.83848	-5.11601	
-2.56377	-0.57702	-2.36261	-4.34883	
-11.6145	0.894319	-3.59048	-3.73492	
-0.754855	0.501163	-2.04677	-4.63277	
-1.62144	2.41341	-1.75661	-3.03208	
2.57713	-1.02304	-0.422316	-3.05284	
-7.98361	-1.0856	-0.902958	-3.34927	
-5.70469	0.822851	-2.37426	-4.36723	
-3.11519	-0.728588	-2.47426	-1.88927	
0.68155	2.25413	1.5851	-1.89437	
-1.57358	-0.906761	1.23499	-2.39667	
-4.80445	0.87495	-1.99781	-5.00541	
-6.64106	-0.705134	-1.36625	-2.03197	
-5.09375	1.19353	-1.78125	-5.60816	
0.758458	2.92239	1.20977	-3.55018	
1.02229	0.805318	0.392748	-3.00133	
3.68446	-2.36208	-1.62759	-1.95668	
1.11799	-0.477164	-1.83327	-2.14925	
-3.38787	-1.31455	-1.28473	-3.47904	
-4.12201	-0.553583	-0.226603	0.433786	
-0.9953	2.50579	-3.2024	-1.51116	
-6.48259	-0.564373	-0.626194	-0.882669	
2.57214	2.49062	-1.0683	-5.95117	
-1.78517	-0.627661	0.178468	-7.57963	
1.56532	1.97781	-2.22923	-3.9906	
-1.67824	-0.705134	-0.999437	-0.703317	
-2.77308	-0.0466823	-3.62023	-3.01665	
0.259206	-4.54314	1.25417	-4.81947	
-2.2115	2.90134	-0.470117	-2.41166	
-1.27788	1.16381	1.10714	-0.867241	
-1.48343	1.60319	-0.396613	-0.833762	
-6.52835	-3.36005	-1.21181	-2.64189	
-1.25696	1.22509	1.41755	-2.74376	
-0.372271	-1.42499	-1.55252	-3.52405	
-5.08779	-1.96882	-1.72211	-2.6493	
-1.26344	0.423273	-1.94951	-3.20427	
-3.02463	-1.23066	-2.13658	-1.94493	
-1.32987	2.5714	-4.72635	-4.51728	
-1.27241	2.47527	-1.84123	-2.16813	
-6.11652	-1.42499	-2.40034	-2.63499	
-0.514069	-3.15833	-0.481009	-6.32473	
-1.65758	0.570599	0.574113	-7.09014	
-2.05149	-0.745735	0.125452	-0.877725	
-0.806898	1.34089	0.476366	-4.12944	
1.89958	1.92403	-1.68846	-3.34927	
-8.57316	3.55245	-3.1863	-4.73269	
0.828844	-0.798037	-0.721031	-5.30498	
-1.28725	-3.74054	-1.13454	-2.57665	
-2.6462	2.35247	-2.97778	-2.65626	
-2.20631	0.28799	-3.96299	-2.26703	
-2.85483	-1.12233	-4.94924	-2.6821	
-0.530347	-0.146182	0.143352	-6.27659	
-4.43794	-2.56262	-1.70034	-2.94272	
-1.67404	0.0996492	-2.49273	-1.67712	
1.09026	-2.26755	0.521195	-4.42323	
0.156816	1.36364	-0.823331	-3.72071	
-0.208803	-0.0711797	-4.62622	-0.198773	
-8.38919	-0.596215	-1.62028	-2.44199	
-1.97701	-1.67067	-1.86001	-1.54066	
-0.0836513	2.85489	4.47916	-0.618392	
0.979562	-0.214784	3.83474	-4.66006	
-1.02264	0.750084	-7.08869	-0.948062	
-1.19609	-1.14825	-1.2364	-2.13321	
-1.18047	0.388248	-1.41616	-3.20988	
-4.18271	-2.21823	2.22209	-4.96369	
-2.58501	-0.582997	-0.128382	-4.79252	
0.573468	-1.07085	-3.53682	0.591415	
-4.38792	-0.65694	1.60998	-3.3734	
-1.73777	0.423273	-5.94642	-3.85931	
-0.898001	1.12127	-1.07569	-1.27206	
-0.787496	-0.201349	0.207581	-2.0884	
-1.69466	-0.213441	-3.30569	-1.0277	
-2.94783	-2.60454	-1.53508	-2.5603	
-5.5635	1.35813	0.96788	-4.09605	
0.211246	1.43905	-3.17538	-5.55285	
-0.125997	-0.434617	-1.04333	-1.49451	
-1.97707	-2.19978	-0.752972	-2.12786	
-7.23989	-1.11119	-2.88006	-7.89086	
-6.54417	-3.97761	-0.774291	-5.28477	
0.379868	1.29118	0.717816	-1.21549	
-0.484337	1.51078	-1.22872	-6.69549	
-5.91019	-2.24471	0.321821	-0.964326	
-1.71999	-2.72754	2.34704	-3.56998	
-0.132747	-0.504029	-2.57116	-5.95648	
-2.97531	-0.0711797	-1.48098	-2.97103	
-3.16032	-2.19978	1.30728	-1.65576	
0.290119	-0.187878	-5.37389	-3.81465	
-4.28995	-1.20348	-0.450573	-2.10973	
-1.82249	1.0055	-4.25962	-1.62757	
-0.09641	-1.27216	3.63183	-3.67167	
-5.59337	0.815947	-4.45078	-2.28099	
-0.0061658	1.8226	0.0444869	-3.58328	
-1.84592	1.80232	-1.28995	-1.16833	
-1.9611	0.313751	-1.50024	-5.23824	
-2.15313	0.713335	-0.777639	-7.84474	
-0.781839	3.47501	-0.167259	-5.39437	
-2.59277	1.23721	0.759669	-0.107301	
-6.16063	-2.45982	-1.71441	-3.11007	
0.517026	-0.938654	-5.09857	-1.95668	
-8.26876	-0.543873	-1.94708	-3.97478	
-1.20621	0.8232	-2.7739	-4.23249	
2.48645	7.51558	-1.01989	-2.80297	
-5.21449	-0.323645	-2.07145	-0.707289	
-1.94483	-0.368142	2.01907	-2.51208	
-6.72403	0.306787	1.94049	-2.3589	
-0.995384	1.19657	-2.09036	-3.03808	
-4.3651	2.67283	-0.944503	0.476921	
1.58664	2.14202	0.769953	-1.13556	
-1.92205	2.17157	0.215276	-3.58328	
-5.83451	3.49347	-1.78651	-4.33056	
-6.2885	-1.46598	-0.00507829	-2.96103	
-3.23648	-2.09575	-2.42172	-3.82944	
0.689959	3.32493	-2.76783	-4.17181	
-3.4697	0.971617	-1.68631	-3.34927	
0.68642	-0.705048	-2.46916	-6.11844	
-5.85016	-1.02304	-2.89269	-3.90483	
-4.02138	-0.661365	-2.49582	-1.72332	
-0.647077	0.491095	-0.18262	-0.360887	
-3.9005	-0.694668	-1.12862	-1.08008	
-3.98487	-2.48322	-5.86497	-1.728	
-2.36162	1.71332	-2.52989	-5.27139	
0.180647	-0.801879	-1.9945	-6.40338	
-0.708983	1.95665	-1.36967	-1.10203	
0.0750607	-1.48324	-2.54586	-4.80911	
-6.02499	0.990922	0.210307	-0.31903	
-1.72024	-0.632991	0.227458	-3.44388	
-2.32271	-0.385452	1.78095	-5.42957	
-1.51048	1.52347	-0.446427	-1.00527	
0.634633	-1.39262	-4.23115	-5.93411	
-6.69101	-1.39262	-0.879389	-0.596754	
-2.3026	1.14552	1.20366	-1.89949	
-1.68233	-0.283187	-0.130427	-3.79995	
-2.95547	0.948883	-2.02907	-1.77066	
-2.95402	5.49785	-1.22686	-4.01453	
1.83109	0.829618	-0.54201	-1.37026	
-1.02401	-1.7795	-3.64482	-1.88637	
-8.7919	0.867626	-1.41262	-5.02375	
-2.45634	-0.105213	1.08111	-2.8841	
-0.370586	-3.46248	-2.53954	-1.94092	
-8.3311	-2.53057	1.67925	0.0286276	
-3.92428	-0.251857	-0.965518	-0.97897	
0.213374	1.46234	-2.52801	-1.85392	
-1.34719	0.480989	1.69816	-3.43493	
-1.36855	-3.15851	-0.875539	-4.26763	
-5.2088	1.35322	-0.349927	-4.99941	
1.49498	0.65735	0.0640068	-1.9779	
-4.45211	2.63618	-3.73958	-6.5046	
-3.87359	2.36219	-2.02373	-1.69384	
-3.51888	0.893957	-1.66439	-4.73329	
1.03422	1.56772	-1.92557	-2.78444	
-5.31015	2.83409	-1.60119	-3.34328	
-2.41609	-1.1634	-0.308186	-3.20988	
-0.41774	0.0722853	0.760197	-3.02692	
-4.45019	-0.325257	-2.02967	-1.99397	
-0.628186	1.15082	-2.31797	-3.3734	
-2.34503	-2.17768	-3.05633	-5.50869	
-5.41746	2.48688	-1.48653	-4.49014	
-0.125405	5.71459	-0.264362	-0.16296	
-2.03744	4.17966	-0.785789	-3.88196	
-3.05832	0.4167	-1.02787	-6.37365	
0.441983	1.17603	-1.99533	-2.58359	
-4.07206	-1.0856	-0.517055	-6.04684	
-1.77319	-2.41008	-4.72691	-3.3018	
0.0608893	0.324527	-1.70685	-3.99754	
0.957146	-0.593814	-1.63283	-2.69515	
-5.1892	0.390095	-3.84233	-3.02044	
-2.35232	-0.166937	0.843123	-2.49216	
-2.58007	-0.171117	0.479113	-4.66909	
-1.64063	0.570599	0.0161269	-2.28291	
-1.42692	-0.214784	-3.43217	-6.10378	
-3.02392	-1.34333	-4.29849	-5.5373	
-3.19824	0.235427	-0.028829	-1.03093	
-1.40209	-3.4235	-4.32182	0.0756995	
-2.92342	0.935184	0.76312	-1.49866	
-3.89908	8.08383	0.145172	-3.31948	
0.548659	-1.22838	-1.34797	-0.983111	
1.75616	0.259172	0.204614	-2.40041	
-1.03765	-0.815009	-0.203326	-2.87318	
-2.44437	0.768978	-2.4785	-1.53642	
-2.49003	6.14666	-1.90542	-2.59079	
-2.43189	2.22538	-0.845659	-0.725082	
-0.585159	-1.50808	0.394814	-6.22308	
-3.62707	3.57805	-7.55618	-6.4334	
-1.94129	-0.496003	-1.11576	-6.13662	
-0.79391	-1.4105	-3.16164	-3.19308	
-3.604	-1.13712	-3.72414	-2.93624	
-3.78899	-0.759769	-3.11882	-5.5014	
-0.718811	0.439122	-1.16185	-6.73951	
-1.47101	-0.0335176	-2.45482	-2.84316	
-5.1035	-0.82403	-0.408612	-0.605382	
-3.45094	-0.0620189	0.684713	-5.11951	
-4.94572	2.27152	-2.08261	-3.22116	
-10.7966	-0.869882	-5.67414	-3.55018	
-3.21777	-0.0767804	-2.20185	-4.28042	
-4.61042	0.818008	-3.75631	-4.32148	
-2.16458	2.20787	0.182858	-2.60977	
-3.25832	-0.263587	-0.323602	-3.7636	
-1.07591	1.34094	1.0607	-0.848127	
0.309742	1.20933	-1.49241	-2.47282	
-1.48705	-2.43481	-2.2602	-3.35528	
-1.71999	-1.41717	-2.96773	-1.51535	
-0.36366	0.477271	-2.84942	-3.86684	
0.652685	-0.303119	0.655778	-3.46003	
-0.549334	-0.27178	0.907847	-1.82033	
-5.40041	0.912362	-3.52089	-3.82203	
-1.95167	0.997065	-1.0583	-4.26287	
-3.01766	-0.50321	0.903284	-5.14395	
-2.2516	0.0519969	-1.33472	0.272495	
-3.47409	-0.214784	-2.72792	-1.834	
-1.24621	-0.694708	-2.12186	-6.08242	
-2.6184	1.1137	0.668666	-6.63057	
-0.230607	0.279264	-0.740603	-2.11026	
-0.669138	0.74148	0.416573	-2.0572	
-0.19079	-1.50712	-1.55683	-0.296522	
0.344945	-2.41008	-2.05865	0.144601	
-0.260176	-3.62503	1.87259	-0.35708	
-1.90731	0.876432	-0.827437	-2.23996	
-0.765299	2.4774	-0.924102	-4.1688	
-2.83732	-1.70851	-3.70059	-4.27602	
-6.40593	0.226124	-0.316181	-4.46125	
-0.485988	-1.21703	-1.98625	-3.65784	
-2.90474	-1.16394	-0.532337	-0.933435	
3.28057	-0.552137	-1.30814	-1.65444	
-2.39161	0.19207	0.0978072	-4.64976	
-1.5807	1.37117	-5.77367	-3.4287	
0.712039	-2.69679	-0.899185	-5.42957	
-0.0829349	0.477271	-2.26907	-1.49038	
-0.504434	1.39203	-7.38347	-2.98108	
0.411367	0.119839	-4.13412	-2.57641	
1.12745	2.17471	-0.442938	-2.32055	
-0.196645	-1.33709	-1.19887	-1.88734	
-0.456738	-0.125609	-1.88291	-4.49292	
-0.252135	-0.166937	-0.968826	-1.75634	
2.24667	-1.00195	0.529354	-2.6867	
-1.42393	1.45174	-0.538076	-3.94344	
-2.81465	-0.686928	0.336428	-3.00294	
-0.515823	1.07182	-2.12296	-4.20623	
-2.90221	0.690592	-0.558424	-3.72071	
-0.72812	-1.46284	-1.16853	-3.94659	
-1.43678	-1.44308	-2.48553	-5.57962	
-2.83427	3.72326	-1.88928	-2.81204	
-3.68722	2.33296	-3.42333	-4.47362	
-3.99855	-2.45224	-0.853738	-2.90069	
-7.39388	-0.471592	0.0228546	1.0636	
-2.60643	2.86131	0.210577	-1.21768	
-3.3696	3.8854	-1.3644	-5.02351	
0.136289	0.00354848	0.374005	-1.49451	
-1.13776	-0.876332	-1.58943	-1.728	
-1.05282	-0.325257	-1.66485	0.326722	
-0.81527	0.108362	-3.11015	-4.78012	
-4.6743	0.619131	-1.82555	-4.02328	
-10.8207	-0.502077	-3.31797	-0.364772	
3.86337	-0.815767	-2.94647	-3.55018	
-0.660535	-1.96374	0.263341	-3.02044	
-3.64269	-2.92289	1.45423	-2.47844	
-5.23684	0.470845	0.00861122	-1.04389	
-5.00758	4.31068	0.05145	-2.7171	
0.287364	1.82754	-3.60548	-3.72305	
0.429477	-1.77476	-5.43539	-6.07349	
0.332221	-0.412562	-0.783007	0.442468	
-4.05886	5.69711	-3.75871	-4.33056	
-2.72658	0.893957	1.18796	-7.20296	
-0.679425	1.99886	-1.5468	-3.095	
-5.93566	-1.67067	0.985554	-1.65896	
1.12237	-1.43006	-3.17974	-1.68169	
-3.76143	-2.1008	-2.45189	-2.22086	
-3.875	-1.24939	-1.93056	-2.15251	
0.225018	1.48469	-4.18478	-3.02178	
0.152832	0.17139	-2.00818	-1.49681	
1.83315	2.17397	-5.66407	-2.93624	
-2.02103	1.77585	-4.39566	-3.59666	
-2.24458	-0.532999	-1.91416	-6.10038	
0.50418	1.90332	-0.433787	-3.61884	
-0.949995	3.2098	0.633244	-3.15988	
-6.76931	0.212564	-4.0062	-1.44947	
-2.58278	2.59691	-1.81296	0.323894	
-1.43852	-2.07522	-2.88805	-0.897574	
-3.00557	1.22509	-2.49259	-0.372492	
-5.19397	1.13745	-1.1816	-3.9669	
0.51324	2.98298	-1.72918	-2.00475	
-2.7272	-3.27093	-1.57998	-3.08438	
-1.24792	-0.779971	-0.840143	0.573638	
-0.641573	-0.397202	-0.583571	-5.7689	
-4.74843	-0.0649397	-0.717986	-5.2822	
0.87001	-1.24939	-2.20366	-3.58328	
0.947608	1.07152	-0.36941	-2.92581	
-1.40275	-5.89762	-0.732573	-3.65096	
-7.65609	2.36654	-0.441776	-1.93048	
0.888814	2.42972	-0.541102	-2.91741	
-1.96575	-0.915193	-2.74921	-2.32055	
-2.07473	0.560788	0.39009	-1.55809	
-2.32259	-0.92545	0.573234	-5.27139	
-3.36353	-0.644889	0.350236	-6.65206	
-0.717691	-0.72949	-3.34593	-2.44581	
-1.89238	2.5212	0.437533	-3.0633	
-3.53272	-2.8446	-0.0472899	-3.7636	
-1.91076	-0.564373	-0.25198	-4.95779	
-0.280119	4.03444	-0.179019	-2.57641	
0.373204	3.64162	-3.7117	-6.37365	
-0.0989051	0.876432	-0.0738279	-2.81095	
-5.56066	3.1441	-1.22661	-3.16537	
-6.46415	0.239605	-0.865667	-2.87796	
-5.10619	0.199785	-2.91048	-3.33731	
-0.834319	2.16549	-4.19813	-4.61909	
-1.31762	-3.26826	0.141453	-3.61884	
-2.45048	0.690592	-1.82288	-4.18896	
-2.97112	1.83743	-2.66692	-3.51756	
-0.455661	-1.55748	-1.76748	-4.16045	
-4.08287	0.129452	-2.5841	0.451122	
1.25495	0.570599	-0.807999	-2.08194	
0.372096	-0.580235	-2.58142	-0.039954	
-0.406772	-0.368142	-2.7755	-3.1326	
-6.1128	-2.17768	0.256618	-2.77988	
-1.89152	0.0759838	0.613103	-1.1523	
-1.718	-0.971216	-3.48286	-2.61395	
-4.21392	-0.367709	-1.30889	-3.14694	
-0.481521	1.90332	-4.77239	-3.20427	
2.31045	-0.94431	0.269649	-3.10567	
0.384187	-1.50712	-5.13295	-1.92528	
1.86341	7.86814	-2.01026	-0.450813	
-0.910837	-1.98461	-4.42819	-1.9701	
-1.6203	-0.00131015	0.673021	-2.88275	
-2.34095	-2.32694	-3.04528	-3.25148	
-2.00022	1.15889	-1.31205	-3.31357	
-3.41239	0.806707	-2.08562	-4.59884	
-1.3133	3.11057	0.656187	-2.51291	
-3.91047	0.194901	-1.01208	-1.75158	
-1.9983	-1.29478	-0.216789	-4.28545	
-0.234982	-1.95329	-2.00486	-1.26472	
-1.03357	3.0514	-2.83231	-6.27659	
-0.864777	0.705575	0.705618	-6.2292	
-5.92935	-1.95214	-3.14006	-2.61814	
-0.955419	1.48949	0.22414	-2.14599	
-0.328118	1.35689	-3.645	-2.32352	
-2.03094	0.750676	2.42913	-3.01153	
-2.23103	-0.661365	-0.90298	-5.70543	
-0.827373	0.292061	-0.610548	-3.12179	
-3.24224	0.588666	0.718757	-0.776583	
0.625985	0.560788	-2.8948	-4.15477	
0.396082	-0.125609	-2.43791	-2.98612	
-4.2097	0.529948	0.186337	-2.46481	
-1.76343	0.292061	-2.63419	-2.49235	
-1.83328	-1.38682	-0.880131	-1.30498	
-0.705323	1.65904	-0.66801	0.0826502	
-3.97165	0.705575	-2.00361	-1.62841	
1.07802	0.723	-3.0926	-5.1286	
-2.76339	0.74148	-5.70008	-5.21855	
-3.32657	0.270586	-2.73617	-3.77807	
-0.914244	-1.50808	-2.42489	-1.67712	
-3.32097	-4.35878	-2.0895	-3.5111	
-2.4206	2.09258	-3.33016	-4.44498	
-0.69605	-0.471592	-2.31635	-2.20966	
-2.98663	0.713715	-3.19669	-3.97133	
0.382177	3.7436	-1.84746	-0.872793	
-5.50882	0.849936	0.644735	-3.07379	
-1.3911	-2.28651	-1.31746	-4.1463	
-0.590567	0.339524	-2.99491	-2.09155	
-2.75112	-1.38932	-1.54076	-5.44378	
1.53321	-1.92951	0.369632	-2.01017	
-2.51294	1.29118	-0.520301	-5.08322	
-4.17996	-4.03212	-0.21461	-1.29055	
-1.66642	0.0400417	-2.02402	-2.6493	
-1.16909	0.390084	-3.1456	-2.81204	
-1.04414	-0.269339	-2.38429	-1.36252	
0.345339	-1.92244	-2.67859	-2.05958	
0.899076	0.656342	-2.56065	-2.89238	
-9.48863	0.611766	-0.569431	-5.53805	
-1.40611	1.61471	-1.63074	-5.24385	
1.39974	1.16381	-1.86414	-1.51535	
-3.35265	-0.50321	-4.8944	-1.21549	
-0.712889	-2.26755	-3.32965	-1.50699	
-7.85236	0.911395	-4.0588	-4.72271	
-3.36372	1.02981	-1.14903	0.230577	
-2.53312	-2.00043	-2.90411	-1.59294	
-3.0593	-1.06126	-5.3061	-1.78446	
-2.5906	-0.0838703	-0.472128	-1.64277	
-4.60012	6.04224	1.0312	-6.61988	
-6.88193	1.25345	1.73205	-2.81204	
-3.9175	-4.13604	-1.18601	-2.05403	
-1.94288	-1.98461	1.22099	-4.06312	
-1.36431	0.169289	-0.793005	-0.909089	
-7.83461	7.25003	-0.771692	-3.36095	
-3.12524	-0.527536	-1.71795	-0.226769	
-3.79132	-1.89204	0.102326	-5.725	
-0.343106	11.2803	-1.27037	-2.48529	
-3.50682	0.259172	-1.38547	-3.34328	
0.239689	0.511193	2.28176	-1.17879	
-0.371989	-1.67523	-0.729878	-6.57747	
0.239506	-1.43227	-2.08785	-3.18196	
-1.22673	1.95473	1.27036	-2.60977	
-2.68795	-2.8446	0.0580657	-2.03197	
-3.90882	-2.0127	-1.56751	-2.07633	
-2.2516	-4.3267	-0.358726	0.985404	
3.53581	0.0400417	-2.65514	-2.16233	
-9.19898	3.72959	-2.96447	-0.853184	
-4.5845	-1.76151	-2.44445	-0.524831	
-2.56478	0.0722853	-4.95467	-4.8766	
-7.38271	1.73531	0.941994	-4.34883	
-4.25002	2.50579	-1.5834	-3.71364	
-1.15836	2.14355	-1.68094	-3.2611	
-0.769602	1.41423	-1.53274	-0.549933	
-0.41408	0.480989	-2.10158	-1.47679	
-0.520653	-0.230024	1.90505	-5.10348	
0.215271	-2.97217	-1.13175	-1.17181	
-1.71279	1.33334	-2.38664	-5.29149	
-6.11367	1.24175	1.08573	-3.27265	
-1.29171	0.185198	-2.07308	-0.31903	
-1.00986	0.0722853	-0.193454	-0.541532	
-2.9492	3.22334	-1.50299	-1.06378	
-5.89676	3.14169	-1.70526	-4.31147	
-1.8052	0.629889	0.676541	-4.66386	
-3.80636	0.0400417	-0.63798	-4.35801	
0.123039	0.108441	-1.98173	-3.65309	
0.757324	2.15371	-0.607235	-2.16227	
-1.35132	-2.12673	-0.0115602	-4.44217	
-4.06984	-3.11607	-0.772952	-2.12744	
-4.41664	2.22589	-0.342232	-3.97969	
-2.95506	-2.13417	-1.9074	-3.05284	
-2.517	2.15371	-4.68117	-1.85893	
-0.159651	-3.46248	-4.18423	-1.78993	
-6.02237	2.79904	0.6379	-2.54089	
-3.57218	2.54339	-1.82785	-2.92641	
-4.24572	1.26607	2.74711	-3.69957	
-7.86205	1.29118	-5.02002	-1.95796	
0.558656	1.27759	-2.78917	-6.55648	
-5.48537	-1.86209	-4.41422	-4.03871	
-4.73928	0.599821	-2.45274	-1.16485	
-0.357329	4.31749	-0.400035	-1.8192	
-4.77755	0.469779	-2.2122	-0.0103034	
0.19166	2.00905	-3.16112	-5.08322	
0.836272	0.409143	0.775254	-1.83922	
-0.742943	-0.903566	-0.0295106	-1.05837	
-7.39495	-2.43481	-2.05186	-1.39863	
-3.30538	0.851486	-2.29255	-7.29009	
-1.67591	0.398716	-3.08527	-3.94021	
-2.44121	1.22807	-0.540799	-2.68644	
-6.38322	0.0157754	-0.760132	-3.97311	
-0.199319	-4.50734	-0.642577	-1.85392	
-3.82811	-1.07293	0.396237	-2.1217	
-5.73057	-2.32694	-3.0986	-1.97257	
1.6496	-0.876332	0.307129	-3.83687	
-0.716485	2.75435	-3.16451	-1.11687	
-0.464187	-0.587502	-3.6598	-5.91715	
-2.23783	-1.64458	1.02405	-4.16327	
-0.517295	0.876432	-2.37475	-1.54066	
-3.04816	-0.0649397	-2.36893	-1.96168	
-1.05282	3.56526	-1.57967	-5.76088	
-3.00522	-0.108414	-1.47777	-2.03005	
-4.83331	-0.735652	-1.49569	-3.60753	
-1.60802	-0.332367	-1.22921	-3.10095	
-0.423604	0.239605	-0.715139	-3.29594	
2.42579	3.85323	-0.324337	-5.7851	
-1.577	0.907989	-1.4445	-4.69538	
-4.81534	2.18976	0.405125	-0.600727	
-6.27604	3.07703	1.82024	-1.36065	
3.74491	0.634654	-2.37769	-3.59627	
-2.37005	0.829618	-2.95426	-1.19637	
-2.70068	-1.21512	-1.09988	-0.741575	
-4.20114	-1.14825	-2.39774	-3.81465	
-2.9592	-0.663593	-3.22085	-2.81204	
-0.536739	-0.161516	-1.16327	-0.631485	
-3.00226	-0.353754	-1.89631	-2.17401	
-0.254581	0.851486	-1.15167	-2.94612	
-0.136126	1.10226	-2.0243	-3.85931	
-4.25112	1.94116	-4.1377	-7.00494	
-0.442662	-0.92405	-1.50161	-3.14347	
-0.270931	-0.295521	-1.49196	-2.10104	
-2.63695	-0.238365	-0.660032	-1.91466	
-2.67085	-1.34027	-1.00262	-1.82033	
-4.54326	-1.33709	-0.590054	-4.77606	
-5.2611	0.713715	0.292865	-1.82905	
-1.82695	0.789291	-0.34067	-1.48142	
-2.19433	-0.283187	-2.19144	-3.84416	
-2.50004	0.858794	-1.70331	-2.97693	
-4.3651	-0.548629	-0.623415	-7.10249	
0.52434	-1.02153	-1.71011	-3.59666	
-0.946796	0.787165	-2.4736	-4.36723	
-1.91589	-0.372771	-0.267187	-3.13803	
-4.7919	-1.32889	-0.47688	-6.33445	
-0.75961	3.18572	-2.48692	-1.1354	
-0.85289	-0.95049	-1.77903	-4.78684	
-2.0428	1.29508	-1.7332	-3.56336	
0.781029	1.37475	0.658092	0.417717	
-3.64476	-1.61059	-2.16085	-1.99935	
1.26027	-0.412562	0.571839	-2.83533	
-4.9503	-0.00576845	-0.0662197	-3.59627	
2.5836	1.64905	0.676129	-0.627111	
-1.25173	1.26607	-1.46052	-3.70659	
-3.74201	0.977245	-8.33114	-1.23924	
-1.59886	3.10216	-4.94083	-1.75634	
0.40648	7.83318	-1.35001	-0.909089	
-3.78373	-0.273585	0.109799	-4.80855	
-4.87618	-0.339314	0.93108	-6.85228	
-0.0990172	2.62698	-2.46661	-6.70644	
-1.84756	-0.295521	-3.04735	-2.6867	
0.717728	1.01391	-0.450504	-6.46371	
-1.76103	1.96724	7.05202	-3.73586	
-4.29876	2.14202	-2.24028	-4.24113	
-0.953268	2.21422	2.37009	-3.82944	
0.822051	1.47492	-0.614918	-1.30781	
-5.80735	0.665554	-3.84469	-0.266876	
-3.30712	-0.0966308	-1.59539	-0.558367	
-1.24539	-0.486562	-0.258702	-3.90483	
-1.6022	2.61776	1.96181	-1.49038	
-3.60455	-0.33946	-3.6546	-3.20337	
-5.57963	1.50986	1.40652	-3.64315	
-3.65078	-0.517483	1.42675	-3.63726	
-1.85295	-0.592898	-3.14157	-3.80729	
-3.52033	-1.60655	-1.49269	-3.06481	
-2.30336	-2.28991	-2.70217	-3.02692	
-0.284785	-0.209009	-1.58984	-2.02104	
-3.62818	-1.16394	-0.892031	-5.682	
2.09695	1.37908	-1.29081	-5.7851	
-4.25339	-1.96882	1.44026	-0.80334	
-2.37984	-1.36341	-5.09289	-5.54544	
1.73815	1.49675	-3.44674	-2.92641	
1.87095	0.980123	0.427104	-5.00541	
-0.202291	-0.812924	1.27922	-7.28031	
-4.48861	-1.08351	-3.59194	-1.50353	
-5.73358	1.65904	-0.318664	-5.10973	
-6.53011	0.356585	-2.53272	-0.872793	
-3.26443	1.2575	-1.1844	-2.49628	
-5.64722	-0.353754	-0.275756	-3.21551	
-1.45976	0.235427	0.412421	-1.37414	
-2.04588	1.18966	0.0954988	-4.6912	
0.26475	-0.347779	-0.323197	-2.64772	
-2.34873	-1.0856	-0.261395	-1.89481	
0.124287	-0.0649397	-0.214408	-1.16833	
-5.87313	-0.458498	0.190759	-4.96369	
1.16893	-0.496003	-1.79783	-5.61287	
0.0886017	6.77272	-0.786436	-2.93624	
-1.45245	0.420537	-1.41262	-2.81896	
-0.882872	-2.01642	3.70266	-2.90204	
-3.61936	-0.612316	0.0662824	-1.20967	
-2.09887	-2.87486	-6.92473	-2.66914	
-0.0995423	-1.46284	0.621714	-2.48451	
0.256831	-0.990079	0.565411	-2.64189	
-2.26606	1.03067	-3.32153	-5.45807	
-2.15982	-1.20673	-2.34274	-3.40395	
-0.452349	-0.263587	-3.95965	-1.35097	
-3.651	-1.11119	0.171126	-2.72091	
-1.80532	-0.990079	-0.538076	-2.49235	
-4.97322	-0.963344	-2.87545	-1.88418	
-1.56998	0.0400417	-3.00552	-2.94612	
-1.04567	1.47428	-1.7539	-3.1326	
-4.08737	-1.8531	-0.37038	-3.59666	
-10.4048	0.237005	-3.961	0.588949	
-0.737392	-4.73765	0.334102	-5.90029	
-4.32288	-2.29064	-2.53887	-7.79919	
-0.451592	-4.2977	-2.19506	0.0354378	
0.590567	-1.12411	-2.61916	-2.11597	
1.49351	0.808434	2.33896	-3.68557	
-0.617363	0.867626	-6.00102	-1.86395	
-2.16803	-2.75623	-0.797159	-2.69426	
-3.36466	1.17758	-1.96576	-4.7597	
-0.599327	-1.7169	-1.71156	-3.41629	
-1.60207	-0.645333	-2.96447	-4.8314	
-3.41026	-4.03212	-0.394334	-4.92266	
-0.951262	1.36364	-2.03419	-3.75877	
-5.75162	-0.505487	-1.95518	-3.41011	
-1.83756	-2.06255	-2.62406	-6.3442	
0.473073	1.9338	-4.49539	-1.60706	
-1.65688	0.849936	-1.62627	-3.00642	
-3.72037	-2.40675	-0.128742	-4.08778	
1.13759	1.88187	0.506416	1.28157	
-2.39392	1.58007	-2.08495	-2.47265	
-3.6639	1.37117	0.367626	-0.45531	
-1.38102	-0.15299	-0.296962	-3.18441	
-3.63643	2.44885	-1.98008	-1.81429	
-1.8249	1.09835	-0.19046	-1.35097	
-3.58513	0.406729	-3.31449	-5.1223	
-0.863528	1.63764	-1.95288	-1.26838	
-2.5865	2.28748	0.543037	-6.8985	
-4.99561	-0.27178	-1.26772	-2.57255	
-1.2623	0.299793	-0.911134	-6.20577	
-2.39309	-0.71158	-0.89909	-0.255863	
-11.5204	-0.0649397	-0.194654	-3.7564	
0.695685	-2.40666	-3.01974	-3.4287	
-2.10528	1.94604	-2.02781	-1.50353	
0.46707	-0.694668	-4.39566	-3.9906	
-2.596	5.2853	-3.17338	-2.2767	
-0.479162	-2.73165	-1.64511	-4.80911	
2.71104	-0.694708	-4.852	-5.67423	
-4.86656	-1.36302	-1.35794	-2.15577	
-4.63938	-0.580235	4.54485	-0.205203	
-1.79725	-0.869882	-2.81675	-2.42445	
0.108774	-0.431806	4.59584	-6.77293	
-2.8656	-1.86209	0.20905	0.289692	
-0.381308	4.65993	0.499526	-4.80357	
-6.295	-1.89575	-2.8249	-0.326585	
-2.74801	5.18519	-1.86726	-1.84892	
3.504	0.893957	-2.49633	-6.04684	
-3.04304	-2.96109	-2.90835	-5.59021	
-2.46026	-1.55869	-1.09372	-5.03564	
-0.826223	-0.306309	-2.30071	-3.20988	
-0.703981	-2.3376	-3.49567	-2.54868	
-3.18316	0.520512	-2.08347	0.970978	
0.562157	0.504539	-2.51203	-0.693707	
-0.593065	-3.43138	-3.32509	-4.49984	
-1.07087	-0.62854	-3.17255	-3.1656	
-1.69606	-1.08351	-4.09596	-3.4287	
-1.10125	0.312369	-1.38235	-4.59884	
1.41457	-0.679525	-0.4052	-3.18751	
-0.980428	-0.475692	0.46834	-2.52802	
-5.50982	4.67078	-1.14588	-3.31948	
-4.0612	-0.174716	1.65675	-5.54544	
-3.67483	0.205753	-0.444682	-3.81465	
-6.25456	-0.0711797	-4.5236	-5.56545	
-0.513314	0.713715	-2.31667	-4.77604	
-1.49904	-1.22838	-1.78842	-1.38193	
-0.194702	-3.58895	0.0484679	-4.7113	
-2.57847	2.16385	-2.25652	-5.76088	
-4.61049	3.2098	0.596316	-2.58076	
-5.06908	0.0795119	-3.47058	-5.45092	
-1.71142	-0.525921	-5.33605	-6.55648	
-2.16383	-2.28651	-5.52261	-2.14413	
0.558998	-0.132413	0.0141731	-0.917619	
2.47848	-1.03539	-0.635317	-3.13803	
-5.99611	1.05597	0.949597	-5.08322	
-2.06431	0.377737	-1.03867	-0.927318	
1.02085	-0.455351	-0.812418	-3.58328	
-4.01682	-2.43481	-0.214673	-5.05396	
-0.100326	-1.10177	0.157388	-0.558367	
-0.953692	2.93265	2.12511	-3.74681	
-1.42519	-2.26176	-3.17249	-3.01153	
0.145231	-0.161516	-3.5686	1.21032	
-2.18784	1.504	-0.709939	-2.41117	
-1.91397	-1.06126	-10.5513	-4.95399	
-3.66448	-1.19003	-1.21912	-7.02906	
1.07798	3.39662	-3.04596	-6.5046	
-1.31859	-0.280571	0.495001	-3.62385	
-3.67188	-0.0649397	2.2984	-3.04763	
-3.65628	2.74531	1.59489	-5.00031	
0.44178	-2.57124	-3.11154	-0.872793	
0.318859	0.599821	-0.538378	-3.89718	
-1.91306	-0.592898	-7.97951	-3.17498	
-1.34661	-2.11372	-1.28976	-0.823433	
-0.93836	-0.456509	-1.97107	-3.61011	
-4.06589	0.723	-1.15219	-4.26763	
-12.3557	-1.40218	-0.368416	-0.248553	
0.237831	0.536396	0.283968	-0.858069	
-0.173212	-0.984419	-0.927355	-0.635867	
0.0684799	0.335258	-2.67525	-3.62365	
-1.256	-1.21512	-3.45178	-2.83533	
-6.11069	1.4153	-2.23107	-3.93567	
-0.930853	1.2373	-0.0118042	-6.84082	
-2.26437	2.57667	1.62881	-5.84206	
-2.20761	-2.85856	2.37419	-0.922661	
-3.09066	0.237005	-0.422398	-1.35125	
-3.49823	3.16078	0.275083	-2.3128	
-0.907444	0.750084	-6.54167	-1.1999	
-0.542897	-0.456509	-1.21739	-2.30792	
-3.50167	1.65983	-1.94896	-2.8972	
-0.693062	1.47428	-2.95509	-4.77604	
-3.31259	2.58071	-2.40382	-0.182054	
3.26842	-1.49388	-1.65251	-5.38042	
-1.59458	-1.83647	-3.9586	-1.34331	
1.16454	-4.73558	-0.946572	-4.59194	
-0.0973649	-1.18088	-6.0715	-3.97478	
0.53126	0.651682	-2.29491	-2.80741	
0.4068	-1.34027	0.336064	-4.99941	
-1.8306	2.83461	0.95666	-2.27749	
-2.15521	-1.27223	-1.05978	-4.28925	
-0.514946	0.439122	2.15521	-5.30806	
-1.44213	3.04289	-0.0635659	-2.94612	
-2.3168	0.460661	2.20988	-5.92562	
-6.77897	-0.535684	-0.461312	-2.51291	
-2.88093	0.520512	-2.00049	-0.562598	
-0.0317772	-0.431806	2.05441	-3.52405	
-4.45212	1.99217	-0.598338	-4.57681	
1.1564	0.876432	-4.34612	-2.22772	
-7.27287	-3.62503	-0.329726	-0.631485	
1.93701	0.0709544	-2.50635	-1.93048	
-5.74064	-0.982556	1.98184	-2.18582	
0.0930277	-0.843184	-0.937898	-5.11951	
-1.58917	0.963749	-1.0263	-3.17498	
-0.463075	0.541805	0.39032	-0.337019	
-9.2464	1.38995	0.0100845	-3.24389	
-2.11817	1.0223	0.819631	-6.03801	
-7.53652	0.521185	-1.77487	-1.33572	
-3.77892	-0.166569	0.34784	-5.339	
-5.42201	0.279579	-4.80599	-1.90329	
-1.97925	-1.21512	0.364869	-1.77066	
-2.4857	-1.70851	-0.829493	-3.36095	
-1.08864	0.779398	0.108344	-0.828935	
-4.8757	0.270183	-3.27946	-2.57641	
-1.16335	-0.930067	-1.23761	-3.07381	
-1.57362	-0.575329	-0.974519	-2.03005	
-4.87119	-0.0585579	0.480909	-2.26009	
-6.14728	1.89492	1.85807	-5.31175	
0.226669	0.750084	-2.19686	-3.12719	
-0.149591	-0.0450542	0.92453	-4.9655	
-2.77223	-3.29679	-0.556814	-5.17318	
-0.863253	1.05847	-0.850151	-3.63045	
-6.24835	-0.83052	-1.12655	-0.73331	
-2.94967	-1.53323	-2.66636	-1.0692	
-0.489597	-1.14963	-1.41967	-6.6737	
-0.308454	0.783927	0.677561	-4.49014	
-2.25662	0.580375	0.788599	-3.54074	
1.57751	2.29133	-2.67328	-1.05041	
-11.3527	2.09258	-1.35186	-4.42608	
-4.54496	-0.496003	-2.3863	-2.55218	
-0.72862	0.292061	-3.25671	-4.17181	
0.0292007	3.16911	1.55024	-5.59774	
-2.85406	-1.2724	0.609591	-2.11878	
-6.20495	-2.46767	-1.47708	-3.08438	
-1.64284	1.17758	-4.02337	-2.23996	
-4.18152	-1.32853	1.50251	-3.82944	
-0.146036	-0.214784	-3.43321	-1.88927	
0.988844	-2.17768	-2.29019	-5.31175	
-1.33609	-0.502077	-7.58018	-1.87117	
-1.73607	2.70922	-1.40894	-4.74392	
-4.14935	-0.798037	-1.4215	-5.47244	
-0.341807	-1.63705	3.00362	-2.27051	
-2.83026	-2.75623	-0.258808	-2.57665	
-0.754746	0.760374	-5.82258	-3.29009	
0.0687695	-0.33946	-2.50875	-2.46506	
-0.954527	-0.747555	-2.19069	-1.85513	
-4.39278	0.0431411	-3.25575	-0.100184	
-6.71542	1.74924	-1.19323	-2.74018	
0.463431	-0.367627	-3.44593	-0.601132	
-3.56079	-2.71416	0.160093	-3.49822	
2.05815	2.41052	-0.284686	-2.32689	
0.161346	0.841051	-0.705922	-1.92009	
3.51315	1.70119	0.865578	-3.28426	
-5.03766	-0.312068	-1.43667	-4.03871	
-0.634511	1.65289	-0.603443	-5.59774	
-0.542897	-2.46567	-1.5834	-5.85857	
-2.51755	-3.28382	-1.44429	-1.41789	
-3.99159	-2.87486	-1.05064	-2.46778	
-0.927908	-1.94393	-1.75661	-6.03801	
-5.9262	-3.13719	0.377356	-6.51491	
-7.70897	2.95709	-0.572805	-1.92009	
-0.642964	-2.60454	1.32985	-1.02093	
-2.28765	-1.30032	-1.15314	-3.93533	
-4.27139	-0.0849915	-3.75105	-2.10421	
0.748723	2.25551	-4.19461	-4.01453	
3.07922	0.941774	-0.522402	-5.73992	
-0.332366	-1.1634	0.159665	-2.80741	
-1.67152	-0.430813	1.56785	1.35574	
-1.79602	-1.20673	-3.10183	-5.47965	
-1.629	4.14084	-1.72211	-5.11601	
1.18421	0.634654	-0.74354	-1.10674	
-2.05588	0.858794	-3.81157	-4.80855	
-0.0469581	-0.971216	-1.72503	-2.91663	
-1.1777	-1.58724	-2.72439	-2.48843	
-3.25591	-0.723349	-0.188889	-2.54813	
0.300578	-0.408597	0.599632	-3.03725	
-0.366125	1.39367	0.232604	-1.9779	
0.15515	1.57583	-1.87194	0.464028	
-2.19695	0.259679	-4.89735	-0.0970666	
4.31109	-0.105213	0.392158	-1.04064	
-3.71322	-1.50959	-6.99544	-2.26434	
-7.43831	-2.81475	-3.37159	-2.35246	
3.92948	0.876432	-2.66449	-2.07073	
0.507409	-0.602847	-1.72912	-0.0314268	
-0.622881	2.94844	-1.20897	-4.08778	
-4.11143	0.178304	0.37281	-4.12105	
3.08959	0.108441	-1.91975	-4.45449	
-3.48624	0.641374	-3.11107	-3.15625	
-0.790064	-2.01642	-1.24517	-1.26472	
-2.5496	-0.67797	-3.29891	0.718669	
-2.89725	0.143518	-0.48949	-5.71328	
-1.93566	6.94161	-2.07722	-2.50022	
0.0278496	3.42286	-1.57351	-2.44965	
-3.47953	-1.28631	-0.608366	-2.41919	
-3.64639	-2.60454	-0.570889	-5.63696	
-3.80652	0.720485	1.05824	-2.06961	
-1.82894	0.122386	0.595762	-2.64189	
-3.88039	0.169289	-0.696633	-5.19347	
-4.36164	-0.477164	0.0607058	-3.42249	
-4.28725	4.80137	-6.46436	-2.60143	
-1.58168	-0.317828	-3.39919	-5.36654	
-3.3179	0.126975	-2.9612	-3.39781	
-1.96951	0.935869	0.144477	-6.19182	
-5.40748	1.18966	-4.76618	-6.68458	
-1.44447	-0.0390544	-2.56012	-0.725539	
-2.32857	3.39662	-0.559381	-6.47389	
-4.91338	1.504	-2.45828	-3.48792	
-0.438426	6.34865	-1.30514	-3.49181	
-0.452332	0.941774	3.73935	-1.6187	
-2.36947	0.272964	-2.09893	-2.69515	
-2.18385	-0.653341	-2.40976	-5.34726	
-5.69514	-0.971216	-4.58302	-3.64639	
0.920162	-2.3329	-4.08331	-1.40154	
-3.21552	0.324527	0.00352607	-4.36117	
-1.42259	-1.46822	-0.635001	0.416339	
-2.90788	-0.673898	-4.27162	-1.37464	
-0.378365	2.26766	-1.748	-2.73929	
0.166032	1.94025	-0.106224	-5.18101	
0.0801914	-0.622893	-0.451975	-2.77079	
-3.93956	-1.65688	0.96788	-3.03808	
-7.74374	-4.93343	-0.978039	-1.37982	
-0.290434	0.169289	-4.44021	-1.65896	
-0.465672	8.858	-1.04873	-3.1326	
-1.40611	-2.95006	2.31289	-1.74377	
-2.07917	1.98249	-3.06428	-3.64162	
1.48216	-1.13712	-4.80027	-3.00133	
-1.40791	-0.785711	-0.39348	-1.79964	
-3.49086	0.270183	-0.184423	-3.44118	
-4.16046	-0.0450542	1.49858	-2.03746	
-3.04874	3.74561	-2.91424	-3.46635	
-6.19552	1.54512	-0.122513	-7.24142	
-1.07615	4.67078	-1.49438	-0.605382	
-0.788958	0.841051	-1.52275	-1.33949	
-2.66404	2.30355	0.0713655	-4.39339	
0.231672	-3.38514	-1.69379	-2.4612	
-2.06341	-1.5737	-0.326679	-2.58076	
-0.946482	0.0897681	-2.30012	-2.70184	
2.25931	0.181776	-4.35665	-2.6056	
-2.56396	-1.81416	-3.73601	-3.3254	
-1.05726	3.117	-2.74446	-5.8919	
-0.330642	0.409143	-1.70784	-6.4334	
-2.53023	0.470845	-0.843464	-5.01143	
-3.56784	0.660396	-0.686133	-0.864288	
-2.49379	-1.03539	-0.625236	-3.45373	
-1.32978	-1.02041	-4.34333	-2.41117	
-2.70857	-2.87486	-1.17697	-1.68169	
-0.42077	2.02587	0.821513	-3.77082	
-2.97615	-1.62852	-0.254941	-6.63057	
-4.44463	-0.187878	-0.0377023	-2.79819	
-5.89513	0.345944	0.191832	-0.621314	
-2.78952	0.531141	1.93277	-4.22362	
-5.6872	1.65904	-3.71586	-0.891038	
-2.28382	-0.694708	-2.47186	-4.48325	
-1.78686	-2.81475	-1.1832	-3.66474	
0.760193	0.108441	1.03223	-4.54888	
-2.5593	-2.25975	-2.69256	-5.25808	
-4.33708	0.351117	0.000322303	-3.48542	
-4.9618	2.64184	-2.60988	-4.43269	
-6.77968	7.25003	0.601024	-5.17318	
0.654626	-0.148391	-3.14702	-1.8042	
2.31047	-2.67955	-0.872044	-3.69256	
-4.3139	0.279264	-2.68133	-3.30768	
0.645291	2.58185	-0.2911	-5.61287	
0.268691	1.49804	2.09058	-1.56501	
-6.73803	2.60619	2.1262	-3.53055	
1.73527	0.086715	-2.18513	-4.31147	
-4.61719	2.0821	-3.915	-4.37648	
3.67867	0.977245	-0.0422413	-4.11917	
-2.32719	-1.55869	-2.30534	-2.28291	
-2.16764	-0.979644	-4.64347	-3.87439	
-2.37152	3.33815	0.423306	-8.04889	
-10.2482	-1.28619	-2.243	-4.91686	
-3.4404	-0.527536	-1.62964	-5.38738	
-11.5206	0.373336	-0.930915	-1.53642	
-8.8234	3.49347	1.54108	-1.37803	
-6.47952	-0.122365	-0.630908	-3.4287	
-2.37024	-0.65694	-5.94066	-2.34517	
-4.80413	-0.221717	-2.19039	-3.03208	
-3.95253	-0.0649397	-3.17428	-4.33968	
-3.96312	-3.13719	1.09596	-5.04174	
-1.85797	0.356483	-3.03629	-4.06669	
-1.09679	0.146296	-2.73421	-3.11007	
-4.74508	0.808434	-2.81186	-3.83687	
-8.27914	-1.70851	1.97592	-2.74824	
-1.36527	-1.75772	-1.14588	-2.61254	
-9.80539	-1.83087	-3.49121	-0.867873	
-3.43333	2.56208	-1.53549	-4.93432	
1.62266	2.35247	-0.501595	-1.78993	
-5.17833	2.78124	-2.26027	-6.94538	
-8.26468	3.25167	-2.8542	-1.99935	
-0.690499	-2.96819	-2.29255	-3.98268	
-1.23238	-1.20673	0.523746	-7.42677	
-2.55081	0.16615	0.606206	-2.18877	
-1.67646	-0.644889	-0.770103	-2.48529	
-1.74013	0.163641	-0.0650604	-5.77693	
-0.937021	-0.471592	1.39198	-1.33187	
-2.16218	0.666823	-3.45071	-0.887625	
-2.49504	1.54512	-0.708637	-1.77066	
-1.4363	-1.20673	0.0833942	-2.18582	
-0.659699	0.237005	-0.776621	-3.55175	
-1.23115	-2.19309	-0.607431	-2.99423	
-2.88797	0.511193	-0.169336	-2.81204	
-2.90945	-1.80346	-6.25964	-1.20386	
-3.46749	0.724168	-1.42442	-3.88196	
-2.08164	0.928724	-1.17951	-1.25676	
-2.11371	1.20142	0.319393	-4.85389	
-2.11882	-1.19003	1.73897	-2.87318	
-2.09799	0.629889	0.49843	-1.30447	
-4.68005	1.60394	-1.94662	-1.98448	
-1.83889	1.27759	-1.7574	-5.09723	
-2.1115	-2.60454	-1.7243	-1.63202	
-0.783565	-0.525921	-2.59653	-1.65896	
-0.464432	-2.20663	-4.04495	-1.61428	
0.278637	3.39725	0.670864	-2.61488	
-0.927948	-1.54589	-3.18083	-3.14892	
-1.06566	-0.705134	-1.28101	-3.07381	
-5.1979	-2.6909	-4.71634	-2.15533	
-1.164	0.235427	0.509188	-1.70471	
-0.995399	1.56857	-1.11327	-6.05569	
