R2[0]	R2[1]	R2[2]	R2[3]	
0.137869	0.190029	0.129778	0.124398	
0.073657	0.193592	0.130632	0.149666	
0.12195	0.125654	0.0818814	0.164501	
0.114766	0.14116	0.158279	0.119366	
0.0990512	0.161276	0.111799	0.132786	
0.111811	0.184955	0.10967	0.126437	
0.109662	0.147324	0.0986376	0.147791	
0.132171	0.191704	0.114308	0.178728	
0.0994968	0.145909	0.120935	0.121381	
0.083719	0.255556	0.0840639	0.109631	
0.118619	0.240942	0.0983717	0.117254	
0.113131	0.20472	0.143966	0.12404	
0.105828	0.14925	0.124535	0.174625	
0.107926	0.178739	0.13008	0.167534	
0.113013	0.21355	0.149019	0.176761	
0.070448	0.178706	0.109533	0.124911	
0.0808086	0.189049	0.141672	0.147992	
0.0953559	0.222199	0.131816	0.125012	
0.104129	0.121558	0.117382	0.181876	
0.134635	0.204096	0.120168	0.150895	
0.127982	0.204859	0.120945	0.156862	
0.156198	0.235322	0.13266	0.13186	
0.0780545	0.184391	0.123422	0.139405	
0.132128	0.215556	0.133702	0.150935	
0.154612	0.194365	0.112415	0.135367	
0.119297	0.1127	0.143301	0.13741	
0.105484	0.181239	0.129376	0.148616	
0.136992	0.186013	0.0988522	0.153149	
0.155288	0.157721	0.110179	0.114593	
0.0842725	0.212065	0.0925634	0.168713	
0.101786	0.147693	0.120734	0.171807	
0.125489	0.158673	0.0732183	0.120985	
0.149432	0.234921	0.126993	0.136366	
0.141924	0.166018	0.170233	0.123186	
0.123816	0.159709	0.127575	0.12951	
0.115293	0.205106	0.116368	0.134686	
0.14034	0.215384	0.146139	0.12726	
0.085749	0.211755	0.15962	0.147492	
0.140579	0.202956	0.139573	0.150221	
0.160756	0.157305	0.109746	0.097818	
0.11162	0.15642	0.160528	0.109794	
0.109365	0.132656	0.120336	0.127584	
0.101476	0.174816	0.139869	0.127262	
0.123234	0.214416	0.103648	0.161049	
0.164756	0.200308	0.124471	0.152797	
0.146135	0.177993	0.119071	0.120532	
0.0947205	0.130976	0.0937604	0.110077	
0.0987918	0.183649	0.128859	0.113766	
0.137991	0.175631	0.135368	0.110865	
0.17209	0.247402	0.137922	0.154023	
0.136266	0.174359	0.115079	0.147057	
0.111868	0.143561	0.125099	0.146769	
0.157779	0.181059	0.132433	0.188361	
0.100205	0.202989	0.111119	0.151678	
0.119679	0.148538	0.131524	0.142184	
0.104632	0.127065	0.10315	0.0960961	
0.108567	0.137031	0.140339	0.115258	
0.14114	0.177112	0.1168	0.102326	
0.115409	0.187053	0.104195	0.188896	
0.0694278	0.15436	0.0953198	0.141802	
0.121803	0.3	0.121345	0.144764	
0.13165	0.194472	0.124696	0.159249	
0.126819	0.15572	0.0951948	0.136196	
0.125335	0.135798	0.121308	0.178211	
0.162541	0.175336	0.124538	0.178611	
0.149443	0.13036	0.0936876	0.11839	
0.105813	0.200693	0.115176	0.162035	
0.138237	0.11674	0.110033	0.123145	
0.0943972	0.127065	0.126576	0.166009	
0.0981685	0.205587	0.125799	0.161201	
0.116608	0.183467	0.109038	0.125005	
0.0991293	0.137477	0.11866	0.143132	
0.137087	0.184675	0.115833	0.15412	
0.10289	0.220953	0.122225	0.145526	
0.0817433	0.211119	0.136594	0.175211	
0.137818	0.208211	0.116856	0.148283	
0.100789	0.0955556	0.141552	0.18196	
0.11072	0.187351	0.136527	0.142432	
0.0972967	0.16566	0.145948	0.13714	
0.119922	0.198501	0.122374	0.138477	
0.130097	0.15631	0.13048	0.119399	
0.166266	0.194718	0.144741	0.111566	
0.121609	0.214405	0.115846	0.133181	
0.117286	0.125878	0.128122	0.160727	
0.139694	0.12856	0.12099	0.125871	
0.117033	0.2	0.139098	0.15718	
0.145187	0.122222	0.121574	0.12762	
0.167275	0.145663	0.124026	0.122109	
0.0844669	0.205608	0.1301	0.191325	
0.0851387	0.173616	0.136514	0.163112	
0.102863	0.140381	0.119172	0.0710916	
0.0662002	0.120957	0.128253	0.150424	
0.103483	0.133139	0.119362	0.101926	
0.116914	0.149316	0.115132	0.185074	
0.117958	0.178191	0.0951499	0.114813	
0.147638	0.213225	0.10949	0.153828	
0.0992453	0.165306	0.128689	0.120295	
0.0818803	0.158804	0.0930947	0.140377	
0.139191	0.154655	0.130118	0.125308	
0.11193	0.106591	0.139999	0.129374	
0.110511	0.1428	0.10702	0.21174	
0.0716611	0.155036	0.112618	0.141981	
0.12752	0.191199	0.125837	0.150248	
0.137197	0.213661	0.128268	0.144027	
0.083032	0.20437	0.111016	0.116175	
0.12989	0.175792	0.114585	0.155994	
0.138834	0.234049	0.118915	0.153825	
0.0936819	0.1657	0.114444	0.178372	
0.118287	0.20454	0.110289	0.137773	
0.117705	0.161318	0.127173	0.141887	
0.137058	0.159485	0.112578	0.132346	
0.0787699	0.203981	0.10181	0.185785	
0.148962	0.169763	0.123263	0.153208	
0.114941	0.187879	0.142728	0.134137	
0.168618	0.152308	0.114188	0.123718	
0.0823939	0.147853	0.13894	0.17249	
0.0987195	0.189244	0.0822436	0.155539	
0.135255	0.148045	0.115873	0.166714	
0.128361	0.223253	0.137562	0.149778	
0.116815	0.163924	0.147686	0.131752	
0.118213	0.239676	0.118378	0.118854	
0.106207	0.159577	0.130074	0.126084	
0.123342	0.19789	0.124191	0.123439	
0.161838	0.200138	0.121145	0.134724	
0.156992	0.152466	0.146279	0.141942	
0.172799	0.141098	0.119917	0.143221	
0.166211	0.160462	0.124386	0.144421	
0.120107	0.124839	0.134417	0.172241	
0.143913	0.164286	0.130097	0.177228	
0.10565	0.213326	0.147975	0.159865	
0.0727075	0.139266	0.136337	0.176228	
0.130632	0.201369	0.115472	0.110841	
0.144904	0.18763	0.168728	0.149404	
0.17529	0.151845	0.105277	0.165325	
0.117881	0.133431	0.120215	0.158695	
0.112762	0.161332	0.107101	0.15337	
0.120597	0.111529	0.137711	0.106315	
0.13922	0.192222	0.115456	0.148115	
0.117949	0.185296	0.117456	0.176889	
0.115017	0.182105	0.130423	0.150542	
0.0838303	0.0986057	0.119739	0.176722	
0.124354	0.188288	0.118671	0.107091	
0.133867	0.124197	0.129141	0.14422	
0.107074	0.138996	0.106881	0.143374	
0.150229	0.167327	0.133331	0.162891	
0.109355	0.153076	0.12203	0.111913	
0.136607	0.226759	0.136435	0.138828	
0.129461	0.189996	0.128663	0.126589	
0.065878	0.135443	0.128303	0.151998	
0.130422	0.111493	0.109901	0.121306	
0.115059	0.155063	0.112769	0.146515	
0.116783	0.184409	0.12477	0.130128	
0.148516	0.128834	0.124268	0.105149	
0.144035	0.174428	0.139055	0.133009	
0.0647825	0.192032	0.100691	0.149729	
0.146452	0.150669	0.125928	0.18317	
0.135056	0.12671	0.120511	0.162196	
0.117398	0.191411	0.113721	0.127889	
0.120301	0.134555	0.131075	0.163713	
0.117665	0.134058	0.0764074	0.141546	
0.151114	0.180095	0.140123	0.123938	
0.107221	0.120313	0.126362	0.13949	
0.117139	0.146673	0.118052	0.161594	
0.146557	0.123734	0.125466	0.144129	
0.122667	0.192058	0.11524	0.132143	
0.13755	0.189818	0.124494	0.120637	
0.0945068	0.146961	0.124409	0.150819	
0.0986038	0.140633	0.119611	0.163779	
0.111639	0.177095	0.146063	0.182463	
0.110656	0.141356	0.145175	0.172049	
0.123097	0.1668	0.0896815	0.129247	
0.144926	0.142378	0.108452	0.160214	
0.124796	0.14751	0.128132	0.16012	
0.092388	0.120468	0.155792	0.12733	
0.12523	0.131762	0.140154	0.164619	
0.124282	0.15507	0.0919597	0.118094	
0.0910337	0.181821	0.145295	0.177257	
0.119055	0.148361	0.100462	0.130194	
0.134561	0.199925	0.127712	0.181399	
0.114623	0.13031	0.130131	0.180574	
0.129764	0.144215	0.134199	0.14629	
0.113281	0.100888	0.116615	0.107728	
0.11027	0.25392	0.129021	0.119953	
0.152162	0.184379	0.1095	0.147464	
0.128233	0.174964	0.122853	0.165732	
0.11694	0.171217	0.127129	0.0997738	
0.0770166	0.152621	0.105869	0.114168	
0.114182	0.112897	0.135244	0.13531	
0.140661	0.208321	0.129673	0.168289	
0.0836226	0.255966	0.0951337	0.138378	
0.0950331	0.134256	0.114427	0.143365	
0.10896	0.0985569	0.110972	0.134312	
0.153102	0.215113	0.121602	0.118613	
0.106789	0.157693	0.115548	0.1875	
0.124902	0.134687	0.144323	0.159973	
0.17253	0.151535	0.10059	0.15647	
0.12164	0.149485	0.142848	0.172002	
0.121127	0.212065	0.121873	0.179393	
0.130978	0.12836	0.171328	0.118694	
0.0968173	0.155426	0.119387	0.152375	
0.118229	0.18584	0.119362	0.15857	
0.113023	0.187397	0.126759	0.161506	
0.116113	0.139708	0.148508	0.152723	
0.105388	0.189448	0.122058	0.136841	
0.13219	0.222991	0.141018	0.151202	
0.154427	0.188747	0.157763	0.186281	
0.0892517	0.155242	0.116097	0.120984	
0.143125	0.16875	0.0927603	0.187286	
0.0680884	0.156076	0.145562	0.0892824	
0.136958	0.149071	0.124525	0.136749	
0.181646	0.259424	0.121894	0.144404	
0.109916	0.141645	0.16116	0.143473	
0.106155	0.154994	0.128673	0.187576	
0.0915396	0.18715	0.147804	0.158619	
0.15185	0.169633	0.120501	0.116959	
0.107109	0.176139	0.115555	0.175907	
0.175848	0.123967	0.145912	0.135516	
0.131297	0.165515	0.145482	0.119619	
0.0776541	0.232555	0.106841	0.109809	
0.0605809	0.145909	0.139658	0.155607	
0.117584	0.12856	0.131565	0.128883	
0.130184	0.247475	0.10997	0.130667	
0.12073	0.14127	0.124726	0.110829	
0.121742	0.165034	0.144205	0.154185	
0.0994967	0.127162	0.122783	0.174192	
0.0965085	0.152348	0.113979	0.153215	
0.1184	0.170967	0.116339	0.160253	
0.0951732	0.146511	0.128675	0.167226	
0.0963034	0.144578	0.111544	0.134174	
0.108283	0.182003	0.132217	0.14573	
0.125115	0.174529	0.116833	0.137579	
0.0882346	0.194177	0.100381	0.125336	
0.148194	0.122097	0.100887	0.142991	
0.0952356	0.1642	0.114407	0.163782	
0.103516	0.147257	0.150423	0.123565	
0.0911226	0.174005	0.130659	0.173821	
0.12993	0.177778	0.135313	0.177433	
0.136923	0.152186	0.14396	0.135943	
0.0834721	0.152186	0.137908	0.150267	
0.128926	0.15936	0.121681	0.128142	
0.139234	0.17248	0.146982	0.140963	
0.0989657	0.15298	0.122887	0.14328	
0.102622	0.219616	0.119027	0.174173	
0.13864	0.172232	0.130594	0.143854	
0.122833	0.127084	0.100813	0.191148	
0.0824007	0.191056	0.114318	0.151199	
0.105012	0.159774	0.123564	0.148339	
0.127529	0.122068	0.103108	0.122909	
0.078611	0.149435	0.131714	0.159687	
0.0725729	0.174359	0.097393	0.15683	
0.108824	0.171998	0.11175	0.109389	
0.145412	0.187162	0.137458	0.151605	
0.111063	0.129388	0.128053	0.141024	
0.108892	0.13361	0.132119	0.106443	
0.121062	0.146469	0.138795	0.116505	
0.109621	0.223012	0.101203	0.100169	
0.114067	0.260229	0.095181	0.119404	
0.0922624	0.186113	0.110428	0.160661	
0.142421	0.181102	0.111273	0.15303	
0.111897	0.238104	0.114549	0.154189	
0.136723	0.120404	0.099742	0.120337	
0.148827	0.17259	0.131266	0.129619	
0.0791649	0.123764	0.149776	0.147442	
0.131879	0.19634	0.141364	0.12353	
0.0688998	0.127711	0.106609	0.137331	
0.117389	0.178408	0.128749	0.13344	
0.113864	0.235745	0.133134	0.136482	
0.11227	0.231174	0.107444	0.159357	
0.127534	0.177778	0.138236	0.124505	
0.146995	0.21185	0.0961325	0.120457	
0.135044	0.126467	0.145929	0.184278	
0.104225	0.170197	0.125327	0.166917	
0.147006	0.145466	0.10602	0.126247	
0.138341	0.174359	0.130327	0.151903	
0.0836812	0.229348	0.112351	0.174003	
0.103809	0.129371	0.122972	0.137584	
0.0925324	0.187256	0.124023	0.148851	
0.118685	0.17557	0.123439	0.106637	
0.102791	0.203282	0.0789084	0.130697	
0.119934	0.147922	0.0879929	0.116002	
0.143598	0.172692	0.110137	0.191652	
0.0806098	0.0940761	0.133054	0.163899	
0.131316	0.167414	0.146854	0.154947	
0.0886771	0.248196	0.139827	0.158359	
0.145522	0.149884	0.131832	0.154039	
0.176973	0.183607	0.103968	0.149054	
0.118764	0.135982	0.130354	0.167817	
0.142645	0.150789	0.124649	0.189292	
0.0969083	0.198693	0.136792	0.152642	
0.127565	0.275	0.116445	0.150894	
0.120903	0.145909	0.11517	0.12716	
0.129384	0.145412	0.0874152	0.103131	
0.146412	0.140142	0.116956	0.136799	
0.136085	0.131315	0.118037	0.150584	
0.127845	0.131027	0.112347	0.194023	
0.127321	0.189502	0.139327	0.119804	
0.149415	0.211264	0.0801183	0.151389	
0.136307	0.190003	0.126702	0.109499	
0.113289	0.173747	0.130626	0.14985	
0.0941939	0.162077	0.131202	0.128793	
0.111229	0.171875	0.116566	0.137574	
0.087007	0.167266	0.120011	0.157656	
0.133103	0.133333	0.127784	0.175462	
0.130268	0.233333	0.103195	0.181829	
0.122664	0.15272	0.121017	0.148696	
0.121741	0.151664	0.137245	0.15321	
0.133589	0.214421	0.127565	0.133928	
0.141022	0.208449	0.122152	0.144248	
0.116528	0.153496	0.088938	0.144447	
0.101152	0.149102	0.113427	0.139485	
0.125806	0.25	0.103601	0.150746	
0.154149	0.14985	0.0979877	0.133053	
0.120023	0.190029	0.141417	0.171648	
0.0878217	0.207407	0.111235	0.14001	
0.109392	0.153987	0.130202	0.130949	
0.089624	0.160058	0.124577	0.173748	
0.0938991	0.14313	0.141652	0.114511	
0.117821	0.207394	0.117238	0.172106	
0.139712	0.156946	0.135796	0.117333	
0.110408	0.16919	0.13147	0.104959	
0.121062	0.214591	0.121406	0.15832	
0.124257	0.177999	0.122486	0.144842	
0.145726	0.15649	0.129341	0.168767	
0.1686	0.117906	0.12846	0.173045	
0.134024	0.116667	0.114004	0.152865	
0.136898	0.187985	0.129583	0.134913	
0.119113	0.157251	0.151842	0.136075	
0.105999	0.126295	0.115291	0.162257	
0.0940462	0.156468	0.130764	0.158502	
0.135266	0.126429	0.116221	0.127995	
0.09123	0.2	0.130143	0.126655	
0.172046	0.152393	0.147514	0.179143	
0.0879756	0.168803	0.114504	0.125003	
0.120245	0.184874	0.115779	0.121535	
0.123372	0.123221	0.137827	0.105071	
0.16127	0.240832	0.114713	0.13341	
0.149739	0.226689	0.109259	0.168927	
0.112271	0.140901	0.125265	0.127949	
0.141961	0.147945	0.134417	0.158196	
0.123096	0.115571	0.0976655	0.123728	
0.14899	0.161695	0.119679	0.12915	
0.141714	0.181226	0.120444	0.15837	
0.18059	0.189049	0.125736	0.112539	
0.100486	0.18871	0.12559	0.149715	
0.131009	0.173753	0.157492	0.147042	
0.132724	0.219826	0.114652	0.122397	
0.105745	0.195062	0.130197	0.116413	
0.132619	0.163231	0.125243	0.19102	
0.116734	0.166969	0.128244	0.121999	
0.1182	0.205637	0.112742	0.122132	
0.111739	0.196154	0.132618	0.157374	
0.126024	0.135035	0.14827	0.135179	
0.0775549	0.148922	0.144221	0.180646	
0.114643	0.201729	0.146677	0.145519	
0.117144	0.24273	0.110093	0.135115	
0.142606	0.122831	0.140604	0.145574	
0.155172	0.184391	0.115778	0.142511	
0.0759663	0.136592	0.145897	0.183892	
0.11199	0.205556	0.11595	0.116755	
0.0874249	0.146394	0.124182	0.176839	
0.0796516	0.156316	0.0903151	0.153995	
0.160116	0.151127	0.117649	0.145093	
0.127215	0.152753	0.159932	0.137262	
0.112316	0.115663	0.160776	0.123614	
0.0912904	0.168129	0.119965	0.157765	
0.0798202	0.247076	0.148741	0.141973	
0.136454	0.195205	0.109072	0.183057	
0.180828	0.129926	0.114978	0.106233	
0.145271	0.136661	0.121004	0.177833	
0.124078	0.220193	0.103191	0.181387	
0.129816	0.201473	0.141909	0.16062	
0.112762	0.155311	0.135323	0.186215	
0.105394	0.140633	0.146684	0.119563	
0.127221	0.14357	0.091296	0.172252	
0.0833991	0.16534	0.0867364	0.165737	
0.127965	0.125435	0.129089	0.144435	
0.134321	0.15436	0.131935	0.149934	
0.124933	0.162814	0.0995393	0.169837	
0.134477	0.189059	0.103434	0.145207	
0.110916	0.159212	0.0988254	0.133728	
0.101221	0.156954	0.110155	0.132306	
0.169627	0.204888	0.126917	0.164726	
0.157004	0.175375	0.156036	0.123279	
0.067189	0.17038	0.0906307	0.129826	
0.168511	0.235702	0.117082	0.173771	
0.133408	0.108662	0.127547	0.138875	
0.0986136	0.220438	0.111119	0.15277	
0.104022	0.215729	0.104584	0.0988325	
0.126766	0.211169	0.129755	0.14896	
0.0692321	0.145649	0.127714	0.153826	
0.1211	0.130223	0.123989	0.202748	
0.130128	0.152027	0.130205	0.147819	
0.109584	0.187175	0.125037	0.112627	
0.146183	0.125435	0.101844	0.134815	
0.131812	0.244855	0.133123	0.133325	
0.12741	0.0963204	0.10849	0.173894	
0.0562307	0.244559	0.134507	0.129501	
0.141749	0.192638	0.117642	0.138985	
0.108296	0.207385	0.136188	0.143596	
0.134499	0.173191	0.115135	0.155655	
0.138107	0.165764	0.144641	0.138929	
0.122136	0.177631	0.146615	0.135859	
0.122267	0.183929	0.111546	0.151731	
0.131339	0.144569	0.123259	0.106792	
0.108763	0.107269	0.128033	0.187112	
0.153538	0.141596	0.15308	0.134244	
0.138015	0.220907	0.113084	0.172039	
0.128956	0.15958	0.0959522	0.107625	
0.10425	0.187985	0.115504	0.111294	
0.0951029	0.201308	0.136034	0.137352	
0.124857	0.149479	0.145355	0.135277	
0.110607	0.143561	0.11408	0.147854	
0.149405	0.165463	0.121745	0.141153	
0.115179	0.123873	0.138876	0.113269	
0.12808	0.240532	0.136304	0.142903	
0.15174	0.200756	0.110047	0.170205	
0.140534	0.183249	0.15534	0.147243	
0.134676	0.173684	0.103453	0.170969	
0.113081	0.162891	0.129181	0.136539	
0.129402	0.164401	0.110952	0.158739	
0.129703	0.191023	0.142228	0.160823	
0.0993103	0.111007	0.135978	0.129718	
0.115671	0.161846	0.118061	0.155831	
0.120081	0.166133	0.112049	0.151471	
0.084073	0.189739	0.12219	0.108592	
0.143242	0.204888	0.127295	0.137163	
0.143344	0.138982	0.114872	0.130056	
0.114288	0.143828	0.112139	0.147047	
0.179944	0.262875	0.134583	0.164931	
0.106032	0.146213	0.127083	0.166163	
0.106978	0.180386	0.138997	0.174403	
0.131967	0.138889	0.109302	0.155748	
0.124322	0.202588	0.119181	0.131458	
0.111638	0.242064	0.102162	0.155977	
0.120962	0.19815	0.145648	0.165193	
0.109525	0.117195	0.116135	0.184429	
0.090335	0.138095	0.15491	0.160455	
0.141201	0.109432	0.111906	0.15836	
0.139124	0.168233	0.102783	0.143541	
0.132413	0.177816	0.124809	0.150434	
0.0986706	0.156347	0.140883	0.171099	
0.131151	0.191463	0.137461	0.160717	
0.163122	0.197229	0.113676	0.128067	
0.101028	0.139038	0.149383	0.0887332	
0.11714	0.128062	0.123029	0.151694	
0.122413	0.195402	0.11656	0.115453	
0.116252	0.173062	0.142463	0.175213	
0.159576	0.154969	0.119693	0.0866158	
0.128112	0.191869	0.134615	0.14291	
0.136531	0.187699	0.129375	0.135181	
0.0952833	0.175594	0.129736	0.148598	
0.0847873	0.136938	0.135574	0.16543	
0.143533	0.22381	0.146015	0.137146	
0.109402	0.140746	0.110656	0.154069	
0.13443	0.154011	0.13555	0.138878	
0.097122	0.166419	0.111772	0.136668	
0.108858	0.157012	0.10112	0.120723	
0.142423	0.117822	0.121073	0.123368	
0.116334	0.119942	0.111459	0.144347	
0.125342	0.20134	0.10497	0.15123	
0.119127	0.161795	0.125176	0.16214	
0.119582	0.168531	0.142569	0.127792	
0.098237	0.241464	0.140011	0.182376	
0.112887	0.190762	0.140764	0.142251	
0.125269	0.156257	0.12576	0.119432	
0.142602	0.206093	0.107662	0.173634	
0.104472	0.154676	0.120511	0.121037	
0.139301	0.157701	0.175345	0.149225	
0.117138	0.173601	0.113995	0.151124	
0.0856617	0.140875	0.133136	0.131578	
0.125338	0.159275	0.134168	0.105405	
0.112605	0.155148	0.130131	0.161676	
0.141275	0.181148	0.126042	0.157459	
0.145036	0.117334	0.0992795	0.125169	
0.144029	0.191702	0.103742	0.124795	
0.0657032	0.136274	0.118309	0.140611	
0.118868	0.156832	0.126221	0.109546	
0.149391	0.15179	0.111795	0.148089	
0.115475	0.165158	0.110969	0.144097	
0.138121	0.0865687	0.129307	0.130974	
0.0726349	0.226036	0.118244	0.0922313	
0.103231	0.211475	0.121189	0.165557	
0.0875951	0.149926	0.129668	0.122482	
0.118568	0.121519	0.104099	0.127689	
0.109739	0.162051	0.128276	0.141164	
0.0843327	0.16916	0.149707	0.127392	
0.097693	0.16073	0.148507	0.16849	
0.0782241	0.098105	0.123484	0.12903	
0.0993393	0.146213	0.132286	0.125208	
0.133366	0.213789	0.135767	0.173915	
0.0741875	0.159837	0.105096	0.141776	
0.123735	0.162256	0.114762	0.140745	
0.113593	0.152436	0.117627	0.104773	
0.144741	0.261575	0.126195	0.189415	
0.10257	0.160149	0.13273	0.135982	
0.120258	0.11864	0.129821	0.158721	
0.0909927	0.127256	0.115797	0.119015	
0.144395	0.131794	0.1212	0.179256	
0.0828304	0.156358	0.148972	0.182865	
0.126149	0.146523	0.133846	0.139126	
0.0895882	0.14225	0.0906853	0.145035	
0.0973297	0.106255	0.140183	0.13394	
0.142804	0.153542	0.0997471	0.174304	
0.0841341	0.233621	0.121249	0.157826	
0.106915	0.133795	0.131167	0.145064	
0.139267	0.168915	0.112563	0.134972	
0.0916143	0.196692	0.131756	0.115588	
0.106244	0.174955	0.11357	0.148623	
0.102794	0.189386	0.111476	0.118187	
0.149565	0.227542	0.129376	0.168911	
0.151823	0.159164	0.0870169	0.143879	
0.130582	0.157511	0.139534	0.163111	
0.116507	0.179188	0.125083	0.183472	
0.112217	0.206573	0.126658	0.151377	
0.0920977	0.19014	0.13252	0.14768	
0.0947281	0.153495	0.135224	0.172218	
0.13081	0.166639	0.11847	0.141944	
0.115677	0.196938	0.1253	0.126913	
0.110102	0.238384	0.086996	0.124724	
0.126075	0.195395	0.142691	0.10731	
0.0853668	0.17808	0.11409	0.171566	
0.144297	0.216951	0.11844	0.149823	
0.119803	0.225189	0.0976249	0.125344	
0.130867	0.136236	0.122143	0.14339	
0.103601	0.0986045	0.122718	0.163734	
0.0881266	0.159651	0.142866	0.115489	
0.116826	0.138519	0.105398	0.157432	
0.112705	0.141323	0.0797586	0.127328	
0.137528	0.114956	0.111917	0.164206	
0.0998558	0.25175	0.124421	0.113711	
0.116628	0.192664	0.110817	0.176891	
0.0850628	0.184188	0.145177	0.138317	
0.0774232	0.240592	0.0828091	0.171337	
0.163677	0.224074	0.122247	0.1608	
0.107215	0.137898	0.102825	0.114539	
0.109005	0.128993	0.127169	0.146692	
0.140125	0.216557	0.129975	0.155211	
0.101773	0.177214	0.127851	0.172361	
0.123714	0.18746	0.114129	0.14839	
0.135008	0.15678	0.134421	0.191791	
0.137845	0.165777	0.131465	0.146929	
0.0632772	0.140875	0.110413	0.135094	
0.0844374	0.139373	0.0973198	0.156853	
0.131405	0.228699	0.107538	0.106548	
0.1447	0.181315	0.122152	0.134334	
0.120548	0.16872	0.130784	0.17154	
0.139159	0.119463	0.115892	0.130215	
0.0877723	0.121196	0.0971041	0.146693	
0.0979985	0.117195	0.0995966	0.122874	
0.121761	0.161245	0.164149	0.155418	
0.0996757	0.197672	0.129905	0.187638	
0.13753	0.169312	0.0955342	0.142496	
0.108144	0.110275	0.165866	0.133672	
0.164077	0.184396	0.115318	0.156881	
0.0920063	0.189867	0.146637	0.163945	
0.122667	0.278418	0.133965	0.165225	
0.0845434	0.179385	0.102115	0.120187	
0.123452	0.132841	0.134063	0.167753	
0.158958	0.15032	0.140468	0.128098	
0.12692	0.1424	0.095298	0.118146	
0.166184	0.214458	0.119086	0.118242	
0.121789	0.187301	0.127656	0.160714	
0.110353	0.179949	0.131596	0.163537	
0.0749528	0.23682	0.153745	0.145666	
0.144853	0.2327	0.109081	0.122856	
0.0673655	0.130479	0.116222	0.180053	
0.121278	0.159958	0.100961	0.149642	
0.079869	0.142378	0.115499	0.11931	
0.108899	0.141743	0.132869	0.171317	
0.103002	0.207942	0.142841	0.142746	
0.088247	0.15693	0.116452	0.148528	
0.127399	0.162386	0.10366	0.159591	
0.161553	0.143349	0.12841	0.163253	
0.119517	0.249206	0.116525	0.128623	
0.125332	0.125371	0.114319	0.183285	
0.123707	0.186486	0.127948	0.172325	
0.12665	0.148802	0.144585	0.163711	
0.0964197	0.182456	0.122984	0.149912	
0.0917721	0.158527	0.133513	0.175323	
0.108583	0.151476	0.145285	0.116578	
0.129914	0.201717	0.148153	0.158713	
0.12861	0.18123	0.136503	0.159702	
0.117118	0.174041	0.107291	0.161529	
0.112595	0.19137	0.126445	0.0906374	
0.163969	0.161201	0.139605	0.119088	
0.108286	0.16379	0.114679	0.138568	
0.172784	0.200314	0.144804	0.112611	
0.103633	0.164148	0.11378	0.13485	
0.118435	0.198798	0.149999	0.151968	
0.147795	0.150106	0.1085	0.112311	
0.112528	0.175809	0.0863276	0.127491	
0.126598	0.190799	0.13812	0.178099	
0.103925	0.152055	0.118079	0.147312	
0.134616	0.158744	0.121998	0.16451	
0.103188	0.1625	0.133005	0.109229	
0.152799	0.151771	0.102715	0.190071	
0.13119	0.143479	0.0875083	0.114798	
0.142768	0.171154	0.0836684	0.161852	
0.0950635	0.18164	0.0962312	0.153628	
0.14082	0.231088	0.10623	0.14292	
0.0989958	0.152662	0.126299	0.130929	
0.142689	0.3	0.149368	0.117684	
0.143528	0.183975	0.102352	0.110071	
0.109756	0.170943	0.0842092	0.125227	
0.160401	0.180395	0.141437	0.12738	
0.140262	0.197562	0.146934	0.178308	
0.120991	0.234722	0.0829183	0.135341	
0.137261	0.211111	0.124239	0.148688	
0.162628	0.177834	0.134786	0.184141	
0.106844	0.205314	0.0978877	0.158875	
0.128086	0.177551	0.110846	0.140902	
0.125077	0.161848	0.132784	0.146971	
0.0942173	0.17901	0.109175	0.151815	
0.122992	0.124381	0.101465	0.145569	
0.078329	0.189984	0.150411	0.158939	
0.113833	0.162877	0.135711	0.129527	
0.123871	0.167934	0.0902863	0.124281	
0.117154	0.142424	0.117661	0.110664	
0.0951525	0.16325	0.136944	0.199933	
0.119921	0.188243	0.15528	0.127061	
0.121582	0.2	0.120723	0.127723	
0.153997	0.160086	0.119915	0.109386	
0.119267	0.139315	0.154096	0.171491	
0.141836	0.129904	0.124625	0.164113	
0.131526	0.222426	0.138246	0.149499	
0.149067	0.156961	0.126063	0.123393	
0.132258	0.138514	0.12386	0.109216	
0.114739	0.163858	0.128771	0.156701	
0.0812188	0.195833	0.12447	0.131999	
0.0866613	0.15056	0.109725	0.150049	
0.123538	0.174483	0.135229	0.138607	
0.122596	0.192181	0.117935	0.169058	
0.128891	0.197362	0.120255	0.152876	
0.123739	0.153542	0.138926	0.132736	
0.126983	0.18667	0.134831	0.185366	
0.13372	0.119513	0.151436	0.134786	
0.13528	0.187175	0.131621	0.145252	
0.0884425	0.141559	0.144327	0.175109	
0.109179	0.122015	0.112941	0.107314	
0.12488	0.251906	0.141476	0.16506	
0.133094	0.147687	0.117544	0.105921	
0.107244	0.137354	0.148323	0.164464	
0.14242	0.1556	0.135267	0.175466	
0.144336	0.125988	0.11961	0.126957	
0.115126	0.188888	0.118262	0.148368	
0.134172	0.169765	0.132658	0.157029	
0.103012	0.157571	0.125764	0.140312	
0.119442	0.136055	0.102602	0.128142	
0.152834	0.151612	0.129403	0.18042	
0.108616	0.135359	0.128713	0.127453	
0.111559	0.151698	0.127678	0.110016	
0.0941411	0.178127	0.133494	0.142211	
0.144042	0.173005	0.125307	0.127373	
0.122467	0.141179	0.154573	0.16596	
0.105689	0.183339	0.154907	0.115784	
0.0718357	0.171836	0.099164	0.195662	
0.10922	0.111579	0.149229	0.177556	
0.0979257	0.122751	0.127491	0.0988225	
0.118085	0.0999619	0.122934	0.163073	
0.0778614	0.145364	0.11208	0.123477	
0.148041	0.163019	0.146567	0.125246	
0.108549	0.186227	0.0864851	0.108674	
0.119831	0.119202	0.117936	0.145567	
0.0976218	0.205692	0.113881	0.177265	
0.124734	0.15032	0.128741	0.124761	
0.112048	0.160163	0.0913117	0.168083	
0.128	0.0842572	0.134221	0.127609	
0.109219	0.170203	0.122838	0.153099	
0.0879931	0.174798	0.124907	0.122493	
0.135358	0.132417	0.10718	0.101986	
0.124095	0.229923	0.0970745	0.159005	
0.134948	0.210617	0.0963891	0.146017	
0.0903585	0.152526	0.127783	0.133816	
0.151396	0.195612	0.114828	0.172917	
0.138969	0.213225	0.132704	0.121817	
0.112598	0.187383	0.155195	0.158824	
0.175015	0.171879	0.147676	0.12123	
0.0987295	0.188123	0.120316	0.143742	
0.140386	0.174537	0.13352	0.175041	
0.100818	0.185769	0.129578	0.154562	
0.158795	0.200019	0.098915	0.116439	
0.141699	0.208478	0.136978	0.108923	
0.0845364	0.190029	0.123508	0.180053	
0.140237	0.15507	0.131965	0.115526	
0.120495	0.149668	0.114531	0.136172	
0.0728276	0.174834	0.132304	0.124735	
0.137671	0.0955107	0.142357	0.131283	
0.113996	0.156242	0.110784	0.113708	
0.132895	0.13448	0.0867113	0.162514	
0.123888	0.243954	0.146455	0.13929	
0.125415	0.115067	0.127812	0.13546	
0.15368	0.126335	0.134514	0.125238	
0.0902972	0.135432	0.105427	0.156042	
0.0894463	0.183951	0.147095	0.19194	
0.119719	0.148426	0.115119	0.131204	
0.163886	0.167907	0.138243	0.0975677	
0.124043	0.109432	0.129253	0.183569	
0.12905	0.241068	0.107479	0.132905	
0.105955	0.137347	0.0730029	0.148717	
0.117271	0.204823	0.116646	0.151892	
0.196857	0.186113	0.0935608	0.134837	
0.124288	0.113795	0.1058	0.112968	
0.121413	0.107941	0.11535	0.158075	
0.15064	0.133149	0.145797	0.174405	
0.0888723	0.143842	0.16062	0.141737	
0.110617	0.164346	0.109659	0.167065	
0.120052	0.164156	0.123966	0.134702	
0.11797	0.103175	0.102172	0.155765	
0.109369	0.163215	0.11389	0.154875	
0.0964033	0.130065	0.109806	0.102904	
0.14698	0.162915	0.123373	0.120203	
0.108404	0.172948	0.135233	0.146989	
0.132467	0.19553	0.124201	0.13072	
0.10283	0.200136	0.0996057	0.16094	
0.0706075	0.148386	0.151458	0.14594	
0.121085	0.179437	0.12842	0.150827	
0.136517	0.118158	0.107626	0.127527	
0.0964904	0.138901	0.137945	0.142382	
0.107508	0.1424	0.139508	0.139699	
0.107088	0.165876	0.140233	0.167482	
0.0993929	0.179712	0.116433	0.119995	
0.107455	0.230226	0.159628	0.149673	
0.100293	0.157023	0.105768	0.153213	
0.118345	0.142954	0.104156	0.155154	
0.129318	0.148586	0.145945	0.11939	
0.114806	0.131485	0.140776	0.132157	
0.164966	0.16073	0.134075	0.140197	
0.098554	0.190029	0.135216	0.13812	
0.125713	0.18264	0.119736	0.151348	
0.119737	0.173245	0.105384	0.117673	
0.085302	0.140875	0.142775	0.117081	
0.128925	0.14313	0.16303	0.174296	
0.162883	0.194658	0.122424	0.115581	
0.132824	0.145455	0.161087	0.134114	
0.0877564	0.169523	0.122362	0.189472	
0.10396	0.177661	0.133311	0.114103	
0.075857	0.152854	0.108186	0.134253	
0.10511	0.142872	0.106905	0.125243	
0.126426	0.207756	0.0947046	0.12924	
0.140113	0.184435	0.1248	0.120776	
0.108338	0.15997	0.16995	0.135028	
0.116267	0.177395	0.147833	0.120193	
0.0955519	0.174461	0.119559	0.163171	
0.128859	0.183194	0.12847	0.143055	
0.120569	0.144787	0.107824	0.164178	
0.10689	0.113592	0.0993283	0.125068	
0.102371	0.120452	0.127752	0.129099	
0.104883	0.177074	0.1108	0.120598	
0.0630673	0.137524	0.102559	0.123703	
0.125198	0.157822	0.134383	0.134731	
0.111126	0.140861	0.130964	0.181152	
0.146389	0.161441	0.0851345	0.151531	
0.09963	0.159958	0.0941919	0.137675	
0.120714	0.225971	0.112243	0.161012	
0.129457	0.182262	0.126473	0.130977	
0.0868312	0.219388	0.124098	0.152817	
0.120399	0.107288	0.0998128	0.14296	
0.0964282	0.174598	0.119234	0.139394	
0.101115	0.162483	0.0993574	0.156305	
0.103425	0.196116	0.11108	0.179785	
0.137231	0.152133	0.149155	0.141133	
0.111397	0.206095	0.105717	0.157885	
0.10883	0.179269	0.114685	0.122386	
0.103135	0.157999	0.116992	0.178479	
0.102305	0.136592	0.117573	0.170434	
0.133003	0.132698	0.101588	0.134405	
0.152015	0.115432	0.121853	0.122003	
0.125527	0.152727	0.0981012	0.10706	
0.148583	0.165971	0.0891857	0.173692	
0.109721	0.145695	0.099636	0.178843	
0.134853	0.197281	0.132613	0.145187	
0.1179	0.149091	0.112828	0.180809	
0.14433	0.216978	0.138147	0.119657	
0.102295	0.152286	0.12612	0.142635	
0.116536	0.154895	0.13898	0.130476	
0.0756484	0.196296	0.12946	0.147104	
0.103958	0.164346	0.114486	0.176481	
0.121932	0.204553	0.144284	0.147118	
0.0959646	0.197531	0.101933	0.0951556	
0.142992	0.212985	0.0782343	0.149517	
0.102289	0.116667	0.117838	0.135466	
0.148837	0.154479	0.12436	0.165444	
0.0750667	0.190595	0.139484	0.15311	
0.122499	0.152753	0.121167	0.097315	
0.123545	0.244469	0.144207	0.144844	
0.132975	0.20482	0.147047	0.160183	
0.102997	0.177648	0.116685	0.117383	
0.124008	0.205442	0.131111	0.107563	
0.0982051	0.157226	0.114708	0.140311	
0.0988774	0.134309	0.118399	0.157097	
0.102597	0.151014	0.133727	0.135733	
0.101604	0.159958	0.129869	0.15555	
0.175586	0.131671	0.13413	0.113431	
0.145438	0.160762	0.11186	0.133698	
0.100752	0.159336	0.129425	0.160402	
0.123643	0.205818	0.146824	0.147775	
0.133688	0.18672	0.120383	0.111275	
0.095294	0.168977	0.10551	0.188856	
0.0826052	0.188771	0.149707	0.160217	
0.146497	0.12454	0.140653	0.12348	
0.125141	0.202564	0.123313	0.138889	
0.0940381	0.127496	0.132434	0.158395	
0.112511	0.209702	0.133459	0.123345	
0.103454	0.169644	0.129665	0.161664	
0.108553	0.134472	0.121339	0.194256	
0.130675	0.182679	0.131323	0.115799	
0.129012	0.165162	0.117191	0.172768	
0.0962975	0.195598	0.152405	0.132651	
0.13505	0.215387	0.115455	0.179341	
0.0806416	0.221257	0.110523	0.152858	
0.132366	0.150275	0.141905	0.176829	
0.120712	0.231948	0.103941	0.121067	
0.122987	0.207632	0.148526	0.140112	
0.127796	0.163006	0.145411	0.176367	
0.0827846	0.142484	0.12898	0.15398	
0.14286	0.161695	0.100468	0.106443	
0.13899	0.140183	0.13484	0.119863	
0.121351	0.16964	0.0864867	0.15029	
0.120341	0.118345	0.121371	0.109083	
0.0907309	0.11756	0.0803794	0.153337	
0.114688	0.185922	0.126873	0.119238	
0.119924	0.107551	0.116598	0.167229	
0.146038	0.13548	0.155059	0.130227	
0.115719	0.119202	0.0999311	0.131496	
0.136253	0.204553	0.0936219	0.121941	
0.136963	0.173368	0.103754	0.121052	
0.0987649	0.149926	0.121872	0.146514	
0.0956151	0.189509	0.134274	0.162152	
0.0877032	0.216394	0.123844	0.151021	
0.139133	0.141033	0.112744	0.131421	
0.0939739	0.147298	0.124629	0.139162	
0.140043	0.235896	0.128528	0.127137	
0.124272	0.209827	0.11842	0.161189	
0.142185	0.172506	0.103992	0.185813	
0.104158	0.146481	0.11182	0.10929	
0.0876652	0.151252	0.08638	0.180273	
0.135513	0.116269	0.130877	0.127562	
0.122066	0.113654	0.116582	0.129886	
0.149283	0.11532	0.125817	0.117968	
0.159213	0.13255	0.126057	0.129666	
0.0682325	0.110868	0.104672	0.139132	
0.0733278	0.180777	0.118285	0.144793	
0.111702	0.125435	0.131509	0.167174	
0.0882709	0.138558	0.120193	0.154594	
0.0955652	0.198977	0.0999539	0.160436	
0.121362	0.177778	0.113491	0.134254	
0.179768	0.1707	0.143948	0.11958	
0.129351	0.124544	0.126884	0.179282	
0.132835	0.18467	0.146555	0.13843	
0.149292	0.154263	0.102449	0.158366	
0.119116	0.179643	0.11741	0.136099	
0.13142	0.166314	0.120963	0.171785	
0.116184	0.134251	0.0771335	0.157626	
0.132839	0.166133	0.120545	0.163347	
0.136977	0.151561	0.133104	0.160515	
0.120107	0.148664	0.144864	0.129733	
0.152174	0.145866	0.174175	0.159846	
0.137771	0.166454	0.12578	0.145955	
0.152834	0.198309	0.134435	0.189112	
0.12504	0.172924	0.111042	0.163361	
0.141451	0.213484	0.132434	0.182821	
0.112562	0.147367	0.0954261	0.139904	
0.0887679	0.129862	0.112372	0.160476	
0.141069	0.245111	0.1368	0.137598	
0.0936799	0.160034	0.100686	0.147043	
0.1613	0.199937	0.106995	0.140102	
0.120977	0.176433	0.109108	0.161923	
0.16178	0.163989	0.114437	0.112818	
0.119355	0.169644	0.107003	0.105254	
0.115427	0.167066	0.131195	0.172598	
0.0861807	0.189119	0.132534	0.174823	
0.150402	0.169221	0.147742	0.135935	
0.122008	0.217459	0.0887067	0.140599	
0.144105	0.154225	0.130555	0.171161	
0.11413	0.159189	0.136756	0.136073	
0.122348	0.125435	0.0975078	0.10206	
0.102407	0.178948	0.118196	0.165233	
0.109431	0.133781	0.134694	0.147774	
0.0912982	0.192357	0.11986	0.137706	
0.0999085	0.156015	0.111325	0.12162	
0.10778	0.224308	0.0919595	0.140291	
0.0955837	0.153255	0.0962925	0.162599	
0.098367	0.142506	0.137165	0.144106	
0.105966	0.176471	0.0850229	0.163367	
0.0883288	0.171848	0.102675	0.118699	
0.114474	0.178819	0.112163	0.17211	
0.116495	0.229146	0.141812	0.111888	
0.0877399	0.204063	0.13331	0.156251	
0.157989	0.234973	0.119214	0.128545	
0.126361	0.22161	0.157338	0.131268	
0.119786	0.147762	0.146057	0.151221	
0.121936	0.152356	0.107782	0.167816	
0.144568	0.166133	0.121489	0.146055	
0.140151	0.134025	0.103475	0.174458	
0.116332	0.157416	0.124153	0.162147	
0.130291	0.165225	0.111821	0.177584	
0.092885	0.150724	0.10735	0.175377	
0.125867	0.226624	0.137806	0.135558	
0.134546	0.200108	0.119601	0.145371	
0.127929	0.142224	0.136852	0.127109	
0.118278	0.120121	0.141948	0.12887	
0.115682	0.0854906	0.132637	0.0998078	
0.153275	0.184561	0.137441	0.166858	
0.13033	0.226013	0.138087	0.139004	
0.112605	0.165133	0.147292	0.147974	
0.103179	0.204939	0.104154	0.136216	
0.162049	0.158258	0.114843	0.149574	
0.114246	0.130051	0.134124	0.17515	
0.0957021	0.156735	0.149324	0.125893	
0.149339	0.166969	0.133397	0.155123	
0.127671	0.178969	0.0972967	0.139682	
0.108264	0.159105	0.144889	0.154791	
0.131759	0.214946	0.10635	0.14985	
0.145496	0.159639	0.137575	0.156243	
0.112116	0.158401	0.110445	0.147338	
0.168236	0.0977061	0.133957	0.144805	
0.125093	0.182052	0.119153	0.148225	
0.140952	0.225561	0.108056	0.109109	
0.139389	0.160301	0.118351	0.140133	
0.140772	0.138506	0.0992577	0.131621	
0.105478	0.197395	0.0996417	0.119008	
0.131743	0.135345	0.11437	0.151793	
0.103147	0.154898	0.117576	0.108099	
0.102257	0.148922	0.109705	0.159462	
0.133137	0.145503	0.140986	0.134255	
0.121269	0.160247	0.114535	0.136503	
0.104027	0.124276	0.135639	0.178979	
0.115233	0.155346	0.115069	0.114739	
0.125541	0.149485	0.124247	0.0785873	
0.122863	0.219848	0.11948	0.117484	
0.106057	0.183644	0.141733	0.167005	
0.102775	0.177709	0.149348	0.141193	
0.122547	0.202215	0.129681	0.168646	
0.135884	0.149237	0.112065	0.169613	
0.113261	0.0828505	0.112377	0.15215	
0.124687	0.128993	0.128811	0.120543	
0.106793	0.134164	0.104252	0.117058	
0.112006	0.135214	0.11987	0.125138	
0.0905778	0.139222	0.124944	0.144395	
0.0715224	0.193064	0.132491	0.109898	
0.112787	0.15135	0.102126	0.141014	
0.144267	0.132245	0.122164	0.106287	
0.100085	0.205818	0.120694	0.141849	
0.14221	0.1675	0.122503	0.128527	
0.166729	0.185613	0.146825	0.124885	
0.0802569	0.203973	0.148325	0.145837	
0.157466	0.177128	0.128175	0.176944	
0.0882092	0.17653	0.121868	0.13163	
0.163849	0.202469	0.149112	0.13885	
0.114229	0.139621	0.133292	0.150746	
0.0905647	0.182851	0.0907201	0.184032	
0.100922	0.266667	0.136358	0.121833	
0.0727316	0.126381	0.12582	0.14665	
0.117447	0.193839	0.138556	0.155015	
0.0742651	0.209199	0.115288	0.204317	
0.0674115	0.162788	0.130799	0.137199	
0.0978597	0.184004	0.129192	0.144164	
0.117957	0.133795	0.0976518	0.142672	
0.0820271	0.132823	0.11794	0.153277	
0.0991475	0.216492	0.139233	0.143451	
0.105106	0.138924	0.144733	0.170402	
0.116457	0.15331	0.122717	0.154117	
0.142468	0.14698	0.124868	0.137747	
0.0845178	0.163429	0.12566	0.134476	
0.10341	0.127975	0.110628	0.175462	
0.131193	0.143399	0.118961	0.147821	
0.0700697	0.167956	0.138331	0.180475	
0.107473	0.173981	0.133278	0.130024	
0.145822	0.150124	0.13087	0.142939	
0.115361	0.164064	0.125112	0.123614	
0.0859818	0.197476	0.107444	0.14829	
0.101045	0.131708	0.0986664	0.103869	
0.120726	0.154263	0.123369	0.138096	
0.142069	0.172877	0.130274	0.131178	
0.12529	0.162354	0.139947	0.145774	
0.131946	0.166771	0.134579	0.129727	
0.119648	0.116322	0.143238	0.145194	
0.137851	0.17773	0.113324	0.141337	
0.116039	0.176598	0.143914	0.156638	
0.13084	0.154263	0.130529	0.134724	
0.160916	0.171829	0.166613	0.107349	
0.132711	0.15259	0.125686	0.190015	
0.121629	0.138271	0.138044	0.155093	
0.120089	0.158559	0.109316	0.17701	
0.0953386	0.202012	0.118136	0.116529	
0.114073	0.178	0.139264	0.172328	
0.150886	0.170139	0.120866	0.178487	
0.117311	0.150345	0.153946	0.166976	
0.123412	0.195395	0.125914	0.103169	
0.118204	0.208833	0.146254	0.13633	
0.118578	0.160012	0.117217	0.131946	
0.113777	0.129233	0.118056	0.170229	
0.134965	0.14113	0.129967	0.174641	
0.12558	0.10898	0.103608	0.157271	
0.137826	0.163298	0.134268	0.15155	
0.115541	0.169702	0.114413	0.136673	
0.115568	0.152938	0.147465	0.187518	
0.0716224	0.133333	0.125918	0.138614	
0.133449	0.197362	0.133489	0.155162	
0.120561	0.203431	0.117385	0.165174	
