TD[0]	TD[1]	TD[2]	TD[3]	
0.452773	-0.218882	0.156492	-0.338263	
-1.23016	-0.837855	0.219017	0.249765	
0.176234	-0.445798	-1.09346	0.413607	
-0.139218	-0.0168032	0.855409	-0.457027	
-0.572375	0.180681	-0.364515	-0.233235	
-0.169227	0.818833	-0.452782	-0.230582	
-0.327064	-0.218386	-0.708181	0.168896	
0.398473	0.870022	-0.243165	0.779009	
-0.553035	-1.03446	-0.0852777	-0.645933	
-1.05401	2.12703	-1.01867	-0.784025	
-0.0373726	1.81759	-0.673168	-0.559141	
-0.173428	1.03346	0.477864	-0.373222	
-0.418314	-0.185375	-0.0293722	0.794138	
-0.268923	0.193536	0.234647	0.59014	
-0.196471	1.21322	0.764296	0.747093	
-1.54541	-1.20708	-0.392306	-0.230925	
-1.21086	0.519312	0.453152	0.249543	
-0.761603	1.63202	0.205961	-0.272041	
-0.505407	-0.924033	-0.172717	0.893219	
0.400347	1.06793	-0.0621533	0.123882	
0.216939	0.849173	-0.0576651	0.272638	
0.988686	1.67704	0.264427	-0.233212	
-1.16924	-1.7411	0.00439447	-0.0294186	
0.401951	1.35154	0.218646	0.163638	
0.968754	0.473434	-0.338587	-0.141731	
-0.074623	-0.642802	0.549959	-0.109807	
-0.442551	0.620786	0.0788787	0.334446	
0.427297	0.669427	-0.680496	0.230857	
1.08731	-0.101736	-0.374858	-0.436766	
-1.00048	1.40474	-0.853578	0.437232	
-0.460414	-0.110351	-0.0702452	0.585579	
0.161299	-0.0393711	-1.54196	-0.32194	
0.816134	1.50757	0.0146737	0.0655544	
0.535211	-0.836936	1.30882	-0.301702	
0.128363	0.11492	0.0574775	-0.175085	
-0.133819	-1.22839	-0.166853	-0.782528	
0.482135	1.41687	0.567411	-0.508896	
-1.00288	1.32034	0.911357	-0.297721	
0.6035	0.985572	0.385367	0.128962	
1.0759	0.436442	-0.378866	-0.923542	
-0.146724	0.0486498	0.94755	-0.549431	
-0.316387	-0.308424	-0.0377958	-0.250911	
-0.457855	0.145734	0.439017	-0.225119	
0.0808441	1.14407	-0.515094	0.523827	
1.26148	0.779726	0.072229	0.170481	
0.715391	-1.09562	-0.123062	-0.436603	
-0.691698	-0.618902	-0.786187	-0.565469	
-0.648367	0.826294	0.104904	-0.688236	
0.530381	-0.641179	0.278955	-0.622158	
1.50367	2.00312	0.407218	0.204168	
0.545789	-0.69098	-0.292404	0.14604	
-0.23611	-0.463739	0.081371	0.0919061	
1.12311	0.870022	0.178563	0.89344	
-0.509028	0.861666	-0.369344	0.176775	
-0.0286078	-0.384502	0.235899	0.217067	
-0.355756	-0.433153	-0.548446	-1.01263	
-0.312691	-0.474937	0.420611	-0.630043	
0.617401	0.488225	-0.195867	-0.827191	
-0.1179	0.425472	-0.585122	1.03597	
-1.30981	-0.657484	-0.667884	0.153628	
0.0896479	-1.99996	-0.294427	0.0295855	
0.238491	1.1412	0.0256995	0.393343	
0.165671	-0.769388	-0.734798	-0.148498	
0.12538	-0.4462	0.0200085	0.689036	
1.27618	0.3982	0.0302274	0.583179	
0.836032	-0.614937	-0.871453	-0.500505	
-0.330373	0.120301	-0.305555	0.438203	
0.645071	-0.926182	-0.359522	-0.403547	
-0.638651	-0.433153	0.1394	0.408779	
-0.530317	-1.69727	0.144911	0.502466	
-0.132663	-1.1453	-0.349429	-0.38002	
-0.551475	-0.1691	-0.189517	-0.0791284	
0.451317	0.414338	-0.258204	0.249543	
-0.464353	1.55594	-0.0629353	-0.172983	
-1.1225	1.17932	0.311207	0.671894	
0.472888	1.31418	-0.192762	0.292134	
-0.585553	-1.07336	0.518731	1.01098	
-0.321576	0.70333	0.328995	-0.26713	
-0.719846	0.581715	0.596374	-0.167502	
-0.111196	-1.68719	-0.0899291	-0.169795	
0.296589	-0.244881	0.145774	-0.768821	
1.29461	1.03078	0.572829	-0.633382	
0.0351533	-1.43337	-0.264359	-0.698286	
0.00670664	-1.30658	0.123368	0.102963	
0.544036	-0.942971	-0.0681851	-0.22534	
-0.126739	-1.79631	0.427711	0.328357	
0.720959	-0.841715	-0.0811728	-0.278084	
1.26903	-0.922532	0.0338164	-0.314614	
-1.12143	1.25894	0.180917	1.02595	
-0.900286	-1.53755	0.280224	0.541483	
-0.401606	-0.298127	-0.0844882	-1.72808	
-1.44861	-0.65976	0.100834	0.0871468	
-0.475085	-1.35968	-0.130603	-0.772974	
-0.0659018	-0.369449	-0.190356	0.780678	
-0.0447721	0.691586	-0.806974	-0.384451	
0.799287	1.30577	-0.32426	0.262334	
-0.546771	0.428706	0.144634	-0.516814	
-1.02029	-0.035533	-0.840481	-0.0572226	
0.594171	-0.179117	0.172284	-0.410809	
-0.319623	-0.963591	0.45355	-0.261662	
-0.315348	-0.375812	-0.341851	1.38632	
-1.76394	-0.261106	-0.290668	-0.12414	
0.22127	0.457684	0.104896	0.0366688	
0.556511	1.24565	0.148936	0.0458284	
-1.11409	-1.4444	-0.305915	-0.444997	
0.2989	0.160876	-0.318088	0.229244	
0.519817	1.74676	-0.106211	0.170481	
-0.737019	0.180681	-0.367914	0.59014	
0.00748075	0.899706	-0.356926	-0.115617	
-0.0890321	-0.769601	0.158137	-0.019845	
0.460165	-0.192506	-0.313857	-0.239673	
-1.14513	1.14185	-0.574197	0.732543	
0.815403	-1.38384	0.00441808	0.107327	
-0.155338	0.28213	0.542411	-0.0552751	
1.27708	-1.40753	-0.348683	-0.369178	
-0.91339	-0.259423	0.405748	0.584985	
-0.573041	0.729121	-1.04291	0.176547	
0.382073	-0.0967053	-0.188781	0.523251	
0.259976	1.36361	0.345437	0.119217	
-0.0449285	0.0930691	0.651594	-0.21138	
0.00846719	-1.5902	-0.167222	-0.324978	
-0.3586	0.109081	0.19359	-0.261162	
0.0748194	-0.783184	-0.0865965	-0.555207	
1.19579	1.21762	-0.0162241	-0.245446	
1.08025	-0.252555	0.516911	-0.0127589	
1.48159	-0.215413	-0.0901466	-0.151149	
1.2913	-0.575958	0.0238106	0.0629607	
0.0646173	-0.633512	0.284323	0.617723	
0.643145	0.417571	0.0770488	0.520923	
-0.399986	1.10023	0.694197	0.408779	
-1.28774	-1.24966	0.354209	0.653374	
0.287108	0.889762	-0.176933	-0.695562	
0.671724	0.477227	1.204	-0.0296449	
1.48778	-0.144727	-0.584177	0.390873	
-0.0379614	-0.482176	-0.0900845	0.303797	
-0.171192	0.25561	-0.420209	0.124941	
-0.0347629	-1.22839	0.363332	-0.862552	
0.59955	0.915524	-0.42961	0.145677	
-0.0434156	-1.53797	-0.15957	0.669027	
-0.240367	0.466749	0.128128	0.105712	
-0.989521	-1.13301	-0.136854	0.505315	
-0.0169784	-0.953764	-0.212109	-0.688698	
0.3815	-0.578295	0.147208	-0.0438682	
-0.273707	-0.559207	-0.379581	0.00900558	
0.884958	-0.869467	0.14549	0.388306	
-0.270662	0.230948	-0.0232141	-0.582281	
0.520404	1.60991	0.354853	-0.0248233	
0.303068	0.384494	0.134363	-0.599712	
-1.48636	-0.776918	0.218694	0.222721	
0.343286	-1.25574	-0.340283	-0.411182	
-0.145184	0.0848823	-0.333468	0.139679	
0.00210735	0.3982	-0.0584522	-0.149873	
0.910169	-0.629369	0.0161448	-0.858373	
0.639631	0.392673	0.458232	-0.159919	
-1.5624	0.911154	-0.585932	0.129613	
0.866386	-0.642802	0.0359633	0.87602	
0.474316	-0.463739	-0.0897803	0.475797	
-0.044845	0.809216	-0.277104	-0.349037	
0.00874182	-0.726396	0.247884	0.537451	
0.00598107	-1.1165	-1.24699	0.00408978	
0.868617	-1.01429	0.345386	-0.368814	
-0.275167	-1.14612	0.0659541	-0.150171	
-0.0677853	-0.171402	-0.17207	0.296759	
0.773092	-0.555498	0.0460074	-0.111584	
0.0704593	0.809988	-0.175943	-0.280341	
0.566131	0.722573	0.0450837	-0.572182	
-0.618588	-0.308424	-0.0531033	0.236704	
-0.644917	-1.1361	-0.229988	0.540358	
-0.419386	0.487417	0.489688	0.717274	
-0.23579	-0.0249628	0.504209	0.645971	
0.0112559	-1.47875	-0.86823	-0.264033	
0.662629	-0.430269	-0.423011	0.332701	
0.124962	-0.999895	0.128212	0.380152	
-0.722479	-1.26854	0.847437	-0.279812	
0.192972	-0.263912	0.504278	0.542518	
0.0451668	-0.506695	-0.823098	-0.57753	
-0.757468	0.171856	0.591101	0.774025	
-0.089385	-0.503478	-0.57961	-0.26713	
0.481933	0.996745	0.167228	0.68171	
-0.232918	-0.699528	0.237005	0.718073	
0.299148	-1.52909	0.333145	0.200481	
-0.139937	-1.18946	-0.230684	-0.555551	
-0.282073	-1.14612	0.168455	-0.52134	
0.866481	0.759503	-0.478627	0.168142	
0.248305	0.537999	-0.0295822	0.439109	
-0.107723	-1.20215	0.0675753	-0.985858	
-1.14658	0.0501094	-0.565557	-0.502954	
-0.0697594	-0.72589	0.33994	-0.0508813	
0.573297	1.19628	0.0587998	0.524344	
-1.30355	-1.84469	-1.08442	-0.182057	
-0.66923	-0.524912	-0.27222	0.0531136	
-0.307224	-1.10605	-0.346128	-0.100948	
0.910615	1.38693	-0.019263	-0.823828	
-0.394793	-0.139189	-0.195994	0.961555	
0.215806	-0.463739	0.565274	0.375279	
1.45918	-1.07546	-0.52509	0.384499	
0.0273528	-0.115527	0.561847	0.488414	
-0.0105552	1.40474	0.00772267	0.783607	
0.364646	-1.33704	1.21085	-0.38689	
-0.630575	-0.0686999	-0.0931894	0.364893	
0.027115	0.455255	-0.15716	0.258673	
-0.171928	0.737233	0.0812802	0.537549	
-0.100216	-0.39772	0.7458	0.166134	
-0.390291	-0.621868	-0.0339736	-0.23987	
0.424048	-0.844265	0.478426	0.163172	
1.08496	0.662087	0.91587	0.769621	
-0.865608	-1.17223	-0.157888	-0.350417	
0.718812	-0.864136	-0.783924	0.864632	
-1.38567	-1.43136	0.571657	-0.981272	
0.472519	-0.266158	0.00447493	0.0819388	
1.72489	2.31421	-0.1086	0.0289972	
-0.281707	-0.0415545	1.0262	-0.197832	
-0.337755	-0.306464	0.188921	0.945443	
-0.701424	-1.636	0.609732	0.431069	
0.870079	0.214998	-0.106937	-0.473353	
-0.323641	0.219615	-0.157831	0.823105	
1.60376	-0.831559	0.525098	-0.10252	
0.304637	0.114011	0.59139	-0.284736	
-1.53754	1.58441	-0.493666	-0.900063	
-1.56358	-1.03446	0.433856	0.378448	
-0.0205442	-0.942971	0.116951	-0.233235	
0.299596	2.00027	-0.448382	-0.246537	
0.0899013	-0.236115	-0.0102523	-0.594578	
0.106073	0.365424	0.588589	0.15801	
-0.476295	-0.745194	-0.0536321	0.756208	
-0.558666	0.0256393	-0.242357	0.218178	
-0.0761611	0.253043	-0.223947	0.144929	
-0.668133	-0.185375	0.0947674	0.521511	
-0.570716	-0.0445398	-0.372069	-0.274942	
-0.281365	0.567716	0.265917	0.128221	
0.199521	0.268702	-0.252812	-0.117817	
-0.960348	0.767193	-0.549706	-0.500505	
0.741454	-1.22839	-0.747693	0.0365051	
-0.634084	0.102992	-0.237675	0.337392	
-0.454753	-0.354855	0.726289	-0.274907	
-0.891364	0.154262	0.166353	0.717274	
0.270642	0.0188908	0.33493	0.70156	
0.489846	-0.783184	0.542695	-0.0468138	
-0.999019	-0.783184	0.372572	-0.00826652	
0.199836	-0.149788	0.00414217	-0.228163	
0.513342	0.276737	0.630362	-0.014723	
-0.584139	-0.399905	-0.0427912	-0.0310144	
-0.336629	1.25706	-0.278299	0.608658	
0.669572	0.197608	0.268677	0.00990293	
0.115333	-0.664739	-0.632235	1.13215	
-1.00267	-1.32853	-0.320656	0.238511	
-0.464957	0.0248011	-0.026546	0.161839	
0.284399	-0.452582	-0.498564	-0.439155	
-1.04842	-1.01545	0.316978	0.378323	
-1.3181	0.414338	-0.728818	0.249953	
-0.340581	0.594342	-0.271891	-0.841162	
0.715333	0.59878	0.311853	0.258239	
-0.313773	-0.587966	0.0966343	0.0592512	
-0.314856	-0.864136	0.243201	-0.68071	
-0.0412355	-0.31668	0.453666	-0.490436	
-0.295292	1.35487	-0.59443	-0.72067	
-0.055642	-1.97712	-0.925873	-0.453254	
-0.729437	0.882052	-0.446134	0.274013	
0.64239	0.545859	-0.364033	0.306112	
-0.251281	1.85022	-0.229625	0.192605	
0.504214	-0.391455	-0.684668	-0.429905	
0.792386	0.516494	0.275834	-0.335926	
-1.10691	-0.897575	0.627388	-0.035714	
0.388827	0.889762	0.451345	-0.343918	
-1.65105	-0.433153	-0.453751	-0.129589	
-0.085838	0.434968	0.196903	-0.181928	
-0.249511	1.88554	0.220089	-0.465283	
-0.152374	1.75746	-0.525952	0.298076	
0.175184	0.014992	0.404917	-0.453551	
0.788959	-0.381578	-0.712549	-0.490962	
0.451359	-1.0824	0.510943	0.692346	
-0.491571	0.291076	0.0632815	0.44466	
0.725926	-0.378416	-0.532592	-0.35136	
0.484958	-0.69098	0.177708	0.129613	
-1.26755	-1.24468	-0.342027	0.522498	
-0.370933	-1.04488	-0.0427429	-0.191371	
-0.755227	0.754541	0.0406174	0.0621605	
-0.0235832	-1.11024	0.0153364	-0.87871	
-0.543786	-1.2471	-1.28219	-0.194833	
0.115263	-0.35215	-0.910836	-0.496811	
0.647068	0.0930691	-0.402419	1.00054	
-1.15126	-1.39868	0.274897	0.480526	
0.222434	0.00728679	0.59238	0.256807	
-0.846172	2.02726	0.414917	0.419239	
0.752442	-0.449385	0.233123	0.285732	
1.54296	0.523355	-0.587822	0.305625	
0.00447317	-0.582621	0.218367	0.514935	
0.620014	-0.110336	0.0513267	0.961555	
-0.572778	0.577479	0.304534	0.324097	
0.198835	2.13441	-0.173643	0.136922	
0.0145289	-1.25898	-0.212653	-0.292439	
0.341344	-0.726056	-0.924328	-0.811225	
0.734236	-0.100215	-0.186907	-0.0588193	
0.406819	-0.203435	-0.155235	0.0448119	
0.2214	-1.3656	-0.18782	1.02087	
0.221737	0.225145	0.414912	-0.423749	
0.857605	1.41328	-1.18861	0.218704	
0.504636	0.806168	0.106081	-0.623501	
-0.142665	-1.32132	0.170477	0.147456	
-0.751269	0.222999	0.0519393	-0.123078	
-0.151951	0.0518103	-0.253271	-0.303286	
-0.750084	-0.754261	-0.107256	0.30277	
0.366811	-0.682351	0.156962	0.748114	
0.307214	0.819796	-0.494483	0.764538	
-0.0389361	-0.153004	-0.183755	0.113779	
0.198054	0.0788131	0.31448	0.231564	
0.397651	1.42763	0.177298	-0.414315	
0.533096	1.11842	-0.0754327	0.0482485	
-0.112248	-0.313772	-0.976087	-0.167502	
-0.414884	-0.101736	-0.183894	0.0651874	
0.167984	1.33722	-0.605702	0.102845	
0.933333	-0.107043	-0.776914	-0.135433	
0.0242609	-0.183929	0.507209	0.670526	
-0.825656	0.624223	-0.429179	-0.0411808	
-0.258545	0.0599468	0.135983	-0.0822229	
-0.929552	-0.659907	-0.0225194	0.739403	
-0.854043	-0.245965	0.493531	-0.593813	
-0.0141646	-1.46436	-0.150675	0.620262	
0.61297	-0.843876	0.321666	-0.520477	
-0.184757	-0.922532	0.20256	-0.665393	
0.033651	-0.756005	-0.116342	0.369478	
0.143633	0.787758	-0.0586447	0.221694	
0.673996	-1.49289	0.147384	0.560431	
1.36037	-0.739015	0.129884	0.617059	
0.38854	-0.625967	-0.26119	0.100618	
0.507742	0.721918	0.157083	-0.280074	
0.011653	-0.0906837	0.735305	-0.0793519	
-0.316783	-0.562375	-0.145453	0.437202	
-0.691112	-0.134433	0.207259	0.316957	
0.475014	-1.26429	-0.215165	-0.371174	
-0.774111	-1.40085	0.125938	-0.458218	
1.41086	-0.14916	0.636547	0.732765	
-0.929594	0.0134928	-0.230724	-0.342714	
0.024614	-1.62714	-0.173905	-0.409851	
-0.0774574	-0.35215	0.363014	-0.621899	
1.17605	-1.7411	-0.22198	-0.189614	
0.80785	1.68876	-0.326688	0.5325	
-0.166323	-0.333611	0.0580896	-0.482143	
0.578424	-1.06318	0.245021	0.491364	
0.135092	-1.15432	-0.631147	-1.04644	
0.855093	-0.0132383	-0.195791	-0.246668	
0.609535	0.587722	-0.144311	0.163172	
1.63391	0.519312	-0.00146826	-0.614432	
-0.564232	0.788757	0.0303616	0.0109023	
0.421793	-1.53388	1.00262	0.00672038	
0.341569	1.27967	-0.322215	-0.464504	
-0.391903	0.453846	0.214766	-0.441897	
0.371696	0.248872	0.0468997	0.944711	
-0.0809428	-0.152022	0.253411	-0.531849	
-0.129769	1.10741	-0.294517	-0.438897	
-0.23454	0.772839	0.260856	0.3138	
0.153573	-0.347444	0.692367	-0.0974742	
-1.09329	-0.0855057	0.637897	0.809221	
-0.046595	0.594342	0.622937	0.133136	
-0.0916361	-1.04261	-0.403481	-0.0662519	
0.666685	-0.65186	0.406976	0.264133	
0.961644	-1.7411	-0.207817	0.0372293	
-1.28568	-0.229691	0.586569	0.850728	
-0.201637	0.525941	-0.312585	-0.654097	
-1.16731	-0.118403	-0.0133893	0.8194	
-1.09318	-0.141235	-0.908216	0.249481	
1.05741	-0.249636	-0.105551	0.105712	
0.115132	-1.56222	0.991275	-0.0154394	
-0.115639	-1.49289	0.943017	-0.358673	
-0.710122	-0.108159	-0.0117765	0.311891	
-1.13495	1.99389	0.672294	-0.0814366	
0.418668	0.906854	-0.494761	0.579686	
1.65972	-0.735986	-0.158973	-0.798125	
0.669268	-0.461821	-0.0994928	0.752551	
0.0602162	1.2714	-0.524933	0.752859	
0.348842	0.882052	0.502006	0.297372	
-0.255493	-0.110336	0.351212	0.981851	
-0.402238	-1.1361	0.648079	-0.313261	
0.161723	-1.83913	-0.88924	0.681923	
-0.989509	0.202686	-1.09993	0.321089	
0.22926	-1.18946	0.202373	0.181706	
0.326396	-0.329436	0.309467	0.117615	
0.066756	-0.242511	-0.559842	0.565992	
0.357338	-1.0993	-0.571986	0.0793595	
-0.160348	0.364573	-0.640822	-0.133565	
-0.554898	-0.196965	-0.312674	-0.207814	
1.37571	1.06089	0.063034	0.36292	
1.03003	0.376439	0.833553	-0.368152	
-1.49469	0.0558362	-0.828996	-0.389851	
1.3466	1.67729	-0.207897	0.687626	
0.261149	-0.664062	0.074968	-0.18249	
-0.620794	-1.70758	-0.384811	0.234829	
-0.352132	1.32034	-0.538349	-0.973947	
0.256016	1.33176	0.107416	0.131134	
-1.42368	-1.52681	0.0528373	0.196465	
-0.00937961	-0.849737	0.0120437	1.27051	
0.31935	0.0538183	0.277644	-0.22973	
-0.217167	-0.891946	0.0223662	-0.708753	
0.764674	-1.18946	-0.561443	-0.117256	
0.325431	-1.6372	0.314957	-0.129092	
0.186758	-0.76376	-0.466531	0.60536	
-1.8207	1.88995	0.215906	-0.111859	
0.660318	0.629065	-0.165089	-0.118553	
-0.254225	-1.44535	0.391512	0.0476793	
0.339231	0.397005	-0.193539	0.195078	
0.505621	-0.837855	0.535098	-0.0362295	
0.0802846	-0.767103	0.673356	-0.143646	
0.034763	0.810659	-0.315774	0.230439	
0.329545	-0.610728	-0.109234	-0.858391	
-0.199302	-0.822322	0.128488	0.956455	
0.893284	-1.7104	0.830668	-0.136409	
0.4841	1.30104	-0.305542	0.605034	
0.294987	-0.200937	-0.756391	-0.614665	
-0.52474	0.721918	-0.212311	-0.586724	
-0.617373	1.01752	0.376815	-0.0801849	
0.172625	-0.309069	0.549474	-0.273359	
-0.145773	-0.463739	-0.296775	0.0217275	
0.905344	0.283896	-0.049356	-0.0974742	
-0.219755	-0.336289	0.458948	-0.877382	
0.168258	-1.55597	0.366072	-0.0668252	
0.967903	0.80504	-0.362726	0.562557	
0.562412	0.57619	0.903358	-0.0684047	
0.424793	0.646936	-0.477711	0.554818	
-0.192326	0.0848823	0.148553	-0.166182	
0.323678	-0.991032	-0.383762	0.395635	
0.243845	0.606776	0.54766	0.494311	
-0.585778	-1.46428	0.328246	-0.137861	
-0.0637946	-0.215413	-0.184178	0.390873	
-0.0259621	-1.24468	-0.249316	0.255973	
-1.01263	0.934577	-0.0188798	-0.777422	
0.646953	1.06089	0.130222	-0.131466	
0.60301	-0.86572	-0.248355	-0.299539	
-0.195755	-0.934433	-0.275813	0.258239	
1.61098	2.4079	0.2072	0.582457	
-0.480556	-1.00226	0.0486308	0.382062	
-0.305344	0.353441	0.389731	0.689661	
0.379448	-0.886043	-0.282853	0.213817	
0.0492381	1.08901	-0.103322	-0.270659	
-0.196166	-1.94429	-0.556621	0.425843	
0.0246568	0.95842	0.554558	0.440029	
-0.245595	-0.886043	-0.190715	0.77019	
-0.815323	-0.0132383	0.811549	0.271401	
0.676293	-1.39868	-0.234134	0.352292	
0.512611	0.351915	-0.569886	0.211652	
0.427361	0.484432	-0.00481023	0.259665	
-0.512854	0.109081	0.466763	0.754969	
0.345033	1.08718	0.416481	0.462377	
1.20386	-1.27892	-0.190883	-0.216191	
-0.512034	-0.3966	0.660205	-1.00317	
-0.0530869	-0.419883	-0.0638329	0.190449	
0.148293	1.04986	-0.116163	-0.58307	
-0.0612393	0.649127	0.546945	0.626917	
1.04146	0.0655782	-0.143822	-1.36991	
0.224423	-1.6372	0.245021	0.00849916	
0.553709	0.76156	0.13821	-0.341035	
-0.714413	0.594342	0.150623	0.300896	
-1.01308	-0.686709	0.308168	0.366254	
0.719453	1.12794	0.626386	-0.0679519	
-0.301432	-1.05161	-0.401332	0.0842796	
0.356642	-0.196313	0.2771	-0.034017	
-0.643047	0.118049	-0.232813	0.0409549	
-0.288345	0.160876	-0.575114	-0.345575	
0.702741	-1.25898	-0.056144	-0.340707	
-0.110195	-0.567496	-0.318441	0.156555	
0.190605	-0.897575	-0.496894	0.205376	
-0.105495	-0.0855057	0.0357499	0.432513	
0.10624	0.0634828	0.545957	-0.325167	
-1.50693	-1.18658	0.530332	0.923477	
-0.232707	0.664005	0.442644	-0.0819187	
0.146606	0.182867	0.0511288	-0.572182	
0.647207	0.937745	-0.372579	0.563064	
-0.403418	0.216376	-0.0475949	-0.219377	
0.486163	-0.0661191	1.39874	0.12266	
-0.052152	0.26307	-0.315276	0.176775	
-0.914096	-0.313772	0.28032	-0.262307	
0.244157	0.0737717	0.328814	-1.38745	
-0.343279	-0.127291	0.154954	0.432629	
0.656986	-0.809554	0.0422986	0.334457	
0.630988	-1.36478	-0.613982	-0.300452	
0.670978	1.11792	-0.516528	-0.498945	
-1.41327	-0.616333	-0.173272	0.00601141	
0.03849	0.129647	0.0848182	-0.677135	
0.866243	0.0264471	-0.343297	0.0651874	
-0.16867	-0.0624684	-0.286663	-0.1454	
0.58429	-1.27892	0.158148	-0.350787	
-1.28074	1.61102	-0.157701	-0.940743	
-0.485199	-1.80644	-0.0657653	0.553363	
-0.816842	0.0268174	0.156648	-0.312567	
0.0199736	-1.62991	-0.510023	-0.371496	
-0.370846	-1.05406	0.165654	-0.171249	
-0.965643	-0.0810856	0.660014	-0.114838	
-0.59069	0.192083	0.65226	0.432629	
-1.11872	-1.57285	-0.00147466	-0.448059	
-0.605158	-1.00226	0.197698	-0.314577	
0.309432	-1.95824	0.339972	0.739653	
-1.21735	-0.506101	-0.481689	-0.181474	
0.065195	-0.105814	-0.336609	0.0365051	
-0.0950828	-1.33087	-0.143888	-0.857511	
0.668931	2.46193	0.05419	1.04484	
-0.474844	0.136671	0.261718	-0.152337	
0.0453914	-0.574611	0.0748613	0.204111	
-0.720995	-0.299485	-0.177433	-0.455685	
0.714809	-0.494123	-0.0149512	0.622607	
-1.3844	-0.279198	0.732758	0.769621	
0.220478	-0.317553	0.231447	-0.0927936	
-0.762301	0.00625143	-0.8958	0.0209756	
-0.593596	-1.39515	0.29877	-0.350438	
0.690885	-0.281429	-0.516657	0.578019	
-0.974213	1.63303	-0.0431978	0.267493	
-0.291699	-0.967369	0.206901	-0.196996	
0.521445	0.516494	-0.358748	-0.0433015	
-0.80747	0.76156	0.301724	-0.605612	
-0.266638	0.197968	-0.258014	0.295924	
-0.491574	0.760526	-0.285176	-0.491657	
0.758794	1.47492	0.203078	0.639555	
0.904666	-0.0888546	-0.959584	-0.141731	
0.361255	0.147595	0.435938	0.508926	
-0.0389369	-1.49247	0.0910215	0.70293	
-0.149131	1.05895	0.0957482	0.281043	
-0.78184	0.866349	0.0947873	0.108166	
-0.589171	-0.215491	0.32808	0.514935	
0.278531	0.244477	-0.147101	0.0903078	
-0.117452	0.774822	0.147551	-0.443426	
-0.198057	1.56168	-0.973821	-0.259979	
0.211877	0.90675	0.455889	-0.659549	
-1.40106	-0.861019	-0.244263	0.438836	
0.651073	1.19457	-0.119818	0.015351	
-0.0773301	1.58902	-0.704642	-0.441897	
0.338198	-0.474937	-0.0383935	-0.131682	
-0.388174	-1.4128	0.0638625	0.341895	
-0.925666	-0.274135	0.550061	-0.69933	
-0.121206	-0.371981	-0.562429	0.422487	
-0.107928	-0.360139	-1.26213	-0.32194	
0.504671	-1.00226	-0.288466	0.487028	
-1.96586	-1.62991	-0.0403993	-0.606077	
-0.0737206	0.835409	-0.306231	0.820481	
-0.853305	0.640404	0.59413	-0.0807086	
-1.29281	1.79964	-1.05643	0.675736	
1.20062	1.10787	-0.0699283	0.397872	
-0.323578	-0.279198	-0.538605	-0.462024	
-0.290489	-0.657484	0.0794955	0.22992	
0.547704	1.26305	0.272674	0.24153	
-0.454892	0.378934	0.12752	0.619886	
0.083998	-1.49805	-0.250661	0.176775	
0.509788	-0.223983	0.195762	0.934616	
0.456869	0.070655	0.185158	-0.085277	
-1.74968	-0.313772	-0.338465	-1.04697	
-0.956459	-0.517786	-0.737612	0.253148	
0.321186	-1.52499	-0.42499	-0.965279	
0.737504	0.563631	-0.0574898	-0.139229	
0.0386715	0.435676	0.178763	0.592677	
0.536167	-1.65792	-0.208373	-0.314614	
-0.963673	-1.27962	-0.732773	0.144023	
-0.637186	-0.886043	-0.608549	-0.48311	
-0.0165243	-1.7411	1.10525	0.355692	
-0.573504	0.90782	0.125858	0.816307	
0.541688	0.403437	-0.848137	0.161662	
-0.294163	-0.918146	1.14534	-0.420408	
1.26719	-1.45655	-0.161366	0.183548	
-0.737315	0.804452	0.664584	0.395159	
0.0593799	-2.00908	0.306526	0.544169	
-0.890049	0.511675	-0.61373	-0.875318	
0.163211	-0.121506	0.417141	0.376864	
1.14247	-0.315074	0.470147	-0.115158	
0.227611	-0.494811	-0.882595	-0.532826	
1.32334	1.40474	-0.145691	-0.465283	
0.0276263	0.912638	0.125938	0.497435	
-0.287345	0.523871	0.239788	0.387837	
-1.32752	1.67137	0.767116	0.039153	
0.73709	1.60874	-0.324764	-0.438416	
-1.56539	-1.32015	-0.22795	0.835554	
0.0616668	-1.14612	-0.606549	0.10489	
-1.21705	-0.430269	-0.230726	-0.386346	
-0.260861	-0.127463	0.26348	0.61351	
-0.429277	-1.39161	0.479145	-0.0689276	
-0.893142	0.137413	-0.180701	0.0646501	
0.20954	-0.517786	-0.544856	0.401196	
1.22832	-0.400097	0.110809	0.326884	
0.0250262	1.73657	-0.144713	-0.242223	
0.109343	-0.482367	-0.285096	0.902478	
0.105538	0.327646	0.12012	0.693716	
0.162312	0.130399	0.560451	0.484425	
-0.619587	-1.39515	-0.0253202	0.289682	
-0.835095	0.0436415	0.301891	0.564496	
-0.316	-0.213508	0.575286	-0.423749	
0.284216	0.882759	0.658629	0.394566	
0.243139	-1.91299	0.365194	0.0979875	
-0.0400434	0.683309	-0.388268	0.297372	
-0.175588	0.80504	-0.0177513	-1.01281	
1.26024	-1.82179	0.468475	-0.455642	
-0.378266	-0.0759452	-0.259396	-0.0512892	
1.47966	1.176	0.515675	-0.602427	
-0.420213	0.499655	-0.288098	-0.0534575	
-0.08013	0.818018	0.702149	0.192446	
0.773092	-0.0173659	-0.39533	-0.66219	
-0.108415	0.663241	-1.05367	-0.261162	
0.149143	0.98429	0.28082	0.510151	
-0.357963	0.110916	-0.170336	0.139607	
0.409612	0.0634828	-0.121793	0.575597	
-0.397426	-0.347675	0.277435	-1.48754	
0.839098	-0.127463	-0.552324	0.930327	
0.372712	-1.21084	-0.89558	-0.576964	
0.658034	0.52752	-1.11211	0.400322	
-0.718905	0.432973	-0.687996	0.163172	
0.601224	-0.879211	-0.565605	0.156884	
-0.538254	-0.279514	0.0101585	-0.0597589	
0.637697	-1.11173	0.662371	-0.503976	
0.644671	0.679546	-0.49356	-0.561516	
-0.2583	0.327646	-1.05937	-0.439616	
1.14724	0.681896	0.461978	-0.358673	
0.550488	0.787758	0.597018	0.687102	
0.0787788	1.4153	-1.13452	-0.124441	
0.468473	0.895655	-0.102584	0.148816	
1.12869	0.485585	0.268425	0.620288	
-0.241366	-1.53425	-0.747144	0.270682	
0.268559	0.205357	-0.466249	0.0599772	
0.156457	0.220011	0.227867	0.269268	
-1.30072	-0.846023	-0.478427	-0.0456677	
0.0986364	-0.612435	-0.613095	0.00539264	
-1.06472	0.688991	0.728048	0.441782	
-0.149532	-0.562375	0.211291	-0.18249	
0.166409	0.335307	-0.928341	-0.378192	
-0.043116	-0.408829	-0.147438	-0.5035	
-0.707659	-1.17645	0.338398	1.0965	
-0.0215415	0.50103	0.7874	-0.245446	
0.0264408	-1.40085	-0.0998808	-0.143291	
0.908302	-0.132162	-0.0778812	-0.695357	
0.0237181	-0.559207	0.757984	0.503836	
0.603985	-0.652805	0.0192803	0.368397	
0.274846	1.43725	0.440074	0.256807	
0.864175	0.302353	0.0634349	-0.189614	
0.297018	-0.0965784	0.0096407	-0.652587	
-0.162923	-0.329436	0.221851	0.283718	
-1.04877	0.466006	0.00919098	-0.162311	
-0.812747	-0.832541	-0.40303	0.037923	
0.0580136	-1.08864	0.249123	0.0117126	
0.118819	0.637363	-0.151616	0.571765	
0.400048	0.709509	-0.170276	0.313198	
0.128625	-0.281429	0.419037	-0.171249	
0.199798	-0.339564	0.277743	0.894067	
0.307971	-1.48905	0.778785	-0.169335	
0.371531	-0.891946	0.260224	0.0800653	
-0.904943	-0.299485	0.556361	0.689661	
-0.383008	-0.825228	-0.312089	-0.530039	
0.112073	2.11181	0.404462	0.416361	
0.38621	0.270857	-0.225032	-0.919603	
-0.458973	-1.0403	0.642311	0.46944	
0.61854	0.117398	0.204075	0.534883	
0.698512	-0.355592	-0.119274	-0.244039	
-0.136577	-1.76109	-0.180745	0.167783	
0.446156	-0.842697	0.27334	0.250322	
-0.504414	0.125168	0.0773428	-0.0765103	
0.0192009	-0.861359	-0.589969	-0.228163	
0.995824	-0.184632	0.18877	0.712084	
-0.244873	-0.303434	0.149923	-0.6002	
-0.256101	-0.178187	0.118446	-0.567775	
-0.696364	-1.5116	0.289518	-0.0411368	
0.729143	-0.590162	0.00313501	-0.229517	
0.166833	-0.417024	0.856801	0.494311	
-0.340382	0.60162	0.832323	-0.600325	
-1.6321	0.476031	-0.679168	1.12572	
-0.338389	-0.991839	0.697048	0.614963	
-0.608979	-0.586084	0.0725248	-0.645517	
-0.0299382	-1.66841	0.0544058	0.403705	
-1.16526	-0.325439	-0.254341	-0.379032	
0.743527	0.193142	0.660111	-0.402607	
-0.428249	0.702614	-0.989709	-0.608301	
-0.00628165	-0.720612	-0.0872735	-0.0512892	
-0.487923	1.04567	-0.194088	0.772745	
0.0689031	-0.608569	0.182208	-0.395199	
-0.207226	0.27389	-0.831344	0.491236	
0.23564	-1.45806	0.280504	-0.234646	
-0.317751	0.52353	0.0479537	0.195594	
-0.906878	0.520401	0.00398947	-0.387873	
0.416217	-1.09773	-0.420752	-0.590202	
0.00637593	1.79477	-0.7332	0.379126	
0.431819	1.03455	-0.675406	-0.019845	
-0.794739	0.204838	0.0921816	-0.154594	
0.878957	0.811243	-0.271271	0.731784	
0.522588	1.30577	0.252492	-0.564061	
-0.221339	0.826294	0.866343	0.249543	
1.53384	0.404198	0.617135	-0.434731	
-0.534552	0.663455	-0.0551798	0.0688757	
0.537089	0.307721	0.20795	0.712084	
-0.516506	0.432103	0.172563	0.302622	
1.12912	0.949277	-0.789291	-0.576388	
0.60959	1.06557	0.341339	-0.711443	
-1.00487	-0.183929	0.00307482	0.835554	
0.549216	-0.506695	0.29399	-0.786312	
0.0365233	-0.0661191	-0.290608	-0.0166993	
-1.25096	0.10088	0.119848	-0.481187	
0.520535	-1.10059	0.552125	-0.0961431	
-0.181461	-0.196313	-0.397838	-0.737901	
0.260154	-0.463987	-0.943387	0.390873	
0.111205	1.89437	0.666391	-0.085277	
0.180338	-0.536972	0.19561	-0.239478	
0.886385	-0.475613	0.373048	-0.446481	
-0.776728	-0.00527422	-0.440746	0.306775	
-0.812765	0.17857	0.681003	1.16296	
0.0309327	-0.341395	-0.219887	-1.03988	
1.22845	0.0675697	0.404098	-1.19116	
0.0938412	-0.850104	0.116951	0.933222	
0.275562	-1.78768	-0.398934	-0.359736	
-0.32548	-1.38818	-1.29699	0.00236191	
0.0313045	0.796827	-0.208202	0.192605	
2.17357	0.882052	-0.922986	-0.156972	
0.120724	-0.652176	-0.496582	-0.642608	
0.0869001	-0.924033	-0.281767	0.234829	
0.842164	-0.499666	0.559569	0.580239	
-0.956994	-0.178158	1.08483	-0.125114	
-0.279156	0.117398	-0.477497	0.455213	
-0.0911309	0.0868117	-0.012881	-0.175085	
-0.120195	-1.70072	-0.544795	0.272638	
-0.246653	-1.06202	-0.195202	0.0521093	
-0.686815	-0.972735	-0.364993	-0.808115	
0.707772	0.0411923	-0.000368967	-0.489342	
-0.375806	0.376394	0.283544	0.0523946	
0.31584	1.15432	0.0129121	-0.287023	
-0.369426	-0.896272	-0.789983	0.419239	
-1.69747	-0.655517	0.684502	0.176296	
-0.0261999	-1.16496	0.0935799	0.167205	
0.496081	-0.775256	-0.467674	-0.280074	
-0.750908	-0.461821	0.452945	-0.0265193	
-0.402635	-0.449385	0.441129	-0.0100487	
-0.424637	0.400733	0.395181	0.476177	
-0.568992	0.463632	-0.154486	-0.527066	
-0.334195	-1.13979	0.967906	0.158945	
-0.456354	0.25998	-0.489027	0.282301	
0.0453503	-0.23906	-0.529158	0.397872	
0.30862	-0.606599	0.652743	-0.580848	
-0.189517	-0.174103	0.471784	-0.379032	
1.30951	0.192083	0.208726	-0.0435554	
-0.570818	-0.218882	0.322546	-0.0880407	
0.0921639	0.783641	-0.0918878	0.255082	
0.0708099	-1.4425	-0.476347	-0.440477	
-0.913536	-0.313772	0.569937	-0.621576	
0.180755	-0.245965	1.02348	0.622607	
1.16379	0.712654	-0.0298301	-0.590245	
0.442364	-1.52286	1.07763	-0.176034	
-0.906646	-0.304825	0.00489355	0.903378	
-0.413553	0.544689	0.31016	-0.756218	
-1.32158	-0.178158	-0.332215	-0.203797	
-0.374902	-0.0918644	-0.387209	-0.262321	
0.19726	1.06089	-0.809087	-0.20976	
0.587893	-0.861605	-0.0137416	-0.367235	
-0.372677	-0.449385	1.24008	-0.224064	
-0.0520162	-0.302238	0.636778	-0.466349	
-0.668085	-1.54137	-0.0783974	0.443032	
0.242123	0.479269	0.178907	0.0660678	
-0.0408264	-1.16934	-0.407863	0.312595	
-0.443648	-0.952909	-0.644738	-0.470264	
-0.495923	-1.09562	0.19197	-0.149873	
-0.436958	0.393748	-0.37329	-0.526239	
-1.54728	-0.446799	-0.640611	-0.402361	
0.191871	0.147984	0.234658	-0.284736	
-0.119758	-0.396193	0.17858	0.681997	
0.737514	-0.359112	-1.096	0.205758	
-0.53547	-1.14612	-0.642409	-0.469343	
0.053429	1.4113	-0.216532	0.461216	
0.280085	-0.279868	0.0574336	-0.101535	
-1.02569	1.53625	-0.0287496	0.241035	
0.127477	-0.87557	-0.75747	0.144023	
-0.559425	0.476031	-0.173377	-0.416844	
-0.470215	0.299799	-0.735433	0.310089	
-0.511854	-0.985596	-0.34102	0.828228	
0.473553	-1.57527	0.694282	-0.309498	
-0.283489	1.15915	-0.582013	0.300763	
-0.302306	0.224692	-0.115061	-0.463304	
-0.361804	-0.155881	-0.11228	0.737993	
-0.628164	-0.229691	-0.146237	0.563292	
0.392475	-0.0116382	-0.582858	-0.0862425	
0.898217	-1.20714	-0.0537741	-0.361968	
0.15816	0.0894471	-0.650586	-0.557585	
0.767566	0.558892	-0.876703	0.621092	
-0.325159	-0.0893169	-0.729711	0.844944	
0.422241	1.05457	0.286141	0.0992338	
-0.0609204	0.310943	-0.384651	0.908064	
0.674089	-1.77323	0.402329	-0.729831	
-0.512985	-0.271405	0.0128249	0.0651874	
-0.0956949	-0.127463	0.348186	-0.215107	
-1.26802	0.398039	0.129951	-0.018812	
-0.481231	0.117398	-0.217578	0.614134	
0.143633	0.880558	0.614536	0.139607	
-0.701953	0.515018	-0.563796	-0.949049	
0.700439	1.09625	-1.20776	-0.014723	
-0.413597	-0.625967	-0.133216	-0.226703	
0.806815	-1.38129	0.0497335	0.249765	
-1.145	0.557352	0.322986	0.249953	
0.192095	-1.90129	-0.105414	-0.940667	
0.11397	-1.76515	0.562991	0.0404301	
0.268349	1.36069	0.586355	0.438836	
-0.490301	0.452368	-0.198068	-0.601948	
0.175973	1.05009	0.245242	-0.768821	
-0.612219	-0.0116382	-0.182383	-0.134044	
-0.535796	-0.412594	-0.116812	0.412769	
-0.5443	-0.0263561	0.364591	0.0252621	
-0.47762	-1.14612	0.217025	0.323072	
1.60719	-1.18364	0.257	-0.624439	
0.720541	-0.280873	-0.35319	-0.394981	
-0.356523	-0.178842	0.0971085	0.109497	
0.164246	0.867251	0.594118	0.21163	
0.405667	-1.38818	-0.0555297	-0.687674	
-0.642416	-1.01545	-0.528418	1.05215	
-0.957821	0.838263	0.724955	0.257469	
0.72707	-1.24827	0.442964	-0.462286	
0.110501	0.847798	-0.00680516	-0.214877	
-0.628659	-0.419852	0.259181	0.24196	
-0.162161	1.24909	0.300999	-0.339742	
-0.526773	-0.129722	0.155291	0.508551	
-0.333989	-0.393632	-0.0840071	1.08147	
0.367335	0.715042	0.249496	-0.356868	
0.23618	0.422925	-0.151089	0.554313	
-0.662952	0.818833	0.816384	-0.131907	
0.457516	1.42685	-0.256612	0.777698	
-0.909887	1.31359	-0.34971	0.230439	
0.37806	0.200707	0.501405	0.688758	
-0.0466288	1.58638	-0.566323	-0.429227	
0.136294	1.06185	0.644997	-0.0568529	
0.237485	0.0248011	0.690153	0.474471	
-0.969932	-0.0208775	0.177361	0.375339	
0.549414	0.418662	-0.718353	-0.735632	
0.480192	-0.415758	0.422687	-0.402655	
0.137232	0.416061	-1.12082	0.127371	
0.0911726	-0.433153	-0.0437214	-0.865149	
-1.71417	-0.87272	-1.08311	0.238511	
-0.116598	0.539033	0.0809284	-0.433156	
0.108604	-1.29864	-0.168048	0.453134	
0.766102	-0.545789	0.850372	-0.258656	
-0.0702642	-0.720612	-0.666305	-0.236505	
0.441563	0.880558	-0.737256	-0.388319	
0.520327	-1.62806	-0.442491	-0.312459	
-0.659471	0.0268174	0.0449576	-0.00628653	
-0.64111	0.749432	0.333164	0.380823	
-1.10047	1.51035	-0.0160238	0.113312	
0.569063	-0.127531	-0.369205	-0.255564	
-0.591872	0.000628199	0.0575778	-0.0112513	
0.60331	1.69266	0.135728	-0.654064	
0.147998	1.01398	-0.113222	0.470335	
0.694203	0.446482	-0.653327	0.911939	
-1.37278	-1.03527	-0.314176	-0.462024	
-0.978649	-0.259434	-1.05971	0.737248	
0.473553	-0.529298	0.205257	-0.316168	
0.169344	-1.39083	-0.192341	-0.44881	
0.813631	-0.856226	-0.0494772	-0.630102	
1.05688	-0.761949	0.0960922	-0.148498	
-1.49478	-0.896383	-0.568489	-0.018812	
-1.27676	-0.560279	-0.097184	0.0784453	
-0.168469	-1.18946	0.181353	0.632052	
-0.947079	-0.281163	-0.160944	0.508551	
-0.697011	0.761106	-0.648244	0.265939	
-0.0238526	0.0262192	-0.200501	-0.261662	
1.63227	-0.241474	0.608042	-0.428241	
0.234404	-0.957539	0.135089	0.815389	
0.324989	0.684929	0.601651	-0.0926383	
0.782192	0.138919	-0.611159	0.44466	
-0.140982	0.197968	-0.0803721	-0.169173	
0.337735	0.301573	-0.100292	0.661054	
-0.0887804	-0.437654	-1.20977	0.192259	
0.325799	-1.24468	-0.054014	0.446692	
0.523066	-0.279223	0.279719	0.46214	
0.0250823	-0.283376	0.542508	-0.315848	
0.886899	-0.32531	1.33618	0.446062	
0.456445	0.323047	0.103558	0.173502	
0.927356	0.898423	0.27051	0.998181	
0.124021	0.396928	-0.259181	0.282575	
0.61688	-1.31156	0.132913	0.798282	
-0.245316	-0.255282	-0.743905	-0.0676385	
-0.780807	-1.53448	-0.154557	0.441118	
0.658659	-1.70779	0.312004	-0.149873	
-0.884917	0.314741	-0.59639	-0.129373	
1.17856	0.957614	-0.347882	-0.154594	
0.0866876	-0.606802	-0.505777	0.230086	
1.17427	-0.144255	-0.234112	-0.636722	
-0.0637348	-0.14916	-0.446914	-0.787024	
-0.0979904	0.225145	0.142119	0.696362	
-0.893223	0.533813	0.263089	0.681803	
0.858024	0.399507	0.614364	-0.00309703	
0.10637	1.54519	-1.0163	0.00562326	
0.782927	-0.90337	0.153219	0.528646	
-0.0776606	0.141473	0.344288	-0.125602	
0.0339954	-1.18946	-0.721955	-0.791031	
-0.481231	0.515018	-0.108147	0.46243	
-0.236587	-0.337078	0.226375	0.0190547	
-0.852749	0.76836	-0.0527061	-0.193153	
-0.587219	-0.0638375	-0.369629	-0.544211	
-0.283409	1.6183	-0.857796	-0.0139179	
-0.904796	0.0280293	-0.767954	0.380152	
-0.545207	-0.586084	0.34279	0.119217	
-0.390063	0.443925	-1.20895	0.298076	
-0.851547	-0.281429	-0.686126	-0.543878	
-0.0835007	0.560283	-0.300948	0.505612	
-0.0823149	1.51717	0.445843	-0.538288	
-0.774608	1.11979	0.221757	0.336403	
1.07304	1.66793	-0.0950807	-0.174723	
0.200084	1.28389	0.901162	-0.251509	
-0.0749039	-0.0398657	0.600041	0.283678	
0.0231552	-0.391233	-0.414301	0.516302	
0.705343	-1.24468	0.0153118	0.315121	
0.652067	-0.171402	-0.493315	0.61351	
-0.113565	0.268702	-0.0130477	0.318156	
0.348978	-0.0982008	-0.302106	0.699636	
-0.743521	-1.10428	-0.328901	0.857269	
0.169521	1.64884	0.440833	-0.214416	
0.413921	0.932831	-0.163679	0.0779967	
0.202028	-0.336667	0.380276	-0.384093	
0.0163192	-0.825396	0.44056	-0.0375992	
-0.0659574	-1.59457	0.216517	-1.11235	
0.934156	0.76836	0.381923	0.518774	
0.356495	1.47266	0.46723	-0.0362295	
-0.139136	0.372689	0.664987	0.205198	
-0.538079	-1.92458	-0.458322	-0.243032	
1.20559	-0.347444	-0.247027	0.146918	
-0.135885	-0.221054	0.344459	0.681997	
-0.522204	0.158676	0.720432	-0.273659	
0.867565	0.138919	0.213185	0.276312	
0.262689	0.37291	-0.768052	0.0295199	
-0.283971	0.00625143	0.544661	0.262334	
0.308646	1.23393	-0.475203	0.147456	
0.779164	-0.681728	0.416925	0.376973	
-0.198942	-0.127595	-0.37835	0.133499	
1.37227	-0.926182	0.327856	0.0665164	
0.114953	0.545604	-0.15605	0.309178	
0.616674	-1.62991	-0.459617	-0.63207	
0.495971	-0.00864111	-0.132737	-0.0201835	
0.629622	-0.263912	-0.591841	-0.285311	
-0.32717	1.14436	-0.625479	-0.3476	
0.324989	-0.223983	-0.223343	0.280332	
-0.407459	-0.391233	-0.083606	-0.578951	
-0.479061	-0.0855057	-0.423287	0.243359	
0.389371	-0.171402	0.507034	-0.127575	
0.079264	-0.4313	-0.272667	-0.0810402	
-0.357355	-1.5902	0.320072	0.681923	
-0.162585	-0.332055	-0.311311	-0.645208	
0.223204	-0.339564	0.0363726	-1.33076	
0.11477	-1.96119	-0.169685	-0.420629	
-0.334359	0.712654	0.38594	0.608485	
-0.431575	0.335307	0.58196	-0.105236	
0.155757	-0.869467	0.150371	0.468411	
0.436536	-0.475613	-0.375509	0.45549	
-0.260071	-1.53448	-0.230958	0.152843	
0.140794	-0.61667	0.0908942	-0.441329	
-0.353286	-1.7411	-0.478812	-0.455636	
-0.134243	-0.462944	-0.209586	-0.475784	
-0.848788	-0.72589	-0.0313994	0.102772	
-1.24865	0.705102	0.233366	-0.846546	
-0.246406	-0.611507	-0.55207	-0.0124925	
0.704079	-0.939783	-0.0267377	-0.702888	
-0.473468	0.867251	-0.0763614	0.0610177	
0.671144	0.144759	-0.00791354	-0.235746	
1.26657	0.665329	0.54866	-0.27237	
-1.76147	0.804452	0.625927	0.131134	
1.0878	-1.34768	0.137685	0.70156	
-0.822004	0.644701	-0.0305385	-0.268481	
1.29546	1.06557	0.601865	-0.0136692	
-0.183537	-1.32015	0.247366	0.102845	
-0.79415	0.793683	-0.847709	0.798365	
-0.619774	1.83053	0.264061	-0.613753	
-1.35807	-0.257501	0.0647309	0.213994	
-0.0358372	-0.697946	0.442601	0.355689	
-1.13466	1.01382	-0.217327	1.19351	
-1.40085	-0.1691	0.0451162	-0.144313	
-0.537687	-1.11197	0.119769	-0.258494	
-0.0423442	-0.82229	-0.775656	-0.0103016	
-1.05996	-0.563519	-0.178212	0.272291	
-0.523727	-1.56043	0.398347	-0.0211418	
-0.384153	-0.1691	0.686149	0.587506	
-0.100656	-0.188464	-0.00720559	0.181706	
0.519685	-0.405068	-0.0439685	-0.126238	
-0.977944	-1.60987	0.0576052	-0.0588193	
-0.42776	-1.43337	-0.303084	0.535192	
0.375657	-0.520586	-0.15862	0.0592512	
-1.46296	-1.01872	0.421646	0.682182	
-0.349798	0.0423012	0.320643	-0.24755	
0.641016	-0.282773	0.123091	-0.061345	
-0.178784	-0.0668851	0.0390399	-0.74672	
-0.842425	0.930934	-0.52025	0.139607	
-0.485856	-0.46971	-0.639388	-0.716928	
0.0871513	0.138919	-0.0040084	-0.148398	
0.638599	-0.279019	0.160479	-0.230329	
0.149959	-1.08568	0.400624	0.0195987	
0.270588	-0.0425445	0.38504	-0.394981	
0.128521	-1.59457	0.572006	0.0764084	
0.491434	0.623231	-0.158578	-0.166182	
-0.129949	-0.573119	0.529911	0.520923	
0.360435	0.138919	0.230963	-0.140024	
1.24894	0.0926602	1.24633	-1.16153	
0.30519	0.0486498	0.000185926	0.879742	
0.100305	-0.318478	0.353061	0.263596	
0.0532261	-1.22916	-0.325847	0.815552	
-0.703671	1.24145	-0.13124	-0.459734	
-0.184492	0.50001	0.441413	0.450569	
0.96864	0.197968	-0.0451504	0.838963	
-0.0408932	-0.0918644	0.827079	0.337392	
0.162066	0.90675	0.0714052	-1.2041	
0.00738586	1.34806	0.709105	-0.217573	
-0.0678678	-0.212061	-0.0900049	-0.289372	
-0.225318	-0.581518	-0.140738	0.5677	
0.447099	-0.0643379	0.160436	0.724292	
0.194268	-1.07328	-0.485509	0.226795	
0.600737	0.0509972	0.170141	-0.0350139	
-0.112589	0.528877	-0.334295	-0.0582072	
-0.081383	0.109081	0.712104	1.01713	
-1.37732	-0.682351	0.106226	-0.168949	
0.388101	0.709509	0.195742	0.249611	
0.035018	0.957614	-0.224569	0.442115	
