FF[0]	FF[1]	FF[2]	FF[3]	
1.06628	-0.532453	0.270041	-0.730254	
-1.70166	-0.459879	0.117088	-0.122177	
-0.888531	-0.796226	-1.49522	0.485634	
-0.00645089	-0.217356	1.48188	-0.357936	
-0.280111	0.255104	-0.0589428	-0.0946872	
-0.690472	0.466477	0.0513641	-0.431599	
0.2832	-0.451573	-0.78028	0.109264	
0.0318961	0.890969	-0.374616	0.827484	
-0.63539	-1.20415	0.146287	-0.937698	
-0.715045	2.39736	-1.87273	-0.494817	
0.113693	1.6792	-1.14509	-0.355937	
-0.312003	1.44902	0.967049	0.0879444	
-0.210547	-0.556282	0.339091	0.363313	
-0.59578	-0.562266	-0.07572	0.491061	
-0.363732	1.59845	0.291865	0.713096	
-1.80817	-1.37196	-0.380292	-0.591298	
0.188634	0.950618	0.746966	-0.646873	
-0.45416	1.46978	0.430187	-0.590724	
-0.555264	-0.858897	-0.137354	0.882617	
0.447919	1.36707	-0.295197	-0.592037	
0.193017	1.80971	-0.402903	0.344632	
1.24367	1.73471	0.0655417	0.35869	
-1.31499	-2.73492	0.0322718	0.099608	
0.193298	1.22991	0.621187	0.274514	
1.14325	0.193524	-0.203757	-0.139579	
0.195971	-1.20831	0.695193	0.00243275	
0.172446	0.72887	0.511413	-0.134277	
0.845089	0.611964	-0.660976	0.0720598	
0.496028	-0.451128	-0.795576	-0.666463	
-1.94332	1.06916	-1.21473	1.18456	
-0.770523	-0.601228	-0.102651	1.02976	
0.392775	-0.473765	-1.52316	-0.948734	
0.825927	2.02867	0.310582	-0.178743	
1.16186	-0.753281	1.12673	-0.481174	
0.218561	0.327219	0.421074	-0.619346	
-0.0422544	-1.19548	-0.391396	-0.699362	
1.29027	1.14491	0.912678	-0.653001	
-0.105685	1.11256	1.35904	-0.527326	
0.609949	1.43241	0.627846	0.320263	
1.48827	-0.202547	-0.469912	-1.54983	
-0.692979	0.211372	1.24789	-1.31127	
0.127529	-0.694327	-0.379766	-0.646873	
-1.06459	1.20304	0.505554	-0.434097	
-0.0912645	1.2454	-1.06531	0.511122	
1.47442	0.7597	-0.399805	0.399475	
0.990929	-1.15161	-0.174179	-0.571177	
-0.558629	-0.762271	-1.28919	-1.12609	
0.247664	0.371041	0.356772	-0.906094	
0.436057	-0.625786	0.581132	-0.63536	
1.11578	2.159	0.350704	0.52011	
0.192093	-0.555459	0.000953367	0.146576	
-0.13595	0.372364	-0.156157	0.0219062	
0.502087	0.274144	0.554773	1.21472	
-0.675619	1.05756	-0.245948	0.147055	
0.475667	0.164487	0.0990785	-0.256361	
-0.596995	-0.499752	-0.525211	-1.6605	
0.143836	-0.653308	0.687651	-0.421156	
0.711588	0.650133	-0.0371256	-0.492725	
-0.000330162	1.54206	-0.817195	1.16224	
-1.96109	-1.09664	-1.29178	-0.319111	
-0.741954	-2.03754	-0.247617	0.125239	
1.05977	0.739041	0.0591562	0.436867	
0.648885	-0.520787	-1.20733	-0.467327	
0.382439	-0.781311	-0.532591	1.00203	
0.68235	0.526075	-0.0491636	1.47267	
0.822438	-0.387741	-1.23431	-1.09911	
-0.62963	-0.333275	0.192631	0.461106	
-0.2873	-1.63982	-0.315993	-0.627147	
-0.835021	-0.499752	-0.242329	0.682657	
-1.19542	-2.18764	-0.384647	0.235734	
0.464106	-1.17499	-0.635581	-0.505578	
-0.61133	-0.649241	-0.178886	-0.284067	
0.75411	0.799344	-0.452265	0.624852	
-1.18061	1.56624	0.0806696	0.435034	
-1.63167	1.44828	0.595816	0.804079	
0.648233	1.09404	-0.0638896	-0.106905	
-0.797601	-2.30922	0.39795	0.523649	
0.518154	0.6227	0.456914	-0.510089	
-0.487567	0.0387655	0.671444	-0.253244	
-0.377568	-1.34247	0.342401	-0.702877	
0.37439	0.985197	0.361899	-0.75952	
1.45688	0.72446	0.549555	-0.463242	
0.454232	-1.72711	-0.0392787	-0.990954	
-0.655642	-1.75864	0.0495392	0.0852795	
0.814887	-1.54411	-0.549532	-0.1498	
0.484027	-2.27813	0.384535	0.306598	
0.792724	-1.64944	0.00283837	-0.789227	
1.84155	-1.97941	-0.123504	-0.77018	
-2.09818	0.940242	0.196675	1.33475	
-1.01513	-2.34982	0.762876	0.532631	
-0.737123	0.0687077	-0.228891	-1.98679	
-1.51256	-0.832916	0.267366	-0.0698766	
-0.0138668	-1.89506	-0.0347207	-1.28532	
-0.115389	0.072887	-0.43245	0.980303	
-0.0744725	0.183793	-0.867336	-0.945869	
0.50639	1.13617	-0.796345	0.263065	
-0.517644	0.225743	-0.0392499	-0.716042	
-1.11302	0.0685934	-1.13391	-0.0308828	
0.238864	0.727049	0.206309	-0.288774	
0.702396	-1.76386	0.438056	-0.592872	
0.411583	-0.389213	-0.781975	1.88988	
-2.26978	0.822433	-0.32535	0.00266498	
0.324441	0.213158	-0.483885	0.498594	
-0.0927116	1.64226	-0.00254449	-0.12376	
-0.690447	-0.858948	-0.566003	-0.915316	
0.419021	-0.515338	0.170555	0.40017	
0.838119	1.64022	-0.287961	0.608724	
-0.298764	-0.400878	0.370446	1.57865	
-0.231314	1.06945	-0.309029	-0.351435	
0.303321	-1.0485	-0.256968	0.0955623	
0.871914	-0.586186	-0.613169	0.130394	
-0.687405	1.22506	-0.521569	1.35284	
0.577643	-1.25454	-0.005396	0.444457	
0.189012	1.55388	0.486534	-0.428739	
1.75852	-1.63369	0.175043	-0.734691	
-1.54302	0.437322	0.603328	0.757734	
-0.721747	0.754527	-1.77683	0.38147	
0.568877	-0.391962	-0.317406	0.735541	
0.0879848	1.67228	0.460063	0.291721	
-0.232771	-0.0536811	0.683049	-0.0435152	
-0.20479	-1.5149	0.0170302	-0.806169	
-0.217897	0.328973	0.227179	-0.355792	
0.470596	0.288686	0.56951	-0.295948	
0.722025	0.753158	-0.365506	-0.162241	
0.899772	0.606871	1.17555	-0.0723174	
1.60576	-0.532075	-0.151408	-0.128085	
1.37995	-1.10205	-0.103215	0.23458	
-0.142975	-0.342569	0.318806	0.718465	
0.903562	0.123365	0.726403	0.781933	
-0.603106	1.6537	0.538978	0.500982	
-1.35122	-1.20263	0.351958	0.67599	
0.469862	0.910741	-0.525907	-0.908759	
1.02041	0.668536	1.38573	0.431591	
1.59536	0.215207	-0.872667	0.758735	
-0.217735	-0.808476	-0.382437	0.457026	
-0.6381	0.177214	-0.58039	0.620941	
0.583263	-1.19548	0.363799	-1.11725	
0.277226	0.930464	-0.480687	0.23946	
-0.00361214	-1.9272	-0.36964	0.993297	
0.854476	1.00584	0.532926	0.430674	
-1.48736	-1.33889	-0.564182	1.20229	
1.19416	-1.2954	0.299129	-0.766696	
0.659922	-0.181972	0.132475	0.0383068	
-0.693821	-0.775483	-0.877616	-0.0858946	
0.714569	-0.701754	0.93159	0	
0.00893591	-0.342523	-0.159849	-1.3688	
0.240809	1.50067	0.316924	-0.118611	
0.184891	0.0835421	0.32741	-0.59182	
-1.933	-1.04626	-0.310003	0.605755	
-0.52716	-1.52516	-0.5298	-0.763606	
0.215271	-0.465724	-0.512207	-0.219311	
-0.69843	1.0092	0.502445	-0.583442	
0.258713	-0.705055	0.136118	-0.947829	
1.09246	0.20578	0.235517	-0.0688163	
-1.78486	0.596264	-0.849896	0.250573	
-0.00841782	-1.20831	0.382948	1.07161	
0.0367747	-0.950508	-0.141017	0.493583	
-0.132084	0.728853	-0.150894	-0.619061	
-0.139009	-1.23536	0.0547644	0.337997	
-0.930949	-1.76738	-1.58459	-0.2175	
1.05529	-1.56785	1.01202	-0.748334	
-0.741954	-2.0783	0.159108	0.265533	
0.0168334	-0.517497	-0.268873	0.785588	
0.717296	-0.979906	-0.0163253	0.343578	
0.0457538	0.863917	-0.608221	-0.241627	
-0.0155994	0.856638	-0.051716	-0.620048	
-1.02354	-0.694327	0.433689	0.0758768	
-0.222231	-1.86886	0.55773	0.122392	
-0.0453028	0.849861	1.26972	1.22379	
-0.325256	-0.802005	0.900869	0.596871	
0.899562	-2.15397	-1.29413	-0.235734	
0.992642	-0.288686	-0.785944	0.616298	
0.170269	-1.49524	0.187997	0.386015	
-0.878788	-2.28148	1.11058	-0.477555	
-0.0046906	-0.734978	0.0983735	0.421067	
0.00607094	-0.0860108	-1.28569	-0.580045	
-0.958131	0.107514	0.635743	0.992009	
0.730319	-0.351672	-1.16759	-0.308497	
0.0555919	1.28287	-0.200372	1.17526	
0.659219	-1.34841	-0.108928	1.33605	
0.341181	-1.03832	0.11516	-0.183511	
-0.885272	-1.49211	0.0381112	-0.661272	
0.133103	-1.47879	-0.0870479	-0.40013	
0.895435	0.875731	-0.743136	-0.0795603	
0.314832	0.667355	0.0170795	0.875343	
0.379433	-0.810359	0.312095	-1.14884	
-1.05728	-0.249096	-0.0124044	-0.963402	
-0.508032	-1.02847	0.0319909	-0.146574	
0.620388	1.00993	0.779336	0.504887	
-2.07468	-1.55577	-1.28401	0.830404	
-0.547819	-0.970106	-0.167531	0.148722	
-0.0145409	-1.59725	-0.368341	-0.565762	
0.985791	1.40017	-0.207414	-1.20434	
0.0214605	0.0389213	-0.205628	0.940763	
-0.0766426	-0.0685934	0.405074	0.525246	
1.6583	-2.0284	-1.41104	0.126963	
0.467126	0.0467056	0.514339	1.3287	
0.735282	1.06916	-0.213989	0.87662	
-0.609361	-2.19881	1.77512	-0.777049	
-0.675558	0.633896	-0.0371895	0.320026	
-1.02498	1.39049	0.0963752	0.640428	
-0.167722	0.150307	0.171818	0.020044	
0.31214	-0.918512	0.388141	0.412898	
-0.2638	-1.01003	-0.0975467	-0.184968	
-0.0296908	-0.727889	0.492667	0.361484	
0.315342	1.25372	1.13014	1.38313	
-0.353446	-2.19119	-0.643203	-0.79286	
0.261949	-0.110247	-1.28255	1.20443	
-1.90107	-2.21335	0.718727	-1.89214	
0.604352	0.498413	0.181289	-0.40155	
1.46131	2.0939	0.292684	0.575945	
-0.0315793	-0.273371	0.944809	-0.264254	
-0.927509	-0.517961	-0.265308	1.2712	
-1.0302	-2.53375	0.934463	0.0644209	
1.08352	-0.213889	0.0832023	-0.966314	
-0.262823	1.22831	-0.582117	0.843336	
1.25229	-1.06415	1.09222	0.255589	
0.596051	0.528872	0.651487	-0.740047	
-2.89965	1.28333	-0.350557	-1.04902	
-1.97584	-1.20415	0.590589	0.671647	
-0.240092	-1.54411	0.742305	-0.497871	
0.428253	2.01581	0.197122	-0.678917	
-0.294991	-0.147986	0.262598	-0.889452	
-0.116653	0.288293	0.390698	0.55368	
-0.951164	-1.32602	0.131257	0.587165	
-0.971009	-0.352766	-0.323549	0.757125	
0.327331	0.376948	-0.224416	0.37025	
-1.0453	0.0258736	0.372075	0.569051	
-0.87947	-0.280233	-0.108066	0.00258276	
-0.449485	0.579756	0.09864	0.0357845	
-0.301017	0.940242	-0.0839942	-0.41526	
-0.244633	1.16511	-1.03684	-0.710149	
1.2926	-2.0774	-1.0688	0.0559533	
-0.95802	0.367585	-0.401395	0.698226	
-0.37084	0.612482	0.787463	-1.01116	
0.40453	0.71941	0.305635	0.596042	
0.694939	0.888734	0.240999	1.10204	
0.08612	-1.07877	0.662025	-0.229082	
-0.862852	0.288686	0.507038	0.167912	
0.712319	0.874477	-0.371074	-0.45694	
0.849896	0.712362	0.717642	-0.0856018	
-0.201053	0.212981	0.165814	0.159654	
-1.38061	1.85065	0.728852	1.02847	
-0.604846	-0.466284	-0.213372	0.0462223	
0.132271	-1.01086	-0.609235	1.04512	
-1.12809	-1.72221	-0.0525833	-0.116779	
0.207546	0.26142	0.211321	0.0469952	
-0.13296	-1.26563	-1.03354	-0.815485	
-1.40142	-1.41658	-0.4519	0.387718	
-1.76764	0.199836	-1.23359	0.36912	
0.136556	-0.0700583	-0.68426	-0.839267	
0.90457	1.04957	0.759387	0.0824695	
-1.13337	-0.609858	0.265735	-0.0679999	
0.028741	-0.66148	0.178393	-0.453397	
0.380967	0.41878	0.344713	-1.01003	
0.0476978	1.73945	-0.816654	-1.17867	
-0.905275	-1.84449	-0.375997	-0.959156	
-0.669059	0.362565	0.120967	0.809747	
0.788446	1.04394	-0.671149	0.214369	
0.213422	1.94034	-0.623382	0.707202	
0.449102	-1.24637	-0.594369	-0.498594	
1.04948	0.515027	-0.138811	-0.0802808	
-1.29721	-0.758024	1.20439	0.624695	
-0.0111013	0.910741	0.696072	-0.429062	
-1.85271	-0.0587943	-0.565116	0.305544	
0.213239	0.736544	-0.179852	0.0823156	
0.0182155	1.8188	0.600744	-0.648772	
-0.387681	1.67054	0.122882	0.549027	
0.777594	0.666943	0.410681	-0.375694	
0.744746	0.279142	-0.975262	-0.466054	
0.486363	-2.11306	1.18224	1.33852	
-0.686003	0.344599	0.0205848	0.754443	
1.15012	0.543345	-0.436697	-0.433588	
0.78078	-0.555459	0.247158	0.571696	
-2.02712	-1.63286	-0.0753467	0.839079	
-0.78258	-1.13669	-0.0114824	0.428443	
-0.674774	1.01828	-0.0915372	0.583941	
-0.136248	-1.27381	-0.169653	-1.50305	
-0.136044	-0.912043	-1.71214	-0.50249	
-0.522406	0.319155	-1.15389	-0.817968	
0.722303	0.429449	-0.316859	1.31979	
-0.329838	-1.97546	0.225007	0.387751	
0.832347	1.1883	0.834169	0.317133	
-1.11712	2.2734	0.568124	0.140504	
0.751412	-1.19172	0.248952	0.290933	
1.64387	0.957464	-0.62786	-0.0505846	
-0.203782	-0.106579	0.0924636	0.721195	
0.868192	0.226839	-0.0226087	1.54554	
-0.869547	1.76818	0.69253	-0.0598385	
0.619663	1.7571	-0.427234	0.300152	
0.40025	-0.323369	-0.385582	-0.536312	
-0.0496443	-1.14238	-1.51739	-1.11861	
0.843275	-0.679855	-0.0716697	0.107795	
0.761481	-0.879322	-0.0298975	0.55053	
0.38577	-2.5534	-0.959841	1.36533	
0.107335	-0.091164	0.509028	-0.733505	
0.716122	1.06882	-1.53542	0.149596	
0.188752	0.477914	0.0825578	-0.814041	
-0.270175	-0.993619	0.298635	0.167934	
-0.217549	0.166138	1.03403	-0.957721	
-0.585269	1.10276	0.135674	-0.178211	
-2.14235	-0.838603	-0.11928	0.65628	
0.308008	-0.364656	0.0368348	0.797942	
0.271443	0.875363	-0.847955	0.982383	
0.621564	0.676638	0.533429	-0.17731	
-1.14052	-0.494394	0.762334	0.580045	
0.402152	1.21271	-0.228446	-0.932072	
1.02137	1.38421	0.154043	0.203653	
0.279633	-1.14877	-0.926569	0.110106	
-1.20484	-0.0751879	-0.7451	-0.555294	
0.215906	1.24978	-0.16477	0.533905	
1.02856	-0.323422	-0.89892	-0.122392	
-0.355442	-0.416594	0.343065	0.725983	
-1.59964	1.20415	0.151013	-0.0951131	
-0.613765	-0.636862	0.458298	-0.26938	
-0.756295	-0.487192	0.263225	0.459005	
-1.67879	-0.644173	0.512921	-0.625029	
-0.118758	-1.41483	-0.326854	1.18891	
0.207721	0.0584795	0.42937	-1.01329	
-0.800495	-1.09749	0.233905	-1.05683	
0.0765584	-1.35889	0.280472	0.411964	
0.262879	0.24673	0.325234	-0.107179	
0.788631	-2.18487	0.275889	0.374361	
1.36819	-1.0387	0.10262	0.787256	
0.594236	-1.31892	-0.451921	0.139469	
0.465742	0.620966	0.292443	0.272484	
-0.138796	-0.925025	1.03781	-0.084934	
-0.638852	-0.225564	-0.527808	0.604715	
-0.686335	0.743982	0.301472	0.360297	
0.352927	-1.07184	-0.132339	-0.0199243	
-1.66138	-1.99965	0.474482	-0.0980721	
1.98632	0.0266448	0.800209	0.858293	
-0.191386	1.18673	-0.530485	-0.447367	
0.0726656	-1.42242	-0.462125	-0.277158	
1.37541	-1.08201	0.525651	-1.14826	
1.06492	-1.36746	-0.381118	-0.347883	
1.03546	1.52341	-0.718465	0.307404	
-0.412408	0.154201	-0.0157635	-0.253635	
1.06546	-1.60374	0.62362	0.0858946	
-0.342375	-2.04943	-0.969396	-1.40068	
0.664696	-0.285185	0.319939	-0.242205	
0.728964	0.253126	-0.200269	0.361484	
2.01626	0.950618	0.37812	-0.928938	
-0.163876	1.03993	0.272635	0.283431	
-0.343178	-1.73	0.590862	0.250641	
0.61215	1.37187	0.220851	-0.247294	
-0.196187	1.54825	0.0264118	-0.984831	
0.440266	0.297569	-0.0357129	1.39797	
-0.174417	0.0387655	-0.618993	-0.287727	
0.808356	1.48827	-0.472342	-0.418495	
0.163145	0.716604	0.233714	0.364076	
0.498626	-0.247816	0.697359	-0.703102	
-2.03002	-0.216414	0.287312	0.909133	
-0.807739	-0.0700583	0.653716	-0.170217	
0.154846	-1.28848	-0.133345	-0.365803	
0.485262	-0.541435	0.722041	-0.207869	
1.07215	-2.73492	-0.200122	-0.178922	
-1.04507	-0.492899	0.785881	1.05998	
-0.173248	1.0276	0.388092	-0.679792	
-1.51213	-0.134746	0.201883	0.744973	
-1.03917	0.577103	-1.13613	0.666246	
1.5583	0.440957	-0.44518	0.430674	
0.956172	-2.32229	0.996641	-0.0156651	
-0.536033	-1.58537	1.51018	-0.209249	
-1.23121	-0.239331	-0.506961	0.710483	
-1.52432	2.13984	0.821783	-0.354315	
0.837732	0.823623	0.227283	1.31928	
1.80175	-1.04568	-0.696845	-0.946069	
1.19664	0.182752	0.0486993	0.817973	
0.531027	1.87336	-0.572779	1.24956	
-0.0822104	0.803523	0.441653	0.275396	
0.196348	0.226839	0.14173	0.900404	
-0.358303	-1.86886	0.570124	-1.11745	
0.718915	-2.99445	-1.50159	0.638375	
-1.73458	0.590384	-0.638648	0.314056	
0.36497	-1.49211	-0.0603241	-0.0352266	
1.09246	0.425432	-0.288613	0.266498	
0.742495	0.0790481	-1.35787	0.641221	
1.03365	-1.56039	-0.376495	0.472646	
-1.03473	-0.250377	-1.65424	-0.383068	
0.0405444	-0.658259	-0.784183	0.31766	
1.25091	1.20263	0.129418	0.647439	
1.12855	0.41807	1.17019	-0.476045	
-1.00265	1.20126	-1.4545	0.149454	
1.32476	1.49926	0.0991824	0.734045	
1.46422	-1.42096	0.292778	0.571655	
0.0127826	-1.83698	-0.142296	0.309138	
-0.923836	1.40364	-1.13025	-1.36181	
-0.202252	1.04113	0.529883	0.0366531	
-1.43888	-1.70793	0.46077	0.605583	
0.392986	-0.808479	0.173905	1.38749	
0.283851	-0.577103	-0.393552	-0.156548	
-0.519328	-0.20578	0.1379	-0.920016	
0.222627	-1.49211	-0.813016	-0.182694	
0.633408	-0.200501	-0.0541067	-0.467488	
0.708198	-1.56461	-0.141429	0.885307	
-2.00905	1.4816	0.7157	-0.301711	
0.404903	0.476944	-0.101835	0.0299192	
-0.742187	-1.0359	0.155148	0.0790971	
0.933393	0.424924	-0.433863	0.575691	
0.714122	-0.0541034	0.791227	-0.317133	
0.162909	-1.42022	0.34758	-0.0617656	
0.411062	0.748108	-0.100857	0.225331	
0.444043	-0.83614	0.496033	-1.23812	
-0.776397	-1.79295	0.053444	1.15189	
1.22603	-2.81375	0.690215	-0.16786	
0.693598	1.68825	-0.167766	0.720593	
0.0684217	1.01898	-0.802215	-1.33484	
0.440605	0.620966	-0.261782	-1.23589	
-1.003	1.27381	0.260475	-0.157234	
0.132868	0.120718	0.772893	-0.163125	
-0.788801	-0.0685934	-0.120899	0.122392	
0.28063	0.19378	-0.0718676	-0.456268	
0.693162	-0.703345	0.216928	-0.733021	
0.632759	-0.72446	0.221573	-0.260788	
0.585897	1.13804	-0.978475	0.698691	
0.642985	0.705532	0.701993	0.719917	
0.333092	0.310124	-1.01157	0.79415	
-0.405209	0.698586	0.195822	-0.00589335	
-0.0430175	-0.941895	-0.180876	0.508445	
0.665943	0.715331	0.316244	0.621749	
-0.20177	-1.44787	0.275109	-0.425544	
-0.481304	-0.860066	-0.18861	0.0501052	
0.420501	-1.63286	-0.6499	0.296796	
-0.750445	0.751132	-0.113603	-0.741187	
0.890724	1.20263	0.00450519	-0.527667	
1.15956	-1.68622	-0.442028	-0.120264	
-0.342972	-1.80809	-0.497438	0.0824695	
1.96578	2.15425	0.848083	0.501623	
-0.0711078	-1.66358	0.384799	0.72569	
-1.30029	1.20727	0.621432	0.927905	
0.0750496	-0.799344	-1.06639	0.44549	
0.85546	1.31494	-0.202287	-0.226524	
-0.141174	-1.42857	-0.791793	-0.221961	
0.221122	1.02612	0.87419	0.474968	
-0.42858	-0.799344	-0.275862	1.45206	
-0.7065	-0.819908	1.10977	0.415129	
-0.346486	-1.97546	-0.758062	0.283121	
0.659181	-0.344092	-0.730957	-0.161277	
0.0689014	0.235177	0.113659	-0.14412	
-1.26115	0.328973	0.538008	0.498352	
0.205353	0.459648	0.262857	0.398902	
1.32075	-0.835421	-0.575239	-0.402425	
-0.325412	0.204903	0.846625	-1.42978	
-0.0422498	-1.13617	0.294688	0.461218	
-0.33663	0.676691	-0.70222	-0.744701	
-0.377773	0.176696	0.383336	0.939278	
1.64521	-0.181115	-0.167861	-1.66866	
0.226147	-2.45614	0.62362	0.276356	
0.0531653	1.00751	0.378242	0.424838	
-0.224448	0.280233	0.34515	-0.264783	
-0.723132	0.182516	0.35681	0.201955	
0.233992	1.67546	0.519153	0.104106	
0.0789675	-1.13704	-0.478787	0.278055	
1.05435	0.721233	0.61417	-0.250528	
-0.41202	0.49611	-0.795023	-0.185981	
-0.539366	-0.515338	-0.8032	-0.654162	
0.0712323	-1.64624	-0.354588	-0.466023	
0.252348	-0.648694	-0.435229	0.0458164	
0.0469893	-0.430033	-0.437322	0.367888	
0.80878	0.595138	0.055897	0.370593	
-0.793361	1.02897	0.305338	-0.72569	
-1.51273	-0.411216	0.0995194	1.18463	
0.373122	1.18372	0.709644	0.477785	
0.364295	0.155002	0.0148826	-0.620048	
0.914857	1.08133	-0.772408	1.01142	
-0.333762	0.0756131	-0.343235	-0.735535	
1.12717	0.0587943	1.44895	0.436783	
-0.0072559	0.871837	0.0856675	-0.138405	
-0.957372	-0.665645	0.255866	-0.796708	
-0.457417	0.459271	0.165074	-2.10754	
1.0734	-0.401761	0.311167	0.556981	
0.403426	-0.72887	0.249858	0.0542381	
1.33452	-2.44786	-0.810889	-0.745739	
0.92351	0.626587	-0.932026	-0.868149	
-2.24009	-0.17443	-0.0271049	-0.0711583	
-0.286381	-0.280998	-0.0590657	-0.415129	
0.712291	-0.256881	-0.263524	0.297018	
0.490127	0.652798	-0.453572	0.00988714	
-0.00179191	-1.96324	0.244566	-0.035462	
-1.60275	1.38485	0.0135597	-1.46474	
0.0176374	-1.98506	-0.0915322	0.260361	
-1.39411	-0.00685361	0.398315	-0.909051	
-0.158232	-2.55324	-0.797782	-0.306672	
0.570377	-0.265204	-0.131361	0.504887	
-1.4316	1.33187	1.03677	-0.504419	
-0.432061	0.147901	0.737848	0.73287	
-1.00878	-2.37655	-0.00188431	-0.718442	
0.0116854	-1.66358	0.478428	-0.402645	
1.03057	-1.34847	0.352219	0.676142	
-1.21087	-0.0813875	-0.547995	0.378156	
0.654712	-0.559541	0.222937	-0.104608	
-0.407723	-1.95399	-0.20949	-1.08872	
0.895521	2.27168	0.175599	1.08103	
-0.539814	-0.0874643	0.221043	-0.247739	
-0.0928901	-1.23889	0.835791	0.791984	
-1.30487	-1.14583	-0.400757	-0.453372	
0.590801	-0.778426	-0.455796	1.22177	
-1.08728	0.586186	0.453993	1.20724	
0.111696	0.154475	0.484395	0.0206267	
-1.47896	-0.32212	-1.33771	0.40013	
-1.53334	-2.26333	1.28373	0	
0.108795	0.758024	-1.26726	0.989171	
-1.42723	1.72013	-0.174016	0.225101	
-0.540907	-0.934111	0.233075	-0.650857	
0.825299	0.265821	0.0492032	-0.294363	
-0.25276	1.44345	-0.210122	-1.13502	
-1.22143	1.18917	-0.259123	-0.0494357	
-0.0782633	0.633902	-0.590863	-0.355781	
1.06996	1.50588	-0.107376	0.824695	
0.917819	0.640371	-1.25827	0.0966314	
0.0833111	-0.20939	0.372339	0.486723	
-0.3881	-1.66907	-0.0854823	1.38178	
-0.543002	1.40757	0.160142	0.404179	
-0.321048	0.960222	1.03908	-0.034156	
-1.26966	0.716082	0.334635	0.357845	
0.644019	-0.459813	-0.0263023	-0.159654	
-0.150181	1.10788	-0.489923	-1.07848	
-0.649645	1.97159	-1.61481	-0.685539	
0.062095	0.687118	1.002	-0.833162	
-2.42912	-0.491598	-0.266439	0.920323	
1.19983	1.03915	-0.133281	0.296666	
-0.146194	1.37756	-0.828057	-0.796973	
0.160302	-0.0711523	0.0323805	0.33642	
-0.538189	-2.02867	-0.50563	0.837111	
-0.0346717	-0.102625	0.410637	-1.15063	
0.308294	-0.480154	-0.131676	0.643271	
-0.737037	-0.90377	-1.63763	-0.0692896	
0.619766	-1.66358	-0.576925	0.568123	
-1.90682	-1.85265	0.298526	-1.03545	
-0.144626	0.808479	-0.825497	0.934096	
-1.59125	0.543024	0.570407	-0.0397075	
-2.20859	1.53845	-1.43571	0.658627	
1.51209	1.61201	0.171981	0.460008	
-0.242984	-0.612831	-0.86584	-0.983525	
-0.0762675	-0.13291	0.176145	0.17731	
0.680048	1.75565	-0.503609	0.335921	
-0.634065	0.502188	0.240718	0.546199	
-0.0650432	-1.57829	-0.245616	-0.423865	
0.0530121	-0.569218	0.876635	1.16442	
0.782633	-0.437322	0.333324	0.72603	
-2.67177	-0.665645	-0.412651	-0.640425	
-0.975578	-1.1365	-0.630955	0.632812	
0.467152	-0.867041	-0.621187	-1.78536	
0.378223	0.517961	0.0806093	-0.062081	
-0.109431	0.100251	0.356227	1.02232	
0.82482	-2.39054	-0.0665869	-0.0666246	
0.143119	-2.00084	-1.15126	-0.0285339	
-0.0657194	-0.799344	-0.825324	-0.655586	
0.397669	-2.05119	1.06012	0.116668	
-0.23757	1.14635	0.390296	1.4231	
0.253602	0.56782	-0.31967	-0.231442	
-0.300384	-1.43556	1.22312	-0.231442	
0.949282	-1.65661	-0.615454	0.642261	
-1.54152	0.319738	0.397945	0.429024	
0.260579	-2.13313	0.23575	0.257066	
-1.63265	1.00523	-0.498739	-0.637051	
-0.123689	-0.723327	-0.299165	0.333383	
0.317374	0.731006	0.508858	-0.826332	
0.251911	0.309997	-0.241425	-0.205451	
1.3088	1.06916	-0.313926	-0.648772	
0.262115	0.372364	0.088889	0.113642	
0.140167	0.757695	0.00832411	0.65362	
-1.7716	1.18569	1.1539	0.161052	
0.496589	1.90796	-0.647121	-0.797416	
-0.960635	-2.1068	-0.191287	1.05533	
-0.0921848	-2.0783	-0.576056	0.0276455	
-1.15231	-0.288686	-0.579926	-0.668896	
-0.412971	-0.827954	0.276722	0.575304	
-0.912801	-1.66595	0.765664	0.145891	
-1.82789	-0.144276	-0.190808	0.152181	
0.369122	-1.1365	-0.708656	0.49823	
0.747587	0.427637	0.198664	0.559322	
0.026992	1.86559	-0.342336	-0.411578	
0.586371	-1.23568	-0.152822	0.87187	
0.354975	0.772699	0.152938	0.883988	
0.593124	-0.476944	0.626136	0.52376	
-1.06173	-2.26333	-0.301464	0.054694	
-1.49272	0.603634	0.110265	1.13262	
-0.190318	-0.593272	0.722488	-0.563043	
0.458137	1.53803	0.775202	0.3968	
0.119449	-2.30378	0.41652	0.874526	
-0.0854022	0.0258736	-0.835664	0.546682	
-0.554658	0.654909	0.642431	-1.58525	
0.979273	-2.37611	0.22525	-0.53952	
0.306027	1.02369	-0.104861	-0.343578	
1.15764	0.985776	0.917694	-1.06386	
-0.741866	-0.0270517	-0.191824	-0.174673	
0.251599	1.46283	0.830969	0.284808	
1.04517	0.189506	-0.522577	-0.926484	
-0.875005	0.0664551	-0.947933	-0.731508	
0.571603	0.875784	1.00313	1.40567	
-0.925281	-0.492929	-0.0116174	0.2413	
0.396223	0.202119	0.387645	0.561541	
-0.644011	-1.15951	0.0445245	-1.45206	
1.5563	0.336356	-1.50895	1.26555	
0.0942105	-1.71584	-1.59546	-0.401887	
0.654049	-0.0180345	-1.10981	0.135297	
-0.844276	1.14852	-1.27304	0.361484	
0.632693	-0.778475	0.0123805	-0.0934826	
-0.80457	-0.368365	0.382163	-0.548277	
0.839912	-1.50062	0.9039	-0.336163	
0.956498	0.819613	-0.720511	-1.11916	
-0.12613	0.173191	-1.54859	0.121941	
1.10568	0.68598	0.549651	-0.418498	
0.837937	1.17197	0.814174	1.1086	
-0.0783883	1.81442	-1.58334	-0.0549027	
0.675835	1.84349	0.624592	0.11535	
1.3596	0.181972	0.503965	1.02145	
-0.952962	-1.73443	-0.367568	0.712843	
0.164856	0.401002	0.138497	0.0110106	
0.326562	0.452787	0.422837	0.0857855	
-1.66789	-0.697522	-0.0529382	0.137802	
0.159011	-0.467056	-0.514073	-0.0986494	
-1.56508	1.01195	0.767003	0.322196	
-0.1617	-0.977443	0.96596	-0.789709	
-0.340464	0.404363	-0.803205	-0.276988	
-0.282365	-0.551378	-0.381505	-1.21326	
-0.00328002	-1.7042	0.542847	1.56937	
0.409708	0.825989	1.31843	-0.162241	
0.370693	-0.749869	-0.040879	-0.688813	
1.45719	0.990604	-0.190995	-0.887844	
0.0264115	-0.775483	1.19278	0.989626	
0.698541	-0.773007	0.12493	0.726953	
0.768003	1.53553	0.0960756	-0.0346448	
0.65187	-0.41878	-0.0253005	-0.669007	
0.68796	-0.356388	0.0773382	-0.696578	
0.267101	-0.942028	-0.28809	0.348548	
-1.37749	1.51381	0.198788	-0.40088	
-1.63791	-0.802663	-0.271357	0.406238	
0.6271	-0.94681	0.720743	-0.105183	
0.101622	0.72513	-0.0168465	0.598667	
-0.858887	0.475309	0.315235	0.216952	
0.162318	0.758024	0.399303	-0.235614	
0.403734	-0.56795	0.433489	1.0405	
0.949736	-2.409	0.678614	-0.229713	
1.08076	-0.646738	0.0868205	0.0183944	
-0.279865	0.162859	0.636022	0.740047	
0.236679	-0.824492	-0.298323	-1.28363	
0.376682	1.95992	0.991017	0.503735	
0.474479	-0.581236	0.0600854	-0.946872	
0.695986	-1.14074	0.833056	0.886354	
0.807113	-0.323369	0.914048	1.00229	
0.639047	-0.926853	-0.0140026	-0.64229	
0.121824	-1.90196	-0.00264326	0.0505846	
0.282672	-0.786022	0.0091557	0.160816	
-0.245234	-0.365503	-0.0614508	-0.0385371	
-0.294804	-0.636939	-0.468784	-0.275265	
0.353306	-0.221517	0.103938	1.15611	
-0.73821	-0.889221	0.170999	-0.520306	
0.16797	-0.212716	0.0373718	-1.2638	
-0.346529	-1.46344	0.203973	0.0996217	
0.415905	-0.520874	0.358272	-0.523041	
-0.445619	0.239331	0.883128	0.621749	
-0.470166	0.590492	1.02917	-0.522337	
-1.87689	-0.10898	-0.583143	1.36237	
0.284546	-1.3635	0.759933	0.662264	
-0.200263	-0.989705	0.280375	-1.39124	
-0.0295334	-2.46992	-0.36659	0.133825	
-1.13108	0.415456	-0.798303	-0.586345	
1.18071	-0.532017	0.372281	-0.594884	
0.759544	0.905575	-1.18107	-1.05983	
0.25477	-1.27761	-0.404801	-0.107368	
-1.58555	1.35971	-0.637465	0.99646	
0.396372	-0.863917	-0.210313	-0.447717	
-0.192093	0.321914	-1.01629	0.75419	
0.251259	-2.39766	0.457133	-0.617038	
-0.0473689	0.348824	-0.304063	0.270572	
-1.31633	0.466045	0.253311	-1.14861	
0.617657	-1.77767	-0.482128	-1.52049	
0.999912	1.49571	-0.907964	0.0328831	
0.522591	1.56262	-1.23584	0.266025	
-1.22104	-0.141534	0.116837	0.00659142	
0.987801	1.27872	-0.0638976	0.745346	
0.879747	1.13617	0.30677	-1.53975	
-0.164294	0.620248	0.791246	0.624852	
1.60699	0.798934	0.889865	-0.822779	
-0.719926	1.01205	-0.0811342	0.13947	
0.984096	0.810359	0.629804	0.792763	
-0.732462	1.01994	0.192476	0.28077	
0.63781	1.09758	-0.553885	-0.588491	
0.440203	0.862317	0.47476	-0.754564	
-1.16682	-0.416594	0.0858591	1.05533	
0.597631	-0.0860108	-0.0199049	-0.761226	
-0.0520839	0.0587943	-0.44811	0.0364913	
-2.00184	0.285185	1.00544	-0.247631	
0.505566	-1.56795	0.389243	-0.671735	
0.161668	0.721233	-0.145534	-0.554826	
1.19385	0.0244993	-1.24235	0.286315	
0.364555	1.70426	0.458192	-0.110965	
0.133318	-0.745946	-0.275876	0.204638	
1.0034	-1.15421	-0.0208262	-0.81815	
-1.20469	-0.90822	-0.862526	0.382429	
-0.694537	1.46006	0.38162	1.05786	
-0.00824853	-0.911312	-0.294224	-1.38579	
0.925502	-0.506251	0.331487	-1.35155	
0.53431	-1.08133	0.369464	0.903098	
-0.0892358	-1.87678	-0.87687	-0.241698	
-0.594967	-1.2611	-2.41097	0.320704	
-0.638315	0.131197	-0.174643	0.318241	
1.59536	0.362565	-1.32041	-0.470381	
0.248282	-0.889642	-0.429044	-0.741628	
-0.245355	-0.858897	0.146878	0.836805	
1.11814	0	0.94244	1.00491	
-0.0838635	-0.139571	0.714834	0.159444	
0.191919	0.117589	-0.26633	0.65143	
0.689987	0.548747	0.192893	-0.619346	
0.722783	-2.74144	-0.820408	0.0861579	
-0.570199	-0.614956	-0.811477	0.460364	
-0.923318	-1.4255	-0.480228	-1.21638	
1.06251	0.80443	-0.066254	-1.31767	
0.329228	-0.045582	0.578645	0.189933	
0.833365	0.881324	-0.0707146	-0.116853	
-1.06316	-0.667654	0.152773	0.342096	
-2.56239	-0.677849	1.18282	-0.0766136	
0.690884	-0.423848	-0.190149	0.339458	
0.363934	-1.19938	-0.168759	-0.583895	
-0.189823	0.182752	0.0612826	-0.278055	
0.0899978	0.257669	0.50312	-0.121638	
0.413607	0.327991	0.773827	0.617281	
-0.229574	0.336865	-0.462087	-0.671576	
-0.0752967	-0.828984	1.08417	0.307337	
-0.887126	0.0211408	-0.484193	0.156174	
-0.381572	0.186029	-0.222887	0.460008	
-0.133239	-0.80132	0.418599	-0.931014	
0.389598	-1.07818	0.491881	-0.774203	
0.871237	0.147901	0.640371	0.0319798	
-0.441931	-0.532453	0.372328	-0.131532	
0.852185	0.342507	-0.368441	0.32261	
-1.08897	-2.58695	-0.46511	-0.715689	
-1.45504	-0.665645	0.285527	-1.07645	
0.992798	-0.644173	1.41459	0.818586	
1.34282	0.669446	0.0150785	-1.12214	
-0.172282	-1.53799	0.788765	-0.240528	
-0.848729	-0.716152	-0.220073	1.17747	
-0.561276	0.429656	0.147951	-0.535111	
-1.30308	0.343559	-0.782166	-0.0822416	
-0.894814	-0.295802	-0.792697	-0.654946	
0.199646	1.20263	-0.898971	-0.448217	
0.65595	-1.07532	0.276395	-0.471064	
-0.0917075	-1.19172	1.35049	-0.0927035	
-0.255476	0.191901	0.918988	-1.08083	
-0.957449	-1.31549	-0.325479	0.43833	
0.503163	1.06916	-0.206696	-0.131828	
0.716969	-1.97642	-0.490141	0.765551	
-0.268142	-1.36685	-1.07888	0.0920535	
-0.28378	-1.47961	-0.250857	-0.388961	
-0.0915297	0.802081	-0.545777	-0.897233	
-1.97813	0.288018	-0.346999	-0.848181	
0.130656	0.127388	0.63029	-0.552189	
-1.33687	0.275185	0.354055	1.42036	
0.844709	-0.905575	-1.02897	0.202908	
-0.774849	-1.47879	-1.64578	-0.429685	
-0.053544	1.10576	-0.799588	0.311368	
0.306091	-0.654909	0.234456	-0.361473	
0.214176	1.43656	0.281896	0.424838	
-0.75409	-1.07873	-0.111636	-0.237783	
-1.0112	0.591604	0.225175	-1.05887	
-0.363221	0.12966	-0.402341	0.447589	
0.257196	-0.787179	-0.322605	0.876779	
0.604796	-2.76847	0.743367	-0.323769	
0.351198	1.27902	-0.110289	0.509012	
-0.0329354	1.25366	-0.830443	-0.490315	
-0.982466	0.692664	-0.513509	1.02606	
0.780503	-0.492899	-0.210531	0.797205	
-0.0386552	-0.789144	-0.5404	-0.406631	
0.787301	-1.96013	-0.0372773	-0.565145	
0.318344	-0.0369964	-0.909127	-1.31422	
1.12359	0.0178841	-1.48516	0.759732	
-0.0079321	-0.308951	-0.591511	0.942936	
0.432101	0.697779	0.0607412	0.165719	
-0.0559266	-0.205249	0.237509	0.816793	
0.831193	-1.40235	0.41356	-0.927496	
-0.114677	0.622787	0.286059	-0.043907	
0.132937	0.627434	0.715586	-0.412535	
-1.70117	1.13964	0.363969	-0.470105	
-0.128916	0.117589	-0.341977	1.01712	
-0.347325	0.790088	0.13862	-0.363476	
-0.331347	1.56785	-0.75049	-1.21559	
0.394704	1.58318	-1.8231	0.542145	
-0.678289	-1.31892	-0.238875	-0.0346448	
0.785913	-1.99666	0.0107019	1.08738	
-1.98596	0.962501	1.05261	0.151603	
-0.648763	-2.29298	0.130203	-1.47894	
0.212177	-2.12197	0.519469	-0.0863182	
1.3058	0.872059	0.926675	0.144902	
0.0542325	0.583819	-0.0188178	-0.338152	
-0.157613	1.31308	-0.0160824	-0.231854	
-0.294437	-0.789144	-0.486329	0.16814	
-0.803494	-0.193885	-0.292004	0.203321	
0.358855	0.153446	-0.127982	-0.245331	
-0.622153	-2.0783	-0.256364	0.365388	
1.38186	-1.83675	0.461055	-0.890097	
0.671081	0.242272	-0.0473832	-0.335823	
-1.68515	0.541435	0.487084	0.186105	
-0.063701	0.585699	0.870672	0.0660636	
0.38777	-1.94483	-0.262748	-0.912536	
-0.787045	-1.41658	-0.418892	1.03477	
-1.39106	0.451039	0.605948	0.771356	
1.05697	-1.35701	0.611293	-0.287065	
0.494129	0.932568	-0.156444	0.172316	
-2.09169	-0.663069	0.0701213	0.440424	
-0.172382	0.921111	0.125507	-0.384255	
0.411829	0.0215027	0.208868	0.316566	
0.119869	-0.404013	0.0163584	1.14747	
-0.0280803	0.767764	-0.0429909	-0.935982	
0.466769	0.30309	-0.282717	0.637111	
-0.63368	1.12246	0.732068	-0.817453	
0.174098	1.32342	0.0266121	1.09991	
-2.51408	1.29908	-0.458301	0.377085	
0.0367653	-0.426914	0.477448	0.865226	
-0.58954	1.54195	-0.683791	-0.443861	
-0.37326	1.51643	0.857904	-0.093929	
0.164363	-0.273303	0.0384498	0.686092	
-1.33066	-0.622741	-0.074922	0.0626193	
1.35422	-0.265821	-0.18209	-1.04564	
0.864293	0.328561	-0.249074	-0.285828	
-0.893419	0.351672	-1.82935	0.294668	
-0.608797	-1.38167	-0.235995	-0.575151	
-2.10044	-1.60356	-1.89487	0.168681	
-0.00485031	0.116275	0.200628	-0.951998	
-0.669199	-1.74367	-0.174897	0.959089	
0.780792	-0.986266	0.963006	-0.305442	
-0.189838	-1.27761	-0.800158	-0.00217979	
0.743165	0.790088	-1.17231	-0.550129	
0.333034	-0.918723	-1.14036	-0.901386	
-0.728114	-0.00685361	-0.486542	-0.10276	
-0.77856	1.04113	0.180928	0.282736	
-0.993667	1.29307	-0.0600009	0.112197	
0.508586	-0.302453	0.124891	-0.265533	
-1.85254	-0.0417711	-0.215915	-0.144387	
0.315886	1.78194	0.178024	-0.873824	
-0.0239221	1.55577	-0.498244	0.298021	
0.300809	0.525437	-0.799827	1.25896	
-2.06807	-1.15474	-0.288215	-0.983525	
-0.823388	-0.307242	-1.5377	1.19634	
0.0253109	-1.16247	0.118591	-0.375716	
-0.541781	-2.1994	-0.359452	-0.751422	
0.952445	-1.32055	0.660599	-0.352235	
1.32209	-1.49087	-0.137082	-0.467327	
-2.90411	-1.26105	-0.754593	-0.243631	
-2.2722	0.380852	-0.399527	-0.111974	
-0.356275	-0.892601	0.335931	0.136	
-0.0779183	-0.00778426	0.304512	-0.104106	
-0.448249	0.905924	-0.845324	0.816428	
0.724484	1.47034	-0.706767	-0.592872	
1.85965	-0.891204	0.265284	-0.635797	
0.685338	-1.68825	0.114121	0.785588	
0.64768	0.829287	0.761804	-0.175747	
0.920123	-0.237655	-0.552642	0.149667	
1.22829	1.42701	-0.550515	-0.238022	
0.251459	0.198054	0.0463168	0.726595	
0.151309	-0.216693	-2.28442	0.780974	
0.734459	-1.63286	-0.156364	0.333071	
0.215594	-0.550202	0.00567675	0.372211	
-0.0570625	0.618635	0.821319	-0.407924	
1.09089	0.581433	1.6372	0.276094	
0.991456	0.12637	-0.27771	-0.149667	
1.11898	1.40913	0.474265	1.29129	
0.49179	0.606574	-0.879004	0.788211	
0.693308	-1.42472	0.844604	1.10743	
0.370833	-0.501253	-0.742855	-0.313873	
-1.28641	-1.90264	-0.881668	0.30421	
0.114659	-1.19756	0.656731	-0.388961	
-0.453053	-0.219315	-0.861192	0.0824313	
1.09327	1.21031	-1.26402	-0.428443	
-0.196846	-0.891242	-0.0811712	0.701472	
1.28631	0.354295	-0.351113	-0.331843	
0.567052	0.0266448	-0.535171	-1.65051	
-0.250847	-0.091164	0.557272	0.652921	
-1.62819	0.569019	0.0241257	0.7372	
0.807972	0.544376	0.926205	-0.14144	
-0.162434	1.39139	-1.00524	0.040283	
0.0501915	-0.748108	0.424033	0.878223	
-0.458032	0.138448	0.411842	0.0828595	
0.423929	-1.49211	-0.683092	-1.06522	
-0.128916	0.244976	-0.404387	0.720241	
-0.440683	-0.162746	0.74744	0.390104	
-0.996708	0.960735	-0.536923	-0.439812	
0.108537	-0.116372	-0.132627	-0.0955623	
-0.380673	1.58804	-0.884562	0.135659	
-1.91918	0.330076	-0.786398	0.774976	
-0.805002	-1.43066	0.562212	-0.291721	
0.0043946	0.36069	-0.767153	0.549027	
-0.860116	0.758024	-1.04017	-0.485077	
-0.449771	0.715417	-0.291425	0.938449	
0.0712515	1.63469	0.838326	-0.60783	
-1.67007	1.21834	0.565117	0.391679	
1.12227	2.04274	-0.198629	-0.51234	
0.239752	0.91164	1.05881	-0.102725	
-1.0737	0.148796	0.704209	0.258066	
0.483583	-1.05347	-0.54111	0.381699	
0.78581	-1.63286	-0.459609	0.0641241	
0.00909329	-0.517497	-0.88872	0.938654	
0.241159	-0.0437322	-0.0495246	0.712782	
-0.0182155	0.301724	-0.508454	1.0082	
-0.869228	-1.87096	-1.09465	0.73508	
0.263285	1.56701	0.147986	-0.0896726	
0.60315	1.32057	0.222211	-0.173006	
0.422247	0.34299	0.306586	0.0447589	
-0.252964	-0.887405	0.877025	-0.281971	
-0.380828	-1.61063	0.374653	-0.661849	
0.958957	0.584795	0.4113	0.825069	
0.102319	2.02769	0.035696	0.210534	
-0.427022	0.306241	0.461492	0.104688	
-0.0834787	-3.24621	-1.31289	-0.28546	
1.18213	-0.903798	-0.730724	0.453047	
-0.0110193	-0.95152	-0.0698193	0.792609	
-1.71922	0.247816	0.543422	-0.655131	
0.657821	-0.237655	0.51381	0.228271	
-0.375633	1.09679	-0.897935	0.259308	
-0.576938	-0.0137072	0.801428	0.263065	
0.723546	1.50632	-0.534175	0.167934	
0.345989	-0.217356	0.261794	0.240197	
-0.0359877	0.602513	-0.473031	0.530393	
1.40633	-1.63982	-0.0719325	0.0626624	
0.523214	0.695733	0.182349	-0.165427	
0.276891	-2.20295	-0.425567	-0.935279	
0.392031	-0.0858897	-0.0513641	-0.0183944	
0.51953	-0.183745	-1.39439	-0.0559646	
-0.806864	0.747767	-0.921905	-0.762817	
0.64768	-1.15137	-0.444025	0.246947	
-1.30773	-0.777852	-0.591518	-0.765377	
-0.533037	-0.216414	-0.0560587	0.499282	
0.274887	-0.189506	0.25186	-0.119546	
0.0212483	-1.03213	-0.116797	0.0329571	
-1.25576	-2.73222	0.469046	1.04156	
-0.0962217	0.601503	0.0961323	-0.608336	
-0.0113192	-0.56795	-0.117456	-2.4278	
0.142107	-3.01251	0.203389	-0.70719	
-0.333968	0.669446	1.04797	0.532543	
-0.806331	1.02119	1.31651	0.404908	
-0.345123	0.802005	0.292806	1.09659	
0.751057	-0.342655	0.0243602	1.01202	
0.379766	-2.30841	-0.906999	0.393134	
0.213563	-0.117589	0.389836	-0.621087	
-0.411538	-2.73492	-0.792672	-0.445193	
-0.572463	0.182684	0.510015	-0.301143	
-0.487016	-0.737397	0.386888	-0.138376	
-3.29784	0.770165	0.390203	-1.5215	
0.411555	-0.663271	-0.865498	0.0618457	
0.640431	-1.25421	-0.0490215	-1.2632	
-0.82974	0.585699	-0.213381	-0.239092	
0.34799	0.132332	-0.136999	-0.278018	
1.61416	0.653878	1.07996	-0.658525	
-2.33382	0.319738	0.951012	-0.366531	
1.16601	-0.656402	0.0444207	0.941475	
-1.12318	0.304014	-0.158252	-0.106374	
0.971501	0.862317	1.25749	-0.0606671	
-0.108975	-0.783924	0.343686	0.751422	
-0.496752	0.609172	-1.23676	1.09579	
0.411572	1.54819	0.880622	-0.744091	
-0.667941	-1.05087	0.0478681	0.0103311	
-0.00044405	-0.499075	0.37518	0.571655	
-1.96316	1.10509	-0.248553	1.60424	
-1.91048	0.973862	0.981664	0.0401902	
-0.734009	-1.44892	0.381084	0.0770742	
-0.0438052	-0.709938	-0.225621	0.125352	
-1.14264	-0.859313	0.028805	0.0880848	
-0.85291	-2.05514	0.643755	0.139579	
-0.734919	-0.243465	-0.0727619	0.515186	
-0.028627	0.0195981	-0.188767	0.375059	
1.4909	0.466045	0.486273	0.46212	
-1.77242	-2.29068	0.117349	-0.310703	
-0.281325	-2.65235	-0.88797	1.12196	
0.0505604	-0.621196	0.0737685	0.16821	
-2.55366	-0.843399	0.35058	1.13923	
-0.0985553	1.39512	-0.262847	-0.153669	
1.12229	0.374054	0.566774	0.330318	
0.42973	0.139497	-0.2058	-1.18574	
-1.57694	1.06564	-0.00256083	0.0397075	
-0.78591	-0.427778	-0.847513	-0.708737	
-0.488234	-0.237655	-0.0583101	-0.321134	
0.452502	-0.243104	0.48178	-0.181356	
0.27837	-2.02391	0.661508	0.223042	
1.08138	0.869633	-0.175097	-0.154148	
-1.10128	-2.48386	0.430452	-0.0900118	
0.72916	0.191901	-0.926352	0.188587	
0.243737	-0.287866	0.71199	0.378749	
0.110025	-0.237655	0.0743626	0.140504	
0.486321	0.553941	0.830085	-1.55786	
0.633843	0.211372	0.332965	1.80282	
-0.216706	-1.02897	0.659718	0.369335	
-0.110381	-1.43865	-0.623082	0.536529	
-0.494962	0.954229	-0.266989	-1.08438	
0.196246	0.624731	0.384817	0.972375	
0.29469	0.951337	-0.178676	0.794127	
-0.119342	0.0544898	0.814483	1.05	
-0.117563	0.687118	0.0599898	-1.83629	
-0.213958	1.04667	-0.0570279	0.185912	
0.178952	0.815952	-0.621838	0.09731	
0.471505	-1.018	-0.20156	0.648269	
0.244478	-0.709587	0.40993	0.653647	
-0.0164856	-2.19278	-0.817958	0.616594	
-0.234158	0.773731	0.950296	0.432595	
-0.125217	0.265204	0.182819	-0.149239	
-0.102256	0.0205608	0.353472	0.913086	
-1.30102	-0.364656	-0.0866314	-0.830429	
0.417395	0.475309	0.645361	0.392794	
-0.115518	1.44815	-0.0161041	0.826972	
