ZnA[0]	ZnA[1]	ZnA[2]	ZnA[3]	
0.208343	0.753086	0.207053	0.26544	
0.028285	0.47668	0.229653	0.366447	
0.19223	0.324221	0.121617	0.273914	
0.155107	0.324817	0.365313	0.299575	
0.140514	0.333664	0.266726	0.221031	
0.195921	0.42644	0.166424	0.26611	
0.221943	0.203143	0.22526	0.248458	
0.291724	0.187647	0.203167	0.323949	
0.20509	0.236111	0.294329	0.205685	
0.285228	0.590476	0.18996	0.177635	
0.120837	0.734127	0.160834	0.175062	
0.163947	0.501055	0.282319	0.33766	
0.174338	0.241938	0.223941	0.290245	
0.14879	0.244544	0.290776	0.304927	
0.285488	0.677627	0.323716	0.331736	
0.234055	0.416718	0.289209	0.296072	
0.291798	0.236111	0.344179	0.221563	
0.0911679	0.608796	0.274174	0.172607	
0.119142	0.301146	0.237337	0.398154	
0.223327	0.531008	0.253508	0.256425	
0.152999	0.423333	0.18592	0.184905	
0.262709	0.400353	0.340969	0.296829	
0.222814	0.259259	0.196519	0.311656	
0.22539	0.598485	0.183243	0.213328	
0.284939	0.345238	0.193727	0.382525	
0.123658	0.175485	0.31334	0.301172	
0.270545	0.192387	0.240156	0.286856	
0.286629	0.533258	0.201213	0.391519	
0.322268	0.238095	0.189946	0.191122	
0.0726191	0.672365	0.222624	0.251741	
0.257427	0.244929	0.246543	0.353025	
0.260575	0.144988	0.272658	0.270116	
0.294952	0.764957	0.238949	0.337059	
0.2616	0.334005	0.387807	0.129223	
0.208154	0.334071	0.240798	0.396582	
0.218666	0.548611	0.17265	0.569786	
0.252021	0.651361	0.248528	0.259738	
0.0715587	0.518849	0.342459	0.317912	
0.135963	0.26422	0.237099	0.238395	
0.278284	0.366484	0.300196	0.109008	
0.22363	0.200792	0.258607	0.233713	
0.098517	0.090486	0.176266	0.272116	
0.189917	0.676483	0.279861	0.248548	
0.303902	0.378307	0.252035	0.365001	
0.324088	0.362103	0.226109	0.235665	
0.323876	0.472663	0.30406	0.173259	
0.142317	0.116843	0.187785	0.191919	
0.185099	0.394284	0.340669	0.284351	
0.155757	0.498366	0.158849	0.300994	
0.362738	0.615631	0.264717	0.504304	
0.275574	0.0277778	0.308044	0.1927	
0.164367	0.103009	0.249126	0.301578	
0.355316	0.376408	0.257161	0.328899	
0.142062	0.369489	0.242978	0.284502	
0.240379	0.513889	0.235651	0.272663	
0.21101	0.132427	0.14177	0.187101	
0.240696	0.147298	0.279513	0.247766	
0.332555	0.490127	0.253664	0.383769	
0.308887	0.525538	0.147063	0.324842	
0.114493	0.0299824	0.148673	0.228108	
0.157406	1	0.404491	0.286163	
0.275826	0.484825	0.16567	0.207598	
0.18237	0.24737	0.208053	0.19088	
0.222599	0.311254	0.297871	0.378094	
0.417073	0.211613	0.217752	0.582273	
0.358042	0.163727	0.165816	0.347535	
0.206725	0.0740741	0.196499	0.224238	
0.209919	0.0299824	0.161243	0.160805	
0.115066	0.210207	0.237656	0.237359	
0.241873	0.58664	0.13453	0.323734	
0.194725	0.291152	0.192354	0.406146	
0.0865359	0.151039	0.309023	0.350306	
0.277207	0.159722	0.306226	0.217332	
0.177646	0.528628	0.249972	0.212801	
0.14848	0.507748	0.32976	0.323336	
0.179164	0.535224	0.23173	0.263791	
0.14146	0.195767	0.270327	0.474669	
0.147022	0.239418	0.26903	0.332984	
0.0904121	0.337098	0.250572	0.337154	
0.380532	0.263117	0.211194	0.199244	
0.245781	0.846193	0.18306	0.254587	
0.326244	0.446098	0.338692	0.277733	
0.155052	0.719848	0.276365	0.235432	
0.190294	0.320988	0.289415	0.373362	
0.253942	0.106408	0.302384	0.203496	
0.20783	0.407407	0.27731	0.234408	
0.295501	0.13944	0.220439	0.202435	
0.421173	0.407407	0.213065	0.327969	
0.0638492	0.502866	0.260598	0.362546	
0.101348	0.240741	0.236674	0.564405	
0.123777	0.289389	0.234751	0.214545	
0.155087	0.0641534	0.218688	0.125839	
0.29618	0.104938	0.269241	0.26547	
0.163621	0.200976	0.268484	0.174388	
0.194244	0.185714	0.231752	0.157914	
0.215666	0.634259	0.227852	0.186516	
0.147528	0.182299	0.290316	0.191867	
0.279901	0.254661	0.204184	0.133249	
0.196539	0.411458	0.331216	0.463352	
0.278363	0.147836	0.222903	0.108035	
0.135751	0.160404	0.192875	0.397535	
0.183325	0.764957	0.160419	0.288042	
0.25718	0.384259	0.231721	0.349443	
0.204224	0.549287	0.168111	0.222477	
0.204512	0.485597	0.336159	0.184071	
0.15896	0.250441	0.276933	0.331589	
0.353953	0.528274	0.150629	0.286515	
0.0731817	0.392747	0.24765	0.380648	
0.274412	0.753086	0.154071	0.231613	
0.229981	0.311439	0.225383	0.185091	
0.210845	0.200617	0.250167	0.287401	
0.245209	0.347142	0.153232	0.308368	
0.23172	0.368496	0.196075	0.317522	
0.146756	0.361607	0.227121	0.221281	
0.434528	0.164981	0.221623	0.187728	
0.0993363	0.296875	0.2953	0.320999	
0.13411	0.206349	0.192453	0.209139	
0.24526	0.147377	0.224632	0.324067	
0.23871	0.503205	0.233534	0.1863	
0.267686	0.15155	0.244457	0.213332	
0.154067	0.674701	0.223242	0.155836	
0.195288	0.273462	0.201261	0.190683	
0.288099	0.328704	0.299818	0.219494	
0.247363	0.435367	0.241562	0.261413	
0.332934	0.532431	0.273569	0.226678	
0.396205	0.124228	0.182278	0.459982	
0.362887	0.257444	0.151167	0.323274	
0.108772	0.350933	0.259029	0.293092	
0.176484	0.235585	0.259051	0.203659	
0.109747	0.527368	0.283916	0.397839	
0.212329	0.108245	0.241416	0.25864	
0.252741	0.250772	0.238363	0.0966738	
0.226352	0.140625	0.317039	0.0899346	
0.491979	0.366595	0.220095	0.273354	
0.164811	0.229365	0.389223	0.331043	
0.169	0.232097	0.218242	0.311621	
0.192066	0.0509259	0.323427	0.208977	
0.297311	0.358723	0.428777	0.196442	
0.198443	0.433551	0.167145	0.384316	
0.176371	0.385417	0.29082	0.36978	
0.227946	0.107393	0.269455	0.461796	
0.10896	0.380401	0.260838	0.173841	
0.240494	0.416017	0.204915	0.213257	
0.182995	0.359813	0.13527	0.1803	
0.3136	0.46875	0.247884	0.355073	
0.335629	0.234259	0.226786	0.102993	
0.283936	0.689153	0.225308	0.276513	
0.212291	0.490476	0.230006	0.403441	
0.180816	0.267526	0.212732	0.190798	
0.259714	0.224941	0.23356	0.194015	
0.198012	0.349332	0.222176	0.256159	
0.186438	0.232096	0.301177	0.229446	
0.268084	0.457829	0.18469	0.272882	
0.248884	0.434524	0.293542	0.13912	
0.0968434	0.488536	0.176368	0.278384	
0.33749	0.0871791	0.261276	0.265142	
0.295136	0.0960097	0.228872	0.28958	
0.154018	0.489859	0.177684	0.226662	
0.217649	0.328336	0.268683	0.217768	
0.168472	0.284122	0.18422	0.176733	
0.200351	0.449267	0.229231	0.187001	
0.184134	0.0432099	0.235899	0.398439	
0.280795	0.188566	0.205406	0.276851	
0.218302	0.0721451	0.289612	0.174861	
0.216864	0.400508	0.254172	0.304956	
0.132694	0.339359	0.253992	0.216276	
0.082893	0.288409	0.157545	0.250058	
0.135989	0.0299824	0.2904	0.318692	
0.334409	0.440414	0.285377	0.353699	
0.263088	0.16358	0.349055	0.205839	
0.326933	0.240048	0.219881	0.255648	
0.460125	0.141865	0.28959	0.28433	
0.238323	0.333333	0.196252	0.227934	
0.134052	0.36214	0.341405	0.342825	
0.239509	0.210391	0.278608	0.354295	
0.288745	0.0277778	0.155752	0.268201	
0.122185	0.0694444	0.310691	0.397562	
0.330761	0.39952	0.142265	0.279459	
0.142935	0.29892	0.270226	0.298597	
0.15953	0.328153	0.220271	0.346248	
0.230901	0.442482	0.266494	0.235759	
0.253826	0.191358	0.172659	0.189774	
0.142933	0.666667	0.204858	0.140153	
0.304612	0.502425	0.26511	0.205793	
0.345774	0.37207	0.158264	0.240639	
0.24517	0.222222	0.222129	0.179425	
0.254947	0.262266	0.294319	0.130179	
0.140085	0.0685626	0.313562	0.322265	
0.229275	0.465021	0.325929	0.250557	
0.333229	0.698481	0.269899	0.34268	
0.0846623	0.122878	0.215255	0.231358	
0.217906	0.0553351	0.306402	0.267941	
0.230091	0.458647	0.236418	0.13493	
0.225162	0.390332	0.160404	0.453383	
0.181428	0.22123	0.262986	0.239708	
0.400597	0.430115	0.221159	0.170985	
0.136543	0.125351	0.261143	0.286199	
0.208791	0.508547	0.242595	0.487362	
0.211164	0.258282	0.332131	0.193556	
0.0857448	0.364345	0.196045	0.305616	
0.241567	0.385326	0.226241	0.318577	
0.153287	0.345679	0.19421	0.247194	
0.116119	0.241733	0.24782	0.195406	
0.150479	0.407407	0.228362	0.172145	
0.291295	0.578112	0.339177	0.304495	
0.320776	0.451283	0.343956	0.321863	
0.121346	0.272977	0.135908	0.186298	
0.284237	0.241329	0.172408	0.357631	
0.0578657	0.369195	0.230101	0.126181	
0.369996	0.384596	0.187893	0.273282	
0.420079	0.743056	0.204834	0.186015	
0.177208	0.333388	0.424464	0.358385	
0.201112	0.397934	0.217897	0.392759	
0.128761	0.497354	0.29838	0.278848	
0.261266	0.175485	0.313785	0.142983	
0.225224	0.688596	0.228154	0.430206	
0.405928	0.268261	0.22939	0.214201	
0.141265	0.256728	0.252087	0.211997	
0.330794	0.722222	0.239566	0.297153	
0.206306	0.0277778	0.181469	0.330276	
0.154485	0.0358613	0.314011	0.279982	
0.208741	0.694989	0.270909	0.29752	
0.150695	0.256473	0.352069	0.134943	
0.158963	0.402767	0.262873	0.278219	
0.184524	0.275321	0.22372	0.287489	
0.161367	0.33879	0.227508	0.259436	
0.140581	0.152458	0.192557	0.440688	
0.214559	0.158951	0.202433	0.324314	
0.149173	0.193322	0.197498	0.179555	
0.0976226	0.68254	0.268594	0.292825	
0.174056	0.27538	0.288274	0.169265	
0.246196	0.753086	0.125906	0.353385	
0.155556	0.054784	0.303418	0.434009	
0.111049	0.401235	0.19089	0.239393	
0.198374	0.355453	0.24273	0.0952135	
0.191283	0.439484	0.264839	0.415232	
0.18574	1	0.218341	0.350569	
0.251943	0.271936	0.239613	0.197691	
0.0985832	0.0487213	0.252168	0.315337	
0.119481	0.467836	0.215904	0.160498	
0.190388	0.0877915	0.325794	0.253734	
0.0822434	0.675926	0.223096	0.304507	
0.167583	0.795918	0.206435	0.269035	
0.258731	0.266667	0.218311	0.292431	
0.259655	0.238977	0.110424	0.198063	
0.0412443	0.419116	0.206951	0.275994	
0.203008	0.304306	0.285415	0.234215	
0.166032	0.0753086	0.167962	0.160126	
0.13072	0.288864	0.313684	0.279807	
0.0262459	0.32968	0.192654	0.338231	
0.285517	0.449495	0.174456	0.201836	
0.370242	0.3202	0.27279	0.191015	
0.223279	0.210703	0.223549	0.208742	
0.181942	0.332305	0.204966	0.156126	
0.205392	0.495563	0.274535	0.211712	
0.12442	0.554012	0.186065	0.199355	
0.197683	0.747397	0.282927	0.258881	
0.264448	0.330247	0.154427	0.248005	
0.179819	0.371626	0.146731	0.360868	
0.253067	0.587262	0.334256	0.337557	
0.18025	0.0920782	0.206856	0.154618	
0.191935	0.342982	0.320224	0.245051	
0.057754	0.110404	0.271737	0.389033	
0.109111	0.444444	0.247863	0.192494	
0.239869	0.20131	0.224846	0.309293	
0.152963	0.418223	0.263723	0.161828	
0.245778	0.732026	0.228061	0.380455	
0.158074	0.702093	0.284822	0.269506	
0.221808	na	0.301228	0.179826	
0.272843	0.401361	0.226512	0.411725	
0.239141	0.199546	0.289699	0.289541	
0.157453	0.150867	0.285938	0.155212	
0.300611	0.615575	0.306575	0.147691	
0.393638	0.0277778	0.254977	0.295951	
0.13103	0.675926	0.269107	0.367388	
0.226925	0.18451	0.197639	0.275141	
0.0505334	0.379078	0.277591	0.222597	
0.208458	0.311473	0.196046	0.32914	
0.195025	0.529541	0.234906	0.112693	
0.142727	0.267226	0.136244	0.198504	
0.170437	0.290675	0.223513	0.463876	
0.272187	0.0239198	0.292485	0.296094	
0.202364	0.625228	0.240628	0.204133	
0.206935	0.603175	0.422227	0.222034	
0.241184	0.189972	0.195315	0.250878	
0.450556	0.508327	0.299847	0.190546	
0.14538	0.22608	0.312349	0.137735	
0.266793	0.374532	0.256873	0.316038	
0.143932	0.635417	0.320899	0.301233	
0.329724	0.888889	0.218538	0.232026	
0.346995	0.128086	0.164915	0.210083	
0.288195	0.376682	0.157367	0.22425	
0.265802	0.222016	0.228738	0.244794	
0.243334	0.0611405	0.19895	0.324592	
0.206626	0.162616	0.224397	0.432035	
0.100437	0.255952	0.228896	0.187888	
0.282095	0.514109	0.156947	0.258798	
0.30034	0.588992	0.215555	0.17352	
0.0772008	0.307956	0.187709	0.31917	
0.381671	0.148215	0.274211	0.228175	
0.206178	0.586806	0.1952	0.240082	
0.173797	0.167646	0.233146	0.323821	
0.137526	0.270833	0.261084	0.166502	
0.206729	na	0.173873	0.212974	
0.0387754	0.642135	0.330987	0.247673	
0.250053	0.219136	0.276163	0.220085	
0.206223	0.474427	0.195594	0.190196	
0.356394	0.53351	0.221504	0.153663	
0.0813248	0.0802469	0.218477	0.235633	
0.129148	0.201367	0.245719	0.273033	
0.258904	0.642857	0.23095	0.302714	
0.271281	0.196755	0.403469	0.121075	
0.266522	0.259259	0.304349	0.294122	
0.0614853	0.21875	0.365409	0.286695	
0.165726	0.382534	0.258865	0.236547	
0.314819	0.565697	0.231133	0.304266	
0.0263122	0.264298	0.277012	0.373051	
0.101276	0.556379	0.27158	0.240054	
0.24159	0.269778	0.266704	0.122907	
0.227838	0.530864	0.220047	0.350973	
0.211981	0.238095	0.344729	0.208195	
0.26728	0.446819	0.317601	0.335176	
0.21825	0.299383	0.194158	0.341024	
0.335092	0.0498236	0.16401	0.378244	
0.22461	0.0440917	0.281359	0.415104	
0.322973	0.269904	0.289364	0.267466	
0.191911	0.366472	0.38573	0.206595	
0.205153	0.224592	0.154735	0.239001	
0.0984856	0.345054	0.274498	0.234738	
0.280027	0.181364	0.224992	0.352331	
0.117954	0.0123457	0.183591	0.169079	
0.282801	0.321759	0.246485	0.306577	
0.210476	0.553323	0.223184	0.231801	
0.212749	0.446685	0.23564	0.286817	
0.11501	0.184624	0.256878	0.196	
0.420813	0.753086	0.224889	0.217057	
0.261809	0.554444	0.171147	0.325896	
0.203802	0.419165	0.219936	0.296954	
0.317483	0.355413	0.264693	0.170604	
0.213572	0.0843877	0.2251	0.331568	
0.248115	0.264298	0.189094	0.20409	
0.22964	0.166667	0.349249	0.209254	
0.375817	0.372953	0.190804	0.147085	
0.161368	0.670414	0.21283	0.306291	
0.196839	0.420048	0.307209	0.436885	
0.198291	0.444444	0.180854	0.175934	
0.146192	0.354911	0.185597	0.238347	
0.230343	0.312353	0.198768	0.333143	
0.376961	0.380278	0.179303	0.315226	
0.359635	0.735881	0.219545	0.247028	
0.170931	0.433862	0.240278	0.444705	
0.170331	0.152888	0.28202	0.257149	
0.0996096	0.19453	0.229823	0.398194	
0.171473	0.376623	0.259693	0.225778	
0.200198	0.578348	0.288178	0.275509	
0.347068	0.370608	0.259702	0.374475	
0.230385	0.506173	0.283737	0.268371	
0.247035	0.253023	0.275788	0.42613	
0.279222	0.107143	0.173817	0.0425773	
0.192939	0.443798	0.257593	0.256505	
0.044859	0.378858	0.215651	0.280929	
0.346504	0.0606399	0.199838	0.18321	
0.209516	0.0123457	0.307107	0.191647	
0.229491	0.216049	0.338627	0.313164	
0.144068	0.455247	0.186619	0.164295	
0.0941805	0.723372	0.301385	0.223663	
0.177573	0.408069	0.15553	0.414867	
0.308966	0.184671	0.144265	0.247774	
0.308278	0.387385	0.318957	0.49427	
0.146799	0.672533	0.111486	0.200663	
0.212851	0.246858	0.312808	0.220267	
0.17816	0.180907	0.254398	0.374988	
0.1181	0.0828924	0.360746	0.184577	
0.258544	0.176955	0.178405	0.244062	
0.205217	0.309799	0.266754	0.281037	
0.167521	0.219136	0.247614	0.266979	
0.317804	0.756944	0.291199	0.215139	
0.180954	0.32831	0.201947	0.148995	
0.407588	0.443362	0.188487	0.243156	
0.145972	0.377455	0.164459	0.202911	
0.151987	0.283608	0.242419	0.134702	
0.242996	0.389172	0.165536	0.131065	
0.274494	0.591982	0.398173	0.127278	
0.192761	0.533565	0.151152	0.370498	
0.264108	0.571759	0.271269	0.326114	
0.402627	0.277425	0.203953	0.368794	
0.142086	0.601852	0.212855	0.314769	
0.215114	0.460776	0.252125	0.236466	
0.262021	0.425926	0.21373	0.222439	
0.197594	0.219276	0.257193	0.174481	
0.23114	0.182374	0.327986	0.479942	
0.186079	0.180384	0.245441	0.364989	
0.150673	0.37996	0.251844	0.30485	
0.338437	0.219136	0.207795	0.199225	
0.269226	0.710758	0.244612	0.246058	
0.271589	0.168182	0.191121	0.255301	
0.171434	0.777778	0.297065	0.219463	
0.309801	0.281817	0.226253	0.136492	
0.240966	0.454733	0.21774	0.231875	
0.182621	0.255902	0.270326	0.196135	
0.282898	0.158436	0.266894	0.220132	
0.164434	0.411728	0.270201	0.173666	
0.206483	0.304134	0.346073	0.250502	
0.280673	0.574769	0.218178	0.173835	
0.25993	0.0573192	0.279792	0.286402	
0.247951	0.168871	0.30042	0.201231	
0.223351	0.404762	0.148815	0.309089	
0.201034	0.820261	0.151959	0.226453	
0.320664	0.357458	0.188649	0.260462	
0.0972793	0.609719	0.215547	0.294574	
0.161092	0.414156	0.246298	0.331458	
0.117715	0.283234	0.228942	0.197807	
0.304512	0.481329	0.280829	0.232977	
0.29394	0.104828	0.299696	0.216004	
0.133926	0.593034	0.303401	0.260648	
0.230242	0.533258	0.249472	0.324215	
0.215884	0.234664	0.297197	0.247635	
0.199874	0.372367	0.173752	0.459918	
0.247399	0.542549	0.196473	0.19956	
0.227468	0.40376	0.208051	0.271402	
0.29905	0.357285	0.24596	0.520023	
0.0731349	0.196128	0.202948	0.183958	
0.256115	0.175816	0.232748	0.291247	
0.117808	0.0174897	0.244623	0.415865	
0.10434	0.471801	0.217107	0.231268	
0.402253	0.294974	0.244701	0.377409	
0.274297	0.402949	0.139754	0.259201	
0.278607	0.0617284	0.177686	0.229632	
0.344336	0.895425	0.260494	0.271445	
0.220032	0.250257	0.171938	0.209567	
0.145712	0.430439	0.268673	0.34719	
0.216416	0.0347222	0.219579	0.26414	
0.212731	0.445833	0.172533	0.322567	
0.119999	0.703704	0.167786	0.238893	
0.188343	0.500139	0.316249	0.206325	
0.156946	0.493827	0.263427	0.312942	
0.154362	0.242798	0.298353	0.225218	
0.186797	0.340829	0.226709	0.254422	
0.233574	0.322541	0.218183	0.127052	
0.278589	0.215561	0.283502	0.324376	
0.0723886	0.273208	0.327117	0.251284	
0.246286	0.54793	0.321371	0.248797	
0.350552	0.265432	0.295338	0.211901	
0.130994	0.616739	0.338479	0.122564	
0.152302	0.0711346	0.253879	0.254112	
0.209838	0.558642	0.248242	0.325594	
0.17335	0.491476	0.233093	0.242203	
0.430281	0.298942	0.279772	0.290618	
0.11284	0.513228	0.24975	0.183622	
0.219945	0.371032	0.228218	0.282393	
0.253031	0.215454	0.415514	0.262833	
0.301189	0.181548	0.173091	0.421573	
0.237837	0.193122	0.285463	0.266299	
0.0337794	0.189815	0.198197	0.490058	
0.384977	0.500868	0.261529	0.293555	
0.133848	0.201286	0.186929	0.266061	
0.310825	0.462081	0.222353	0.237984	
0.197082	0.0219907	0.356468	0.247788	
0.204161	0.201527	0.161202	0.149498	
0.14753	0.499807	0.220266	0.264186	
0.222123	0.166667	0.201959	0.234826	
0.136462	0.412037	0.295184	0.103142	
0.347694	0.789377	0.339225	0.270223	
0.204579	0.525227	0.282994	0.368034	
0.188787	0.400794	0.226182	0.191224	
0.256878	0.553571	0.215662	0.292866	
0.232557	0.254866	0.199755	0.212292	
0.385921	0.154266	0.367816	0.36098	
0.242247	0.431818	0.287847	0.0934199	
0.0836628	0.129504	0.185635	0.314463	
0.246249	0.383157	0.291879	0.34783	
0.257561	0.164738	0.17554	0.267492	
0.261191	0.316211	0.272478	0.349474	
0.36027	0.171076	0.184491	0.102881	
0.37107	0.406324	0.136834	0.28427	
0.135387	0.397873	0.336283	0.131361	
0.188712	0.258547	0.199075	0.256331	
0.181578	0.474106	0.180996	0.381348	
0.212491	0.103836	0.257617	0.37724	
0.262637	0.0868607	0.224531	0.188609	
0.10254	0.517747	0.203119	0.0952292	
0.251295	0.550581	0.259392	0.354568	
0.315623	0.181929	0.212913	0.176157	
0.207347	0.183502	0.18545	0.298153	
0.157658	0.520227	0.250914	0.266791	
0.113286	0.891975	0.29931	0.192887	
0.12523	0.344036	0.352049	0.241712	
0.209105	0.0149177	0.270602	0.308177	
0.325491	0.0432099	0.234829	0.102416	
0.241922	0.578189	0.220512	0.329977	
0.17521	0.624288	0.248334	0.36658	
0.175335	0.267196	0.265584	0.216604	
0.302313	0.322751	0.300716	0.140366	
0.254211	0.888889	0.176146	0.203057	
0.191143	0.384816	0.286044	0.220677	
0.224008	0.298942	0.278767	0.326513	
0.303899	0.1778	0.216835	0.179197	
0.306191	0.260863	0.158537	0.370413	
0.270415	0.777778	0.210593	0.465421	
0.23639	0.281581	0.279671	0.28398	
0.254436	0.349308	0.180541	0.167935	
0.088484	0.184548	0.326791	0.334284	
0.440036	0.441551	0.217291	0.283033	
0.0950438	0.704861	0.228833	0.291335	
0.222383	0.116512	0.272561	0.320514	
0.248836	0.350036	0.232573	0.268536	
0.248309	0.465493	0.268399	0.194974	
0.187938	0.411265	0.208106	0.192813	
0.184612	0.359292	0.256618	0.307827	
0.240177	0.389771	0.181519	0.423689	
0.214724	0.237056	0.168872	0.291854	
0.25227	0.266865	0.326107	0.205649	
0.161538	0.385931	0.1961	0.345272	
0.170086	0.556193	0.261229	0.392439	
0.128002	0.569902	0.215929	0.207905	
0.108014	0.466333	0.262439	0.530144	
0.142975	0.292524	0.268983	0.245873	
0.245019	0.477513	0.232948	0.247745	
0.0862883	0.391582	0.206492	0.182752	
0.191607	0.520503	0.251349	0.155902	
0.214088	0.252897	0.250602	0.178767	
0.177981	0.45	0.175963	0.235408	
0.3013	0.724427	0.203175	0.268732	
0.298826	0.333719	0.195643	0.264696	
0.306682	0.164886	0.196465	0.39234	
0.201861	0.290447	0.288531	0.255545	
0.281126	0.0582877	0.377263	0.227131	
0.115682	0.14756	0.198501	0.356886	
0.335122	0.0534979	0.184564	0.259321	
0.413179	0.646465	0.230995	0.381187	
0.142625	0.361111	0.216467	0.270448	
0.209435	0.396373	0.244569	0.233044	
0.100396	0.662037	0.159582	0.313051	
0.349582	0.479592	0.271773	0.15581	
0.107163	0.0770723	0.238159	0.181473	
0.162213	0.483479	0.204834	0.293348	
0.227043	0.771305	0.164281	0.261944	
0.200521	0.239148	0.321756	0.445715	
0.227655	0.388542	0.218515	0.238358	
0.154085	0.211861	0.224466	0.38009	
0.108136	0.433128	0.292141	0.358622	
0.111643	0.0881564	0.248799	0.389785	
0.125308	0.2788	0.22508	0.116166	
0.221068	0.566358	0.236663	0.164516	
0.358194	0.300309	0.281681	0.268021	
0.14045	0.245679	0.281001	0.421111	
0.294601	0.14159	0.222785	0.355071	
0.226717	0.301367	0.283483	0.295922	
0.176619	0.111883	0.249236	0.337737	
0.181958	0.506173	0.347321	0.11674	
0.321482	0.663866	0.161528	0.421433	
0.166294	0.210748	0.272534	0.207374	
0.155377	0.223986	0.407125	0.335323	
0.384826	0.442387	0.181246	0.415615	
0.157724	0.351852	0.274303	0.166671	
0.195118	0.860009	0.210502	0.211641	
0.231973	0.39674	0.228205	0.401114	
0.174697	0.268149	0.260279	0.291193	
0.260042	0.460784	0.282277	0.227649	
0.202055	0.470109	0.124945	0.158022	
0.324053	0.717474	0.211082	0.228285	
0.162383	0.455247	0.238846	0.200639	
0.210977	0.477513	0.321089	0.254885	
0.111545	0.644444	0.262984	0.213694	
0.383175	0.504868	0.202194	0.296291	
0.180289	0.130015	0.177096	0.277756	
0.170673	0.234568	0.245934	0.258693	
0.346983	0.399802	0.260045	0.218032	
0.112464	0.28847	0.251019	0.341058	
0.121829	0.498236	0.244886	0.287997	
0.180145	0.197972	0.202685	0.245753	
0.174183	0.288821	0.184018	0.199305	
0.346739	0.593504	0.269299	0.259866	
0.138317	0.484127	0.237219	0.124362	
0.114242	0.274365	0.300991	0.3177	
0.24507	0.119048	0.1652	0.305828	
0.151454	0.206432	0.257867	0.279834	
0.185884	0.623506	0.233928	0.273093	
0.280624	0.394452	0.218927	0.306979	
0.122127	0.254437	0.254993	0.212862	
0.210477	0.401358	0.279995	0.21497	
0.251565	0.420842	0.32582	0.268684	
0.162997	0.45553	0.166047	0.367565	
0.102165	0.303477	0.397717	0.239953	
0.385678	0.344136	0.255691	0.291236	
0.29849	0.505208	0.181829	0.253597	
0.333708	0.481371	0.23606	0.147456	
0.251126	0.406722	0.225579	0.21056	
0.23609	0.645503	0.279363	0.463908	
0.303628	0.160926	0.152886	0.259616	
0.154363	0.62963	0.398915	0.128178	
0.260923	0.35319	0.289567	0.279539	
0.145532	0.30582	0.21334	0.40789	
0.20643	0.295003	0.317852	0.236178	
0.224229	0.153439	0.21739	0.330471	
0.292462	0.498772	0.190358	0.312827	
0.165392	0.45216	0.192323	0.25748	
0.28511	0.262395	0.245601	0.292554	
0.352055	0.406274	0.216964	0.209392	
0.3085	0.660991	0.19893	0.261785	
0.289643	0.0748089	0.243136	0.155342	
0.226939	na	0.317636	0.259002	
0.209237	0.571727	0.207864	0.0625976	
0.272245	0.251323	0.12907	0.163137	
0.46099	0.530093	0.25058	0.40483	
0.245243	0.373219	0.294506	0.246044	
0.188049	0.57483	0.207783	0.402017	
0.253696	0.207058	0.341192	0.187411	
0.38139	0.427167	0.212704	0.442919	
0.116285	0.514991	0.191055	0.253447	
0.174459	0.387599	0.302451	0.314439	
0.233754	0.255197	0.255791	0.216389	
0.377649	0.455169	0.319702	0.343596	
0.154619	0.152637	0.25159	0.193421	
0.0213377	0.356962	0.296806	0.283835	
0.12929	0.385802	0.286515	0.227129	
0.233939	0.321399	0.182605	0.0994507	
0.149718	0.305941	0.175315	0.272758	
0.0955763	0.355297	0.310417	0.357061	
0.12279	0.280423	0.310289	0.262551	
0.237503	0.0123457	0.225778	0.21291	
0.275417	0.595238	0.201762	0.341312	
0.151452	0.331178	0.223128	0.310767	
0.174618	0.168871	0.195214	0.196738	
0.240838	0.537037	0.289043	0.293562	
0.228125	0.400077	0.242699	0.15413	
0.161459	0.194478	0.272098	0.162066	
0.0706739	0.149912	0.155254	0.259261	
0.0980769	0.829932	0.234019	0.228739	
0.0804375	0.324432	0.178883	0.275211	
0.247268	0.368999	0.256584	0.185173	
0.268394	0.313368	0.205891	0.257767	
0.217498	0.244709	0.204671	0.26166	
0.162263	0.519676	0.280844	0.230135	
0.388598	0.398148	0.285431	0.225482	
0.232793	0.386347	0.291615	0.243026	
0.287004	0.458912	0.286847	0.273968	
0.270354	0.431665	0.248202	0.358377	
0.494832	0.334705	0.229395	0.272796	
0.110345	0.775132	0.210662	0.271584	
0.242352	0.27908	0.252045	0.227818	
0.272877	0.259902	0.338655	0.246453	
0.270651	0.382165	0.199814	0.218028	
0.23793	0.103909	0.192572	0.195121	
0.336017	0.390432	0.210291	0.250239	
0.245487	0.0432099	0.266012	0.426999	
0.212945	0.228136	0.262395	0.285744	
0.161686	0.195602	0.17193	0.153158	
0.227302	0.162183	0.272681	0.390789	
0.213679	0.310148	0.268975	0.350266	
0.212991	0.167769	0.224911	0.13585	
0.030207	0.469096	0.222628	0.203692	
0.166724	0.35114	0.189668	0.231302	
0.243782	0.426257	0.356782	0.231347	
0.191045	0.14777	0.26018	0.227601	
0.179515	0.33165	0.126743	0.458328	
0.239146	0.0290375	0.305032	0.352538	
0.307167	0.203239	0.225474	0.13432	
0.188435	0.219317	0.157992	0.427842	
0.22232	0.286954	0.183834	0.326472	
0.276322	0.178326	0.270384	0.1105	
0.220443	0.347443	0.148946	0.153816	
0.163147	0.0554926	0.230428	0.251995	
0.175855	0.393298	0.156348	0.397451	
0.357036	0.285325	0.263567	0.144017	
0.186304	0.360717	0.160402	0.240677	
0.225483	0.074515	0.271817	0.133621	
0.232078	0.273589	0.19305	0.296882	
0.20016	0.276854	0.195678	0.215103	
0.243238	0.167931	0.161945	0.203038	
0.398992	0.664266	0.194459	0.353603	
0.232657	0.520884	0.223833	0.258819	
0.153685	0.292933	0.289772	0.235408	
0.252894	0.485619	0.212872	0.526338	
0.254372	0.583333	0.280044	0.222204	
0.206761	0.374416	0.286823	0.238379	
0.360482	0.203532	0.221248	0.356765	
0.0428223	0.393519	0.274698	0.22463	
0.138766	0.267361	0.278952	0.26975	
0.163333	0.354167	0.363725	0.199099	
0.264017	0.483612	0.266416	0.346932	
0.17399	0.675926	0.215904	0.348923	
0.190409	0.047619	0.244251	0.38472	
0.331511	0.513889	0.229666	0.246923	
0.141188	0.223765	0.219451	0.315718	
0.0380147	0.207176	0.260957	0.138656	
0.23323	0.171296	0.260367	0.208597	
0.255787	0.435764	0.303011	0.298186	
0.285888	0.55144	0.19992	0.261062	
0.25487	0.814815	0.257796	0.30964	
0.158971	0.301367	0.209717	0.231352	
0.229165	0.146091	0.255155	0.16403	
0.135832	0.35263	0.254359	0.226545	
0.143018	0.190848	0.255259	0.314043	
0.24167	0.248567	0.167226	0.456885	
0.352897	0.231746	0.23033	0.309941	
0.321462	0.28057	0.295656	0.431038	
0.253929	0.647266	0.206958	0.468855	
0.184035	0.263117	0.192121	0.435791	
0.192758	0.42284	0.192533	0.308972	
0.452514	0.476742	0.259652	0.203104	
0.173143	0.0972222	0.244719	0.273793	
0.135547	0.144621	0.174582	0.274482	
0.271773	0.150163	0.275467	0.225223	
0.11515	0.0648508	0.327322	0.191947	
0.186504	0.166667	0.3162	0.308282	
0.273412	0.328704	0.249011	0.194908	
0.366629	0.017094	0.16488	0.185731	
0.326625	0.32199	0.213744	0.44603	
0.164145	0.12963	0.289853	0.34137	
0.172633	0.431768	0.285231	0.17793	
0.3353	0.432319	0.368761	0.194281	
0.211855	0.409743	0.173078	0.29135	
0.120121	0.340969	0.230703	0.240015	
0.271255	0.126564	0.259527	0.293394	
0.29812	0.449058	0.403568	0.280752	
0.188957	0.247151	0.190587	0.166152	
0.209712	0.477059	0.283636	0.296901	
0.166237	0.181548	0.211341	0.201888	
0.341568	0.204025	0.369229	0.279462	
0.30699	0.404174	0.21017	0.223345	
0.129107	0.614035	0.278861	0.3085	
0.117128	0.296982	0.116772	0.28701	
0.112333	0.293981	0.189356	0.187501	
0.144895	0.285439	0.200176	0.184147	
0.349474	0.290123	0.316192	0.322292	
0.263654	0.328489	0.267007	0.366612	
0.14193	0.506173	0.281185	0.218811	
0.218706	0.358586	0.288829	0.369112	
0.288064	0.174383	0.192737	0.233692	
0.0462873	0.230285	0.316876	0.255377	
0.179305	0.136882	0.410139	0.214867	
0.17855	0.30303	0.320197	0.210454	
0.15572	0.294043	0.296002	0.33815	
0.190194	0.357544	0.232404	0.441308	
0.171373	0.456488	0.216284	0.229252	
0.225121	0.300595	0.145517	0.0920636	
0.0935061	0.217973	0.157455	0.133138	
0.180693	0.455782	0.133318	0.21359	
0.249203	0.388007	0.324868	0.246575	
0.190132	0.101159	0.332914	0.341178	
0.141014	0.118844	0.206207	0.212331	
0.247146	0.370827	0.230722	0.238194	
0.206096	0.230973	0.258331	0.227347	
0.128689	0.204841	0.135632	0.435924	
0.167378	0.201906	0.186239	0.199832	
0.205873	0.265689	0.21706	0.251809	
0.160067	0.190642	0.159169	0.125587	
0.0698342	0.27399	0.191997	0.370334	
0.245214	0.450783	0.234519	0.260849	
0.293479	0.484816	0.268505	0.285928	
0.286007	0.242882	0.264587	0.163451	
0.192895	0.0555556	0.134759	0.321956	
0.22811	0.45873	0.215103	0.359724	
0.251341	0.227513	0.20703	0.181553	
0.302007	0.560461	0.320719	0.212816	
0.107015	0.179527	0.238514	0.104323	
0.148806	0.507375	0.157909	0.284174	
0.152034	0.305355	0.311009	0.239177	
0.172001	0.291152	0.186632	0.291933	
0.239031	0.223986	0.271919	0.1292	
0.285288	0.381871	0.325777	0.269834	
0.370994	0.51196	0.168121	0.174956	
0.160551	0.585317	0.250052	0.37969	
0.434698	0.227072	0.175494	0.322629	
0.236427	0.157407	0.341463	0.217634	
0.230743	0.192545	0.213968	0.223526	
0.309865	0.243184	0.117504	0.0954136	
0.275692	0.2887	0.160236	0.358359	
0.261501	0.310185	0.246028	0.409165	
0.259091	0.451707	0.233954	0.21395	
0.224376	0.313786	0.216241	0.314705	
0.282107	0.557858	0.239541	0.266394	
0.0647702	0.730122	0.239393	0.246074	
0.200955	0.49452	0.340383	0.28088	
0.161927	0.0848214	0.151845	0.157071	
0.228885	0.419367	0.257804	0.289631	
0.262628	0.195602	0.241538	0.324765	
0.133239	0.518229	0.219251	0.184555	
0.330828	0.275521	0.138215	0.314563	
0.0993296	0.0388007	0.242255	0.252381	
0.278461	0.342593	0.189974	0.303943	
0.11134	0.118166	0.336048	0.299315	
0.196669	0.259259	0.237206	0.163388	
0.249312	0.608025	0.251888	0.304469	
0.363066	0.493092	0.295109	0.189793	
0.113092	0.222984	0.297957	0.317605	
0.206094	0.43999	0.297399	0.143735	
0.142324	0.120937	0.194831	0.0763266	
0.156325	0.27805	0.234231	0.36044	
0.0641715	0.382191	0.215354	0.320698	
0.28142	0.271605	0.279565	0.284055	
0.445558	0.373714	0.21474	0.0551992	
0.232512	0.25625	0.278617	0.210025	
0.146612	0.0946106	0.240584	0.189082	
0.220027	0.387125	0.207001	0.305782	
0.290084	0.0200617	0.249862	0.209614	
0.126812	0.458617	0.338083	0.397324	
0.217798	0.364198	0.273561	0.270606	
0.259942	0.207621	0.163796	0.237426	
0.170498	0.394444	0.231973	0.273366	
0.16298	0.154738	0.256803	0.366971	
0.239029	0.673611	0.245762	0.400562	
0.229855	0.0674603	0.281817	0.309297	
0.0786591	0.28057	0.234319	0.297774	
0.272938	0.303558	0.255944	0.313602	
0.286941	0.5555	0.27379	0.117289	
0.197916	0.465703	0.297054	0.296427	
0.354595	0.584386	0.212616	0.280234	
0.103746	0.472789	0.223148	0.175598	
0.183284	0.383976	0.26779	0.351404	
0.251956	0.508818	0.274002	0.310509	
0.177863	0.573656	0.251554	0.265335	
0.21178	0.16189	0.261935	0.276437	
0.122024	0.186548	0.184104	0.257811	
0.233694	0.424473	0.207439	0.236243	
0.210446	0.496832	0.278089	0.305702	
0.175521	0.230705	0.278944	0.352893	
0.146394	0.0740741	0.212713	0.237111	
0.368942	0.132997	0.159726	0.298069	
0.304669	0.367027	0.195893	0.194269	
0.211379	0.186308	0.267026	0.173176	
0.349571	0.224353	0.335815	0.244648	
0.220022	0.0724994	0.232731	0.251021	
0.339367	0.548611	0.16485	0.269816	
0.231333	0.347737	0.193757	0.214326	
0.272813	0.155256	0.165977	0.241357	
0.185779	0.315878	0.312363	0.369955	
0.2399	0.529012	0.227561	0.379707	
0.218535	0.252882	0.182056	0.281036	
0.151766	0.250683	0.228961	0.221825	
0.47706	0.57443	0.248428	0.233612	
0.205177	0.555043	0.22444	0.206866	
0.315168	0.372843	0.220648	0.307124	
0.263709	0.0200617	0.134076	0.190001	
0.17195	0.281764	0.305332	0.252585	
0.222264	0.19252	0.227264	0.180498	
0.171613	0.177165	0.238156	0.165518	
0.152752	0.108907	0.291917	0.189705	
0.208686	0.0534979	0.180155	0.11237	
0.0709032	0.0830527	0.242538	0.179631	
0.121625	0.332822	0.225016	0.301718	
0.226599	0.0285494	0.264178	0.406587	
0.221625	0.313171	0.336267	0.282693	
0.1693	0.296296	0.152172	0.429243	
0.196863	0.25	0.183026	0.31056	
0.391676	0.398883	0.246408	0.180758	
0.221676	0.324767	0.285936	0.331629	
0.155608	0.356213	0.272808	0.403694	
0.290094	0.268665	0.324153	0.260047	
0.295328	0.765947	0.216376	0.228187	
0.19372	0.351468	0.255926	0.384873	
0.102697	0.419655	0.216617	0.218609	
0.188061	0.0226337	0.270035	0.20005	
0.317962	0.124486	0.280872	0.233103	
0.233152	0.468107	0.199564	0.249159	
0.237897	0.555638	0.395264	0.303541	
0.152526	0.387473	0.261614	0.319124	
0.332495	0.604058	0.276366	0.337959	
0.234412	0.478093	0.233433	0.415685	
0.186969	0.379287	0.24638	0.319207	
0.240364	0.0986143	0.12232	0.255421	
0.100178	0.128944	0.222028	0.24608	
0.336237	0.696446	0.217764	0.335544	
0.163927	0.300214	0.156279	0.164108	
0.335148	0.512629	0.180176	0.176907	
0.15189	0.253251	0.276572	0.261518	
0.408755	0.0863095	0.200832	0.267373	
0.32239	0.368481	0.244792	0.320964	
0.222549	0.0608466	0.263054	0.294526	
0.0762736	0.418462	0.238411	0.351068	
0.263974	0.192413	0.32612	0.166615	
0.203212	0.641847	0.186146	0.268916	
0.374286	0.436322	0.297183	0.217926	
0.0739348	0.352429	0.188748	0.210026	
0.130773	0.0216049	0.21792	0.200081	
0.179268	0.490741	0.272185	0.277991	
0.225652	0.246767	0.282589	0.261043	
0.23028	0.55924	0.171631	0.265668	
0.144419	0.290748	0.191141	0.204247	
0.0917931	0.641597	0.197716	0.144289	
0.221624	0.234111	0.217573	0.332584	
0.134311	0.0684524	0.219876	0.168221	
0.349126	0.243092	0.234638	0.378182	
0.16127	0.279514	0.268351	0.228588	
0.302198	0.552827	0.266319	0.257767	
0.126514	0.364564	0.260428	0.111626	
0.0601547	0.373638	0.265534	0.287786	
0.316672	0.567901	0.156077	0.278221	
0.327644	0.412698	0.321378	0.164135	
0.391114	0.277982	0.245304	0.218302	
0.156516	0.134259	0.15244	0.201865	
0.198035	0.156379	0.233298	0.339008	
0.266205	0.193305	0.111706	0.426758	
0.108827	0.214748	0.252025	0.294034	
0.220992	0.239418	0.206921	0.25358	
0.111953	0.355281	0.226718	0.34891	
0.262311	0.700806	0.240536	0.308967	
0.264528	0.542549	0.261605	0.267968	
0.211202	0.310442	0.217391	0.257775	
0.164414	0.192821	0.365139	0.407683	
0.176078	0.157848	0.302982	0.365724	
0.266021	0.39806	0.276634	0.231532	
0.267748	0.617752	0.244662	0.166221	
0.142783	0.239389	0.357447	0.292805	
0.204375	0.451303	0.228559	0.16271	
0.433739	0.350235	0.241038	0.267521	
0.292208	0.20842	0.271811	0.218758	
0.223108	0.272303	0.244997	0.308123	
0.22972	0.225823	0.2568	0.325531	
0.147261	0.289174	0.178263	0.349464	
0.0631468	0.318486	0.32581	0.190257	
0.348289	0.488017	0.23684	0.219727	
0.343424	0.195935	0.249037	0.25176	
0.148876	0.578704	0.236742	0.223579	
0.369824	0.0652557	0.206878	0.225664	
0.152783	0.352679	0.166413	0.18653	
0.23696	0.542649	0.210733	0.114175	
0.332836	0.350592	0.20088	0.208488	
0.311593	0.259105	0.213141	0.139766	
0.213258	0.527678	0.272296	0.181599	
0.160139	0.258377	0.217621	0.179063	
0.258591	0.176955	0.232082	0.227492	
0.165346	0.242015	0.238037	0.47286	
0.161748	0.382202	0.302893	0.169648	
0.231366	0.0432099	0.244247	0.219672	
0.146786	0.129924	0.242458	0.299843	
0.156162	0.517361	0.261281	0.248739	
0.181954	0.158951	0.228019	0.16797	
0.108908	0.551066	0.265989	0.242186	
0.149356	0.232804	0.273547	0.477583	
0.273679	0.344857	0.342807	0.227112	
0.100161	0.241623	0.33843	0.357062	
0.208074	0.163911	0.264225	0.253216	
0.0894187	0.063786	0.228408	0.31885	
0.159142	0.442515	0.228589	0.175485	
0.251686	0.259259	0.196558	0.238266	
0.235827	0.52482	0.363557	0.284621	
0.202592	0.286659	0.268247	0.238208	
0.113005	0.654762	0.306167	0.40518	
0.26566	0.418173	0.13828	0.273286	
0.269202	0.197828	0.251343	0.252361	
0.0710112	0.263668	0.254485	0.253546	
0.306202	0.459877	0.259389	0.357737	
0.258715	0.287948	0.291115	0.202736	
0.35698	0.833333	0.283913	0.280979	
0.349598	0.312904	0.210356	0.340938	
0.0955193	0.524061	0.276119	0.151877	
0.354998	0.456019	0.321589	0.30357	
0.12154	0.273038	0.33099	0.264821	
0.283632	0.356002	0.213316	0.350554	
0.226063	1	0.289352	0.13553	
0.149716	0.265272	0.231064	0.199203	
0.145641	0.408565	0.307511	0.289463	
0.135176	0.387566	0.234655	0.37891	
0.108566	0.891975	0.25091	0.299149	
0.0966282	0.381393	0.25718	0.423265	
0.201533	0.0226337	0.206742	0.309459	
0.0964798	0.415602	0.16185	0.179172	
0.153151	0.537037	0.306515	0.28714	
0.0790071	0.164217	0.338047	0.317787	
0.227136	0.356702	0.232304	0.270308	
0.288846	0.366987	0.27917	0.274033	
0.273585	0.604938	0.267679	0.201797	
0.0662187	0.209741	0.212207	0.353011	
0.206256	0.0490888	0.277142	0.200658	
0.163122	0.261781	0.263899	0.393697	
0.220907	0.437135	0.236815	0.15238	
0.260259	0.474102	0.199995	0.311413	
0.184712	0.245439	0.216231	0.282023	
0.0430255	0.652116	0.294069	0.234933	
0.304182	0.146734	0.202137	0.178848	
0.186986	0.416814	0.231198	0.126085	
0.196924	0.525463	0.29664	0.234877	
0.18223	0.468294	0.306988	0.263764	
0.141959	0.468537	0.29588	0.294415	
0.253473	0.178792	0.389127	0.208288	
0.356622	0.343542	0.180643	0.244399	
0.17558	0.390947	0.307433	0.249948	
0.236926	0.151235	0.299596	0.193642	
0.242072	0.292052	0.322373	0.336088	
0.113626	0.183201	0.290375	0.30167	
0.177742	0.164315	0.251568	0.185953	
0.210202	0.165722	0.192238	0.337769	
0.141756	0.539705	0.212882	0.155647	
0.19659	0.331217	0.199584	0.372833	
0.254588	0.398148	0.297182	0.383323	
0.20779	0.167388	0.37442	0.427205	
0.246431	0.352041	0.344239	0.22565	
0.16752	0.496265	0.343377	0.391716	
0.134446	0.454365	0.192875	0.268357	
0.216237	0.0756173	0.202957	0.198548	
0.25833	0.250053	0.197427	0.30514	
0.250415	0.174769	0.231754	0.352049	
0.260953	0.619683	0.331122	0.253409	
0.319944	0.272347	0.278054	0.241217	
0.245354	0.215439	0.285474	0.331826	
0.144827	0.0326003	0.248957	0.545743	
0.132666	0.486883	0.270968	0.30616	
0.107154	0.487746	0.198139	0.146177	
