ThetaFW[0]	ThetaFW[1]	ThetaFW[2]	ThetaFW[3]	
7.43218	2.22222	31.9275	3.06061	
4.48276	6.68889	36.6232	9.06061	
8.41839	4.22222	16.7101	10.803	
5.07586	5.62222	70.6268	15.7727	
5.82529	7	39.6087	5.01515	
10.9862	4.8	24.6449	8.63636	
11.7609	2.68889	27.2283	7.28788	
12.2345	2.77778	34.1196	8.68182	
7.13333	0.133333	50.4275	8.71212	
16.2437	11.6	10.7645	11.2727	
2.54023	5.2	17.9638	7.09091	
6.13793	9.68889	26	16.4091	
6.17701	2.24444	35.8986	5	
4.6092	7.86667	42.971	5.74242	
17.4138	14.6667	40.1993	12.1515	
10.8092	10.8667	40.9022	9.84848	
21.2989	1.88889	43.5906	7.4697	
4.10345	9.91111	48.913	8.92424	
7.81839	1.77778	26.3043	8.78788	
6.48736	14.6889	40.5543	7.87879	
8.3931	10.8222	36.2246	4.57576	
8.22759	4.15556	34.0833	14	
8.10115	0.111111	27.4384	12	
12.2299	4.26667	20.6739	6.24242	
11.0345	1.91111	31.5833	10.1364	
7.4023	1.86667	48.0072	11.2576	
13.131	3.88889	41.0109	9.72727	
5.05747	1.84444	43.4203	8.86364	
14.0667	2.2	36.9928	13.2121	
5.69655	7.08889	40.6884	13.4545	
9.56322	2.57778	37.8188	17.6818	
20.3333	4.11111	38.4819	4.12121	
9.70345	4.53333	30.5688	14.0606	
6.47816	11.8222	49.3732	8.12121	
14.154	4.86667	43.6703	8.68182	
8.22989	4.6	20.5036	9.56061	
9.08736	7.73333	30.7029	8.48485	
5.72874	5.84444	35.7174	2.68182	
8.85287	5.33333	31.7174	7.57576	
8.54023	8.75556	47.1159	4.40909	
7.66437	2.68889	23.5217	2.74242	
7.02759	2.04444	26.0761	5.19697	
3.50805	5.15556	39.4638	13.7727	
6.65747	3.31111	46.0072	12.1818	
18.1356	1.22222	32.0471	3.36364	
14.7471	6.51111	67.3587	7.56061	
8.14943	0.911111	29.1848	9.78788	
8.2	5.62222	27.5072	8.15152	
6.67356	8.06667	26.6486	7.72727	
13.2805	10.3333	46.7609	18.6515	
16.5655	0.111111	47.8514	13.4242	
6.61609	3.37778	39.4746	5.0303	
12.5379	4.55556	39.3732	9.81818	
9.06437	1.46667	31.837	5.75758	
13.2828	4.35556	24.6667	7.5	
3.35862	1.35556	23.3043	4.87879	
9.17701	1.46667	40.6159	5.22727	
15.4736	12.6444	48.558	9.62121	
11.2092	13.0222	29.9457	15.0909	
0.926437	0.244444	29.663	8.42424	
6.82989	9.22222	51.9674	9.87879	
14.8322	10.1556	28.7971	9.93939	
5.55632	7.04444	25.6703	5.95455	
7.75862	3.75556	37.5145	16.2121	
12.9586	2.02222	21.6304	15.8939	
14.1103	0.733333	41.1993	7.74242	
9.48736	0.822222	15.7862	5.09091	
8.83218	0.511111	25.721	2.28788	
6.11494	0.911111	29.5942	8.06061	
6.14943	12.0444	20.6377	8.24242	
4.36782	15.0667	35.9312	7.40909	
2.97241	1.71111	42.721	14.697	
9.26897	2.33333	45.9384	8.92424	
7.0023	11.0889	51.4493	6.09091	
2.35402	5.13333	46.9891	5.28788	
9.31264	7.62222	35.6232	5.89394	
2.48966	1.93333	39.2645	10.5606	
6.10575	2.48889	38.2283	7.25758	
9.73103	4.84444	29.9457	11.3939	
7.71034	5.6	38.3261	3.5	
10.754	23.8222	19.6703	12.5	
16.246	6.4	43.0906	10.2273	
11.7954	6.15556	43.1812	8.81818	
10.5517	1.62222	31.5725	8.69697	
8.92874	0.266667	37.971	13.0606	
6.12414	1.91111	38.0217	9.92424	
12.6621	1.66667	35.9022	5.12121	
13.1724	1.26667	34.5217	7.19697	
7.96552	4.8	39.6232	10.0758	
6.4023	5.53333	24.8297	15.7576	
3.36782	9.93333	36.1884	7.95455	
3.97471	1.48889	23.9239	6.07576	
9.82069	0.555556	35.9964	6.13636	
4.15172	3.77778	32.8043	4.19697	
12.9425	3.06667	26.7138	6.25758	
6.65517	5.64444	24.9746	4.93939	
5.70575	2.68889	34.5833	6.68182	
10.8621	3.51111	23.0072	6.04545	
10.4368	8.44444	37.4275	14.303	
4.58391	3.26667	27.8913	6.83333	
8.09655	1.66667	26.6812	15.2273	
5.64138	9.11111	21.6667	10.0758	
10.731	1.2	30.8986	7.25758	
8.01379	10.4222	32.1449	7.27273	
17.1011	21.3111	37.6775	9.39394	
13.9448	2.4	50.3007	4.83333	
23.0759	6.84444	22.4601	12.4545	
3.34713	3.88889	38.1196	12.2879	
9.62989	2.11111	32.2536	5.89394	
8.85287	0.933333	31.1812	12.803	
9.25057	1.31111	19.837	7.24242	
17.7034	7.68889	19.7862	5.72727	
5.81149	8.08889	33.75	12.7879	
9.66667	2.53333	43.0833	8.69697	
8.34253	6.22222	39.8732	5.84848	
3.26667	5.22222	49.7754	9.01515	
6	2.28889	33.9239	3.63636	
8.32644	1.33333	30.8225	8.21212	
9.52874	6.24444	34.913	5.13636	
29.4736	1.11111	34.9855	11.0455	
7.14483	5.73333	37.0652	6.34848	
7.3931	3.82222	47.5145	6.25758	
6.94713	4.8	41.6812	3.09091	
9.6069	6.86667	34.7138	9.5	
15.6069	18.5111	28.6304	7.87879	
13.3816	1.62222	28.9239	7.5	
12.7034	3.97778	30.7101	12.697	
7.85287	6.26667	28.3043	7.33333	
6.88736	2.82222	45.7174	4.21212	
4.76322	7.44444	41.1558	10.9697	
5.62069	4.22222	32.4783	7.10606	
13.3724	3.08889	19.4493	9.43939	
10.9678	0.911111	42.9457	4.04545	
11.4437	6.17778	43.5978	4.42424	
3.62759	3.82222	67.4167	10.5758	
5.95862	4.4	40.5145	6.28788	
16.4989	4.6	48.2101	5.95455	
7.36322	9.84444	59.4384	12.5606	
9.08966	8.17778	30.9891	9.27273	
2.07356	6.04444	49.6957	8.40909	
2.32644	3.26667	41.663	9.16667	
3.16322	12.0444	55.2717	11.7879	
12.0989	10.9111	27.3478	5.43939	
15.1333	2.91111	22.6667	4.63636	
19.8345	4.64444	24.8116	9.54545	
16.5609	2.57778	22.6775	2.54545	
8.86207	6.17778	22.9275	10.4394	
8.33333	5.11111	45.5181	11.7121	
12.5609	4.24444	31.4203	11.2273	
9.65057	6.95556	34.3152	2.9697	
5.52644	4.15556	26.1558	5.48485	
5.38851	1.57778	41.5072	6.54545	
11.5724	5.2	40.721	8.86364	
7.4046	1.86667	39.2862	8.65152	
13.7724	4.51111	21.4529	12.1667	
11.6828	1.42222	42.5942	11.2424	
10.0299	1.15556	45.1594	15.7424	
9.05057	5.13333	18.8043	9.66667	
5.48966	3.48889	37.8007	9.77273	
10.8299	0.688889	47.3659	7.21212	
10.3977	1.11111	28.1775	6.34848	
9.82989	0.466667	25.7536	7.56061	
11.4161	4.68889	19.9964	10.0909	
17.7816	1.44444	45.1087	5.90909	
8.32414	4.53333	31.8768	10.0606	
7.53333	2.77778	41.1341	7.80303	
6.1954	2.04444	27.5435	9.77273	
7.75172	1.17778	32.0072	9.07576	
20.7954	5.82222	48.9674	6.06061	
16.9609	2.35556	31.1159	3.36364	
19.7563	4.4	21.4058	8.21212	
14.4621	1.75556	21.2065	9.43939	
4.9931	8.11111	25.4964	5.74242	
4.01609	0.488889	44.9275	10.4242	
9.4023	4	30.8732	8.51515	
17.3977	1.53333	22.6703	10.7576	
5.58391	0.666667	41.3913	11.9848	
17.4667	2.42222	20.4964	7.62121	
7.70115	6.22222	34.8116	9.86364	
7.22989	2.55556	46.2174	11.8636	
11.777	20.6444	35.6739	7.51515	
8.07586	0.266667	35.5072	16.0455	
11.5885	2.68889	33.2826	8.43939	
6.88736	10.6444	27.8297	6.13636	
11.7839	10.7778	14.837	8.72727	
8.91034	6.04444	29.413	4.13636	
9.78391	3.04444	53.8043	5.63636	
9.98621	3.31111	45.7464	10.2879	
12.7333	3.06667	37.9565	5.13636	
14.7563	9.26667	43.7645	13.3333	
6.8023	1.64444	31.192	10.8485	
6.45057	1.4	57.6268	7.54545	
11.6207	7.28889	39.0326	3.98485	
13.092	4.11111	31.2609	6.69697	
11.4782	2.04444	33.1667	14.2273	
17.1264	1.15556	20.5326	6.80303	
8.88046	2.08889	47.8732	9.56061	
13.7908	5.75556	33.4457	7.19697	
9.24828	1.08889	35.0543	7.22727	
8.88276	13.5778	37.2174	17.8333	
5.36782	13.0889	37.1884	6.84848	
7.09885	2.24444	47.2464	11.4242	
3.87356	2.71111	36.3623	6	
9.90575	3	22.6051	6.86364	
15.5333	11.3111	54.8116	7.62121	
12.8299	9.88889	43.1667	7.86364	
9.94483	0.733333	23.4312	2.57576	
10.8989	10.2889	30.0797	6.77273	
3.16092	5.24444	25.1377	4.75758	
8.04368	6.88889	22.8659	12.0455	
12.9747	8.11111	33.9601	6.75758	
5.51724	8.26667	33.0906	10.7273	
10.7724	3.26667	27.0761	11.8636	
2.24368	1.57778	43.471	4.72727	
9.52184	2.95556	35.6848	4.27273	
11.9724	13.7111	29.6812	11.3333	
13.8989	4.02222	38.7645	10.0606	
4.85747	7.64444	30.0507	10.4848	
5.38621	4.37778	48.6884	5.39394	
3.88966	0.133333	33.5507	12.8485	
5.28736	0.266667	31.837	3.19697	
9.27356	9.35556	37.5181	8.39394	
6.68966	4.06667	43.0906	11.5606	
11.269	6.95556	23.1341	8.81818	
6.38621	4	29.913	4.07576	
1.33793	1.68889	35.8442	12.7879	
8.1977	3.44444	35.8297	3.5	
12.2644	1.8	20.6449	8.40909	
3.32184	2.24444	27.6123	7.89394	
3.6092	6.57778	42.9674	8.43939	
9.09655	3.35556	37.0362	6	
8.88046	5.77778	18.0616	12.8333	
10.3655	1.04444	47.3225	6.92424	
2.69425	2.91111	17.1304	9.30303	
12.3425	5.22222	21.8225	5.27273	
6.66437	3.8	38.2754	7.87879	
10.2138	1.51111	28.8442	11.2273	
3.88046	0.355556	29.6594	4.31818	
8.30345	3.91111	26.5507	9.43939	
3.70115	11.3778	32.6087	6.06061	
9.74713	1.35556	44.2935	6.40909	
2.3931	0.288889	32.2065	8.93939	
6.32184	9.04444	33.3623	7.56061	
12.3632	1.33333	27.5761	5.5303	
16.3678	0.911111	23.0181	9.37879	
3.49425	10.1111	29.6413	3.31818	
7.31034	2.4	45.2754	3.63636	
9.1977	1.44444	29.3659	5.09091	
8.66897	6.97778	37.9275	12.5152	
2.95172	1	21.75	12.6667	
23.4759	3.2	21.808	9.01515	
17.7402	1.91111	43.1703	5.95455	
17.3563	4.62222	23.1196	8.01515	
8.71724	6.28889	18.3297	15.2424	
17.0414	10.8444	37.5833	7.92424	
1.84598	5.8	35.0833	6.87879	
6.08276	22.2222	31.8949	4.24242	
19.7632	2.4	19.5906	6.92424	
9.95402	9.73333	18.8768	9.56061	
5.71264	10.3556	19.9601	9.90909	
9.77701	2.24444	26.7355	8.65152	
9.12414	4.93333	43.1594	8.13636	
12.8598	2.08889	38.0507	6.69697	
5.12644	3.08889	40.6304	11.6212	
11.7632	4.46667	29.529	7.13636	
7.72874	6.15556	26.5399	6.19697	
10.7747	17.4667	43.3587	4.36364	
10.9034	12.1556	36.5471	7.48485	
16.2989	0.0888889	34.8551	9.40909	
11.8253	6.75556	44.8696	12.6818	
13.4483	1.66667	39.4058	5.06061	
7.0023	1.13333	32.2355	9.25758	
12.8989	10.4667	52.2536	2.16667	
21.7057	0.111111	25.413	12.5303	
9.33793	0.155556	49.7717	7.51515	
15.6138	3.13333	26.5326	10.8485	
3.93793	5.57778	30.2717	9.80303	
5.10345	7.71111	32.192	8.54545	
15.0299	10.3556	32.1449	4.30303	
10.0023	2.31111	25.2862	6.83333	
4.62529	4.22222	43.5435	11.3485	
16.0414	1.64444	37.4855	6.65152	
2.6023	17.7333	21.5	7.4697	
20.6069	13.6	35.0797	10.5758	
11.5402	1.02222	48.0543	9.84848	
12.4207	3.48889	46.8696	11.9697	
14.6299	1.73333	43.6594	11.8485	
8.16782	8.8	41.1377	11.7879	
14.4046	9.24444	45.1087	7.42424	
16.8598	2.02222	35.3297	9.9697	
20.108	7.06667	31.3007	4.59091	
14.4345	7.13333	34.0471	7.31818	
9.93563	2.68889	37.4819	9.57576	
5.65517	1.2	23.9203	12.7879	
5.93103	1.31111	28.7283	10.7727	
3.35632	1.68889	20.7428	5.12121	
17.7379	6.6	20.6594	9.0303	
5.11724	4.26667	36.7174	4.83333	
4.82069	14.0667	28.2826	6.19697	
9.32414	4.44444	34.1087	4.5303	
10.2483	4.28889	32.837	9.77273	
4.62299	5.06667	22.0326	10.2273	
5.24368	1.64444	30.337	8.0303	
8.09195	0.2	35.0109	3.37879	
2.05057	12.4	51.9022	6.77273	
6.22989	3.44444	55.3333	6.51515	
9.76552	7.04444	38.7717	2.9697	
19.0046	7.2	27.3007	5.89394	
6.67816	1.37778	34.7101	9.57576	
6.58851	1.75556	20.1993	8.98485	
5.97471	1	30.7609	10.3636	
7.25747	3.53333	39.029	6.37879	
10.708	0.222222	37.1775	11.197	
4.54023	0.977778	49.6087	9.18182	
3.15862	4.66667	41.9674	14.1515	
19.2644	2.35556	37.4167	6.01515	
1.73563	3.55556	35.5761	9.48485	
7.5931	8.13333	42.9674	12.9545	
8.81149	7.95556	35.2935	3.66667	
2.53333	4.82222	24.6196	8.87879	
4.90345	0.488889	38.7935	6.83333	
22.8805	5.97778	48.4239	9.89394	
3.96322	1.53333	32.6014	11.0303	
9.9908	0.688889	17.6775	9.59091	
10.6874	1.53333	24.4094	8.72727	
15.1678	4.08889	45.4855	8.68182	
10.0092	5.95556	71.7862	14.1818	
5.08506	6.15556	35.8333	10.7424	
2.62989	5.33333	45.7862	5.24242	
19.4115	9.44444	25.4855	8.65152	
7.62989	0.0444444	27.2862	18.3333	
13.6529	2.4	38.0399	9.83333	
6.12874	13.2222	24.8696	5.71212	
7.47586	16.7333	15.4565	13.0303	
6.5931	2.31111	22.9058	6.42424	
10.9885	3.66667	26.692	10.3485	
6.38391	10.6667	18.4094	8.18182	
10.0782	16.2667	36.9746	6.66667	
13.1862	6.64444	40.4529	7.18182	
10.7448	1.8	47.808	6.62121	
13.3747	3.53333	26.5543	9.09091	
7.83448	1.8	74.7246	7.25758	
12.1011	5.44444	24.1449	5.25758	
9.86207	14.8	39.7899	5.42424	
9.18851	19.5556	56.9022	8.57576	
16.9655	3.66667	26.1304	8.09091	
11.4805	1.37778	22.2065	6.06061	
11.6414	1.6	34.471	11.8788	
6.32184	8.28889	20.4674	6.33333	
13.1287	19.9556	22.6377	10.7424	
4.81379	3.84444	34.6413	11.5758	
11.5931	2.2	49.029	3.30303	
2.04138	1.86667	40.663	7.57576	
7.83908	3.64444	27.2355	11.2727	
12.7149	6.84444	58.1014	10.5758	
18.7586	2.64444	25.1558	9.81818	
12.3264	0.111111	35.9022	11.1667	
14.4322	2.97778	41.0942	12.6515	
16.9218	1.17778	29.087	2.77273	
12.4253	5.6	27.0616	13.2727	
2.84368	1.46667	21.9855	12.0303	
13.4391	3.44444	22.7174	10.9545	
8.72184	0.0666667	41.9167	5.69697	
6.30115	1.97778	57.2174	8.63636	
5.98621	6.15556	42.8768	14.3182	
8.42069	11.5111	36.6775	5.68182	
6.70805	4.71111	31.029	4.74242	
9.05287	2.4	16.6775	5.65152	
14.108	9.37778	45.4457	14	
3.77011	10.5778	20.0688	5.39394	
10.8828	1.95556	46.4094	2.89394	
5.93563	2.13333	34.5036	8.87879	
1.44598	0.288889	54.4891	7.84848	
13.2713	0.155556	19.9746	7.01515	
2.50115	1.86667	58.663	4.28788	
9.32644	0.266667	29.7717	8.89394	
14.1287	1.71111	20.7971	5.39394	
3.50575	9.51111	33.9384	4.90909	
21.1379	9.53333	16.5942	14.0455	
4.65517	7.68889	20.8043	7.60606	
3.6	1.95556	33.0145	11.3333	
9.97241	5.22222	15.8913	3.33333	
12.0713	5.53333	38.2609	7.9697	
6.01839	10.2667	22.8877	10.197	
9.91954	3.6	44.0725	11.0303	
30.1471	1.82222	22.4819	14.9697	
11.2161	19.6	30.1739	8.06061	
11.5586	4.51111	43.5652	7.83333	
16.0299	6.48889	41.1123	7.09091	
15.8023	10.9333	47.7283	12.1212	
6.11494	7.31111	55.0978	8.98485	
11.9586	2.42222	29.6341	13.8333	
6.64828	5.46667	43.9022	1.63636	
7.89425	0.266667	41.308	9.75758	
18.9126	12.8667	28.4783	4.25758	
15.3793	3.42222	24.8116	5.54545	
19.2621	3.71111	42.1775	11.6061	
16.5034	5.4	50.4348	4.78788	
6.6046	13.3556	36.0326	8.63636	
6.61609	3.06667	49.4457	7.04545	
8.86207	8.46667	28.3514	9.16667	
9.73793	3.22222	33.2355	5.27273	
10.1632	7.48889	44.3225	9.9697	
9.54943	3.48889	27.0942	4.42424	
13.7126	1.04444	32.2609	8.69697	
9.31494	2.88889	35.7138	10.5909	
7.83448	5.64444	24.837	6.30303	
11.0345	13.4667	21.1087	3.95455	
15.3287	4.08889	24.8007	5.86364	
4.64138	10.2889	33.6449	10.7121	
8.28966	10.6222	40.7029	12.4091	
7.43908	4.71111	40.5	4.98485	
14.423	9.22222	24.6051	6.57576	
13.5839	1.4	43.3587	8.78788	
9.1908	13.3778	37.0362	6.60606	
20.0874	4.86667	27.4384	9.9697	
4.46437	1.73333	34.5471	15.9697	
5.72414	5.2	19.4094	11.4242	
7.36552	2.82222	27.1051	6.93939	
8.85287	4.46667	32.8696	8.65152	
11.5034	3.26667	29.3152	11.7121	
3.63908	4.02222	25.1341	9.36364	
6.13333	2.06667	31.4312	8.42424	
9.85517	0.155556	29.3551	13.8788	
4.81609	8.93333	22.1993	6.63636	
14.223	3.44444	25.4855	9.90909	
14.6713	1.15556	13.2754	8.54545	
5.44138	0.644444	22.3514	9.22727	
12.3379	9.46667	37.7138	14.5152	
24.2184	0.555556	28.9674	6.40909	
3.75632	6.48889	42.6014	11.1515	
5.70115	0.333333	32.9203	8.80303	
11.9954	8.26667	29.4783	10.3788	
5.14023	9.13333	20.6014	5.09091	
9.71954	7.26667	41.2609	6.34848	
9.86667	1.66667	40.5797	14.697	
11.5793	1.75556	40.9746	4.40909	
6.98161	1.64444	34.779	8.74242	
10.2207	6.75556	40.779	6.71212	
12.0092	1.57778	21.6014	7.90909	
4.46897	4.71111	40.221	8.62121	
13.0276	6.6	46.6449	11.4091	
9.65747	6.77778	58.2464	15.8333	
8.81149	7.06667	46.0797	12.2727	
7.54713	1.68889	24.6196	16.2576	
5.81379	4.53333	26.9058	10.9545	
5.28506	7.6	32.0725	4.95455	
19.0115	8.4	41.6703	9.09091	
8.34943	2.2	36.8007	12.0152	
7.77701	9.6	39.2536	12.2424	
27.1839	2.31111	49.7355	7.9697	
21.7931	2.28889	16.4855	4.81818	
8.06897	2.42222	31.7391	15.3485	
2.68966	3.35556	25.8116	7.19697	
25.6276	4.68889	51.1051	7.74242	
16.1402	3.75556	27.1993	6.4697	
10.8736	2.84444	45.7391	9.45455	
10.0207	0.4	56.3152	7.90909	
6.58851	1.08889	19.5036	6.13636	
7.0046	7.42222	37.3406	12.9394	
11.7701	4.97778	32.8732	5.81818	
8.76782	7.6	37	3.59091	
29.3609	12.1111	29.2681	9.25758	
3.89655	2.6	39.3261	10.5152	
5.14253	7.17778	34.7609	7.43939	
21.5425	1.42222	29.9891	13.8788	
9.16322	2.82222	33.221	6.81818	
17.9793	3.31111	29.087	15.6515	
8.85057	5.73333	54.9674	4.66667	
5.47356	1.37778	23.6957	10.4848	
5.81609	3.24444	41.9783	7.90909	
21.508	2.02222	23.971	7.83333	
11.7563	5.55556	45.0978	9.86364	
11.1218	0.511111	40.471	3.9697	
17.9839	12.1111	20.4674	4.56061	
2.07816	6.17778	54.6848	5.01515	
6.62529	2.68889	40	5.04545	
12.5632	3.28889	27.9457	17.7121	
10.846	0.577778	39.0326	7.31818	
10.2874	0.555556	27.5109	9.68182	
8.85057	4.88889	34.529	5.27273	
7.82759	27.7556	30.5725	6.5303	
7.87356	1.68889	36.1848	2.93939	
8.29655	1.73333	25.3043	9.51515	
9.48046	6.13333	24.9348	11.2273	
14.3517	14.9556	58.1304	5.40909	
3.16782	5.13333	46.1377	7.10606	
17.6437	0.222222	52.4348	6.31818	
18.1632	0.555556	30.6739	4.37879	
5	18.3333	40.1232	10.5758	
10.9011	11.4667	36.6957	8.78788	
7.47586	1.26667	43.8913	8.01515	
10.7057	2.48889	39.6812	1.39394	
11.1632	17.2667	24.1014	8.4697	
3.26437	4.37778	31.5652	7	
9.92414	3.4	52.1232	10.197	
13.5977	2.6	29.2138	8.25758	
11.3241	2	26.8732	6.93939	
16.4322	3.13333	34.8949	14.7727	
8.26437	0.6	30.1703	6.62121	
2.35862	5.04444	27.5616	8.19697	
2.42529	1.35556	33.7319	15.5455	
9.05517	3.68889	33.0725	8.75758	
8.07356	6.86667	25.3551	11.0152	
14.8115	0.666667	44.4348	9	
7.5977	4.48889	34.7899	7.4697	
1.41379	4.26667	29.2101	4.33333	
3.81379	12.7778	33.8514	7.68182	
7.71954	5.37778	47.1232	12.6061	
6.23218	3.73333	26.1775	10.9091	
9.5954	2.8	27.4638	7.22727	
15.1218	6.02222	31.4094	7.68182	
5.66437	11.0444	26.7609	5.43939	
5.95862	8.62222	35.2971	8.66667	
9.31724	12.7556	19.4855	7.54545	
3.34713	12.5778	17.3768	11.8485	
6.87816	4.48889	51.0688	11.6061	
10.9632	3.95556	22.5399	6	
4.50115	3.64444	12.0942	7.59091	
4.03218	2.8	56.9022	6.69697	
9.16782	8.57778	31.337	4.16667	
12.5655	1.93333	27.4457	3.56061	
11.2023	6.02222	38.7283	6.78788	
10.9632	4.13333	34.221	7.0303	
11.269	3.24444	28.9891	12.5152	
11.4161	11.6667	31.8659	2.06061	
6.62529	2.2	66.6051	9.84848	
4.33103	2.91111	34.3587	9.93939	
27.2184	0.555556	31.7246	7.54545	
26.4	3.95556	36.5471	9.68182	
4.29655	4.68889	26.2138	12.5606	
5.05287	3.11111	38.779	6.19697	
12.7126	3.95556	35.1667	9.93939	
13.6437	1.08889	41.7862	4.22727	
4.55862	0.911111	44.8659	8.51515	
7.73793	9.2	23.6522	14.1364	
8.47586	11.2667	27.1304	8.72727	
16.2782	6.71111	44.4638	6.87879	
5.14483	6.86667	31.3188	3.93939	
10.5149	1.84444	40.8551	2.89394	
5.28736	2.88889	40.5942	13.803	
5.95632	0.933333	46.4891	12.5	
8.67126	2.24444	40.4384	5.21212	
8.25057	17.2	32.1957	0.939394	
13.3333	2.51111	47.5616	10.6818	
5.65057	2.84444	55.5254	15.803	
17.7839	2.35556	45.5362	11.9242	
6.29425	5.42222	53.1268	5.04545	
10.9264	0.333333	43.5181	8.09091	
7.49195	1.88889	36.2754	5.57576	
17.8897	6.62222	22.7283	14.2879	
8.78621	5.17778	37.4891	6.4697	
8.90575	6.75556	55.837	6.74242	
13.1563	8.53333	24.6232	9.43939	
3.90575	2.35556	35.192	2.93939	
2.84598	16.7111	37.3188	7.09091	
8.26437	8.37778	22.0254	8.51515	
7.3954	5.95556	34.4674	5.68182	
6.28506	10.7333	43.5036	4.56061	
12.5908	9.73333	22.0942	12.3333	
17.4667	6.64444	19.7391	4.72727	
7.26207	3.04444	37.5471	8.60606	
13.7793	10.9111	50.913	17.0758	
1.93333	2.8	39.9783	10.5909	
15.5379	6.53333	27.0797	4.39394	
7.50115	1.33333	27.3043	10.8182	
5.38391	0.466667	36.5507	15.1515	
7.54023	1.75556	43.1558	6.43939	
2.82989	3.73333	41.9855	14.0152	
9.47586	6.71111	23.5725	10.2879	
5.16322	1.68889	33.4601	9	
9.97931	2.24444	19.3333	8.98485	
13.1701	11.2	53.5471	5.07576	
8.30345	4.28889	41.6993	2.65152	
5.33103	5.93333	30.9638	7.74242	
11.9563	3.71111	23.8442	13.3788	
7.4023	4.48889	25.1268	10.2576	
10.7816	0.466667	28.3696	15.9242	
12.8023	6.24444	23.8841	8.28788	
3.08966	4.48889	43.0797	9.84848	
7.26207	5.46667	51.8333	12.9091	
8.0023	7.57778	31.558	10.7121	
8.78851	4.57778	12.9167	2.89394	
10.0414	2.2	56.0833	5.68182	
17.2966	3.91111	28.5471	9.78788	
9.69425	8.31111	27.3478	5.45455	
10.4989	8.73333	25.971	8.27273	
4.22299	2.95556	42.6123	6.43939	
11.2483	8.62222	32.7029	7.83333	
20.954	5.64444	11.192	5.72727	
3.16782	6.28889	49.2174	4.07576	
7.77011	10.7556	47.4094	11.3485	
2.51034	1.37778	19.2971	12.7121	
15.6897	3.6	50.0217	10.2727	
4.68966	1.17778	22.2862	14.5758	
8.9977	9.06667	24.2609	9	
6.67586	8.44444	46.8116	7.48485	
7.18391	2.71111	22.4529	8.09091	
20.9839	10.6222	27.4891	9.43939	
13.4736	35.5333	22.4601	12.3939	
10.4023	0.8	39.163	3.93939	
10.2207	0.0222222	41.8877	7	
13.8023	5.15556	31.2029	2.62121	
18.3609	1.04444	21.0036	9.62121	
13.0391	5.95556	33.2428	10.8182	
9.24598	5.08889	47.8007	10.0758	
10.5977	2.68889	46.6413	8.87879	
6.24598	4.11111	40.2609	5.74242	
8.22989	4.86667	22.7826	3.84848	
5.4069	3.93333	38.058	11.6364	
13.4782	3.26667	53.3696	12.3939	
12.8782	2.44444	36.7609	7.71212	
3.4	11.6222	61.2319	11.4394	
10.1517	2.77778	32.7319	2.36364	
3.32184	3.55556	48.692	14.3788	
9.31954	3.48889	50.1196	6.9697	
7.32184	5.13333	28.692	8.78788	
4.92184	2.91111	45.7138	5.22727	
0.802299	5.73333	45.8587	7.04545	
7.25057	2.73333	49.0471	9.86364	
6.62989	1.82222	27.808	4.39394	
19.4046	20.2889	38.0036	4	
11.0667	2.46667	22.9783	8.93939	
7.5977	2.04444	30.2101	8.48485	
18.7011	6.35556	36.4601	9.28788	
13.5609	4.26667	43.5978	8.5303	
4.29195	1.82222	43.1413	7.71212	
8.03678	0.822222	18.942	7.65152	
5.31724	2.42222	41.0362	11.1515	
8.21379	8.4	29.9275	7.43939	
17.892	6.22222	26.6341	11.4394	
14.4092	2.13333	33.7935	12.8485	
7.50575	2	30.9783	13.3636	
6.63218	5.02222	41.9891	4.68182	
16.4161	0.488889	23.9891	6.72727	
7.28506	1.66667	33.1449	13.6061	
16.3264	3.24444	51.1159	5.9697	
10.1977	5.26667	28.5942	6.42424	
14.7747	8.46667	33.2355	7.34848	
6.41149	7.82222	30.2826	10.7727	
15.7149	6	26.8587	3.87879	
22.5563	0.355556	49.4058	13.0303	
9.30805	3.17778	16.9674	10.0303	
9.16092	1.28889	30.0507	9.89394	
16.154	9.6	35.2826	6.48485	
11.6828	2.31111	26.5399	5.5303	
6.74713	5.02222	48.5507	11.5758	
6.33333	4.33333	26.942	7.15152	
9.14253	4.33333	44.7283	8.90909	
11.4138	1.71111	41.3406	5.54545	
5.06207	2.31111	35.0942	8.69697	
4.23678	5.84444	29.8514	8.01515	
9.81379	7.24444	21.6775	10.0758	
5.74713	7.4	42.7826	4.80303	
17.3862	1.88889	37.6993	3.60606	
18.3862	3.53333	19.6268	12.2576	
10.0506	0.488889	46.9964	7.5303	
13.2713	0.8	42.4493	3.36364	
11.023	4.8	17.3261	5.31818	
13.9448	2.4	20.4275	8.48485	
10.9885	2.08889	35.7101	7.62121	
15.1586	3	20.0725	8.31818	
9.25977	1.2	36.7283	4.72727	
3.56092	7.28889	19.5652	9.15152	
16.9057	4.46667	23.692	7.54545	
6.71494	7.62222	31.6159	8.43939	
10.5264	0.488889	42.3623	7.22727	
11.2069	4.97778	40.3696	4.60606	
8.46207	3.37778	27.6449	6.62121	
7.13103	2.46667	28.3732	3.72727	
11.5862	8.48889	27.3623	6.24242	
6.30575	6.6	30.2754	6.62121	
6.45517	3.28889	35.1957	11.1515	
11.223	9.11111	44.9493	18.4394	
19.1678	4.75556	41.7935	2.66667	
8.02069	6.95556	26.4312	9.28788	
14.9011	5.93333	29.5326	5.60606	
4.44138	5.35556	39.4312	8.89394	
8.24828	2.28889	42.6993	6.72727	
5.09195	2.22222	35.0543	10.0909	
8.64138	2.64444	43.663	11.4848	
6.16322	3.15556	22.971	5.60606	
10.9816	0.222222	38.7645	9.72727	
6.02299	1.53333	36.2681	3.66667	
5.76092	1.53333	33.3623	13.2273	
9.57011	1.02222	46.7572	8.13636	
15.7563	1.46667	24.9746	7.57576	
4.90345	7.35556	56.2826	12.7424	
8.68736	12.0222	30.7174	5.51515	
15.8828	6.24444	41.0652	7.98485	
5.14483	6.31111	31.5399	10.197	
8.74023	2.17778	47.2246	4.19697	
2.94713	4.31111	51.5036	13.8182	
6.17241	2.24444	49.6232	10.8333	
13.2621	1.51111	31.3442	8.51515	
6.08966	1.17778	32.6159	8.5303	
15.577	1.35556	31.837	10.8485	
10.4299	23.3111	30.3406	15.0909	
7.48966	1.95556	23.8659	3.51515	
12.1816	4.15556	26.5833	13.9091	
11.1977	2.84444	46.0217	4.69697	
11.3057	4.13333	43.6993	6.0303	
8.02529	0.444444	25.7101	11.3333	
9.54023	6	49.7174	7.92424	
10.3885	0.844444	38.1993	3.68182	
13.869	1.84444	60.8442	6.51515	
7.30805	1.2	31.6558	7.22727	
22.0667	0.444444	27.5652	6.75758	
8.78621	7.86667	28.6123	12.4848	
6.96552	1.26667	38.75	10.1212	
8.09425	3.93333	35.7029	5.81818	
12.3126	0.955556	65.2174	11.8636	
7.26897	13.6	21.2754	11.9242	
2.06437	11.9556	37.8478	9.12121	
21.0828	4.73333	41.25	6.30303	
14.3701	21.1778	52.8225	7.5303	
8.51724	4.11111	30.2754	3.95455	
8.71724	10.7111	39.3986	3.71212	
14.5632	1.91111	39.8949	7.21212	
11.1034	3.22222	34.7101	7.01515	
10.223	4	35.9348	8.54545	
4.18621	14.4222	38.3986	7.93939	
5.1977	4.24444	19.0543	8.4697	
9.5908	15.3778	31.8986	11.1364	
4.87356	9.84444	33.9239	3.12121	
21.7448	4.42222	42.3587	6.66667	
12.6506	3.35556	38.5833	10.8182	
17.1816	2.22222	24.7246	3.57576	
7.02989	3.91111	42.3949	16.4848	
14.0736	0.977778	37.8478	11.2121	
6.93563	1.37778	37.9891	7.56061	
15.6736	0.888889	69.308	7.66667	
8.47126	3.75556	49.0978	5.13636	
11.0253	7.91111	33.837	11.9091	
22.1724	1.82222	35.5652	10.0152	
9.21839	7.44444	33.9493	7.39394	
12.0483	2.62222	13.7572	4.31818	
4.30115	4.06667	35.4674	6.68182	
10.1701	6.11111	27.9058	4.33333	
14.5287	9.26667	41.6159	12.8333	
4.95402	1.02222	31.8659	11.1061	
2.70115	6.93333	39.5761	5.4697	
11.3011	15.4889	35.6196	8.5303	
12.2897	6.53333	41.4457	4.60606	
13.1724	6.02222	11.9022	7.22727	
8.94483	1.66667	29.0435	17.5909	
11.6345	1.62222	30.1341	6.90909	
7.41149	2.46667	20.6884	4.01515	
6.87816	2.84444	36.9384	11.3788	
19.4276	5.6	32.3768	4.30303	
3.50115	17.5778	52.5652	9.39394	
10.892	3.55556	61.6667	5.84848	
11.7356	2.24444	22.8841	16.0909	
6.74023	2.04444	22.7428	8.13636	
17.3908	3.35556	32.3986	7.16667	
17.7632	9.64444	50.0471	6.87879	
7.35402	4.95556	43.4529	4.68182	
5.12644	7.08889	34.1957	3.51515	
18.7701	6.68889	54.1341	7.9697	
10.554	6.62222	24.5399	11.3788	
6.86897	2.06667	34.7464	7.15152	
11.6023	6.06667	29.9855	9.19697	
8.09425	4.73333	16.5181	4.43939	
10.5747	7.26667	36.4384	6.48485	
22.5655	2.08889	37.9638	11.2273	
8.0092	3.6	47.5797	12.5152	
12.6138	3.02222	28.0181	11.2121	
12.2046	5.15556	14.1667	4.75758	
12.2391	6.68889	29.9348	9.45455	
9	1.35556	28.6449	12.697	
7.94483	7.08889	33.4891	11.8182	
5.45057	9	16.8949	9.51515	
10.8253	27.0444	38.2717	6.0303	
6.0046	17.6667	43.5942	7.89394	
5.88966	6.84444	34.3986	8.84848	
1.06897	0.377778	32.2464	5.25758	
4.33563	2.73333	48.2826	8.95455	
15.2943	2.06667	28.5833	5.43939	
4.51724	1.77778	41.3478	9.89394	
17.508	3.64444	13.7645	9.68182	
4.75402	1.08889	40.4855	12.1061	
13.6161	2.86667	34.3804	9.06061	
5.04598	1.2	38.9493	9.75758	
14.577	3.75556	40.3696	1.62121	
9.51724	3.86667	40.7464	5.40909	
19.0529	7.33333	49.0797	5.62121	
3.4	2	46.5181	12.7424	
8.81379	3.48889	43.1196	8.5	
5.95632	3.15556	21.7717	5.80303	
6.32644	11.1111	37.2645	8.59091	
4.22299	6.04444	22.6558	12.3788	
9.12874	0.911111	38.8841	9.66667	
20.4575	4.82222	25.1594	2.9697	
7.65287	5.24444	67.9638	13.303	
9.87126	5.46667	24.7138	3.75758	
21.308	1.37778	25.4348	11	
8.16782	0.177778	31.5145	4.51515	
4.85287	5.2	37.0978	13.0152	
4.69425	6.4	43.5399	5.25758	
11.0552	4.84444	24.6449	10.4242	
9.1977	1.66667	36.2645	3.06061	
5.12874	2.53333	30.6413	9.48485	
9.14023	3.46667	30.0725	9.68182	
5.49655	0.311111	48.7935	8.01515	
4.03908	2.42222	21.4348	7.28788	
9.72414	4.17778	33.0906	5.66667	
8.8092	9.26667	38.7717	5.10606	
12.5724	4.8	40.3333	3.77273	
14.3793	11.2	39.7609	10.7121	
5.74713	2.53333	30.7899	6.33333	
9.01149	5.35556	35.3804	11.2879	
7.91954	3.64444	49.4167	5.12121	
13.908	8.22222	31.5978	6.95455	
8.22989	1.06667	35.2681	4.30303	
5.90345	2.44444	25.1304	7.39394	
9.51264	5.06667	26.1341	1.77273	
9.25287	11.7778	65.2899	11.5606	
7.53103	1.46667	56.9312	7.12121	
14.2805	1.8	22.5942	10.7121	
17.3839	1.02222	7.76812	6.95455	
18.7632	5.17778	34.3587	7.84848	
8.49885	1.86667	33.0181	7.24242	
20	2.51111	51.9094	7.06061	
9.63908	1.64444	28.2862	16.1061	
14.8207	2.51111	26.1159	10.3182	
11.7333	11.2222	28.0217	8.77273	
12.5563	1.68889	33.4275	6.56061	
7.13793	5.02222	42.7464	3.5303	
17.0322	13.6	28.4529	7.72727	
11.0782	4.6	35.279	5.89394	
2.65517	2.11111	27.3877	7.56061	
21.7655	5.88889	45.2826	8.83333	
6.11724	5.06667	31.3804	6.12121	
11.3034	9.93333	30.6232	8.30303	
19.2345	0.244444	18.5326	9.60606	
18.5195	8.97778	40.25	10.9545	
7.97241	4.11111	25.8514	9.09091	
7.55172	4.95556	29.4638	8	
7.8	0.844444	43.6486	2.72727	
7.02299	0.422222	40.9964	4.86364	
1.26897	3.04444	36.6449	4.16667	
8.41839	17.4444	42.6377	12.303	
7.22759	2.04444	35.3406	5.87879	
15.3356	1.13333	71.9239	13.1061	
11.469	1.26667	21.8877	10.303	
10.2874	0.977778	22.7609	4.28788	
17.8989	1	33.1667	4.86364	
13.1287	4.02222	48.4275	11.2727	
5.89655	7.64444	37.558	14.0758	
8.41379	3	51.8043	7.80303	
18.2897	7	30.1449	7.34848	
21.6299	10.9778	49.6993	8.60606	
8.30575	6.35556	29.8841	5.75758	
6.85287	0.155556	37.1304	7.43939	
13.6667	0.688889	43.3696	11.4091	
6.68736	11.6889	30.8514	10	
9.68046	12.2222	50.2029	8.5303	
7.23678	6.22222	43.8986	7.19697	
12.4023	15.0222	36.0181	13.7121	
11.1793	8.11111	30.2681	16.7273	
13.5172	4.62222	44.4638	9.39394	
11.7448	1.44444	14.6667	5.77273	
1.7977	2.13333	37.3732	5.62121	
16.1862	20.0889	29.1558	12	
11.9609	4.04444	32.6667	8.9697	
13.1356	9.68889	18.4203	4.9697	
3.35402	6.6	39.6884	10.1212	
19.3885	1.04444	26.6304	15.5152	
10.4092	1.51111	37.442	3.56061	
14.7126	2.13333	39.9638	9.10606	
2.04368	1.93333	28.5942	10.9848	
8.46437	3.82222	32.8297	7	
6.83908	23.4222	34.7065	10.9091	
14.4644	7.84444	58.0072	8.71212	
9.4023	4.77778	24.7065	10.0455	
4.8069	0.266667	26.9058	2.75758	
6.26667	3.11111	39.8732	11.0455	
11.9563	9	38.5797	6.62121	
1.98851	5	31.8007	5.34848	
16.5241	3.53333	30.308	12.1061	
8.6	12.2889	26.6123	11.4697	
8.28046	8.26667	20.0145	7.56061	
6.38391	1.68889	27.3623	5.13636	
11.0414	2.55556	34.3732	8.21212	
14.046	7.68889	20.913	9.86364	
8.09195	6.37778	28.7246	7.87879	
5.88736	3	45.2717	5.56061	
4.26667	6.55556	40.2319	14.3485	
14.8943	10.5111	36.9601	7.36364	
16.8874	1.88889	37.9022	6.43939	
13.9333	3.62222	32.2283	11.0758	
4.53563	3.04444	22.0109	3.34848	
18.0253	0.155556	30.4928	17.4848	
12.869	3.35556	12.8007	10.0152	
6.78851	2.91111	20.4275	14.4848	
8.88046	0.4	34.1449	9.36364	
1.62299	3.08889	26.2826	16.8788	
8.14713	10.8444	35.0435	10.1364	
13.1402	6.02222	40.3551	4.42424	
10.246	5.42222	47.4638	11.1515	
6.41379	4.97778	48.0652	9.72727	
5.77931	5.86667	53.1159	12.1061	
8.92414	4.11111	27.1413	10.7576	
16.2391	17.7556	34.0109	9.16667	
9.38391	3.44444	44.5	10.9394	
11.846	0.222222	30.9855	3.36364	
17.3264	2.2	40.1848	10.7879	
17.4621	3.91111	42.7862	7.57576	
10.4575	7.24444	21.3261	11.9697	
9.70345	1.66667	42.2246	9.72727	
5.78851	11.7111	31.0616	9.84848	
4.07356	3.26667	44.0942	8.57576	
13.4552	6.62222	46.6268	9.4697	
10.0897	7.73333	35.9819	7.59091	
11.4575	10.3556	19.6304	11.1364	
17.3931	1.4	14.5616	10.7576	
5.0092	1.53333	20.8696	8.30303	
5.09885	3.51111	31.279	6.01515	
15.6207	0.955556	27.3116	9.84848	
20.9379	4.88889	19.4094	8.22727	
5.98391	12.2222	46.5978	6.9697	
9.06897	2.73333	21.7319	8.77273	
8.84368	5.71111	21.9565	10.5455	
10.3172	2.31111	39.1304	20.3485	
8.01839	3.35556	47.779	7.27273	
15.9609	0.4	18.4638	7.39394	
6.6069	0.4	40.3188	7.37879	
6.38391	3.51111	39.4855	12.5303	
11.4	0.488889	30.1123	4.87879	
5.96552	2.04444	46.5942	8.33333	
8.63678	2.86667	23.8986	16.1061	
15.6483	4.68889	39.0797	6.66667	
5.21379	13.5333	35.9819	13.7576	
16.8759	2.62222	52.6341	7.24242	
5.23678	1.68889	26.5362	7.75758	
10.3218	4.6	28.5036	5.56061	
11.3793	0.111111	31.9529	11.6818	
5.82529	18.0222	52.971	13.7121	
16.4782	9.08889	42.9783	3.56061	
7.36092	9.24444	45.2065	9.12121	
16.223	5.57778	30.8514	17.2879	
16.3149	2.95556	44.9964	11.4545	
5.10805	2.71111	37.663	5.45455	
9.35402	3.84444	22.029	10.9848	
14.0713	3.8	31.9638	3.24242	
14.1126	1.91111	40.3043	9.27273	
21.9149	22.2222	25.942	11.9545	
5.52184	3.73333	36.6848	8.56061	
25.1241	2.26667	35.4565	12.1818	
7.88506	7.11111	48.0543	11.0909	
27.6598	5.22222	49.0761	4.01515	
16.4207	1.95556	45.2971	2.51515	
10.7218	3.55556	31.1703	7.39394	
5.17471	2.6	54.721	12.8788	
8.97241	1.82222	33.058	9.60606	
4.12184	7.48889	29.6993	15.0152	
5.86667	7.75556	37.1413	12.303	
12.9586	0.222222	27.3406	9.01515	
5.95862	2.66667	42.0326	7.60606	
6.78851	4.57778	42.3804	7.40909	
6.72184	3.93333	31.6341	10.803	
13.7471	2.51111	26.9348	14.3485	
9.3954	2.37778	43.5471	9.12121	
17.7586	5.64444	32.0761	4.12121	
2.01609	1.26667	20.9058	7.25758	
11.2897	0.333333	30.8913	5.10606	
6.08506	15.2444	41.8913	7.24242	
7.25287	6.42222	17.0543	8.71212	
9.27586	12.6889	16.0072	16.2727	
9.32184	2.77778	19.0906	6.0303	
5.17931	11.1111	55.8406	6.16667	
17.2736	0.688889	24.4384	8.59091	
10.0828	2.11111	47.9457	2.60606	
6.65977	0.577778	34.3623	11.4242	
13.2851	1	47.4203	3.01515	
11.3954	3.42222	45.8768	14.3939	
5.97471	3.2	51.1014	7.56061	
24.3471	3.48889	28.6159	10.2121	
4.64138	9.48889	36.3696	10.3939	
15.469	1.22222	41.2826	11.2121	
13.469	3.08889	42.1304	7.24242	
5.14483	1.8	38	8.01515	
5.94023	3.4	39.1884	10.3788	
13.4368	2.2	40.9312	5.4697	
10.8667	7.51111	35.6667	4.57576	
4.44598	2.62222	28.7862	7.9697	
11.023	10.5556	34.8659	8.5	
7.55862	1.84444	40.6594	10.7576	
9.51494	2.35556	51.1377	4.34848	
8.91724	6.68889	42.1812	17.5303	
9.03908	7.31111	29.4493	12.5758	
9.23448	0.711111	41.2971	7.75758	
13.4828	4.26667	28.587	7.84848	
8.89885	2.04444	46.0652	10.9697	
18.4184	14.2667	43.3804	3.04545	
8.23448	3.42222	64.3732	10.4848	
18.6598	5.6	25.1014	7.72727	
2.77701	0.311111	26.1667	4.72727	
5.67816	2	49.0725	6.18182	
7.06437	4.8	20.0254	8.89394	
