FFn[0]	FFn[1]	FFn[2]	FFn[3]	
0.958214	-0.346091	0.282118	-0.470549	
-1.42255	-1.19661	0.159887	0.0239678	
-0.711296	-0.478329	-1.17039	0.484989	
0.040165	-0.0290087	1.26573	-0.460945	
-0.202455	0.325423	-0.134722	0.0327981	
-0.538593	0.503485	0.0175121	-0.321353	
0.284662	-0.203738	-0.580647	0.0655531	
0.0805183	0.824284	-0.443982	0.757144	
-0.498434	-0.961786	0.000739715	-0.71247	
-0.738195	1.93905	-1.47552	-0.436466	
0.14329	1.46388	-0.876226	-0.505872	
-0.219765	1.21963	0.850496	-0.360542	
-0.139186	-0.294106	0.335102	0.407542	
-0.46194	-0.263837	-0.126219	0.497669	
-0.763143	1.3426	0.268642	0.667979	
-1.52917	-1.2767	-0.251163	-0.460812	
0.192981	0.887935	0.635317	-0.369635	
-0.353595	1.25159	0.347046	-0.440864	
-0.42546	-0.582075	-0.156973	0.617806	
0.437679	1.16619	-0.322779	-0.332545	
0.214973	1.46964	-0.263082	0.379528	
1.12183	1.48896	0.118859	0.0346317	
-1.25473	-2.17902	0.0878177	0.0967416	
0.217389	1.10137	0.566175	0.149842	
1.03064	0.276258	-0.158992	-0.182075	
0.0678499	-0.828718	0.435552	-0.00893605	
0.0180908	0.696897	0.359749	0.0209282	
0.781814	0.619628	-0.4824	-0.00285414	
0.483239	-0.224391	-0.717385	-0.64616	
-1.64285	0.973632	-1.40317	0.722632	
-0.615758	-0.356755	-0.0222014	0.774163	
0.279685	-0.233322	-1.78844	-0.609644	
0.766091	1.70027	0.211623	-0.232826	
1.05485	-1.2117	0.989755	-0.263874	
0.235035	0.375817	0.401817	-0.496237	
0.00733784	-1.53188	-0.25716	-0.636575	
1.15761	1.02802	0.806295	-0.500756	
-0.0567322	1.00104	1.17433	-0.303429	
0.573241	1.20617	0.574207	0.355211	
1.33804	0	-0.464474	-1.17121	
-0.552685	0.288583	1.08709	-0.893878	
0.152124	-0.422104	-0.298458	-0.382069	
-0.864263	1.02359	0.476703	-0.402308	
-0.0309564	1.13129	-1.14219	0.260103	
1.30594	0.754011	-0.424419	0.417282	
0.901972	-1.52273	-0.079587	-0.333026	
-0.441831	-0.49758	-1.06939	-1.13118	
0.251313	0.429379	0.352356	-0.5867	
0.428238	-0.906721	0.534722	-0.380584	
1.01683	1.76468	0.350741	0.403089	
-0.114437	-0.422932	0.0155802	-0.00770882	
-0.0739895	0.0551647	-0.0622626	0.122657	
0.491433	0.359009	0.511581	1.05746	
-0.530049	0.982508	-0.142204	0.224788	
0.45034	0.241254	0.145374	-0.224684	
-0.470475	-0.280067	-0.415632	-1.39325	
-0.015308	-0.375052	0.622222	-0.221555	
0.656553	0.622284	-0.0804359	-0.690663	
0.0460447	1.25988	-0.741214	0.881686	
-1.66447	-0.859469	-0.991509	-0.120087	
-0.584928	-2.54982	-0.633051	0.206084	
0.962066	0.704861	0.109931	0.448341	
0.602484	-0.578353	-1.20922	-0.247247	
0.37633	-0.706529	-0.478606	0.881689	
0.644121	0.544522	0.0224916	1.0976	
0.758546	-0.193626	-1.32742	-0.879304	
-0.490267	-0.204645	0.212789	0.469544	
-0.192677	-1.21369	-0.339272	-0.389267	
-0.864793	-0.280067	-0.13179	0.635274	
-0.983042	-2.20811	-0.247111	0.301198	
0.441657	-1.70916	-0.4944	-0.292425	
-0.496734	-0.383379	-0.470906	-0.368362	
0.701477	0.770047	-0.530449	0.314246	
-1.16103	1.31317	0.0948984	0.436144	
-1.38191	1.24205	0.510371	0.741367	
0.612154	0.97777	-0.0267026	0.0365824	
-0.663351	-1.63512	0.39107	0.529421	
0.487325	0.629016	0.435739	-0.435205	
-0.88098	0.175863	0.613829	-0.220424	
-0.682763	-2.0029	0.208419	-0.439503	
0.370506	0.840051	0.356635	-1.00733	
1.29968	0.701537	0.513896	-0.777752	
0.4327	-1.9128	0.0260206	-0.789006	
-0.616056	-1.31877	0.103548	0.0458872	
0.748752	-1.21132	-0.511376	-0.518017	
0.459952	-2.25642	0.378424	0.349411	
0.729735	-1.13325	-0.0214369	-0.499474	
1.62455	-1.44701	-0.0369594	-0.607459	
-1.9894	0.874958	0.223432	0.989405	
-0.979398	-2.05323	0.683312	0.303005	
-0.593051	0.173826	-0.165673	-2.13917	
-1.29512	-0.527604	0.279464	0.0553704	
0.0299218	-1.34774	0.0320074	-0.994329	
-0.0544058	0.171922	-0.288968	0.896341	
-0.0159437	0.284941	-0.65366	-0.619351	
0.492518	1.03291	-0.637896	0.31665	
-0.399883	0.309967	-0.134913	-0.737206	
-0.909941	0.173981	-1.05165	0.084197	
0.25877	0.666758	0.231053	-0.411718	
0.645523	-1.23722	0.422188	-0.5052	
0.39433	-0.181364	-0.724757	1.55453	
-2.11011	0.740994	-0.206441	-0.15405	
0.326561	0.298468	-0.366041	0.486412	
-0.0254343	1.358	0.0624026	0.0182176	
-0.559661	-1.87605	-0.572599	-0.659091	
0.407673	-0.281649	0.194526	0.420734	
0.763821	1.40091	-0.173256	0.417282	
-0.222136	-0.171922	0.354911	0.99397	
-0.150599	0.993016	-0.300468	-0.404711	
0.304287	-0.71714	-0.143125	0.182892	
0.792513	-0.364131	-0.444161	0.0299684	
-0.554821	1.06235	-0.53326	1.1611	
0.555452	-1.47132	-0.0316736	0.330516	
0.206565	1.32497	0.427996	-0.339354	
1.57262	-1.67641	0.197735	-0.446802	
-1.30249	0.451294	0.378649	0.699407	
-0.574473	0.729871	-1.45731	0.405093	
0.545777	-0.186711	-0.245228	0.522259	
0.125757	1.42742	0.438004	0.33399	
-0.607672	0.0798006	0.621888	-0.229257	
-0.128788	-2.03307	0.0729972	-0.498183	
-0.142788	0.379113	0.13239	-0.305613	
0.451848	-0.795516	0.520018	-0.134965	
0.682769	0.724007	-0.232608	-0.159247	
0.825887	0.567382	1.01848	0.0570876	
1.42574	-0.282443	-0.0614863	-0.131144	
1.23688	-0.88845	-0.0202953	0.0908789	
-0.0732854	-0.150431	0.323975	0.671306	
0.831208	0.232638	0.648183	0.71525	
-0.478492	1.39682	0.507057	0.361722	
-1.14971	-1.31704	0.351438	0.640754	
0.450366	0.851953	-0.367628	-0.853283	
0.925455	0.671001	1.19792	0.439503	
1.43934	0.286441	-0.970984	0.698451	
-0.143199	-0.694595	-0.633369	0.460126	
-0.504913	0.269504	-0.41344	0.581237	
0.545478	-1.53188	0.282132	-0.761542	
0.291736	0.833188	-0.885183	0.184715	
0.0432205	-2.08295	-0.274411	0.870473	
0.779125	0.902589	0.41893	0.286352	
-1.25321	-0.926604	-0.797232	1.04493	
1.0869	-1.51907	0.201199	-0.575241	
0.615654	-0.0186485	0.171072	0.138454	
-0.543577	-0.805483	-0.724979	0.0432801	
0.66459	-0.438096	0.816694	-0.0267192	
-0.0755566	-0.131785	-0.0678225	-0.955644	
0.259857	1.30054	0.323423	-0.196544	
0.209017	0.199458	0.231603	-0.62284	
-2.00955	-0.65942	-0.442424	0.210494	
-0.398783	-1.48286	-0.471577	-0.478095	
0.229835	-0.218556	-0.358303	-0.0575043	
-0.556404	0.924748	0.467236	-0.33399	
0.279355	-0.418224	0.10038	-0.76696	
0.984255	0.292797	0.214195	-0.0813874	
-1.73474	0.603135	-0.635446	0.302833	
0.052157	-0.828718	0.210222	0.786013	
0.0850958	-0.632272	-0.119876	0.49358	
-0.0666352	0.697139	-0.0639981	-0.570999	
-0.0741682	-0.851953	0.0305498	0.378141	
-0.742107	-1.27406	-1.29514	-0.0501073	
0.955643	-1.12875	0.884264	-0.46548	
-0.589617	-1.59382	0.191296	0.118869	
0.061837	-0.270163	-0.158513	0.569073	
0.663947	-0.657732	0.0141218	0.368627	
0.0869746	0.794809	-0.470666	-0.225899	
0.0404388	0.805483	0.0207213	-0.373393	
-0.842247	-0.422104	0.410846	0.175031	
-0.297429	-1.45268	0.509589	0.216622	
-0.831818	0.761765	1.09074	1.05633	
-0.229324	-0.491523	0.745521	0.584814	
0.813554	-1.967	-1.15367	-0.367996	
0.902209	-0.138351	-0.581919	0.421104	
0.194396	-1.56221	0.165363	0.411718	
-0.716176	-1.73384	0.935499	-0.368096	
0.0443617	-0.427443	0.149155	0.441391	
-0.351728	0.0102318	-0.987049	-1.00764	
-0.796992	0.194404	0.508493	0.552357	
0.667866	-0.162646	-0.98508	-0.129931	
0.101468	1.09598	-0.131704	1.0117	
0.611023	-0.914869	-0.0216	1.01638	
0.342351	-1.71531	0.12538	-0.0191084	
-0.708834	-1.12224	0.0892045	-0.787618	
0.157436	-1.59382	-0.0057207	-0.66353	
0.829271	0.789264	-0.803958	0.0546529	
0.320338	0.636268	0.0746724	0.644317	
0.369455	-1.39621	0.283345	-0.793966	
-1.21041	-0.0626529	-0.168701	-0.844491	
-0.384784	-0.882317	-0.0395361	-0.132199	
0.582657	0.937149	0.691952	0.508322	
-2.00509	-2.26032	-1.42338	0.219768	
-0.630584	-0.649246	-0.254599	0.120668	
0.0295047	-1.15421	-0.396655	-0.466371	
0.906078	1.20386	-0.10543	-1.05204	
-0.183307	0.151686	-0.251709	0.846442	
-0.14218	0.0551647	0.397476	0.511505	
1.4725	-1.48945	-1.17204	0.215487	
0.445698	0.158281	0.328121	0.656882	
0.530305	0.973632	-0.190537	0.793461	
-0.466664	-1.55202	1.5135	-0.626448	
-0.538702	0.592596	-0.172495	0.140128	
-0.826545	1.16422	0.058967	0.602304	
-0.097028	0.258178	0.201696	0.140292	
0.0164503	-0.572022	0.353116	0.426154	
-0.181564	-1.12962	-0.01729	-0.0415278	
0.0284758	-1.2681	0.466497	0.387578	
0.32941	1.06165	0.867701	1.17012	
-0.271055	-1.60322	-0.512503	-0.508322	
0.279869	-1.00754	-1.09291	1.04889	
-1.63027	-1.83935	0.65202	-1.3351	
0.572301	0.493329	0.20823	-0.183588	
1.32098	1.75475	0.253942	0.172047	
0.017017	-0.0746191	0.843456	-0.229467	
-0.843843	-0.569881	-0.247172	0.958168	
-0.866557	-1.91991	0.823872	0.168643	
0.982344	-0.0472865	-0.00422724	-0.641739	
-0.179195	1.04431	-0.725927	0.452712	
1.13565	-0.703037	0.950175	-0.400838	
0.560447	0.521545	0.597184	-0.737687	
-3.0185	1.18216	-0.483651	-0.998326	
-1.728	-0.961786	0.454374	0.215903	
-0.164514	-1.21132	0.664211	-0.272476	
0.41487	1.68326	0.093686	-0.412901	
-0.204719	0.0152098	0.0721304	-0.693265	
-0.0477095	0.354597	0.387288	0.534584	
-0.775098	-0.887714	0.166971	0.57714	
-0.812968	-0.152764	-0.391127	0.403971	
0.328096	0.419322	-0.163879	0.395709	
-1.18618	0.143006	0.363898	0.376089	
-0.726301	-0.0890331	-0.0316474	0.106775	
-0.348261	0.591463	0.145625	0.00452152	
-0.362284	0.847328	-0.174628	-0.374619	
-0.173845	1.0282	-0.787155	-0.585393	
1.15498	-1.53188	-1.26539	0.154891	
-0.78206	0.409602	-0.266458	0.644605	
-0.528745	0.577557	0.709311	-0.680018	
0.216787	0.698415	0.31109	0.579996	
0.515723	0.873151	0.261512	0.834031	
0.125485	-0.795516	0.605046	-0.0643346	
-0.82423	-0.795516	0.477257	0.23738	
0.664788	0.772876	-0.236814	-0.23851	
0.780026	0.681563	0.611967	0.0446151	
-0.131564	0.271929	0.195033	0.0938216	
-1.13788	1.52647	0.64602	0.722599	
-0.457527	-0.256682	-0.106025	0.146948	
0.1619	-0.66961	-0.521937	0.919933	
-0.939756	-1.72876	-0.03066	0.0219305	
0.219224	0.325751	0.156359	0.147868	
-0.0623031	-0.919281	-0.913448	-0.512407	
-1.17286	-1.40038	-0.296705	0.411458	
-1.72397	0.286529	-1.03615	0.23106	
0.159619	0.0890331	-0.495817	-0.768955	
0.82283	0.939429	0.643857	0.179128	
-1.12944	-0.64824	0.277865	-0.122378	
0.0668751	-0.389278	0.20966	-0.670149	
0.372567	0.433272	0.212497	-0.7921	
0.081121	1.46806	-0.989024	-0.797932	
-0.7255	-2.54506	-0.701166	-0.635769	
-0.533806	0.428587	0.152539	0.52948	
0.722036	0.902531	-0.63986	0.280152	
0.226831	1.59858	-0.570923	0.355851	
0.436174	-0.828908	-0.429617	-0.520205	
0.952332	0.527588	-0.184884	0.0436873	
-1.19193	-0.472785	1.04244	0.434794	
0.0416974	0.851953	0.630288	-0.484	
-2.14378	-0.623785	-0.553905	0.0644317	
0.228616	0.689748	-0.080071	-0.0134317	
0.0599608	1.49656	0.439878	-0.628675	
-0.539193	1.40363	-0.0736457	0.1898	
0.707019	0.684028	0.399211	-0.643346	
0.689388	-0.812088	-0.91596	-0.573435	
0.466812	-1.48078	1.02096	1.14916	
-0.542978	0.399308	0.0793526	0.692544	
1.03383	0.526153	-0.333125	-0.240116	
0.0958885	-0.422932	0.264088	0.422973	
-2.28815	-1.29372	-0.30433	0.769396	
-0.623683	-0.793522	0.0515393	0.0998072	
-0.546559	0.896567	-0.0573364	0.433621	
-0.0709497	-1.34269	-0.0747738	-1.17231	
-0.0735079	-1.68369	-1.87831	-0.292405	
-0.392259	0.35943	-1.01353	-0.536401	
0.678417	0.460027	-0.537294	1.12695	
-0.252662	-1.47396	0.247754	0.416704	
0.780481	0.995844	0.745433	0.356172	
-1.01565	1.82894	0.199271	0.227063	
0.692051	-0.830865	0.209852	0.226571	
1.48035	0.870546	-0.684476	0.0823674	
-0.310206	0.0119387	0.0325576	0.666925	
0.79755	0.296069	0.0446208	0.999079	
-1.01628	1.4635	0.626176	-0.118869	
0.57464	1.63157	-0.285307	0.339456	
0.387055	-1.19665	-0.32089	-0.321234	
0.0108683	-0.731435	-1.50537	-0.894592	
0.776259	-0.381645	-0.0417648	-0.127284	
0.710757	-0.588454	-0.00685345	0.116429	
0.380611	-1.81012	-0.859235	1.16938	
0.140867	0.0415052	0.481236	-0.4493	
0.668012	0.96382	-1.20006	0.228354	
0.215072	0.515045	0.0546436	-0.690447	
-0.186797	-1.87297	0.305361	0.241212	
-0.149773	0.260368	0.900216	-0.63503	
-0.45327	0.97236	0.167431	-0.029601	
-1.80888	-1.17337	-0.138299	0.456648	
0.315585	-0.207526	-0.0504539	0.727791	
0.283119	0.897786	-0.630771	0.884197	
0.593283	0.620233	0.489033	-0.0173448	
-0.933812	-0.235893	0.622893	0.391025	
0.394891	1.07624	-0.149714	-0.619403	
0.926797	1.19582	0.18501	0.265698	
0.285121	-0.793312	-0.87831	-0.220424	
-0.997028	0.0641116	-0.541897	-0.431328	
0.234805	1.22787	-0.126959	0.352743	
0.942343	-0.102363	-0.89205	-0.126461	
-0.2551	-0.286503	0.346254	0.668902	
-1.35272	1.14596	0.0921162	0.0367418	
-0.484342	-0.340306	0.433227	-0.292239	
-1.0284	-0.714551	0.273604	0.481851	
-1.42982	-0.394309	0.442504	-0.755881	
-0.0548352	-1.79373	-0.241817	0.551127	
0.232514	-1.00798	0.412954	-0.66626	
-0.654242	-1.44701	0.253858	-0.859057	
0.112674	-1.00285	0.286723	0.432042	
0.27281	0.336032	0.072493	-0.0597672	
0.739423	-1.68933	0.286367	0.406937	
1.22912	-0.708654	0.146639	0.715957	
0.557573	-0.967036	-0.311162	0.218836	
0.449582	0.615194	0.214733	-0.131583	
-0.0709934	-0.553238	0.880022	0.048305	
-0.506646	-0.0641116	-0.432922	0.461445	
-0.550722	0.675061	0.19713	0.392672	
0.353467	-1.53167	-0.0482658	-0.0550338	
-1.36293	-1.71902	0.446492	-0.431011	
1.7425	0.131326	0.675751	0.778323	
-0.13023	1.00596	-0.371004	-0.241771	
0.109213	-1.79925	-0.315371	-0.635865	
1.25381	-0.708968	0.493469	-0.762543	
0.970432	-2.17902	-0.249598	-0.273046	
0.945112	1.29054	-0.52808	0.355963	
-0.302086	0.23767	0.0501518	-0.094479	
0.960528	-1.11149	0.529723	0.186552	
-0.243941	-1.39664	-0.962551	-1.31253	
0.62342	-0.110335	0.316983	-0.177555	
0.677931	0.334284	-0.730533	0.387578	
1.78845	0.887935	0.367195	-0.768954	
-0.310991	0.908683	0.206142	0.325399	
-0.237024	-1.8438	0.55232	0.300665	
0.574677	1.22635	0.235109	-0.248007	
-0.125426	1.34093	0.0865735	-0.784524	
0.427448	0.360144	0.0341209	1.17935	
-0.111947	-0.399688	-0.43619	-0.337414	
0.731976	1.23346	-0.37684	-0.210192	
0.183633	0.686962	0.25438	0.392186	
0.475515	-0.0706107	0.606791	-0.433246	
-1.70641	-0.0464702	0.230399	0.814026	
-0.636768	0.0890331	0.599525	-0.128159	
0.178369	-1.57102	-0.150927	-0.287751	
0.467225	-0.298695	0.652447	-0.170438	
0.97933	-2.17902	-0.297615	-0.0226076	
-1.04773	-0.260008	0.703753	0.924761	
-0.101411	1.00958	0.370111	-0.830735	
-1.78209	0.025443	0.182757	0.688891	
-0.858463	0.565387	-1.05234	0.353987	
1.39334	0.458291	-0.298874	0.133715	
0.872986	-1.9338	0.880296	-0.103508	
-0.420313	-1.68933	1.22656	-0.216514	
-1.01826	-0.491076	-0.472207	0.424005	
-1.27367	1.75323	0.689318	-0.164166	
0.771145	0.776718	0.195155	1.15434	
1.61052	-0.735568	-0.504539	-0.619477	
1.07057	0.253517	-0.059148	0.431716	
0.507527	1.54077	-0.495914	0.880736	
-0.0175754	0.772305	0.393092	0.327032	
0.0868859	0.296069	0.139539	0.817506	
-0.27479	-1.45268	0.495947	-0.733202	
0.659382	-2.31704	-1.28673	0.610548	
-1.46268	0.580236	-0.649584	0.358299	
0.362184	-1.12224	-0.119803	-0.0100772	
0.980208	0.44964	-0.168351	0.314655	
0.68388	-0.276851	-1.30748	0.615996	
0.926294	-1.62991	-0.253591	0.0845741	
-0.840748	-0.04002	-1.33389	-0.329132	
0.073737	-0.391124	-0.615049	-0.11227	
1.13809	1.06837	0.167254	0.619817	
1.02342	0.453787	1.01898	-0.253958	
-0.828674	1.01784	-1.2086	-0.0121679	
1.19822	1.33668	0.0592981	0.676983	
1.28768	-0.951569	0.299323	-0.0497948	
-0.0642037	-2.24014	-0.175741	0.349616	
-0.743756	1.21959	-1.05648	-1.06852	
-0.118428	0.94098	0.489981	0.141284	
-1.21148	-1.89731	0.434378	0.435197	
0.382418	-0.495856	-0.0466961	1.19632	
0.292946	-0.321419	-0.251324	-0.296246	
-0.397066	-0.751088	0.173543	-0.614678	
0.247911	-1.12224	-0.882521	-0.177318	
0.588267	-2.09431	0.0232685	-0.253379	
0.530458	-1.0567	-0.286912	0.799158	
-2.02632	1.33783	0.642326	-0.261118	
0.291135	0.503077	-0.240187	0.128253	
-0.599479	-1.73174	0.193153	0.00546889	
0.853709	0.459531	-0.499511	0.356527	
0.663522	-1.19661	0.70827	-0.127829	
0.187453	-1.27511	0.352908	0.0585098	
0.397638	0.70657	-0.319562	0.286414	
0.430884	-0.519845	0.460784	-0.830383	
-0.623358	-1.31436	0.0637944	0.825827	
1.11057	-2.25031	0.631771	-0.137019	
0.650912	1.43275	-0.0781476	0.676908	
0.109682	0.881598	-0.60026	-0.91331	
0.415503	0.615194	-0.192503	-0.844943	
-0.818556	1.10026	0.200663	-0.273138	
0.162944	0.212834	0.693117	-0.249573	
-0.627301	0.0551647	-0.116686	0.203742	
0.298817	0.283189	-0.0514293	-0.243994	
0.639886	-0.429849	0.243918	-1.04323	
0.593339	-1.98859	0.246443	-0.264008	
0.555664	1.03741	-0.829754	0.654899	
0.606687	0.687436	0.641704	0.546911	
0.33784	0.379133	-0.763017	0.725342	
-0.299955	0.655667	0.222219	-0.0449368	
0.0165797	-1.15413	-0.136538	0.382264	
0.616575	0.695923	0.280453	0.151814	
-0.132197	-1.55313	0.28897	-0.325698	
-0.365799	-0.531115	-0.0941727	0.156704	
0.406398	-1.29372	-0.555489	0.220422	
-0.611437	0.709446	-0.0314515	-0.820564	
0.811872	1.06837	0.0216739	-0.288434	
1.04248	-1.20435	-0.301114	-0.233478	
-0.247631	-1.39734	-0.344339	0.0264907	
1.74892	1.79745	0.748038	0.405427	
-0.445776	-1.2347	0.373185	0.679682	
-1.09539	1.03691	0.458475	0.686166	
0.115508	-0.55515	-0.842183	0.456886	
0.777841	1.12192	-0.102356	-0.0655531	
-0.0745937	-2.4683	-0.585038	-0.0536401	
0.103417	0.915847	0.775298	0.483296	
-0.320548	-0.55515	-0.205228	1.07207	
-0.5669	-0.535914	0.969891	0.433246	
-0.245484	-1.47396	-0.761108	0.332808	
0.619512	-0.109982	-0.60498	-0.00856241	
0.112117	0.318258	0.153404	0.00570827	
-1.03496	0.379113	0.502489	0.504759	
0.227074	0.502465	0.24758	0.421388	
1.1861	-1.41758	-0.602768	-0.587029	
-0.23672	0.271788	0.754882	-1.17735	
0.0114448	-0.766758	0.215666	0.311582	
-0.238858	0.673172	-0.543182	-0.691867	
-0.276335	0.127048	0.379454	0.839474	
1.46149	-0.00539644	-0.393319	-1.54423	
0.115833	-2.09431	0.568583	0.191349	
0.0997784	0.895069	0.208013	-0.211266	
-0.238836	0.356133	0.302667	-0.0780518	
-0.584966	-0.13613	0.356272	0.272148	
0.256674	1.48164	0.400341	-0.228408	
0.109459	-0.764437	-0.44954	0.124866	
0.941058	0.661944	0.5606	-0.0771739	
-0.307311	0.503772	-0.585445	-0.257684	
-0.416356	-0.281649	-0.593202	-0.539242	
0.117058	-1.19665	-0.260406	-0.49358	
0.261443	-0.380684	-0.294303	-0.00378439	
0.0890313	-0.970129	-0.418502	0.165671	
0.735597	-0.0464702	0.10769	0.402433	
-0.629282	0.900683	0.245802	-0.466676	
-2.54759	-1.61123	0.102641	0.676065	
0.363949	1.03612	0.565741	-0.123223	
0.360394	0.251491	0.0748602	-0.373393	
0.731844	1.00352	-0.566408	0.879958	
-0.250119	0.192565	-0.292041	-0.579052	
1.01284	0.165494	1.25577	0.291398	
0.0415769	0.798001	0.091561	0.00365509	
-0.955284	-0.413085	0.155226	-0.59782	
-0.548013	0.478141	0.0587947	-1.88812	
0.955364	-0.195198	0.315563	0.540813	
0.28984	-0.945569	0.264023	0.160691	
1.19106	-1.8448	-0.823791	-0.459005	
0.839617	0.617703	-0.699124	-0.565119	
-1.8968	-0.00877395	-0.291157	0.0573756	
-0.196647	-0.080418	-0.0250149	-0.605294	
0.530591	-0.069248	-0.155809	0.0803454	
0.461026	0.638721	-0.477351	0.113479	
0.0534479	-1.41758	0.214585	0.0770882	
-1.36889	1.22187	0.0337809	-1.18361	
0.0558764	-2.12879	-0.10235	0.321297	
-1.15229	0.123499	0.257388	-0.593982	
-0.0850842	-1.8664	-0.761479	-0.514578	
0.533177	-0.755501	-0.0915983	-0.0766392	
-1.17331	1.11466	0.904914	-0.450953	
-0.332986	0.244017	0.519573	0.673012	
-0.956818	-1.8179	-0.183631	-0.440849	
0.0498159	-1.2347	0.450736	-0.203392	
0.928908	-2.44805	0.350927	0.635978	
-1.00617	0.0610187	-0.525699	0.394514	
0.605553	-0.340253	0.236716	0.0347513	
-0.3012	-1.83541	-0.186294	-0.750842	
0.818596	1.84169	0.204385	0.757883	
-0.421711	0.0644706	0.244276	-0.215903	
-0.0319293	-0.808775	0.594059	0.709212	
-1.08286	-0.731749	-0.263793	-0.562937	
0.560088	-0.481438	-0.337939	1.0508	
-2.14129	0.579028	0.4397	1.03792	
0.145545	0.231178	0.456499	-0.0230757	
-1.2451	-0.114883	-1.18964	0.108486	
-1.30554	-1.66518	1.10145	-0.104292	
0.14933	0.693827	-1.26403	0.864428	
-1.18477	1.47668	-0.299839	0.287374	
-0.412898	-0.613339	0.253108	-0.509559	
0.759604	0.34259	0.0960049	-0.109218	
-0.179398	1.21587	-0.145603	-0.76633	
-1.0109	1.01688	-0.261003	-0.086135	
-0.0289427	0.625987	-0.493596	-0.41473	
0.985305	1.32827	-0.0215619	0.29266	
0.842041	0.607099	-1.01423	-0.00149242	
0.123674	-0.0216636	0.369805	0.49062	
-0.288127	-1.80673	-0.0981366	1.16607	
-0.415533	1.20835	0.0815251	0.139341	
-0.239908	0.855636	0.901212	0.0878199	
-1.06353	0.652306	0.27571	0.256597	
0.428969	-0.202072	-0.383235	-0.143558	
-0.286106	0.98855	-0.384807	-0.715345	
-0.51519	1.68115	-1.32904	-0.401996	
0.102702	0.685346	0.801997	-0.620597	
-2.44168	-1.13865	-0.251274	0.826419	
1.067	0.984944	-0.132593	0.336936	
-0.0791292	1.21573	-0.985198	-0.501159	
0.188527	0.062059	0.0560783	0.362657	
-0.754109	-1.44178	-0.386331	0.423839	
-0.337425	-0.0576506	0.401706	-0.829434	
0.311015	-0.263093	-0.0527639	0.323177	
-0.588363	-0.547551	-1.87086	-0.213048	
0.576093	-1.2347	-0.553247	0.552521	
-3.15457	-1.8664	0.301817	-1.14667	
-0.077741	0.75582	-0.608325	0.542885	
-1.33547	0.559196	0.494929	0.0782107	
-2.15193	1.37063	-1.44352	0.619719	
1.34656	1.44458	0.199564	0.470784	
-0.163981	-0.388008	-0.786797	-0.645869	
-0.020771	0.0137036	0.205227	0.0173448	
0.640616	1.44567	-0.339763	0.223469	
-0.613834	0.511985	0.151238	0.536589	
-0.0102011	-1.75384	-0.141655	-0.217478	
0.100283	-0.304899	0.729276	1.03783	
0.729736	-0.202622	0.333844	0.499951	
-2.45663	-0.413085	-0.31719	-0.964848	
-0.805292	-0.755133	-0.458172	0.278949	
0.451487	-1.99212	-0.445383	-1.33036	
0.380202	0.537825	0.0515736	-0.163799	
-0.0471075	0.213705	0.351552	0.781693	
0.753064	-1.89196	-0.105878	-0.343061	
0.157091	-1.78604	-1.21973	0.0918546	
-0.0183785	-0.55515	-0.649066	-0.393318	
0.389553	-2.17902	0.936117	0.206925	
-0.160988	1.00721	0.380011	1.1999	
0.270592	0.56028	-0.362783	-0.0616738	
-0.211982	-0.953144	1.06583	-0.0761081	
0.875801	-1.66038	-0.438386	0.598718	
-1.29116	0.393978	0.351517	0.449248	
0.27294	-2.53275	0.195085	0.318563	
-1.35229	0.878311	-0.352271	-0.761132	
-0.0550912	-0.398541	-0.383952	0.374773	
0.335046	0.664624	0.400767	-0.530682	
0.264892	0.346102	-0.147555	-0.179204	
1.16957	0.973632	-0.194039	-0.407542	
0.27207	0.437074	0.135608	0.209321	
0.163305	0.700392	-0.313431	0.607826	
-1.51368	1.11627	1.00363	0.232817	
0.480782	1.58833	-0.599777	-0.519098	
-0.802486	-1.55734	-0.0958323	0.793192	
-0.035618	-1.59382	-0.525856	0.039936	
-1.43842	-0.138351	-0.716325	-0.551387	
-0.31888	-0.496472	0.288987	0.422763	
-0.736727	-1.77338	0.688807	0.0825178	
-1.6976	0.0154901	-0.176646	0.227012	
0.364761	-0.755133	-0.520493	0.359461	
0.700989	0.43241	0.223806	0.543713	
0.0715835	1.64977	-0.291135	-0.211923	
0.550661	-0.783099	-0.252125	0.793886	
0.35125	0.262652	0.187161	0.678803	
0.55551	-0.22145	0.576275	0.514162	
-0.859423	-1.66518	-0.293204	0.161439	
-1.4655	0.580119	0.155545	0.976741	
-0.128096	-0.317733	0.652463	-0.577219	
0.442132	1.28428	0.664999	0.33421	
0.152166	-2.37301	0.203114	0.79073	
-0.0264269	0.16729	-0.620263	0.536401	
-0.545502	0.657181	0.531756	-1.42041	
0.895704	-2.2227	0.250995	-0.579886	
0.302837	0.890615	-0.026282	-0.155211	
1.06322	0.889336	0.812362	-0.814244	
-0.600245	0.116175	-0.0967154	-0.190044	
0.260648	1.23171	0.743748	0.158405	
0.940464	0.270163	-0.367318	-0.786314	
-0.708998	0.198702	-0.876501	-0.447296	
0.538865	0.796967	0.874425	0.986873	
-0.757852	-0.28056	0.0491727	0.143807	
0.388604	0.282418	0.372268	0.411459	
-0.520749	-0.8027	0.0570734	-1.98143	
1.38321	0.377751	-1.25871	1.09514	
0.132473	-1.18187	-1.54681	-0.342505	
0.61386	0.12392	-1.08169	0.223238	
-0.908161	0.987941	-1.12695	0.387578	
0.593476	-1.44477	0.0626906	-0.0568866	
-0.645802	-0.183892	0.370338	-0.315452	
0.76935	-1.34668	0.728347	-0.489465	
0.86883	0.758266	-0.832225	-0.753208	
-0.0606129	0.262652	-1.31639	-0.30489	
1.00364	0.661519	0.471649	-0.375292	
0.770784	1.03395	0.528582	0.953976	
-0.0190882	1.58662	-1.2635	-0.108457	
0.632792	1.53798	0.565648	0.200982	
1.23565	0.279727	0.472711	0.943672	
-0.781591	-1.96047	-0.329384	0.525417	
0.191484	0.438096	-0.0778321	-0.0158253	
0.327434	0.474886	0.333205	0.00856241	
-1.77382	-0.807478	-0.0546152	-0.0337928	
0.184352	-0.247314	-0.362503	0.0311459	
-1.34245	0.916712	0.690415	0.363325	
-0.0894889	-0.929619	0.843465	-0.490661	
-0.240832	0.442299	-0.690671	-0.402002	
-0.199712	-0.309873	-0.246045	-1.01186	
0.0297772	-1.56219	0.505314	1.32795	
0.395007	0.793925	1.13565	-0.442612	
0.367003	-1.71902	0.0267546	-0.412168	
1.29321	0.843837	-0.128213	-0.804602	
0.0710749	-0.491809	1.03907	0.862252	
0.654506	-0.506968	0.162949	0.669837	
0.507664	1.31426	0.109545	0.0917743	
0.611702	-0.173309	-0.0308616	-0.513326	
0.642529	-0.143604	0.0524628	-0.78346	
0.272928	-0.671001	-0.168339	-0.0147868	
-1.16085	1.32375	0.11632	-0.192517	
-1.48914	-0.880987	-0.163819	0.266169	
0.582254	-1.57999	0.648516	-0.0755237	
0.135932	0.70441	-0.169928	0.57775	
-0.68388	0.514897	0.225354	0.154348	
0.187591	0.693827	0.390087	-0.0766392	
0.393288	-0.379052	0.416569	0.916739	
0.673274	-1.69925	0.621558	-0.0597879	
0.968155	-0.751088	0.0635102	0.128231	
-0.201401	0.243114	0.584149	0.686166	
0.245046	-0.501922	-0.234617	-0.992689	
0.371222	1.6594	0.832237	0.363983	
0.454474	-0.286332	0.106757	-0.782107	
0.631918	-0.819632	0.741729	0.516584	
0.74631	-0.127303	0.807928	0.889954	
0.601908	-0.630487	0.0486914	-0.372159	
0.149767	-2.31079	0.0573187	0.154439	
0.293962	-1.02673	0.0366688	0.237738	
-0.168779	-0.137036	-0.149985	-0.330071	
-0.204086	-1.08632	-0.380271	-0.23851	
0.362639	-0.223825	0.0704349	0.999257	
-0.595922	-0.555675	0.0398243	-0.548006	
0.187577	-0.0691753	0.0939558	-0.837858	
-0.270149	-1.83342	0.231006	0.185007	
0.412158	-0.979376	0.295929	-0.284961	
-0.330129	0.296804	0.750298	0.59268	
-0.611872	0.600851	0.903003	-0.296081	
-2.55155	0.0560579	-0.42235	1.15528	
0.286122	-0.981078	0.651152	0.456662	
-0.133439	-0.666219	0.289143	-0.974413	
0.0229128	-2.11949	-0.233914	0.221196	
-1.44012	0.432874	-0.588084	-0.482424	
1.06356	-0.282694	0.372455	-0.631132	
0.687667	0.828353	-1.07992	-0.697361	
0.264348	-0.905971	-0.305918	0.0253711	
-1.33394	1.17547	-0.455582	0.743791	
-0.0124923	-0.712587	-0.105126	-0.234899	
-0.119072	0.376552	-1.08148	0.690492	
0.265237	-1.75595	0.357707	-0.354606	
0.003094	0.404145	-0.314469	0.321234	
-1.40061	0.493996	0.266417	-0.761508	
0.582595	-1.21962	-0.426681	-1.05298	
0.914871	1.28848	-0.920251	0.141887	
0.499056	1.33551	-1.00524	0.182892	
-1.1748	0.0331528	0.113721	-0.220123	
0.899847	1.09413	-0.125378	0.604981	
0.682732	1.03291	0.242395	-1.10018	
-0.096221	0.614378	0.716531	0.587798	
1.43365	0.725627	0.749029	-0.722599	
-0.569516	0.902651	-0.177188	0.0761106	
0.892285	0.755093	0.57254	0.725705	
-0.587301	0.934136	0.125428	0.330071	
0.608184	0.989257	-0.896422	-0.643262	
0.434316	0.823226	0.450904	-0.639045	
-1.03502	-0.286503	-0.011913	0.793192	
0.56793	0.0102318	-0.131021	-0.502574	
0.00304926	0.165494	-0.499555	-0.221415	
-2.14634	0.346768	0.768823	-0.229503	
0.484986	-1.0737	0.336905	-0.398117	
0.182994	0.661944	-0.341606	-0.646919	
1.07224	0.134848	-1.13014	0.337286	
0.358903	1.48525	0.441505	-0.135157	
0.163506	-0.431692	-0.157767	0.146015	
0.732506	-0.782248	0.0513502	-0.514592	
-0.987623	-0.543576	-0.835301	0.405101	
-0.552905	1.26454	0.34794	0.791859	
0.0410338	-0.598324	-0.180144	-1.35258	
0.862434	-0.292499	0.33544	-0.935956	
0.504716	-0.767092	0.261786	0.81039	
-0.0262683	-2.32204	-0.732875	-0.626937	
-0.466446	-1.52186	-1.90781	0.352265	
-0.490153	0.248672	-0.122477	0.0619399	
1.444	0.428587	-1.55702	-0.24977	
0.260581	-0.542878	-0.363778	-0.459788	
-0.161903	-0.582075	0.0929999	0.614014	
1.01031	0.117332	0.800403	0.885547	
-0.0365479	0.00469415	0.613251	-0.0226511	
0.20739	0.216415	-0.279377	0.611343	
0.639896	0.551647	0.217285	-0.496237	
0.65736	-1.98747	-0.726343	0.180728	
-0.442617	-1.17392	-0.63795	0.0449885	
-0.754858	-1.06255	-0.540889	-0.818145	
0.9704	0.724364	-0.0653601	-0.907615	
0.323594	0.0830104	0.386817	-0.0180861	
0.75963	0.800262	0.00406209	-0.189622	
-0.889079	-0.987156	0.136361	0.379701	
-2.76428	-0.902589	1.02594	0.0570819	
0.636126	-1.43009	-0.239846	0.371884	
0.365202	-0.798436	-0.133686	-0.352716	
-0.124599	0.253517	0.118412	-0.106794	
0.118921	0.309814	0.440152	0.0208508	
0.395387	0.386824	0.693029	0.586733	
-0.158489	0.394367	-0.345651	-0.538628	
-0.023501	-1.68665	0.952081	0.345933	
-0.721803	0.15427	-0.338741	0.235615	
-0.274435	0.26285	-0.340432	0.0922799	
-0.0661115	-0.87645	0.409615	-0.646309	
0.0435072	-0.671402	0.465547	-0.482424	
0.808486	0.244017	0.581811	-0.130014	
-0.332062	-0.346091	0.314829	0.00346065	
0.776076	0.408893	-0.398581	0.145184	
-0.979918	-1.93501	-0.465079	-0.575364	
-1.22431	-0.413085	0.301041	-0.815292	
0.894604	-0.394309	1.21436	0.745525	
1.21429	0.656207	0.0377459	-0.982825	
-0.0935934	-1.75347	0.714707	-0.32052	
-0.677054	-0.428678	-0.149116	1.03126	
-0.434883	0.46414	0.0148119	-0.594833	
-1.08113	0.38492	-0.580913	-0.159369	
-0.743985	-0.102223	-0.751274	-0.398475	
0.220066	1.06837	-0.677283	-0.236529	
0.610531	-1.32478	0.284486	-0.400049	
-0.0381621	-0.830865	1.17225	0.0368649	
-0.174607	-0.201045	0.736529	-0.731983	
-0.773319	-1.8089	-0.244626	0.453918	
0.479569	0.947783	-0.141364	0.0109378	
0.655641	-1.5271	-0.344398	0.707259	
-0.504174	-0.914686	-0.857871	-0.181901	
-0.344397	-1.02539	-0.229432	-0.33399	
-0.0367605	0.74201	-0.42551	-0.583933	
-1.81199	0.0659505	-0.305448	-0.639676	
0.161594	0.224902	0.573956	-0.312639	
-1.12766	0.322526	0.349907	1.04583	
0.777524	-0.561229	-1.279	0.269003	
-0.612867	-1.59382	-1.35402	-0.659695	
0.00131052	1.04464	-0.587491	0.177598	
0.311488	-0.783923	0.251749	-0.350718	
0.217359	1.22467	0.0435237	0.2795	
-0.5919	-0.715317	-0.596686	-0.0669226	
-1.01593	0.590257	0.240752	-0.728092	
-0.868679	0.236482	-0.303723	0.454052	
0.137844	-1.24336	-0.203194	0.791007	
0.572696	-1.99398	0.672497	-0.44782	
0.344479	1.11031	-0.0847263	0.369282	
-0.127391	1.08372	-0.613493	-0.277589	
-0.794538	0.637637	-0.353102	0.716339	
0.703598	-0.260008	-0.148583	0.727865	
0.0186067	-0.464094	-0.606685	-0.193684	
0.568942	-1.61698	-0.0533931	-0.420616	
0.322062	0.106468	-0.683498	-0.896307	
1.01714	0.161899	-1.14829	0.698576	
-0.165353	-0.131351	-0.428177	0.697128	
0.423199	0.678328	0.0731566	0.0301671	
-0.00200661	-0.0041179	0.24813	0.746515	
0.767653	-2.14019	0.401082	-0.810186	
-0.0584116	0.580375	0.292572	0.0803454	
0.159614	0.596306	0.645811	-0.500377	
-1.4576	1.08457	0.357404	-0.249737	
-0.0731456	0.216415	-0.277505	0.895639	
-0.449976	0.781681	0.183269	-0.161467	
-0.244896	1.3579	-0.807683	-0.898953	
0.392471	1.35275	-1.53604	0.520947	
-0.530367	-0.967036	-0.166396	-0.184641	
0.732186	-1.73458	-0.00414291	0.93979	
-1.68637	0.898443	0.875521	0.0656266	
-0.497536	-2.40603	0.133884	-1.04176	
0.229818	-2.12993	0.451649	0.0415278	
1.15633	0.814808	0.816697	0.230017	
0.0856897	0.583662	-0.191106	-0.636445	
-0.0902666	1.14404	-0.014986	-0.478538	
-0.213612	-0.464094	-0.335184	0.0613639	
-0.644853	-0.0155198	-0.174899	0.274479	
0.35143	0.244615	-0.0363191	-0.157019	
-0.755386	-1.59382	-0.141338	0.24776	
1.23614	-1.29862	0.438141	-0.589653	
0.633382	0.302749	-0.121515	-0.561799	
-1.39006	0.0660576	0.456897	0.253711	
-0.00167238	0.61802	0.773543	-0.107386	
0.383465	-1.52186	-0.321082	-0.608422	
-0.63568	-1.40038	-0.334518	0.913431	
-1.16772	0.487334	0.562657	0.699046	
0.953863	-1.39583	0.563323	-0.354463	
0.287288	0.889434	-0.183449	0.234946	
-1.74204	-0.375503	0.122239	0.448761	
-0.101677	0.874148	0.0786787	-0.612397	
0.397647	0.112549	0.161594	0.361143	
0.145348	-0.215416	0.0734203	1.017	
0.0279644	0.722121	0.0311503	-0.611148	
0.449814	0.36673	-0.221067	0.612535	
-0.495563	1.00083	0.587169	-0.529987	
0.201873	1.14239	0.00649011	0.831509	
-2.10544	1.17823	-0.357658	0.399669	
0.0828708	-0.186177	0.454872	0.778082	
-0.589034	1.35925	-0.922496	-0.23751	
-0.502037	1.28053	0.763629	0.0386407	
0.190737	-0.099827	0.0636637	0.652764	
-1.08989	-0.349537	0.00427847	0.167443	
1.21141	-0.0548144	-0.210694	-0.714696	
0.794735	0.362609	-0.275208	-0.556245	
-0.71028	0.406614	-1.96848	0.189463	
-0.463584	-0.967503	-0.129844	-0.667884	
-2.8807	-1.12116	-1.48973	0.0219305	
-0.0622118	0.232492	0.224987	-0.810382	
-0.520426	-1.23987	-0.176078	0.695066	
0.71785	-0.683027	0.821338	-0.280045	
-0.116678	-0.905971	-0.595636	-0.00177054	
0.686712	0.781681	-1.02805	-0.566647	
0.336708	-1.83953	-0.955516	-0.665936	
-0.744373	0.123499	-0.502177	-0.181684	
-0.630856	0.926721	0.144521	0.334301	
-1.79005	1.11183	0.0129525	0.00782033	
0.487382	-0.0986898	0.156927	-0.101664	
-1.56647	0.0926057	-0.162701	0.00121451	
-0.0149095	1.51933	0.135517	-0.847754	
0.0272029	1.32977	-0.343424	0.347735	
0.311572	0.530947	-0.909951	0.924242	
-2.44593	-0.864692	-0.221365	-0.798506	
-1.00892	-0.0975702	-1.65429	0.872287	
0.0741067	-0.733094	0.160764	-0.180323	
-0.409272	-1.82797	-0.325673	-0.803926	
0.872088	-0.943524	0.594505	-0.501223	
1.19411	-1.16188	-0.0463858	-0.247247	
-2.48859	-1.12775	-0.616681	-0.0770617	
-2.25739	-0.654996	-0.298662	-0.265977	
-0.26012	-1.12224	0.335548	0.22834	
-0.0306481	0.112116	0.304741	0.0482674	
-0.480297	0.865557	-0.798638	0.726399	
0.662233	1.25374	-0.565818	-0.346423	
1.65483	-0.598962	0.285443	-0.396577	
0.632646	-1.38419	-0.0468837	0.581953	
0.60636	0.772587	0.685389	-0.21246	
0.853098	-0.0683027	-0.46619	0.234632	
0.958169	1.19288	-0.463338	-0.0706578	
0.170389	0.28667	-0.0203697	0.672785	
0.02579	-0.0412836	-2.12905	0.505255	
0.682374	-1.29372	-0.145632	0.373026	
0.237801	-0.362572	-0.182174	0.281982	
-0.00135523	0.57701	0.732492	-0.198241	
0.988841	0.54691	1.40094	0.330203	
0.896548	0.234142	-0.250018	0.00126146	
1.0069	1.17731	0.403852	0.989997	
0.470691	0.590535	-0.779253	0.468646	
0.643355	-1.64195	0.744796	0.96156	
0.358496	-0.267132	-0.695072	-0.129909	
-1.0705	-1.70391	-0.82964	0.35221	
0.0710676	-2.05117	0.596749	-0.480945	
-0.636617	-0.0287207	-0.643458	0.169275	
0.994046	1.05382	-0.963866	-0.220123	
-0.120107	-0.818059	-0.338604	0.650694	
1.03492	0.394309	-0.265572	-0.525496	
0.53337	0.131326	-0.530725	-1.16877	
-0.629892	0.0415052	0.513247	0.619477	
-1.37834	0.582075	0.0370905	0.683824	
0.751798	0.545378	0.766912	-0.143312	
-0.0912094	1.17032	-0.939779	0.142858	
0.10077	-0.445491	0.24401	0.782401	
-0.343095	0.237529	0.357764	0.0672296	
0.414812	-1.12224	-0.502651	-0.731126	
-0.0731456	0.326744	-0.340019	0.660229	
-0.329693	0.00379248	0.631399	0.226847	
-0.827175	0.883316	-0.371781	-0.446424	
-0.143683	0.0407089	-0.376475	-0.101489	
-0.278718	1.33072	-0.666847	0.100151	
-1.94891	0.374907	-0.636146	0.411718	
-0.648306	-1.00994	0.521343	-0.106877	
0.0460891	0.414359	-0.924484	0.53515	
-0.692553	-0.0521905	-0.891763	-0.589181	
-0.337291	0.678793	-0.412915	0.834564	
0.106714	1.41464	0.743381	-0.515939	
-1.40052	1.0666	0.482194	0.411823	
1.0157	1.67047	-0.205314	-0.421535	
0.0239566	0.892362	0.89078	0.0286727	
-1.1051	0.240822	0.638984	0.188421	
0.462051	-0.669152	-0.425542	0.415957	
0.723671	-1.29372	-0.309027	-0.107372	
0.0639041	-0.270163	-0.668651	0.833091	
0.252181	0.101311	0.0211228	0.652387	
0.0366427	0.354331	-0.352114	0.733524	
-0.72269	-1.46014	-0.829889	0.592185	
0.274619	1.32926	0.188154	-0.0730075	
0.564403	1.12826	0.238646	-0.0255856	
0.410436	0.376557	0.314685	0.0263878	
-0.170367	-0.840868	0.733388	-0.507681	
-0.283952	-1.78082	0.367128	-1.02522	
0.876993	0.594814	0.399999	0.599967	
0.0197873	1.62566	0.0980743	0.00437021	
-0.318217	0.368924	0.444512	0.196453	
-0.645398	-2.43968	-1.0794	-0.120618	
1.06523	-0.567955	-0.69908	0.323395	
0.0370723	-0.568096	-0.145531	0.728276	
-1.41623	0.319283	0.512658	-0.388851	
0.61914	-0.0683027	0.478359	0.289998	
-0.276612	0.941878	-1.03209	0.0133596	
-0.450481	0.117755	0.716345	0.10728	
0.664468	1.28357	-0.476523	0.241212	
0.167659	-0.38333	0.237157	0.301295	
-0.107486	0.573625	-0.328473	0.291176	
1.25329	-1.21369	0.00700952	0.161056	
0.497247	0.67895	0.151889	-0.00397158	
0.292847	-1.8664	-0.457428	-0.774203	
0.39116	0.0516357	-0.060361	-0.128231	
0.495417	-0.0152658	-1.11551	0.0622754	
-0.641079	0.707183	-0.89103	-0.614739	
0.452946	-0.74201	-0.301328	0.123871	
-1.20248	-0.669152	-0.522399	-0.582351	
-0.622743	-0.0464702	-0.0354527	-0.031029	
0.287565	-0.0214902	0.239951	-0.124119	
-0.135428	-0.798078	-0.0374169	-0.0328133	
-1.02932	-2.03307	0.407475	0.915823	
-0.0370653	0.577005	-0.338048	-0.636405	
0.0417041	-0.379052	-0.0326134	-1.8712	
0.17017	-2.49293	0.223352	-0.535035	
-0.242414	0.656207	0.916681	0.524015	
-0.841901	0.907574	1.134	0.242602	
-0.244943	-1.3036	0.300891	0.83167	
0.691319	-0.154901	0.0759783	0.880697	
0.368228	-1.70391	-0.717319	0.412033	
0.231216	0.0127303	0.37774	-0.547994	
-0.305823	-2.17902	-0.586468	-0.592758	
-0.443625	0.254019	0.469961	-0.523332	
-0.375082	-0.445206	0.373371	0.0046922	
-2.91481	0.718827	0.307469	-1.14819	
0.393773	-0.641636	-0.64408	0.159434	
0.598566	-1.07703	-0.144169	-0.987666	
-0.669302	0.61802	-0.149497	-0.067914	
0.352946	0.230827	-0.0490899	-0.103995	
1.43712	0.643017	0.941928	-0.40146	
-2.68369	0.393978	0.839133	-0.16399	
0.959237	-1.72639	0.0996674	0.834031	
-0.934649	0.375052	-0.0658936	-0.151269	
0.886315	0.823226	1.04758	0.0679545	
-0.0490707	-1.55734	0.34285	0.352743	
-0.600651	0.605242	-1.08342	0.968157	
0.388711	1.47337	0.698856	-0.47975	
-1.25133	-0.682587	0.101688	0.124747	
0.0454521	-0.725059	0.274263	0.257476	
-1.63537	1.02454	-0.348165	1.35682	
-1.7956	0.871316	0.857428	-0.211029	
-0.591248	-1.64591	0.37117	-0.38433	
0.00926632	-0.510896	-0.220925	0.205998	
-0.945693	-0.518013	0.0826497	0.184252	
-0.692327	-2.07294	0.586513	0.214908	
-0.586304	-0.0697053	-0.030582	0.514039	
0.0220921	0.131546	-0.0906706	0.193147	
1.3288	0.468148	0.453388	0.0624332	
-1.46916	-2.04053	0.157474	-0.127284	
-0.20426	-1.9128	-0.662873	0.968001	
-0.050844	-0.428494	0.118901	0.238787	
-2.36834	-1.23383	0.351083	0.994666	
-0.0411138	1.16242	-0.146788	-0.00867242	
1.02542	0.399906	0.523521	0.221555	
0.412996	0.233237	-0.166529	-0.967097	
-1.30146	0.942594	-0.0547389	0.143807	
-0.625837	-0.236432	-0.711566	-0.866489	
-0.480364	-0.0683027	-0.0199813	-0.142939	
0.445334	-0.0968455	0.272318	-0.0265087	
0.286225	-1.44761	0.600775	0.279705	
0.9662	0.8027	-0.250764	-0.698576	
-0.906737	-1.78082	0.355736	0.046666	
0.572935	0.290079	-0.779069	-0.0449368	
0.253831	-0.926126	0.645219	0.104701	
0.146211	-0.0683027	-0.00200776	-0.0920868	
0.478177	0.549535	0.750808	-1.45276	
0.600082	0.288583	0.291841	1.06116	
-0.138166	-0.648797	0.525975	0.395384	
-0.0440565	-1.42702	-0.515851	0.54054	
-0.384718	0.869326	-0.155003	-0.720203	
0.212437	0.610633	0.379079	0.864929	
0.311069	0.840882	-0.130376	0.730661	
-0.054871	0.164876	0.73135	0.909003	
-0.19029	0.685346	0.0754919	-1.51871	
-0.133245	0.945548	-0.0104281	0.15789	
-0.299193	0.755758	-0.441085	0.0575879	
0.447705	-0.740176	-0.41813	0.614541	
0.261072	-0.384243	0.315631	0.623163	
0.0358955	-1.5333	-0.737994	0.581016	
-0.140724	0.698771	0.832107	0.081563	
-0.0623432	0.342674	0.175555	-0.0021851	
-0.130532	0.146476	0.358212	0.828003	
-1.10481	-0.207526	-0.0515529	-0.540953	
0.410124	0.514897	0.58382	0.413339	
-0.0501151	1.22982	-0.0627112	0.577963	
